<?xml version="1.0" encoding="UTF-8"?>
<testsuite xmlns:xsi="http://www.w3.org/2001/XMLSchema-instance" xsi:noNamespaceSchemaLocation="https://maven.apache.org/surefire/maven-surefire-plugin/xsd/surefire-test-report-3.0.xsd" version="3.0" name="com.screens.FmrComprasTest" time="13.433" tests="11" errors="0" skipped="0" failures="0">
  <properties>
    <property name="sun.desktop" value="windows"/>
    <property name="awt.toolkit" value="sun.awt.windows.WToolkit"/>
    <property name="file.encoding.pkg" value="sun.io"/>
    <property name="java.specification.version" value="1.8"/>
    <property name="sun.cpu.isalist" value="amd64"/>
    <property name="sun.jnu.encoding" value="Cp1252"/>
    <property name="java.class.path" value="C:\Users\david\OneDrive\Documentos\NetBeansProjects\SoftwareMicrocosmos-IS-1\target\test-classes;C:\Users\david\OneDrive\Documentos\NetBeansProjects\SoftwareMicrocosmos-IS-1\target\classes;C:\Users\david\.m2\repository\unknown\binary\hibernate-jpamodelgen-4.3.1.Final\SNAPSHOT\hibernate-jpamodelgen-4.3.1.Final-SNAPSHOT.jar;C:\Users\david\.m2\repository\org\hibernate\hibernate-entitymanager\4.3.1.Final\hibernate-entitymanager-4.3.1.Final.jar;C:\Users\david\.m2\repository\org\jboss\logging\jboss-logging\3.1.3.GA\jboss-logging-3.1.3.GA.jar;C:\Users\david\.m2\repository\org\jboss\logging\jboss-logging-annotations\1.2.0.Beta1\jboss-logging-annotations-1.2.0.Beta1.jar;C:\Users\david\.m2\repository\dom4j\dom4j\1.6.1\dom4j-1.6.1.jar;C:\Users\david\.m2\repository\org\hibernate\common\hibernate-commons-annotations\4.0.4.Final\hibernate-commons-annotations-4.0.4.Final.jar;C:\Users\david\.m2\repository\org\hibernate\javax\persistence\hibernate-jpa-2.1-api\1.0.0.Final\hibernate-jpa-2.1-api-1.0.0.Final.jar;C:\Users\david\.m2\repository\org\jboss\spec\javax\transaction\jboss-transaction-api_1.2_spec\1.0.0.Final\jboss-transaction-api_1.2_spec-1.0.0.Final.jar;C:\Users\david\.m2\repository\org\javassist\javassist\3.18.1-GA\javassist-3.18.1-GA.jar;C:\Users\david\.m2\repository\org\hibernate\hibernate-core\4.3.1.Final\hibernate-core-4.3.1.Final.jar;C:\Users\david\.m2\repository\antlr\antlr\2.7.7\antlr-2.7.7.jar;C:\Users\david\.m2\repository\org\jboss\jandex\1.1.0.Final\jandex-1.1.0.Final.jar;C:\Users\david\.m2\repository\mysql\mysql-connector-java\8.0.23\mysql-connector-java-8.0.23.jar;C:\Users\david\.m2\repository\com\google\protobuf\protobuf-java\3.11.4\protobuf-java-3.11.4.jar;C:\Users\david\.m2\repository\unknown\binary\AbsoluteLayout\SNAPSHOT\AbsoluteLayout-SNAPSHOT.jar;C:\Users\david\.m2\repository\net\sf\jasperreports\jasperreports\4.1.3\jasperreports-4.1.3.jar;C:\Users\david\.m2\repository\commons-beanutils\commons-beanutils\1.8.0\commons-beanutils-1.8.0.jar;C:\Users\david\.m2\repository\commons-collections\commons-collections\2.1\commons-collections-2.1.jar;C:\Users\david\.m2\repository\commons-digester\commons-digester\1.7\commons-digester-1.7.jar;C:\Users\david\.m2\repository\commons-logging\commons-logging\1.0.2\commons-logging-1.0.2.jar;C:\Users\david\.m2\repository\com\lowagie\itext\2.1.7\itext-2.1.7.jar;C:\Users\david\.m2\repository\bouncycastle\bcmail-jdk14\138\bcmail-jdk14-138.jar;C:\Users\david\.m2\repository\bouncycastle\bcprov-jdk14\138\bcprov-jdk14-138.jar;C:\Users\david\.m2\repository\org\bouncycastle\bctsp-jdk14\1.38\bctsp-jdk14-1.38.jar;C:\Users\david\.m2\repository\org\bouncycastle\bcprov-jdk14\1.38\bcprov-jdk14-1.38.jar;C:\Users\david\.m2\repository\org\bouncycastle\bcmail-jdk14\1.38\bcmail-jdk14-1.38.jar;C:\Users\david\.m2\repository\jfree\jcommon\1.0.15\jcommon-1.0.15.jar;C:\Users\david\.m2\repository\jfree\jfreechart\1.0.12\jfreechart-1.0.12.jar;C:\Users\david\.m2\repository\xml-apis\xml-apis\1.3.02\xml-apis-1.3.02.jar;C:\Users\david\.m2\repository\eclipse\jdtcore\3.1.0\jdtcore-3.1.0.jar;C:\Users\david\.m2\repository\org\codehaus\castor\castor\1.2\castor-1.2.jar;C:\Users\david\.m2\repository\org\apache\poi\poi-ooxml\3.7\poi-ooxml-3.7.jar;C:\Users\david\.m2\repository\org\apache\poi\poi\3.7\poi-3.7.jar;C:\Users\david\.m2\repository\org\apache\poi\poi-ooxml-schemas\3.7\poi-ooxml-schemas-3.7.jar;C:\Users\david\.m2\repository\org\apache\xmlbeans\xmlbeans\2.3.0\xmlbeans-2.3.0.jar;C:\Users\david\.m2\repository\stax\stax-api\1.0.1\stax-api-1.0.1.jar;C:\Users\david\.m2\repository\org\apache\geronimo\specs\geronimo-stax-api_1.0_spec\1.0\geronimo-stax-api_1.0_spec-1.0.jar;C:\Users\david\.m2\repository\org\codehaus\jackson\jackson-core-lgpl\1.7.4\jackson-core-lgpl-1.7.4.jar;C:\Users\david\.m2\repository\org\codehaus\jackson\jackson-mapper-lgpl\1.7.4\jackson-mapper-lgpl-1.7.4.jar;C:\Users\david\.m2\repository\javax\persistence\javax.persistence-api\2.2\javax.persistence-api-2.2.jar;C:\Users\david\.m2\repository\junit\junit\4.13.2\junit-4.13.2.jar;C:\Users\david\.m2\repository\org\hamcrest\hamcrest-core\1.3\hamcrest-core-1.3.jar;"/>
    <property name="java.vm.vendor" value="Oracle Corporation"/>
    <property name="sun.arch.data.model" value="64"/>
    <property name="user.variant" value=""/>
    <property name="java.vendor.url" value="http://java.oracle.com/"/>
    <property name="user.timezone" value="America/Regina"/>
    <property name="java.vm.specification.version" value="1.8"/>
    <property name="os.name" value="Windows 10"/>
    <property name="sun.java.launcher" value="SUN_STANDARD"/>
    <property name="user.country" value="HN"/>
    <property name="sun.boot.library.path" value="C:\Program Files\Java\jdk1.8.0_281\jre\bin"/>
    <property name="sun.java.command" value="C:\Users\david\AppData\Local\Temp\surefire5317563105007883195\surefirebooter4207778783185335144.jar C:\Users\david\AppData\Local\Temp\surefire5317563105007883195 2021-10-14T16-33-07_559-jvmRun1 surefire6906740807599407445tmp surefire_03612292821746711166tmp"/>
    <property name="test" value="com.screens.FmrComprasTest"/>
    <property name="surefire.test.class.path" value="C:\Users\david\OneDrive\Documentos\NetBeansProjects\SoftwareMicrocosmos-IS-1\target\test-classes;C:\Users\david\OneDrive\Documentos\NetBeansProjects\SoftwareMicrocosmos-IS-1\target\classes;C:\Users\david\.m2\repository\unknown\binary\hibernate-jpamodelgen-4.3.1.Final\SNAPSHOT\hibernate-jpamodelgen-4.3.1.Final-SNAPSHOT.jar;C:\Users\david\.m2\repository\org\hibernate\hibernate-entitymanager\4.3.1.Final\hibernate-entitymanager-4.3.1.Final.jar;C:\Users\david\.m2\repository\org\jboss\logging\jboss-logging\3.1.3.GA\jboss-logging-3.1.3.GA.jar;C:\Users\david\.m2\repository\org\jboss\logging\jboss-logging-annotations\1.2.0.Beta1\jboss-logging-annotations-1.2.0.Beta1.jar;C:\Users\david\.m2\repository\dom4j\dom4j\1.6.1\dom4j-1.6.1.jar;C:\Users\david\.m2\repository\org\hibernate\common\hibernate-commons-annotations\4.0.4.Final\hibernate-commons-annotations-4.0.4.Final.jar;C:\Users\david\.m2\repository\org\hibernate\javax\persistence\hibernate-jpa-2.1-api\1.0.0.Final\hibernate-jpa-2.1-api-1.0.0.Final.jar;C:\Users\david\.m2\repository\org\jboss\spec\javax\transaction\jboss-transaction-api_1.2_spec\1.0.0.Final\jboss-transaction-api_1.2_spec-1.0.0.Final.jar;C:\Users\david\.m2\repository\org\javassist\javassist\3.18.1-GA\javassist-3.18.1-GA.jar;C:\Users\david\.m2\repository\org\hibernate\hibernate-core\4.3.1.Final\hibernate-core-4.3.1.Final.jar;C:\Users\david\.m2\repository\antlr\antlr\2.7.7\antlr-2.7.7.jar;C:\Users\david\.m2\repository\org\jboss\jandex\1.1.0.Final\jandex-1.1.0.Final.jar;C:\Users\david\.m2\repository\mysql\mysql-connector-java\8.0.23\mysql-connector-java-8.0.23.jar;C:\Users\david\.m2\repository\com\google\protobuf\protobuf-java\3.11.4\protobuf-java-3.11.4.jar;C:\Users\david\.m2\repository\unknown\binary\AbsoluteLayout\SNAPSHOT\AbsoluteLayout-SNAPSHOT.jar;C:\Users\david\.m2\repository\net\sf\jasperreports\jasperreports\4.1.3\jasperreports-4.1.3.jar;C:\Users\david\.m2\repository\commons-beanutils\commons-beanutils\1.8.0\commons-beanutils-1.8.0.jar;C:\Users\david\.m2\repository\commons-collections\commons-collections\2.1\commons-collections-2.1.jar;C:\Users\david\.m2\repository\commons-digester\commons-digester\1.7\commons-digester-1.7.jar;C:\Users\david\.m2\repository\commons-logging\commons-logging\1.0.2\commons-logging-1.0.2.jar;C:\Users\david\.m2\repository\com\lowagie\itext\2.1.7\itext-2.1.7.jar;C:\Users\david\.m2\repository\bouncycastle\bcmail-jdk14\138\bcmail-jdk14-138.jar;C:\Users\david\.m2\repository\bouncycastle\bcprov-jdk14\138\bcprov-jdk14-138.jar;C:\Users\david\.m2\repository\org\bouncycastle\bctsp-jdk14\1.38\bctsp-jdk14-1.38.jar;C:\Users\david\.m2\repository\org\bouncycastle\bcprov-jdk14\1.38\bcprov-jdk14-1.38.jar;C:\Users\david\.m2\repository\org\bouncycastle\bcmail-jdk14\1.38\bcmail-jdk14-1.38.jar;C:\Users\david\.m2\repository\jfree\jcommon\1.0.15\jcommon-1.0.15.jar;C:\Users\david\.m2\repository\jfree\jfreechart\1.0.12\jfreechart-1.0.12.jar;C:\Users\david\.m2\repository\xml-apis\xml-apis\1.3.02\xml-apis-1.3.02.jar;C:\Users\david\.m2\repository\eclipse\jdtcore\3.1.0\jdtcore-3.1.0.jar;C:\Users\david\.m2\repository\org\codehaus\castor\castor\1.2\castor-1.2.jar;C:\Users\david\.m2\repository\org\apache\poi\poi-ooxml\3.7\poi-ooxml-3.7.jar;C:\Users\david\.m2\repository\org\apache\poi\poi\3.7\poi-3.7.jar;C:\Users\david\.m2\repository\org\apache\poi\poi-ooxml-schemas\3.7\poi-ooxml-schemas-3.7.jar;C:\Users\david\.m2\repository\org\apache\xmlbeans\xmlbeans\2.3.0\xmlbeans-2.3.0.jar;C:\Users\david\.m2\repository\stax\stax-api\1.0.1\stax-api-1.0.1.jar;C:\Users\david\.m2\repository\org\apache\geronimo\specs\geronimo-stax-api_1.0_spec\1.0\geronimo-stax-api_1.0_spec-1.0.jar;C:\Users\david\.m2\repository\org\codehaus\jackson\jackson-core-lgpl\1.7.4\jackson-core-lgpl-1.7.4.jar;C:\Users\david\.m2\repository\org\codehaus\jackson\jackson-mapper-lgpl\1.7.4\jackson-mapper-lgpl-1.7.4.jar;C:\Users\david\.m2\repository\javax\persistence\javax.persistence-api\2.2\javax.persistence-api-2.2.jar;C:\Users\david\.m2\repository\junit\junit\4.13.2\junit-4.13.2.jar;C:\Users\david\.m2\repository\org\hamcrest\hamcrest-core\1.3\hamcrest-core-1.3.jar;"/>
    <property name="sun.cpu.endian" value="little"/>
    <property name="user.home" value="C:\Users\david"/>
    <property name="user.language" value="es"/>
    <property name="java.specification.vendor" value="Oracle Corporation"/>
    <property name="java.home" value="C:\Program Files\Java\jdk1.8.0_281\jre"/>
    <property name="basedir" value="C:\Users\david\OneDrive\Documentos\NetBeansProjects\SoftwareMicrocosmos-IS-1"/>
    <property name="file.separator" value="\"/>
    <property name="line.separator" value="&#10;"/>
    <property name="java.vm.specification.vendor" value="Oracle Corporation"/>
    <property name="java.specification.name" value="Java Platform API Specification"/>
    <property name="java.awt.graphicsenv" value="sun.awt.Win32GraphicsEnvironment"/>
    <property name="surefire.real.class.path" value="C:\Users\david\AppData\Local\Temp\surefire5317563105007883195\surefirebooter4207778783185335144.jar"/>
    <property name="sun.boot.class.path" value="C:\Program Files\Java\jdk1.8.0_281\jre\lib\resources.jar;C:\Program Files\Java\jdk1.8.0_281\jre\lib\rt.jar;C:\Program Files\Java\jdk1.8.0_281\jre\lib\sunrsasign.jar;C:\Program Files\Java\jdk1.8.0_281\jre\lib\jsse.jar;C:\Program Files\Java\jdk1.8.0_281\jre\lib\jce.jar;C:\Program Files\Java\jdk1.8.0_281\jre\lib\charsets.jar;C:\Program Files\Java\jdk1.8.0_281\jre\lib\jfr.jar;C:\Program Files\Java\jdk1.8.0_281\jre\classes"/>
    <property name="user.script" value=""/>
    <property name="sun.management.compiler" value="HotSpot 64-Bit Tiered Compilers"/>
    <property name="java.runtime.version" value="1.8.0_281-b09"/>
    <property name="user.name" value="david"/>
    <property name="path.separator" value=";"/>
    <property name="os.version" value="10.0"/>
    <property name="java.endorsed.dirs" value="C:\Program Files\Java\jdk1.8.0_281\jre\lib\endorsed"/>
    <property name="java.runtime.name" value="Java(TM) SE Runtime Environment"/>
    <property name="file.encoding" value="UTF-8"/>
    <property name="java.vm.name" value="Java HotSpot(TM) 64-Bit Server VM"/>
    <property name="maven.ext.class.path" value="C:\Program Files\NetBeans 8.2\java\maven-nblib\netbeans-eventspy.jar"/>
    <property name="localRepository" value="C:\Users\david\.m2\repository"/>
    <property name="java.vendor.url.bug" value="http://bugreport.sun.com/bugreport/"/>
    <property name="java.io.tmpdir" value="C:\Users\david\AppData\Local\Temp\"/>
    <property name="java.version" value="1.8.0_281"/>
    <property name="user.dir" value="C:\Users\david\OneDrive\Documentos\NetBeansProjects\SoftwareMicrocosmos-IS-1"/>
    <property name="os.arch" value="amd64"/>
    <property name="java.vm.specification.name" value="Java Virtual Machine Specification"/>
    <property name="java.awt.printerjob" value="sun.awt.windows.WPrinterJob"/>
    <property name="sun.os.patch.level" value=""/>
    <property name="java.library.path" value="C:\Program Files\Java\jdk1.8.0_281\jre\bin;C:\Windows\Sun\Java\bin;C:\Windows\system32;C:\Windows;C:\Program Files (x86)\Common Files\Oracle\Java\javapath;C:\Program Files (x86)\NVIDIA Corporation\PhysX\Common;C:\Windows\system32;C:\Windows;C:\Windows\System32\Wbem;C:\Windows\System32\WindowsPowerShell\v1.0\;C:\Windows\System32\OpenSSH\;C:\Program Files\Git\cmd;C:\Users\david\AppData\Local\Microsoft\WindowsApps;;C:\Users\david\AppData\Local\Programs\Microsoft VS Code\bin;."/>
    <property name="java.vm.info" value="mixed mode"/>
    <property name="java.vendor" value="Oracle Corporation"/>
    <property name="java.vm.version" value="25.281-b09"/>
    <property name="java.ext.dirs" value="C:\Program Files\Java\jdk1.8.0_281\jre\lib\ext;C:\Windows\Sun\Java\lib\ext"/>
    <property name="sun.io.unicode.encoding" value="UnicodeLittle"/>
    <property name="java.class.version" value="52.0"/>
  </properties>
  <testcase name="testBuscarArticulo" classname="com.screens.FmrComprasTest" time="6.306">
    <system-out><![CDATA[buscarArticulo
Hibernate: select articulo0_.idArticulo as idArticu1_2_, articulo0_.activoArticulo as activoAr2_2_, articulo0_.descripcionArticulo as descripc3_2_, articulo0_.idSeccionTienda as idSeccio4_2_, articulo0_.idTalla as idTalla5_2_, articulo0_.nombreArticulo as nombreAr6_2_, articulo0_.precioArticulo as precioAr7_2_, articulo0_.stock as stock8_2_, articulo0_.stockMaximo as stockMax9_2_, articulo0_.stockMinimo as stockMi10_2_ from articulo articulo0_
Hibernate: select talla0_.nombreTalla as col_0_0_ from talla talla0_ where talla0_.idTalla='2'
Hibernate: select talla0_.nombreTalla as col_0_0_ from talla talla0_ where talla0_.idTalla='1'
Hibernate: select talla0_.nombreTalla as col_0_0_ from talla talla0_ where talla0_.idTalla='1'
Hibernate: select talla0_.nombreTalla as col_0_0_ from talla talla0_ where talla0_.idTalla='1'
Hibernate: select talla0_.nombreTalla as col_0_0_ from talla talla0_ where talla0_.idTalla='5'
Hibernate: select articulo0_.idArticulo as idArticu1_2_, articulo0_.activoArticulo as activoAr2_2_, articulo0_.descripcionArticulo as descripc3_2_, articulo0_.idSeccionTienda as idSeccio4_2_, articulo0_.idTalla as idTalla5_2_, articulo0_.nombreArticulo as nombreAr6_2_, articulo0_.precioArticulo as precioAr7_2_, articulo0_.stock as stock8_2_, articulo0_.stockMaximo as stockMax9_2_, articulo0_.stockMinimo as stockMi10_2_ from articulo articulo0_ where articulo0_.nombreArticulo like 'Faja%'
]]></system-out>
    <system-err><![CDATA[oct 14, 2021 4:33:08 PM org.hibernate.ejb.HibernatePersistence logDeprecation
WARN: HHH015016: Encountered a deprecated javax.persistence.spi.PersistenceProvider [org.hibernate.ejb.HibernatePersistence]; use [org.hibernate.jpa.HibernatePersistenceProvider] instead.
oct 14, 2021 4:33:08 PM org.hibernate.ejb.HibernatePersistence logDeprecation
WARN: HHH015016: Encountered a deprecated javax.persistence.spi.PersistenceProvider [org.hibernate.ejb.HibernatePersistence]; use [org.hibernate.jpa.HibernatePersistenceProvider] instead.
oct 14, 2021 4:33:08 PM org.hibernate.ejb.HibernatePersistence logDeprecation
WARN: HHH015016: Encountered a deprecated javax.persistence.spi.PersistenceProvider [org.hibernate.ejb.HibernatePersistence]; use [org.hibernate.jpa.HibernatePersistenceProvider] instead.
oct 14, 2021 4:33:08 PM org.hibernate.jpa.internal.util.LogHelper logPersistenceUnitInformation
INFO: HHH000204: Processing PersistenceUnitInfo [
	name: DB
	...]
oct 14, 2021 4:33:08 PM org.hibernate.Version logVersion
INFO: HHH000412: Hibernate Core {4.3.1.Final}
oct 14, 2021 4:33:08 PM org.hibernate.cfg.Environment <clinit>
INFO: HHH000206: hibernate.properties not found
oct 14, 2021 4:33:08 PM org.hibernate.cfg.Environment buildBytecodeProvider
INFO: HHH000021: Bytecode provider name : javassist
oct 14, 2021 4:33:08 PM org.hibernate.annotations.common.reflection.java.JavaReflectionManager <clinit>
INFO: HCANN000001: Hibernate Commons Annotations {4.0.4.Final}
oct 14, 2021 4:33:08 PM org.hibernate.engine.jdbc.connections.internal.DriverManagerConnectionProviderImpl configure
WARN: HHH000402: Using Hibernate built-in connection pool (not for production use!)
Loading class `com.mysql.jdbc.Driver'. This is deprecated. The new driver class is `com.mysql.cj.jdbc.Driver'. The driver is automatically registered via the SPI and manual loading of the driver class is generally unnecessary.
oct 14, 2021 4:33:08 PM org.hibernate.engine.jdbc.connections.internal.DriverManagerConnectionProviderImpl buildCreator
INFO: HHH000401: using driver [com.mysql.jdbc.Driver] at URL [jdbc:mysql://localhost:3306/Microcosmos?zeroDateTimeBehavior=convertToNull]
oct 14, 2021 4:33:08 PM org.hibernate.engine.jdbc.connections.internal.DriverManagerConnectionProviderImpl buildCreator
INFO: HHH000046: Connection properties: {user=root, password=****}
oct 14, 2021 4:33:08 PM org.hibernate.engine.jdbc.connections.internal.DriverManagerConnectionProviderImpl buildCreator
INFO: HHH000006: Autocommit mode: false
oct 14, 2021 4:33:08 PM org.hibernate.engine.jdbc.connections.internal.DriverManagerConnectionProviderImpl configure
INFO: HHH000115: Hibernate connection pool size: 20 (min=1)
oct 14, 2021 4:33:09 PM org.hibernate.dialect.Dialect <init>
INFO: HHH000400: Using dialect: org.hibernate.dialect.MySQLDialect
oct 14, 2021 4:33:09 PM org.hibernate.hql.internal.ast.ASTQueryTranslatorFactory <init>
INFO: HHH000397: Using ASTQueryTranslatorFactory
oct 14, 2021 4:33:09 PM org.hibernate.tool.hbm2ddl.SchemaValidator validate
INFO: HHH000229: Running schema validator
oct 14, 2021 4:33:09 PM org.hibernate.tool.hbm2ddl.SchemaValidator validate
INFO: HHH000102: Fetching database metadata
oct 14, 2021 4:33:09 PM org.hibernate.tool.hbm2ddl.TableMetadata <init>
INFO: HHH000261: Table found: microcosmos.arealaboral
oct 14, 2021 4:33:09 PM org.hibernate.tool.hbm2ddl.TableMetadata <init>
INFO: HHH000037: Columns: [idarealaboral, descripcionarealaboral, nombrearealaboral, activoarealaboral]
oct 14, 2021 4:33:09 PM org.hibernate.tool.hbm2ddl.TableMetadata <init>
INFO: HHH000261: Table found: microcosmos.arealaboralhistorica
oct 14, 2021 4:33:09 PM org.hibernate.tool.hbm2ddl.TableMetadata <init>
INFO: HHH000037: Columns: [idempleados, fechaconclusion, fechacomienzo, idarealaboralhistorica]
oct 14, 2021 4:33:09 PM org.hibernate.tool.hbm2ddl.TableMetadata <init>
INFO: HHH000261: Table found: microcosmos.articulo
oct 14, 2021 4:33:09 PM org.hibernate.tool.hbm2ddl.TableMetadata <init>
INFO: HHH000037: Columns: [idsecciontienda, stockmaximo, activoarticulo, nombrearticulo, stockminimo, precioarticulo, idtalla, stock, descripcionarticulo, idarticulo]
oct 14, 2021 4:33:09 PM org.hibernate.tool.hbm2ddl.TableMetadata <init>
INFO: HHH000261: Table found: microcosmos.clientes
oct 14, 2021 4:33:09 PM org.hibernate.tool.hbm2ddl.TableMetadata <init>
INFO: HHH000037: Columns: [telefonocliente, direccioncliente, idtipodocumento, idsexo, documento, activocliente, idcliente, nombrecliente, apellidocliente, correocliente]
oct 14, 2021 4:33:09 PM org.hibernate.tool.hbm2ddl.TableMetadata <init>
INFO: HHH000261: Table found: microcosmos.compra
oct 14, 2021 4:33:09 PM org.hibernate.tool.hbm2ddl.TableMetadata <init>
INFO: HHH000037: Columns: [idcompra, fechapedido, idproveedor, idempleados, fecharecibido, totalcompra, idestado]
oct 14, 2021 4:33:09 PM org.hibernate.tool.hbm2ddl.TableMetadata <init>
INFO: HHH000261: Table found: microcosmos.detallecompra
oct 14, 2021 4:33:09 PM org.hibernate.tool.hbm2ddl.TableMetadata <init>
INFO: HHH000037: Columns: [idcompra, iddetallecompra, preciocompra, cantidad, idarticulo]
oct 14, 2021 4:33:09 PM org.hibernate.tool.hbm2ddl.TableMetadata <init>
INFO: HHH000261: Table found: microcosmos.detalleventa
oct 14, 2021 4:33:09 PM org.hibernate.tool.hbm2ddl.TableMetadata <init>
INFO: HHH000037: Columns: [idventa, iddetalleventa, cantidad, idarticulo]
oct 14, 2021 4:33:09 PM org.hibernate.tool.hbm2ddl.TableMetadata <init>
INFO: HHH000261: Table found: microcosmos.empleados
oct 14, 2021 4:33:09 PM org.hibernate.tool.hbm2ddl.TableMetadata <init>
INFO: HHH000037: Columns: [idempleados, idarealaboral, idtipodocumento, idsexo, telefonoempleado, documento, nombreempleado, correoempleado, apellidoempleado, fechadenacimiento, activoempleado]
oct 14, 2021 4:33:09 PM org.hibernate.tool.hbm2ddl.TableMetadata <init>
INFO: HHH000261: Table found: microcosmos.entidades
oct 14, 2021 4:33:09 PM org.hibernate.tool.hbm2ddl.TableMetadata <init>
INFO: HHH000037: Columns: [identidad, activoentidad, nombreentidad]
oct 14, 2021 4:33:09 PM org.hibernate.tool.hbm2ddl.TableMetadata <init>
INFO: HHH000261: Table found: microcosmos.estado
oct 14, 2021 4:33:09 PM org.hibernate.tool.hbm2ddl.TableMetadata <init>
INFO: HHH000037: Columns: [nombreestado, activoestado, identidad, descripcionestado, idestado]
oct 14, 2021 4:33:09 PM org.hibernate.tool.hbm2ddl.TableMetadata <init>
INFO: HHH000261: Table found: microcosmos.facturasdevueltas
oct 14, 2021 4:33:09 PM org.hibernate.tool.hbm2ddl.TableMetadata <init>
INFO: HHH000037: Columns: [idventa, descripcion, fechadevolucion, idempleados, idfacturadevuelta]
oct 14, 2021 4:33:09 PM org.hibernate.tool.hbm2ddl.TableMetadata <init>
INFO: HHH000261: Table found: microcosmos.parametros
oct 14, 2021 4:33:09 PM org.hibernate.tool.hbm2ddl.TableMetadata <init>
INFO: HHH000037: Columns: [facturainicial, fechaemision, facturafinal, activoparametros, fechacaducidad, cai, idparametros]
oct 14, 2021 4:33:09 PM org.hibernate.tool.hbm2ddl.TableMetadata <init>
INFO: HHH000261: Table found: microcosmos.pedidosdevueltos
oct 14, 2021 4:33:09 PM org.hibernate.tool.hbm2ddl.TableMetadata <init>
INFO: HHH000037: Columns: [idcompra, descripcion, idempleados, idpedidosdevueltos, fechaanulacion]
oct 14, 2021 4:33:09 PM org.hibernate.tool.hbm2ddl.TableMetadata <init>
INFO: HHH000261: Table found: microcosmos.preciohistorico
oct 14, 2021 4:33:09 PM org.hibernate.tool.hbm2ddl.TableMetadata <init>
INFO: HHH000037: Columns: [precio, idpreciohistorico, fechainicial, fechafinal, idarticulo, activopreciohistorico]
oct 14, 2021 4:33:09 PM org.hibernate.tool.hbm2ddl.TableMetadata <init>
INFO: HHH000261: Table found: microcosmos.proveedores
oct 14, 2021 4:33:09 PM org.hibernate.tool.hbm2ddl.TableMetadata <init>
INFO: HHH000037: Columns: [idproveedor, activoproveedor, idtipodocumento, nombreproveedor, correoproveedor, telefonoproveedor, documento, ubicacionproveedor]
oct 14, 2021 4:33:09 PM org.hibernate.tool.hbm2ddl.TableMetadata <init>
INFO: HHH000261: Table found: microcosmos.secciontienda
oct 14, 2021 4:33:09 PM org.hibernate.tool.hbm2ddl.TableMetadata <init>
INFO: HHH000037: Columns: [idsecciontienda, descripcionsecciontienda, nombresecciontienda, activosecciontienda]
oct 14, 2021 4:33:09 PM org.hibernate.tool.hbm2ddl.TableMetadata <init>
INFO: HHH000261: Table found: microcosmos.sexo
oct 14, 2021 4:33:09 PM org.hibernate.tool.hbm2ddl.TableMetadata <init>
INFO: HHH000037: Columns: [idsexo, nombresexo, descripcionsexo]
oct 14, 2021 4:33:09 PM org.hibernate.tool.hbm2ddl.TableMetadata <init>
INFO: HHH000261: Table found: microcosmos.talla
oct 14, 2021 4:33:09 PM org.hibernate.tool.hbm2ddl.TableMetadata <init>
INFO: HHH000037: Columns: [activotalla, nombretalla, descripciontalla, idtalla]
oct 14, 2021 4:33:09 PM org.hibernate.tool.hbm2ddl.TableMetadata <init>
INFO: HHH000261: Table found: microcosmos.tipodepago
oct 14, 2021 4:33:09 PM org.hibernate.tool.hbm2ddl.TableMetadata <init>
INFO: HHH000037: Columns: [descripciontipodepago, nombretipodepago, idtipodepago, activotipodepago]
oct 14, 2021 4:33:09 PM org.hibernate.tool.hbm2ddl.TableMetadata <init>
INFO: HHH000261: Table found: microcosmos.tipodocumento
oct 14, 2021 4:33:09 PM org.hibernate.tool.hbm2ddl.TableMetadata <init>
INFO: HHH000037: Columns: [nombretipodocumento, descripciontipodocumento, activotipodocumento, idtipodocumento]
oct 14, 2021 4:33:09 PM org.hibernate.tool.hbm2ddl.TableMetadata <init>
INFO: HHH000261: Table found: microcosmos.usuarios
oct 14, 2021 4:33:09 PM org.hibernate.tool.hbm2ddl.TableMetadata <init>
INFO: HHH000037: Columns: [nombreusuario, idempleados, numerodeintentos, activousuario, admin, contrasena, idusuario]
oct 14, 2021 4:33:09 PM org.hibernate.tool.hbm2ddl.TableMetadata <init>
INFO: HHH000261: Table found: microcosmos.venta
oct 14, 2021 4:33:09 PM org.hibernate.tool.hbm2ddl.TableMetadata <init>
INFO: HHH000037: Columns: [numtarjeta, idtipodepago, formato, montoefectivo, idcliente, idestado, idventa, total, idempleados, impuesto, subtotal, montotarjeta, fechaventa, idparametros]
oct 14, 2021 4:33:09 PM org.hibernate.ejb.HibernatePersistence logDeprecation
WARN: HHH015016: Encountered a deprecated javax.persistence.spi.PersistenceProvider [org.hibernate.ejb.HibernatePersistence]; use [org.hibernate.jpa.HibernatePersistenceProvider] instead.
oct 14, 2021 4:33:09 PM org.hibernate.ejb.HibernatePersistence logDeprecation
WARN: HHH015016: Encountered a deprecated javax.persistence.spi.PersistenceProvider [org.hibernate.ejb.HibernatePersistence]; use [org.hibernate.jpa.HibernatePersistenceProvider] instead.
oct 14, 2021 4:33:09 PM org.hibernate.ejb.HibernatePersistence logDeprecation
WARN: HHH015016: Encountered a deprecated javax.persistence.spi.PersistenceProvider [org.hibernate.ejb.HibernatePersistence]; use [org.hibernate.jpa.HibernatePersistenceProvider] instead.
oct 14, 2021 4:33:09 PM org.hibernate.jpa.internal.util.LogHelper logPersistenceUnitInformation
INFO: HHH000204: Processing PersistenceUnitInfo [
	name: DB
	...]
oct 14, 2021 4:33:09 PM org.hibernate.engine.jdbc.connections.internal.DriverManagerConnectionProviderImpl configure
WARN: HHH000402: Using Hibernate built-in connection pool (not for production use!)
oct 14, 2021 4:33:09 PM org.hibernate.engine.jdbc.connections.internal.DriverManagerConnectionProviderImpl buildCreator
INFO: HHH000401: using driver [com.mysql.jdbc.Driver] at URL [jdbc:mysql://localhost:3306/Microcosmos?zeroDateTimeBehavior=convertToNull]
oct 14, 2021 4:33:09 PM org.hibernate.engine.jdbc.connections.internal.DriverManagerConnectionProviderImpl buildCreator
INFO: HHH000046: Connection properties: {user=root, password=****}
oct 14, 2021 4:33:09 PM org.hibernate.engine.jdbc.connections.internal.DriverManagerConnectionProviderImpl buildCreator
INFO: HHH000006: Autocommit mode: false
oct 14, 2021 4:33:09 PM org.hibernate.engine.jdbc.connections.internal.DriverManagerConnectionProviderImpl configure
INFO: HHH000115: Hibernate connection pool size: 20 (min=1)
oct 14, 2021 4:33:09 PM org.hibernate.dialect.Dialect <init>
INFO: HHH000400: Using dialect: org.hibernate.dialect.MySQLDialect
oct 14, 2021 4:33:09 PM org.hibernate.hql.internal.ast.ASTQueryTranslatorFactory <init>
INFO: HHH000397: Using ASTQueryTranslatorFactory
oct 14, 2021 4:33:09 PM org.hibernate.tool.hbm2ddl.SchemaValidator validate
INFO: HHH000229: Running schema validator
oct 14, 2021 4:33:09 PM org.hibernate.tool.hbm2ddl.SchemaValidator validate
INFO: HHH000102: Fetching database metadata
oct 14, 2021 4:33:09 PM org.hibernate.tool.hbm2ddl.TableMetadata <init>
INFO: HHH000261: Table found: microcosmos.arealaboral
oct 14, 2021 4:33:09 PM org.hibernate.tool.hbm2ddl.TableMetadata <init>
INFO: HHH000037: Columns: [idarealaboral, descripcionarealaboral, nombrearealaboral, activoarealaboral]
oct 14, 2021 4:33:09 PM org.hibernate.tool.hbm2ddl.TableMetadata <init>
INFO: HHH000261: Table found: microcosmos.arealaboralhistorica
oct 14, 2021 4:33:09 PM org.hibernate.tool.hbm2ddl.TableMetadata <init>
INFO: HHH000037: Columns: [idempleados, fechaconclusion, fechacomienzo, idarealaboralhistorica]
oct 14, 2021 4:33:09 PM org.hibernate.tool.hbm2ddl.TableMetadata <init>
INFO: HHH000261: Table found: microcosmos.articulo
oct 14, 2021 4:33:09 PM org.hibernate.tool.hbm2ddl.TableMetadata <init>
INFO: HHH000037: Columns: [idsecciontienda, stockmaximo, activoarticulo, nombrearticulo, stockminimo, precioarticulo, idtalla, stock, descripcionarticulo, idarticulo]
oct 14, 2021 4:33:09 PM org.hibernate.tool.hbm2ddl.TableMetadata <init>
INFO: HHH000261: Table found: microcosmos.clientes
oct 14, 2021 4:33:09 PM org.hibernate.tool.hbm2ddl.TableMetadata <init>
INFO: HHH000037: Columns: [telefonocliente, direccioncliente, idtipodocumento, idsexo, documento, activocliente, idcliente, nombrecliente, apellidocliente, correocliente]
oct 14, 2021 4:33:09 PM org.hibernate.tool.hbm2ddl.TableMetadata <init>
INFO: HHH000261: Table found: microcosmos.compra
oct 14, 2021 4:33:09 PM org.hibernate.tool.hbm2ddl.TableMetadata <init>
INFO: HHH000037: Columns: [idcompra, fechapedido, idproveedor, idempleados, fecharecibido, totalcompra, idestado]
oct 14, 2021 4:33:09 PM org.hibernate.tool.hbm2ddl.TableMetadata <init>
INFO: HHH000261: Table found: microcosmos.detallecompra
oct 14, 2021 4:33:09 PM org.hibernate.tool.hbm2ddl.TableMetadata <init>
INFO: HHH000037: Columns: [idcompra, iddetallecompra, preciocompra, cantidad, idarticulo]
oct 14, 2021 4:33:09 PM org.hibernate.tool.hbm2ddl.TableMetadata <init>
INFO: HHH000261: Table found: microcosmos.detalleventa
oct 14, 2021 4:33:09 PM org.hibernate.tool.hbm2ddl.TableMetadata <init>
INFO: HHH000037: Columns: [idventa, iddetalleventa, cantidad, idarticulo]
oct 14, 2021 4:33:09 PM org.hibernate.tool.hbm2ddl.TableMetadata <init>
INFO: HHH000261: Table found: microcosmos.empleados
oct 14, 2021 4:33:09 PM org.hibernate.tool.hbm2ddl.TableMetadata <init>
INFO: HHH000037: Columns: [idempleados, idarealaboral, idtipodocumento, idsexo, telefonoempleado, documento, nombreempleado, correoempleado, apellidoempleado, fechadenacimiento, activoempleado]
oct 14, 2021 4:33:09 PM org.hibernate.tool.hbm2ddl.TableMetadata <init>
INFO: HHH000261: Table found: microcosmos.entidades
oct 14, 2021 4:33:09 PM org.hibernate.tool.hbm2ddl.TableMetadata <init>
INFO: HHH000037: Columns: [identidad, activoentidad, nombreentidad]
oct 14, 2021 4:33:09 PM org.hibernate.tool.hbm2ddl.TableMetadata <init>
INFO: HHH000261: Table found: microcosmos.estado
oct 14, 2021 4:33:09 PM org.hibernate.tool.hbm2ddl.TableMetadata <init>
INFO: HHH000037: Columns: [nombreestado, activoestado, identidad, descripcionestado, idestado]
oct 14, 2021 4:33:09 PM org.hibernate.tool.hbm2ddl.TableMetadata <init>
INFO: HHH000261: Table found: microcosmos.facturasdevueltas
oct 14, 2021 4:33:09 PM org.hibernate.tool.hbm2ddl.TableMetadata <init>
INFO: HHH000037: Columns: [idventa, descripcion, fechadevolucion, idempleados, idfacturadevuelta]
oct 14, 2021 4:33:09 PM org.hibernate.tool.hbm2ddl.TableMetadata <init>
INFO: HHH000261: Table found: microcosmos.parametros
oct 14, 2021 4:33:09 PM org.hibernate.tool.hbm2ddl.TableMetadata <init>
INFO: HHH000037: Columns: [facturainicial, fechaemision, facturafinal, activoparametros, fechacaducidad, cai, idparametros]
oct 14, 2021 4:33:09 PM org.hibernate.tool.hbm2ddl.TableMetadata <init>
INFO: HHH000261: Table found: microcosmos.pedidosdevueltos
oct 14, 2021 4:33:09 PM org.hibernate.tool.hbm2ddl.TableMetadata <init>
INFO: HHH000037: Columns: [idcompra, descripcion, idempleados, idpedidosdevueltos, fechaanulacion]
oct 14, 2021 4:33:09 PM org.hibernate.tool.hbm2ddl.TableMetadata <init>
INFO: HHH000261: Table found: microcosmos.preciohistorico
oct 14, 2021 4:33:09 PM org.hibernate.tool.hbm2ddl.TableMetadata <init>
INFO: HHH000037: Columns: [precio, idpreciohistorico, fechainicial, fechafinal, idarticulo, activopreciohistorico]
oct 14, 2021 4:33:09 PM org.hibernate.tool.hbm2ddl.TableMetadata <init>
INFO: HHH000261: Table found: microcosmos.proveedores
oct 14, 2021 4:33:09 PM org.hibernate.tool.hbm2ddl.TableMetadata <init>
INFO: HHH000037: Columns: [idproveedor, activoproveedor, idtipodocumento, nombreproveedor, correoproveedor, telefonoproveedor, documento, ubicacionproveedor]
oct 14, 2021 4:33:09 PM org.hibernate.tool.hbm2ddl.TableMetadata <init>
INFO: HHH000261: Table found: microcosmos.secciontienda
oct 14, 2021 4:33:09 PM org.hibernate.tool.hbm2ddl.TableMetadata <init>
INFO: HHH000037: Columns: [idsecciontienda, descripcionsecciontienda, nombresecciontienda, activosecciontienda]
oct 14, 2021 4:33:09 PM org.hibernate.tool.hbm2ddl.TableMetadata <init>
INFO: HHH000261: Table found: microcosmos.sexo
oct 14, 2021 4:33:09 PM org.hibernate.tool.hbm2ddl.TableMetadata <init>
INFO: HHH000037: Columns: [idsexo, nombresexo, descripcionsexo]
oct 14, 2021 4:33:09 PM org.hibernate.tool.hbm2ddl.TableMetadata <init>
INFO: HHH000261: Table found: microcosmos.talla
oct 14, 2021 4:33:09 PM org.hibernate.tool.hbm2ddl.TableMetadata <init>
INFO: HHH000037: Columns: [activotalla, nombretalla, descripciontalla, idtalla]
oct 14, 2021 4:33:09 PM org.hibernate.tool.hbm2ddl.TableMetadata <init>
INFO: HHH000261: Table found: microcosmos.tipodepago
oct 14, 2021 4:33:09 PM org.hibernate.tool.hbm2ddl.TableMetadata <init>
INFO: HHH000037: Columns: [descripciontipodepago, nombretipodepago, idtipodepago, activotipodepago]
oct 14, 2021 4:33:09 PM org.hibernate.tool.hbm2ddl.TableMetadata <init>
INFO: HHH000261: Table found: microcosmos.tipodocumento
oct 14, 2021 4:33:09 PM org.hibernate.tool.hbm2ddl.TableMetadata <init>
INFO: HHH000037: Columns: [nombretipodocumento, descripciontipodocumento, activotipodocumento, idtipodocumento]
oct 14, 2021 4:33:09 PM org.hibernate.tool.hbm2ddl.TableMetadata <init>
INFO: HHH000261: Table found: microcosmos.usuarios
oct 14, 2021 4:33:09 PM org.hibernate.tool.hbm2ddl.TableMetadata <init>
INFO: HHH000037: Columns: [nombreusuario, idempleados, numerodeintentos, activousuario, admin, contrasena, idusuario]
oct 14, 2021 4:33:09 PM org.hibernate.tool.hbm2ddl.TableMetadata <init>
INFO: HHH000261: Table found: microcosmos.venta
oct 14, 2021 4:33:09 PM org.hibernate.tool.hbm2ddl.TableMetadata <init>
INFO: HHH000037: Columns: [numtarjeta, idtipodepago, formato, montoefectivo, idcliente, idestado, idventa, total, idempleados, impuesto, subtotal, montotarjeta, fechaventa, idparametros]
oct 14, 2021 4:33:09 PM org.hibernate.jpa.internal.EntityManagerFactoryRegistry addEntityManagerFactory
WARN: HHH000436: Entity manager factory name (DB) is already registered.  If entity manager will be clustered or passivated, specify a unique value for property 'hibernate.ejb.entitymanager_factory_name'
oct 14, 2021 4:33:09 PM org.hibernate.ejb.HibernatePersistence logDeprecation
WARN: HHH015016: Encountered a deprecated javax.persistence.spi.PersistenceProvider [org.hibernate.ejb.HibernatePersistence]; use [org.hibernate.jpa.HibernatePersistenceProvider] instead.
oct 14, 2021 4:33:09 PM org.hibernate.ejb.HibernatePersistence logDeprecation
WARN: HHH015016: Encountered a deprecated javax.persistence.spi.PersistenceProvider [org.hibernate.ejb.HibernatePersistence]; use [org.hibernate.jpa.HibernatePersistenceProvider] instead.
oct 14, 2021 4:33:09 PM org.hibernate.ejb.HibernatePersistence logDeprecation
WARN: HHH015016: Encountered a deprecated javax.persistence.spi.PersistenceProvider [org.hibernate.ejb.HibernatePersistence]; use [org.hibernate.jpa.HibernatePersistenceProvider] instead.
oct 14, 2021 4:33:09 PM org.hibernate.jpa.internal.util.LogHelper logPersistenceUnitInformation
INFO: HHH000204: Processing PersistenceUnitInfo [
	name: DB
	...]
oct 14, 2021 4:33:09 PM org.hibernate.engine.jdbc.connections.internal.DriverManagerConnectionProviderImpl configure
WARN: HHH000402: Using Hibernate built-in connection pool (not for production use!)
oct 14, 2021 4:33:09 PM org.hibernate.engine.jdbc.connections.internal.DriverManagerConnectionProviderImpl buildCreator
INFO: HHH000401: using driver [com.mysql.jdbc.Driver] at URL [jdbc:mysql://localhost:3306/Microcosmos?zeroDateTimeBehavior=convertToNull]
oct 14, 2021 4:33:09 PM org.hibernate.engine.jdbc.connections.internal.DriverManagerConnectionProviderImpl buildCreator
INFO: HHH000046: Connection properties: {user=root, password=****}
oct 14, 2021 4:33:09 PM org.hibernate.engine.jdbc.connections.internal.DriverManagerConnectionProviderImpl buildCreator
INFO: HHH000006: Autocommit mode: false
oct 14, 2021 4:33:09 PM org.hibernate.engine.jdbc.connections.internal.DriverManagerConnectionProviderImpl configure
INFO: HHH000115: Hibernate connection pool size: 20 (min=1)
oct 14, 2021 4:33:09 PM org.hibernate.dialect.Dialect <init>
INFO: HHH000400: Using dialect: org.hibernate.dialect.MySQLDialect
oct 14, 2021 4:33:09 PM org.hibernate.hql.internal.ast.ASTQueryTranslatorFactory <init>
INFO: HHH000397: Using ASTQueryTranslatorFactory
oct 14, 2021 4:33:10 PM org.hibernate.tool.hbm2ddl.SchemaValidator validate
INFO: HHH000229: Running schema validator
oct 14, 2021 4:33:10 PM org.hibernate.tool.hbm2ddl.SchemaValidator validate
INFO: HHH000102: Fetching database metadata
oct 14, 2021 4:33:10 PM org.hibernate.tool.hbm2ddl.TableMetadata <init>
INFO: HHH000261: Table found: microcosmos.arealaboral
oct 14, 2021 4:33:10 PM org.hibernate.tool.hbm2ddl.TableMetadata <init>
INFO: HHH000037: Columns: [idarealaboral, descripcionarealaboral, nombrearealaboral, activoarealaboral]
oct 14, 2021 4:33:10 PM org.hibernate.tool.hbm2ddl.TableMetadata <init>
INFO: HHH000261: Table found: microcosmos.arealaboralhistorica
oct 14, 2021 4:33:10 PM org.hibernate.tool.hbm2ddl.TableMetadata <init>
INFO: HHH000037: Columns: [idempleados, fechaconclusion, fechacomienzo, idarealaboralhistorica]
oct 14, 2021 4:33:10 PM org.hibernate.tool.hbm2ddl.TableMetadata <init>
INFO: HHH000261: Table found: microcosmos.articulo
oct 14, 2021 4:33:10 PM org.hibernate.tool.hbm2ddl.TableMetadata <init>
INFO: HHH000037: Columns: [idsecciontienda, stockmaximo, activoarticulo, nombrearticulo, stockminimo, precioarticulo, idtalla, stock, descripcionarticulo, idarticulo]
oct 14, 2021 4:33:10 PM org.hibernate.tool.hbm2ddl.TableMetadata <init>
INFO: HHH000261: Table found: microcosmos.clientes
oct 14, 2021 4:33:10 PM org.hibernate.tool.hbm2ddl.TableMetadata <init>
INFO: HHH000037: Columns: [telefonocliente, direccioncliente, idtipodocumento, idsexo, documento, activocliente, idcliente, nombrecliente, apellidocliente, correocliente]
oct 14, 2021 4:33:10 PM org.hibernate.tool.hbm2ddl.TableMetadata <init>
INFO: HHH000261: Table found: microcosmos.compra
oct 14, 2021 4:33:10 PM org.hibernate.tool.hbm2ddl.TableMetadata <init>
INFO: HHH000037: Columns: [idcompra, fechapedido, idproveedor, idempleados, fecharecibido, totalcompra, idestado]
oct 14, 2021 4:33:10 PM org.hibernate.tool.hbm2ddl.TableMetadata <init>
INFO: HHH000261: Table found: microcosmos.detallecompra
oct 14, 2021 4:33:10 PM org.hibernate.tool.hbm2ddl.TableMetadata <init>
INFO: HHH000037: Columns: [idcompra, iddetallecompra, preciocompra, cantidad, idarticulo]
oct 14, 2021 4:33:10 PM org.hibernate.tool.hbm2ddl.TableMetadata <init>
INFO: HHH000261: Table found: microcosmos.detalleventa
oct 14, 2021 4:33:10 PM org.hibernate.tool.hbm2ddl.TableMetadata <init>
INFO: HHH000037: Columns: [idventa, iddetalleventa, cantidad, idarticulo]
oct 14, 2021 4:33:10 PM org.hibernate.tool.hbm2ddl.TableMetadata <init>
INFO: HHH000261: Table found: microcosmos.empleados
oct 14, 2021 4:33:10 PM org.hibernate.tool.hbm2ddl.TableMetadata <init>
INFO: HHH000037: Columns: [idempleados, idarealaboral, idtipodocumento, idsexo, telefonoempleado, documento, nombreempleado, correoempleado, apellidoempleado, fechadenacimiento, activoempleado]
oct 14, 2021 4:33:10 PM org.hibernate.tool.hbm2ddl.TableMetadata <init>
INFO: HHH000261: Table found: microcosmos.entidades
oct 14, 2021 4:33:10 PM org.hibernate.tool.hbm2ddl.TableMetadata <init>
INFO: HHH000037: Columns: [identidad, activoentidad, nombreentidad]
oct 14, 2021 4:33:10 PM org.hibernate.tool.hbm2ddl.TableMetadata <init>
INFO: HHH000261: Table found: microcosmos.estado
oct 14, 2021 4:33:10 PM org.hibernate.tool.hbm2ddl.TableMetadata <init>
INFO: HHH000037: Columns: [nombreestado, activoestado, identidad, descripcionestado, idestado]
oct 14, 2021 4:33:10 PM org.hibernate.tool.hbm2ddl.TableMetadata <init>
INFO: HHH000261: Table found: microcosmos.facturasdevueltas
oct 14, 2021 4:33:10 PM org.hibernate.tool.hbm2ddl.TableMetadata <init>
INFO: HHH000037: Columns: [idventa, descripcion, fechadevolucion, idempleados, idfacturadevuelta]
oct 14, 2021 4:33:10 PM org.hibernate.tool.hbm2ddl.TableMetadata <init>
INFO: HHH000261: Table found: microcosmos.parametros
oct 14, 2021 4:33:10 PM org.hibernate.tool.hbm2ddl.TableMetadata <init>
INFO: HHH000037: Columns: [facturainicial, fechaemision, facturafinal, activoparametros, fechacaducidad, cai, idparametros]
oct 14, 2021 4:33:10 PM org.hibernate.tool.hbm2ddl.TableMetadata <init>
INFO: HHH000261: Table found: microcosmos.pedidosdevueltos
oct 14, 2021 4:33:10 PM org.hibernate.tool.hbm2ddl.TableMetadata <init>
INFO: HHH000037: Columns: [idcompra, descripcion, idempleados, idpedidosdevueltos, fechaanulacion]
oct 14, 2021 4:33:10 PM org.hibernate.tool.hbm2ddl.TableMetadata <init>
INFO: HHH000261: Table found: microcosmos.preciohistorico
oct 14, 2021 4:33:10 PM org.hibernate.tool.hbm2ddl.TableMetadata <init>
INFO: HHH000037: Columns: [precio, idpreciohistorico, fechainicial, fechafinal, idarticulo, activopreciohistorico]
oct 14, 2021 4:33:10 PM org.hibernate.tool.hbm2ddl.TableMetadata <init>
INFO: HHH000261: Table found: microcosmos.proveedores
oct 14, 2021 4:33:10 PM org.hibernate.tool.hbm2ddl.TableMetadata <init>
INFO: HHH000037: Columns: [idproveedor, activoproveedor, idtipodocumento, nombreproveedor, correoproveedor, telefonoproveedor, documento, ubicacionproveedor]
oct 14, 2021 4:33:10 PM org.hibernate.tool.hbm2ddl.TableMetadata <init>
INFO: HHH000261: Table found: microcosmos.secciontienda
oct 14, 2021 4:33:10 PM org.hibernate.tool.hbm2ddl.TableMetadata <init>
INFO: HHH000037: Columns: [idsecciontienda, descripcionsecciontienda, nombresecciontienda, activosecciontienda]
oct 14, 2021 4:33:10 PM org.hibernate.tool.hbm2ddl.TableMetadata <init>
INFO: HHH000261: Table found: microcosmos.sexo
oct 14, 2021 4:33:10 PM org.hibernate.tool.hbm2ddl.TableMetadata <init>
INFO: HHH000037: Columns: [idsexo, nombresexo, descripcionsexo]
oct 14, 2021 4:33:10 PM org.hibernate.tool.hbm2ddl.TableMetadata <init>
INFO: HHH000261: Table found: microcosmos.talla
oct 14, 2021 4:33:10 PM org.hibernate.tool.hbm2ddl.TableMetadata <init>
INFO: HHH000037: Columns: [activotalla, nombretalla, descripciontalla, idtalla]
oct 14, 2021 4:33:10 PM org.hibernate.tool.hbm2ddl.TableMetadata <init>
INFO: HHH000261: Table found: microcosmos.tipodepago
oct 14, 2021 4:33:10 PM org.hibernate.tool.hbm2ddl.TableMetadata <init>
INFO: HHH000037: Columns: [descripciontipodepago, nombretipodepago, idtipodepago, activotipodepago]
oct 14, 2021 4:33:10 PM org.hibernate.tool.hbm2ddl.TableMetadata <init>
INFO: HHH000261: Table found: microcosmos.tipodocumento
oct 14, 2021 4:33:10 PM org.hibernate.tool.hbm2ddl.TableMetadata <init>
INFO: HHH000037: Columns: [nombretipodocumento, descripciontipodocumento, activotipodocumento, idtipodocumento]
oct 14, 2021 4:33:10 PM org.hibernate.tool.hbm2ddl.TableMetadata <init>
INFO: HHH000261: Table found: microcosmos.usuarios
oct 14, 2021 4:33:10 PM org.hibernate.tool.hbm2ddl.TableMetadata <init>
INFO: HHH000037: Columns: [nombreusuario, idempleados, numerodeintentos, activousuario, admin, contrasena, idusuario]
oct 14, 2021 4:33:10 PM org.hibernate.tool.hbm2ddl.TableMetadata <init>
INFO: HHH000261: Table found: microcosmos.venta
oct 14, 2021 4:33:10 PM org.hibernate.tool.hbm2ddl.TableMetadata <init>
INFO: HHH000037: Columns: [numtarjeta, idtipodepago, formato, montoefectivo, idcliente, idestado, idventa, total, idempleados, impuesto, subtotal, montotarjeta, fechaventa, idparametros]
oct 14, 2021 4:33:10 PM org.hibernate.jpa.internal.EntityManagerFactoryRegistry addEntityManagerFactory
WARN: HHH000436: Entity manager factory name (DB) is already registered.  If entity manager will be clustered or passivated, specify a unique value for property 'hibernate.ejb.entitymanager_factory_name'
oct 14, 2021 4:33:10 PM org.hibernate.ejb.HibernatePersistence logDeprecation
WARN: HHH015016: Encountered a deprecated javax.persistence.spi.PersistenceProvider [org.hibernate.ejb.HibernatePersistence]; use [org.hibernate.jpa.HibernatePersistenceProvider] instead.
oct 14, 2021 4:33:10 PM org.hibernate.ejb.HibernatePersistence logDeprecation
WARN: HHH015016: Encountered a deprecated javax.persistence.spi.PersistenceProvider [org.hibernate.ejb.HibernatePersistence]; use [org.hibernate.jpa.HibernatePersistenceProvider] instead.
oct 14, 2021 4:33:10 PM org.hibernate.ejb.HibernatePersistence logDeprecation
WARN: HHH015016: Encountered a deprecated javax.persistence.spi.PersistenceProvider [org.hibernate.ejb.HibernatePersistence]; use [org.hibernate.jpa.HibernatePersistenceProvider] instead.
oct 14, 2021 4:33:10 PM org.hibernate.jpa.internal.util.LogHelper logPersistenceUnitInformation
INFO: HHH000204: Processing PersistenceUnitInfo [
	name: DB
	...]
oct 14, 2021 4:33:10 PM org.hibernate.engine.jdbc.connections.internal.DriverManagerConnectionProviderImpl configure
WARN: HHH000402: Using Hibernate built-in connection pool (not for production use!)
oct 14, 2021 4:33:10 PM org.hibernate.engine.jdbc.connections.internal.DriverManagerConnectionProviderImpl buildCreator
INFO: HHH000401: using driver [com.mysql.jdbc.Driver] at URL [jdbc:mysql://localhost:3306/Microcosmos?zeroDateTimeBehavior=convertToNull]
oct 14, 2021 4:33:10 PM org.hibernate.engine.jdbc.connections.internal.DriverManagerConnectionProviderImpl buildCreator
INFO: HHH000046: Connection properties: {user=root, password=****}
oct 14, 2021 4:33:10 PM org.hibernate.engine.jdbc.connections.internal.DriverManagerConnectionProviderImpl buildCreator
INFO: HHH000006: Autocommit mode: false
oct 14, 2021 4:33:10 PM org.hibernate.engine.jdbc.connections.internal.DriverManagerConnectionProviderImpl configure
INFO: HHH000115: Hibernate connection pool size: 20 (min=1)
oct 14, 2021 4:33:10 PM org.hibernate.dialect.Dialect <init>
INFO: HHH000400: Using dialect: org.hibernate.dialect.MySQLDialect
oct 14, 2021 4:33:10 PM org.hibernate.hql.internal.ast.ASTQueryTranslatorFactory <init>
INFO: HHH000397: Using ASTQueryTranslatorFactory
oct 14, 2021 4:33:10 PM org.hibernate.tool.hbm2ddl.SchemaValidator validate
INFO: HHH000229: Running schema validator
oct 14, 2021 4:33:10 PM org.hibernate.tool.hbm2ddl.SchemaValidator validate
INFO: HHH000102: Fetching database metadata
oct 14, 2021 4:33:10 PM org.hibernate.tool.hbm2ddl.TableMetadata <init>
INFO: HHH000261: Table found: microcosmos.arealaboral
oct 14, 2021 4:33:10 PM org.hibernate.tool.hbm2ddl.TableMetadata <init>
INFO: HHH000037: Columns: [idarealaboral, descripcionarealaboral, nombrearealaboral, activoarealaboral]
oct 14, 2021 4:33:10 PM org.hibernate.tool.hbm2ddl.TableMetadata <init>
INFO: HHH000261: Table found: microcosmos.arealaboralhistorica
oct 14, 2021 4:33:10 PM org.hibernate.tool.hbm2ddl.TableMetadata <init>
INFO: HHH000037: Columns: [idempleados, fechaconclusion, fechacomienzo, idarealaboralhistorica]
oct 14, 2021 4:33:10 PM org.hibernate.tool.hbm2ddl.TableMetadata <init>
INFO: HHH000261: Table found: microcosmos.articulo
oct 14, 2021 4:33:10 PM org.hibernate.tool.hbm2ddl.TableMetadata <init>
INFO: HHH000037: Columns: [idsecciontienda, stockmaximo, activoarticulo, nombrearticulo, stockminimo, precioarticulo, idtalla, stock, descripcionarticulo, idarticulo]
oct 14, 2021 4:33:10 PM org.hibernate.tool.hbm2ddl.TableMetadata <init>
INFO: HHH000261: Table found: microcosmos.clientes
oct 14, 2021 4:33:10 PM org.hibernate.tool.hbm2ddl.TableMetadata <init>
INFO: HHH000037: Columns: [telefonocliente, direccioncliente, idtipodocumento, idsexo, documento, activocliente, idcliente, nombrecliente, apellidocliente, correocliente]
oct 14, 2021 4:33:10 PM org.hibernate.tool.hbm2ddl.TableMetadata <init>
INFO: HHH000261: Table found: microcosmos.compra
oct 14, 2021 4:33:10 PM org.hibernate.tool.hbm2ddl.TableMetadata <init>
INFO: HHH000037: Columns: [idcompra, fechapedido, idproveedor, idempleados, fecharecibido, totalcompra, idestado]
oct 14, 2021 4:33:10 PM org.hibernate.tool.hbm2ddl.TableMetadata <init>
INFO: HHH000261: Table found: microcosmos.detallecompra
oct 14, 2021 4:33:10 PM org.hibernate.tool.hbm2ddl.TableMetadata <init>
INFO: HHH000037: Columns: [idcompra, iddetallecompra, preciocompra, cantidad, idarticulo]
oct 14, 2021 4:33:10 PM org.hibernate.tool.hbm2ddl.TableMetadata <init>
INFO: HHH000261: Table found: microcosmos.detalleventa
oct 14, 2021 4:33:10 PM org.hibernate.tool.hbm2ddl.TableMetadata <init>
INFO: HHH000037: Columns: [idventa, iddetalleventa, cantidad, idarticulo]
oct 14, 2021 4:33:10 PM org.hibernate.tool.hbm2ddl.TableMetadata <init>
INFO: HHH000261: Table found: microcosmos.empleados
oct 14, 2021 4:33:10 PM org.hibernate.tool.hbm2ddl.TableMetadata <init>
INFO: HHH000037: Columns: [idempleados, idarealaboral, idtipodocumento, idsexo, telefonoempleado, documento, nombreempleado, correoempleado, apellidoempleado, fechadenacimiento, activoempleado]
oct 14, 2021 4:33:10 PM org.hibernate.tool.hbm2ddl.TableMetadata <init>
INFO: HHH000261: Table found: microcosmos.entidades
oct 14, 2021 4:33:10 PM org.hibernate.tool.hbm2ddl.TableMetadata <init>
INFO: HHH000037: Columns: [identidad, activoentidad, nombreentidad]
oct 14, 2021 4:33:10 PM org.hibernate.tool.hbm2ddl.TableMetadata <init>
INFO: HHH000261: Table found: microcosmos.estado
oct 14, 2021 4:33:10 PM org.hibernate.tool.hbm2ddl.TableMetadata <init>
INFO: HHH000037: Columns: [nombreestado, activoestado, identidad, descripcionestado, idestado]
oct 14, 2021 4:33:10 PM org.hibernate.tool.hbm2ddl.TableMetadata <init>
INFO: HHH000261: Table found: microcosmos.facturasdevueltas
oct 14, 2021 4:33:10 PM org.hibernate.tool.hbm2ddl.TableMetadata <init>
INFO: HHH000037: Columns: [idventa, descripcion, fechadevolucion, idempleados, idfacturadevuelta]
oct 14, 2021 4:33:10 PM org.hibernate.tool.hbm2ddl.TableMetadata <init>
INFO: HHH000261: Table found: microcosmos.parametros
oct 14, 2021 4:33:10 PM org.hibernate.tool.hbm2ddl.TableMetadata <init>
INFO: HHH000037: Columns: [facturainicial, fechaemision, facturafinal, activoparametros, fechacaducidad, cai, idparametros]
oct 14, 2021 4:33:10 PM org.hibernate.tool.hbm2ddl.TableMetadata <init>
INFO: HHH000261: Table found: microcosmos.pedidosdevueltos
oct 14, 2021 4:33:10 PM org.hibernate.tool.hbm2ddl.TableMetadata <init>
INFO: HHH000037: Columns: [idcompra, descripcion, idempleados, idpedidosdevueltos, fechaanulacion]
oct 14, 2021 4:33:10 PM org.hibernate.tool.hbm2ddl.TableMetadata <init>
INFO: HHH000261: Table found: microcosmos.preciohistorico
oct 14, 2021 4:33:10 PM org.hibernate.tool.hbm2ddl.TableMetadata <init>
INFO: HHH000037: Columns: [precio, idpreciohistorico, fechainicial, fechafinal, idarticulo, activopreciohistorico]
oct 14, 2021 4:33:10 PM org.hibernate.tool.hbm2ddl.TableMetadata <init>
INFO: HHH000261: Table found: microcosmos.proveedores
oct 14, 2021 4:33:10 PM org.hibernate.tool.hbm2ddl.TableMetadata <init>
INFO: HHH000037: Columns: [idproveedor, activoproveedor, idtipodocumento, nombreproveedor, correoproveedor, telefonoproveedor, documento, ubicacionproveedor]
oct 14, 2021 4:33:10 PM org.hibernate.tool.hbm2ddl.TableMetadata <init>
INFO: HHH000261: Table found: microcosmos.secciontienda
oct 14, 2021 4:33:10 PM org.hibernate.tool.hbm2ddl.TableMetadata <init>
INFO: HHH000037: Columns: [idsecciontienda, descripcionsecciontienda, nombresecciontienda, activosecciontienda]
oct 14, 2021 4:33:10 PM org.hibernate.tool.hbm2ddl.TableMetadata <init>
INFO: HHH000261: Table found: microcosmos.sexo
oct 14, 2021 4:33:10 PM org.hibernate.tool.hbm2ddl.TableMetadata <init>
INFO: HHH000037: Columns: [idsexo, nombresexo, descripcionsexo]
oct 14, 2021 4:33:10 PM org.hibernate.tool.hbm2ddl.TableMetadata <init>
INFO: HHH000261: Table found: microcosmos.talla
oct 14, 2021 4:33:10 PM org.hibernate.tool.hbm2ddl.TableMetadata <init>
INFO: HHH000037: Columns: [activotalla, nombretalla, descripciontalla, idtalla]
oct 14, 2021 4:33:10 PM org.hibernate.tool.hbm2ddl.TableMetadata <init>
INFO: HHH000261: Table found: microcosmos.tipodepago
oct 14, 2021 4:33:10 PM org.hibernate.tool.hbm2ddl.TableMetadata <init>
INFO: HHH000037: Columns: [descripciontipodepago, nombretipodepago, idtipodepago, activotipodepago]
oct 14, 2021 4:33:10 PM org.hibernate.tool.hbm2ddl.TableMetadata <init>
INFO: HHH000261: Table found: microcosmos.tipodocumento
oct 14, 2021 4:33:10 PM org.hibernate.tool.hbm2ddl.TableMetadata <init>
INFO: HHH000037: Columns: [nombretipodocumento, descripciontipodocumento, activotipodocumento, idtipodocumento]
oct 14, 2021 4:33:10 PM org.hibernate.tool.hbm2ddl.TableMetadata <init>
INFO: HHH000261: Table found: microcosmos.usuarios
oct 14, 2021 4:33:10 PM org.hibernate.tool.hbm2ddl.TableMetadata <init>
INFO: HHH000037: Columns: [nombreusuario, idempleados, numerodeintentos, activousuario, admin, contrasena, idusuario]
oct 14, 2021 4:33:10 PM org.hibernate.tool.hbm2ddl.TableMetadata <init>
INFO: HHH000261: Table found: microcosmos.venta
oct 14, 2021 4:33:10 PM org.hibernate.tool.hbm2ddl.TableMetadata <init>
INFO: HHH000037: Columns: [numtarjeta, idtipodepago, formato, montoefectivo, idcliente, idestado, idventa, total, idempleados, impuesto, subtotal, montotarjeta, fechaventa, idparametros]
oct 14, 2021 4:33:10 PM org.hibernate.jpa.internal.EntityManagerFactoryRegistry addEntityManagerFactory
WARN: HHH000436: Entity manager factory name (DB) is already registered.  If entity manager will be clustered or passivated, specify a unique value for property 'hibernate.ejb.entitymanager_factory_name'
oct 14, 2021 4:33:10 PM org.hibernate.ejb.HibernatePersistence logDeprecation
WARN: HHH015016: Encountered a deprecated javax.persistence.spi.PersistenceProvider [org.hibernate.ejb.HibernatePersistence]; use [org.hibernate.jpa.HibernatePersistenceProvider] instead.
oct 14, 2021 4:33:10 PM org.hibernate.ejb.HibernatePersistence logDeprecation
WARN: HHH015016: Encountered a deprecated javax.persistence.spi.PersistenceProvider [org.hibernate.ejb.HibernatePersistence]; use [org.hibernate.jpa.HibernatePersistenceProvider] instead.
oct 14, 2021 4:33:10 PM org.hibernate.ejb.HibernatePersistence logDeprecation
WARN: HHH015016: Encountered a deprecated javax.persistence.spi.PersistenceProvider [org.hibernate.ejb.HibernatePersistence]; use [org.hibernate.jpa.HibernatePersistenceProvider] instead.
oct 14, 2021 4:33:10 PM org.hibernate.jpa.internal.util.LogHelper logPersistenceUnitInformation
INFO: HHH000204: Processing PersistenceUnitInfo [
	name: DB
	...]
oct 14, 2021 4:33:10 PM org.hibernate.engine.jdbc.connections.internal.DriverManagerConnectionProviderImpl configure
WARN: HHH000402: Using Hibernate built-in connection pool (not for production use!)
oct 14, 2021 4:33:10 PM org.hibernate.engine.jdbc.connections.internal.DriverManagerConnectionProviderImpl buildCreator
INFO: HHH000401: using driver [com.mysql.jdbc.Driver] at URL [jdbc:mysql://localhost:3306/Microcosmos?zeroDateTimeBehavior=convertToNull]
oct 14, 2021 4:33:10 PM org.hibernate.engine.jdbc.connections.internal.DriverManagerConnectionProviderImpl buildCreator
INFO: HHH000046: Connection properties: {user=root, password=****}
oct 14, 2021 4:33:10 PM org.hibernate.engine.jdbc.connections.internal.DriverManagerConnectionProviderImpl buildCreator
INFO: HHH000006: Autocommit mode: false
oct 14, 2021 4:33:10 PM org.hibernate.engine.jdbc.connections.internal.DriverManagerConnectionProviderImpl configure
INFO: HHH000115: Hibernate connection pool size: 20 (min=1)
oct 14, 2021 4:33:10 PM org.hibernate.dialect.Dialect <init>
INFO: HHH000400: Using dialect: org.hibernate.dialect.MySQLDialect
oct 14, 2021 4:33:10 PM org.hibernate.hql.internal.ast.ASTQueryTranslatorFactory <init>
INFO: HHH000397: Using ASTQueryTranslatorFactory
oct 14, 2021 4:33:10 PM org.hibernate.tool.hbm2ddl.SchemaValidator validate
INFO: HHH000229: Running schema validator
oct 14, 2021 4:33:10 PM org.hibernate.tool.hbm2ddl.SchemaValidator validate
INFO: HHH000102: Fetching database metadata
oct 14, 2021 4:33:10 PM org.hibernate.tool.hbm2ddl.TableMetadata <init>
INFO: HHH000261: Table found: microcosmos.arealaboral
oct 14, 2021 4:33:10 PM org.hibernate.tool.hbm2ddl.TableMetadata <init>
INFO: HHH000037: Columns: [idarealaboral, descripcionarealaboral, nombrearealaboral, activoarealaboral]
oct 14, 2021 4:33:10 PM org.hibernate.tool.hbm2ddl.TableMetadata <init>
INFO: HHH000261: Table found: microcosmos.arealaboralhistorica
oct 14, 2021 4:33:10 PM org.hibernate.tool.hbm2ddl.TableMetadata <init>
INFO: HHH000037: Columns: [idempleados, fechaconclusion, fechacomienzo, idarealaboralhistorica]
oct 14, 2021 4:33:10 PM org.hibernate.tool.hbm2ddl.TableMetadata <init>
INFO: HHH000261: Table found: microcosmos.articulo
oct 14, 2021 4:33:10 PM org.hibernate.tool.hbm2ddl.TableMetadata <init>
INFO: HHH000037: Columns: [idsecciontienda, stockmaximo, activoarticulo, nombrearticulo, stockminimo, precioarticulo, idtalla, stock, descripcionarticulo, idarticulo]
oct 14, 2021 4:33:10 PM org.hibernate.tool.hbm2ddl.TableMetadata <init>
INFO: HHH000261: Table found: microcosmos.clientes
oct 14, 2021 4:33:10 PM org.hibernate.tool.hbm2ddl.TableMetadata <init>
INFO: HHH000037: Columns: [telefonocliente, direccioncliente, idtipodocumento, idsexo, documento, activocliente, idcliente, nombrecliente, apellidocliente, correocliente]
oct 14, 2021 4:33:10 PM org.hibernate.tool.hbm2ddl.TableMetadata <init>
INFO: HHH000261: Table found: microcosmos.compra
oct 14, 2021 4:33:10 PM org.hibernate.tool.hbm2ddl.TableMetadata <init>
INFO: HHH000037: Columns: [idcompra, fechapedido, idproveedor, idempleados, fecharecibido, totalcompra, idestado]
oct 14, 2021 4:33:10 PM org.hibernate.tool.hbm2ddl.TableMetadata <init>
INFO: HHH000261: Table found: microcosmos.detallecompra
oct 14, 2021 4:33:10 PM org.hibernate.tool.hbm2ddl.TableMetadata <init>
INFO: HHH000037: Columns: [idcompra, iddetallecompra, preciocompra, cantidad, idarticulo]
oct 14, 2021 4:33:10 PM org.hibernate.tool.hbm2ddl.TableMetadata <init>
INFO: HHH000261: Table found: microcosmos.detalleventa
oct 14, 2021 4:33:10 PM org.hibernate.tool.hbm2ddl.TableMetadata <init>
INFO: HHH000037: Columns: [idventa, iddetalleventa, cantidad, idarticulo]
oct 14, 2021 4:33:10 PM org.hibernate.tool.hbm2ddl.TableMetadata <init>
INFO: HHH000261: Table found: microcosmos.empleados
oct 14, 2021 4:33:10 PM org.hibernate.tool.hbm2ddl.TableMetadata <init>
INFO: HHH000037: Columns: [idempleados, idarealaboral, idtipodocumento, idsexo, telefonoempleado, documento, nombreempleado, correoempleado, apellidoempleado, fechadenacimiento, activoempleado]
oct 14, 2021 4:33:10 PM org.hibernate.tool.hbm2ddl.TableMetadata <init>
INFO: HHH000261: Table found: microcosmos.entidades
oct 14, 2021 4:33:10 PM org.hibernate.tool.hbm2ddl.TableMetadata <init>
INFO: HHH000037: Columns: [identidad, activoentidad, nombreentidad]
oct 14, 2021 4:33:10 PM org.hibernate.tool.hbm2ddl.TableMetadata <init>
INFO: HHH000261: Table found: microcosmos.estado
oct 14, 2021 4:33:10 PM org.hibernate.tool.hbm2ddl.TableMetadata <init>
INFO: HHH000037: Columns: [nombreestado, activoestado, identidad, descripcionestado, idestado]
oct 14, 2021 4:33:10 PM org.hibernate.tool.hbm2ddl.TableMetadata <init>
INFO: HHH000261: Table found: microcosmos.facturasdevueltas
oct 14, 2021 4:33:10 PM org.hibernate.tool.hbm2ddl.TableMetadata <init>
INFO: HHH000037: Columns: [idventa, descripcion, fechadevolucion, idempleados, idfacturadevuelta]
oct 14, 2021 4:33:10 PM org.hibernate.tool.hbm2ddl.TableMetadata <init>
INFO: HHH000261: Table found: microcosmos.parametros
oct 14, 2021 4:33:10 PM org.hibernate.tool.hbm2ddl.TableMetadata <init>
INFO: HHH000037: Columns: [facturainicial, fechaemision, facturafinal, activoparametros, fechacaducidad, cai, idparametros]
oct 14, 2021 4:33:10 PM org.hibernate.tool.hbm2ddl.TableMetadata <init>
INFO: HHH000261: Table found: microcosmos.pedidosdevueltos
oct 14, 2021 4:33:10 PM org.hibernate.tool.hbm2ddl.TableMetadata <init>
INFO: HHH000037: Columns: [idcompra, descripcion, idempleados, idpedidosdevueltos, fechaanulacion]
oct 14, 2021 4:33:10 PM org.hibernate.tool.hbm2ddl.TableMetadata <init>
INFO: HHH000261: Table found: microcosmos.preciohistorico
oct 14, 2021 4:33:10 PM org.hibernate.tool.hbm2ddl.TableMetadata <init>
INFO: HHH000037: Columns: [precio, idpreciohistorico, fechainicial, fechafinal, idarticulo, activopreciohistorico]
oct 14, 2021 4:33:10 PM org.hibernate.tool.hbm2ddl.TableMetadata <init>
INFO: HHH000261: Table found: microcosmos.proveedores
oct 14, 2021 4:33:10 PM org.hibernate.tool.hbm2ddl.TableMetadata <init>
INFO: HHH000037: Columns: [idproveedor, activoproveedor, idtipodocumento, nombreproveedor, correoproveedor, telefonoproveedor, documento, ubicacionproveedor]
oct 14, 2021 4:33:10 PM org.hibernate.tool.hbm2ddl.TableMetadata <init>
INFO: HHH000261: Table found: microcosmos.secciontienda
oct 14, 2021 4:33:10 PM org.hibernate.tool.hbm2ddl.TableMetadata <init>
INFO: HHH000037: Columns: [idsecciontienda, descripcionsecciontienda, nombresecciontienda, activosecciontienda]
oct 14, 2021 4:33:10 PM org.hibernate.tool.hbm2ddl.TableMetadata <init>
INFO: HHH000261: Table found: microcosmos.sexo
oct 14, 2021 4:33:10 PM org.hibernate.tool.hbm2ddl.TableMetadata <init>
INFO: HHH000037: Columns: [idsexo, nombresexo, descripcionsexo]
oct 14, 2021 4:33:10 PM org.hibernate.tool.hbm2ddl.TableMetadata <init>
INFO: HHH000261: Table found: microcosmos.talla
oct 14, 2021 4:33:10 PM org.hibernate.tool.hbm2ddl.TableMetadata <init>
INFO: HHH000037: Columns: [activotalla, nombretalla, descripciontalla, idtalla]
oct 14, 2021 4:33:10 PM org.hibernate.tool.hbm2ddl.TableMetadata <init>
INFO: HHH000261: Table found: microcosmos.tipodepago
oct 14, 2021 4:33:10 PM org.hibernate.tool.hbm2ddl.TableMetadata <init>
INFO: HHH000037: Columns: [descripciontipodepago, nombretipodepago, idtipodepago, activotipodepago]
oct 14, 2021 4:33:10 PM org.hibernate.tool.hbm2ddl.TableMetadata <init>
INFO: HHH000261: Table found: microcosmos.tipodocumento
oct 14, 2021 4:33:10 PM org.hibernate.tool.hbm2ddl.TableMetadata <init>
INFO: HHH000037: Columns: [nombretipodocumento, descripciontipodocumento, activotipodocumento, idtipodocumento]
oct 14, 2021 4:33:10 PM org.hibernate.tool.hbm2ddl.TableMetadata <init>
INFO: HHH000261: Table found: microcosmos.usuarios
oct 14, 2021 4:33:10 PM org.hibernate.tool.hbm2ddl.TableMetadata <init>
INFO: HHH000037: Columns: [nombreusuario, idempleados, numerodeintentos, activousuario, admin, contrasena, idusuario]
oct 14, 2021 4:33:10 PM org.hibernate.tool.hbm2ddl.TableMetadata <init>
INFO: HHH000261: Table found: microcosmos.venta
oct 14, 2021 4:33:10 PM org.hibernate.tool.hbm2ddl.TableMetadata <init>
INFO: HHH000037: Columns: [numtarjeta, idtipodepago, formato, montoefectivo, idcliente, idestado, idventa, total, idempleados, impuesto, subtotal, montotarjeta, fechaventa, idparametros]
oct 14, 2021 4:33:10 PM org.hibernate.jpa.internal.EntityManagerFactoryRegistry addEntityManagerFactory
WARN: HHH000436: Entity manager factory name (DB) is already registered.  If entity manager will be clustered or passivated, specify a unique value for property 'hibernate.ejb.entitymanager_factory_name'
oct 14, 2021 4:33:10 PM org.hibernate.ejb.HibernatePersistence logDeprecation
WARN: HHH015016: Encountered a deprecated javax.persistence.spi.PersistenceProvider [org.hibernate.ejb.HibernatePersistence]; use [org.hibernate.jpa.HibernatePersistenceProvider] instead.
oct 14, 2021 4:33:10 PM org.hibernate.ejb.HibernatePersistence logDeprecation
WARN: HHH015016: Encountered a deprecated javax.persistence.spi.PersistenceProvider [org.hibernate.ejb.HibernatePersistence]; use [org.hibernate.jpa.HibernatePersistenceProvider] instead.
oct 14, 2021 4:33:10 PM org.hibernate.ejb.HibernatePersistence logDeprecation
WARN: HHH015016: Encountered a deprecated javax.persistence.spi.PersistenceProvider [org.hibernate.ejb.HibernatePersistence]; use [org.hibernate.jpa.HibernatePersistenceProvider] instead.
oct 14, 2021 4:33:10 PM org.hibernate.jpa.internal.util.LogHelper logPersistenceUnitInformation
INFO: HHH000204: Processing PersistenceUnitInfo [
	name: DB
	...]
oct 14, 2021 4:33:10 PM org.hibernate.engine.jdbc.connections.internal.DriverManagerConnectionProviderImpl configure
WARN: HHH000402: Using Hibernate built-in connection pool (not for production use!)
oct 14, 2021 4:33:10 PM org.hibernate.engine.jdbc.connections.internal.DriverManagerConnectionProviderImpl buildCreator
INFO: HHH000401: using driver [com.mysql.jdbc.Driver] at URL [jdbc:mysql://localhost:3306/Microcosmos?zeroDateTimeBehavior=convertToNull]
oct 14, 2021 4:33:10 PM org.hibernate.engine.jdbc.connections.internal.DriverManagerConnectionProviderImpl buildCreator
INFO: HHH000046: Connection properties: {user=root, password=****}
oct 14, 2021 4:33:10 PM org.hibernate.engine.jdbc.connections.internal.DriverManagerConnectionProviderImpl buildCreator
INFO: HHH000006: Autocommit mode: false
oct 14, 2021 4:33:10 PM org.hibernate.engine.jdbc.connections.internal.DriverManagerConnectionProviderImpl configure
INFO: HHH000115: Hibernate connection pool size: 20 (min=1)
oct 14, 2021 4:33:10 PM org.hibernate.dialect.Dialect <init>
INFO: HHH000400: Using dialect: org.hibernate.dialect.MySQLDialect
oct 14, 2021 4:33:10 PM org.hibernate.hql.internal.ast.ASTQueryTranslatorFactory <init>
INFO: HHH000397: Using ASTQueryTranslatorFactory
oct 14, 2021 4:33:10 PM org.hibernate.tool.hbm2ddl.SchemaValidator validate
INFO: HHH000229: Running schema validator
oct 14, 2021 4:33:10 PM org.hibernate.tool.hbm2ddl.SchemaValidator validate
INFO: HHH000102: Fetching database metadata
oct 14, 2021 4:33:10 PM org.hibernate.tool.hbm2ddl.TableMetadata <init>
INFO: HHH000261: Table found: microcosmos.arealaboral
oct 14, 2021 4:33:10 PM org.hibernate.tool.hbm2ddl.TableMetadata <init>
INFO: HHH000037: Columns: [idarealaboral, descripcionarealaboral, nombrearealaboral, activoarealaboral]
oct 14, 2021 4:33:10 PM org.hibernate.tool.hbm2ddl.TableMetadata <init>
INFO: HHH000261: Table found: microcosmos.arealaboralhistorica
oct 14, 2021 4:33:10 PM org.hibernate.tool.hbm2ddl.TableMetadata <init>
INFO: HHH000037: Columns: [idempleados, fechaconclusion, fechacomienzo, idarealaboralhistorica]
oct 14, 2021 4:33:10 PM org.hibernate.tool.hbm2ddl.TableMetadata <init>
INFO: HHH000261: Table found: microcosmos.articulo
oct 14, 2021 4:33:10 PM org.hibernate.tool.hbm2ddl.TableMetadata <init>
INFO: HHH000037: Columns: [idsecciontienda, stockmaximo, activoarticulo, nombrearticulo, stockminimo, precioarticulo, idtalla, stock, descripcionarticulo, idarticulo]
oct 14, 2021 4:33:10 PM org.hibernate.tool.hbm2ddl.TableMetadata <init>
INFO: HHH000261: Table found: microcosmos.clientes
oct 14, 2021 4:33:10 PM org.hibernate.tool.hbm2ddl.TableMetadata <init>
INFO: HHH000037: Columns: [telefonocliente, direccioncliente, idtipodocumento, idsexo, documento, activocliente, idcliente, nombrecliente, apellidocliente, correocliente]
oct 14, 2021 4:33:10 PM org.hibernate.tool.hbm2ddl.TableMetadata <init>
INFO: HHH000261: Table found: microcosmos.compra
oct 14, 2021 4:33:10 PM org.hibernate.tool.hbm2ddl.TableMetadata <init>
INFO: HHH000037: Columns: [idcompra, fechapedido, idproveedor, idempleados, fecharecibido, totalcompra, idestado]
oct 14, 2021 4:33:10 PM org.hibernate.tool.hbm2ddl.TableMetadata <init>
INFO: HHH000261: Table found: microcosmos.detallecompra
oct 14, 2021 4:33:10 PM org.hibernate.tool.hbm2ddl.TableMetadata <init>
INFO: HHH000037: Columns: [idcompra, iddetallecompra, preciocompra, cantidad, idarticulo]
oct 14, 2021 4:33:10 PM org.hibernate.tool.hbm2ddl.TableMetadata <init>
INFO: HHH000261: Table found: microcosmos.detalleventa
oct 14, 2021 4:33:10 PM org.hibernate.tool.hbm2ddl.TableMetadata <init>
INFO: HHH000037: Columns: [idventa, iddetalleventa, cantidad, idarticulo]
oct 14, 2021 4:33:10 PM org.hibernate.tool.hbm2ddl.TableMetadata <init>
INFO: HHH000261: Table found: microcosmos.empleados
oct 14, 2021 4:33:10 PM org.hibernate.tool.hbm2ddl.TableMetadata <init>
INFO: HHH000037: Columns: [idempleados, idarealaboral, idtipodocumento, idsexo, telefonoempleado, documento, nombreempleado, correoempleado, apellidoempleado, fechadenacimiento, activoempleado]
oct 14, 2021 4:33:10 PM org.hibernate.tool.hbm2ddl.TableMetadata <init>
INFO: HHH000261: Table found: microcosmos.entidades
oct 14, 2021 4:33:10 PM org.hibernate.tool.hbm2ddl.TableMetadata <init>
INFO: HHH000037: Columns: [identidad, activoentidad, nombreentidad]
oct 14, 2021 4:33:10 PM org.hibernate.tool.hbm2ddl.TableMetadata <init>
INFO: HHH000261: Table found: microcosmos.estado
oct 14, 2021 4:33:10 PM org.hibernate.tool.hbm2ddl.TableMetadata <init>
INFO: HHH000037: Columns: [nombreestado, activoestado, identidad, descripcionestado, idestado]
oct 14, 2021 4:33:10 PM org.hibernate.tool.hbm2ddl.TableMetadata <init>
INFO: HHH000261: Table found: microcosmos.facturasdevueltas
oct 14, 2021 4:33:10 PM org.hibernate.tool.hbm2ddl.TableMetadata <init>
INFO: HHH000037: Columns: [idventa, descripcion, fechadevolucion, idempleados, idfacturadevuelta]
oct 14, 2021 4:33:10 PM org.hibernate.tool.hbm2ddl.TableMetadata <init>
INFO: HHH000261: Table found: microcosmos.parametros
oct 14, 2021 4:33:10 PM org.hibernate.tool.hbm2ddl.TableMetadata <init>
INFO: HHH000037: Columns: [facturainicial, fechaemision, facturafinal, activoparametros, fechacaducidad, cai, idparametros]
oct 14, 2021 4:33:10 PM org.hibernate.tool.hbm2ddl.TableMetadata <init>
INFO: HHH000261: Table found: microcosmos.pedidosdevueltos
oct 14, 2021 4:33:10 PM org.hibernate.tool.hbm2ddl.TableMetadata <init>
INFO: HHH000037: Columns: [idcompra, descripcion, idempleados, idpedidosdevueltos, fechaanulacion]
oct 14, 2021 4:33:10 PM org.hibernate.tool.hbm2ddl.TableMetadata <init>
INFO: HHH000261: Table found: microcosmos.preciohistorico
oct 14, 2021 4:33:10 PM org.hibernate.tool.hbm2ddl.TableMetadata <init>
INFO: HHH000037: Columns: [precio, idpreciohistorico, fechainicial, fechafinal, idarticulo, activopreciohistorico]
oct 14, 2021 4:33:11 PM org.hibernate.tool.hbm2ddl.TableMetadata <init>
INFO: HHH000261: Table found: microcosmos.proveedores
oct 14, 2021 4:33:11 PM org.hibernate.tool.hbm2ddl.TableMetadata <init>
INFO: HHH000037: Columns: [idproveedor, activoproveedor, idtipodocumento, nombreproveedor, correoproveedor, telefonoproveedor, documento, ubicacionproveedor]
oct 14, 2021 4:33:11 PM org.hibernate.tool.hbm2ddl.TableMetadata <init>
INFO: HHH000261: Table found: microcosmos.secciontienda
oct 14, 2021 4:33:11 PM org.hibernate.tool.hbm2ddl.TableMetadata <init>
INFO: HHH000037: Columns: [idsecciontienda, descripcionsecciontienda, nombresecciontienda, activosecciontienda]
oct 14, 2021 4:33:11 PM org.hibernate.tool.hbm2ddl.TableMetadata <init>
INFO: HHH000261: Table found: microcosmos.sexo
oct 14, 2021 4:33:11 PM org.hibernate.tool.hbm2ddl.TableMetadata <init>
INFO: HHH000037: Columns: [idsexo, nombresexo, descripcionsexo]
oct 14, 2021 4:33:11 PM org.hibernate.tool.hbm2ddl.TableMetadata <init>
INFO: HHH000261: Table found: microcosmos.talla
oct 14, 2021 4:33:11 PM org.hibernate.tool.hbm2ddl.TableMetadata <init>
INFO: HHH000037: Columns: [activotalla, nombretalla, descripciontalla, idtalla]
oct 14, 2021 4:33:11 PM org.hibernate.tool.hbm2ddl.TableMetadata <init>
INFO: HHH000261: Table found: microcosmos.tipodepago
oct 14, 2021 4:33:11 PM org.hibernate.tool.hbm2ddl.TableMetadata <init>
INFO: HHH000037: Columns: [descripciontipodepago, nombretipodepago, idtipodepago, activotipodepago]
oct 14, 2021 4:33:11 PM org.hibernate.tool.hbm2ddl.TableMetadata <init>
INFO: HHH000261: Table found: microcosmos.tipodocumento
oct 14, 2021 4:33:11 PM org.hibernate.tool.hbm2ddl.TableMetadata <init>
INFO: HHH000037: Columns: [nombretipodocumento, descripciontipodocumento, activotipodocumento, idtipodocumento]
oct 14, 2021 4:33:11 PM org.hibernate.tool.hbm2ddl.TableMetadata <init>
INFO: HHH000261: Table found: microcosmos.usuarios
oct 14, 2021 4:33:11 PM org.hibernate.tool.hbm2ddl.TableMetadata <init>
INFO: HHH000037: Columns: [nombreusuario, idempleados, numerodeintentos, activousuario, admin, contrasena, idusuario]
oct 14, 2021 4:33:11 PM org.hibernate.tool.hbm2ddl.TableMetadata <init>
INFO: HHH000261: Table found: microcosmos.venta
oct 14, 2021 4:33:11 PM org.hibernate.tool.hbm2ddl.TableMetadata <init>
INFO: HHH000037: Columns: [numtarjeta, idtipodepago, formato, montoefectivo, idcliente, idestado, idventa, total, idempleados, impuesto, subtotal, montotarjeta, fechaventa, idparametros]
oct 14, 2021 4:33:11 PM org.hibernate.jpa.internal.EntityManagerFactoryRegistry addEntityManagerFactory
WARN: HHH000436: Entity manager factory name (DB) is already registered.  If entity manager will be clustered or passivated, specify a unique value for property 'hibernate.ejb.entitymanager_factory_name'
oct 14, 2021 4:33:11 PM org.hibernate.ejb.HibernatePersistence logDeprecation
WARN: HHH015016: Encountered a deprecated javax.persistence.spi.PersistenceProvider [org.hibernate.ejb.HibernatePersistence]; use [org.hibernate.jpa.HibernatePersistenceProvider] instead.
oct 14, 2021 4:33:11 PM org.hibernate.ejb.HibernatePersistence logDeprecation
WARN: HHH015016: Encountered a deprecated javax.persistence.spi.PersistenceProvider [org.hibernate.ejb.HibernatePersistence]; use [org.hibernate.jpa.HibernatePersistenceProvider] instead.
oct 14, 2021 4:33:11 PM org.hibernate.ejb.HibernatePersistence logDeprecation
WARN: HHH015016: Encountered a deprecated javax.persistence.spi.PersistenceProvider [org.hibernate.ejb.HibernatePersistence]; use [org.hibernate.jpa.HibernatePersistenceProvider] instead.
oct 14, 2021 4:33:11 PM org.hibernate.jpa.internal.util.LogHelper logPersistenceUnitInformation
INFO: HHH000204: Processing PersistenceUnitInfo [
	name: DB
	...]
oct 14, 2021 4:33:11 PM org.hibernate.engine.jdbc.connections.internal.DriverManagerConnectionProviderImpl configure
WARN: HHH000402: Using Hibernate built-in connection pool (not for production use!)
oct 14, 2021 4:33:11 PM org.hibernate.engine.jdbc.connections.internal.DriverManagerConnectionProviderImpl buildCreator
INFO: HHH000401: using driver [com.mysql.jdbc.Driver] at URL [jdbc:mysql://localhost:3306/Microcosmos?zeroDateTimeBehavior=convertToNull]
oct 14, 2021 4:33:11 PM org.hibernate.engine.jdbc.connections.internal.DriverManagerConnectionProviderImpl buildCreator
INFO: HHH000046: Connection properties: {user=root, password=****}
oct 14, 2021 4:33:11 PM org.hibernate.engine.jdbc.connections.internal.DriverManagerConnectionProviderImpl buildCreator
INFO: HHH000006: Autocommit mode: false
oct 14, 2021 4:33:11 PM org.hibernate.engine.jdbc.connections.internal.DriverManagerConnectionProviderImpl configure
INFO: HHH000115: Hibernate connection pool size: 20 (min=1)
oct 14, 2021 4:33:11 PM org.hibernate.dialect.Dialect <init>
INFO: HHH000400: Using dialect: org.hibernate.dialect.MySQLDialect
oct 14, 2021 4:33:11 PM org.hibernate.hql.internal.ast.ASTQueryTranslatorFactory <init>
INFO: HHH000397: Using ASTQueryTranslatorFactory
oct 14, 2021 4:33:11 PM org.hibernate.tool.hbm2ddl.SchemaValidator validate
INFO: HHH000229: Running schema validator
oct 14, 2021 4:33:11 PM org.hibernate.tool.hbm2ddl.SchemaValidator validate
INFO: HHH000102: Fetching database metadata
oct 14, 2021 4:33:11 PM org.hibernate.tool.hbm2ddl.TableMetadata <init>
INFO: HHH000261: Table found: microcosmos.arealaboral
oct 14, 2021 4:33:11 PM org.hibernate.tool.hbm2ddl.TableMetadata <init>
INFO: HHH000037: Columns: [idarealaboral, descripcionarealaboral, nombrearealaboral, activoarealaboral]
oct 14, 2021 4:33:11 PM org.hibernate.tool.hbm2ddl.TableMetadata <init>
INFO: HHH000261: Table found: microcosmos.arealaboralhistorica
oct 14, 2021 4:33:11 PM org.hibernate.tool.hbm2ddl.TableMetadata <init>
INFO: HHH000037: Columns: [idempleados, fechaconclusion, fechacomienzo, idarealaboralhistorica]
oct 14, 2021 4:33:11 PM org.hibernate.tool.hbm2ddl.TableMetadata <init>
INFO: HHH000261: Table found: microcosmos.articulo
oct 14, 2021 4:33:11 PM org.hibernate.tool.hbm2ddl.TableMetadata <init>
INFO: HHH000037: Columns: [idsecciontienda, stockmaximo, activoarticulo, nombrearticulo, stockminimo, precioarticulo, idtalla, stock, descripcionarticulo, idarticulo]
oct 14, 2021 4:33:11 PM org.hibernate.tool.hbm2ddl.TableMetadata <init>
INFO: HHH000261: Table found: microcosmos.clientes
oct 14, 2021 4:33:11 PM org.hibernate.tool.hbm2ddl.TableMetadata <init>
INFO: HHH000037: Columns: [telefonocliente, direccioncliente, idtipodocumento, idsexo, documento, activocliente, idcliente, nombrecliente, apellidocliente, correocliente]
oct 14, 2021 4:33:11 PM org.hibernate.tool.hbm2ddl.TableMetadata <init>
INFO: HHH000261: Table found: microcosmos.compra
oct 14, 2021 4:33:11 PM org.hibernate.tool.hbm2ddl.TableMetadata <init>
INFO: HHH000037: Columns: [idcompra, fechapedido, idproveedor, idempleados, fecharecibido, totalcompra, idestado]
oct 14, 2021 4:33:11 PM org.hibernate.tool.hbm2ddl.TableMetadata <init>
INFO: HHH000261: Table found: microcosmos.detallecompra
oct 14, 2021 4:33:11 PM org.hibernate.tool.hbm2ddl.TableMetadata <init>
INFO: HHH000037: Columns: [idcompra, iddetallecompra, preciocompra, cantidad, idarticulo]
oct 14, 2021 4:33:11 PM org.hibernate.tool.hbm2ddl.TableMetadata <init>
INFO: HHH000261: Table found: microcosmos.detalleventa
oct 14, 2021 4:33:11 PM org.hibernate.tool.hbm2ddl.TableMetadata <init>
INFO: HHH000037: Columns: [idventa, iddetalleventa, cantidad, idarticulo]
oct 14, 2021 4:33:11 PM org.hibernate.tool.hbm2ddl.TableMetadata <init>
INFO: HHH000261: Table found: microcosmos.empleados
oct 14, 2021 4:33:11 PM org.hibernate.tool.hbm2ddl.TableMetadata <init>
INFO: HHH000037: Columns: [idempleados, idarealaboral, idtipodocumento, idsexo, telefonoempleado, documento, nombreempleado, correoempleado, apellidoempleado, fechadenacimiento, activoempleado]
oct 14, 2021 4:33:11 PM org.hibernate.tool.hbm2ddl.TableMetadata <init>
INFO: HHH000261: Table found: microcosmos.entidades
oct 14, 2021 4:33:11 PM org.hibernate.tool.hbm2ddl.TableMetadata <init>
INFO: HHH000037: Columns: [identidad, activoentidad, nombreentidad]
oct 14, 2021 4:33:11 PM org.hibernate.tool.hbm2ddl.TableMetadata <init>
INFO: HHH000261: Table found: microcosmos.estado
oct 14, 2021 4:33:11 PM org.hibernate.tool.hbm2ddl.TableMetadata <init>
INFO: HHH000037: Columns: [nombreestado, activoestado, identidad, descripcionestado, idestado]
oct 14, 2021 4:33:11 PM org.hibernate.tool.hbm2ddl.TableMetadata <init>
INFO: HHH000261: Table found: microcosmos.facturasdevueltas
oct 14, 2021 4:33:11 PM org.hibernate.tool.hbm2ddl.TableMetadata <init>
INFO: HHH000037: Columns: [idventa, descripcion, fechadevolucion, idempleados, idfacturadevuelta]
oct 14, 2021 4:33:11 PM org.hibernate.tool.hbm2ddl.TableMetadata <init>
INFO: HHH000261: Table found: microcosmos.parametros
oct 14, 2021 4:33:11 PM org.hibernate.tool.hbm2ddl.TableMetadata <init>
INFO: HHH000037: Columns: [facturainicial, fechaemision, facturafinal, activoparametros, fechacaducidad, cai, idparametros]
oct 14, 2021 4:33:11 PM org.hibernate.tool.hbm2ddl.TableMetadata <init>
INFO: HHH000261: Table found: microcosmos.pedidosdevueltos
oct 14, 2021 4:33:11 PM org.hibernate.tool.hbm2ddl.TableMetadata <init>
INFO: HHH000037: Columns: [idcompra, descripcion, idempleados, idpedidosdevueltos, fechaanulacion]
oct 14, 2021 4:33:11 PM org.hibernate.tool.hbm2ddl.TableMetadata <init>
INFO: HHH000261: Table found: microcosmos.preciohistorico
oct 14, 2021 4:33:11 PM org.hibernate.tool.hbm2ddl.TableMetadata <init>
INFO: HHH000037: Columns: [precio, idpreciohistorico, fechainicial, fechafinal, idarticulo, activopreciohistorico]
oct 14, 2021 4:33:11 PM org.hibernate.tool.hbm2ddl.TableMetadata <init>
INFO: HHH000261: Table found: microcosmos.proveedores
oct 14, 2021 4:33:11 PM org.hibernate.tool.hbm2ddl.TableMetadata <init>
INFO: HHH000037: Columns: [idproveedor, activoproveedor, idtipodocumento, nombreproveedor, correoproveedor, telefonoproveedor, documento, ubicacionproveedor]
oct 14, 2021 4:33:11 PM org.hibernate.tool.hbm2ddl.TableMetadata <init>
INFO: HHH000261: Table found: microcosmos.secciontienda
oct 14, 2021 4:33:11 PM org.hibernate.tool.hbm2ddl.TableMetadata <init>
INFO: HHH000037: Columns: [idsecciontienda, descripcionsecciontienda, nombresecciontienda, activosecciontienda]
oct 14, 2021 4:33:11 PM org.hibernate.tool.hbm2ddl.TableMetadata <init>
INFO: HHH000261: Table found: microcosmos.sexo
oct 14, 2021 4:33:11 PM org.hibernate.tool.hbm2ddl.TableMetadata <init>
INFO: HHH000037: Columns: [idsexo, nombresexo, descripcionsexo]
oct 14, 2021 4:33:11 PM org.hibernate.tool.hbm2ddl.TableMetadata <init>
INFO: HHH000261: Table found: microcosmos.talla
oct 14, 2021 4:33:11 PM org.hibernate.tool.hbm2ddl.TableMetadata <init>
INFO: HHH000037: Columns: [activotalla, nombretalla, descripciontalla, idtalla]
oct 14, 2021 4:33:11 PM org.hibernate.tool.hbm2ddl.TableMetadata <init>
INFO: HHH000261: Table found: microcosmos.tipodepago
oct 14, 2021 4:33:11 PM org.hibernate.tool.hbm2ddl.TableMetadata <init>
INFO: HHH000037: Columns: [descripciontipodepago, nombretipodepago, idtipodepago, activotipodepago]
oct 14, 2021 4:33:11 PM org.hibernate.tool.hbm2ddl.TableMetadata <init>
INFO: HHH000261: Table found: microcosmos.tipodocumento
oct 14, 2021 4:33:11 PM org.hibernate.tool.hbm2ddl.TableMetadata <init>
INFO: HHH000037: Columns: [nombretipodocumento, descripciontipodocumento, activotipodocumento, idtipodocumento]
oct 14, 2021 4:33:11 PM org.hibernate.tool.hbm2ddl.TableMetadata <init>
INFO: HHH000261: Table found: microcosmos.usuarios
oct 14, 2021 4:33:11 PM org.hibernate.tool.hbm2ddl.TableMetadata <init>
INFO: HHH000037: Columns: [nombreusuario, idempleados, numerodeintentos, activousuario, admin, contrasena, idusuario]
oct 14, 2021 4:33:11 PM org.hibernate.tool.hbm2ddl.TableMetadata <init>
INFO: HHH000261: Table found: microcosmos.venta
oct 14, 2021 4:33:11 PM org.hibernate.tool.hbm2ddl.TableMetadata <init>
INFO: HHH000037: Columns: [numtarjeta, idtipodepago, formato, montoefectivo, idcliente, idestado, idventa, total, idempleados, impuesto, subtotal, montotarjeta, fechaventa, idparametros]
oct 14, 2021 4:33:11 PM org.hibernate.jpa.internal.EntityManagerFactoryRegistry addEntityManagerFactory
WARN: HHH000436: Entity manager factory name (DB) is already registered.  If entity manager will be clustered or passivated, specify a unique value for property 'hibernate.ejb.entitymanager_factory_name'
oct 14, 2021 4:33:11 PM org.hibernate.ejb.HibernatePersistence logDeprecation
WARN: HHH015016: Encountered a deprecated javax.persistence.spi.PersistenceProvider [org.hibernate.ejb.HibernatePersistence]; use [org.hibernate.jpa.HibernatePersistenceProvider] instead.
oct 14, 2021 4:33:11 PM org.hibernate.ejb.HibernatePersistence logDeprecation
WARN: HHH015016: Encountered a deprecated javax.persistence.spi.PersistenceProvider [org.hibernate.ejb.HibernatePersistence]; use [org.hibernate.jpa.HibernatePersistenceProvider] instead.
oct 14, 2021 4:33:11 PM org.hibernate.ejb.HibernatePersistence logDeprecation
WARN: HHH015016: Encountered a deprecated javax.persistence.spi.PersistenceProvider [org.hibernate.ejb.HibernatePersistence]; use [org.hibernate.jpa.HibernatePersistenceProvider] instead.
oct 14, 2021 4:33:11 PM org.hibernate.jpa.internal.util.LogHelper logPersistenceUnitInformation
INFO: HHH000204: Processing PersistenceUnitInfo [
	name: DB
	...]
oct 14, 2021 4:33:11 PM org.hibernate.engine.jdbc.connections.internal.DriverManagerConnectionProviderImpl configure
WARN: HHH000402: Using Hibernate built-in connection pool (not for production use!)
oct 14, 2021 4:33:11 PM org.hibernate.engine.jdbc.connections.internal.DriverManagerConnectionProviderImpl buildCreator
INFO: HHH000401: using driver [com.mysql.jdbc.Driver] at URL [jdbc:mysql://localhost:3306/Microcosmos?zeroDateTimeBehavior=convertToNull]
oct 14, 2021 4:33:11 PM org.hibernate.engine.jdbc.connections.internal.DriverManagerConnectionProviderImpl buildCreator
INFO: HHH000046: Connection properties: {user=root, password=****}
oct 14, 2021 4:33:11 PM org.hibernate.engine.jdbc.connections.internal.DriverManagerConnectionProviderImpl buildCreator
INFO: HHH000006: Autocommit mode: false
oct 14, 2021 4:33:11 PM org.hibernate.engine.jdbc.connections.internal.DriverManagerConnectionProviderImpl configure
INFO: HHH000115: Hibernate connection pool size: 20 (min=1)
oct 14, 2021 4:33:11 PM org.hibernate.dialect.Dialect <init>
INFO: HHH000400: Using dialect: org.hibernate.dialect.MySQLDialect
oct 14, 2021 4:33:11 PM org.hibernate.hql.internal.ast.ASTQueryTranslatorFactory <init>
INFO: HHH000397: Using ASTQueryTranslatorFactory
oct 14, 2021 4:33:11 PM org.hibernate.tool.hbm2ddl.SchemaValidator validate
INFO: HHH000229: Running schema validator
oct 14, 2021 4:33:11 PM org.hibernate.tool.hbm2ddl.SchemaValidator validate
INFO: HHH000102: Fetching database metadata
oct 14, 2021 4:33:11 PM org.hibernate.tool.hbm2ddl.TableMetadata <init>
INFO: HHH000261: Table found: microcosmos.arealaboral
oct 14, 2021 4:33:11 PM org.hibernate.tool.hbm2ddl.TableMetadata <init>
INFO: HHH000037: Columns: [idarealaboral, descripcionarealaboral, nombrearealaboral, activoarealaboral]
oct 14, 2021 4:33:11 PM org.hibernate.tool.hbm2ddl.TableMetadata <init>
INFO: HHH000261: Table found: microcosmos.arealaboralhistorica
oct 14, 2021 4:33:11 PM org.hibernate.tool.hbm2ddl.TableMetadata <init>
INFO: HHH000037: Columns: [idempleados, fechaconclusion, fechacomienzo, idarealaboralhistorica]
oct 14, 2021 4:33:11 PM org.hibernate.tool.hbm2ddl.TableMetadata <init>
INFO: HHH000261: Table found: microcosmos.articulo
oct 14, 2021 4:33:11 PM org.hibernate.tool.hbm2ddl.TableMetadata <init>
INFO: HHH000037: Columns: [idsecciontienda, stockmaximo, activoarticulo, nombrearticulo, stockminimo, precioarticulo, idtalla, stock, descripcionarticulo, idarticulo]
oct 14, 2021 4:33:11 PM org.hibernate.tool.hbm2ddl.TableMetadata <init>
INFO: HHH000261: Table found: microcosmos.clientes
oct 14, 2021 4:33:11 PM org.hibernate.tool.hbm2ddl.TableMetadata <init>
INFO: HHH000037: Columns: [telefonocliente, direccioncliente, idtipodocumento, idsexo, documento, activocliente, idcliente, nombrecliente, apellidocliente, correocliente]
oct 14, 2021 4:33:11 PM org.hibernate.tool.hbm2ddl.TableMetadata <init>
INFO: HHH000261: Table found: microcosmos.compra
oct 14, 2021 4:33:11 PM org.hibernate.tool.hbm2ddl.TableMetadata <init>
INFO: HHH000037: Columns: [idcompra, fechapedido, idproveedor, idempleados, fecharecibido, totalcompra, idestado]
oct 14, 2021 4:33:11 PM org.hibernate.tool.hbm2ddl.TableMetadata <init>
INFO: HHH000261: Table found: microcosmos.detallecompra
oct 14, 2021 4:33:11 PM org.hibernate.tool.hbm2ddl.TableMetadata <init>
INFO: HHH000037: Columns: [idcompra, iddetallecompra, preciocompra, cantidad, idarticulo]
oct 14, 2021 4:33:11 PM org.hibernate.tool.hbm2ddl.TableMetadata <init>
INFO: HHH000261: Table found: microcosmos.detalleventa
oct 14, 2021 4:33:11 PM org.hibernate.tool.hbm2ddl.TableMetadata <init>
INFO: HHH000037: Columns: [idventa, iddetalleventa, cantidad, idarticulo]
oct 14, 2021 4:33:11 PM org.hibernate.tool.hbm2ddl.TableMetadata <init>
INFO: HHH000261: Table found: microcosmos.empleados
oct 14, 2021 4:33:11 PM org.hibernate.tool.hbm2ddl.TableMetadata <init>
INFO: HHH000037: Columns: [idempleados, idarealaboral, idtipodocumento, idsexo, telefonoempleado, documento, nombreempleado, correoempleado, apellidoempleado, fechadenacimiento, activoempleado]
oct 14, 2021 4:33:11 PM org.hibernate.tool.hbm2ddl.TableMetadata <init>
INFO: HHH000261: Table found: microcosmos.entidades
oct 14, 2021 4:33:11 PM org.hibernate.tool.hbm2ddl.TableMetadata <init>
INFO: HHH000037: Columns: [identidad, activoentidad, nombreentidad]
oct 14, 2021 4:33:11 PM org.hibernate.tool.hbm2ddl.TableMetadata <init>
INFO: HHH000261: Table found: microcosmos.estado
oct 14, 2021 4:33:11 PM org.hibernate.tool.hbm2ddl.TableMetadata <init>
INFO: HHH000037: Columns: [nombreestado, activoestado, identidad, descripcionestado, idestado]
oct 14, 2021 4:33:11 PM org.hibernate.tool.hbm2ddl.TableMetadata <init>
INFO: HHH000261: Table found: microcosmos.facturasdevueltas
oct 14, 2021 4:33:11 PM org.hibernate.tool.hbm2ddl.TableMetadata <init>
INFO: HHH000037: Columns: [idventa, descripcion, fechadevolucion, idempleados, idfacturadevuelta]
oct 14, 2021 4:33:11 PM org.hibernate.tool.hbm2ddl.TableMetadata <init>
INFO: HHH000261: Table found: microcosmos.parametros
oct 14, 2021 4:33:11 PM org.hibernate.tool.hbm2ddl.TableMetadata <init>
INFO: HHH000037: Columns: [facturainicial, fechaemision, facturafinal, activoparametros, fechacaducidad, cai, idparametros]
oct 14, 2021 4:33:11 PM org.hibernate.tool.hbm2ddl.TableMetadata <init>
INFO: HHH000261: Table found: microcosmos.pedidosdevueltos
oct 14, 2021 4:33:11 PM org.hibernate.tool.hbm2ddl.TableMetadata <init>
INFO: HHH000037: Columns: [idcompra, descripcion, idempleados, idpedidosdevueltos, fechaanulacion]
oct 14, 2021 4:33:11 PM org.hibernate.tool.hbm2ddl.TableMetadata <init>
INFO: HHH000261: Table found: microcosmos.preciohistorico
oct 14, 2021 4:33:11 PM org.hibernate.tool.hbm2ddl.TableMetadata <init>
INFO: HHH000037: Columns: [precio, idpreciohistorico, fechainicial, fechafinal, idarticulo, activopreciohistorico]
oct 14, 2021 4:33:11 PM org.hibernate.tool.hbm2ddl.TableMetadata <init>
INFO: HHH000261: Table found: microcosmos.proveedores
oct 14, 2021 4:33:11 PM org.hibernate.tool.hbm2ddl.TableMetadata <init>
INFO: HHH000037: Columns: [idproveedor, activoproveedor, idtipodocumento, nombreproveedor, correoproveedor, telefonoproveedor, documento, ubicacionproveedor]
oct 14, 2021 4:33:11 PM org.hibernate.tool.hbm2ddl.TableMetadata <init>
INFO: HHH000261: Table found: microcosmos.secciontienda
oct 14, 2021 4:33:11 PM org.hibernate.tool.hbm2ddl.TableMetadata <init>
INFO: HHH000037: Columns: [idsecciontienda, descripcionsecciontienda, nombresecciontienda, activosecciontienda]
oct 14, 2021 4:33:11 PM org.hibernate.tool.hbm2ddl.TableMetadata <init>
INFO: HHH000261: Table found: microcosmos.sexo
oct 14, 2021 4:33:11 PM org.hibernate.tool.hbm2ddl.TableMetadata <init>
INFO: HHH000037: Columns: [idsexo, nombresexo, descripcionsexo]
oct 14, 2021 4:33:11 PM org.hibernate.tool.hbm2ddl.TableMetadata <init>
INFO: HHH000261: Table found: microcosmos.talla
oct 14, 2021 4:33:11 PM org.hibernate.tool.hbm2ddl.TableMetadata <init>
INFO: HHH000037: Columns: [activotalla, nombretalla, descripciontalla, idtalla]
oct 14, 2021 4:33:11 PM org.hibernate.tool.hbm2ddl.TableMetadata <init>
INFO: HHH000261: Table found: microcosmos.tipodepago
oct 14, 2021 4:33:11 PM org.hibernate.tool.hbm2ddl.TableMetadata <init>
INFO: HHH000037: Columns: [descripciontipodepago, nombretipodepago, idtipodepago, activotipodepago]
oct 14, 2021 4:33:11 PM org.hibernate.tool.hbm2ddl.TableMetadata <init>
INFO: HHH000261: Table found: microcosmos.tipodocumento
oct 14, 2021 4:33:11 PM org.hibernate.tool.hbm2ddl.TableMetadata <init>
INFO: HHH000037: Columns: [nombretipodocumento, descripciontipodocumento, activotipodocumento, idtipodocumento]
oct 14, 2021 4:33:11 PM org.hibernate.tool.hbm2ddl.TableMetadata <init>
INFO: HHH000261: Table found: microcosmos.usuarios
oct 14, 2021 4:33:11 PM org.hibernate.tool.hbm2ddl.TableMetadata <init>
INFO: HHH000037: Columns: [nombreusuario, idempleados, numerodeintentos, activousuario, admin, contrasena, idusuario]
oct 14, 2021 4:33:11 PM org.hibernate.tool.hbm2ddl.TableMetadata <init>
INFO: HHH000261: Table found: microcosmos.venta
oct 14, 2021 4:33:11 PM org.hibernate.tool.hbm2ddl.TableMetadata <init>
INFO: HHH000037: Columns: [numtarjeta, idtipodepago, formato, montoefectivo, idcliente, idestado, idventa, total, idempleados, impuesto, subtotal, montotarjeta, fechaventa, idparametros]
oct 14, 2021 4:33:11 PM org.hibernate.jpa.internal.EntityManagerFactoryRegistry addEntityManagerFactory
WARN: HHH000436: Entity manager factory name (DB) is already registered.  If entity manager will be clustered or passivated, specify a unique value for property 'hibernate.ejb.entitymanager_factory_name'
oct 14, 2021 4:33:11 PM org.hibernate.ejb.HibernatePersistence logDeprecation
WARN: HHH015016: Encountered a deprecated javax.persistence.spi.PersistenceProvider [org.hibernate.ejb.HibernatePersistence]; use [org.hibernate.jpa.HibernatePersistenceProvider] instead.
oct 14, 2021 4:33:11 PM org.hibernate.ejb.HibernatePersistence logDeprecation
WARN: HHH015016: Encountered a deprecated javax.persistence.spi.PersistenceProvider [org.hibernate.ejb.HibernatePersistence]; use [org.hibernate.jpa.HibernatePersistenceProvider] instead.
oct 14, 2021 4:33:11 PM org.hibernate.ejb.HibernatePersistence logDeprecation
WARN: HHH015016: Encountered a deprecated javax.persistence.spi.PersistenceProvider [org.hibernate.ejb.HibernatePersistence]; use [org.hibernate.jpa.HibernatePersistenceProvider] instead.
oct 14, 2021 4:33:11 PM org.hibernate.jpa.internal.util.LogHelper logPersistenceUnitInformation
INFO: HHH000204: Processing PersistenceUnitInfo [
	name: DB
	...]
oct 14, 2021 4:33:11 PM org.hibernate.engine.jdbc.connections.internal.DriverManagerConnectionProviderImpl configure
WARN: HHH000402: Using Hibernate built-in connection pool (not for production use!)
oct 14, 2021 4:33:11 PM org.hibernate.engine.jdbc.connections.internal.DriverManagerConnectionProviderImpl buildCreator
INFO: HHH000401: using driver [com.mysql.jdbc.Driver] at URL [jdbc:mysql://localhost:3306/Microcosmos?zeroDateTimeBehavior=convertToNull]
oct 14, 2021 4:33:11 PM org.hibernate.engine.jdbc.connections.internal.DriverManagerConnectionProviderImpl buildCreator
INFO: HHH000046: Connection properties: {user=root, password=****}
oct 14, 2021 4:33:11 PM org.hibernate.engine.jdbc.connections.internal.DriverManagerConnectionProviderImpl buildCreator
INFO: HHH000006: Autocommit mode: false
oct 14, 2021 4:33:11 PM org.hibernate.engine.jdbc.connections.internal.DriverManagerConnectionProviderImpl configure
INFO: HHH000115: Hibernate connection pool size: 20 (min=1)
oct 14, 2021 4:33:11 PM org.hibernate.dialect.Dialect <init>
INFO: HHH000400: Using dialect: org.hibernate.dialect.MySQLDialect
oct 14, 2021 4:33:11 PM org.hibernate.hql.internal.ast.ASTQueryTranslatorFactory <init>
INFO: HHH000397: Using ASTQueryTranslatorFactory
oct 14, 2021 4:33:11 PM org.hibernate.tool.hbm2ddl.SchemaValidator validate
INFO: HHH000229: Running schema validator
oct 14, 2021 4:33:11 PM org.hibernate.tool.hbm2ddl.SchemaValidator validate
INFO: HHH000102: Fetching database metadata
oct 14, 2021 4:33:11 PM org.hibernate.tool.hbm2ddl.TableMetadata <init>
INFO: HHH000261: Table found: microcosmos.arealaboral
oct 14, 2021 4:33:11 PM org.hibernate.tool.hbm2ddl.TableMetadata <init>
INFO: HHH000037: Columns: [idarealaboral, descripcionarealaboral, nombrearealaboral, activoarealaboral]
oct 14, 2021 4:33:11 PM org.hibernate.tool.hbm2ddl.TableMetadata <init>
INFO: HHH000261: Table found: microcosmos.arealaboralhistorica
oct 14, 2021 4:33:11 PM org.hibernate.tool.hbm2ddl.TableMetadata <init>
INFO: HHH000037: Columns: [idempleados, fechaconclusion, fechacomienzo, idarealaboralhistorica]
oct 14, 2021 4:33:11 PM org.hibernate.tool.hbm2ddl.TableMetadata <init>
INFO: HHH000261: Table found: microcosmos.articulo
oct 14, 2021 4:33:11 PM org.hibernate.tool.hbm2ddl.TableMetadata <init>
INFO: HHH000037: Columns: [idsecciontienda, stockmaximo, activoarticulo, nombrearticulo, stockminimo, precioarticulo, idtalla, stock, descripcionarticulo, idarticulo]
oct 14, 2021 4:33:11 PM org.hibernate.tool.hbm2ddl.TableMetadata <init>
INFO: HHH000261: Table found: microcosmos.clientes
oct 14, 2021 4:33:11 PM org.hibernate.tool.hbm2ddl.TableMetadata <init>
INFO: HHH000037: Columns: [telefonocliente, direccioncliente, idtipodocumento, idsexo, documento, activocliente, idcliente, nombrecliente, apellidocliente, correocliente]
oct 14, 2021 4:33:11 PM org.hibernate.tool.hbm2ddl.TableMetadata <init>
INFO: HHH000261: Table found: microcosmos.compra
oct 14, 2021 4:33:11 PM org.hibernate.tool.hbm2ddl.TableMetadata <init>
INFO: HHH000037: Columns: [idcompra, fechapedido, idproveedor, idempleados, fecharecibido, totalcompra, idestado]
oct 14, 2021 4:33:11 PM org.hibernate.tool.hbm2ddl.TableMetadata <init>
INFO: HHH000261: Table found: microcosmos.detallecompra
oct 14, 2021 4:33:11 PM org.hibernate.tool.hbm2ddl.TableMetadata <init>
INFO: HHH000037: Columns: [idcompra, iddetallecompra, preciocompra, cantidad, idarticulo]
oct 14, 2021 4:33:11 PM org.hibernate.tool.hbm2ddl.TableMetadata <init>
INFO: HHH000261: Table found: microcosmos.detalleventa
oct 14, 2021 4:33:11 PM org.hibernate.tool.hbm2ddl.TableMetadata <init>
INFO: HHH000037: Columns: [idventa, iddetalleventa, cantidad, idarticulo]
oct 14, 2021 4:33:11 PM org.hibernate.tool.hbm2ddl.TableMetadata <init>
INFO: HHH000261: Table found: microcosmos.empleados
oct 14, 2021 4:33:11 PM org.hibernate.tool.hbm2ddl.TableMetadata <init>
INFO: HHH000037: Columns: [idempleados, idarealaboral, idtipodocumento, idsexo, telefonoempleado, documento, nombreempleado, correoempleado, apellidoempleado, fechadenacimiento, activoempleado]
oct 14, 2021 4:33:11 PM org.hibernate.tool.hbm2ddl.TableMetadata <init>
INFO: HHH000261: Table found: microcosmos.entidades
oct 14, 2021 4:33:11 PM org.hibernate.tool.hbm2ddl.TableMetadata <init>
INFO: HHH000037: Columns: [identidad, activoentidad, nombreentidad]
oct 14, 2021 4:33:11 PM org.hibernate.tool.hbm2ddl.TableMetadata <init>
INFO: HHH000261: Table found: microcosmos.estado
oct 14, 2021 4:33:11 PM org.hibernate.tool.hbm2ddl.TableMetadata <init>
INFO: HHH000037: Columns: [nombreestado, activoestado, identidad, descripcionestado, idestado]
oct 14, 2021 4:33:11 PM org.hibernate.tool.hbm2ddl.TableMetadata <init>
INFO: HHH000261: Table found: microcosmos.facturasdevueltas
oct 14, 2021 4:33:11 PM org.hibernate.tool.hbm2ddl.TableMetadata <init>
INFO: HHH000037: Columns: [idventa, descripcion, fechadevolucion, idempleados, idfacturadevuelta]
oct 14, 2021 4:33:11 PM org.hibernate.tool.hbm2ddl.TableMetadata <init>
INFO: HHH000261: Table found: microcosmos.parametros
oct 14, 2021 4:33:11 PM org.hibernate.tool.hbm2ddl.TableMetadata <init>
INFO: HHH000037: Columns: [facturainicial, fechaemision, facturafinal, activoparametros, fechacaducidad, cai, idparametros]
oct 14, 2021 4:33:11 PM org.hibernate.tool.hbm2ddl.TableMetadata <init>
INFO: HHH000261: Table found: microcosmos.pedidosdevueltos
oct 14, 2021 4:33:11 PM org.hibernate.tool.hbm2ddl.TableMetadata <init>
INFO: HHH000037: Columns: [idcompra, descripcion, idempleados, idpedidosdevueltos, fechaanulacion]
oct 14, 2021 4:33:11 PM org.hibernate.tool.hbm2ddl.TableMetadata <init>
INFO: HHH000261: Table found: microcosmos.preciohistorico
oct 14, 2021 4:33:11 PM org.hibernate.tool.hbm2ddl.TableMetadata <init>
INFO: HHH000037: Columns: [precio, idpreciohistorico, fechainicial, fechafinal, idarticulo, activopreciohistorico]
oct 14, 2021 4:33:11 PM org.hibernate.tool.hbm2ddl.TableMetadata <init>
INFO: HHH000261: Table found: microcosmos.proveedores
oct 14, 2021 4:33:11 PM org.hibernate.tool.hbm2ddl.TableMetadata <init>
INFO: HHH000037: Columns: [idproveedor, activoproveedor, idtipodocumento, nombreproveedor, correoproveedor, telefonoproveedor, documento, ubicacionproveedor]
oct 14, 2021 4:33:11 PM org.hibernate.tool.hbm2ddl.TableMetadata <init>
INFO: HHH000261: Table found: microcosmos.secciontienda
oct 14, 2021 4:33:11 PM org.hibernate.tool.hbm2ddl.TableMetadata <init>
INFO: HHH000037: Columns: [idsecciontienda, descripcionsecciontienda, nombresecciontienda, activosecciontienda]
oct 14, 2021 4:33:11 PM org.hibernate.tool.hbm2ddl.TableMetadata <init>
INFO: HHH000261: Table found: microcosmos.sexo
oct 14, 2021 4:33:11 PM org.hibernate.tool.hbm2ddl.TableMetadata <init>
INFO: HHH000037: Columns: [idsexo, nombresexo, descripcionsexo]
oct 14, 2021 4:33:11 PM org.hibernate.tool.hbm2ddl.TableMetadata <init>
INFO: HHH000261: Table found: microcosmos.talla
oct 14, 2021 4:33:11 PM org.hibernate.tool.hbm2ddl.TableMetadata <init>
INFO: HHH000037: Columns: [activotalla, nombretalla, descripciontalla, idtalla]
oct 14, 2021 4:33:11 PM org.hibernate.tool.hbm2ddl.TableMetadata <init>
INFO: HHH000261: Table found: microcosmos.tipodepago
oct 14, 2021 4:33:11 PM org.hibernate.tool.hbm2ddl.TableMetadata <init>
INFO: HHH000037: Columns: [descripciontipodepago, nombretipodepago, idtipodepago, activotipodepago]
oct 14, 2021 4:33:11 PM org.hibernate.tool.hbm2ddl.TableMetadata <init>
INFO: HHH000261: Table found: microcosmos.tipodocumento
oct 14, 2021 4:33:11 PM org.hibernate.tool.hbm2ddl.TableMetadata <init>
INFO: HHH000037: Columns: [nombretipodocumento, descripciontipodocumento, activotipodocumento, idtipodocumento]
oct 14, 2021 4:33:11 PM org.hibernate.tool.hbm2ddl.TableMetadata <init>
INFO: HHH000261: Table found: microcosmos.usuarios
oct 14, 2021 4:33:11 PM org.hibernate.tool.hbm2ddl.TableMetadata <init>
INFO: HHH000037: Columns: [nombreusuario, idempleados, numerodeintentos, activousuario, admin, contrasena, idusuario]
oct 14, 2021 4:33:11 PM org.hibernate.tool.hbm2ddl.TableMetadata <init>
INFO: HHH000261: Table found: microcosmos.venta
oct 14, 2021 4:33:11 PM org.hibernate.tool.hbm2ddl.TableMetadata <init>
INFO: HHH000037: Columns: [numtarjeta, idtipodepago, formato, montoefectivo, idcliente, idestado, idventa, total, idempleados, impuesto, subtotal, montotarjeta, fechaventa, idparametros]
oct 14, 2021 4:33:11 PM org.hibernate.jpa.internal.EntityManagerFactoryRegistry addEntityManagerFactory
WARN: HHH000436: Entity manager factory name (DB) is already registered.  If entity manager will be clustered or passivated, specify a unique value for property 'hibernate.ejb.entitymanager_factory_name'
oct 14, 2021 4:33:11 PM org.hibernate.ejb.HibernatePersistence logDeprecation
WARN: HHH015016: Encountered a deprecated javax.persistence.spi.PersistenceProvider [org.hibernate.ejb.HibernatePersistence]; use [org.hibernate.jpa.HibernatePersistenceProvider] instead.
oct 14, 2021 4:33:11 PM org.hibernate.ejb.HibernatePersistence logDeprecation
WARN: HHH015016: Encountered a deprecated javax.persistence.spi.PersistenceProvider [org.hibernate.ejb.HibernatePersistence]; use [org.hibernate.jpa.HibernatePersistenceProvider] instead.
oct 14, 2021 4:33:11 PM org.hibernate.ejb.HibernatePersistence logDeprecation
WARN: HHH015016: Encountered a deprecated javax.persistence.spi.PersistenceProvider [org.hibernate.ejb.HibernatePersistence]; use [org.hibernate.jpa.HibernatePersistenceProvider] instead.
oct 14, 2021 4:33:11 PM org.hibernate.jpa.internal.util.LogHelper logPersistenceUnitInformation
INFO: HHH000204: Processing PersistenceUnitInfo [
	name: DB
	...]
oct 14, 2021 4:33:11 PM org.hibernate.engine.jdbc.connections.internal.DriverManagerConnectionProviderImpl configure
WARN: HHH000402: Using Hibernate built-in connection pool (not for production use!)
oct 14, 2021 4:33:11 PM org.hibernate.engine.jdbc.connections.internal.DriverManagerConnectionProviderImpl buildCreator
INFO: HHH000401: using driver [com.mysql.jdbc.Driver] at URL [jdbc:mysql://localhost:3306/Microcosmos?zeroDateTimeBehavior=convertToNull]
oct 14, 2021 4:33:11 PM org.hibernate.engine.jdbc.connections.internal.DriverManagerConnectionProviderImpl buildCreator
INFO: HHH000046: Connection properties: {user=root, password=****}
oct 14, 2021 4:33:11 PM org.hibernate.engine.jdbc.connections.internal.DriverManagerConnectionProviderImpl buildCreator
INFO: HHH000006: Autocommit mode: false
oct 14, 2021 4:33:11 PM org.hibernate.engine.jdbc.connections.internal.DriverManagerConnectionProviderImpl configure
INFO: HHH000115: Hibernate connection pool size: 20 (min=1)
oct 14, 2021 4:33:11 PM org.hibernate.dialect.Dialect <init>
INFO: HHH000400: Using dialect: org.hibernate.dialect.MySQLDialect
oct 14, 2021 4:33:11 PM org.hibernate.hql.internal.ast.ASTQueryTranslatorFactory <init>
INFO: HHH000397: Using ASTQueryTranslatorFactory
oct 14, 2021 4:33:11 PM org.hibernate.tool.hbm2ddl.SchemaValidator validate
INFO: HHH000229: Running schema validator
oct 14, 2021 4:33:11 PM org.hibernate.tool.hbm2ddl.SchemaValidator validate
INFO: HHH000102: Fetching database metadata
oct 14, 2021 4:33:11 PM org.hibernate.tool.hbm2ddl.TableMetadata <init>
INFO: HHH000261: Table found: microcosmos.arealaboral
oct 14, 2021 4:33:11 PM org.hibernate.tool.hbm2ddl.TableMetadata <init>
INFO: HHH000037: Columns: [idarealaboral, descripcionarealaboral, nombrearealaboral, activoarealaboral]
oct 14, 2021 4:33:11 PM org.hibernate.tool.hbm2ddl.TableMetadata <init>
INFO: HHH000261: Table found: microcosmos.arealaboralhistorica
oct 14, 2021 4:33:11 PM org.hibernate.tool.hbm2ddl.TableMetadata <init>
INFO: HHH000037: Columns: [idempleados, fechaconclusion, fechacomienzo, idarealaboralhistorica]
oct 14, 2021 4:33:11 PM org.hibernate.tool.hbm2ddl.TableMetadata <init>
INFO: HHH000261: Table found: microcosmos.articulo
oct 14, 2021 4:33:11 PM org.hibernate.tool.hbm2ddl.TableMetadata <init>
INFO: HHH000037: Columns: [idsecciontienda, stockmaximo, activoarticulo, nombrearticulo, stockminimo, precioarticulo, idtalla, stock, descripcionarticulo, idarticulo]
oct 14, 2021 4:33:11 PM org.hibernate.tool.hbm2ddl.TableMetadata <init>
INFO: HHH000261: Table found: microcosmos.clientes
oct 14, 2021 4:33:11 PM org.hibernate.tool.hbm2ddl.TableMetadata <init>
INFO: HHH000037: Columns: [telefonocliente, direccioncliente, idtipodocumento, idsexo, documento, activocliente, idcliente, nombrecliente, apellidocliente, correocliente]
oct 14, 2021 4:33:11 PM org.hibernate.tool.hbm2ddl.TableMetadata <init>
INFO: HHH000261: Table found: microcosmos.compra
oct 14, 2021 4:33:11 PM org.hibernate.tool.hbm2ddl.TableMetadata <init>
INFO: HHH000037: Columns: [idcompra, fechapedido, idproveedor, idempleados, fecharecibido, totalcompra, idestado]
oct 14, 2021 4:33:11 PM org.hibernate.tool.hbm2ddl.TableMetadata <init>
INFO: HHH000261: Table found: microcosmos.detallecompra
oct 14, 2021 4:33:11 PM org.hibernate.tool.hbm2ddl.TableMetadata <init>
INFO: HHH000037: Columns: [idcompra, iddetallecompra, preciocompra, cantidad, idarticulo]
oct 14, 2021 4:33:11 PM org.hibernate.tool.hbm2ddl.TableMetadata <init>
INFO: HHH000261: Table found: microcosmos.detalleventa
oct 14, 2021 4:33:11 PM org.hibernate.tool.hbm2ddl.TableMetadata <init>
INFO: HHH000037: Columns: [idventa, iddetalleventa, cantidad, idarticulo]
oct 14, 2021 4:33:11 PM org.hibernate.tool.hbm2ddl.TableMetadata <init>
INFO: HHH000261: Table found: microcosmos.empleados
oct 14, 2021 4:33:11 PM org.hibernate.tool.hbm2ddl.TableMetadata <init>
INFO: HHH000037: Columns: [idempleados, idarealaboral, idtipodocumento, idsexo, telefonoempleado, documento, nombreempleado, correoempleado, apellidoempleado, fechadenacimiento, activoempleado]
oct 14, 2021 4:33:11 PM org.hibernate.tool.hbm2ddl.TableMetadata <init>
INFO: HHH000261: Table found: microcosmos.entidades
oct 14, 2021 4:33:11 PM org.hibernate.tool.hbm2ddl.TableMetadata <init>
INFO: HHH000037: Columns: [identidad, activoentidad, nombreentidad]
oct 14, 2021 4:33:11 PM org.hibernate.tool.hbm2ddl.TableMetadata <init>
INFO: HHH000261: Table found: microcosmos.estado
oct 14, 2021 4:33:11 PM org.hibernate.tool.hbm2ddl.TableMetadata <init>
INFO: HHH000037: Columns: [nombreestado, activoestado, identidad, descripcionestado, idestado]
oct 14, 2021 4:33:11 PM org.hibernate.tool.hbm2ddl.TableMetadata <init>
INFO: HHH000261: Table found: microcosmos.facturasdevueltas
oct 14, 2021 4:33:11 PM org.hibernate.tool.hbm2ddl.TableMetadata <init>
INFO: HHH000037: Columns: [idventa, descripcion, fechadevolucion, idempleados, idfacturadevuelta]
oct 14, 2021 4:33:11 PM org.hibernate.tool.hbm2ddl.TableMetadata <init>
INFO: HHH000261: Table found: microcosmos.parametros
oct 14, 2021 4:33:11 PM org.hibernate.tool.hbm2ddl.TableMetadata <init>
INFO: HHH000037: Columns: [facturainicial, fechaemision, facturafinal, activoparametros, fechacaducidad, cai, idparametros]
oct 14, 2021 4:33:11 PM org.hibernate.tool.hbm2ddl.TableMetadata <init>
INFO: HHH000261: Table found: microcosmos.pedidosdevueltos
oct 14, 2021 4:33:11 PM org.hibernate.tool.hbm2ddl.TableMetadata <init>
INFO: HHH000037: Columns: [idcompra, descripcion, idempleados, idpedidosdevueltos, fechaanulacion]
oct 14, 2021 4:33:11 PM org.hibernate.tool.hbm2ddl.TableMetadata <init>
INFO: HHH000261: Table found: microcosmos.preciohistorico
oct 14, 2021 4:33:11 PM org.hibernate.tool.hbm2ddl.TableMetadata <init>
INFO: HHH000037: Columns: [precio, idpreciohistorico, fechainicial, fechafinal, idarticulo, activopreciohistorico]
oct 14, 2021 4:33:11 PM org.hibernate.tool.hbm2ddl.TableMetadata <init>
INFO: HHH000261: Table found: microcosmos.proveedores
oct 14, 2021 4:33:11 PM org.hibernate.tool.hbm2ddl.TableMetadata <init>
INFO: HHH000037: Columns: [idproveedor, activoproveedor, idtipodocumento, nombreproveedor, correoproveedor, telefonoproveedor, documento, ubicacionproveedor]
oct 14, 2021 4:33:11 PM org.hibernate.tool.hbm2ddl.TableMetadata <init>
INFO: HHH000261: Table found: microcosmos.secciontienda
oct 14, 2021 4:33:11 PM org.hibernate.tool.hbm2ddl.TableMetadata <init>
INFO: HHH000037: Columns: [idsecciontienda, descripcionsecciontienda, nombresecciontienda, activosecciontienda]
oct 14, 2021 4:33:11 PM org.hibernate.tool.hbm2ddl.TableMetadata <init>
INFO: HHH000261: Table found: microcosmos.sexo
oct 14, 2021 4:33:11 PM org.hibernate.tool.hbm2ddl.TableMetadata <init>
INFO: HHH000037: Columns: [idsexo, nombresexo, descripcionsexo]
oct 14, 2021 4:33:11 PM org.hibernate.tool.hbm2ddl.TableMetadata <init>
INFO: HHH000261: Table found: microcosmos.talla
oct 14, 2021 4:33:11 PM org.hibernate.tool.hbm2ddl.TableMetadata <init>
INFO: HHH000037: Columns: [activotalla, nombretalla, descripciontalla, idtalla]
oct 14, 2021 4:33:11 PM org.hibernate.tool.hbm2ddl.TableMetadata <init>
INFO: HHH000261: Table found: microcosmos.tipodepago
oct 14, 2021 4:33:11 PM org.hibernate.tool.hbm2ddl.TableMetadata <init>
INFO: HHH000037: Columns: [descripciontipodepago, nombretipodepago, idtipodepago, activotipodepago]
oct 14, 2021 4:33:11 PM org.hibernate.tool.hbm2ddl.TableMetadata <init>
INFO: HHH000261: Table found: microcosmos.tipodocumento
oct 14, 2021 4:33:11 PM org.hibernate.tool.hbm2ddl.TableMetadata <init>
INFO: HHH000037: Columns: [nombretipodocumento, descripciontipodocumento, activotipodocumento, idtipodocumento]
oct 14, 2021 4:33:11 PM org.hibernate.tool.hbm2ddl.TableMetadata <init>
INFO: HHH000261: Table found: microcosmos.usuarios
oct 14, 2021 4:33:11 PM org.hibernate.tool.hbm2ddl.TableMetadata <init>
INFO: HHH000037: Columns: [nombreusuario, idempleados, numerodeintentos, activousuario, admin, contrasena, idusuario]
oct 14, 2021 4:33:11 PM org.hibernate.tool.hbm2ddl.TableMetadata <init>
INFO: HHH000261: Table found: microcosmos.venta
oct 14, 2021 4:33:11 PM org.hibernate.tool.hbm2ddl.TableMetadata <init>
INFO: HHH000037: Columns: [numtarjeta, idtipodepago, formato, montoefectivo, idcliente, idestado, idventa, total, idempleados, impuesto, subtotal, montotarjeta, fechaventa, idparametros]
oct 14, 2021 4:33:11 PM org.hibernate.jpa.internal.EntityManagerFactoryRegistry addEntityManagerFactory
WARN: HHH000436: Entity manager factory name (DB) is already registered.  If entity manager will be clustered or passivated, specify a unique value for property 'hibernate.ejb.entitymanager_factory_name'
]]></system-err>
  </testcase>
  <testcase name="testValidacionDecimales" classname="com.screens.FmrComprasTest" time="0">
    <system-out><![CDATA[ValidacionDecimales
]]></system-out>
  </testcase>
  <testcase name="testBuscarDocumento" classname="com.screens.FmrComprasTest" time="2.816">
    <system-out><![CDATA[buscarDocumento
Hibernate: select articulo0_.idArticulo as idArticu1_2_, articulo0_.activoArticulo as activoAr2_2_, articulo0_.descripcionArticulo as descripc3_2_, articulo0_.idSeccionTienda as idSeccio4_2_, articulo0_.idTalla as idTalla5_2_, articulo0_.nombreArticulo as nombreAr6_2_, articulo0_.precioArticulo as precioAr7_2_, articulo0_.stock as stock8_2_, articulo0_.stockMaximo as stockMax9_2_, articulo0_.stockMinimo as stockMi10_2_ from articulo articulo0_
Hibernate: select talla0_.nombreTalla as col_0_0_ from talla talla0_ where talla0_.idTalla='2'
Hibernate: select talla0_.nombreTalla as col_0_0_ from talla talla0_ where talla0_.idTalla='1'
Hibernate: select talla0_.nombreTalla as col_0_0_ from talla talla0_ where talla0_.idTalla='1'
Hibernate: select talla0_.nombreTalla as col_0_0_ from talla talla0_ where talla0_.idTalla='1'
Hibernate: select talla0_.nombreTalla as col_0_0_ from talla talla0_ where talla0_.idTalla='5'
Hibernate: select proveedore0_.idProveedor as idProvee1_14_, proveedore0_.activoProveedor as activoPr2_14_, proveedore0_.correoProveedor as correoPr3_14_, proveedore0_.documento as document4_14_, proveedore0_.idTipoDocumento as idTipoDo5_14_, proveedore0_.nombreProveedor as nombrePr6_14_, proveedore0_.telefonoProveedor as telefono7_14_, proveedore0_.ubicacionProveedor as ubicacio8_14_ from proveedores proveedore0_ where proveedore0_.documento like '12345678901234%'
]]></system-out>
    <system-err><![CDATA[oct 14, 2021 4:33:11 PM org.hibernate.ejb.HibernatePersistence logDeprecation
WARN: HHH015016: Encountered a deprecated javax.persistence.spi.PersistenceProvider [org.hibernate.ejb.HibernatePersistence]; use [org.hibernate.jpa.HibernatePersistenceProvider] instead.
oct 14, 2021 4:33:11 PM org.hibernate.ejb.HibernatePersistence logDeprecation
WARN: HHH015016: Encountered a deprecated javax.persistence.spi.PersistenceProvider [org.hibernate.ejb.HibernatePersistence]; use [org.hibernate.jpa.HibernatePersistenceProvider] instead.
oct 14, 2021 4:33:11 PM org.hibernate.ejb.HibernatePersistence logDeprecation
WARN: HHH015016: Encountered a deprecated javax.persistence.spi.PersistenceProvider [org.hibernate.ejb.HibernatePersistence]; use [org.hibernate.jpa.HibernatePersistenceProvider] instead.
oct 14, 2021 4:33:11 PM org.hibernate.jpa.internal.util.LogHelper logPersistenceUnitInformation
INFO: HHH000204: Processing PersistenceUnitInfo [
	name: DB
	...]
oct 14, 2021 4:33:11 PM org.hibernate.engine.jdbc.connections.internal.DriverManagerConnectionProviderImpl configure
WARN: HHH000402: Using Hibernate built-in connection pool (not for production use!)
oct 14, 2021 4:33:11 PM org.hibernate.engine.jdbc.connections.internal.DriverManagerConnectionProviderImpl buildCreator
INFO: HHH000401: using driver [com.mysql.jdbc.Driver] at URL [jdbc:mysql://localhost:3306/Microcosmos?zeroDateTimeBehavior=convertToNull]
oct 14, 2021 4:33:11 PM org.hibernate.engine.jdbc.connections.internal.DriverManagerConnectionProviderImpl buildCreator
INFO: HHH000046: Connection properties: {user=root, password=****}
oct 14, 2021 4:33:11 PM org.hibernate.engine.jdbc.connections.internal.DriverManagerConnectionProviderImpl buildCreator
INFO: HHH000006: Autocommit mode: false
oct 14, 2021 4:33:11 PM org.hibernate.engine.jdbc.connections.internal.DriverManagerConnectionProviderImpl configure
INFO: HHH000115: Hibernate connection pool size: 20 (min=1)
oct 14, 2021 4:33:11 PM org.hibernate.dialect.Dialect <init>
INFO: HHH000400: Using dialect: org.hibernate.dialect.MySQLDialect
oct 14, 2021 4:33:11 PM org.hibernate.hql.internal.ast.ASTQueryTranslatorFactory <init>
INFO: HHH000397: Using ASTQueryTranslatorFactory
oct 14, 2021 4:33:11 PM org.hibernate.tool.hbm2ddl.SchemaValidator validate
INFO: HHH000229: Running schema validator
oct 14, 2021 4:33:11 PM org.hibernate.tool.hbm2ddl.SchemaValidator validate
INFO: HHH000102: Fetching database metadata
oct 14, 2021 4:33:11 PM org.hibernate.tool.hbm2ddl.TableMetadata <init>
INFO: HHH000261: Table found: microcosmos.arealaboral
oct 14, 2021 4:33:11 PM org.hibernate.tool.hbm2ddl.TableMetadata <init>
INFO: HHH000037: Columns: [idarealaboral, descripcionarealaboral, nombrearealaboral, activoarealaboral]
oct 14, 2021 4:33:11 PM org.hibernate.tool.hbm2ddl.TableMetadata <init>
INFO: HHH000261: Table found: microcosmos.arealaboralhistorica
oct 14, 2021 4:33:11 PM org.hibernate.tool.hbm2ddl.TableMetadata <init>
INFO: HHH000037: Columns: [idempleados, fechaconclusion, fechacomienzo, idarealaboralhistorica]
oct 14, 2021 4:33:11 PM org.hibernate.tool.hbm2ddl.TableMetadata <init>
INFO: HHH000261: Table found: microcosmos.articulo
oct 14, 2021 4:33:11 PM org.hibernate.tool.hbm2ddl.TableMetadata <init>
INFO: HHH000037: Columns: [idsecciontienda, stockmaximo, activoarticulo, nombrearticulo, stockminimo, precioarticulo, idtalla, stock, descripcionarticulo, idarticulo]
oct 14, 2021 4:33:11 PM org.hibernate.tool.hbm2ddl.TableMetadata <init>
INFO: HHH000261: Table found: microcosmos.clientes
oct 14, 2021 4:33:11 PM org.hibernate.tool.hbm2ddl.TableMetadata <init>
INFO: HHH000037: Columns: [telefonocliente, direccioncliente, idtipodocumento, idsexo, documento, activocliente, idcliente, nombrecliente, apellidocliente, correocliente]
oct 14, 2021 4:33:11 PM org.hibernate.tool.hbm2ddl.TableMetadata <init>
INFO: HHH000261: Table found: microcosmos.compra
oct 14, 2021 4:33:11 PM org.hibernate.tool.hbm2ddl.TableMetadata <init>
INFO: HHH000037: Columns: [idcompra, fechapedido, idproveedor, idempleados, fecharecibido, totalcompra, idestado]
oct 14, 2021 4:33:11 PM org.hibernate.tool.hbm2ddl.TableMetadata <init>
INFO: HHH000261: Table found: microcosmos.detallecompra
oct 14, 2021 4:33:11 PM org.hibernate.tool.hbm2ddl.TableMetadata <init>
INFO: HHH000037: Columns: [idcompra, iddetallecompra, preciocompra, cantidad, idarticulo]
oct 14, 2021 4:33:11 PM org.hibernate.tool.hbm2ddl.TableMetadata <init>
INFO: HHH000261: Table found: microcosmos.detalleventa
oct 14, 2021 4:33:11 PM org.hibernate.tool.hbm2ddl.TableMetadata <init>
INFO: HHH000037: Columns: [idventa, iddetalleventa, cantidad, idarticulo]
oct 14, 2021 4:33:11 PM org.hibernate.tool.hbm2ddl.TableMetadata <init>
INFO: HHH000261: Table found: microcosmos.empleados
oct 14, 2021 4:33:11 PM org.hibernate.tool.hbm2ddl.TableMetadata <init>
INFO: HHH000037: Columns: [idempleados, idarealaboral, idtipodocumento, idsexo, telefonoempleado, documento, nombreempleado, correoempleado, apellidoempleado, fechadenacimiento, activoempleado]
oct 14, 2021 4:33:11 PM org.hibernate.tool.hbm2ddl.TableMetadata <init>
INFO: HHH000261: Table found: microcosmos.entidades
oct 14, 2021 4:33:11 PM org.hibernate.tool.hbm2ddl.TableMetadata <init>
INFO: HHH000037: Columns: [identidad, activoentidad, nombreentidad]
oct 14, 2021 4:33:11 PM org.hibernate.tool.hbm2ddl.TableMetadata <init>
INFO: HHH000261: Table found: microcosmos.estado
oct 14, 2021 4:33:11 PM org.hibernate.tool.hbm2ddl.TableMetadata <init>
INFO: HHH000037: Columns: [nombreestado, activoestado, identidad, descripcionestado, idestado]
oct 14, 2021 4:33:11 PM org.hibernate.tool.hbm2ddl.TableMetadata <init>
INFO: HHH000261: Table found: microcosmos.facturasdevueltas
oct 14, 2021 4:33:11 PM org.hibernate.tool.hbm2ddl.TableMetadata <init>
INFO: HHH000037: Columns: [idventa, descripcion, fechadevolucion, idempleados, idfacturadevuelta]
oct 14, 2021 4:33:11 PM org.hibernate.tool.hbm2ddl.TableMetadata <init>
INFO: HHH000261: Table found: microcosmos.parametros
oct 14, 2021 4:33:11 PM org.hibernate.tool.hbm2ddl.TableMetadata <init>
INFO: HHH000037: Columns: [facturainicial, fechaemision, facturafinal, activoparametros, fechacaducidad, cai, idparametros]
oct 14, 2021 4:33:11 PM org.hibernate.tool.hbm2ddl.TableMetadata <init>
INFO: HHH000261: Table found: microcosmos.pedidosdevueltos
oct 14, 2021 4:33:11 PM org.hibernate.tool.hbm2ddl.TableMetadata <init>
INFO: HHH000037: Columns: [idcompra, descripcion, idempleados, idpedidosdevueltos, fechaanulacion]
oct 14, 2021 4:33:11 PM org.hibernate.tool.hbm2ddl.TableMetadata <init>
INFO: HHH000261: Table found: microcosmos.preciohistorico
oct 14, 2021 4:33:11 PM org.hibernate.tool.hbm2ddl.TableMetadata <init>
INFO: HHH000037: Columns: [precio, idpreciohistorico, fechainicial, fechafinal, idarticulo, activopreciohistorico]
oct 14, 2021 4:33:11 PM org.hibernate.tool.hbm2ddl.TableMetadata <init>
INFO: HHH000261: Table found: microcosmos.proveedores
oct 14, 2021 4:33:11 PM org.hibernate.tool.hbm2ddl.TableMetadata <init>
INFO: HHH000037: Columns: [idproveedor, activoproveedor, idtipodocumento, nombreproveedor, correoproveedor, telefonoproveedor, documento, ubicacionproveedor]
oct 14, 2021 4:33:11 PM org.hibernate.tool.hbm2ddl.TableMetadata <init>
INFO: HHH000261: Table found: microcosmos.secciontienda
oct 14, 2021 4:33:11 PM org.hibernate.tool.hbm2ddl.TableMetadata <init>
INFO: HHH000037: Columns: [idsecciontienda, descripcionsecciontienda, nombresecciontienda, activosecciontienda]
oct 14, 2021 4:33:11 PM org.hibernate.tool.hbm2ddl.TableMetadata <init>
INFO: HHH000261: Table found: microcosmos.sexo
oct 14, 2021 4:33:11 PM org.hibernate.tool.hbm2ddl.TableMetadata <init>
INFO: HHH000037: Columns: [idsexo, nombresexo, descripcionsexo]
oct 14, 2021 4:33:11 PM org.hibernate.tool.hbm2ddl.TableMetadata <init>
INFO: HHH000261: Table found: microcosmos.talla
oct 14, 2021 4:33:11 PM org.hibernate.tool.hbm2ddl.TableMetadata <init>
INFO: HHH000037: Columns: [activotalla, nombretalla, descripciontalla, idtalla]
oct 14, 2021 4:33:11 PM org.hibernate.tool.hbm2ddl.TableMetadata <init>
INFO: HHH000261: Table found: microcosmos.tipodepago
oct 14, 2021 4:33:11 PM org.hibernate.tool.hbm2ddl.TableMetadata <init>
INFO: HHH000037: Columns: [descripciontipodepago, nombretipodepago, idtipodepago, activotipodepago]
oct 14, 2021 4:33:11 PM org.hibernate.tool.hbm2ddl.TableMetadata <init>
INFO: HHH000261: Table found: microcosmos.tipodocumento
oct 14, 2021 4:33:11 PM org.hibernate.tool.hbm2ddl.TableMetadata <init>
INFO: HHH000037: Columns: [nombretipodocumento, descripciontipodocumento, activotipodocumento, idtipodocumento]
oct 14, 2021 4:33:11 PM org.hibernate.tool.hbm2ddl.TableMetadata <init>
INFO: HHH000261: Table found: microcosmos.usuarios
oct 14, 2021 4:33:11 PM org.hibernate.tool.hbm2ddl.TableMetadata <init>
INFO: HHH000037: Columns: [nombreusuario, idempleados, numerodeintentos, activousuario, admin, contrasena, idusuario]
oct 14, 2021 4:33:11 PM org.hibernate.tool.hbm2ddl.TableMetadata <init>
INFO: HHH000261: Table found: microcosmos.venta
oct 14, 2021 4:33:11 PM org.hibernate.tool.hbm2ddl.TableMetadata <init>
INFO: HHH000037: Columns: [numtarjeta, idtipodepago, formato, montoefectivo, idcliente, idestado, idventa, total, idempleados, impuesto, subtotal, montotarjeta, fechaventa, idparametros]
oct 14, 2021 4:33:11 PM org.hibernate.jpa.internal.EntityManagerFactoryRegistry addEntityManagerFactory
WARN: HHH000436: Entity manager factory name (DB) is already registered.  If entity manager will be clustered or passivated, specify a unique value for property 'hibernate.ejb.entitymanager_factory_name'
oct 14, 2021 4:33:11 PM org.hibernate.ejb.HibernatePersistence logDeprecation
WARN: HHH015016: Encountered a deprecated javax.persistence.spi.PersistenceProvider [org.hibernate.ejb.HibernatePersistence]; use [org.hibernate.jpa.HibernatePersistenceProvider] instead.
oct 14, 2021 4:33:11 PM org.hibernate.ejb.HibernatePersistence logDeprecation
WARN: HHH015016: Encountered a deprecated javax.persistence.spi.PersistenceProvider [org.hibernate.ejb.HibernatePersistence]; use [org.hibernate.jpa.HibernatePersistenceProvider] instead.
oct 14, 2021 4:33:11 PM org.hibernate.ejb.HibernatePersistence logDeprecation
WARN: HHH015016: Encountered a deprecated javax.persistence.spi.PersistenceProvider [org.hibernate.ejb.HibernatePersistence]; use [org.hibernate.jpa.HibernatePersistenceProvider] instead.
oct 14, 2021 4:33:11 PM org.hibernate.jpa.internal.util.LogHelper logPersistenceUnitInformation
INFO: HHH000204: Processing PersistenceUnitInfo [
	name: DB
	...]
oct 14, 2021 4:33:11 PM org.hibernate.engine.jdbc.connections.internal.DriverManagerConnectionProviderImpl configure
WARN: HHH000402: Using Hibernate built-in connection pool (not for production use!)
oct 14, 2021 4:33:11 PM org.hibernate.engine.jdbc.connections.internal.DriverManagerConnectionProviderImpl buildCreator
INFO: HHH000401: using driver [com.mysql.jdbc.Driver] at URL [jdbc:mysql://localhost:3306/Microcosmos?zeroDateTimeBehavior=convertToNull]
oct 14, 2021 4:33:11 PM org.hibernate.engine.jdbc.connections.internal.DriverManagerConnectionProviderImpl buildCreator
INFO: HHH000046: Connection properties: {user=root, password=****}
oct 14, 2021 4:33:11 PM org.hibernate.engine.jdbc.connections.internal.DriverManagerConnectionProviderImpl buildCreator
INFO: HHH000006: Autocommit mode: false
oct 14, 2021 4:33:11 PM org.hibernate.engine.jdbc.connections.internal.DriverManagerConnectionProviderImpl configure
INFO: HHH000115: Hibernate connection pool size: 20 (min=1)
oct 14, 2021 4:33:11 PM org.hibernate.dialect.Dialect <init>
INFO: HHH000400: Using dialect: org.hibernate.dialect.MySQLDialect
oct 14, 2021 4:33:12 PM org.hibernate.hql.internal.ast.ASTQueryTranslatorFactory <init>
INFO: HHH000397: Using ASTQueryTranslatorFactory
oct 14, 2021 4:33:12 PM org.hibernate.tool.hbm2ddl.SchemaValidator validate
INFO: HHH000229: Running schema validator
oct 14, 2021 4:33:12 PM org.hibernate.tool.hbm2ddl.SchemaValidator validate
INFO: HHH000102: Fetching database metadata
oct 14, 2021 4:33:12 PM org.hibernate.tool.hbm2ddl.TableMetadata <init>
INFO: HHH000261: Table found: microcosmos.arealaboral
oct 14, 2021 4:33:12 PM org.hibernate.tool.hbm2ddl.TableMetadata <init>
INFO: HHH000037: Columns: [idarealaboral, descripcionarealaboral, nombrearealaboral, activoarealaboral]
oct 14, 2021 4:33:12 PM org.hibernate.tool.hbm2ddl.TableMetadata <init>
INFO: HHH000261: Table found: microcosmos.arealaboralhistorica
oct 14, 2021 4:33:12 PM org.hibernate.tool.hbm2ddl.TableMetadata <init>
INFO: HHH000037: Columns: [idempleados, fechaconclusion, fechacomienzo, idarealaboralhistorica]
oct 14, 2021 4:33:12 PM org.hibernate.tool.hbm2ddl.TableMetadata <init>
INFO: HHH000261: Table found: microcosmos.articulo
oct 14, 2021 4:33:12 PM org.hibernate.tool.hbm2ddl.TableMetadata <init>
INFO: HHH000037: Columns: [idsecciontienda, stockmaximo, activoarticulo, nombrearticulo, stockminimo, precioarticulo, idtalla, stock, descripcionarticulo, idarticulo]
oct 14, 2021 4:33:12 PM org.hibernate.tool.hbm2ddl.TableMetadata <init>
INFO: HHH000261: Table found: microcosmos.clientes
oct 14, 2021 4:33:12 PM org.hibernate.tool.hbm2ddl.TableMetadata <init>
INFO: HHH000037: Columns: [telefonocliente, direccioncliente, idtipodocumento, idsexo, documento, activocliente, idcliente, nombrecliente, apellidocliente, correocliente]
oct 14, 2021 4:33:12 PM org.hibernate.tool.hbm2ddl.TableMetadata <init>
INFO: HHH000261: Table found: microcosmos.compra
oct 14, 2021 4:33:12 PM org.hibernate.tool.hbm2ddl.TableMetadata <init>
INFO: HHH000037: Columns: [idcompra, fechapedido, idproveedor, idempleados, fecharecibido, totalcompra, idestado]
oct 14, 2021 4:33:12 PM org.hibernate.tool.hbm2ddl.TableMetadata <init>
INFO: HHH000261: Table found: microcosmos.detallecompra
oct 14, 2021 4:33:12 PM org.hibernate.tool.hbm2ddl.TableMetadata <init>
INFO: HHH000037: Columns: [idcompra, iddetallecompra, preciocompra, cantidad, idarticulo]
oct 14, 2021 4:33:12 PM org.hibernate.tool.hbm2ddl.TableMetadata <init>
INFO: HHH000261: Table found: microcosmos.detalleventa
oct 14, 2021 4:33:12 PM org.hibernate.tool.hbm2ddl.TableMetadata <init>
INFO: HHH000037: Columns: [idventa, iddetalleventa, cantidad, idarticulo]
oct 14, 2021 4:33:12 PM org.hibernate.tool.hbm2ddl.TableMetadata <init>
INFO: HHH000261: Table found: microcosmos.empleados
oct 14, 2021 4:33:12 PM org.hibernate.tool.hbm2ddl.TableMetadata <init>
INFO: HHH000037: Columns: [idempleados, idarealaboral, idtipodocumento, idsexo, telefonoempleado, documento, nombreempleado, correoempleado, apellidoempleado, fechadenacimiento, activoempleado]
oct 14, 2021 4:33:12 PM org.hibernate.tool.hbm2ddl.TableMetadata <init>
INFO: HHH000261: Table found: microcosmos.entidades
oct 14, 2021 4:33:12 PM org.hibernate.tool.hbm2ddl.TableMetadata <init>
INFO: HHH000037: Columns: [identidad, activoentidad, nombreentidad]
oct 14, 2021 4:33:12 PM org.hibernate.tool.hbm2ddl.TableMetadata <init>
INFO: HHH000261: Table found: microcosmos.estado
oct 14, 2021 4:33:12 PM org.hibernate.tool.hbm2ddl.TableMetadata <init>
INFO: HHH000037: Columns: [nombreestado, activoestado, identidad, descripcionestado, idestado]
oct 14, 2021 4:33:12 PM org.hibernate.tool.hbm2ddl.TableMetadata <init>
INFO: HHH000261: Table found: microcosmos.facturasdevueltas
oct 14, 2021 4:33:12 PM org.hibernate.tool.hbm2ddl.TableMetadata <init>
INFO: HHH000037: Columns: [idventa, descripcion, fechadevolucion, idempleados, idfacturadevuelta]
oct 14, 2021 4:33:12 PM org.hibernate.tool.hbm2ddl.TableMetadata <init>
INFO: HHH000261: Table found: microcosmos.parametros
oct 14, 2021 4:33:12 PM org.hibernate.tool.hbm2ddl.TableMetadata <init>
INFO: HHH000037: Columns: [facturainicial, fechaemision, facturafinal, activoparametros, fechacaducidad, cai, idparametros]
oct 14, 2021 4:33:12 PM org.hibernate.tool.hbm2ddl.TableMetadata <init>
INFO: HHH000261: Table found: microcosmos.pedidosdevueltos
oct 14, 2021 4:33:12 PM org.hibernate.tool.hbm2ddl.TableMetadata <init>
INFO: HHH000037: Columns: [idcompra, descripcion, idempleados, idpedidosdevueltos, fechaanulacion]
oct 14, 2021 4:33:12 PM org.hibernate.tool.hbm2ddl.TableMetadata <init>
INFO: HHH000261: Table found: microcosmos.preciohistorico
oct 14, 2021 4:33:12 PM org.hibernate.tool.hbm2ddl.TableMetadata <init>
INFO: HHH000037: Columns: [precio, idpreciohistorico, fechainicial, fechafinal, idarticulo, activopreciohistorico]
oct 14, 2021 4:33:12 PM org.hibernate.tool.hbm2ddl.TableMetadata <init>
INFO: HHH000261: Table found: microcosmos.proveedores
oct 14, 2021 4:33:12 PM org.hibernate.tool.hbm2ddl.TableMetadata <init>
INFO: HHH000037: Columns: [idproveedor, activoproveedor, idtipodocumento, nombreproveedor, correoproveedor, telefonoproveedor, documento, ubicacionproveedor]
oct 14, 2021 4:33:12 PM org.hibernate.tool.hbm2ddl.TableMetadata <init>
INFO: HHH000261: Table found: microcosmos.secciontienda
oct 14, 2021 4:33:12 PM org.hibernate.tool.hbm2ddl.TableMetadata <init>
INFO: HHH000037: Columns: [idsecciontienda, descripcionsecciontienda, nombresecciontienda, activosecciontienda]
oct 14, 2021 4:33:12 PM org.hibernate.tool.hbm2ddl.TableMetadata <init>
INFO: HHH000261: Table found: microcosmos.sexo
oct 14, 2021 4:33:12 PM org.hibernate.tool.hbm2ddl.TableMetadata <init>
INFO: HHH000037: Columns: [idsexo, nombresexo, descripcionsexo]
oct 14, 2021 4:33:12 PM org.hibernate.tool.hbm2ddl.TableMetadata <init>
INFO: HHH000261: Table found: microcosmos.talla
oct 14, 2021 4:33:12 PM org.hibernate.tool.hbm2ddl.TableMetadata <init>
INFO: HHH000037: Columns: [activotalla, nombretalla, descripciontalla, idtalla]
oct 14, 2021 4:33:12 PM org.hibernate.tool.hbm2ddl.TableMetadata <init>
INFO: HHH000261: Table found: microcosmos.tipodepago
oct 14, 2021 4:33:12 PM org.hibernate.tool.hbm2ddl.TableMetadata <init>
INFO: HHH000037: Columns: [descripciontipodepago, nombretipodepago, idtipodepago, activotipodepago]
oct 14, 2021 4:33:12 PM org.hibernate.tool.hbm2ddl.TableMetadata <init>
INFO: HHH000261: Table found: microcosmos.tipodocumento
oct 14, 2021 4:33:12 PM org.hibernate.tool.hbm2ddl.TableMetadata <init>
INFO: HHH000037: Columns: [nombretipodocumento, descripciontipodocumento, activotipodocumento, idtipodocumento]
oct 14, 2021 4:33:12 PM org.hibernate.tool.hbm2ddl.TableMetadata <init>
INFO: HHH000261: Table found: microcosmos.usuarios
oct 14, 2021 4:33:12 PM org.hibernate.tool.hbm2ddl.TableMetadata <init>
INFO: HHH000037: Columns: [nombreusuario, idempleados, numerodeintentos, activousuario, admin, contrasena, idusuario]
oct 14, 2021 4:33:12 PM org.hibernate.tool.hbm2ddl.TableMetadata <init>
INFO: HHH000261: Table found: microcosmos.venta
oct 14, 2021 4:33:12 PM org.hibernate.tool.hbm2ddl.TableMetadata <init>
INFO: HHH000037: Columns: [numtarjeta, idtipodepago, formato, montoefectivo, idcliente, idestado, idventa, total, idempleados, impuesto, subtotal, montotarjeta, fechaventa, idparametros]
oct 14, 2021 4:33:12 PM org.hibernate.jpa.internal.EntityManagerFactoryRegistry addEntityManagerFactory
WARN: HHH000436: Entity manager factory name (DB) is already registered.  If entity manager will be clustered or passivated, specify a unique value for property 'hibernate.ejb.entitymanager_factory_name'
oct 14, 2021 4:33:12 PM org.hibernate.ejb.HibernatePersistence logDeprecation
WARN: HHH015016: Encountered a deprecated javax.persistence.spi.PersistenceProvider [org.hibernate.ejb.HibernatePersistence]; use [org.hibernate.jpa.HibernatePersistenceProvider] instead.
oct 14, 2021 4:33:12 PM org.hibernate.ejb.HibernatePersistence logDeprecation
WARN: HHH015016: Encountered a deprecated javax.persistence.spi.PersistenceProvider [org.hibernate.ejb.HibernatePersistence]; use [org.hibernate.jpa.HibernatePersistenceProvider] instead.
oct 14, 2021 4:33:12 PM org.hibernate.ejb.HibernatePersistence logDeprecation
WARN: HHH015016: Encountered a deprecated javax.persistence.spi.PersistenceProvider [org.hibernate.ejb.HibernatePersistence]; use [org.hibernate.jpa.HibernatePersistenceProvider] instead.
oct 14, 2021 4:33:12 PM org.hibernate.jpa.internal.util.LogHelper logPersistenceUnitInformation
INFO: HHH000204: Processing PersistenceUnitInfo [
	name: DB
	...]
oct 14, 2021 4:33:12 PM org.hibernate.engine.jdbc.connections.internal.DriverManagerConnectionProviderImpl configure
WARN: HHH000402: Using Hibernate built-in connection pool (not for production use!)
oct 14, 2021 4:33:12 PM org.hibernate.engine.jdbc.connections.internal.DriverManagerConnectionProviderImpl buildCreator
INFO: HHH000401: using driver [com.mysql.jdbc.Driver] at URL [jdbc:mysql://localhost:3306/Microcosmos?zeroDateTimeBehavior=convertToNull]
oct 14, 2021 4:33:12 PM org.hibernate.engine.jdbc.connections.internal.DriverManagerConnectionProviderImpl buildCreator
INFO: HHH000046: Connection properties: {user=root, password=****}
oct 14, 2021 4:33:12 PM org.hibernate.engine.jdbc.connections.internal.DriverManagerConnectionProviderImpl buildCreator
INFO: HHH000006: Autocommit mode: false
oct 14, 2021 4:33:12 PM org.hibernate.engine.jdbc.connections.internal.DriverManagerConnectionProviderImpl configure
INFO: HHH000115: Hibernate connection pool size: 20 (min=1)
oct 14, 2021 4:33:12 PM org.hibernate.dialect.Dialect <init>
INFO: HHH000400: Using dialect: org.hibernate.dialect.MySQLDialect
oct 14, 2021 4:33:12 PM org.hibernate.hql.internal.ast.ASTQueryTranslatorFactory <init>
INFO: HHH000397: Using ASTQueryTranslatorFactory
oct 14, 2021 4:33:12 PM org.hibernate.tool.hbm2ddl.SchemaValidator validate
INFO: HHH000229: Running schema validator
oct 14, 2021 4:33:12 PM org.hibernate.tool.hbm2ddl.SchemaValidator validate
INFO: HHH000102: Fetching database metadata
oct 14, 2021 4:33:12 PM org.hibernate.tool.hbm2ddl.TableMetadata <init>
INFO: HHH000261: Table found: microcosmos.arealaboral
oct 14, 2021 4:33:12 PM org.hibernate.tool.hbm2ddl.TableMetadata <init>
INFO: HHH000037: Columns: [idarealaboral, descripcionarealaboral, nombrearealaboral, activoarealaboral]
oct 14, 2021 4:33:12 PM org.hibernate.tool.hbm2ddl.TableMetadata <init>
INFO: HHH000261: Table found: microcosmos.arealaboralhistorica
oct 14, 2021 4:33:12 PM org.hibernate.tool.hbm2ddl.TableMetadata <init>
INFO: HHH000037: Columns: [idempleados, fechaconclusion, fechacomienzo, idarealaboralhistorica]
oct 14, 2021 4:33:12 PM org.hibernate.tool.hbm2ddl.TableMetadata <init>
INFO: HHH000261: Table found: microcosmos.articulo
oct 14, 2021 4:33:12 PM org.hibernate.tool.hbm2ddl.TableMetadata <init>
INFO: HHH000037: Columns: [idsecciontienda, stockmaximo, activoarticulo, nombrearticulo, stockminimo, precioarticulo, idtalla, stock, descripcionarticulo, idarticulo]
oct 14, 2021 4:33:12 PM org.hibernate.tool.hbm2ddl.TableMetadata <init>
INFO: HHH000261: Table found: microcosmos.clientes
oct 14, 2021 4:33:12 PM org.hibernate.tool.hbm2ddl.TableMetadata <init>
INFO: HHH000037: Columns: [telefonocliente, direccioncliente, idtipodocumento, idsexo, documento, activocliente, idcliente, nombrecliente, apellidocliente, correocliente]
oct 14, 2021 4:33:12 PM org.hibernate.tool.hbm2ddl.TableMetadata <init>
INFO: HHH000261: Table found: microcosmos.compra
oct 14, 2021 4:33:12 PM org.hibernate.tool.hbm2ddl.TableMetadata <init>
INFO: HHH000037: Columns: [idcompra, fechapedido, idproveedor, idempleados, fecharecibido, totalcompra, idestado]
oct 14, 2021 4:33:12 PM org.hibernate.tool.hbm2ddl.TableMetadata <init>
INFO: HHH000261: Table found: microcosmos.detallecompra
oct 14, 2021 4:33:12 PM org.hibernate.tool.hbm2ddl.TableMetadata <init>
INFO: HHH000037: Columns: [idcompra, iddetallecompra, preciocompra, cantidad, idarticulo]
oct 14, 2021 4:33:12 PM org.hibernate.tool.hbm2ddl.TableMetadata <init>
INFO: HHH000261: Table found: microcosmos.detalleventa
oct 14, 2021 4:33:12 PM org.hibernate.tool.hbm2ddl.TableMetadata <init>
INFO: HHH000037: Columns: [idventa, iddetalleventa, cantidad, idarticulo]
oct 14, 2021 4:33:12 PM org.hibernate.tool.hbm2ddl.TableMetadata <init>
INFO: HHH000261: Table found: microcosmos.empleados
oct 14, 2021 4:33:12 PM org.hibernate.tool.hbm2ddl.TableMetadata <init>
INFO: HHH000037: Columns: [idempleados, idarealaboral, idtipodocumento, idsexo, telefonoempleado, documento, nombreempleado, correoempleado, apellidoempleado, fechadenacimiento, activoempleado]
oct 14, 2021 4:33:12 PM org.hibernate.tool.hbm2ddl.TableMetadata <init>
INFO: HHH000261: Table found: microcosmos.entidades
oct 14, 2021 4:33:12 PM org.hibernate.tool.hbm2ddl.TableMetadata <init>
INFO: HHH000037: Columns: [identidad, activoentidad, nombreentidad]
oct 14, 2021 4:33:12 PM org.hibernate.tool.hbm2ddl.TableMetadata <init>
INFO: HHH000261: Table found: microcosmos.estado
oct 14, 2021 4:33:12 PM org.hibernate.tool.hbm2ddl.TableMetadata <init>
INFO: HHH000037: Columns: [nombreestado, activoestado, identidad, descripcionestado, idestado]
oct 14, 2021 4:33:12 PM org.hibernate.tool.hbm2ddl.TableMetadata <init>
INFO: HHH000261: Table found: microcosmos.facturasdevueltas
oct 14, 2021 4:33:12 PM org.hibernate.tool.hbm2ddl.TableMetadata <init>
INFO: HHH000037: Columns: [idventa, descripcion, fechadevolucion, idempleados, idfacturadevuelta]
oct 14, 2021 4:33:12 PM org.hibernate.tool.hbm2ddl.TableMetadata <init>
INFO: HHH000261: Table found: microcosmos.parametros
oct 14, 2021 4:33:12 PM org.hibernate.tool.hbm2ddl.TableMetadata <init>
INFO: HHH000037: Columns: [facturainicial, fechaemision, facturafinal, activoparametros, fechacaducidad, cai, idparametros]
oct 14, 2021 4:33:12 PM org.hibernate.tool.hbm2ddl.TableMetadata <init>
INFO: HHH000261: Table found: microcosmos.pedidosdevueltos
oct 14, 2021 4:33:12 PM org.hibernate.tool.hbm2ddl.TableMetadata <init>
INFO: HHH000037: Columns: [idcompra, descripcion, idempleados, idpedidosdevueltos, fechaanulacion]
oct 14, 2021 4:33:12 PM org.hibernate.tool.hbm2ddl.TableMetadata <init>
INFO: HHH000261: Table found: microcosmos.preciohistorico
oct 14, 2021 4:33:12 PM org.hibernate.tool.hbm2ddl.TableMetadata <init>
INFO: HHH000037: Columns: [precio, idpreciohistorico, fechainicial, fechafinal, idarticulo, activopreciohistorico]
oct 14, 2021 4:33:12 PM org.hibernate.tool.hbm2ddl.TableMetadata <init>
INFO: HHH000261: Table found: microcosmos.proveedores
oct 14, 2021 4:33:12 PM org.hibernate.tool.hbm2ddl.TableMetadata <init>
INFO: HHH000037: Columns: [idproveedor, activoproveedor, idtipodocumento, nombreproveedor, correoproveedor, telefonoproveedor, documento, ubicacionproveedor]
oct 14, 2021 4:33:12 PM org.hibernate.tool.hbm2ddl.TableMetadata <init>
INFO: HHH000261: Table found: microcosmos.secciontienda
oct 14, 2021 4:33:12 PM org.hibernate.tool.hbm2ddl.TableMetadata <init>
INFO: HHH000037: Columns: [idsecciontienda, descripcionsecciontienda, nombresecciontienda, activosecciontienda]
oct 14, 2021 4:33:12 PM org.hibernate.tool.hbm2ddl.TableMetadata <init>
INFO: HHH000261: Table found: microcosmos.sexo
oct 14, 2021 4:33:12 PM org.hibernate.tool.hbm2ddl.TableMetadata <init>
INFO: HHH000037: Columns: [idsexo, nombresexo, descripcionsexo]
oct 14, 2021 4:33:12 PM org.hibernate.tool.hbm2ddl.TableMetadata <init>
INFO: HHH000261: Table found: microcosmos.talla
oct 14, 2021 4:33:12 PM org.hibernate.tool.hbm2ddl.TableMetadata <init>
INFO: HHH000037: Columns: [activotalla, nombretalla, descripciontalla, idtalla]
oct 14, 2021 4:33:12 PM org.hibernate.tool.hbm2ddl.TableMetadata <init>
INFO: HHH000261: Table found: microcosmos.tipodepago
oct 14, 2021 4:33:12 PM org.hibernate.tool.hbm2ddl.TableMetadata <init>
INFO: HHH000037: Columns: [descripciontipodepago, nombretipodepago, idtipodepago, activotipodepago]
oct 14, 2021 4:33:12 PM org.hibernate.tool.hbm2ddl.TableMetadata <init>
INFO: HHH000261: Table found: microcosmos.tipodocumento
oct 14, 2021 4:33:12 PM org.hibernate.tool.hbm2ddl.TableMetadata <init>
INFO: HHH000037: Columns: [nombretipodocumento, descripciontipodocumento, activotipodocumento, idtipodocumento]
oct 14, 2021 4:33:12 PM org.hibernate.tool.hbm2ddl.TableMetadata <init>
INFO: HHH000261: Table found: microcosmos.usuarios
oct 14, 2021 4:33:12 PM org.hibernate.tool.hbm2ddl.TableMetadata <init>
INFO: HHH000037: Columns: [nombreusuario, idempleados, numerodeintentos, activousuario, admin, contrasena, idusuario]
oct 14, 2021 4:33:12 PM org.hibernate.tool.hbm2ddl.TableMetadata <init>
INFO: HHH000261: Table found: microcosmos.venta
oct 14, 2021 4:33:12 PM org.hibernate.tool.hbm2ddl.TableMetadata <init>
INFO: HHH000037: Columns: [numtarjeta, idtipodepago, formato, montoefectivo, idcliente, idestado, idventa, total, idempleados, impuesto, subtotal, montotarjeta, fechaventa, idparametros]
oct 14, 2021 4:33:12 PM org.hibernate.jpa.internal.EntityManagerFactoryRegistry addEntityManagerFactory
WARN: HHH000436: Entity manager factory name (DB) is already registered.  If entity manager will be clustered or passivated, specify a unique value for property 'hibernate.ejb.entitymanager_factory_name'
oct 14, 2021 4:33:12 PM org.hibernate.ejb.HibernatePersistence logDeprecation
WARN: HHH015016: Encountered a deprecated javax.persistence.spi.PersistenceProvider [org.hibernate.ejb.HibernatePersistence]; use [org.hibernate.jpa.HibernatePersistenceProvider] instead.
oct 14, 2021 4:33:12 PM org.hibernate.ejb.HibernatePersistence logDeprecation
WARN: HHH015016: Encountered a deprecated javax.persistence.spi.PersistenceProvider [org.hibernate.ejb.HibernatePersistence]; use [org.hibernate.jpa.HibernatePersistenceProvider] instead.
oct 14, 2021 4:33:12 PM org.hibernate.ejb.HibernatePersistence logDeprecation
WARN: HHH015016: Encountered a deprecated javax.persistence.spi.PersistenceProvider [org.hibernate.ejb.HibernatePersistence]; use [org.hibernate.jpa.HibernatePersistenceProvider] instead.
oct 14, 2021 4:33:12 PM org.hibernate.jpa.internal.util.LogHelper logPersistenceUnitInformation
INFO: HHH000204: Processing PersistenceUnitInfo [
	name: DB
	...]
oct 14, 2021 4:33:12 PM org.hibernate.engine.jdbc.connections.internal.DriverManagerConnectionProviderImpl configure
WARN: HHH000402: Using Hibernate built-in connection pool (not for production use!)
oct 14, 2021 4:33:12 PM org.hibernate.engine.jdbc.connections.internal.DriverManagerConnectionProviderImpl buildCreator
INFO: HHH000401: using driver [com.mysql.jdbc.Driver] at URL [jdbc:mysql://localhost:3306/Microcosmos?zeroDateTimeBehavior=convertToNull]
oct 14, 2021 4:33:12 PM org.hibernate.engine.jdbc.connections.internal.DriverManagerConnectionProviderImpl buildCreator
INFO: HHH000046: Connection properties: {user=root, password=****}
oct 14, 2021 4:33:12 PM org.hibernate.engine.jdbc.connections.internal.DriverManagerConnectionProviderImpl buildCreator
INFO: HHH000006: Autocommit mode: false
oct 14, 2021 4:33:12 PM org.hibernate.engine.jdbc.connections.internal.DriverManagerConnectionProviderImpl configure
INFO: HHH000115: Hibernate connection pool size: 20 (min=1)
oct 14, 2021 4:33:12 PM org.hibernate.dialect.Dialect <init>
INFO: HHH000400: Using dialect: org.hibernate.dialect.MySQLDialect
oct 14, 2021 4:33:12 PM org.hibernate.hql.internal.ast.ASTQueryTranslatorFactory <init>
INFO: HHH000397: Using ASTQueryTranslatorFactory
oct 14, 2021 4:33:12 PM org.hibernate.tool.hbm2ddl.SchemaValidator validate
INFO: HHH000229: Running schema validator
oct 14, 2021 4:33:12 PM org.hibernate.tool.hbm2ddl.SchemaValidator validate
INFO: HHH000102: Fetching database metadata
oct 14, 2021 4:33:12 PM org.hibernate.tool.hbm2ddl.TableMetadata <init>
INFO: HHH000261: Table found: microcosmos.arealaboral
oct 14, 2021 4:33:12 PM org.hibernate.tool.hbm2ddl.TableMetadata <init>
INFO: HHH000037: Columns: [idarealaboral, descripcionarealaboral, nombrearealaboral, activoarealaboral]
oct 14, 2021 4:33:12 PM org.hibernate.tool.hbm2ddl.TableMetadata <init>
INFO: HHH000261: Table found: microcosmos.arealaboralhistorica
oct 14, 2021 4:33:12 PM org.hibernate.tool.hbm2ddl.TableMetadata <init>
INFO: HHH000037: Columns: [idempleados, fechaconclusion, fechacomienzo, idarealaboralhistorica]
oct 14, 2021 4:33:12 PM org.hibernate.tool.hbm2ddl.TableMetadata <init>
INFO: HHH000261: Table found: microcosmos.articulo
oct 14, 2021 4:33:12 PM org.hibernate.tool.hbm2ddl.TableMetadata <init>
INFO: HHH000037: Columns: [idsecciontienda, stockmaximo, activoarticulo, nombrearticulo, stockminimo, precioarticulo, idtalla, stock, descripcionarticulo, idarticulo]
oct 14, 2021 4:33:12 PM org.hibernate.tool.hbm2ddl.TableMetadata <init>
INFO: HHH000261: Table found: microcosmos.clientes
oct 14, 2021 4:33:12 PM org.hibernate.tool.hbm2ddl.TableMetadata <init>
INFO: HHH000037: Columns: [telefonocliente, direccioncliente, idtipodocumento, idsexo, documento, activocliente, idcliente, nombrecliente, apellidocliente, correocliente]
oct 14, 2021 4:33:12 PM org.hibernate.tool.hbm2ddl.TableMetadata <init>
INFO: HHH000261: Table found: microcosmos.compra
oct 14, 2021 4:33:12 PM org.hibernate.tool.hbm2ddl.TableMetadata <init>
INFO: HHH000037: Columns: [idcompra, fechapedido, idproveedor, idempleados, fecharecibido, totalcompra, idestado]
oct 14, 2021 4:33:12 PM org.hibernate.tool.hbm2ddl.TableMetadata <init>
INFO: HHH000261: Table found: microcosmos.detallecompra
oct 14, 2021 4:33:12 PM org.hibernate.tool.hbm2ddl.TableMetadata <init>
INFO: HHH000037: Columns: [idcompra, iddetallecompra, preciocompra, cantidad, idarticulo]
oct 14, 2021 4:33:12 PM org.hibernate.tool.hbm2ddl.TableMetadata <init>
INFO: HHH000261: Table found: microcosmos.detalleventa
oct 14, 2021 4:33:12 PM org.hibernate.tool.hbm2ddl.TableMetadata <init>
INFO: HHH000037: Columns: [idventa, iddetalleventa, cantidad, idarticulo]
oct 14, 2021 4:33:12 PM org.hibernate.tool.hbm2ddl.TableMetadata <init>
INFO: HHH000261: Table found: microcosmos.empleados
oct 14, 2021 4:33:12 PM org.hibernate.tool.hbm2ddl.TableMetadata <init>
INFO: HHH000037: Columns: [idempleados, idarealaboral, idtipodocumento, idsexo, telefonoempleado, documento, nombreempleado, correoempleado, apellidoempleado, fechadenacimiento, activoempleado]
oct 14, 2021 4:33:12 PM org.hibernate.tool.hbm2ddl.TableMetadata <init>
INFO: HHH000261: Table found: microcosmos.entidades
oct 14, 2021 4:33:12 PM org.hibernate.tool.hbm2ddl.TableMetadata <init>
INFO: HHH000037: Columns: [identidad, activoentidad, nombreentidad]
oct 14, 2021 4:33:12 PM org.hibernate.tool.hbm2ddl.TableMetadata <init>
INFO: HHH000261: Table found: microcosmos.estado
oct 14, 2021 4:33:12 PM org.hibernate.tool.hbm2ddl.TableMetadata <init>
INFO: HHH000037: Columns: [nombreestado, activoestado, identidad, descripcionestado, idestado]
oct 14, 2021 4:33:12 PM org.hibernate.tool.hbm2ddl.TableMetadata <init>
INFO: HHH000261: Table found: microcosmos.facturasdevueltas
oct 14, 2021 4:33:12 PM org.hibernate.tool.hbm2ddl.TableMetadata <init>
INFO: HHH000037: Columns: [idventa, descripcion, fechadevolucion, idempleados, idfacturadevuelta]
oct 14, 2021 4:33:12 PM org.hibernate.tool.hbm2ddl.TableMetadata <init>
INFO: HHH000261: Table found: microcosmos.parametros
oct 14, 2021 4:33:12 PM org.hibernate.tool.hbm2ddl.TableMetadata <init>
INFO: HHH000037: Columns: [facturainicial, fechaemision, facturafinal, activoparametros, fechacaducidad, cai, idparametros]
oct 14, 2021 4:33:12 PM org.hibernate.tool.hbm2ddl.TableMetadata <init>
INFO: HHH000261: Table found: microcosmos.pedidosdevueltos
oct 14, 2021 4:33:12 PM org.hibernate.tool.hbm2ddl.TableMetadata <init>
INFO: HHH000037: Columns: [idcompra, descripcion, idempleados, idpedidosdevueltos, fechaanulacion]
oct 14, 2021 4:33:12 PM org.hibernate.tool.hbm2ddl.TableMetadata <init>
INFO: HHH000261: Table found: microcosmos.preciohistorico
oct 14, 2021 4:33:12 PM org.hibernate.tool.hbm2ddl.TableMetadata <init>
INFO: HHH000037: Columns: [precio, idpreciohistorico, fechainicial, fechafinal, idarticulo, activopreciohistorico]
oct 14, 2021 4:33:12 PM org.hibernate.tool.hbm2ddl.TableMetadata <init>
INFO: HHH000261: Table found: microcosmos.proveedores
oct 14, 2021 4:33:12 PM org.hibernate.tool.hbm2ddl.TableMetadata <init>
INFO: HHH000037: Columns: [idproveedor, activoproveedor, idtipodocumento, nombreproveedor, correoproveedor, telefonoproveedor, documento, ubicacionproveedor]
oct 14, 2021 4:33:12 PM org.hibernate.tool.hbm2ddl.TableMetadata <init>
INFO: HHH000261: Table found: microcosmos.secciontienda
oct 14, 2021 4:33:12 PM org.hibernate.tool.hbm2ddl.TableMetadata <init>
INFO: HHH000037: Columns: [idsecciontienda, descripcionsecciontienda, nombresecciontienda, activosecciontienda]
oct 14, 2021 4:33:12 PM org.hibernate.tool.hbm2ddl.TableMetadata <init>
INFO: HHH000261: Table found: microcosmos.sexo
oct 14, 2021 4:33:12 PM org.hibernate.tool.hbm2ddl.TableMetadata <init>
INFO: HHH000037: Columns: [idsexo, nombresexo, descripcionsexo]
oct 14, 2021 4:33:12 PM org.hibernate.tool.hbm2ddl.TableMetadata <init>
INFO: HHH000261: Table found: microcosmos.talla
oct 14, 2021 4:33:12 PM org.hibernate.tool.hbm2ddl.TableMetadata <init>
INFO: HHH000037: Columns: [activotalla, nombretalla, descripciontalla, idtalla]
oct 14, 2021 4:33:12 PM org.hibernate.tool.hbm2ddl.TableMetadata <init>
INFO: HHH000261: Table found: microcosmos.tipodepago
oct 14, 2021 4:33:12 PM org.hibernate.tool.hbm2ddl.TableMetadata <init>
INFO: HHH000037: Columns: [descripciontipodepago, nombretipodepago, idtipodepago, activotipodepago]
oct 14, 2021 4:33:12 PM org.hibernate.tool.hbm2ddl.TableMetadata <init>
INFO: HHH000261: Table found: microcosmos.tipodocumento
oct 14, 2021 4:33:12 PM org.hibernate.tool.hbm2ddl.TableMetadata <init>
INFO: HHH000037: Columns: [nombretipodocumento, descripciontipodocumento, activotipodocumento, idtipodocumento]
oct 14, 2021 4:33:12 PM org.hibernate.tool.hbm2ddl.TableMetadata <init>
INFO: HHH000261: Table found: microcosmos.usuarios
oct 14, 2021 4:33:12 PM org.hibernate.tool.hbm2ddl.TableMetadata <init>
INFO: HHH000037: Columns: [nombreusuario, idempleados, numerodeintentos, activousuario, admin, contrasena, idusuario]
oct 14, 2021 4:33:12 PM org.hibernate.tool.hbm2ddl.TableMetadata <init>
INFO: HHH000261: Table found: microcosmos.venta
oct 14, 2021 4:33:12 PM org.hibernate.tool.hbm2ddl.TableMetadata <init>
INFO: HHH000037: Columns: [numtarjeta, idtipodepago, formato, montoefectivo, idcliente, idestado, idventa, total, idempleados, impuesto, subtotal, montotarjeta, fechaventa, idparametros]
oct 14, 2021 4:33:12 PM org.hibernate.jpa.internal.EntityManagerFactoryRegistry addEntityManagerFactory
WARN: HHH000436: Entity manager factory name (DB) is already registered.  If entity manager will be clustered or passivated, specify a unique value for property 'hibernate.ejb.entitymanager_factory_name'
oct 14, 2021 4:33:12 PM org.hibernate.ejb.HibernatePersistence logDeprecation
WARN: HHH015016: Encountered a deprecated javax.persistence.spi.PersistenceProvider [org.hibernate.ejb.HibernatePersistence]; use [org.hibernate.jpa.HibernatePersistenceProvider] instead.
oct 14, 2021 4:33:12 PM org.hibernate.ejb.HibernatePersistence logDeprecation
WARN: HHH015016: Encountered a deprecated javax.persistence.spi.PersistenceProvider [org.hibernate.ejb.HibernatePersistence]; use [org.hibernate.jpa.HibernatePersistenceProvider] instead.
oct 14, 2021 4:33:12 PM org.hibernate.ejb.HibernatePersistence logDeprecation
WARN: HHH015016: Encountered a deprecated javax.persistence.spi.PersistenceProvider [org.hibernate.ejb.HibernatePersistence]; use [org.hibernate.jpa.HibernatePersistenceProvider] instead.
oct 14, 2021 4:33:12 PM org.hibernate.jpa.internal.util.LogHelper logPersistenceUnitInformation
INFO: HHH000204: Processing PersistenceUnitInfo [
	name: DB
	...]
oct 14, 2021 4:33:12 PM org.hibernate.engine.jdbc.connections.internal.DriverManagerConnectionProviderImpl configure
WARN: HHH000402: Using Hibernate built-in connection pool (not for production use!)
oct 14, 2021 4:33:12 PM org.hibernate.engine.jdbc.connections.internal.DriverManagerConnectionProviderImpl buildCreator
INFO: HHH000401: using driver [com.mysql.jdbc.Driver] at URL [jdbc:mysql://localhost:3306/Microcosmos?zeroDateTimeBehavior=convertToNull]
oct 14, 2021 4:33:12 PM org.hibernate.engine.jdbc.connections.internal.DriverManagerConnectionProviderImpl buildCreator
INFO: HHH000046: Connection properties: {user=root, password=****}
oct 14, 2021 4:33:12 PM org.hibernate.engine.jdbc.connections.internal.DriverManagerConnectionProviderImpl buildCreator
INFO: HHH000006: Autocommit mode: false
oct 14, 2021 4:33:12 PM org.hibernate.engine.jdbc.connections.internal.DriverManagerConnectionProviderImpl configure
INFO: HHH000115: Hibernate connection pool size: 20 (min=1)
oct 14, 2021 4:33:12 PM org.hibernate.dialect.Dialect <init>
INFO: HHH000400: Using dialect: org.hibernate.dialect.MySQLDialect
oct 14, 2021 4:33:12 PM org.hibernate.hql.internal.ast.ASTQueryTranslatorFactory <init>
INFO: HHH000397: Using ASTQueryTranslatorFactory
oct 14, 2021 4:33:12 PM org.hibernate.tool.hbm2ddl.SchemaValidator validate
INFO: HHH000229: Running schema validator
oct 14, 2021 4:33:12 PM org.hibernate.tool.hbm2ddl.SchemaValidator validate
INFO: HHH000102: Fetching database metadata
oct 14, 2021 4:33:12 PM org.hibernate.tool.hbm2ddl.TableMetadata <init>
INFO: HHH000261: Table found: microcosmos.arealaboral
oct 14, 2021 4:33:12 PM org.hibernate.tool.hbm2ddl.TableMetadata <init>
INFO: HHH000037: Columns: [idarealaboral, descripcionarealaboral, nombrearealaboral, activoarealaboral]
oct 14, 2021 4:33:12 PM org.hibernate.tool.hbm2ddl.TableMetadata <init>
INFO: HHH000261: Table found: microcosmos.arealaboralhistorica
oct 14, 2021 4:33:12 PM org.hibernate.tool.hbm2ddl.TableMetadata <init>
INFO: HHH000037: Columns: [idempleados, fechaconclusion, fechacomienzo, idarealaboralhistorica]
oct 14, 2021 4:33:12 PM org.hibernate.tool.hbm2ddl.TableMetadata <init>
INFO: HHH000261: Table found: microcosmos.articulo
oct 14, 2021 4:33:12 PM org.hibernate.tool.hbm2ddl.TableMetadata <init>
INFO: HHH000037: Columns: [idsecciontienda, stockmaximo, activoarticulo, nombrearticulo, stockminimo, precioarticulo, idtalla, stock, descripcionarticulo, idarticulo]
oct 14, 2021 4:33:12 PM org.hibernate.tool.hbm2ddl.TableMetadata <init>
INFO: HHH000261: Table found: microcosmos.clientes
oct 14, 2021 4:33:12 PM org.hibernate.tool.hbm2ddl.TableMetadata <init>
INFO: HHH000037: Columns: [telefonocliente, direccioncliente, idtipodocumento, idsexo, documento, activocliente, idcliente, nombrecliente, apellidocliente, correocliente]
oct 14, 2021 4:33:12 PM org.hibernate.tool.hbm2ddl.TableMetadata <init>
INFO: HHH000261: Table found: microcosmos.compra
oct 14, 2021 4:33:12 PM org.hibernate.tool.hbm2ddl.TableMetadata <init>
INFO: HHH000037: Columns: [idcompra, fechapedido, idproveedor, idempleados, fecharecibido, totalcompra, idestado]
oct 14, 2021 4:33:12 PM org.hibernate.tool.hbm2ddl.TableMetadata <init>
INFO: HHH000261: Table found: microcosmos.detallecompra
oct 14, 2021 4:33:12 PM org.hibernate.tool.hbm2ddl.TableMetadata <init>
INFO: HHH000037: Columns: [idcompra, iddetallecompra, preciocompra, cantidad, idarticulo]
oct 14, 2021 4:33:12 PM org.hibernate.tool.hbm2ddl.TableMetadata <init>
INFO: HHH000261: Table found: microcosmos.detalleventa
oct 14, 2021 4:33:12 PM org.hibernate.tool.hbm2ddl.TableMetadata <init>
INFO: HHH000037: Columns: [idventa, iddetalleventa, cantidad, idarticulo]
oct 14, 2021 4:33:12 PM org.hibernate.tool.hbm2ddl.TableMetadata <init>
INFO: HHH000261: Table found: microcosmos.empleados
oct 14, 2021 4:33:12 PM org.hibernate.tool.hbm2ddl.TableMetadata <init>
INFO: HHH000037: Columns: [idempleados, idarealaboral, idtipodocumento, idsexo, telefonoempleado, documento, nombreempleado, correoempleado, apellidoempleado, fechadenacimiento, activoempleado]
oct 14, 2021 4:33:12 PM org.hibernate.tool.hbm2ddl.TableMetadata <init>
INFO: HHH000261: Table found: microcosmos.entidades
oct 14, 2021 4:33:12 PM org.hibernate.tool.hbm2ddl.TableMetadata <init>
INFO: HHH000037: Columns: [identidad, activoentidad, nombreentidad]
oct 14, 2021 4:33:12 PM org.hibernate.tool.hbm2ddl.TableMetadata <init>
INFO: HHH000261: Table found: microcosmos.estado
oct 14, 2021 4:33:12 PM org.hibernate.tool.hbm2ddl.TableMetadata <init>
INFO: HHH000037: Columns: [nombreestado, activoestado, identidad, descripcionestado, idestado]
oct 14, 2021 4:33:12 PM org.hibernate.tool.hbm2ddl.TableMetadata <init>
INFO: HHH000261: Table found: microcosmos.facturasdevueltas
oct 14, 2021 4:33:12 PM org.hibernate.tool.hbm2ddl.TableMetadata <init>
INFO: HHH000037: Columns: [idventa, descripcion, fechadevolucion, idempleados, idfacturadevuelta]
oct 14, 2021 4:33:12 PM org.hibernate.tool.hbm2ddl.TableMetadata <init>
INFO: HHH000261: Table found: microcosmos.parametros
oct 14, 2021 4:33:12 PM org.hibernate.tool.hbm2ddl.TableMetadata <init>
INFO: HHH000037: Columns: [facturainicial, fechaemision, facturafinal, activoparametros, fechacaducidad, cai, idparametros]
oct 14, 2021 4:33:12 PM org.hibernate.tool.hbm2ddl.TableMetadata <init>
INFO: HHH000261: Table found: microcosmos.pedidosdevueltos
oct 14, 2021 4:33:12 PM org.hibernate.tool.hbm2ddl.TableMetadata <init>
INFO: HHH000037: Columns: [idcompra, descripcion, idempleados, idpedidosdevueltos, fechaanulacion]
oct 14, 2021 4:33:12 PM org.hibernate.tool.hbm2ddl.TableMetadata <init>
INFO: HHH000261: Table found: microcosmos.preciohistorico
oct 14, 2021 4:33:12 PM org.hibernate.tool.hbm2ddl.TableMetadata <init>
INFO: HHH000037: Columns: [precio, idpreciohistorico, fechainicial, fechafinal, idarticulo, activopreciohistorico]
oct 14, 2021 4:33:12 PM org.hibernate.tool.hbm2ddl.TableMetadata <init>
INFO: HHH000261: Table found: microcosmos.proveedores
oct 14, 2021 4:33:12 PM org.hibernate.tool.hbm2ddl.TableMetadata <init>
INFO: HHH000037: Columns: [idproveedor, activoproveedor, idtipodocumento, nombreproveedor, correoproveedor, telefonoproveedor, documento, ubicacionproveedor]
oct 14, 2021 4:33:12 PM org.hibernate.tool.hbm2ddl.TableMetadata <init>
INFO: HHH000261: Table found: microcosmos.secciontienda
oct 14, 2021 4:33:12 PM org.hibernate.tool.hbm2ddl.TableMetadata <init>
INFO: HHH000037: Columns: [idsecciontienda, descripcionsecciontienda, nombresecciontienda, activosecciontienda]
oct 14, 2021 4:33:12 PM org.hibernate.tool.hbm2ddl.TableMetadata <init>
INFO: HHH000261: Table found: microcosmos.sexo
oct 14, 2021 4:33:12 PM org.hibernate.tool.hbm2ddl.TableMetadata <init>
INFO: HHH000037: Columns: [idsexo, nombresexo, descripcionsexo]
oct 14, 2021 4:33:12 PM org.hibernate.tool.hbm2ddl.TableMetadata <init>
INFO: HHH000261: Table found: microcosmos.talla
oct 14, 2021 4:33:12 PM org.hibernate.tool.hbm2ddl.TableMetadata <init>
INFO: HHH000037: Columns: [activotalla, nombretalla, descripciontalla, idtalla]
oct 14, 2021 4:33:12 PM org.hibernate.tool.hbm2ddl.TableMetadata <init>
INFO: HHH000261: Table found: microcosmos.tipodepago
oct 14, 2021 4:33:12 PM org.hibernate.tool.hbm2ddl.TableMetadata <init>
INFO: HHH000037: Columns: [descripciontipodepago, nombretipodepago, idtipodepago, activotipodepago]
oct 14, 2021 4:33:12 PM org.hibernate.tool.hbm2ddl.TableMetadata <init>
INFO: HHH000261: Table found: microcosmos.tipodocumento
oct 14, 2021 4:33:12 PM org.hibernate.tool.hbm2ddl.TableMetadata <init>
INFO: HHH000037: Columns: [nombretipodocumento, descripciontipodocumento, activotipodocumento, idtipodocumento]
oct 14, 2021 4:33:12 PM org.hibernate.tool.hbm2ddl.TableMetadata <init>
INFO: HHH000261: Table found: microcosmos.usuarios
oct 14, 2021 4:33:12 PM org.hibernate.tool.hbm2ddl.TableMetadata <init>
INFO: HHH000037: Columns: [nombreusuario, idempleados, numerodeintentos, activousuario, admin, contrasena, idusuario]
oct 14, 2021 4:33:12 PM org.hibernate.tool.hbm2ddl.TableMetadata <init>
INFO: HHH000261: Table found: microcosmos.venta
oct 14, 2021 4:33:12 PM org.hibernate.tool.hbm2ddl.TableMetadata <init>
INFO: HHH000037: Columns: [numtarjeta, idtipodepago, formato, montoefectivo, idcliente, idestado, idventa, total, idempleados, impuesto, subtotal, montotarjeta, fechaventa, idparametros]
oct 14, 2021 4:33:12 PM org.hibernate.jpa.internal.EntityManagerFactoryRegistry addEntityManagerFactory
WARN: HHH000436: Entity manager factory name (DB) is already registered.  If entity manager will be clustered or passivated, specify a unique value for property 'hibernate.ejb.entitymanager_factory_name'
oct 14, 2021 4:33:12 PM org.hibernate.ejb.HibernatePersistence logDeprecation
WARN: HHH015016: Encountered a deprecated javax.persistence.spi.PersistenceProvider [org.hibernate.ejb.HibernatePersistence]; use [org.hibernate.jpa.HibernatePersistenceProvider] instead.
oct 14, 2021 4:33:12 PM org.hibernate.ejb.HibernatePersistence logDeprecation
WARN: HHH015016: Encountered a deprecated javax.persistence.spi.PersistenceProvider [org.hibernate.ejb.HibernatePersistence]; use [org.hibernate.jpa.HibernatePersistenceProvider] instead.
oct 14, 2021 4:33:12 PM org.hibernate.ejb.HibernatePersistence logDeprecation
WARN: HHH015016: Encountered a deprecated javax.persistence.spi.PersistenceProvider [org.hibernate.ejb.HibernatePersistence]; use [org.hibernate.jpa.HibernatePersistenceProvider] instead.
oct 14, 2021 4:33:12 PM org.hibernate.jpa.internal.util.LogHelper logPersistenceUnitInformation
INFO: HHH000204: Processing PersistenceUnitInfo [
	name: DB
	...]
oct 14, 2021 4:33:12 PM org.hibernate.engine.jdbc.connections.internal.DriverManagerConnectionProviderImpl configure
WARN: HHH000402: Using Hibernate built-in connection pool (not for production use!)
oct 14, 2021 4:33:12 PM org.hibernate.engine.jdbc.connections.internal.DriverManagerConnectionProviderImpl buildCreator
INFO: HHH000401: using driver [com.mysql.jdbc.Driver] at URL [jdbc:mysql://localhost:3306/Microcosmos?zeroDateTimeBehavior=convertToNull]
oct 14, 2021 4:33:12 PM org.hibernate.engine.jdbc.connections.internal.DriverManagerConnectionProviderImpl buildCreator
INFO: HHH000046: Connection properties: {user=root, password=****}
oct 14, 2021 4:33:12 PM org.hibernate.engine.jdbc.connections.internal.DriverManagerConnectionProviderImpl buildCreator
INFO: HHH000006: Autocommit mode: false
oct 14, 2021 4:33:12 PM org.hibernate.engine.jdbc.connections.internal.DriverManagerConnectionProviderImpl configure
INFO: HHH000115: Hibernate connection pool size: 20 (min=1)
oct 14, 2021 4:33:12 PM org.hibernate.dialect.Dialect <init>
INFO: HHH000400: Using dialect: org.hibernate.dialect.MySQLDialect
oct 14, 2021 4:33:12 PM org.hibernate.hql.internal.ast.ASTQueryTranslatorFactory <init>
INFO: HHH000397: Using ASTQueryTranslatorFactory
oct 14, 2021 4:33:12 PM org.hibernate.tool.hbm2ddl.SchemaValidator validate
INFO: HHH000229: Running schema validator
oct 14, 2021 4:33:12 PM org.hibernate.tool.hbm2ddl.SchemaValidator validate
INFO: HHH000102: Fetching database metadata
oct 14, 2021 4:33:12 PM org.hibernate.tool.hbm2ddl.TableMetadata <init>
INFO: HHH000261: Table found: microcosmos.arealaboral
oct 14, 2021 4:33:12 PM org.hibernate.tool.hbm2ddl.TableMetadata <init>
INFO: HHH000037: Columns: [idarealaboral, descripcionarealaboral, nombrearealaboral, activoarealaboral]
oct 14, 2021 4:33:12 PM org.hibernate.tool.hbm2ddl.TableMetadata <init>
INFO: HHH000261: Table found: microcosmos.arealaboralhistorica
oct 14, 2021 4:33:12 PM org.hibernate.tool.hbm2ddl.TableMetadata <init>
INFO: HHH000037: Columns: [idempleados, fechaconclusion, fechacomienzo, idarealaboralhistorica]
oct 14, 2021 4:33:12 PM org.hibernate.tool.hbm2ddl.TableMetadata <init>
INFO: HHH000261: Table found: microcosmos.articulo
oct 14, 2021 4:33:12 PM org.hibernate.tool.hbm2ddl.TableMetadata <init>
INFO: HHH000037: Columns: [idsecciontienda, stockmaximo, activoarticulo, nombrearticulo, stockminimo, precioarticulo, idtalla, stock, descripcionarticulo, idarticulo]
oct 14, 2021 4:33:12 PM org.hibernate.tool.hbm2ddl.TableMetadata <init>
INFO: HHH000261: Table found: microcosmos.clientes
oct 14, 2021 4:33:12 PM org.hibernate.tool.hbm2ddl.TableMetadata <init>
INFO: HHH000037: Columns: [telefonocliente, direccioncliente, idtipodocumento, idsexo, documento, activocliente, idcliente, nombrecliente, apellidocliente, correocliente]
oct 14, 2021 4:33:12 PM org.hibernate.tool.hbm2ddl.TableMetadata <init>
INFO: HHH000261: Table found: microcosmos.compra
oct 14, 2021 4:33:12 PM org.hibernate.tool.hbm2ddl.TableMetadata <init>
INFO: HHH000037: Columns: [idcompra, fechapedido, idproveedor, idempleados, fecharecibido, totalcompra, idestado]
oct 14, 2021 4:33:12 PM org.hibernate.tool.hbm2ddl.TableMetadata <init>
INFO: HHH000261: Table found: microcosmos.detallecompra
oct 14, 2021 4:33:12 PM org.hibernate.tool.hbm2ddl.TableMetadata <init>
INFO: HHH000037: Columns: [idcompra, iddetallecompra, preciocompra, cantidad, idarticulo]
oct 14, 2021 4:33:12 PM org.hibernate.tool.hbm2ddl.TableMetadata <init>
INFO: HHH000261: Table found: microcosmos.detalleventa
oct 14, 2021 4:33:12 PM org.hibernate.tool.hbm2ddl.TableMetadata <init>
INFO: HHH000037: Columns: [idventa, iddetalleventa, cantidad, idarticulo]
oct 14, 2021 4:33:12 PM org.hibernate.tool.hbm2ddl.TableMetadata <init>
INFO: HHH000261: Table found: microcosmos.empleados
oct 14, 2021 4:33:12 PM org.hibernate.tool.hbm2ddl.TableMetadata <init>
INFO: HHH000037: Columns: [idempleados, idarealaboral, idtipodocumento, idsexo, telefonoempleado, documento, nombreempleado, correoempleado, apellidoempleado, fechadenacimiento, activoempleado]
oct 14, 2021 4:33:12 PM org.hibernate.tool.hbm2ddl.TableMetadata <init>
INFO: HHH000261: Table found: microcosmos.entidades
oct 14, 2021 4:33:12 PM org.hibernate.tool.hbm2ddl.TableMetadata <init>
INFO: HHH000037: Columns: [identidad, activoentidad, nombreentidad]
oct 14, 2021 4:33:12 PM org.hibernate.tool.hbm2ddl.TableMetadata <init>
INFO: HHH000261: Table found: microcosmos.estado
oct 14, 2021 4:33:12 PM org.hibernate.tool.hbm2ddl.TableMetadata <init>
INFO: HHH000037: Columns: [nombreestado, activoestado, identidad, descripcionestado, idestado]
oct 14, 2021 4:33:12 PM org.hibernate.tool.hbm2ddl.TableMetadata <init>
INFO: HHH000261: Table found: microcosmos.facturasdevueltas
oct 14, 2021 4:33:12 PM org.hibernate.tool.hbm2ddl.TableMetadata <init>
INFO: HHH000037: Columns: [idventa, descripcion, fechadevolucion, idempleados, idfacturadevuelta]
oct 14, 2021 4:33:12 PM org.hibernate.tool.hbm2ddl.TableMetadata <init>
INFO: HHH000261: Table found: microcosmos.parametros
oct 14, 2021 4:33:12 PM org.hibernate.tool.hbm2ddl.TableMetadata <init>
INFO: HHH000037: Columns: [facturainicial, fechaemision, facturafinal, activoparametros, fechacaducidad, cai, idparametros]
oct 14, 2021 4:33:12 PM org.hibernate.tool.hbm2ddl.TableMetadata <init>
INFO: HHH000261: Table found: microcosmos.pedidosdevueltos
oct 14, 2021 4:33:12 PM org.hibernate.tool.hbm2ddl.TableMetadata <init>
INFO: HHH000037: Columns: [idcompra, descripcion, idempleados, idpedidosdevueltos, fechaanulacion]
oct 14, 2021 4:33:12 PM org.hibernate.tool.hbm2ddl.TableMetadata <init>
INFO: HHH000261: Table found: microcosmos.preciohistorico
oct 14, 2021 4:33:12 PM org.hibernate.tool.hbm2ddl.TableMetadata <init>
INFO: HHH000037: Columns: [precio, idpreciohistorico, fechainicial, fechafinal, idarticulo, activopreciohistorico]
oct 14, 2021 4:33:12 PM org.hibernate.tool.hbm2ddl.TableMetadata <init>
INFO: HHH000261: Table found: microcosmos.proveedores
oct 14, 2021 4:33:12 PM org.hibernate.tool.hbm2ddl.TableMetadata <init>
INFO: HHH000037: Columns: [idproveedor, activoproveedor, idtipodocumento, nombreproveedor, correoproveedor, telefonoproveedor, documento, ubicacionproveedor]
oct 14, 2021 4:33:12 PM org.hibernate.tool.hbm2ddl.TableMetadata <init>
INFO: HHH000261: Table found: microcosmos.secciontienda
oct 14, 2021 4:33:12 PM org.hibernate.tool.hbm2ddl.TableMetadata <init>
INFO: HHH000037: Columns: [idsecciontienda, descripcionsecciontienda, nombresecciontienda, activosecciontienda]
oct 14, 2021 4:33:12 PM org.hibernate.tool.hbm2ddl.TableMetadata <init>
INFO: HHH000261: Table found: microcosmos.sexo
oct 14, 2021 4:33:12 PM org.hibernate.tool.hbm2ddl.TableMetadata <init>
INFO: HHH000037: Columns: [idsexo, nombresexo, descripcionsexo]
oct 14, 2021 4:33:12 PM org.hibernate.tool.hbm2ddl.TableMetadata <init>
INFO: HHH000261: Table found: microcosmos.talla
oct 14, 2021 4:33:12 PM org.hibernate.tool.hbm2ddl.TableMetadata <init>
INFO: HHH000037: Columns: [activotalla, nombretalla, descripciontalla, idtalla]
oct 14, 2021 4:33:12 PM org.hibernate.tool.hbm2ddl.TableMetadata <init>
INFO: HHH000261: Table found: microcosmos.tipodepago
oct 14, 2021 4:33:12 PM org.hibernate.tool.hbm2ddl.TableMetadata <init>
INFO: HHH000037: Columns: [descripciontipodepago, nombretipodepago, idtipodepago, activotipodepago]
oct 14, 2021 4:33:12 PM org.hibernate.tool.hbm2ddl.TableMetadata <init>
INFO: HHH000261: Table found: microcosmos.tipodocumento
oct 14, 2021 4:33:12 PM org.hibernate.tool.hbm2ddl.TableMetadata <init>
INFO: HHH000037: Columns: [nombretipodocumento, descripciontipodocumento, activotipodocumento, idtipodocumento]
oct 14, 2021 4:33:12 PM org.hibernate.tool.hbm2ddl.TableMetadata <init>
INFO: HHH000261: Table found: microcosmos.usuarios
oct 14, 2021 4:33:12 PM org.hibernate.tool.hbm2ddl.TableMetadata <init>
INFO: HHH000037: Columns: [nombreusuario, idempleados, numerodeintentos, activousuario, admin, contrasena, idusuario]
oct 14, 2021 4:33:12 PM org.hibernate.tool.hbm2ddl.TableMetadata <init>
INFO: HHH000261: Table found: microcosmos.venta
oct 14, 2021 4:33:12 PM org.hibernate.tool.hbm2ddl.TableMetadata <init>
INFO: HHH000037: Columns: [numtarjeta, idtipodepago, formato, montoefectivo, idcliente, idestado, idventa, total, idempleados, impuesto, subtotal, montotarjeta, fechaventa, idparametros]
oct 14, 2021 4:33:12 PM org.hibernate.jpa.internal.EntityManagerFactoryRegistry addEntityManagerFactory
WARN: HHH000436: Entity manager factory name (DB) is already registered.  If entity manager will be clustered or passivated, specify a unique value for property 'hibernate.ejb.entitymanager_factory_name'
oct 14, 2021 4:33:12 PM org.hibernate.ejb.HibernatePersistence logDeprecation
WARN: HHH015016: Encountered a deprecated javax.persistence.spi.PersistenceProvider [org.hibernate.ejb.HibernatePersistence]; use [org.hibernate.jpa.HibernatePersistenceProvider] instead.
oct 14, 2021 4:33:12 PM org.hibernate.ejb.HibernatePersistence logDeprecation
WARN: HHH015016: Encountered a deprecated javax.persistence.spi.PersistenceProvider [org.hibernate.ejb.HibernatePersistence]; use [org.hibernate.jpa.HibernatePersistenceProvider] instead.
oct 14, 2021 4:33:12 PM org.hibernate.ejb.HibernatePersistence logDeprecation
WARN: HHH015016: Encountered a deprecated javax.persistence.spi.PersistenceProvider [org.hibernate.ejb.HibernatePersistence]; use [org.hibernate.jpa.HibernatePersistenceProvider] instead.
oct 14, 2021 4:33:12 PM org.hibernate.jpa.internal.util.LogHelper logPersistenceUnitInformation
INFO: HHH000204: Processing PersistenceUnitInfo [
	name: DB
	...]
oct 14, 2021 4:33:12 PM org.hibernate.engine.jdbc.connections.internal.DriverManagerConnectionProviderImpl configure
WARN: HHH000402: Using Hibernate built-in connection pool (not for production use!)
oct 14, 2021 4:33:12 PM org.hibernate.engine.jdbc.connections.internal.DriverManagerConnectionProviderImpl buildCreator
INFO: HHH000401: using driver [com.mysql.jdbc.Driver] at URL [jdbc:mysql://localhost:3306/Microcosmos?zeroDateTimeBehavior=convertToNull]
oct 14, 2021 4:33:12 PM org.hibernate.engine.jdbc.connections.internal.DriverManagerConnectionProviderImpl buildCreator
INFO: HHH000046: Connection properties: {user=root, password=****}
oct 14, 2021 4:33:12 PM org.hibernate.engine.jdbc.connections.internal.DriverManagerConnectionProviderImpl buildCreator
INFO: HHH000006: Autocommit mode: false
oct 14, 2021 4:33:12 PM org.hibernate.engine.jdbc.connections.internal.DriverManagerConnectionProviderImpl configure
INFO: HHH000115: Hibernate connection pool size: 20 (min=1)
oct 14, 2021 4:33:12 PM org.hibernate.dialect.Dialect <init>
INFO: HHH000400: Using dialect: org.hibernate.dialect.MySQLDialect
oct 14, 2021 4:33:12 PM org.hibernate.hql.internal.ast.ASTQueryTranslatorFactory <init>
INFO: HHH000397: Using ASTQueryTranslatorFactory
oct 14, 2021 4:33:12 PM org.hibernate.tool.hbm2ddl.SchemaValidator validate
INFO: HHH000229: Running schema validator
oct 14, 2021 4:33:12 PM org.hibernate.tool.hbm2ddl.SchemaValidator validate
INFO: HHH000102: Fetching database metadata
oct 14, 2021 4:33:12 PM org.hibernate.tool.hbm2ddl.TableMetadata <init>
INFO: HHH000261: Table found: microcosmos.arealaboral
oct 14, 2021 4:33:12 PM org.hibernate.tool.hbm2ddl.TableMetadata <init>
INFO: HHH000037: Columns: [idarealaboral, descripcionarealaboral, nombrearealaboral, activoarealaboral]
oct 14, 2021 4:33:12 PM org.hibernate.tool.hbm2ddl.TableMetadata <init>
INFO: HHH000261: Table found: microcosmos.arealaboralhistorica
oct 14, 2021 4:33:12 PM org.hibernate.tool.hbm2ddl.TableMetadata <init>
INFO: HHH000037: Columns: [idempleados, fechaconclusion, fechacomienzo, idarealaboralhistorica]
oct 14, 2021 4:33:12 PM org.hibernate.tool.hbm2ddl.TableMetadata <init>
INFO: HHH000261: Table found: microcosmos.articulo
oct 14, 2021 4:33:12 PM org.hibernate.tool.hbm2ddl.TableMetadata <init>
INFO: HHH000037: Columns: [idsecciontienda, stockmaximo, activoarticulo, nombrearticulo, stockminimo, precioarticulo, idtalla, stock, descripcionarticulo, idarticulo]
oct 14, 2021 4:33:12 PM org.hibernate.tool.hbm2ddl.TableMetadata <init>
INFO: HHH000261: Table found: microcosmos.clientes
oct 14, 2021 4:33:12 PM org.hibernate.tool.hbm2ddl.TableMetadata <init>
INFO: HHH000037: Columns: [telefonocliente, direccioncliente, idtipodocumento, idsexo, documento, activocliente, idcliente, nombrecliente, apellidocliente, correocliente]
oct 14, 2021 4:33:12 PM org.hibernate.tool.hbm2ddl.TableMetadata <init>
INFO: HHH000261: Table found: microcosmos.compra
oct 14, 2021 4:33:12 PM org.hibernate.tool.hbm2ddl.TableMetadata <init>
INFO: HHH000037: Columns: [idcompra, fechapedido, idproveedor, idempleados, fecharecibido, totalcompra, idestado]
oct 14, 2021 4:33:12 PM org.hibernate.tool.hbm2ddl.TableMetadata <init>
INFO: HHH000261: Table found: microcosmos.detallecompra
oct 14, 2021 4:33:12 PM org.hibernate.tool.hbm2ddl.TableMetadata <init>
INFO: HHH000037: Columns: [idcompra, iddetallecompra, preciocompra, cantidad, idarticulo]
oct 14, 2021 4:33:12 PM org.hibernate.tool.hbm2ddl.TableMetadata <init>
INFO: HHH000261: Table found: microcosmos.detalleventa
oct 14, 2021 4:33:12 PM org.hibernate.tool.hbm2ddl.TableMetadata <init>
INFO: HHH000037: Columns: [idventa, iddetalleventa, cantidad, idarticulo]
oct 14, 2021 4:33:12 PM org.hibernate.tool.hbm2ddl.TableMetadata <init>
INFO: HHH000261: Table found: microcosmos.empleados
oct 14, 2021 4:33:12 PM org.hibernate.tool.hbm2ddl.TableMetadata <init>
INFO: HHH000037: Columns: [idempleados, idarealaboral, idtipodocumento, idsexo, telefonoempleado, documento, nombreempleado, correoempleado, apellidoempleado, fechadenacimiento, activoempleado]
oct 14, 2021 4:33:12 PM org.hibernate.tool.hbm2ddl.TableMetadata <init>
INFO: HHH000261: Table found: microcosmos.entidades
oct 14, 2021 4:33:12 PM org.hibernate.tool.hbm2ddl.TableMetadata <init>
INFO: HHH000037: Columns: [identidad, activoentidad, nombreentidad]
oct 14, 2021 4:33:12 PM org.hibernate.tool.hbm2ddl.TableMetadata <init>
INFO: HHH000261: Table found: microcosmos.estado
oct 14, 2021 4:33:12 PM org.hibernate.tool.hbm2ddl.TableMetadata <init>
INFO: HHH000037: Columns: [nombreestado, activoestado, identidad, descripcionestado, idestado]
oct 14, 2021 4:33:12 PM org.hibernate.tool.hbm2ddl.TableMetadata <init>
INFO: HHH000261: Table found: microcosmos.facturasdevueltas
oct 14, 2021 4:33:12 PM org.hibernate.tool.hbm2ddl.TableMetadata <init>
INFO: HHH000037: Columns: [idventa, descripcion, fechadevolucion, idempleados, idfacturadevuelta]
oct 14, 2021 4:33:12 PM org.hibernate.tool.hbm2ddl.TableMetadata <init>
INFO: HHH000261: Table found: microcosmos.parametros
oct 14, 2021 4:33:12 PM org.hibernate.tool.hbm2ddl.TableMetadata <init>
INFO: HHH000037: Columns: [facturainicial, fechaemision, facturafinal, activoparametros, fechacaducidad, cai, idparametros]
oct 14, 2021 4:33:12 PM org.hibernate.tool.hbm2ddl.TableMetadata <init>
INFO: HHH000261: Table found: microcosmos.pedidosdevueltos
oct 14, 2021 4:33:12 PM org.hibernate.tool.hbm2ddl.TableMetadata <init>
INFO: HHH000037: Columns: [idcompra, descripcion, idempleados, idpedidosdevueltos, fechaanulacion]
oct 14, 2021 4:33:12 PM org.hibernate.tool.hbm2ddl.TableMetadata <init>
INFO: HHH000261: Table found: microcosmos.preciohistorico
oct 14, 2021 4:33:12 PM org.hibernate.tool.hbm2ddl.TableMetadata <init>
INFO: HHH000037: Columns: [precio, idpreciohistorico, fechainicial, fechafinal, idarticulo, activopreciohistorico]
oct 14, 2021 4:33:12 PM org.hibernate.tool.hbm2ddl.TableMetadata <init>
INFO: HHH000261: Table found: microcosmos.proveedores
oct 14, 2021 4:33:12 PM org.hibernate.tool.hbm2ddl.TableMetadata <init>
INFO: HHH000037: Columns: [idproveedor, activoproveedor, idtipodocumento, nombreproveedor, correoproveedor, telefonoproveedor, documento, ubicacionproveedor]
oct 14, 2021 4:33:12 PM org.hibernate.tool.hbm2ddl.TableMetadata <init>
INFO: HHH000261: Table found: microcosmos.secciontienda
oct 14, 2021 4:33:12 PM org.hibernate.tool.hbm2ddl.TableMetadata <init>
INFO: HHH000037: Columns: [idsecciontienda, descripcionsecciontienda, nombresecciontienda, activosecciontienda]
oct 14, 2021 4:33:12 PM org.hibernate.tool.hbm2ddl.TableMetadata <init>
INFO: HHH000261: Table found: microcosmos.sexo
oct 14, 2021 4:33:12 PM org.hibernate.tool.hbm2ddl.TableMetadata <init>
INFO: HHH000037: Columns: [idsexo, nombresexo, descripcionsexo]
oct 14, 2021 4:33:12 PM org.hibernate.tool.hbm2ddl.TableMetadata <init>
INFO: HHH000261: Table found: microcosmos.talla
oct 14, 2021 4:33:12 PM org.hibernate.tool.hbm2ddl.TableMetadata <init>
INFO: HHH000037: Columns: [activotalla, nombretalla, descripciontalla, idtalla]
oct 14, 2021 4:33:12 PM org.hibernate.tool.hbm2ddl.TableMetadata <init>
INFO: HHH000261: Table found: microcosmos.tipodepago
oct 14, 2021 4:33:12 PM org.hibernate.tool.hbm2ddl.TableMetadata <init>
INFO: HHH000037: Columns: [descripciontipodepago, nombretipodepago, idtipodepago, activotipodepago]
oct 14, 2021 4:33:12 PM org.hibernate.tool.hbm2ddl.TableMetadata <init>
INFO: HHH000261: Table found: microcosmos.tipodocumento
oct 14, 2021 4:33:12 PM org.hibernate.tool.hbm2ddl.TableMetadata <init>
INFO: HHH000037: Columns: [nombretipodocumento, descripciontipodocumento, activotipodocumento, idtipodocumento]
oct 14, 2021 4:33:12 PM org.hibernate.tool.hbm2ddl.TableMetadata <init>
INFO: HHH000261: Table found: microcosmos.usuarios
oct 14, 2021 4:33:12 PM org.hibernate.tool.hbm2ddl.TableMetadata <init>
INFO: HHH000037: Columns: [nombreusuario, idempleados, numerodeintentos, activousuario, admin, contrasena, idusuario]
oct 14, 2021 4:33:12 PM org.hibernate.tool.hbm2ddl.TableMetadata <init>
INFO: HHH000261: Table found: microcosmos.venta
oct 14, 2021 4:33:12 PM org.hibernate.tool.hbm2ddl.TableMetadata <init>
INFO: HHH000037: Columns: [numtarjeta, idtipodepago, formato, montoefectivo, idcliente, idestado, idventa, total, idempleados, impuesto, subtotal, montotarjeta, fechaventa, idparametros]
oct 14, 2021 4:33:12 PM org.hibernate.jpa.internal.EntityManagerFactoryRegistry addEntityManagerFactory
WARN: HHH000436: Entity manager factory name (DB) is already registered.  If entity manager will be clustered or passivated, specify a unique value for property 'hibernate.ejb.entitymanager_factory_name'
oct 14, 2021 4:33:12 PM org.hibernate.ejb.HibernatePersistence logDeprecation
WARN: HHH015016: Encountered a deprecated javax.persistence.spi.PersistenceProvider [org.hibernate.ejb.HibernatePersistence]; use [org.hibernate.jpa.HibernatePersistenceProvider] instead.
oct 14, 2021 4:33:12 PM org.hibernate.ejb.HibernatePersistence logDeprecation
WARN: HHH015016: Encountered a deprecated javax.persistence.spi.PersistenceProvider [org.hibernate.ejb.HibernatePersistence]; use [org.hibernate.jpa.HibernatePersistenceProvider] instead.
oct 14, 2021 4:33:12 PM org.hibernate.ejb.HibernatePersistence logDeprecation
WARN: HHH015016: Encountered a deprecated javax.persistence.spi.PersistenceProvider [org.hibernate.ejb.HibernatePersistence]; use [org.hibernate.jpa.HibernatePersistenceProvider] instead.
oct 14, 2021 4:33:12 PM org.hibernate.jpa.internal.util.LogHelper logPersistenceUnitInformation
INFO: HHH000204: Processing PersistenceUnitInfo [
	name: DB
	...]
oct 14, 2021 4:33:12 PM org.hibernate.engine.jdbc.connections.internal.DriverManagerConnectionProviderImpl configure
WARN: HHH000402: Using Hibernate built-in connection pool (not for production use!)
oct 14, 2021 4:33:12 PM org.hibernate.engine.jdbc.connections.internal.DriverManagerConnectionProviderImpl buildCreator
INFO: HHH000401: using driver [com.mysql.jdbc.Driver] at URL [jdbc:mysql://localhost:3306/Microcosmos?zeroDateTimeBehavior=convertToNull]
oct 14, 2021 4:33:12 PM org.hibernate.engine.jdbc.connections.internal.DriverManagerConnectionProviderImpl buildCreator
INFO: HHH000046: Connection properties: {user=root, password=****}
oct 14, 2021 4:33:12 PM org.hibernate.engine.jdbc.connections.internal.DriverManagerConnectionProviderImpl buildCreator
INFO: HHH000006: Autocommit mode: false
oct 14, 2021 4:33:12 PM org.hibernate.engine.jdbc.connections.internal.DriverManagerConnectionProviderImpl configure
INFO: HHH000115: Hibernate connection pool size: 20 (min=1)
oct 14, 2021 4:33:12 PM org.hibernate.dialect.Dialect <init>
INFO: HHH000400: Using dialect: org.hibernate.dialect.MySQLDialect
oct 14, 2021 4:33:12 PM org.hibernate.hql.internal.ast.ASTQueryTranslatorFactory <init>
INFO: HHH000397: Using ASTQueryTranslatorFactory
oct 14, 2021 4:33:12 PM org.hibernate.tool.hbm2ddl.SchemaValidator validate
INFO: HHH000229: Running schema validator
oct 14, 2021 4:33:12 PM org.hibernate.tool.hbm2ddl.SchemaValidator validate
INFO: HHH000102: Fetching database metadata
oct 14, 2021 4:33:12 PM org.hibernate.tool.hbm2ddl.TableMetadata <init>
INFO: HHH000261: Table found: microcosmos.arealaboral
oct 14, 2021 4:33:12 PM org.hibernate.tool.hbm2ddl.TableMetadata <init>
INFO: HHH000037: Columns: [idarealaboral, descripcionarealaboral, nombrearealaboral, activoarealaboral]
oct 14, 2021 4:33:12 PM org.hibernate.tool.hbm2ddl.TableMetadata <init>
INFO: HHH000261: Table found: microcosmos.arealaboralhistorica
oct 14, 2021 4:33:12 PM org.hibernate.tool.hbm2ddl.TableMetadata <init>
INFO: HHH000037: Columns: [idempleados, fechaconclusion, fechacomienzo, idarealaboralhistorica]
oct 14, 2021 4:33:12 PM org.hibernate.tool.hbm2ddl.TableMetadata <init>
INFO: HHH000261: Table found: microcosmos.articulo
oct 14, 2021 4:33:12 PM org.hibernate.tool.hbm2ddl.TableMetadata <init>
INFO: HHH000037: Columns: [idsecciontienda, stockmaximo, activoarticulo, nombrearticulo, stockminimo, precioarticulo, idtalla, stock, descripcionarticulo, idarticulo]
oct 14, 2021 4:33:12 PM org.hibernate.tool.hbm2ddl.TableMetadata <init>
INFO: HHH000261: Table found: microcosmos.clientes
oct 14, 2021 4:33:12 PM org.hibernate.tool.hbm2ddl.TableMetadata <init>
INFO: HHH000037: Columns: [telefonocliente, direccioncliente, idtipodocumento, idsexo, documento, activocliente, idcliente, nombrecliente, apellidocliente, correocliente]
oct 14, 2021 4:33:12 PM org.hibernate.tool.hbm2ddl.TableMetadata <init>
INFO: HHH000261: Table found: microcosmos.compra
oct 14, 2021 4:33:12 PM org.hibernate.tool.hbm2ddl.TableMetadata <init>
INFO: HHH000037: Columns: [idcompra, fechapedido, idproveedor, idempleados, fecharecibido, totalcompra, idestado]
oct 14, 2021 4:33:12 PM org.hibernate.tool.hbm2ddl.TableMetadata <init>
INFO: HHH000261: Table found: microcosmos.detallecompra
oct 14, 2021 4:33:12 PM org.hibernate.tool.hbm2ddl.TableMetadata <init>
INFO: HHH000037: Columns: [idcompra, iddetallecompra, preciocompra, cantidad, idarticulo]
oct 14, 2021 4:33:12 PM org.hibernate.tool.hbm2ddl.TableMetadata <init>
INFO: HHH000261: Table found: microcosmos.detalleventa
oct 14, 2021 4:33:12 PM org.hibernate.tool.hbm2ddl.TableMetadata <init>
INFO: HHH000037: Columns: [idventa, iddetalleventa, cantidad, idarticulo]
oct 14, 2021 4:33:12 PM org.hibernate.tool.hbm2ddl.TableMetadata <init>
INFO: HHH000261: Table found: microcosmos.empleados
oct 14, 2021 4:33:12 PM org.hibernate.tool.hbm2ddl.TableMetadata <init>
INFO: HHH000037: Columns: [idempleados, idarealaboral, idtipodocumento, idsexo, telefonoempleado, documento, nombreempleado, correoempleado, apellidoempleado, fechadenacimiento, activoempleado]
oct 14, 2021 4:33:12 PM org.hibernate.tool.hbm2ddl.TableMetadata <init>
INFO: HHH000261: Table found: microcosmos.entidades
oct 14, 2021 4:33:12 PM org.hibernate.tool.hbm2ddl.TableMetadata <init>
INFO: HHH000037: Columns: [identidad, activoentidad, nombreentidad]
oct 14, 2021 4:33:12 PM org.hibernate.tool.hbm2ddl.TableMetadata <init>
INFO: HHH000261: Table found: microcosmos.estado
oct 14, 2021 4:33:12 PM org.hibernate.tool.hbm2ddl.TableMetadata <init>
INFO: HHH000037: Columns: [nombreestado, activoestado, identidad, descripcionestado, idestado]
oct 14, 2021 4:33:12 PM org.hibernate.tool.hbm2ddl.TableMetadata <init>
INFO: HHH000261: Table found: microcosmos.facturasdevueltas
oct 14, 2021 4:33:12 PM org.hibernate.tool.hbm2ddl.TableMetadata <init>
INFO: HHH000037: Columns: [idventa, descripcion, fechadevolucion, idempleados, idfacturadevuelta]
oct 14, 2021 4:33:12 PM org.hibernate.tool.hbm2ddl.TableMetadata <init>
INFO: HHH000261: Table found: microcosmos.parametros
oct 14, 2021 4:33:12 PM org.hibernate.tool.hbm2ddl.TableMetadata <init>
INFO: HHH000037: Columns: [facturainicial, fechaemision, facturafinal, activoparametros, fechacaducidad, cai, idparametros]
oct 14, 2021 4:33:12 PM org.hibernate.tool.hbm2ddl.TableMetadata <init>
INFO: HHH000261: Table found: microcosmos.pedidosdevueltos
oct 14, 2021 4:33:12 PM org.hibernate.tool.hbm2ddl.TableMetadata <init>
INFO: HHH000037: Columns: [idcompra, descripcion, idempleados, idpedidosdevueltos, fechaanulacion]
oct 14, 2021 4:33:12 PM org.hibernate.tool.hbm2ddl.TableMetadata <init>
INFO: HHH000261: Table found: microcosmos.preciohistorico
oct 14, 2021 4:33:12 PM org.hibernate.tool.hbm2ddl.TableMetadata <init>
INFO: HHH000037: Columns: [precio, idpreciohistorico, fechainicial, fechafinal, idarticulo, activopreciohistorico]
oct 14, 2021 4:33:12 PM org.hibernate.tool.hbm2ddl.TableMetadata <init>
INFO: HHH000261: Table found: microcosmos.proveedores
oct 14, 2021 4:33:12 PM org.hibernate.tool.hbm2ddl.TableMetadata <init>
INFO: HHH000037: Columns: [idproveedor, activoproveedor, idtipodocumento, nombreproveedor, correoproveedor, telefonoproveedor, documento, ubicacionproveedor]
oct 14, 2021 4:33:12 PM org.hibernate.tool.hbm2ddl.TableMetadata <init>
INFO: HHH000261: Table found: microcosmos.secciontienda
oct 14, 2021 4:33:12 PM org.hibernate.tool.hbm2ddl.TableMetadata <init>
INFO: HHH000037: Columns: [idsecciontienda, descripcionsecciontienda, nombresecciontienda, activosecciontienda]
oct 14, 2021 4:33:12 PM org.hibernate.tool.hbm2ddl.TableMetadata <init>
INFO: HHH000261: Table found: microcosmos.sexo
oct 14, 2021 4:33:12 PM org.hibernate.tool.hbm2ddl.TableMetadata <init>
INFO: HHH000037: Columns: [idsexo, nombresexo, descripcionsexo]
oct 14, 2021 4:33:12 PM org.hibernate.tool.hbm2ddl.TableMetadata <init>
INFO: HHH000261: Table found: microcosmos.talla
oct 14, 2021 4:33:12 PM org.hibernate.tool.hbm2ddl.TableMetadata <init>
INFO: HHH000037: Columns: [activotalla, nombretalla, descripciontalla, idtalla]
oct 14, 2021 4:33:12 PM org.hibernate.tool.hbm2ddl.TableMetadata <init>
INFO: HHH000261: Table found: microcosmos.tipodepago
oct 14, 2021 4:33:12 PM org.hibernate.tool.hbm2ddl.TableMetadata <init>
INFO: HHH000037: Columns: [descripciontipodepago, nombretipodepago, idtipodepago, activotipodepago]
oct 14, 2021 4:33:12 PM org.hibernate.tool.hbm2ddl.TableMetadata <init>
INFO: HHH000261: Table found: microcosmos.tipodocumento
oct 14, 2021 4:33:12 PM org.hibernate.tool.hbm2ddl.TableMetadata <init>
INFO: HHH000037: Columns: [nombretipodocumento, descripciontipodocumento, activotipodocumento, idtipodocumento]
oct 14, 2021 4:33:12 PM org.hibernate.tool.hbm2ddl.TableMetadata <init>
INFO: HHH000261: Table found: microcosmos.usuarios
oct 14, 2021 4:33:12 PM org.hibernate.tool.hbm2ddl.TableMetadata <init>
INFO: HHH000037: Columns: [nombreusuario, idempleados, numerodeintentos, activousuario, admin, contrasena, idusuario]
oct 14, 2021 4:33:12 PM org.hibernate.tool.hbm2ddl.TableMetadata <init>
INFO: HHH000261: Table found: microcosmos.venta
oct 14, 2021 4:33:12 PM org.hibernate.tool.hbm2ddl.TableMetadata <init>
INFO: HHH000037: Columns: [numtarjeta, idtipodepago, formato, montoefectivo, idcliente, idestado, idventa, total, idempleados, impuesto, subtotal, montotarjeta, fechaventa, idparametros]
oct 14, 2021 4:33:12 PM org.hibernate.jpa.internal.EntityManagerFactoryRegistry addEntityManagerFactory
WARN: HHH000436: Entity manager factory name (DB) is already registered.  If entity manager will be clustered or passivated, specify a unique value for property 'hibernate.ejb.entitymanager_factory_name'
oct 14, 2021 4:33:12 PM org.hibernate.ejb.HibernatePersistence logDeprecation
WARN: HHH015016: Encountered a deprecated javax.persistence.spi.PersistenceProvider [org.hibernate.ejb.HibernatePersistence]; use [org.hibernate.jpa.HibernatePersistenceProvider] instead.
oct 14, 2021 4:33:12 PM org.hibernate.ejb.HibernatePersistence logDeprecation
WARN: HHH015016: Encountered a deprecated javax.persistence.spi.PersistenceProvider [org.hibernate.ejb.HibernatePersistence]; use [org.hibernate.jpa.HibernatePersistenceProvider] instead.
oct 14, 2021 4:33:12 PM org.hibernate.ejb.HibernatePersistence logDeprecation
WARN: HHH015016: Encountered a deprecated javax.persistence.spi.PersistenceProvider [org.hibernate.ejb.HibernatePersistence]; use [org.hibernate.jpa.HibernatePersistenceProvider] instead.
oct 14, 2021 4:33:12 PM org.hibernate.jpa.internal.util.LogHelper logPersistenceUnitInformation
INFO: HHH000204: Processing PersistenceUnitInfo [
	name: DB
	...]
oct 14, 2021 4:33:13 PM org.hibernate.engine.jdbc.connections.internal.DriverManagerConnectionProviderImpl configure
WARN: HHH000402: Using Hibernate built-in connection pool (not for production use!)
oct 14, 2021 4:33:13 PM org.hibernate.engine.jdbc.connections.internal.DriverManagerConnectionProviderImpl buildCreator
INFO: HHH000401: using driver [com.mysql.jdbc.Driver] at URL [jdbc:mysql://localhost:3306/Microcosmos?zeroDateTimeBehavior=convertToNull]
oct 14, 2021 4:33:13 PM org.hibernate.engine.jdbc.connections.internal.DriverManagerConnectionProviderImpl buildCreator
INFO: HHH000046: Connection properties: {user=root, password=****}
oct 14, 2021 4:33:13 PM org.hibernate.engine.jdbc.connections.internal.DriverManagerConnectionProviderImpl buildCreator
INFO: HHH000006: Autocommit mode: false
oct 14, 2021 4:33:13 PM org.hibernate.engine.jdbc.connections.internal.DriverManagerConnectionProviderImpl configure
INFO: HHH000115: Hibernate connection pool size: 20 (min=1)
oct 14, 2021 4:33:13 PM org.hibernate.dialect.Dialect <init>
INFO: HHH000400: Using dialect: org.hibernate.dialect.MySQLDialect
oct 14, 2021 4:33:13 PM org.hibernate.hql.internal.ast.ASTQueryTranslatorFactory <init>
INFO: HHH000397: Using ASTQueryTranslatorFactory
oct 14, 2021 4:33:13 PM org.hibernate.tool.hbm2ddl.SchemaValidator validate
INFO: HHH000229: Running schema validator
oct 14, 2021 4:33:13 PM org.hibernate.tool.hbm2ddl.SchemaValidator validate
INFO: HHH000102: Fetching database metadata
oct 14, 2021 4:33:13 PM org.hibernate.tool.hbm2ddl.TableMetadata <init>
INFO: HHH000261: Table found: microcosmos.arealaboral
oct 14, 2021 4:33:13 PM org.hibernate.tool.hbm2ddl.TableMetadata <init>
INFO: HHH000037: Columns: [idarealaboral, descripcionarealaboral, nombrearealaboral, activoarealaboral]
oct 14, 2021 4:33:13 PM org.hibernate.tool.hbm2ddl.TableMetadata <init>
INFO: HHH000261: Table found: microcosmos.arealaboralhistorica
oct 14, 2021 4:33:13 PM org.hibernate.tool.hbm2ddl.TableMetadata <init>
INFO: HHH000037: Columns: [idempleados, fechaconclusion, fechacomienzo, idarealaboralhistorica]
oct 14, 2021 4:33:13 PM org.hibernate.tool.hbm2ddl.TableMetadata <init>
INFO: HHH000261: Table found: microcosmos.articulo
oct 14, 2021 4:33:13 PM org.hibernate.tool.hbm2ddl.TableMetadata <init>
INFO: HHH000037: Columns: [idsecciontienda, stockmaximo, activoarticulo, nombrearticulo, stockminimo, precioarticulo, idtalla, stock, descripcionarticulo, idarticulo]
oct 14, 2021 4:33:13 PM org.hibernate.tool.hbm2ddl.TableMetadata <init>
INFO: HHH000261: Table found: microcosmos.clientes
oct 14, 2021 4:33:13 PM org.hibernate.tool.hbm2ddl.TableMetadata <init>
INFO: HHH000037: Columns: [telefonocliente, direccioncliente, idtipodocumento, idsexo, documento, activocliente, idcliente, nombrecliente, apellidocliente, correocliente]
oct 14, 2021 4:33:13 PM org.hibernate.tool.hbm2ddl.TableMetadata <init>
INFO: HHH000261: Table found: microcosmos.compra
oct 14, 2021 4:33:13 PM org.hibernate.tool.hbm2ddl.TableMetadata <init>
INFO: HHH000037: Columns: [idcompra, fechapedido, idproveedor, idempleados, fecharecibido, totalcompra, idestado]
oct 14, 2021 4:33:13 PM org.hibernate.tool.hbm2ddl.TableMetadata <init>
INFO: HHH000261: Table found: microcosmos.detallecompra
oct 14, 2021 4:33:13 PM org.hibernate.tool.hbm2ddl.TableMetadata <init>
INFO: HHH000037: Columns: [idcompra, iddetallecompra, preciocompra, cantidad, idarticulo]
oct 14, 2021 4:33:13 PM org.hibernate.tool.hbm2ddl.TableMetadata <init>
INFO: HHH000261: Table found: microcosmos.detalleventa
oct 14, 2021 4:33:13 PM org.hibernate.tool.hbm2ddl.TableMetadata <init>
INFO: HHH000037: Columns: [idventa, iddetalleventa, cantidad, idarticulo]
oct 14, 2021 4:33:13 PM org.hibernate.tool.hbm2ddl.TableMetadata <init>
INFO: HHH000261: Table found: microcosmos.empleados
oct 14, 2021 4:33:13 PM org.hibernate.tool.hbm2ddl.TableMetadata <init>
INFO: HHH000037: Columns: [idempleados, idarealaboral, idtipodocumento, idsexo, telefonoempleado, documento, nombreempleado, correoempleado, apellidoempleado, fechadenacimiento, activoempleado]
oct 14, 2021 4:33:13 PM org.hibernate.tool.hbm2ddl.TableMetadata <init>
INFO: HHH000261: Table found: microcosmos.entidades
oct 14, 2021 4:33:13 PM org.hibernate.tool.hbm2ddl.TableMetadata <init>
INFO: HHH000037: Columns: [identidad, activoentidad, nombreentidad]
oct 14, 2021 4:33:13 PM org.hibernate.tool.hbm2ddl.TableMetadata <init>
INFO: HHH000261: Table found: microcosmos.estado
oct 14, 2021 4:33:13 PM org.hibernate.tool.hbm2ddl.TableMetadata <init>
INFO: HHH000037: Columns: [nombreestado, activoestado, identidad, descripcionestado, idestado]
oct 14, 2021 4:33:13 PM org.hibernate.tool.hbm2ddl.TableMetadata <init>
INFO: HHH000261: Table found: microcosmos.facturasdevueltas
oct 14, 2021 4:33:13 PM org.hibernate.tool.hbm2ddl.TableMetadata <init>
INFO: HHH000037: Columns: [idventa, descripcion, fechadevolucion, idempleados, idfacturadevuelta]
oct 14, 2021 4:33:13 PM org.hibernate.tool.hbm2ddl.TableMetadata <init>
INFO: HHH000261: Table found: microcosmos.parametros
oct 14, 2021 4:33:13 PM org.hibernate.tool.hbm2ddl.TableMetadata <init>
INFO: HHH000037: Columns: [facturainicial, fechaemision, facturafinal, activoparametros, fechacaducidad, cai, idparametros]
oct 14, 2021 4:33:13 PM org.hibernate.tool.hbm2ddl.TableMetadata <init>
INFO: HHH000261: Table found: microcosmos.pedidosdevueltos
oct 14, 2021 4:33:13 PM org.hibernate.tool.hbm2ddl.TableMetadata <init>
INFO: HHH000037: Columns: [idcompra, descripcion, idempleados, idpedidosdevueltos, fechaanulacion]
oct 14, 2021 4:33:13 PM org.hibernate.tool.hbm2ddl.TableMetadata <init>
INFO: HHH000261: Table found: microcosmos.preciohistorico
oct 14, 2021 4:33:13 PM org.hibernate.tool.hbm2ddl.TableMetadata <init>
INFO: HHH000037: Columns: [precio, idpreciohistorico, fechainicial, fechafinal, idarticulo, activopreciohistorico]
oct 14, 2021 4:33:13 PM org.hibernate.tool.hbm2ddl.TableMetadata <init>
INFO: HHH000261: Table found: microcosmos.proveedores
oct 14, 2021 4:33:13 PM org.hibernate.tool.hbm2ddl.TableMetadata <init>
INFO: HHH000037: Columns: [idproveedor, activoproveedor, idtipodocumento, nombreproveedor, correoproveedor, telefonoproveedor, documento, ubicacionproveedor]
oct 14, 2021 4:33:13 PM org.hibernate.tool.hbm2ddl.TableMetadata <init>
INFO: HHH000261: Table found: microcosmos.secciontienda
oct 14, 2021 4:33:13 PM org.hibernate.tool.hbm2ddl.TableMetadata <init>
INFO: HHH000037: Columns: [idsecciontienda, descripcionsecciontienda, nombresecciontienda, activosecciontienda]
oct 14, 2021 4:33:13 PM org.hibernate.tool.hbm2ddl.TableMetadata <init>
INFO: HHH000261: Table found: microcosmos.sexo
oct 14, 2021 4:33:13 PM org.hibernate.tool.hbm2ddl.TableMetadata <init>
INFO: HHH000037: Columns: [idsexo, nombresexo, descripcionsexo]
oct 14, 2021 4:33:13 PM org.hibernate.tool.hbm2ddl.TableMetadata <init>
INFO: HHH000261: Table found: microcosmos.talla
oct 14, 2021 4:33:13 PM org.hibernate.tool.hbm2ddl.TableMetadata <init>
INFO: HHH000037: Columns: [activotalla, nombretalla, descripciontalla, idtalla]
oct 14, 2021 4:33:13 PM org.hibernate.tool.hbm2ddl.TableMetadata <init>
INFO: HHH000261: Table found: microcosmos.tipodepago
oct 14, 2021 4:33:13 PM org.hibernate.tool.hbm2ddl.TableMetadata <init>
INFO: HHH000037: Columns: [descripciontipodepago, nombretipodepago, idtipodepago, activotipodepago]
oct 14, 2021 4:33:13 PM org.hibernate.tool.hbm2ddl.TableMetadata <init>
INFO: HHH000261: Table found: microcosmos.tipodocumento
oct 14, 2021 4:33:13 PM org.hibernate.tool.hbm2ddl.TableMetadata <init>
INFO: HHH000037: Columns: [nombretipodocumento, descripciontipodocumento, activotipodocumento, idtipodocumento]
oct 14, 2021 4:33:13 PM org.hibernate.tool.hbm2ddl.TableMetadata <init>
INFO: HHH000261: Table found: microcosmos.usuarios
oct 14, 2021 4:33:13 PM org.hibernate.tool.hbm2ddl.TableMetadata <init>
INFO: HHH000037: Columns: [nombreusuario, idempleados, numerodeintentos, activousuario, admin, contrasena, idusuario]
oct 14, 2021 4:33:13 PM org.hibernate.tool.hbm2ddl.TableMetadata <init>
INFO: HHH000261: Table found: microcosmos.venta
oct 14, 2021 4:33:13 PM org.hibernate.tool.hbm2ddl.TableMetadata <init>
INFO: HHH000037: Columns: [numtarjeta, idtipodepago, formato, montoefectivo, idcliente, idestado, idventa, total, idempleados, impuesto, subtotal, montotarjeta, fechaventa, idparametros]
oct 14, 2021 4:33:13 PM org.hibernate.jpa.internal.EntityManagerFactoryRegistry addEntityManagerFactory
WARN: HHH000436: Entity manager factory name (DB) is already registered.  If entity manager will be clustered or passivated, specify a unique value for property 'hibernate.ejb.entitymanager_factory_name'
oct 14, 2021 4:33:13 PM org.hibernate.ejb.HibernatePersistence logDeprecation
WARN: HHH015016: Encountered a deprecated javax.persistence.spi.PersistenceProvider [org.hibernate.ejb.HibernatePersistence]; use [org.hibernate.jpa.HibernatePersistenceProvider] instead.
oct 14, 2021 4:33:13 PM org.hibernate.ejb.HibernatePersistence logDeprecation
WARN: HHH015016: Encountered a deprecated javax.persistence.spi.PersistenceProvider [org.hibernate.ejb.HibernatePersistence]; use [org.hibernate.jpa.HibernatePersistenceProvider] instead.
oct 14, 2021 4:33:13 PM org.hibernate.ejb.HibernatePersistence logDeprecation
WARN: HHH015016: Encountered a deprecated javax.persistence.spi.PersistenceProvider [org.hibernate.ejb.HibernatePersistence]; use [org.hibernate.jpa.HibernatePersistenceProvider] instead.
oct 14, 2021 4:33:13 PM org.hibernate.jpa.internal.util.LogHelper logPersistenceUnitInformation
INFO: HHH000204: Processing PersistenceUnitInfo [
	name: DB
	...]
oct 14, 2021 4:33:13 PM org.hibernate.engine.jdbc.connections.internal.DriverManagerConnectionProviderImpl configure
WARN: HHH000402: Using Hibernate built-in connection pool (not for production use!)
oct 14, 2021 4:33:13 PM org.hibernate.engine.jdbc.connections.internal.DriverManagerConnectionProviderImpl buildCreator
INFO: HHH000401: using driver [com.mysql.jdbc.Driver] at URL [jdbc:mysql://localhost:3306/Microcosmos?zeroDateTimeBehavior=convertToNull]
oct 14, 2021 4:33:13 PM org.hibernate.engine.jdbc.connections.internal.DriverManagerConnectionProviderImpl buildCreator
INFO: HHH000046: Connection properties: {user=root, password=****}
oct 14, 2021 4:33:13 PM org.hibernate.engine.jdbc.connections.internal.DriverManagerConnectionProviderImpl buildCreator
INFO: HHH000006: Autocommit mode: false
oct 14, 2021 4:33:13 PM org.hibernate.engine.jdbc.connections.internal.DriverManagerConnectionProviderImpl configure
INFO: HHH000115: Hibernate connection pool size: 20 (min=1)
oct 14, 2021 4:33:13 PM org.hibernate.dialect.Dialect <init>
INFO: HHH000400: Using dialect: org.hibernate.dialect.MySQLDialect
oct 14, 2021 4:33:13 PM org.hibernate.hql.internal.ast.ASTQueryTranslatorFactory <init>
INFO: HHH000397: Using ASTQueryTranslatorFactory
oct 14, 2021 4:33:13 PM org.hibernate.tool.hbm2ddl.SchemaValidator validate
INFO: HHH000229: Running schema validator
oct 14, 2021 4:33:13 PM org.hibernate.tool.hbm2ddl.SchemaValidator validate
INFO: HHH000102: Fetching database metadata
oct 14, 2021 4:33:13 PM org.hibernate.tool.hbm2ddl.TableMetadata <init>
INFO: HHH000261: Table found: microcosmos.arealaboral
oct 14, 2021 4:33:13 PM org.hibernate.tool.hbm2ddl.TableMetadata <init>
INFO: HHH000037: Columns: [idarealaboral, descripcionarealaboral, nombrearealaboral, activoarealaboral]
oct 14, 2021 4:33:13 PM org.hibernate.tool.hbm2ddl.TableMetadata <init>
INFO: HHH000261: Table found: microcosmos.arealaboralhistorica
oct 14, 2021 4:33:13 PM org.hibernate.tool.hbm2ddl.TableMetadata <init>
INFO: HHH000037: Columns: [idempleados, fechaconclusion, fechacomienzo, idarealaboralhistorica]
oct 14, 2021 4:33:13 PM org.hibernate.tool.hbm2ddl.TableMetadata <init>
INFO: HHH000261: Table found: microcosmos.articulo
oct 14, 2021 4:33:13 PM org.hibernate.tool.hbm2ddl.TableMetadata <init>
INFO: HHH000037: Columns: [idsecciontienda, stockmaximo, activoarticulo, nombrearticulo, stockminimo, precioarticulo, idtalla, stock, descripcionarticulo, idarticulo]
oct 14, 2021 4:33:13 PM org.hibernate.tool.hbm2ddl.TableMetadata <init>
INFO: HHH000261: Table found: microcosmos.clientes
oct 14, 2021 4:33:13 PM org.hibernate.tool.hbm2ddl.TableMetadata <init>
INFO: HHH000037: Columns: [telefonocliente, direccioncliente, idtipodocumento, idsexo, documento, activocliente, idcliente, nombrecliente, apellidocliente, correocliente]
oct 14, 2021 4:33:13 PM org.hibernate.tool.hbm2ddl.TableMetadata <init>
INFO: HHH000261: Table found: microcosmos.compra
oct 14, 2021 4:33:13 PM org.hibernate.tool.hbm2ddl.TableMetadata <init>
INFO: HHH000037: Columns: [idcompra, fechapedido, idproveedor, idempleados, fecharecibido, totalcompra, idestado]
oct 14, 2021 4:33:13 PM org.hibernate.tool.hbm2ddl.TableMetadata <init>
INFO: HHH000261: Table found: microcosmos.detallecompra
oct 14, 2021 4:33:13 PM org.hibernate.tool.hbm2ddl.TableMetadata <init>
INFO: HHH000037: Columns: [idcompra, iddetallecompra, preciocompra, cantidad, idarticulo]
oct 14, 2021 4:33:13 PM org.hibernate.tool.hbm2ddl.TableMetadata <init>
INFO: HHH000261: Table found: microcosmos.detalleventa
oct 14, 2021 4:33:13 PM org.hibernate.tool.hbm2ddl.TableMetadata <init>
INFO: HHH000037: Columns: [idventa, iddetalleventa, cantidad, idarticulo]
oct 14, 2021 4:33:13 PM org.hibernate.tool.hbm2ddl.TableMetadata <init>
INFO: HHH000261: Table found: microcosmos.empleados
oct 14, 2021 4:33:13 PM org.hibernate.tool.hbm2ddl.TableMetadata <init>
INFO: HHH000037: Columns: [idempleados, idarealaboral, idtipodocumento, idsexo, telefonoempleado, documento, nombreempleado, correoempleado, apellidoempleado, fechadenacimiento, activoempleado]
oct 14, 2021 4:33:13 PM org.hibernate.tool.hbm2ddl.TableMetadata <init>
INFO: HHH000261: Table found: microcosmos.entidades
oct 14, 2021 4:33:13 PM org.hibernate.tool.hbm2ddl.TableMetadata <init>
INFO: HHH000037: Columns: [identidad, activoentidad, nombreentidad]
oct 14, 2021 4:33:13 PM org.hibernate.tool.hbm2ddl.TableMetadata <init>
INFO: HHH000261: Table found: microcosmos.estado
oct 14, 2021 4:33:13 PM org.hibernate.tool.hbm2ddl.TableMetadata <init>
INFO: HHH000037: Columns: [nombreestado, activoestado, identidad, descripcionestado, idestado]
oct 14, 2021 4:33:13 PM org.hibernate.tool.hbm2ddl.TableMetadata <init>
INFO: HHH000261: Table found: microcosmos.facturasdevueltas
oct 14, 2021 4:33:13 PM org.hibernate.tool.hbm2ddl.TableMetadata <init>
INFO: HHH000037: Columns: [idventa, descripcion, fechadevolucion, idempleados, idfacturadevuelta]
oct 14, 2021 4:33:13 PM org.hibernate.tool.hbm2ddl.TableMetadata <init>
INFO: HHH000261: Table found: microcosmos.parametros
oct 14, 2021 4:33:13 PM org.hibernate.tool.hbm2ddl.TableMetadata <init>
INFO: HHH000037: Columns: [facturainicial, fechaemision, facturafinal, activoparametros, fechacaducidad, cai, idparametros]
oct 14, 2021 4:33:13 PM org.hibernate.tool.hbm2ddl.TableMetadata <init>
INFO: HHH000261: Table found: microcosmos.pedidosdevueltos
oct 14, 2021 4:33:13 PM org.hibernate.tool.hbm2ddl.TableMetadata <init>
INFO: HHH000037: Columns: [idcompra, descripcion, idempleados, idpedidosdevueltos, fechaanulacion]
oct 14, 2021 4:33:13 PM org.hibernate.tool.hbm2ddl.TableMetadata <init>
INFO: HHH000261: Table found: microcosmos.preciohistorico
oct 14, 2021 4:33:13 PM org.hibernate.tool.hbm2ddl.TableMetadata <init>
INFO: HHH000037: Columns: [precio, idpreciohistorico, fechainicial, fechafinal, idarticulo, activopreciohistorico]
oct 14, 2021 4:33:13 PM org.hibernate.tool.hbm2ddl.TableMetadata <init>
INFO: HHH000261: Table found: microcosmos.proveedores
oct 14, 2021 4:33:13 PM org.hibernate.tool.hbm2ddl.TableMetadata <init>
INFO: HHH000037: Columns: [idproveedor, activoproveedor, idtipodocumento, nombreproveedor, correoproveedor, telefonoproveedor, documento, ubicacionproveedor]
oct 14, 2021 4:33:13 PM org.hibernate.tool.hbm2ddl.TableMetadata <init>
INFO: HHH000261: Table found: microcosmos.secciontienda
oct 14, 2021 4:33:13 PM org.hibernate.tool.hbm2ddl.TableMetadata <init>
INFO: HHH000037: Columns: [idsecciontienda, descripcionsecciontienda, nombresecciontienda, activosecciontienda]
oct 14, 2021 4:33:13 PM org.hibernate.tool.hbm2ddl.TableMetadata <init>
INFO: HHH000261: Table found: microcosmos.sexo
oct 14, 2021 4:33:13 PM org.hibernate.tool.hbm2ddl.TableMetadata <init>
INFO: HHH000037: Columns: [idsexo, nombresexo, descripcionsexo]
oct 14, 2021 4:33:13 PM org.hibernate.tool.hbm2ddl.TableMetadata <init>
INFO: HHH000261: Table found: microcosmos.talla
oct 14, 2021 4:33:13 PM org.hibernate.tool.hbm2ddl.TableMetadata <init>
INFO: HHH000037: Columns: [activotalla, nombretalla, descripciontalla, idtalla]
oct 14, 2021 4:33:13 PM org.hibernate.tool.hbm2ddl.TableMetadata <init>
INFO: HHH000261: Table found: microcosmos.tipodepago
oct 14, 2021 4:33:13 PM org.hibernate.tool.hbm2ddl.TableMetadata <init>
INFO: HHH000037: Columns: [descripciontipodepago, nombretipodepago, idtipodepago, activotipodepago]
oct 14, 2021 4:33:13 PM org.hibernate.tool.hbm2ddl.TableMetadata <init>
INFO: HHH000261: Table found: microcosmos.tipodocumento
oct 14, 2021 4:33:13 PM org.hibernate.tool.hbm2ddl.TableMetadata <init>
INFO: HHH000037: Columns: [nombretipodocumento, descripciontipodocumento, activotipodocumento, idtipodocumento]
oct 14, 2021 4:33:13 PM org.hibernate.tool.hbm2ddl.TableMetadata <init>
INFO: HHH000261: Table found: microcosmos.usuarios
oct 14, 2021 4:33:13 PM org.hibernate.tool.hbm2ddl.TableMetadata <init>
INFO: HHH000037: Columns: [nombreusuario, idempleados, numerodeintentos, activousuario, admin, contrasena, idusuario]
oct 14, 2021 4:33:13 PM org.hibernate.tool.hbm2ddl.TableMetadata <init>
INFO: HHH000261: Table found: microcosmos.venta
oct 14, 2021 4:33:13 PM org.hibernate.tool.hbm2ddl.TableMetadata <init>
INFO: HHH000037: Columns: [numtarjeta, idtipodepago, formato, montoefectivo, idcliente, idestado, idventa, total, idempleados, impuesto, subtotal, montotarjeta, fechaventa, idparametros]
oct 14, 2021 4:33:13 PM org.hibernate.jpa.internal.EntityManagerFactoryRegistry addEntityManagerFactory
WARN: HHH000436: Entity manager factory name (DB) is already registered.  If entity manager will be clustered or passivated, specify a unique value for property 'hibernate.ejb.entitymanager_factory_name'
]]></system-err>
  </testcase>
  <testcase name="testMain" classname="com.screens.FmrComprasTest" time="0">
    <system-out><![CDATA[main
]]></system-out>
  </testcase>
  <testcase name="testIdCompra" classname="com.screens.FmrComprasTest" time="0.053">
    <system-out><![CDATA[IdCompra
Hibernate: select max(compra0_.idCompra)+1 as col_0_0_ from compra compra0_
Hibernate: select max(compra0_.idCompra)+1 as col_0_0_ from compra compra0_
]]></system-out>
    <system-err><![CDATA[oct 14, 2021 4:33:13 PM org.hibernate.ejb.HibernatePersistence logDeprecation
WARN: HHH015016: Encountered a deprecated javax.persistence.spi.PersistenceProvider [org.hibernate.ejb.HibernatePersistence]; use [org.hibernate.jpa.HibernatePersistenceProvider] instead.
oct 14, 2021 4:33:13 PM org.hibernate.ejb.HibernatePersistence logDeprecation
WARN: HHH015016: Encountered a deprecated javax.persistence.spi.PersistenceProvider [org.hibernate.ejb.HibernatePersistence]; use [org.hibernate.jpa.HibernatePersistenceProvider] instead.
oct 14, 2021 4:33:13 PM org.hibernate.ejb.HibernatePersistence logDeprecation
WARN: HHH015016: Encountered a deprecated javax.persistence.spi.PersistenceProvider [org.hibernate.ejb.HibernatePersistence]; use [org.hibernate.jpa.HibernatePersistenceProvider] instead.
oct 14, 2021 4:33:13 PM org.hibernate.jpa.internal.util.LogHelper logPersistenceUnitInformation
INFO: HHH000204: Processing PersistenceUnitInfo [
	name: DB
	...]
oct 14, 2021 4:33:13 PM org.hibernate.ejb.HibernatePersistence logDeprecation
WARN: HHH015016: Encountered a deprecated javax.persistence.spi.PersistenceProvider [org.hibernate.ejb.HibernatePersistence]; use [org.hibernate.jpa.HibernatePersistenceProvider] instead.
oct 14, 2021 4:33:13 PM org.hibernate.ejb.HibernatePersistence logDeprecation
WARN: HHH015016: Encountered a deprecated javax.persistence.spi.PersistenceProvider [org.hibernate.ejb.HibernatePersistence]; use [org.hibernate.jpa.HibernatePersistenceProvider] instead.
oct 14, 2021 4:33:13 PM org.hibernate.ejb.HibernatePersistence logDeprecation
WARN: HHH015016: Encountered a deprecated javax.persistence.spi.PersistenceProvider [org.hibernate.ejb.HibernatePersistence]; use [org.hibernate.jpa.HibernatePersistenceProvider] instead.
oct 14, 2021 4:33:13 PM org.hibernate.jpa.internal.util.LogHelper logPersistenceUnitInformation
INFO: HHH000204: Processing PersistenceUnitInfo [
	name: DB
	...]
oct 14, 2021 4:33:13 PM org.hibernate.engine.jdbc.connections.internal.DriverManagerConnectionProviderImpl configure
WARN: HHH000402: Using Hibernate built-in connection pool (not for production use!)
oct 14, 2021 4:33:13 PM org.hibernate.engine.jdbc.connections.internal.DriverManagerConnectionProviderImpl buildCreator
INFO: HHH000401: using driver [com.mysql.jdbc.Driver] at URL [jdbc:mysql://localhost:3306/Microcosmos?zeroDateTimeBehavior=convertToNull]
oct 14, 2021 4:33:13 PM org.hibernate.engine.jdbc.connections.internal.DriverManagerConnectionProviderImpl buildCreator
INFO: HHH000046: Connection properties: {user=root, password=****}
oct 14, 2021 4:33:13 PM org.hibernate.engine.jdbc.connections.internal.DriverManagerConnectionProviderImpl buildCreator
INFO: HHH000006: Autocommit mode: false
oct 14, 2021 4:33:13 PM org.hibernate.engine.jdbc.connections.internal.DriverManagerConnectionProviderImpl configure
INFO: HHH000115: Hibernate connection pool size: 20 (min=1)
oct 14, 2021 4:33:13 PM org.hibernate.engine.jdbc.connections.internal.DriverManagerConnectionProviderImpl configure
WARN: HHH000402: Using Hibernate built-in connection pool (not for production use!)
oct 14, 2021 4:33:13 PM org.hibernate.engine.jdbc.connections.internal.DriverManagerConnectionProviderImpl buildCreator
INFO: HHH000401: using driver [com.mysql.jdbc.Driver] at URL [jdbc:mysql://localhost:3306/Microcosmos?zeroDateTimeBehavior=convertToNull]
oct 14, 2021 4:33:13 PM org.hibernate.engine.jdbc.connections.internal.DriverManagerConnectionProviderImpl buildCreator
INFO: HHH000046: Connection properties: {user=root, password=****}
oct 14, 2021 4:33:13 PM org.hibernate.engine.jdbc.connections.internal.DriverManagerConnectionProviderImpl buildCreator
INFO: HHH000006: Autocommit mode: false
oct 14, 2021 4:33:13 PM org.hibernate.engine.jdbc.connections.internal.DriverManagerConnectionProviderImpl configure
INFO: HHH000115: Hibernate connection pool size: 20 (min=1)
oct 14, 2021 4:33:13 PM org.hibernate.dialect.Dialect <init>
INFO: HHH000400: Using dialect: org.hibernate.dialect.MySQLDialect
oct 14, 2021 4:33:13 PM org.hibernate.dialect.Dialect <init>
INFO: HHH000400: Using dialect: org.hibernate.dialect.MySQLDialect
oct 14, 2021 4:33:13 PM org.hibernate.hql.internal.ast.ASTQueryTranslatorFactory <init>
INFO: HHH000397: Using ASTQueryTranslatorFactory
oct 14, 2021 4:33:13 PM org.hibernate.hql.internal.ast.ASTQueryTranslatorFactory <init>
INFO: HHH000397: Using ASTQueryTranslatorFactory
oct 14, 2021 4:33:13 PM org.hibernate.tool.hbm2ddl.SchemaValidator validate
INFO: HHH000229: Running schema validator
oct 14, 2021 4:33:13 PM org.hibernate.tool.hbm2ddl.SchemaValidator validate
INFO: HHH000102: Fetching database metadata
oct 14, 2021 4:33:13 PM org.hibernate.tool.hbm2ddl.SchemaValidator validate
INFO: HHH000229: Running schema validator
oct 14, 2021 4:33:13 PM org.hibernate.tool.hbm2ddl.SchemaValidator validate
INFO: HHH000102: Fetching database metadata
oct 14, 2021 4:33:13 PM org.hibernate.tool.hbm2ddl.TableMetadata <init>
INFO: HHH000261: Table found: microcosmos.arealaboral
oct 14, 2021 4:33:13 PM org.hibernate.tool.hbm2ddl.TableMetadata <init>
INFO: HHH000037: Columns: [idarealaboral, descripcionarealaboral, nombrearealaboral, activoarealaboral]
oct 14, 2021 4:33:13 PM org.hibernate.tool.hbm2ddl.TableMetadata <init>
INFO: HHH000261: Table found: microcosmos.arealaboral
oct 14, 2021 4:33:13 PM org.hibernate.tool.hbm2ddl.TableMetadata <init>
INFO: HHH000037: Columns: [idarealaboral, descripcionarealaboral, nombrearealaboral, activoarealaboral]
oct 14, 2021 4:33:13 PM org.hibernate.tool.hbm2ddl.TableMetadata <init>
INFO: HHH000261: Table found: microcosmos.arealaboralhistorica
oct 14, 2021 4:33:13 PM org.hibernate.tool.hbm2ddl.TableMetadata <init>
INFO: HHH000037: Columns: [idempleados, fechaconclusion, fechacomienzo, idarealaboralhistorica]
oct 14, 2021 4:33:13 PM org.hibernate.tool.hbm2ddl.TableMetadata <init>
INFO: HHH000261: Table found: microcosmos.arealaboralhistorica
oct 14, 2021 4:33:13 PM org.hibernate.tool.hbm2ddl.TableMetadata <init>
INFO: HHH000037: Columns: [idempleados, fechaconclusion, fechacomienzo, idarealaboralhistorica]
oct 14, 2021 4:33:13 PM org.hibernate.tool.hbm2ddl.TableMetadata <init>
INFO: HHH000261: Table found: microcosmos.articulo
oct 14, 2021 4:33:13 PM org.hibernate.tool.hbm2ddl.TableMetadata <init>
INFO: HHH000037: Columns: [idsecciontienda, stockmaximo, activoarticulo, nombrearticulo, stockminimo, precioarticulo, idtalla, stock, descripcionarticulo, idarticulo]
oct 14, 2021 4:33:13 PM org.hibernate.tool.hbm2ddl.TableMetadata <init>
INFO: HHH000261: Table found: microcosmos.articulo
oct 14, 2021 4:33:13 PM org.hibernate.tool.hbm2ddl.TableMetadata <init>
INFO: HHH000037: Columns: [idsecciontienda, stockmaximo, activoarticulo, nombrearticulo, stockminimo, precioarticulo, idtalla, stock, descripcionarticulo, idarticulo]
oct 14, 2021 4:33:13 PM org.hibernate.tool.hbm2ddl.TableMetadata <init>
INFO: HHH000261: Table found: microcosmos.clientes
oct 14, 2021 4:33:13 PM org.hibernate.tool.hbm2ddl.TableMetadata <init>
INFO: HHH000261: Table found: microcosmos.clientes
oct 14, 2021 4:33:13 PM org.hibernate.tool.hbm2ddl.TableMetadata <init>
INFO: HHH000037: Columns: [telefonocliente, direccioncliente, idtipodocumento, idsexo, documento, activocliente, idcliente, nombrecliente, apellidocliente, correocliente]
oct 14, 2021 4:33:13 PM org.hibernate.tool.hbm2ddl.TableMetadata <init>
INFO: HHH000037: Columns: [telefonocliente, direccioncliente, idtipodocumento, idsexo, documento, activocliente, idcliente, nombrecliente, apellidocliente, correocliente]
oct 14, 2021 4:33:13 PM org.hibernate.tool.hbm2ddl.TableMetadata <init>
INFO: HHH000261: Table found: microcosmos.compra
oct 14, 2021 4:33:13 PM org.hibernate.tool.hbm2ddl.TableMetadata <init>
INFO: HHH000037: Columns: [idcompra, fechapedido, idproveedor, idempleados, fecharecibido, totalcompra, idestado]
oct 14, 2021 4:33:13 PM org.hibernate.tool.hbm2ddl.TableMetadata <init>
INFO: HHH000261: Table found: microcosmos.compra
oct 14, 2021 4:33:13 PM org.hibernate.tool.hbm2ddl.TableMetadata <init>
INFO: HHH000037: Columns: [idcompra, fechapedido, idproveedor, idempleados, fecharecibido, totalcompra, idestado]
oct 14, 2021 4:33:13 PM org.hibernate.tool.hbm2ddl.TableMetadata <init>
INFO: HHH000261: Table found: microcosmos.detallecompra
oct 14, 2021 4:33:13 PM org.hibernate.tool.hbm2ddl.TableMetadata <init>
INFO: HHH000037: Columns: [idcompra, iddetallecompra, preciocompra, cantidad, idarticulo]
oct 14, 2021 4:33:13 PM org.hibernate.tool.hbm2ddl.TableMetadata <init>
INFO: HHH000261: Table found: microcosmos.detallecompra
oct 14, 2021 4:33:13 PM org.hibernate.tool.hbm2ddl.TableMetadata <init>
INFO: HHH000037: Columns: [idcompra, iddetallecompra, preciocompra, cantidad, idarticulo]
oct 14, 2021 4:33:13 PM org.hibernate.tool.hbm2ddl.TableMetadata <init>
INFO: HHH000261: Table found: microcosmos.detalleventa
oct 14, 2021 4:33:13 PM org.hibernate.tool.hbm2ddl.TableMetadata <init>
INFO: HHH000037: Columns: [idventa, iddetalleventa, cantidad, idarticulo]
oct 14, 2021 4:33:13 PM org.hibernate.tool.hbm2ddl.TableMetadata <init>
INFO: HHH000261: Table found: microcosmos.detalleventa
oct 14, 2021 4:33:13 PM org.hibernate.tool.hbm2ddl.TableMetadata <init>
INFO: HHH000037: Columns: [idventa, iddetalleventa, cantidad, idarticulo]
oct 14, 2021 4:33:13 PM org.hibernate.tool.hbm2ddl.TableMetadata <init>
INFO: HHH000261: Table found: microcosmos.empleados
oct 14, 2021 4:33:13 PM org.hibernate.tool.hbm2ddl.TableMetadata <init>
INFO: HHH000037: Columns: [idempleados, idarealaboral, idtipodocumento, idsexo, telefonoempleado, documento, nombreempleado, correoempleado, apellidoempleado, fechadenacimiento, activoempleado]
oct 14, 2021 4:33:13 PM org.hibernate.tool.hbm2ddl.TableMetadata <init>
INFO: HHH000261: Table found: microcosmos.empleados
oct 14, 2021 4:33:13 PM org.hibernate.tool.hbm2ddl.TableMetadata <init>
INFO: HHH000037: Columns: [idempleados, idarealaboral, idtipodocumento, idsexo, telefonoempleado, documento, nombreempleado, correoempleado, apellidoempleado, fechadenacimiento, activoempleado]
oct 14, 2021 4:33:13 PM org.hibernate.tool.hbm2ddl.TableMetadata <init>
INFO: HHH000261: Table found: microcosmos.entidades
oct 14, 2021 4:33:13 PM org.hibernate.tool.hbm2ddl.TableMetadata <init>
INFO: HHH000037: Columns: [identidad, activoentidad, nombreentidad]
oct 14, 2021 4:33:13 PM org.hibernate.tool.hbm2ddl.TableMetadata <init>
INFO: HHH000261: Table found: microcosmos.entidades
oct 14, 2021 4:33:13 PM org.hibernate.tool.hbm2ddl.TableMetadata <init>
INFO: HHH000037: Columns: [identidad, activoentidad, nombreentidad]
oct 14, 2021 4:33:13 PM org.hibernate.tool.hbm2ddl.TableMetadata <init>
INFO: HHH000261: Table found: microcosmos.estado
oct 14, 2021 4:33:13 PM org.hibernate.tool.hbm2ddl.TableMetadata <init>
INFO: HHH000261: Table found: microcosmos.estado
oct 14, 2021 4:33:13 PM org.hibernate.tool.hbm2ddl.TableMetadata <init>
INFO: HHH000037: Columns: [nombreestado, activoestado, identidad, descripcionestado, idestado]
oct 14, 2021 4:33:13 PM org.hibernate.tool.hbm2ddl.TableMetadata <init>
INFO: HHH000037: Columns: [nombreestado, activoestado, identidad, descripcionestado, idestado]
oct 14, 2021 4:33:13 PM org.hibernate.tool.hbm2ddl.TableMetadata <init>
INFO: HHH000261: Table found: microcosmos.facturasdevueltas
oct 14, 2021 4:33:13 PM org.hibernate.tool.hbm2ddl.TableMetadata <init>
INFO: HHH000037: Columns: [idventa, descripcion, fechadevolucion, idempleados, idfacturadevuelta]
oct 14, 2021 4:33:13 PM org.hibernate.tool.hbm2ddl.TableMetadata <init>
INFO: HHH000261: Table found: microcosmos.facturasdevueltas
oct 14, 2021 4:33:13 PM org.hibernate.tool.hbm2ddl.TableMetadata <init>
INFO: HHH000037: Columns: [idventa, descripcion, fechadevolucion, idempleados, idfacturadevuelta]
oct 14, 2021 4:33:13 PM org.hibernate.tool.hbm2ddl.TableMetadata <init>
INFO: HHH000261: Table found: microcosmos.parametros
oct 14, 2021 4:33:13 PM org.hibernate.tool.hbm2ddl.TableMetadata <init>
INFO: HHH000037: Columns: [facturainicial, fechaemision, facturafinal, activoparametros, fechacaducidad, cai, idparametros]
oct 14, 2021 4:33:13 PM org.hibernate.tool.hbm2ddl.TableMetadata <init>
INFO: HHH000261: Table found: microcosmos.parametros
oct 14, 2021 4:33:13 PM org.hibernate.tool.hbm2ddl.TableMetadata <init>
INFO: HHH000037: Columns: [facturainicial, fechaemision, facturafinal, activoparametros, fechacaducidad, cai, idparametros]
oct 14, 2021 4:33:13 PM org.hibernate.tool.hbm2ddl.TableMetadata <init>
INFO: HHH000261: Table found: microcosmos.pedidosdevueltos
oct 14, 2021 4:33:13 PM org.hibernate.tool.hbm2ddl.TableMetadata <init>
INFO: HHH000037: Columns: [idcompra, descripcion, idempleados, idpedidosdevueltos, fechaanulacion]
oct 14, 2021 4:33:13 PM org.hibernate.tool.hbm2ddl.TableMetadata <init>
INFO: HHH000261: Table found: microcosmos.pedidosdevueltos
oct 14, 2021 4:33:13 PM org.hibernate.tool.hbm2ddl.TableMetadata <init>
INFO: HHH000037: Columns: [idcompra, descripcion, idempleados, idpedidosdevueltos, fechaanulacion]
oct 14, 2021 4:33:13 PM org.hibernate.tool.hbm2ddl.TableMetadata <init>
INFO: HHH000261: Table found: microcosmos.preciohistorico
oct 14, 2021 4:33:13 PM org.hibernate.tool.hbm2ddl.TableMetadata <init>
INFO: HHH000261: Table found: microcosmos.preciohistorico
oct 14, 2021 4:33:13 PM org.hibernate.tool.hbm2ddl.TableMetadata <init>
INFO: HHH000037: Columns: [precio, idpreciohistorico, fechainicial, fechafinal, idarticulo, activopreciohistorico]
oct 14, 2021 4:33:13 PM org.hibernate.tool.hbm2ddl.TableMetadata <init>
INFO: HHH000037: Columns: [precio, idpreciohistorico, fechainicial, fechafinal, idarticulo, activopreciohistorico]
oct 14, 2021 4:33:13 PM org.hibernate.tool.hbm2ddl.TableMetadata <init>
INFO: HHH000261: Table found: microcosmos.proveedores
oct 14, 2021 4:33:13 PM org.hibernate.tool.hbm2ddl.TableMetadata <init>
INFO: HHH000037: Columns: [idproveedor, activoproveedor, idtipodocumento, nombreproveedor, correoproveedor, telefonoproveedor, documento, ubicacionproveedor]
oct 14, 2021 4:33:13 PM org.hibernate.tool.hbm2ddl.TableMetadata <init>
INFO: HHH000261: Table found: microcosmos.proveedores
oct 14, 2021 4:33:13 PM org.hibernate.tool.hbm2ddl.TableMetadata <init>
INFO: HHH000037: Columns: [idproveedor, activoproveedor, idtipodocumento, nombreproveedor, correoproveedor, telefonoproveedor, documento, ubicacionproveedor]
oct 14, 2021 4:33:13 PM org.hibernate.tool.hbm2ddl.TableMetadata <init>
INFO: HHH000261: Table found: microcosmos.secciontienda
oct 14, 2021 4:33:13 PM org.hibernate.tool.hbm2ddl.TableMetadata <init>
INFO: HHH000261: Table found: microcosmos.secciontienda
oct 14, 2021 4:33:13 PM org.hibernate.tool.hbm2ddl.TableMetadata <init>
INFO: HHH000037: Columns: [idsecciontienda, descripcionsecciontienda, nombresecciontienda, activosecciontienda]
oct 14, 2021 4:33:13 PM org.hibernate.tool.hbm2ddl.TableMetadata <init>
INFO: HHH000037: Columns: [idsecciontienda, descripcionsecciontienda, nombresecciontienda, activosecciontienda]
oct 14, 2021 4:33:13 PM org.hibernate.tool.hbm2ddl.TableMetadata <init>
INFO: HHH000261: Table found: microcosmos.sexo
oct 14, 2021 4:33:13 PM org.hibernate.tool.hbm2ddl.TableMetadata <init>
INFO: HHH000261: Table found: microcosmos.sexo
oct 14, 2021 4:33:13 PM org.hibernate.tool.hbm2ddl.TableMetadata <init>
INFO: HHH000037: Columns: [idsexo, nombresexo, descripcionsexo]
oct 14, 2021 4:33:13 PM org.hibernate.tool.hbm2ddl.TableMetadata <init>
INFO: HHH000037: Columns: [idsexo, nombresexo, descripcionsexo]
oct 14, 2021 4:33:13 PM org.hibernate.tool.hbm2ddl.TableMetadata <init>
INFO: HHH000261: Table found: microcosmos.talla
oct 14, 2021 4:33:13 PM org.hibernate.tool.hbm2ddl.TableMetadata <init>
INFO: HHH000261: Table found: microcosmos.talla
oct 14, 2021 4:33:13 PM org.hibernate.tool.hbm2ddl.TableMetadata <init>
INFO: HHH000037: Columns: [activotalla, nombretalla, descripciontalla, idtalla]
oct 14, 2021 4:33:13 PM org.hibernate.tool.hbm2ddl.TableMetadata <init>
INFO: HHH000037: Columns: [activotalla, nombretalla, descripciontalla, idtalla]
oct 14, 2021 4:33:13 PM org.hibernate.tool.hbm2ddl.TableMetadata <init>
INFO: HHH000261: Table found: microcosmos.tipodepago
oct 14, 2021 4:33:13 PM org.hibernate.tool.hbm2ddl.TableMetadata <init>
INFO: HHH000037: Columns: [descripciontipodepago, nombretipodepago, idtipodepago, activotipodepago]
oct 14, 2021 4:33:13 PM org.hibernate.tool.hbm2ddl.TableMetadata <init>
INFO: HHH000261: Table found: microcosmos.tipodepago
oct 14, 2021 4:33:13 PM org.hibernate.tool.hbm2ddl.TableMetadata <init>
INFO: HHH000037: Columns: [descripciontipodepago, nombretipodepago, idtipodepago, activotipodepago]
oct 14, 2021 4:33:13 PM org.hibernate.tool.hbm2ddl.TableMetadata <init>
INFO: HHH000261: Table found: microcosmos.tipodocumento
oct 14, 2021 4:33:13 PM org.hibernate.tool.hbm2ddl.TableMetadata <init>
INFO: HHH000037: Columns: [nombretipodocumento, descripciontipodocumento, activotipodocumento, idtipodocumento]
oct 14, 2021 4:33:13 PM org.hibernate.tool.hbm2ddl.TableMetadata <init>
INFO: HHH000261: Table found: microcosmos.tipodocumento
oct 14, 2021 4:33:13 PM org.hibernate.tool.hbm2ddl.TableMetadata <init>
INFO: HHH000037: Columns: [nombretipodocumento, descripciontipodocumento, activotipodocumento, idtipodocumento]
oct 14, 2021 4:33:13 PM org.hibernate.tool.hbm2ddl.TableMetadata <init>
INFO: HHH000261: Table found: microcosmos.usuarios
oct 14, 2021 4:33:13 PM org.hibernate.tool.hbm2ddl.TableMetadata <init>
INFO: HHH000037: Columns: [nombreusuario, idempleados, numerodeintentos, activousuario, admin, contrasena, idusuario]
oct 14, 2021 4:33:13 PM org.hibernate.tool.hbm2ddl.TableMetadata <init>
INFO: HHH000261: Table found: microcosmos.usuarios
oct 14, 2021 4:33:13 PM org.hibernate.tool.hbm2ddl.TableMetadata <init>
INFO: HHH000037: Columns: [nombreusuario, idempleados, numerodeintentos, activousuario, admin, contrasena, idusuario]
oct 14, 2021 4:33:13 PM org.hibernate.tool.hbm2ddl.TableMetadata <init>
INFO: HHH000261: Table found: microcosmos.venta
oct 14, 2021 4:33:13 PM org.hibernate.tool.hbm2ddl.TableMetadata <init>
INFO: HHH000037: Columns: [numtarjeta, idtipodepago, formato, montoefectivo, idcliente, idestado, idventa, total, idempleados, impuesto, subtotal, montotarjeta, fechaventa, idparametros]
oct 14, 2021 4:33:13 PM org.hibernate.tool.hbm2ddl.TableMetadata <init>
INFO: HHH000261: Table found: microcosmos.venta
oct 14, 2021 4:33:13 PM org.hibernate.tool.hbm2ddl.TableMetadata <init>
INFO: HHH000037: Columns: [numtarjeta, idtipodepago, formato, montoefectivo, idcliente, idestado, idventa, total, idempleados, impuesto, subtotal, montotarjeta, fechaventa, idparametros]
oct 14, 2021 4:33:13 PM org.hibernate.jpa.internal.EntityManagerFactoryRegistry addEntityManagerFactory
WARN: HHH000436: Entity manager factory name (DB) is already registered.  If entity manager will be clustered or passivated, specify a unique value for property 'hibernate.ejb.entitymanager_factory_name'
oct 14, 2021 4:33:13 PM org.hibernate.jpa.internal.EntityManagerFactoryRegistry addEntityManagerFactory
WARN: HHH000436: Entity manager factory name (DB) is already registered.  If entity manager will be clustered or passivated, specify a unique value for property 'hibernate.ejb.entitymanager_factory_name'
oct 14, 2021 4:33:13 PM org.hibernate.ejb.HibernatePersistence logDeprecation
WARN: HHH015016: Encountered a deprecated javax.persistence.spi.PersistenceProvider [org.hibernate.ejb.HibernatePersistence]; use [org.hibernate.jpa.HibernatePersistenceProvider] instead.
oct 14, 2021 4:33:13 PM org.hibernate.ejb.HibernatePersistence logDeprecation
WARN: HHH015016: Encountered a deprecated javax.persistence.spi.PersistenceProvider [org.hibernate.ejb.HibernatePersistence]; use [org.hibernate.jpa.HibernatePersistenceProvider] instead.
oct 14, 2021 4:33:13 PM org.hibernate.ejb.HibernatePersistence logDeprecation
WARN: HHH015016: Encountered a deprecated javax.persistence.spi.PersistenceProvider [org.hibernate.ejb.HibernatePersistence]; use [org.hibernate.jpa.HibernatePersistenceProvider] instead.
oct 14, 2021 4:33:13 PM org.hibernate.jpa.internal.util.LogHelper logPersistenceUnitInformation
INFO: HHH000204: Processing PersistenceUnitInfo [
	name: DB
	...]
]]></system-err>
  </testcase>
  <testcase name="testFechavalida" classname="com.screens.FmrComprasTest" time="0">
    <system-out><![CDATA[Fechavalida
]]></system-out>
  </testcase>
  <testcase name="testValidacionFecha" classname="com.screens.FmrComprasTest" time="0.001">
    <system-out><![CDATA[ValidacionFecha
]]></system-out>
  </testcase>
  <testcase name="testIdDetalleCompra" classname="com.screens.FmrComprasTest" time="0.549">
    <system-out><![CDATA[IdDetalleCompra
Hibernate: select max(detallecom0_.idDetalleCompra)+1 as col_0_0_ from detallecompra detallecom0_
Hibernate: select max(detallecom0_.idDetalleCompra)+1 as col_0_0_ from detallecompra detallecom0_
]]></system-out>
    <system-err><![CDATA[oct 14, 2021 4:33:13 PM org.hibernate.ejb.HibernatePersistence logDeprecation
WARN: HHH015016: Encountered a deprecated javax.persistence.spi.PersistenceProvider [org.hibernate.ejb.HibernatePersistence]; use [org.hibernate.jpa.HibernatePersistenceProvider] instead.
oct 14, 2021 4:33:13 PM org.hibernate.ejb.HibernatePersistence logDeprecation
WARN: HHH015016: Encountered a deprecated javax.persistence.spi.PersistenceProvider [org.hibernate.ejb.HibernatePersistence]; use [org.hibernate.jpa.HibernatePersistenceProvider] instead.
oct 14, 2021 4:33:13 PM org.hibernate.ejb.HibernatePersistence logDeprecation
WARN: HHH015016: Encountered a deprecated javax.persistence.spi.PersistenceProvider [org.hibernate.ejb.HibernatePersistence]; use [org.hibernate.jpa.HibernatePersistenceProvider] instead.
oct 14, 2021 4:33:13 PM org.hibernate.jpa.internal.util.LogHelper logPersistenceUnitInformation
INFO: HHH000204: Processing PersistenceUnitInfo [
	name: DB
	...]
oct 14, 2021 4:33:13 PM org.hibernate.engine.jdbc.connections.internal.DriverManagerConnectionProviderImpl configure
WARN: HHH000402: Using Hibernate built-in connection pool (not for production use!)
oct 14, 2021 4:33:13 PM org.hibernate.engine.jdbc.connections.internal.DriverManagerConnectionProviderImpl buildCreator
INFO: HHH000401: using driver [com.mysql.jdbc.Driver] at URL [jdbc:mysql://localhost:3306/Microcosmos?zeroDateTimeBehavior=convertToNull]
oct 14, 2021 4:33:13 PM org.hibernate.engine.jdbc.connections.internal.DriverManagerConnectionProviderImpl buildCreator
INFO: HHH000046: Connection properties: {user=root, password=****}
oct 14, 2021 4:33:13 PM org.hibernate.engine.jdbc.connections.internal.DriverManagerConnectionProviderImpl buildCreator
INFO: HHH000006: Autocommit mode: false
oct 14, 2021 4:33:13 PM org.hibernate.engine.jdbc.connections.internal.DriverManagerConnectionProviderImpl configure
INFO: HHH000115: Hibernate connection pool size: 20 (min=1)
oct 14, 2021 4:33:13 PM org.hibernate.dialect.Dialect <init>
INFO: HHH000400: Using dialect: org.hibernate.dialect.MySQLDialect
oct 14, 2021 4:33:13 PM org.hibernate.engine.jdbc.connections.internal.DriverManagerConnectionProviderImpl configure
WARN: HHH000402: Using Hibernate built-in connection pool (not for production use!)
oct 14, 2021 4:33:13 PM org.hibernate.engine.jdbc.connections.internal.DriverManagerConnectionProviderImpl buildCreator
INFO: HHH000401: using driver [com.mysql.jdbc.Driver] at URL [jdbc:mysql://localhost:3306/Microcosmos?zeroDateTimeBehavior=convertToNull]
oct 14, 2021 4:33:13 PM org.hibernate.engine.jdbc.connections.internal.DriverManagerConnectionProviderImpl buildCreator
INFO: HHH000046: Connection properties: {user=root, password=****}
oct 14, 2021 4:33:13 PM org.hibernate.engine.jdbc.connections.internal.DriverManagerConnectionProviderImpl buildCreator
INFO: HHH000006: Autocommit mode: false
oct 14, 2021 4:33:13 PM org.hibernate.engine.jdbc.connections.internal.DriverManagerConnectionProviderImpl configure
INFO: HHH000115: Hibernate connection pool size: 20 (min=1)
oct 14, 2021 4:33:13 PM org.hibernate.hql.internal.ast.ASTQueryTranslatorFactory <init>
INFO: HHH000397: Using ASTQueryTranslatorFactory
oct 14, 2021 4:33:13 PM org.hibernate.dialect.Dialect <init>
INFO: HHH000400: Using dialect: org.hibernate.dialect.MySQLDialect
oct 14, 2021 4:33:13 PM org.hibernate.tool.hbm2ddl.SchemaValidator validate
INFO: HHH000229: Running schema validator
oct 14, 2021 4:33:13 PM org.hibernate.tool.hbm2ddl.SchemaValidator validate
INFO: HHH000102: Fetching database metadata
oct 14, 2021 4:33:13 PM org.hibernate.tool.hbm2ddl.TableMetadata <init>
INFO: HHH000261: Table found: microcosmos.arealaboral
oct 14, 2021 4:33:13 PM org.hibernate.tool.hbm2ddl.TableMetadata <init>
INFO: HHH000037: Columns: [idarealaboral, descripcionarealaboral, nombrearealaboral, activoarealaboral]
oct 14, 2021 4:33:13 PM org.hibernate.hql.internal.ast.ASTQueryTranslatorFactory <init>
INFO: HHH000397: Using ASTQueryTranslatorFactory
oct 14, 2021 4:33:13 PM org.hibernate.tool.hbm2ddl.TableMetadata <init>
INFO: HHH000261: Table found: microcosmos.arealaboralhistorica
oct 14, 2021 4:33:13 PM org.hibernate.tool.hbm2ddl.TableMetadata <init>
INFO: HHH000037: Columns: [idempleados, fechaconclusion, fechacomienzo, idarealaboralhistorica]
oct 14, 2021 4:33:13 PM org.hibernate.tool.hbm2ddl.TableMetadata <init>
INFO: HHH000261: Table found: microcosmos.articulo
oct 14, 2021 4:33:13 PM org.hibernate.tool.hbm2ddl.TableMetadata <init>
INFO: HHH000037: Columns: [idsecciontienda, stockmaximo, activoarticulo, nombrearticulo, stockminimo, precioarticulo, idtalla, stock, descripcionarticulo, idarticulo]
oct 14, 2021 4:33:13 PM org.hibernate.tool.hbm2ddl.TableMetadata <init>
INFO: HHH000261: Table found: microcosmos.clientes
oct 14, 2021 4:33:13 PM org.hibernate.tool.hbm2ddl.TableMetadata <init>
INFO: HHH000037: Columns: [telefonocliente, direccioncliente, idtipodocumento, idsexo, documento, activocliente, idcliente, nombrecliente, apellidocliente, correocliente]
oct 14, 2021 4:33:13 PM org.hibernate.tool.hbm2ddl.SchemaValidator validate
INFO: HHH000229: Running schema validator
oct 14, 2021 4:33:13 PM org.hibernate.tool.hbm2ddl.SchemaValidator validate
INFO: HHH000102: Fetching database metadata
oct 14, 2021 4:33:13 PM org.hibernate.tool.hbm2ddl.TableMetadata <init>
INFO: HHH000261: Table found: microcosmos.compra
oct 14, 2021 4:33:13 PM org.hibernate.tool.hbm2ddl.TableMetadata <init>
INFO: HHH000037: Columns: [idcompra, fechapedido, idproveedor, idempleados, fecharecibido, totalcompra, idestado]
oct 14, 2021 4:33:13 PM org.hibernate.tool.hbm2ddl.TableMetadata <init>
INFO: HHH000261: Table found: microcosmos.arealaboral
oct 14, 2021 4:33:13 PM org.hibernate.tool.hbm2ddl.TableMetadata <init>
INFO: HHH000261: Table found: microcosmos.detallecompra
oct 14, 2021 4:33:13 PM org.hibernate.tool.hbm2ddl.TableMetadata <init>
INFO: HHH000037: Columns: [idarealaboral, descripcionarealaboral, nombrearealaboral, activoarealaboral]
oct 14, 2021 4:33:13 PM org.hibernate.tool.hbm2ddl.TableMetadata <init>
INFO: HHH000037: Columns: [idcompra, iddetallecompra, preciocompra, cantidad, idarticulo]
oct 14, 2021 4:33:13 PM org.hibernate.tool.hbm2ddl.TableMetadata <init>
INFO: HHH000261: Table found: microcosmos.arealaboralhistorica
oct 14, 2021 4:33:13 PM org.hibernate.tool.hbm2ddl.TableMetadata <init>
INFO: HHH000261: Table found: microcosmos.detalleventa
oct 14, 2021 4:33:13 PM org.hibernate.tool.hbm2ddl.TableMetadata <init>
INFO: HHH000037: Columns: [idventa, iddetalleventa, cantidad, idarticulo]
oct 14, 2021 4:33:13 PM org.hibernate.tool.hbm2ddl.TableMetadata <init>
INFO: HHH000037: Columns: [idempleados, fechaconclusion, fechacomienzo, idarealaboralhistorica]
oct 14, 2021 4:33:13 PM org.hibernate.tool.hbm2ddl.TableMetadata <init>
INFO: HHH000261: Table found: microcosmos.empleados
oct 14, 2021 4:33:13 PM org.hibernate.tool.hbm2ddl.TableMetadata <init>
INFO: HHH000261: Table found: microcosmos.articulo
oct 14, 2021 4:33:13 PM org.hibernate.tool.hbm2ddl.TableMetadata <init>
INFO: HHH000037: Columns: [idsecciontienda, stockmaximo, activoarticulo, nombrearticulo, stockminimo, precioarticulo, idtalla, stock, descripcionarticulo, idarticulo]
oct 14, 2021 4:33:13 PM org.hibernate.tool.hbm2ddl.TableMetadata <init>
INFO: HHH000037: Columns: [idempleados, idarealaboral, idtipodocumento, idsexo, telefonoempleado, documento, nombreempleado, correoempleado, apellidoempleado, fechadenacimiento, activoempleado]
oct 14, 2021 4:33:13 PM org.hibernate.tool.hbm2ddl.TableMetadata <init>
INFO: HHH000261: Table found: microcosmos.entidades
oct 14, 2021 4:33:13 PM org.hibernate.tool.hbm2ddl.TableMetadata <init>
INFO: HHH000037: Columns: [identidad, activoentidad, nombreentidad]
oct 14, 2021 4:33:13 PM org.hibernate.tool.hbm2ddl.TableMetadata <init>
INFO: HHH000261: Table found: microcosmos.clientes
oct 14, 2021 4:33:13 PM org.hibernate.tool.hbm2ddl.TableMetadata <init>
INFO: HHH000037: Columns: [telefonocliente, direccioncliente, idtipodocumento, idsexo, documento, activocliente, idcliente, nombrecliente, apellidocliente, correocliente]
oct 14, 2021 4:33:13 PM org.hibernate.tool.hbm2ddl.TableMetadata <init>
INFO: HHH000261: Table found: microcosmos.estado
oct 14, 2021 4:33:13 PM org.hibernate.tool.hbm2ddl.TableMetadata <init>
INFO: HHH000037: Columns: [nombreestado, activoestado, identidad, descripcionestado, idestado]
oct 14, 2021 4:33:13 PM org.hibernate.tool.hbm2ddl.TableMetadata <init>
INFO: HHH000261: Table found: microcosmos.compra
oct 14, 2021 4:33:13 PM org.hibernate.tool.hbm2ddl.TableMetadata <init>
INFO: HHH000037: Columns: [idcompra, fechapedido, idproveedor, idempleados, fecharecibido, totalcompra, idestado]
oct 14, 2021 4:33:13 PM org.hibernate.tool.hbm2ddl.TableMetadata <init>
INFO: HHH000261: Table found: microcosmos.detallecompra
oct 14, 2021 4:33:13 PM org.hibernate.tool.hbm2ddl.TableMetadata <init>
INFO: HHH000261: Table found: microcosmos.facturasdevueltas
oct 14, 2021 4:33:13 PM org.hibernate.tool.hbm2ddl.TableMetadata <init>
INFO: HHH000037: Columns: [idventa, descripcion, fechadevolucion, idempleados, idfacturadevuelta]
oct 14, 2021 4:33:13 PM org.hibernate.tool.hbm2ddl.TableMetadata <init>
INFO: HHH000037: Columns: [idcompra, iddetallecompra, preciocompra, cantidad, idarticulo]
oct 14, 2021 4:33:13 PM org.hibernate.tool.hbm2ddl.TableMetadata <init>
INFO: HHH000261: Table found: microcosmos.parametros
oct 14, 2021 4:33:13 PM org.hibernate.tool.hbm2ddl.TableMetadata <init>
INFO: HHH000037: Columns: [facturainicial, fechaemision, facturafinal, activoparametros, fechacaducidad, cai, idparametros]
oct 14, 2021 4:33:13 PM org.hibernate.tool.hbm2ddl.TableMetadata <init>
INFO: HHH000261: Table found: microcosmos.detalleventa
oct 14, 2021 4:33:13 PM org.hibernate.tool.hbm2ddl.TableMetadata <init>
INFO: HHH000037: Columns: [idventa, iddetalleventa, cantidad, idarticulo]
oct 14, 2021 4:33:13 PM org.hibernate.tool.hbm2ddl.TableMetadata <init>
INFO: HHH000261: Table found: microcosmos.pedidosdevueltos
oct 14, 2021 4:33:13 PM org.hibernate.tool.hbm2ddl.TableMetadata <init>
INFO: HHH000037: Columns: [idcompra, descripcion, idempleados, idpedidosdevueltos, fechaanulacion]
oct 14, 2021 4:33:13 PM org.hibernate.tool.hbm2ddl.TableMetadata <init>
INFO: HHH000261: Table found: microcosmos.empleados
oct 14, 2021 4:33:13 PM org.hibernate.tool.hbm2ddl.TableMetadata <init>
INFO: HHH000037: Columns: [idempleados, idarealaboral, idtipodocumento, idsexo, telefonoempleado, documento, nombreempleado, correoempleado, apellidoempleado, fechadenacimiento, activoempleado]
oct 14, 2021 4:33:13 PM org.hibernate.tool.hbm2ddl.TableMetadata <init>
INFO: HHH000261: Table found: microcosmos.entidades
oct 14, 2021 4:33:13 PM org.hibernate.tool.hbm2ddl.TableMetadata <init>
INFO: HHH000261: Table found: microcosmos.preciohistorico
oct 14, 2021 4:33:13 PM org.hibernate.tool.hbm2ddl.TableMetadata <init>
INFO: HHH000037: Columns: [precio, idpreciohistorico, fechainicial, fechafinal, idarticulo, activopreciohistorico]
oct 14, 2021 4:33:13 PM org.hibernate.tool.hbm2ddl.TableMetadata <init>
INFO: HHH000037: Columns: [identidad, activoentidad, nombreentidad]
oct 14, 2021 4:33:13 PM org.hibernate.tool.hbm2ddl.TableMetadata <init>
INFO: HHH000261: Table found: microcosmos.estado
oct 14, 2021 4:33:13 PM org.hibernate.tool.hbm2ddl.TableMetadata <init>
INFO: HHH000261: Table found: microcosmos.proveedores
oct 14, 2021 4:33:13 PM org.hibernate.tool.hbm2ddl.TableMetadata <init>
INFO: HHH000037: Columns: [idproveedor, activoproveedor, idtipodocumento, nombreproveedor, correoproveedor, telefonoproveedor, documento, ubicacionproveedor]
oct 14, 2021 4:33:13 PM org.hibernate.tool.hbm2ddl.TableMetadata <init>
INFO: HHH000037: Columns: [nombreestado, activoestado, identidad, descripcionestado, idestado]
oct 14, 2021 4:33:13 PM org.hibernate.tool.hbm2ddl.TableMetadata <init>
INFO: HHH000261: Table found: microcosmos.secciontienda
oct 14, 2021 4:33:13 PM org.hibernate.tool.hbm2ddl.TableMetadata <init>
INFO: HHH000037: Columns: [idsecciontienda, descripcionsecciontienda, nombresecciontienda, activosecciontienda]
oct 14, 2021 4:33:13 PM org.hibernate.tool.hbm2ddl.TableMetadata <init>
INFO: HHH000261: Table found: microcosmos.facturasdevueltas
oct 14, 2021 4:33:13 PM org.hibernate.tool.hbm2ddl.TableMetadata <init>
INFO: HHH000037: Columns: [idventa, descripcion, fechadevolucion, idempleados, idfacturadevuelta]
oct 14, 2021 4:33:13 PM org.hibernate.tool.hbm2ddl.TableMetadata <init>
INFO: HHH000261: Table found: microcosmos.sexo
oct 14, 2021 4:33:13 PM org.hibernate.tool.hbm2ddl.TableMetadata <init>
INFO: HHH000037: Columns: [idsexo, nombresexo, descripcionsexo]
oct 14, 2021 4:33:13 PM org.hibernate.tool.hbm2ddl.TableMetadata <init>
INFO: HHH000261: Table found: microcosmos.parametros
oct 14, 2021 4:33:13 PM org.hibernate.tool.hbm2ddl.TableMetadata <init>
INFO: HHH000037: Columns: [facturainicial, fechaemision, facturafinal, activoparametros, fechacaducidad, cai, idparametros]
oct 14, 2021 4:33:13 PM org.hibernate.tool.hbm2ddl.TableMetadata <init>
INFO: HHH000261: Table found: microcosmos.talla
oct 14, 2021 4:33:13 PM org.hibernate.tool.hbm2ddl.TableMetadata <init>
INFO: HHH000037: Columns: [activotalla, nombretalla, descripciontalla, idtalla]
oct 14, 2021 4:33:13 PM org.hibernate.tool.hbm2ddl.TableMetadata <init>
INFO: HHH000261: Table found: microcosmos.pedidosdevueltos
oct 14, 2021 4:33:13 PM org.hibernate.tool.hbm2ddl.TableMetadata <init>
INFO: HHH000037: Columns: [idcompra, descripcion, idempleados, idpedidosdevueltos, fechaanulacion]
oct 14, 2021 4:33:13 PM org.hibernate.tool.hbm2ddl.TableMetadata <init>
INFO: HHH000261: Table found: microcosmos.preciohistorico
oct 14, 2021 4:33:13 PM org.hibernate.tool.hbm2ddl.TableMetadata <init>
INFO: HHH000037: Columns: [precio, idpreciohistorico, fechainicial, fechafinal, idarticulo, activopreciohistorico]
oct 14, 2021 4:33:13 PM org.hibernate.tool.hbm2ddl.TableMetadata <init>
INFO: HHH000261: Table found: microcosmos.tipodepago
oct 14, 2021 4:33:13 PM org.hibernate.tool.hbm2ddl.TableMetadata <init>
INFO: HHH000037: Columns: [descripciontipodepago, nombretipodepago, idtipodepago, activotipodepago]
oct 14, 2021 4:33:13 PM org.hibernate.tool.hbm2ddl.TableMetadata <init>
INFO: HHH000261: Table found: microcosmos.tipodocumento
oct 14, 2021 4:33:13 PM org.hibernate.tool.hbm2ddl.TableMetadata <init>
INFO: HHH000037: Columns: [nombretipodocumento, descripciontipodocumento, activotipodocumento, idtipodocumento]
oct 14, 2021 4:33:13 PM org.hibernate.tool.hbm2ddl.TableMetadata <init>
INFO: HHH000261: Table found: microcosmos.proveedores
oct 14, 2021 4:33:13 PM org.hibernate.tool.hbm2ddl.TableMetadata <init>
INFO: HHH000037: Columns: [idproveedor, activoproveedor, idtipodocumento, nombreproveedor, correoproveedor, telefonoproveedor, documento, ubicacionproveedor]
oct 14, 2021 4:33:13 PM org.hibernate.tool.hbm2ddl.TableMetadata <init>
INFO: HHH000261: Table found: microcosmos.secciontienda
oct 14, 2021 4:33:13 PM org.hibernate.tool.hbm2ddl.TableMetadata <init>
INFO: HHH000261: Table found: microcosmos.usuarios
oct 14, 2021 4:33:13 PM org.hibernate.tool.hbm2ddl.TableMetadata <init>
INFO: HHH000037: Columns: [idsecciontienda, descripcionsecciontienda, nombresecciontienda, activosecciontienda]
oct 14, 2021 4:33:13 PM org.hibernate.tool.hbm2ddl.TableMetadata <init>
INFO: HHH000037: Columns: [nombreusuario, idempleados, numerodeintentos, activousuario, admin, contrasena, idusuario]
oct 14, 2021 4:33:13 PM org.hibernate.tool.hbm2ddl.TableMetadata <init>
INFO: HHH000261: Table found: microcosmos.sexo
oct 14, 2021 4:33:13 PM org.hibernate.tool.hbm2ddl.TableMetadata <init>
INFO: HHH000037: Columns: [idsexo, nombresexo, descripcionsexo]
oct 14, 2021 4:33:13 PM org.hibernate.tool.hbm2ddl.TableMetadata <init>
INFO: HHH000261: Table found: microcosmos.venta
oct 14, 2021 4:33:13 PM org.hibernate.tool.hbm2ddl.TableMetadata <init>
INFO: HHH000037: Columns: [numtarjeta, idtipodepago, formato, montoefectivo, idcliente, idestado, idventa, total, idempleados, impuesto, subtotal, montotarjeta, fechaventa, idparametros]
oct 14, 2021 4:33:13 PM org.hibernate.jpa.internal.EntityManagerFactoryRegistry addEntityManagerFactory
WARN: HHH000436: Entity manager factory name (DB) is already registered.  If entity manager will be clustered or passivated, specify a unique value for property 'hibernate.ejb.entitymanager_factory_name'
oct 14, 2021 4:33:13 PM org.hibernate.ejb.HibernatePersistence logDeprecation
WARN: HHH015016: Encountered a deprecated javax.persistence.spi.PersistenceProvider [org.hibernate.ejb.HibernatePersistence]; use [org.hibernate.jpa.HibernatePersistenceProvider] instead.
oct 14, 2021 4:33:13 PM org.hibernate.ejb.HibernatePersistence logDeprecation
WARN: HHH015016: Encountered a deprecated javax.persistence.spi.PersistenceProvider [org.hibernate.ejb.HibernatePersistence]; use [org.hibernate.jpa.HibernatePersistenceProvider] instead.
oct 14, 2021 4:33:13 PM org.hibernate.ejb.HibernatePersistence logDeprecation
WARN: HHH015016: Encountered a deprecated javax.persistence.spi.PersistenceProvider [org.hibernate.ejb.HibernatePersistence]; use [org.hibernate.jpa.HibernatePersistenceProvider] instead.
oct 14, 2021 4:33:13 PM org.hibernate.tool.hbm2ddl.TableMetadata <init>
INFO: HHH000261: Table found: microcosmos.talla
oct 14, 2021 4:33:13 PM org.hibernate.tool.hbm2ddl.TableMetadata <init>
INFO: HHH000037: Columns: [activotalla, nombretalla, descripciontalla, idtalla]
oct 14, 2021 4:33:13 PM org.hibernate.tool.hbm2ddl.TableMetadata <init>
INFO: HHH000261: Table found: microcosmos.tipodepago
oct 14, 2021 4:33:13 PM org.hibernate.tool.hbm2ddl.TableMetadata <init>
INFO: HHH000037: Columns: [descripciontipodepago, nombretipodepago, idtipodepago, activotipodepago]
oct 14, 2021 4:33:13 PM org.hibernate.jpa.internal.util.LogHelper logPersistenceUnitInformation
INFO: HHH000204: Processing PersistenceUnitInfo [
	name: DB
	...]
oct 14, 2021 4:33:13 PM org.hibernate.tool.hbm2ddl.TableMetadata <init>
INFO: HHH000261: Table found: microcosmos.tipodocumento
oct 14, 2021 4:33:13 PM org.hibernate.tool.hbm2ddl.TableMetadata <init>
INFO: HHH000037: Columns: [nombretipodocumento, descripciontipodocumento, activotipodocumento, idtipodocumento]
oct 14, 2021 4:33:13 PM org.hibernate.tool.hbm2ddl.TableMetadata <init>
INFO: HHH000261: Table found: microcosmos.usuarios
oct 14, 2021 4:33:13 PM org.hibernate.tool.hbm2ddl.TableMetadata <init>
INFO: HHH000037: Columns: [nombreusuario, idempleados, numerodeintentos, activousuario, admin, contrasena, idusuario]
oct 14, 2021 4:33:13 PM org.hibernate.tool.hbm2ddl.TableMetadata <init>
INFO: HHH000261: Table found: microcosmos.venta
oct 14, 2021 4:33:13 PM org.hibernate.tool.hbm2ddl.TableMetadata <init>
INFO: HHH000037: Columns: [numtarjeta, idtipodepago, formato, montoefectivo, idcliente, idestado, idventa, total, idempleados, impuesto, subtotal, montotarjeta, fechaventa, idparametros]
oct 14, 2021 4:33:13 PM org.hibernate.jpa.internal.EntityManagerFactoryRegistry addEntityManagerFactory
WARN: HHH000436: Entity manager factory name (DB) is already registered.  If entity manager will be clustered or passivated, specify a unique value for property 'hibernate.ejb.entitymanager_factory_name'
]]></system-err>
  </testcase>
  <testcase name="testBuscarProveedor" classname="com.screens.FmrComprasTest" time="2.932">
    <system-out><![CDATA[buscarProveedor
Hibernate: select articulo0_.idArticulo as idArticu1_2_, articulo0_.activoArticulo as activoAr2_2_, articulo0_.descripcionArticulo as descripc3_2_, articulo0_.idSeccionTienda as idSeccio4_2_, articulo0_.idTalla as idTalla5_2_, articulo0_.nombreArticulo as nombreAr6_2_, articulo0_.precioArticulo as precioAr7_2_, articulo0_.stock as stock8_2_, articulo0_.stockMaximo as stockMax9_2_, articulo0_.stockMinimo as stockMi10_2_ from articulo articulo0_
Hibernate: select talla0_.nombreTalla as col_0_0_ from talla talla0_ where talla0_.idTalla='2'
Hibernate: select talla0_.nombreTalla as col_0_0_ from talla talla0_ where talla0_.idTalla='1'
Hibernate: select articulo0_.idArticulo as idArticu1_2_, articulo0_.activoArticulo as activoAr2_2_, articulo0_.descripcionArticulo as descripc3_2_, articulo0_.idSeccionTienda as idSeccio4_2_, articulo0_.idTalla as idTalla5_2_, articulo0_.nombreArticulo as nombreAr6_2_, articulo0_.precioArticulo as precioAr7_2_, articulo0_.stock as stock8_2_, articulo0_.stockMaximo as stockMax9_2_, articulo0_.stockMinimo as stockMi10_2_ from articulo articulo0_
Hibernate: select talla0_.nombreTalla as col_0_0_ from talla talla0_ where talla0_.idTalla='1'
Hibernate: select talla0_.nombreTalla as col_0_0_ from talla talla0_ where talla0_.idTalla='2'
Hibernate: select talla0_.nombreTalla as col_0_0_ from talla talla0_ where talla0_.idTalla='1'
Hibernate: select talla0_.nombreTalla as col_0_0_ from talla talla0_ where talla0_.idTalla='1'
Hibernate: select talla0_.nombreTalla as col_0_0_ from talla talla0_ where talla0_.idTalla='5'
Hibernate: select talla0_.nombreTalla as col_0_0_ from talla talla0_ where talla0_.idTalla='1'
Hibernate: select talla0_.nombreTalla as col_0_0_ from talla talla0_ where talla0_.idTalla='1'
Hibernate: select talla0_.nombreTalla as col_0_0_ from talla talla0_ where talla0_.idTalla='5'
Hibernate: select proveedore0_.idProveedor as idProvee1_14_, proveedore0_.activoProveedor as activoPr2_14_, proveedore0_.correoProveedor as correoPr3_14_, proveedore0_.documento as document4_14_, proveedore0_.idTipoDocumento as idTipoDo5_14_, proveedore0_.nombreProveedor as nombrePr6_14_, proveedore0_.telefonoProveedor as telefono7_14_, proveedore0_.ubicacionProveedor as ubicacio8_14_ from proveedores proveedore0_ where proveedore0_.nombreProveedor like 'Mendels%'
]]></system-out>
    <system-err><![CDATA[oct 14, 2021 4:33:13 PM org.hibernate.ejb.HibernatePersistence logDeprecation
WARN: HHH015016: Encountered a deprecated javax.persistence.spi.PersistenceProvider [org.hibernate.ejb.HibernatePersistence]; use [org.hibernate.jpa.HibernatePersistenceProvider] instead.
oct 14, 2021 4:33:13 PM org.hibernate.ejb.HibernatePersistence logDeprecation
WARN: HHH015016: Encountered a deprecated javax.persistence.spi.PersistenceProvider [org.hibernate.ejb.HibernatePersistence]; use [org.hibernate.jpa.HibernatePersistenceProvider] instead.
oct 14, 2021 4:33:13 PM org.hibernate.ejb.HibernatePersistence logDeprecation
WARN: HHH015016: Encountered a deprecated javax.persistence.spi.PersistenceProvider [org.hibernate.ejb.HibernatePersistence]; use [org.hibernate.jpa.HibernatePersistenceProvider] instead.
oct 14, 2021 4:33:13 PM org.hibernate.jpa.internal.util.LogHelper logPersistenceUnitInformation
INFO: HHH000204: Processing PersistenceUnitInfo [
	name: DB
	...]
oct 14, 2021 4:33:13 PM org.hibernate.engine.jdbc.connections.internal.DriverManagerConnectionProviderImpl configure
WARN: HHH000402: Using Hibernate built-in connection pool (not for production use!)
oct 14, 2021 4:33:13 PM org.hibernate.engine.jdbc.connections.internal.DriverManagerConnectionProviderImpl buildCreator
INFO: HHH000401: using driver [com.mysql.jdbc.Driver] at URL [jdbc:mysql://localhost:3306/Microcosmos?zeroDateTimeBehavior=convertToNull]
oct 14, 2021 4:33:13 PM org.hibernate.engine.jdbc.connections.internal.DriverManagerConnectionProviderImpl buildCreator
INFO: HHH000046: Connection properties: {user=root, password=****}
oct 14, 2021 4:33:13 PM org.hibernate.engine.jdbc.connections.internal.DriverManagerConnectionProviderImpl buildCreator
INFO: HHH000006: Autocommit mode: false
oct 14, 2021 4:33:13 PM org.hibernate.engine.jdbc.connections.internal.DriverManagerConnectionProviderImpl configure
INFO: HHH000115: Hibernate connection pool size: 20 (min=1)
oct 14, 2021 4:33:13 PM org.hibernate.dialect.Dialect <init>
INFO: HHH000400: Using dialect: org.hibernate.dialect.MySQLDialect
oct 14, 2021 4:33:13 PM org.hibernate.hql.internal.ast.ASTQueryTranslatorFactory <init>
INFO: HHH000397: Using ASTQueryTranslatorFactory
oct 14, 2021 4:33:13 PM org.hibernate.tool.hbm2ddl.SchemaValidator validate
INFO: HHH000229: Running schema validator
oct 14, 2021 4:33:13 PM org.hibernate.tool.hbm2ddl.SchemaValidator validate
INFO: HHH000102: Fetching database metadata
oct 14, 2021 4:33:13 PM org.hibernate.engine.jdbc.connections.internal.DriverManagerConnectionProviderImpl configure
WARN: HHH000402: Using Hibernate built-in connection pool (not for production use!)
oct 14, 2021 4:33:13 PM org.hibernate.engine.jdbc.connections.internal.DriverManagerConnectionProviderImpl buildCreator
INFO: HHH000401: using driver [com.mysql.jdbc.Driver] at URL [jdbc:mysql://localhost:3306/Microcosmos?zeroDateTimeBehavior=convertToNull]
oct 14, 2021 4:33:13 PM org.hibernate.engine.jdbc.connections.internal.DriverManagerConnectionProviderImpl buildCreator
INFO: HHH000046: Connection properties: {user=root, password=****}
oct 14, 2021 4:33:13 PM org.hibernate.engine.jdbc.connections.internal.DriverManagerConnectionProviderImpl buildCreator
INFO: HHH000006: Autocommit mode: false
oct 14, 2021 4:33:13 PM org.hibernate.engine.jdbc.connections.internal.DriverManagerConnectionProviderImpl configure
INFO: HHH000115: Hibernate connection pool size: 20 (min=1)
oct 14, 2021 4:33:13 PM org.hibernate.tool.hbm2ddl.TableMetadata <init>
INFO: HHH000261: Table found: microcosmos.arealaboral
oct 14, 2021 4:33:13 PM org.hibernate.tool.hbm2ddl.TableMetadata <init>
INFO: HHH000037: Columns: [idarealaboral, descripcionarealaboral, nombrearealaboral, activoarealaboral]
oct 14, 2021 4:33:13 PM org.hibernate.tool.hbm2ddl.TableMetadata <init>
INFO: HHH000261: Table found: microcosmos.arealaboralhistorica
oct 14, 2021 4:33:13 PM org.hibernate.tool.hbm2ddl.TableMetadata <init>
INFO: HHH000037: Columns: [idempleados, fechaconclusion, fechacomienzo, idarealaboralhistorica]
oct 14, 2021 4:33:13 PM org.hibernate.tool.hbm2ddl.TableMetadata <init>
INFO: HHH000261: Table found: microcosmos.articulo
oct 14, 2021 4:33:13 PM org.hibernate.tool.hbm2ddl.TableMetadata <init>
INFO: HHH000037: Columns: [idsecciontienda, stockmaximo, activoarticulo, nombrearticulo, stockminimo, precioarticulo, idtalla, stock, descripcionarticulo, idarticulo]
oct 14, 2021 4:33:13 PM org.hibernate.tool.hbm2ddl.TableMetadata <init>
INFO: HHH000261: Table found: microcosmos.clientes
oct 14, 2021 4:33:13 PM org.hibernate.tool.hbm2ddl.TableMetadata <init>
INFO: HHH000037: Columns: [telefonocliente, direccioncliente, idtipodocumento, idsexo, documento, activocliente, idcliente, nombrecliente, apellidocliente, correocliente]
oct 14, 2021 4:33:13 PM org.hibernate.dialect.Dialect <init>
INFO: HHH000400: Using dialect: org.hibernate.dialect.MySQLDialect
oct 14, 2021 4:33:13 PM org.hibernate.tool.hbm2ddl.TableMetadata <init>
INFO: HHH000261: Table found: microcosmos.compra
oct 14, 2021 4:33:13 PM org.hibernate.tool.hbm2ddl.TableMetadata <init>
INFO: HHH000037: Columns: [idcompra, fechapedido, idproveedor, idempleados, fecharecibido, totalcompra, idestado]
oct 14, 2021 4:33:13 PM org.hibernate.hql.internal.ast.ASTQueryTranslatorFactory <init>
INFO: HHH000397: Using ASTQueryTranslatorFactory
oct 14, 2021 4:33:13 PM org.hibernate.tool.hbm2ddl.TableMetadata <init>
INFO: HHH000261: Table found: microcosmos.detallecompra
oct 14, 2021 4:33:13 PM org.hibernate.tool.hbm2ddl.TableMetadata <init>
INFO: HHH000037: Columns: [idcompra, iddetallecompra, preciocompra, cantidad, idarticulo]
oct 14, 2021 4:33:13 PM org.hibernate.tool.hbm2ddl.TableMetadata <init>
INFO: HHH000261: Table found: microcosmos.detalleventa
oct 14, 2021 4:33:13 PM org.hibernate.tool.hbm2ddl.TableMetadata <init>
INFO: HHH000037: Columns: [idventa, iddetalleventa, cantidad, idarticulo]
oct 14, 2021 4:33:13 PM org.hibernate.tool.hbm2ddl.TableMetadata <init>
INFO: HHH000261: Table found: microcosmos.empleados
oct 14, 2021 4:33:13 PM org.hibernate.tool.hbm2ddl.TableMetadata <init>
INFO: HHH000037: Columns: [idempleados, idarealaboral, idtipodocumento, idsexo, telefonoempleado, documento, nombreempleado, correoempleado, apellidoempleado, fechadenacimiento, activoempleado]
oct 14, 2021 4:33:13 PM org.hibernate.tool.hbm2ddl.TableMetadata <init>
INFO: HHH000261: Table found: microcosmos.entidades
oct 14, 2021 4:33:13 PM org.hibernate.tool.hbm2ddl.TableMetadata <init>
INFO: HHH000037: Columns: [identidad, activoentidad, nombreentidad]
oct 14, 2021 4:33:13 PM org.hibernate.tool.hbm2ddl.SchemaValidator validate
INFO: HHH000229: Running schema validator
oct 14, 2021 4:33:13 PM org.hibernate.tool.hbm2ddl.SchemaValidator validate
INFO: HHH000102: Fetching database metadata
oct 14, 2021 4:33:13 PM org.hibernate.tool.hbm2ddl.TableMetadata <init>
INFO: HHH000261: Table found: microcosmos.estado
oct 14, 2021 4:33:13 PM org.hibernate.tool.hbm2ddl.TableMetadata <init>
INFO: HHH000037: Columns: [nombreestado, activoestado, identidad, descripcionestado, idestado]
oct 14, 2021 4:33:13 PM org.hibernate.tool.hbm2ddl.TableMetadata <init>
INFO: HHH000261: Table found: microcosmos.arealaboral
oct 14, 2021 4:33:13 PM org.hibernate.tool.hbm2ddl.TableMetadata <init>
INFO: HHH000037: Columns: [idarealaboral, descripcionarealaboral, nombrearealaboral, activoarealaboral]
oct 14, 2021 4:33:13 PM org.hibernate.tool.hbm2ddl.TableMetadata <init>
INFO: HHH000261: Table found: microcosmos.arealaboralhistorica
oct 14, 2021 4:33:13 PM org.hibernate.tool.hbm2ddl.TableMetadata <init>
INFO: HHH000261: Table found: microcosmos.facturasdevueltas
oct 14, 2021 4:33:13 PM org.hibernate.tool.hbm2ddl.TableMetadata <init>
INFO: HHH000037: Columns: [idventa, descripcion, fechadevolucion, idempleados, idfacturadevuelta]
oct 14, 2021 4:33:13 PM org.hibernate.tool.hbm2ddl.TableMetadata <init>
INFO: HHH000037: Columns: [idempleados, fechaconclusion, fechacomienzo, idarealaboralhistorica]
oct 14, 2021 4:33:13 PM org.hibernate.tool.hbm2ddl.TableMetadata <init>
INFO: HHH000261: Table found: microcosmos.parametros
oct 14, 2021 4:33:13 PM org.hibernate.tool.hbm2ddl.TableMetadata <init>
INFO: HHH000261: Table found: microcosmos.articulo
oct 14, 2021 4:33:13 PM org.hibernate.tool.hbm2ddl.TableMetadata <init>
INFO: HHH000037: Columns: [facturainicial, fechaemision, facturafinal, activoparametros, fechacaducidad, cai, idparametros]
oct 14, 2021 4:33:13 PM org.hibernate.tool.hbm2ddl.TableMetadata <init>
INFO: HHH000037: Columns: [idsecciontienda, stockmaximo, activoarticulo, nombrearticulo, stockminimo, precioarticulo, idtalla, stock, descripcionarticulo, idarticulo]
oct 14, 2021 4:33:13 PM org.hibernate.tool.hbm2ddl.TableMetadata <init>
INFO: HHH000261: Table found: microcosmos.pedidosdevueltos
oct 14, 2021 4:33:13 PM org.hibernate.tool.hbm2ddl.TableMetadata <init>
INFO: HHH000037: Columns: [idcompra, descripcion, idempleados, idpedidosdevueltos, fechaanulacion]
oct 14, 2021 4:33:13 PM org.hibernate.tool.hbm2ddl.TableMetadata <init>
INFO: HHH000261: Table found: microcosmos.clientes
oct 14, 2021 4:33:13 PM org.hibernate.tool.hbm2ddl.TableMetadata <init>
INFO: HHH000037: Columns: [telefonocliente, direccioncliente, idtipodocumento, idsexo, documento, activocliente, idcliente, nombrecliente, apellidocliente, correocliente]
oct 14, 2021 4:33:13 PM org.hibernate.tool.hbm2ddl.TableMetadata <init>
INFO: HHH000261: Table found: microcosmos.preciohistorico
oct 14, 2021 4:33:13 PM org.hibernate.tool.hbm2ddl.TableMetadata <init>
INFO: HHH000037: Columns: [precio, idpreciohistorico, fechainicial, fechafinal, idarticulo, activopreciohistorico]
oct 14, 2021 4:33:13 PM org.hibernate.tool.hbm2ddl.TableMetadata <init>
INFO: HHH000261: Table found: microcosmos.compra
oct 14, 2021 4:33:13 PM org.hibernate.tool.hbm2ddl.TableMetadata <init>
INFO: HHH000037: Columns: [idcompra, fechapedido, idproveedor, idempleados, fecharecibido, totalcompra, idestado]
oct 14, 2021 4:33:13 PM org.hibernate.tool.hbm2ddl.TableMetadata <init>
INFO: HHH000261: Table found: microcosmos.detallecompra
oct 14, 2021 4:33:13 PM org.hibernate.tool.hbm2ddl.TableMetadata <init>
INFO: HHH000037: Columns: [idcompra, iddetallecompra, preciocompra, cantidad, idarticulo]
oct 14, 2021 4:33:13 PM org.hibernate.tool.hbm2ddl.TableMetadata <init>
INFO: HHH000261: Table found: microcosmos.proveedores
oct 14, 2021 4:33:13 PM org.hibernate.tool.hbm2ddl.TableMetadata <init>
INFO: HHH000037: Columns: [idproveedor, activoproveedor, idtipodocumento, nombreproveedor, correoproveedor, telefonoproveedor, documento, ubicacionproveedor]
oct 14, 2021 4:33:13 PM org.hibernate.tool.hbm2ddl.TableMetadata <init>
INFO: HHH000261: Table found: microcosmos.secciontienda
oct 14, 2021 4:33:13 PM org.hibernate.tool.hbm2ddl.TableMetadata <init>
INFO: HHH000261: Table found: microcosmos.detalleventa
oct 14, 2021 4:33:13 PM org.hibernate.tool.hbm2ddl.TableMetadata <init>
INFO: HHH000037: Columns: [idventa, iddetalleventa, cantidad, idarticulo]
oct 14, 2021 4:33:13 PM org.hibernate.tool.hbm2ddl.TableMetadata <init>
INFO: HHH000037: Columns: [idsecciontienda, descripcionsecciontienda, nombresecciontienda, activosecciontienda]
oct 14, 2021 4:33:13 PM org.hibernate.tool.hbm2ddl.TableMetadata <init>
INFO: HHH000261: Table found: microcosmos.sexo
oct 14, 2021 4:33:13 PM org.hibernate.tool.hbm2ddl.TableMetadata <init>
INFO: HHH000037: Columns: [idsexo, nombresexo, descripcionsexo]
oct 14, 2021 4:33:13 PM org.hibernate.tool.hbm2ddl.TableMetadata <init>
INFO: HHH000261: Table found: microcosmos.empleados
oct 14, 2021 4:33:13 PM org.hibernate.tool.hbm2ddl.TableMetadata <init>
INFO: HHH000037: Columns: [idempleados, idarealaboral, idtipodocumento, idsexo, telefonoempleado, documento, nombreempleado, correoempleado, apellidoempleado, fechadenacimiento, activoempleado]
oct 14, 2021 4:33:13 PM org.hibernate.tool.hbm2ddl.TableMetadata <init>
INFO: HHH000261: Table found: microcosmos.talla
oct 14, 2021 4:33:13 PM org.hibernate.tool.hbm2ddl.TableMetadata <init>
INFO: HHH000261: Table found: microcosmos.entidades
oct 14, 2021 4:33:13 PM org.hibernate.tool.hbm2ddl.TableMetadata <init>
INFO: HHH000037: Columns: [identidad, activoentidad, nombreentidad]
oct 14, 2021 4:33:13 PM org.hibernate.tool.hbm2ddl.TableMetadata <init>
INFO: HHH000037: Columns: [activotalla, nombretalla, descripciontalla, idtalla]
oct 14, 2021 4:33:13 PM org.hibernate.tool.hbm2ddl.TableMetadata <init>
INFO: HHH000261: Table found: microcosmos.tipodepago
oct 14, 2021 4:33:13 PM org.hibernate.tool.hbm2ddl.TableMetadata <init>
INFO: HHH000037: Columns: [descripciontipodepago, nombretipodepago, idtipodepago, activotipodepago]
oct 14, 2021 4:33:13 PM org.hibernate.tool.hbm2ddl.TableMetadata <init>
INFO: HHH000261: Table found: microcosmos.estado
oct 14, 2021 4:33:13 PM org.hibernate.tool.hbm2ddl.TableMetadata <init>
INFO: HHH000037: Columns: [nombreestado, activoestado, identidad, descripcionestado, idestado]
oct 14, 2021 4:33:13 PM org.hibernate.tool.hbm2ddl.TableMetadata <init>
INFO: HHH000261: Table found: microcosmos.tipodocumento
oct 14, 2021 4:33:13 PM org.hibernate.tool.hbm2ddl.TableMetadata <init>
INFO: HHH000037: Columns: [nombretipodocumento, descripciontipodocumento, activotipodocumento, idtipodocumento]
oct 14, 2021 4:33:13 PM org.hibernate.tool.hbm2ddl.TableMetadata <init>
INFO: HHH000261: Table found: microcosmos.facturasdevueltas
oct 14, 2021 4:33:13 PM org.hibernate.tool.hbm2ddl.TableMetadata <init>
INFO: HHH000037: Columns: [idventa, descripcion, fechadevolucion, idempleados, idfacturadevuelta]
oct 14, 2021 4:33:13 PM org.hibernate.tool.hbm2ddl.TableMetadata <init>
INFO: HHH000261: Table found: microcosmos.usuarios
oct 14, 2021 4:33:13 PM org.hibernate.tool.hbm2ddl.TableMetadata <init>
INFO: HHH000037: Columns: [nombreusuario, idempleados, numerodeintentos, activousuario, admin, contrasena, idusuario]
oct 14, 2021 4:33:13 PM org.hibernate.tool.hbm2ddl.TableMetadata <init>
INFO: HHH000261: Table found: microcosmos.parametros
oct 14, 2021 4:33:13 PM org.hibernate.tool.hbm2ddl.TableMetadata <init>
INFO: HHH000261: Table found: microcosmos.venta
oct 14, 2021 4:33:13 PM org.hibernate.tool.hbm2ddl.TableMetadata <init>
INFO: HHH000037: Columns: [numtarjeta, idtipodepago, formato, montoefectivo, idcliente, idestado, idventa, total, idempleados, impuesto, subtotal, montotarjeta, fechaventa, idparametros]
oct 14, 2021 4:33:13 PM org.hibernate.tool.hbm2ddl.TableMetadata <init>
INFO: HHH000037: Columns: [facturainicial, fechaemision, facturafinal, activoparametros, fechacaducidad, cai, idparametros]
oct 14, 2021 4:33:13 PM org.hibernate.jpa.internal.EntityManagerFactoryRegistry addEntityManagerFactory
WARN: HHH000436: Entity manager factory name (DB) is already registered.  If entity manager will be clustered or passivated, specify a unique value for property 'hibernate.ejb.entitymanager_factory_name'
oct 14, 2021 4:33:13 PM org.hibernate.ejb.HibernatePersistence logDeprecation
WARN: HHH015016: Encountered a deprecated javax.persistence.spi.PersistenceProvider [org.hibernate.ejb.HibernatePersistence]; use [org.hibernate.jpa.HibernatePersistenceProvider] instead.
oct 14, 2021 4:33:13 PM org.hibernate.ejb.HibernatePersistence logDeprecation
WARN: HHH015016: Encountered a deprecated javax.persistence.spi.PersistenceProvider [org.hibernate.ejb.HibernatePersistence]; use [org.hibernate.jpa.HibernatePersistenceProvider] instead.
oct 14, 2021 4:33:13 PM org.hibernate.ejb.HibernatePersistence logDeprecation
WARN: HHH015016: Encountered a deprecated javax.persistence.spi.PersistenceProvider [org.hibernate.ejb.HibernatePersistence]; use [org.hibernate.jpa.HibernatePersistenceProvider] instead.
oct 14, 2021 4:33:13 PM org.hibernate.tool.hbm2ddl.TableMetadata <init>
INFO: HHH000261: Table found: microcosmos.pedidosdevueltos
oct 14, 2021 4:33:13 PM org.hibernate.tool.hbm2ddl.TableMetadata <init>
INFO: HHH000037: Columns: [idcompra, descripcion, idempleados, idpedidosdevueltos, fechaanulacion]
oct 14, 2021 4:33:13 PM org.hibernate.jpa.internal.util.LogHelper logPersistenceUnitInformation
INFO: HHH000204: Processing PersistenceUnitInfo [
	name: DB
	...]
oct 14, 2021 4:33:13 PM org.hibernate.tool.hbm2ddl.TableMetadata <init>
INFO: HHH000261: Table found: microcosmos.preciohistorico
oct 14, 2021 4:33:13 PM org.hibernate.tool.hbm2ddl.TableMetadata <init>
INFO: HHH000037: Columns: [precio, idpreciohistorico, fechainicial, fechafinal, idarticulo, activopreciohistorico]
oct 14, 2021 4:33:13 PM org.hibernate.tool.hbm2ddl.TableMetadata <init>
INFO: HHH000261: Table found: microcosmos.proveedores
oct 14, 2021 4:33:13 PM org.hibernate.tool.hbm2ddl.TableMetadata <init>
INFO: HHH000037: Columns: [idproveedor, activoproveedor, idtipodocumento, nombreproveedor, correoproveedor, telefonoproveedor, documento, ubicacionproveedor]
oct 14, 2021 4:33:13 PM org.hibernate.tool.hbm2ddl.TableMetadata <init>
INFO: HHH000261: Table found: microcosmos.secciontienda
oct 14, 2021 4:33:13 PM org.hibernate.tool.hbm2ddl.TableMetadata <init>
INFO: HHH000037: Columns: [idsecciontienda, descripcionsecciontienda, nombresecciontienda, activosecciontienda]
oct 14, 2021 4:33:13 PM org.hibernate.tool.hbm2ddl.TableMetadata <init>
INFO: HHH000261: Table found: microcosmos.sexo
oct 14, 2021 4:33:13 PM org.hibernate.tool.hbm2ddl.TableMetadata <init>
INFO: HHH000037: Columns: [idsexo, nombresexo, descripcionsexo]
oct 14, 2021 4:33:13 PM org.hibernate.tool.hbm2ddl.TableMetadata <init>
INFO: HHH000261: Table found: microcosmos.talla
oct 14, 2021 4:33:13 PM org.hibernate.tool.hbm2ddl.TableMetadata <init>
INFO: HHH000037: Columns: [activotalla, nombretalla, descripciontalla, idtalla]
oct 14, 2021 4:33:13 PM org.hibernate.tool.hbm2ddl.TableMetadata <init>
INFO: HHH000261: Table found: microcosmos.tipodepago
oct 14, 2021 4:33:13 PM org.hibernate.tool.hbm2ddl.TableMetadata <init>
INFO: HHH000037: Columns: [descripciontipodepago, nombretipodepago, idtipodepago, activotipodepago]
oct 14, 2021 4:33:13 PM org.hibernate.tool.hbm2ddl.TableMetadata <init>
INFO: HHH000261: Table found: microcosmos.tipodocumento
oct 14, 2021 4:33:13 PM org.hibernate.tool.hbm2ddl.TableMetadata <init>
INFO: HHH000037: Columns: [nombretipodocumento, descripciontipodocumento, activotipodocumento, idtipodocumento]
oct 14, 2021 4:33:13 PM org.hibernate.tool.hbm2ddl.TableMetadata <init>
INFO: HHH000261: Table found: microcosmos.usuarios
oct 14, 2021 4:33:13 PM org.hibernate.tool.hbm2ddl.TableMetadata <init>
INFO: HHH000037: Columns: [nombreusuario, idempleados, numerodeintentos, activousuario, admin, contrasena, idusuario]
oct 14, 2021 4:33:13 PM org.hibernate.tool.hbm2ddl.TableMetadata <init>
INFO: HHH000261: Table found: microcosmos.venta
oct 14, 2021 4:33:13 PM org.hibernate.tool.hbm2ddl.TableMetadata <init>
INFO: HHH000037: Columns: [numtarjeta, idtipodepago, formato, montoefectivo, idcliente, idestado, idventa, total, idempleados, impuesto, subtotal, montotarjeta, fechaventa, idparametros]
oct 14, 2021 4:33:13 PM org.hibernate.jpa.internal.EntityManagerFactoryRegistry addEntityManagerFactory
WARN: HHH000436: Entity manager factory name (DB) is already registered.  If entity manager will be clustered or passivated, specify a unique value for property 'hibernate.ejb.entitymanager_factory_name'
oct 14, 2021 4:33:13 PM org.hibernate.ejb.HibernatePersistence logDeprecation
WARN: HHH015016: Encountered a deprecated javax.persistence.spi.PersistenceProvider [org.hibernate.ejb.HibernatePersistence]; use [org.hibernate.jpa.HibernatePersistenceProvider] instead.
oct 14, 2021 4:33:13 PM org.hibernate.ejb.HibernatePersistence logDeprecation
WARN: HHH015016: Encountered a deprecated javax.persistence.spi.PersistenceProvider [org.hibernate.ejb.HibernatePersistence]; use [org.hibernate.jpa.HibernatePersistenceProvider] instead.
oct 14, 2021 4:33:13 PM org.hibernate.ejb.HibernatePersistence logDeprecation
WARN: HHH015016: Encountered a deprecated javax.persistence.spi.PersistenceProvider [org.hibernate.ejb.HibernatePersistence]; use [org.hibernate.jpa.HibernatePersistenceProvider] instead.
oct 14, 2021 4:33:13 PM org.hibernate.jpa.internal.util.LogHelper logPersistenceUnitInformation
INFO: HHH000204: Processing PersistenceUnitInfo [
	name: DB
	...]
oct 14, 2021 4:33:13 PM org.hibernate.engine.jdbc.connections.internal.DriverManagerConnectionProviderImpl configure
WARN: HHH000402: Using Hibernate built-in connection pool (not for production use!)
oct 14, 2021 4:33:13 PM org.hibernate.engine.jdbc.connections.internal.DriverManagerConnectionProviderImpl buildCreator
INFO: HHH000401: using driver [com.mysql.jdbc.Driver] at URL [jdbc:mysql://localhost:3306/Microcosmos?zeroDateTimeBehavior=convertToNull]
oct 14, 2021 4:33:13 PM org.hibernate.engine.jdbc.connections.internal.DriverManagerConnectionProviderImpl buildCreator
INFO: HHH000046: Connection properties: {user=root, password=****}
oct 14, 2021 4:33:13 PM org.hibernate.engine.jdbc.connections.internal.DriverManagerConnectionProviderImpl buildCreator
INFO: HHH000006: Autocommit mode: false
oct 14, 2021 4:33:13 PM org.hibernate.engine.jdbc.connections.internal.DriverManagerConnectionProviderImpl configure
INFO: HHH000115: Hibernate connection pool size: 20 (min=1)
oct 14, 2021 4:33:13 PM org.hibernate.dialect.Dialect <init>
INFO: HHH000400: Using dialect: org.hibernate.dialect.MySQLDialect
oct 14, 2021 4:33:13 PM org.hibernate.hql.internal.ast.ASTQueryTranslatorFactory <init>
INFO: HHH000397: Using ASTQueryTranslatorFactory
oct 14, 2021 4:33:13 PM org.hibernate.tool.hbm2ddl.SchemaValidator validate
INFO: HHH000229: Running schema validator
oct 14, 2021 4:33:13 PM org.hibernate.tool.hbm2ddl.SchemaValidator validate
INFO: HHH000102: Fetching database metadata
oct 14, 2021 4:33:13 PM org.hibernate.tool.hbm2ddl.TableMetadata <init>
INFO: HHH000261: Table found: microcosmos.arealaboral
oct 14, 2021 4:33:13 PM org.hibernate.tool.hbm2ddl.TableMetadata <init>
INFO: HHH000037: Columns: [idarealaboral, descripcionarealaboral, nombrearealaboral, activoarealaboral]
oct 14, 2021 4:33:13 PM org.hibernate.engine.jdbc.connections.internal.DriverManagerConnectionProviderImpl configure
WARN: HHH000402: Using Hibernate built-in connection pool (not for production use!)
oct 14, 2021 4:33:13 PM org.hibernate.engine.jdbc.connections.internal.DriverManagerConnectionProviderImpl buildCreator
INFO: HHH000401: using driver [com.mysql.jdbc.Driver] at URL [jdbc:mysql://localhost:3306/Microcosmos?zeroDateTimeBehavior=convertToNull]
oct 14, 2021 4:33:13 PM org.hibernate.engine.jdbc.connections.internal.DriverManagerConnectionProviderImpl buildCreator
INFO: HHH000046: Connection properties: {user=root, password=****}
oct 14, 2021 4:33:13 PM org.hibernate.engine.jdbc.connections.internal.DriverManagerConnectionProviderImpl buildCreator
INFO: HHH000006: Autocommit mode: false
oct 14, 2021 4:33:13 PM org.hibernate.engine.jdbc.connections.internal.DriverManagerConnectionProviderImpl configure
INFO: HHH000115: Hibernate connection pool size: 20 (min=1)
oct 14, 2021 4:33:13 PM org.hibernate.tool.hbm2ddl.TableMetadata <init>
INFO: HHH000261: Table found: microcosmos.arealaboralhistorica
oct 14, 2021 4:33:13 PM org.hibernate.tool.hbm2ddl.TableMetadata <init>
INFO: HHH000037: Columns: [idempleados, fechaconclusion, fechacomienzo, idarealaboralhistorica]
oct 14, 2021 4:33:13 PM org.hibernate.tool.hbm2ddl.TableMetadata <init>
INFO: HHH000261: Table found: microcosmos.articulo
oct 14, 2021 4:33:13 PM org.hibernate.tool.hbm2ddl.TableMetadata <init>
INFO: HHH000037: Columns: [idsecciontienda, stockmaximo, activoarticulo, nombrearticulo, stockminimo, precioarticulo, idtalla, stock, descripcionarticulo, idarticulo]
oct 14, 2021 4:33:13 PM org.hibernate.tool.hbm2ddl.TableMetadata <init>
INFO: HHH000261: Table found: microcosmos.clientes
oct 14, 2021 4:33:13 PM org.hibernate.tool.hbm2ddl.TableMetadata <init>
INFO: HHH000037: Columns: [telefonocliente, direccioncliente, idtipodocumento, idsexo, documento, activocliente, idcliente, nombrecliente, apellidocliente, correocliente]
oct 14, 2021 4:33:13 PM org.hibernate.tool.hbm2ddl.TableMetadata <init>
INFO: HHH000261: Table found: microcosmos.compra
oct 14, 2021 4:33:13 PM org.hibernate.tool.hbm2ddl.TableMetadata <init>
INFO: HHH000037: Columns: [idcompra, fechapedido, idproveedor, idempleados, fecharecibido, totalcompra, idestado]
oct 14, 2021 4:33:13 PM org.hibernate.dialect.Dialect <init>
INFO: HHH000400: Using dialect: org.hibernate.dialect.MySQLDialect
oct 14, 2021 4:33:13 PM org.hibernate.tool.hbm2ddl.TableMetadata <init>
INFO: HHH000261: Table found: microcosmos.detallecompra
oct 14, 2021 4:33:13 PM org.hibernate.tool.hbm2ddl.TableMetadata <init>
INFO: HHH000037: Columns: [idcompra, iddetallecompra, preciocompra, cantidad, idarticulo]
oct 14, 2021 4:33:13 PM org.hibernate.tool.hbm2ddl.TableMetadata <init>
INFO: HHH000261: Table found: microcosmos.detalleventa
oct 14, 2021 4:33:13 PM org.hibernate.tool.hbm2ddl.TableMetadata <init>
INFO: HHH000037: Columns: [idventa, iddetalleventa, cantidad, idarticulo]
oct 14, 2021 4:33:13 PM org.hibernate.hql.internal.ast.ASTQueryTranslatorFactory <init>
INFO: HHH000397: Using ASTQueryTranslatorFactory
oct 14, 2021 4:33:13 PM org.hibernate.tool.hbm2ddl.TableMetadata <init>
INFO: HHH000261: Table found: microcosmos.empleados
oct 14, 2021 4:33:13 PM org.hibernate.tool.hbm2ddl.TableMetadata <init>
INFO: HHH000037: Columns: [idempleados, idarealaboral, idtipodocumento, idsexo, telefonoempleado, documento, nombreempleado, correoempleado, apellidoempleado, fechadenacimiento, activoempleado]
oct 14, 2021 4:33:13 PM org.hibernate.tool.hbm2ddl.TableMetadata <init>
INFO: HHH000261: Table found: microcosmos.entidades
oct 14, 2021 4:33:13 PM org.hibernate.tool.hbm2ddl.TableMetadata <init>
INFO: HHH000037: Columns: [identidad, activoentidad, nombreentidad]
oct 14, 2021 4:33:13 PM org.hibernate.tool.hbm2ddl.SchemaValidator validate
INFO: HHH000229: Running schema validator
oct 14, 2021 4:33:13 PM org.hibernate.tool.hbm2ddl.TableMetadata <init>
INFO: HHH000261: Table found: microcosmos.estado
oct 14, 2021 4:33:13 PM org.hibernate.tool.hbm2ddl.SchemaValidator validate
INFO: HHH000102: Fetching database metadata
oct 14, 2021 4:33:13 PM org.hibernate.tool.hbm2ddl.TableMetadata <init>
INFO: HHH000037: Columns: [nombreestado, activoestado, identidad, descripcionestado, idestado]
oct 14, 2021 4:33:13 PM org.hibernate.tool.hbm2ddl.TableMetadata <init>
INFO: HHH000261: Table found: microcosmos.arealaboral
oct 14, 2021 4:33:13 PM org.hibernate.tool.hbm2ddl.TableMetadata <init>
INFO: HHH000261: Table found: microcosmos.facturasdevueltas
oct 14, 2021 4:33:13 PM org.hibernate.tool.hbm2ddl.TableMetadata <init>
INFO: HHH000037: Columns: [idventa, descripcion, fechadevolucion, idempleados, idfacturadevuelta]
oct 14, 2021 4:33:13 PM org.hibernate.tool.hbm2ddl.TableMetadata <init>
INFO: HHH000037: Columns: [idarealaboral, descripcionarealaboral, nombrearealaboral, activoarealaboral]
oct 14, 2021 4:33:13 PM org.hibernate.tool.hbm2ddl.TableMetadata <init>
INFO: HHH000261: Table found: microcosmos.parametros
oct 14, 2021 4:33:13 PM org.hibernate.tool.hbm2ddl.TableMetadata <init>
INFO: HHH000261: Table found: microcosmos.arealaboralhistorica
oct 14, 2021 4:33:13 PM org.hibernate.tool.hbm2ddl.TableMetadata <init>
INFO: HHH000037: Columns: [idempleados, fechaconclusion, fechacomienzo, idarealaboralhistorica]
oct 14, 2021 4:33:13 PM org.hibernate.tool.hbm2ddl.TableMetadata <init>
INFO: HHH000037: Columns: [facturainicial, fechaemision, facturafinal, activoparametros, fechacaducidad, cai, idparametros]
oct 14, 2021 4:33:13 PM org.hibernate.tool.hbm2ddl.TableMetadata <init>
INFO: HHH000261: Table found: microcosmos.pedidosdevueltos
oct 14, 2021 4:33:13 PM org.hibernate.tool.hbm2ddl.TableMetadata <init>
INFO: HHH000261: Table found: microcosmos.articulo
oct 14, 2021 4:33:13 PM org.hibernate.tool.hbm2ddl.TableMetadata <init>
INFO: HHH000037: Columns: [idsecciontienda, stockmaximo, activoarticulo, nombrearticulo, stockminimo, precioarticulo, idtalla, stock, descripcionarticulo, idarticulo]
oct 14, 2021 4:33:13 PM org.hibernate.tool.hbm2ddl.TableMetadata <init>
INFO: HHH000037: Columns: [idcompra, descripcion, idempleados, idpedidosdevueltos, fechaanulacion]
oct 14, 2021 4:33:13 PM org.hibernate.tool.hbm2ddl.TableMetadata <init>
INFO: HHH000261: Table found: microcosmos.preciohistorico
oct 14, 2021 4:33:13 PM org.hibernate.tool.hbm2ddl.TableMetadata <init>
INFO: HHH000261: Table found: microcosmos.clientes
oct 14, 2021 4:33:13 PM org.hibernate.tool.hbm2ddl.TableMetadata <init>
INFO: HHH000037: Columns: [telefonocliente, direccioncliente, idtipodocumento, idsexo, documento, activocliente, idcliente, nombrecliente, apellidocliente, correocliente]
oct 14, 2021 4:33:13 PM org.hibernate.tool.hbm2ddl.TableMetadata <init>
INFO: HHH000037: Columns: [precio, idpreciohistorico, fechainicial, fechafinal, idarticulo, activopreciohistorico]
oct 14, 2021 4:33:13 PM org.hibernate.tool.hbm2ddl.TableMetadata <init>
INFO: HHH000261: Table found: microcosmos.proveedores
oct 14, 2021 4:33:13 PM org.hibernate.tool.hbm2ddl.TableMetadata <init>
INFO: HHH000261: Table found: microcosmos.compra
oct 14, 2021 4:33:13 PM org.hibernate.tool.hbm2ddl.TableMetadata <init>
INFO: HHH000037: Columns: [idproveedor, activoproveedor, idtipodocumento, nombreproveedor, correoproveedor, telefonoproveedor, documento, ubicacionproveedor]
oct 14, 2021 4:33:13 PM org.hibernate.tool.hbm2ddl.TableMetadata <init>
INFO: HHH000037: Columns: [idcompra, fechapedido, idproveedor, idempleados, fecharecibido, totalcompra, idestado]
oct 14, 2021 4:33:13 PM org.hibernate.tool.hbm2ddl.TableMetadata <init>
INFO: HHH000261: Table found: microcosmos.secciontienda
oct 14, 2021 4:33:13 PM org.hibernate.tool.hbm2ddl.TableMetadata <init>
INFO: HHH000261: Table found: microcosmos.detallecompra
oct 14, 2021 4:33:13 PM org.hibernate.tool.hbm2ddl.TableMetadata <init>
INFO: HHH000037: Columns: [idsecciontienda, descripcionsecciontienda, nombresecciontienda, activosecciontienda]
oct 14, 2021 4:33:13 PM org.hibernate.tool.hbm2ddl.TableMetadata <init>
INFO: HHH000037: Columns: [idcompra, iddetallecompra, preciocompra, cantidad, idarticulo]
oct 14, 2021 4:33:13 PM org.hibernate.tool.hbm2ddl.TableMetadata <init>
INFO: HHH000261: Table found: microcosmos.sexo
oct 14, 2021 4:33:13 PM org.hibernate.tool.hbm2ddl.TableMetadata <init>
INFO: HHH000261: Table found: microcosmos.detalleventa
oct 14, 2021 4:33:13 PM org.hibernate.tool.hbm2ddl.TableMetadata <init>
INFO: HHH000037: Columns: [idventa, iddetalleventa, cantidad, idarticulo]
oct 14, 2021 4:33:13 PM org.hibernate.tool.hbm2ddl.TableMetadata <init>
INFO: HHH000037: Columns: [idsexo, nombresexo, descripcionsexo]
oct 14, 2021 4:33:13 PM org.hibernate.tool.hbm2ddl.TableMetadata <init>
INFO: HHH000261: Table found: microcosmos.talla
oct 14, 2021 4:33:13 PM org.hibernate.tool.hbm2ddl.TableMetadata <init>
INFO: HHH000261: Table found: microcosmos.empleados
oct 14, 2021 4:33:13 PM org.hibernate.tool.hbm2ddl.TableMetadata <init>
INFO: HHH000037: Columns: [idempleados, idarealaboral, idtipodocumento, idsexo, telefonoempleado, documento, nombreempleado, correoempleado, apellidoempleado, fechadenacimiento, activoempleado]
oct 14, 2021 4:33:13 PM org.hibernate.tool.hbm2ddl.TableMetadata <init>
INFO: HHH000037: Columns: [activotalla, nombretalla, descripciontalla, idtalla]
oct 14, 2021 4:33:13 PM org.hibernate.tool.hbm2ddl.TableMetadata <init>
INFO: HHH000261: Table found: microcosmos.entidades
oct 14, 2021 4:33:13 PM org.hibernate.tool.hbm2ddl.TableMetadata <init>
INFO: HHH000261: Table found: microcosmos.tipodepago
oct 14, 2021 4:33:13 PM org.hibernate.tool.hbm2ddl.TableMetadata <init>
INFO: HHH000037: Columns: [identidad, activoentidad, nombreentidad]
oct 14, 2021 4:33:13 PM org.hibernate.tool.hbm2ddl.TableMetadata <init>
INFO: HHH000037: Columns: [descripciontipodepago, nombretipodepago, idtipodepago, activotipodepago]
oct 14, 2021 4:33:13 PM org.hibernate.tool.hbm2ddl.TableMetadata <init>
INFO: HHH000261: Table found: microcosmos.estado
oct 14, 2021 4:33:13 PM org.hibernate.tool.hbm2ddl.TableMetadata <init>
INFO: HHH000261: Table found: microcosmos.tipodocumento
oct 14, 2021 4:33:13 PM org.hibernate.tool.hbm2ddl.TableMetadata <init>
INFO: HHH000037: Columns: [nombretipodocumento, descripciontipodocumento, activotipodocumento, idtipodocumento]
oct 14, 2021 4:33:13 PM org.hibernate.tool.hbm2ddl.TableMetadata <init>
INFO: HHH000037: Columns: [nombreestado, activoestado, identidad, descripcionestado, idestado]
oct 14, 2021 4:33:13 PM org.hibernate.tool.hbm2ddl.TableMetadata <init>
INFO: HHH000261: Table found: microcosmos.facturasdevueltas
oct 14, 2021 4:33:13 PM org.hibernate.tool.hbm2ddl.TableMetadata <init>
INFO: HHH000037: Columns: [idventa, descripcion, fechadevolucion, idempleados, idfacturadevuelta]
oct 14, 2021 4:33:13 PM org.hibernate.tool.hbm2ddl.TableMetadata <init>
INFO: HHH000261: Table found: microcosmos.usuarios
oct 14, 2021 4:33:13 PM org.hibernate.tool.hbm2ddl.TableMetadata <init>
INFO: HHH000037: Columns: [nombreusuario, idempleados, numerodeintentos, activousuario, admin, contrasena, idusuario]
oct 14, 2021 4:33:13 PM org.hibernate.tool.hbm2ddl.TableMetadata <init>
INFO: HHH000261: Table found: microcosmos.parametros
oct 14, 2021 4:33:13 PM org.hibernate.tool.hbm2ddl.TableMetadata <init>
INFO: HHH000037: Columns: [facturainicial, fechaemision, facturafinal, activoparametros, fechacaducidad, cai, idparametros]
oct 14, 2021 4:33:13 PM org.hibernate.tool.hbm2ddl.TableMetadata <init>
INFO: HHH000261: Table found: microcosmos.venta
oct 14, 2021 4:33:13 PM org.hibernate.tool.hbm2ddl.TableMetadata <init>
INFO: HHH000037: Columns: [numtarjeta, idtipodepago, formato, montoefectivo, idcliente, idestado, idventa, total, idempleados, impuesto, subtotal, montotarjeta, fechaventa, idparametros]
oct 14, 2021 4:33:13 PM org.hibernate.jpa.internal.EntityManagerFactoryRegistry addEntityManagerFactory
WARN: HHH000436: Entity manager factory name (DB) is already registered.  If entity manager will be clustered or passivated, specify a unique value for property 'hibernate.ejb.entitymanager_factory_name'
oct 14, 2021 4:33:13 PM org.hibernate.tool.hbm2ddl.TableMetadata <init>
INFO: HHH000261: Table found: microcosmos.pedidosdevueltos
oct 14, 2021 4:33:13 PM org.hibernate.tool.hbm2ddl.TableMetadata <init>
INFO: HHH000037: Columns: [idcompra, descripcion, idempleados, idpedidosdevueltos, fechaanulacion]
oct 14, 2021 4:33:13 PM org.hibernate.tool.hbm2ddl.TableMetadata <init>
INFO: HHH000261: Table found: microcosmos.preciohistorico
oct 14, 2021 4:33:13 PM org.hibernate.tool.hbm2ddl.TableMetadata <init>
INFO: HHH000037: Columns: [precio, idpreciohistorico, fechainicial, fechafinal, idarticulo, activopreciohistorico]
oct 14, 2021 4:33:13 PM org.hibernate.tool.hbm2ddl.TableMetadata <init>
INFO: HHH000261: Table found: microcosmos.proveedores
oct 14, 2021 4:33:13 PM org.hibernate.tool.hbm2ddl.TableMetadata <init>
INFO: HHH000037: Columns: [idproveedor, activoproveedor, idtipodocumento, nombreproveedor, correoproveedor, telefonoproveedor, documento, ubicacionproveedor]
oct 14, 2021 4:33:13 PM org.hibernate.tool.hbm2ddl.TableMetadata <init>
INFO: HHH000261: Table found: microcosmos.secciontienda
oct 14, 2021 4:33:13 PM org.hibernate.tool.hbm2ddl.TableMetadata <init>
INFO: HHH000037: Columns: [idsecciontienda, descripcionsecciontienda, nombresecciontienda, activosecciontienda]
oct 14, 2021 4:33:13 PM org.hibernate.tool.hbm2ddl.TableMetadata <init>
INFO: HHH000261: Table found: microcosmos.sexo
oct 14, 2021 4:33:13 PM org.hibernate.tool.hbm2ddl.TableMetadata <init>
INFO: HHH000037: Columns: [idsexo, nombresexo, descripcionsexo]
oct 14, 2021 4:33:13 PM org.hibernate.tool.hbm2ddl.TableMetadata <init>
INFO: HHH000261: Table found: microcosmos.talla
oct 14, 2021 4:33:13 PM org.hibernate.tool.hbm2ddl.TableMetadata <init>
INFO: HHH000037: Columns: [activotalla, nombretalla, descripciontalla, idtalla]
oct 14, 2021 4:33:13 PM org.hibernate.tool.hbm2ddl.TableMetadata <init>
INFO: HHH000261: Table found: microcosmos.tipodepago
oct 14, 2021 4:33:13 PM org.hibernate.tool.hbm2ddl.TableMetadata <init>
INFO: HHH000037: Columns: [descripciontipodepago, nombretipodepago, idtipodepago, activotipodepago]
oct 14, 2021 4:33:14 PM org.hibernate.tool.hbm2ddl.TableMetadata <init>
INFO: HHH000261: Table found: microcosmos.tipodocumento
oct 14, 2021 4:33:14 PM org.hibernate.tool.hbm2ddl.TableMetadata <init>
INFO: HHH000037: Columns: [nombretipodocumento, descripciontipodocumento, activotipodocumento, idtipodocumento]
oct 14, 2021 4:33:14 PM org.hibernate.tool.hbm2ddl.TableMetadata <init>
INFO: HHH000261: Table found: microcosmos.usuarios
oct 14, 2021 4:33:14 PM org.hibernate.tool.hbm2ddl.TableMetadata <init>
INFO: HHH000037: Columns: [nombreusuario, idempleados, numerodeintentos, activousuario, admin, contrasena, idusuario]
oct 14, 2021 4:33:14 PM org.hibernate.tool.hbm2ddl.TableMetadata <init>
INFO: HHH000261: Table found: microcosmos.venta
oct 14, 2021 4:33:14 PM org.hibernate.tool.hbm2ddl.TableMetadata <init>
INFO: HHH000037: Columns: [numtarjeta, idtipodepago, formato, montoefectivo, idcliente, idestado, idventa, total, idempleados, impuesto, subtotal, montotarjeta, fechaventa, idparametros]
oct 14, 2021 4:33:14 PM org.hibernate.jpa.internal.EntityManagerFactoryRegistry addEntityManagerFactory
WARN: HHH000436: Entity manager factory name (DB) is already registered.  If entity manager will be clustered or passivated, specify a unique value for property 'hibernate.ejb.entitymanager_factory_name'
oct 14, 2021 4:33:14 PM org.hibernate.ejb.HibernatePersistence logDeprecation
WARN: HHH015016: Encountered a deprecated javax.persistence.spi.PersistenceProvider [org.hibernate.ejb.HibernatePersistence]; use [org.hibernate.jpa.HibernatePersistenceProvider] instead.
oct 14, 2021 4:33:14 PM org.hibernate.ejb.HibernatePersistence logDeprecation
WARN: HHH015016: Encountered a deprecated javax.persistence.spi.PersistenceProvider [org.hibernate.ejb.HibernatePersistence]; use [org.hibernate.jpa.HibernatePersistenceProvider] instead.
oct 14, 2021 4:33:14 PM org.hibernate.ejb.HibernatePersistence logDeprecation
WARN: HHH015016: Encountered a deprecated javax.persistence.spi.PersistenceProvider [org.hibernate.ejb.HibernatePersistence]; use [org.hibernate.jpa.HibernatePersistenceProvider] instead.
oct 14, 2021 4:33:14 PM org.hibernate.jpa.internal.util.LogHelper logPersistenceUnitInformation
INFO: HHH000204: Processing PersistenceUnitInfo [
	name: DB
	...]
oct 14, 2021 4:33:14 PM org.hibernate.ejb.HibernatePersistence logDeprecation
WARN: HHH015016: Encountered a deprecated javax.persistence.spi.PersistenceProvider [org.hibernate.ejb.HibernatePersistence]; use [org.hibernate.jpa.HibernatePersistenceProvider] instead.
oct 14, 2021 4:33:14 PM org.hibernate.ejb.HibernatePersistence logDeprecation
WARN: HHH015016: Encountered a deprecated javax.persistence.spi.PersistenceProvider [org.hibernate.ejb.HibernatePersistence]; use [org.hibernate.jpa.HibernatePersistenceProvider] instead.
oct 14, 2021 4:33:14 PM org.hibernate.ejb.HibernatePersistence logDeprecation
WARN: HHH015016: Encountered a deprecated javax.persistence.spi.PersistenceProvider [org.hibernate.ejb.HibernatePersistence]; use [org.hibernate.jpa.HibernatePersistenceProvider] instead.
oct 14, 2021 4:33:14 PM org.hibernate.jpa.internal.util.LogHelper logPersistenceUnitInformation
INFO: HHH000204: Processing PersistenceUnitInfo [
	name: DB
	...]
oct 14, 2021 4:33:14 PM org.hibernate.engine.jdbc.connections.internal.DriverManagerConnectionProviderImpl configure
WARN: HHH000402: Using Hibernate built-in connection pool (not for production use!)
oct 14, 2021 4:33:14 PM org.hibernate.engine.jdbc.connections.internal.DriverManagerConnectionProviderImpl buildCreator
INFO: HHH000401: using driver [com.mysql.jdbc.Driver] at URL [jdbc:mysql://localhost:3306/Microcosmos?zeroDateTimeBehavior=convertToNull]
oct 14, 2021 4:33:14 PM org.hibernate.engine.jdbc.connections.internal.DriverManagerConnectionProviderImpl buildCreator
INFO: HHH000046: Connection properties: {user=root, password=****}
oct 14, 2021 4:33:14 PM org.hibernate.engine.jdbc.connections.internal.DriverManagerConnectionProviderImpl buildCreator
INFO: HHH000006: Autocommit mode: false
oct 14, 2021 4:33:14 PM org.hibernate.engine.jdbc.connections.internal.DriverManagerConnectionProviderImpl configure
INFO: HHH000115: Hibernate connection pool size: 20 (min=1)
oct 14, 2021 4:33:14 PM org.hibernate.dialect.Dialect <init>
INFO: HHH000400: Using dialect: org.hibernate.dialect.MySQLDialect
oct 14, 2021 4:33:14 PM org.hibernate.hql.internal.ast.ASTQueryTranslatorFactory <init>
INFO: HHH000397: Using ASTQueryTranslatorFactory
oct 14, 2021 4:33:14 PM org.hibernate.engine.jdbc.connections.internal.DriverManagerConnectionProviderImpl configure
WARN: HHH000402: Using Hibernate built-in connection pool (not for production use!)
oct 14, 2021 4:33:14 PM org.hibernate.engine.jdbc.connections.internal.DriverManagerConnectionProviderImpl buildCreator
INFO: HHH000401: using driver [com.mysql.jdbc.Driver] at URL [jdbc:mysql://localhost:3306/Microcosmos?zeroDateTimeBehavior=convertToNull]
oct 14, 2021 4:33:14 PM org.hibernate.engine.jdbc.connections.internal.DriverManagerConnectionProviderImpl buildCreator
INFO: HHH000046: Connection properties: {user=root, password=****}
oct 14, 2021 4:33:14 PM org.hibernate.engine.jdbc.connections.internal.DriverManagerConnectionProviderImpl buildCreator
INFO: HHH000006: Autocommit mode: false
oct 14, 2021 4:33:14 PM org.hibernate.engine.jdbc.connections.internal.DriverManagerConnectionProviderImpl configure
INFO: HHH000115: Hibernate connection pool size: 20 (min=1)
oct 14, 2021 4:33:14 PM org.hibernate.tool.hbm2ddl.SchemaValidator validate
INFO: HHH000229: Running schema validator
oct 14, 2021 4:33:14 PM org.hibernate.tool.hbm2ddl.SchemaValidator validate
INFO: HHH000102: Fetching database metadata
oct 14, 2021 4:33:14 PM org.hibernate.tool.hbm2ddl.TableMetadata <init>
INFO: HHH000261: Table found: microcosmos.arealaboral
oct 14, 2021 4:33:14 PM org.hibernate.tool.hbm2ddl.TableMetadata <init>
INFO: HHH000037: Columns: [idarealaboral, descripcionarealaboral, nombrearealaboral, activoarealaboral]
oct 14, 2021 4:33:14 PM org.hibernate.dialect.Dialect <init>
INFO: HHH000400: Using dialect: org.hibernate.dialect.MySQLDialect
oct 14, 2021 4:33:14 PM org.hibernate.tool.hbm2ddl.TableMetadata <init>
INFO: HHH000261: Table found: microcosmos.arealaboralhistorica
oct 14, 2021 4:33:14 PM org.hibernate.tool.hbm2ddl.TableMetadata <init>
INFO: HHH000037: Columns: [idempleados, fechaconclusion, fechacomienzo, idarealaboralhistorica]
oct 14, 2021 4:33:14 PM org.hibernate.hql.internal.ast.ASTQueryTranslatorFactory <init>
INFO: HHH000397: Using ASTQueryTranslatorFactory
oct 14, 2021 4:33:14 PM org.hibernate.tool.hbm2ddl.TableMetadata <init>
INFO: HHH000261: Table found: microcosmos.articulo
oct 14, 2021 4:33:14 PM org.hibernate.tool.hbm2ddl.TableMetadata <init>
INFO: HHH000037: Columns: [idsecciontienda, stockmaximo, activoarticulo, nombrearticulo, stockminimo, precioarticulo, idtalla, stock, descripcionarticulo, idarticulo]
oct 14, 2021 4:33:14 PM org.hibernate.tool.hbm2ddl.TableMetadata <init>
INFO: HHH000261: Table found: microcosmos.clientes
oct 14, 2021 4:33:14 PM org.hibernate.tool.hbm2ddl.TableMetadata <init>
INFO: HHH000037: Columns: [telefonocliente, direccioncliente, idtipodocumento, idsexo, documento, activocliente, idcliente, nombrecliente, apellidocliente, correocliente]
oct 14, 2021 4:33:14 PM org.hibernate.tool.hbm2ddl.SchemaValidator validate
INFO: HHH000229: Running schema validator
oct 14, 2021 4:33:14 PM org.hibernate.tool.hbm2ddl.SchemaValidator validate
INFO: HHH000102: Fetching database metadata
oct 14, 2021 4:33:14 PM org.hibernate.tool.hbm2ddl.TableMetadata <init>
INFO: HHH000261: Table found: microcosmos.compra
oct 14, 2021 4:33:14 PM org.hibernate.tool.hbm2ddl.TableMetadata <init>
INFO: HHH000037: Columns: [idcompra, fechapedido, idproveedor, idempleados, fecharecibido, totalcompra, idestado]
oct 14, 2021 4:33:14 PM org.hibernate.tool.hbm2ddl.TableMetadata <init>
INFO: HHH000261: Table found: microcosmos.arealaboral
oct 14, 2021 4:33:14 PM org.hibernate.tool.hbm2ddl.TableMetadata <init>
INFO: HHH000037: Columns: [idarealaboral, descripcionarealaboral, nombrearealaboral, activoarealaboral]
oct 14, 2021 4:33:14 PM org.hibernate.tool.hbm2ddl.TableMetadata <init>
INFO: HHH000261: Table found: microcosmos.detallecompra
oct 14, 2021 4:33:14 PM org.hibernate.tool.hbm2ddl.TableMetadata <init>
INFO: HHH000037: Columns: [idcompra, iddetallecompra, preciocompra, cantidad, idarticulo]
oct 14, 2021 4:33:14 PM org.hibernate.tool.hbm2ddl.TableMetadata <init>
INFO: HHH000261: Table found: microcosmos.arealaboralhistorica
oct 14, 2021 4:33:14 PM org.hibernate.tool.hbm2ddl.TableMetadata <init>
INFO: HHH000037: Columns: [idempleados, fechaconclusion, fechacomienzo, idarealaboralhistorica]
oct 14, 2021 4:33:14 PM org.hibernate.tool.hbm2ddl.TableMetadata <init>
INFO: HHH000261: Table found: microcosmos.detalleventa
oct 14, 2021 4:33:14 PM org.hibernate.tool.hbm2ddl.TableMetadata <init>
INFO: HHH000037: Columns: [idventa, iddetalleventa, cantidad, idarticulo]
oct 14, 2021 4:33:14 PM org.hibernate.tool.hbm2ddl.TableMetadata <init>
INFO: HHH000261: Table found: microcosmos.articulo
oct 14, 2021 4:33:14 PM org.hibernate.tool.hbm2ddl.TableMetadata <init>
INFO: HHH000037: Columns: [idsecciontienda, stockmaximo, activoarticulo, nombrearticulo, stockminimo, precioarticulo, idtalla, stock, descripcionarticulo, idarticulo]
oct 14, 2021 4:33:14 PM org.hibernate.tool.hbm2ddl.TableMetadata <init>
INFO: HHH000261: Table found: microcosmos.empleados
oct 14, 2021 4:33:14 PM org.hibernate.tool.hbm2ddl.TableMetadata <init>
INFO: HHH000037: Columns: [idempleados, idarealaboral, idtipodocumento, idsexo, telefonoempleado, documento, nombreempleado, correoempleado, apellidoempleado, fechadenacimiento, activoempleado]
oct 14, 2021 4:33:14 PM org.hibernate.tool.hbm2ddl.TableMetadata <init>
INFO: HHH000261: Table found: microcosmos.clientes
oct 14, 2021 4:33:14 PM org.hibernate.tool.hbm2ddl.TableMetadata <init>
INFO: HHH000037: Columns: [telefonocliente, direccioncliente, idtipodocumento, idsexo, documento, activocliente, idcliente, nombrecliente, apellidocliente, correocliente]
oct 14, 2021 4:33:14 PM org.hibernate.tool.hbm2ddl.TableMetadata <init>
INFO: HHH000261: Table found: microcosmos.entidades
oct 14, 2021 4:33:14 PM org.hibernate.tool.hbm2ddl.TableMetadata <init>
INFO: HHH000037: Columns: [identidad, activoentidad, nombreentidad]
oct 14, 2021 4:33:14 PM org.hibernate.tool.hbm2ddl.TableMetadata <init>
INFO: HHH000261: Table found: microcosmos.compra
oct 14, 2021 4:33:14 PM org.hibernate.tool.hbm2ddl.TableMetadata <init>
INFO: HHH000037: Columns: [idcompra, fechapedido, idproveedor, idempleados, fecharecibido, totalcompra, idestado]
oct 14, 2021 4:33:14 PM org.hibernate.tool.hbm2ddl.TableMetadata <init>
INFO: HHH000261: Table found: microcosmos.estado
oct 14, 2021 4:33:14 PM org.hibernate.tool.hbm2ddl.TableMetadata <init>
INFO: HHH000037: Columns: [nombreestado, activoestado, identidad, descripcionestado, idestado]
oct 14, 2021 4:33:14 PM org.hibernate.tool.hbm2ddl.TableMetadata <init>
INFO: HHH000261: Table found: microcosmos.detallecompra
oct 14, 2021 4:33:14 PM org.hibernate.tool.hbm2ddl.TableMetadata <init>
INFO: HHH000261: Table found: microcosmos.facturasdevueltas
oct 14, 2021 4:33:14 PM org.hibernate.tool.hbm2ddl.TableMetadata <init>
INFO: HHH000037: Columns: [idcompra, iddetallecompra, preciocompra, cantidad, idarticulo]
oct 14, 2021 4:33:14 PM org.hibernate.tool.hbm2ddl.TableMetadata <init>
INFO: HHH000037: Columns: [idventa, descripcion, fechadevolucion, idempleados, idfacturadevuelta]
oct 14, 2021 4:33:14 PM org.hibernate.tool.hbm2ddl.TableMetadata <init>
INFO: HHH000261: Table found: microcosmos.parametros
oct 14, 2021 4:33:14 PM org.hibernate.tool.hbm2ddl.TableMetadata <init>
INFO: HHH000261: Table found: microcosmos.detalleventa
oct 14, 2021 4:33:14 PM org.hibernate.tool.hbm2ddl.TableMetadata <init>
INFO: HHH000037: Columns: [facturainicial, fechaemision, facturafinal, activoparametros, fechacaducidad, cai, idparametros]
oct 14, 2021 4:33:14 PM org.hibernate.tool.hbm2ddl.TableMetadata <init>
INFO: HHH000037: Columns: [idventa, iddetalleventa, cantidad, idarticulo]
oct 14, 2021 4:33:14 PM org.hibernate.tool.hbm2ddl.TableMetadata <init>
INFO: HHH000261: Table found: microcosmos.pedidosdevueltos
oct 14, 2021 4:33:14 PM org.hibernate.tool.hbm2ddl.TableMetadata <init>
INFO: HHH000261: Table found: microcosmos.empleados
oct 14, 2021 4:33:14 PM org.hibernate.tool.hbm2ddl.TableMetadata <init>
INFO: HHH000037: Columns: [idcompra, descripcion, idempleados, idpedidosdevueltos, fechaanulacion]
oct 14, 2021 4:33:14 PM org.hibernate.tool.hbm2ddl.TableMetadata <init>
INFO: HHH000037: Columns: [idempleados, idarealaboral, idtipodocumento, idsexo, telefonoempleado, documento, nombreempleado, correoempleado, apellidoempleado, fechadenacimiento, activoempleado]
oct 14, 2021 4:33:14 PM org.hibernate.tool.hbm2ddl.TableMetadata <init>
INFO: HHH000261: Table found: microcosmos.entidades
oct 14, 2021 4:33:14 PM org.hibernate.tool.hbm2ddl.TableMetadata <init>
INFO: HHH000261: Table found: microcosmos.preciohistorico
oct 14, 2021 4:33:14 PM org.hibernate.tool.hbm2ddl.TableMetadata <init>
INFO: HHH000037: Columns: [precio, idpreciohistorico, fechainicial, fechafinal, idarticulo, activopreciohistorico]
oct 14, 2021 4:33:14 PM org.hibernate.tool.hbm2ddl.TableMetadata <init>
INFO: HHH000037: Columns: [identidad, activoentidad, nombreentidad]
oct 14, 2021 4:33:14 PM org.hibernate.tool.hbm2ddl.TableMetadata <init>
INFO: HHH000261: Table found: microcosmos.estado
oct 14, 2021 4:33:14 PM org.hibernate.tool.hbm2ddl.TableMetadata <init>
INFO: HHH000261: Table found: microcosmos.proveedores
oct 14, 2021 4:33:14 PM org.hibernate.tool.hbm2ddl.TableMetadata <init>
INFO: HHH000037: Columns: [nombreestado, activoestado, identidad, descripcionestado, idestado]
oct 14, 2021 4:33:14 PM org.hibernate.tool.hbm2ddl.TableMetadata <init>
INFO: HHH000037: Columns: [idproveedor, activoproveedor, idtipodocumento, nombreproveedor, correoproveedor, telefonoproveedor, documento, ubicacionproveedor]
oct 14, 2021 4:33:14 PM org.hibernate.tool.hbm2ddl.TableMetadata <init>
INFO: HHH000261: Table found: microcosmos.facturasdevueltas
oct 14, 2021 4:33:14 PM org.hibernate.tool.hbm2ddl.TableMetadata <init>
INFO: HHH000037: Columns: [idventa, descripcion, fechadevolucion, idempleados, idfacturadevuelta]
oct 14, 2021 4:33:14 PM org.hibernate.tool.hbm2ddl.TableMetadata <init>
INFO: HHH000261: Table found: microcosmos.secciontienda
oct 14, 2021 4:33:14 PM org.hibernate.tool.hbm2ddl.TableMetadata <init>
INFO: HHH000037: Columns: [idsecciontienda, descripcionsecciontienda, nombresecciontienda, activosecciontienda]
oct 14, 2021 4:33:14 PM org.hibernate.tool.hbm2ddl.TableMetadata <init>
INFO: HHH000261: Table found: microcosmos.sexo
oct 14, 2021 4:33:14 PM org.hibernate.tool.hbm2ddl.TableMetadata <init>
INFO: HHH000261: Table found: microcosmos.parametros
oct 14, 2021 4:33:14 PM org.hibernate.tool.hbm2ddl.TableMetadata <init>
INFO: HHH000037: Columns: [idsexo, nombresexo, descripcionsexo]
oct 14, 2021 4:33:14 PM org.hibernate.tool.hbm2ddl.TableMetadata <init>
INFO: HHH000037: Columns: [facturainicial, fechaemision, facturafinal, activoparametros, fechacaducidad, cai, idparametros]
oct 14, 2021 4:33:14 PM org.hibernate.tool.hbm2ddl.TableMetadata <init>
INFO: HHH000261: Table found: microcosmos.pedidosdevueltos
oct 14, 2021 4:33:14 PM org.hibernate.tool.hbm2ddl.TableMetadata <init>
INFO: HHH000261: Table found: microcosmos.talla
oct 14, 2021 4:33:14 PM org.hibernate.tool.hbm2ddl.TableMetadata <init>
INFO: HHH000037: Columns: [idcompra, descripcion, idempleados, idpedidosdevueltos, fechaanulacion]
oct 14, 2021 4:33:14 PM org.hibernate.tool.hbm2ddl.TableMetadata <init>
INFO: HHH000037: Columns: [activotalla, nombretalla, descripciontalla, idtalla]
oct 14, 2021 4:33:14 PM org.hibernate.tool.hbm2ddl.TableMetadata <init>
INFO: HHH000261: Table found: microcosmos.tipodepago
oct 14, 2021 4:33:14 PM org.hibernate.tool.hbm2ddl.TableMetadata <init>
INFO: HHH000261: Table found: microcosmos.preciohistorico
oct 14, 2021 4:33:14 PM org.hibernate.tool.hbm2ddl.TableMetadata <init>
INFO: HHH000037: Columns: [descripciontipodepago, nombretipodepago, idtipodepago, activotipodepago]
oct 14, 2021 4:33:14 PM org.hibernate.tool.hbm2ddl.TableMetadata <init>
INFO: HHH000037: Columns: [precio, idpreciohistorico, fechainicial, fechafinal, idarticulo, activopreciohistorico]
oct 14, 2021 4:33:14 PM org.hibernate.tool.hbm2ddl.TableMetadata <init>
INFO: HHH000261: Table found: microcosmos.proveedores
oct 14, 2021 4:33:14 PM org.hibernate.tool.hbm2ddl.TableMetadata <init>
INFO: HHH000261: Table found: microcosmos.tipodocumento
oct 14, 2021 4:33:14 PM org.hibernate.tool.hbm2ddl.TableMetadata <init>
INFO: HHH000037: Columns: [idproveedor, activoproveedor, idtipodocumento, nombreproveedor, correoproveedor, telefonoproveedor, documento, ubicacionproveedor]
oct 14, 2021 4:33:14 PM org.hibernate.tool.hbm2ddl.TableMetadata <init>
INFO: HHH000037: Columns: [nombretipodocumento, descripciontipodocumento, activotipodocumento, idtipodocumento]
oct 14, 2021 4:33:14 PM org.hibernate.tool.hbm2ddl.TableMetadata <init>
INFO: HHH000261: Table found: microcosmos.secciontienda
oct 14, 2021 4:33:14 PM org.hibernate.tool.hbm2ddl.TableMetadata <init>
INFO: HHH000261: Table found: microcosmos.usuarios
oct 14, 2021 4:33:14 PM org.hibernate.tool.hbm2ddl.TableMetadata <init>
INFO: HHH000037: Columns: [idsecciontienda, descripcionsecciontienda, nombresecciontienda, activosecciontienda]
oct 14, 2021 4:33:14 PM org.hibernate.tool.hbm2ddl.TableMetadata <init>
INFO: HHH000037: Columns: [nombreusuario, idempleados, numerodeintentos, activousuario, admin, contrasena, idusuario]
oct 14, 2021 4:33:14 PM org.hibernate.tool.hbm2ddl.TableMetadata <init>
INFO: HHH000261: Table found: microcosmos.sexo
oct 14, 2021 4:33:14 PM org.hibernate.tool.hbm2ddl.TableMetadata <init>
INFO: HHH000261: Table found: microcosmos.venta
oct 14, 2021 4:33:14 PM org.hibernate.tool.hbm2ddl.TableMetadata <init>
INFO: HHH000037: Columns: [idsexo, nombresexo, descripcionsexo]
oct 14, 2021 4:33:14 PM org.hibernate.tool.hbm2ddl.TableMetadata <init>
INFO: HHH000037: Columns: [numtarjeta, idtipodepago, formato, montoefectivo, idcliente, idestado, idventa, total, idempleados, impuesto, subtotal, montotarjeta, fechaventa, idparametros]
oct 14, 2021 4:33:14 PM org.hibernate.jpa.internal.EntityManagerFactoryRegistry addEntityManagerFactory
WARN: HHH000436: Entity manager factory name (DB) is already registered.  If entity manager will be clustered or passivated, specify a unique value for property 'hibernate.ejb.entitymanager_factory_name'
oct 14, 2021 4:33:14 PM org.hibernate.ejb.HibernatePersistence logDeprecation
WARN: HHH015016: Encountered a deprecated javax.persistence.spi.PersistenceProvider [org.hibernate.ejb.HibernatePersistence]; use [org.hibernate.jpa.HibernatePersistenceProvider] instead.
oct 14, 2021 4:33:14 PM org.hibernate.ejb.HibernatePersistence logDeprecation
WARN: HHH015016: Encountered a deprecated javax.persistence.spi.PersistenceProvider [org.hibernate.ejb.HibernatePersistence]; use [org.hibernate.jpa.HibernatePersistenceProvider] instead.
oct 14, 2021 4:33:14 PM org.hibernate.ejb.HibernatePersistence logDeprecation
WARN: HHH015016: Encountered a deprecated javax.persistence.spi.PersistenceProvider [org.hibernate.ejb.HibernatePersistence]; use [org.hibernate.jpa.HibernatePersistenceProvider] instead.
oct 14, 2021 4:33:14 PM org.hibernate.tool.hbm2ddl.TableMetadata <init>
INFO: HHH000261: Table found: microcosmos.talla
oct 14, 2021 4:33:14 PM org.hibernate.tool.hbm2ddl.TableMetadata <init>
INFO: HHH000037: Columns: [activotalla, nombretalla, descripciontalla, idtalla]
oct 14, 2021 4:33:14 PM org.hibernate.tool.hbm2ddl.TableMetadata <init>
INFO: HHH000261: Table found: microcosmos.tipodepago
oct 14, 2021 4:33:14 PM org.hibernate.tool.hbm2ddl.TableMetadata <init>
INFO: HHH000037: Columns: [descripciontipodepago, nombretipodepago, idtipodepago, activotipodepago]
oct 14, 2021 4:33:14 PM org.hibernate.jpa.internal.util.LogHelper logPersistenceUnitInformation
INFO: HHH000204: Processing PersistenceUnitInfo [
	name: DB
	...]
oct 14, 2021 4:33:14 PM org.hibernate.tool.hbm2ddl.TableMetadata <init>
INFO: HHH000261: Table found: microcosmos.tipodocumento
oct 14, 2021 4:33:14 PM org.hibernate.tool.hbm2ddl.TableMetadata <init>
INFO: HHH000037: Columns: [nombretipodocumento, descripciontipodocumento, activotipodocumento, idtipodocumento]
oct 14, 2021 4:33:14 PM org.hibernate.tool.hbm2ddl.TableMetadata <init>
INFO: HHH000261: Table found: microcosmos.usuarios
oct 14, 2021 4:33:14 PM org.hibernate.tool.hbm2ddl.TableMetadata <init>
INFO: HHH000037: Columns: [nombreusuario, idempleados, numerodeintentos, activousuario, admin, contrasena, idusuario]
oct 14, 2021 4:33:14 PM org.hibernate.tool.hbm2ddl.TableMetadata <init>
INFO: HHH000261: Table found: microcosmos.venta
oct 14, 2021 4:33:14 PM org.hibernate.tool.hbm2ddl.TableMetadata <init>
INFO: HHH000037: Columns: [numtarjeta, idtipodepago, formato, montoefectivo, idcliente, idestado, idventa, total, idempleados, impuesto, subtotal, montotarjeta, fechaventa, idparametros]
oct 14, 2021 4:33:14 PM org.hibernate.jpa.internal.EntityManagerFactoryRegistry addEntityManagerFactory
WARN: HHH000436: Entity manager factory name (DB) is already registered.  If entity manager will be clustered or passivated, specify a unique value for property 'hibernate.ejb.entitymanager_factory_name'
oct 14, 2021 4:33:14 PM org.hibernate.ejb.HibernatePersistence logDeprecation
WARN: HHH015016: Encountered a deprecated javax.persistence.spi.PersistenceProvider [org.hibernate.ejb.HibernatePersistence]; use [org.hibernate.jpa.HibernatePersistenceProvider] instead.
oct 14, 2021 4:33:14 PM org.hibernate.ejb.HibernatePersistence logDeprecation
WARN: HHH015016: Encountered a deprecated javax.persistence.spi.PersistenceProvider [org.hibernate.ejb.HibernatePersistence]; use [org.hibernate.jpa.HibernatePersistenceProvider] instead.
oct 14, 2021 4:33:14 PM org.hibernate.ejb.HibernatePersistence logDeprecation
WARN: HHH015016: Encountered a deprecated javax.persistence.spi.PersistenceProvider [org.hibernate.ejb.HibernatePersistence]; use [org.hibernate.jpa.HibernatePersistenceProvider] instead.
oct 14, 2021 4:33:14 PM org.hibernate.jpa.internal.util.LogHelper logPersistenceUnitInformation
INFO: HHH000204: Processing PersistenceUnitInfo [
	name: DB
	...]
oct 14, 2021 4:33:14 PM org.hibernate.engine.jdbc.connections.internal.DriverManagerConnectionProviderImpl configure
WARN: HHH000402: Using Hibernate built-in connection pool (not for production use!)
oct 14, 2021 4:33:14 PM org.hibernate.engine.jdbc.connections.internal.DriverManagerConnectionProviderImpl buildCreator
INFO: HHH000401: using driver [com.mysql.jdbc.Driver] at URL [jdbc:mysql://localhost:3306/Microcosmos?zeroDateTimeBehavior=convertToNull]
oct 14, 2021 4:33:14 PM org.hibernate.engine.jdbc.connections.internal.DriverManagerConnectionProviderImpl buildCreator
INFO: HHH000046: Connection properties: {user=root, password=****}
oct 14, 2021 4:33:14 PM org.hibernate.engine.jdbc.connections.internal.DriverManagerConnectionProviderImpl buildCreator
INFO: HHH000006: Autocommit mode: false
oct 14, 2021 4:33:14 PM org.hibernate.engine.jdbc.connections.internal.DriverManagerConnectionProviderImpl configure
INFO: HHH000115: Hibernate connection pool size: 20 (min=1)
oct 14, 2021 4:33:14 PM org.hibernate.dialect.Dialect <init>
INFO: HHH000400: Using dialect: org.hibernate.dialect.MySQLDialect
oct 14, 2021 4:33:14 PM org.hibernate.hql.internal.ast.ASTQueryTranslatorFactory <init>
INFO: HHH000397: Using ASTQueryTranslatorFactory
oct 14, 2021 4:33:14 PM org.hibernate.engine.jdbc.connections.internal.DriverManagerConnectionProviderImpl configure
WARN: HHH000402: Using Hibernate built-in connection pool (not for production use!)
oct 14, 2021 4:33:14 PM org.hibernate.engine.jdbc.connections.internal.DriverManagerConnectionProviderImpl buildCreator
INFO: HHH000401: using driver [com.mysql.jdbc.Driver] at URL [jdbc:mysql://localhost:3306/Microcosmos?zeroDateTimeBehavior=convertToNull]
oct 14, 2021 4:33:14 PM org.hibernate.engine.jdbc.connections.internal.DriverManagerConnectionProviderImpl buildCreator
INFO: HHH000046: Connection properties: {user=root, password=****}
oct 14, 2021 4:33:14 PM org.hibernate.engine.jdbc.connections.internal.DriverManagerConnectionProviderImpl buildCreator
INFO: HHH000006: Autocommit mode: false
oct 14, 2021 4:33:14 PM org.hibernate.engine.jdbc.connections.internal.DriverManagerConnectionProviderImpl configure
INFO: HHH000115: Hibernate connection pool size: 20 (min=1)
oct 14, 2021 4:33:14 PM org.hibernate.tool.hbm2ddl.SchemaValidator validate
INFO: HHH000229: Running schema validator
oct 14, 2021 4:33:14 PM org.hibernate.tool.hbm2ddl.SchemaValidator validate
INFO: HHH000102: Fetching database metadata
oct 14, 2021 4:33:14 PM org.hibernate.tool.hbm2ddl.TableMetadata <init>
INFO: HHH000261: Table found: microcosmos.arealaboral
oct 14, 2021 4:33:14 PM org.hibernate.tool.hbm2ddl.TableMetadata <init>
INFO: HHH000037: Columns: [idarealaboral, descripcionarealaboral, nombrearealaboral, activoarealaboral]
oct 14, 2021 4:33:14 PM org.hibernate.dialect.Dialect <init>
INFO: HHH000400: Using dialect: org.hibernate.dialect.MySQLDialect
oct 14, 2021 4:33:14 PM org.hibernate.tool.hbm2ddl.TableMetadata <init>
INFO: HHH000261: Table found: microcosmos.arealaboralhistorica
oct 14, 2021 4:33:14 PM org.hibernate.tool.hbm2ddl.TableMetadata <init>
INFO: HHH000037: Columns: [idempleados, fechaconclusion, fechacomienzo, idarealaboralhistorica]
oct 14, 2021 4:33:14 PM org.hibernate.hql.internal.ast.ASTQueryTranslatorFactory <init>
INFO: HHH000397: Using ASTQueryTranslatorFactory
oct 14, 2021 4:33:14 PM org.hibernate.tool.hbm2ddl.TableMetadata <init>
INFO: HHH000261: Table found: microcosmos.articulo
oct 14, 2021 4:33:14 PM org.hibernate.tool.hbm2ddl.TableMetadata <init>
INFO: HHH000037: Columns: [idsecciontienda, stockmaximo, activoarticulo, nombrearticulo, stockminimo, precioarticulo, idtalla, stock, descripcionarticulo, idarticulo]
oct 14, 2021 4:33:14 PM org.hibernate.tool.hbm2ddl.TableMetadata <init>
INFO: HHH000261: Table found: microcosmos.clientes
oct 14, 2021 4:33:14 PM org.hibernate.tool.hbm2ddl.TableMetadata <init>
INFO: HHH000037: Columns: [telefonocliente, direccioncliente, idtipodocumento, idsexo, documento, activocliente, idcliente, nombrecliente, apellidocliente, correocliente]
oct 14, 2021 4:33:14 PM org.hibernate.tool.hbm2ddl.SchemaValidator validate
INFO: HHH000229: Running schema validator
oct 14, 2021 4:33:14 PM org.hibernate.tool.hbm2ddl.SchemaValidator validate
INFO: HHH000102: Fetching database metadata
oct 14, 2021 4:33:14 PM org.hibernate.tool.hbm2ddl.TableMetadata <init>
INFO: HHH000261: Table found: microcosmos.compra
oct 14, 2021 4:33:14 PM org.hibernate.tool.hbm2ddl.TableMetadata <init>
INFO: HHH000037: Columns: [idcompra, fechapedido, idproveedor, idempleados, fecharecibido, totalcompra, idestado]
oct 14, 2021 4:33:14 PM org.hibernate.tool.hbm2ddl.TableMetadata <init>
INFO: HHH000261: Table found: microcosmos.detallecompra
oct 14, 2021 4:33:14 PM org.hibernate.tool.hbm2ddl.TableMetadata <init>
INFO: HHH000037: Columns: [idcompra, iddetallecompra, preciocompra, cantidad, idarticulo]
oct 14, 2021 4:33:14 PM org.hibernate.tool.hbm2ddl.TableMetadata <init>
INFO: HHH000261: Table found: microcosmos.arealaboral
oct 14, 2021 4:33:14 PM org.hibernate.tool.hbm2ddl.TableMetadata <init>
INFO: HHH000037: Columns: [idarealaboral, descripcionarealaboral, nombrearealaboral, activoarealaboral]
oct 14, 2021 4:33:14 PM org.hibernate.tool.hbm2ddl.TableMetadata <init>
INFO: HHH000261: Table found: microcosmos.arealaboralhistorica
oct 14, 2021 4:33:14 PM org.hibernate.tool.hbm2ddl.TableMetadata <init>
INFO: HHH000037: Columns: [idempleados, fechaconclusion, fechacomienzo, idarealaboralhistorica]
oct 14, 2021 4:33:14 PM org.hibernate.tool.hbm2ddl.TableMetadata <init>
INFO: HHH000261: Table found: microcosmos.detalleventa
oct 14, 2021 4:33:14 PM org.hibernate.tool.hbm2ddl.TableMetadata <init>
INFO: HHH000037: Columns: [idventa, iddetalleventa, cantidad, idarticulo]
oct 14, 2021 4:33:14 PM org.hibernate.tool.hbm2ddl.TableMetadata <init>
INFO: HHH000261: Table found: microcosmos.empleados
oct 14, 2021 4:33:14 PM org.hibernate.tool.hbm2ddl.TableMetadata <init>
INFO: HHH000261: Table found: microcosmos.articulo
oct 14, 2021 4:33:14 PM org.hibernate.tool.hbm2ddl.TableMetadata <init>
INFO: HHH000037: Columns: [idsecciontienda, stockmaximo, activoarticulo, nombrearticulo, stockminimo, precioarticulo, idtalla, stock, descripcionarticulo, idarticulo]
oct 14, 2021 4:33:14 PM org.hibernate.tool.hbm2ddl.TableMetadata <init>
INFO: HHH000037: Columns: [idempleados, idarealaboral, idtipodocumento, idsexo, telefonoempleado, documento, nombreempleado, correoempleado, apellidoempleado, fechadenacimiento, activoempleado]
oct 14, 2021 4:33:14 PM org.hibernate.tool.hbm2ddl.TableMetadata <init>
INFO: HHH000261: Table found: microcosmos.entidades
oct 14, 2021 4:33:14 PM org.hibernate.tool.hbm2ddl.TableMetadata <init>
INFO: HHH000037: Columns: [identidad, activoentidad, nombreentidad]
oct 14, 2021 4:33:14 PM org.hibernate.tool.hbm2ddl.TableMetadata <init>
INFO: HHH000261: Table found: microcosmos.clientes
oct 14, 2021 4:33:14 PM org.hibernate.tool.hbm2ddl.TableMetadata <init>
INFO: HHH000037: Columns: [telefonocliente, direccioncliente, idtipodocumento, idsexo, documento, activocliente, idcliente, nombrecliente, apellidocliente, correocliente]
oct 14, 2021 4:33:14 PM org.hibernate.tool.hbm2ddl.TableMetadata <init>
INFO: HHH000261: Table found: microcosmos.estado
oct 14, 2021 4:33:14 PM org.hibernate.tool.hbm2ddl.TableMetadata <init>
INFO: HHH000261: Table found: microcosmos.compra
oct 14, 2021 4:33:14 PM org.hibernate.tool.hbm2ddl.TableMetadata <init>
INFO: HHH000037: Columns: [idcompra, fechapedido, idproveedor, idempleados, fecharecibido, totalcompra, idestado]
oct 14, 2021 4:33:14 PM org.hibernate.tool.hbm2ddl.TableMetadata <init>
INFO: HHH000037: Columns: [nombreestado, activoestado, identidad, descripcionestado, idestado]
oct 14, 2021 4:33:14 PM org.hibernate.tool.hbm2ddl.TableMetadata <init>
INFO: HHH000261: Table found: microcosmos.detallecompra
oct 14, 2021 4:33:14 PM org.hibernate.tool.hbm2ddl.TableMetadata <init>
INFO: HHH000037: Columns: [idcompra, iddetallecompra, preciocompra, cantidad, idarticulo]
oct 14, 2021 4:33:14 PM org.hibernate.tool.hbm2ddl.TableMetadata <init>
INFO: HHH000261: Table found: microcosmos.facturasdevueltas
oct 14, 2021 4:33:14 PM org.hibernate.tool.hbm2ddl.TableMetadata <init>
INFO: HHH000037: Columns: [idventa, descripcion, fechadevolucion, idempleados, idfacturadevuelta]
oct 14, 2021 4:33:14 PM org.hibernate.tool.hbm2ddl.TableMetadata <init>
INFO: HHH000261: Table found: microcosmos.detalleventa
oct 14, 2021 4:33:14 PM org.hibernate.tool.hbm2ddl.TableMetadata <init>
INFO: HHH000037: Columns: [idventa, iddetalleventa, cantidad, idarticulo]
oct 14, 2021 4:33:14 PM org.hibernate.tool.hbm2ddl.TableMetadata <init>
INFO: HHH000261: Table found: microcosmos.parametros
oct 14, 2021 4:33:14 PM org.hibernate.tool.hbm2ddl.TableMetadata <init>
INFO: HHH000037: Columns: [facturainicial, fechaemision, facturafinal, activoparametros, fechacaducidad, cai, idparametros]
oct 14, 2021 4:33:14 PM org.hibernate.tool.hbm2ddl.TableMetadata <init>
INFO: HHH000261: Table found: microcosmos.pedidosdevueltos
oct 14, 2021 4:33:14 PM org.hibernate.tool.hbm2ddl.TableMetadata <init>
INFO: HHH000037: Columns: [idcompra, descripcion, idempleados, idpedidosdevueltos, fechaanulacion]
oct 14, 2021 4:33:14 PM org.hibernate.tool.hbm2ddl.TableMetadata <init>
INFO: HHH000261: Table found: microcosmos.empleados
oct 14, 2021 4:33:14 PM org.hibernate.tool.hbm2ddl.TableMetadata <init>
INFO: HHH000037: Columns: [idempleados, idarealaboral, idtipodocumento, idsexo, telefonoempleado, documento, nombreempleado, correoempleado, apellidoempleado, fechadenacimiento, activoempleado]
oct 14, 2021 4:33:14 PM org.hibernate.tool.hbm2ddl.TableMetadata <init>
INFO: HHH000261: Table found: microcosmos.entidades
oct 14, 2021 4:33:14 PM org.hibernate.tool.hbm2ddl.TableMetadata <init>
INFO: HHH000037: Columns: [identidad, activoentidad, nombreentidad]
oct 14, 2021 4:33:14 PM org.hibernate.tool.hbm2ddl.TableMetadata <init>
INFO: HHH000261: Table found: microcosmos.preciohistorico
oct 14, 2021 4:33:14 PM org.hibernate.tool.hbm2ddl.TableMetadata <init>
INFO: HHH000037: Columns: [precio, idpreciohistorico, fechainicial, fechafinal, idarticulo, activopreciohistorico]
oct 14, 2021 4:33:14 PM org.hibernate.tool.hbm2ddl.TableMetadata <init>
INFO: HHH000261: Table found: microcosmos.estado
oct 14, 2021 4:33:14 PM org.hibernate.tool.hbm2ddl.TableMetadata <init>
INFO: HHH000037: Columns: [nombreestado, activoestado, identidad, descripcionestado, idestado]
oct 14, 2021 4:33:14 PM org.hibernate.tool.hbm2ddl.TableMetadata <init>
INFO: HHH000261: Table found: microcosmos.proveedores
oct 14, 2021 4:33:14 PM org.hibernate.tool.hbm2ddl.TableMetadata <init>
INFO: HHH000037: Columns: [idproveedor, activoproveedor, idtipodocumento, nombreproveedor, correoproveedor, telefonoproveedor, documento, ubicacionproveedor]
oct 14, 2021 4:33:14 PM org.hibernate.tool.hbm2ddl.TableMetadata <init>
INFO: HHH000261: Table found: microcosmos.secciontienda
oct 14, 2021 4:33:14 PM org.hibernate.tool.hbm2ddl.TableMetadata <init>
INFO: HHH000261: Table found: microcosmos.facturasdevueltas
oct 14, 2021 4:33:14 PM org.hibernate.tool.hbm2ddl.TableMetadata <init>
INFO: HHH000037: Columns: [idsecciontienda, descripcionsecciontienda, nombresecciontienda, activosecciontienda]
oct 14, 2021 4:33:14 PM org.hibernate.tool.hbm2ddl.TableMetadata <init>
INFO: HHH000037: Columns: [idventa, descripcion, fechadevolucion, idempleados, idfacturadevuelta]
oct 14, 2021 4:33:14 PM org.hibernate.tool.hbm2ddl.TableMetadata <init>
INFO: HHH000261: Table found: microcosmos.parametros
oct 14, 2021 4:33:14 PM org.hibernate.tool.hbm2ddl.TableMetadata <init>
INFO: HHH000261: Table found: microcosmos.sexo
oct 14, 2021 4:33:14 PM org.hibernate.tool.hbm2ddl.TableMetadata <init>
INFO: HHH000037: Columns: [facturainicial, fechaemision, facturafinal, activoparametros, fechacaducidad, cai, idparametros]
oct 14, 2021 4:33:14 PM org.hibernate.tool.hbm2ddl.TableMetadata <init>
INFO: HHH000037: Columns: [idsexo, nombresexo, descripcionsexo]
oct 14, 2021 4:33:14 PM org.hibernate.tool.hbm2ddl.TableMetadata <init>
INFO: HHH000261: Table found: microcosmos.pedidosdevueltos
oct 14, 2021 4:33:14 PM org.hibernate.tool.hbm2ddl.TableMetadata <init>
INFO: HHH000261: Table found: microcosmos.talla
oct 14, 2021 4:33:14 PM org.hibernate.tool.hbm2ddl.TableMetadata <init>
INFO: HHH000037: Columns: [idcompra, descripcion, idempleados, idpedidosdevueltos, fechaanulacion]
oct 14, 2021 4:33:14 PM org.hibernate.tool.hbm2ddl.TableMetadata <init>
INFO: HHH000037: Columns: [activotalla, nombretalla, descripciontalla, idtalla]
oct 14, 2021 4:33:14 PM org.hibernate.tool.hbm2ddl.TableMetadata <init>
INFO: HHH000261: Table found: microcosmos.tipodepago
oct 14, 2021 4:33:14 PM org.hibernate.tool.hbm2ddl.TableMetadata <init>
INFO: HHH000261: Table found: microcosmos.preciohistorico
oct 14, 2021 4:33:14 PM org.hibernate.tool.hbm2ddl.TableMetadata <init>
INFO: HHH000037: Columns: [descripciontipodepago, nombretipodepago, idtipodepago, activotipodepago]
oct 14, 2021 4:33:14 PM org.hibernate.tool.hbm2ddl.TableMetadata <init>
INFO: HHH000037: Columns: [precio, idpreciohistorico, fechainicial, fechafinal, idarticulo, activopreciohistorico]
oct 14, 2021 4:33:14 PM org.hibernate.tool.hbm2ddl.TableMetadata <init>
INFO: HHH000261: Table found: microcosmos.proveedores
oct 14, 2021 4:33:14 PM org.hibernate.tool.hbm2ddl.TableMetadata <init>
INFO: HHH000261: Table found: microcosmos.tipodocumento
oct 14, 2021 4:33:14 PM org.hibernate.tool.hbm2ddl.TableMetadata <init>
INFO: HHH000037: Columns: [idproveedor, activoproveedor, idtipodocumento, nombreproveedor, correoproveedor, telefonoproveedor, documento, ubicacionproveedor]
oct 14, 2021 4:33:14 PM org.hibernate.tool.hbm2ddl.TableMetadata <init>
INFO: HHH000037: Columns: [nombretipodocumento, descripciontipodocumento, activotipodocumento, idtipodocumento]
oct 14, 2021 4:33:14 PM org.hibernate.tool.hbm2ddl.TableMetadata <init>
INFO: HHH000261: Table found: microcosmos.secciontienda
oct 14, 2021 4:33:14 PM org.hibernate.tool.hbm2ddl.TableMetadata <init>
INFO: HHH000261: Table found: microcosmos.usuarios
oct 14, 2021 4:33:14 PM org.hibernate.tool.hbm2ddl.TableMetadata <init>
INFO: HHH000037: Columns: [idsecciontienda, descripcionsecciontienda, nombresecciontienda, activosecciontienda]
oct 14, 2021 4:33:14 PM org.hibernate.tool.hbm2ddl.TableMetadata <init>
INFO: HHH000037: Columns: [nombreusuario, idempleados, numerodeintentos, activousuario, admin, contrasena, idusuario]
oct 14, 2021 4:33:14 PM org.hibernate.tool.hbm2ddl.TableMetadata <init>
INFO: HHH000261: Table found: microcosmos.venta
oct 14, 2021 4:33:14 PM org.hibernate.tool.hbm2ddl.TableMetadata <init>
INFO: HHH000261: Table found: microcosmos.sexo
oct 14, 2021 4:33:14 PM org.hibernate.tool.hbm2ddl.TableMetadata <init>
INFO: HHH000037: Columns: [numtarjeta, idtipodepago, formato, montoefectivo, idcliente, idestado, idventa, total, idempleados, impuesto, subtotal, montotarjeta, fechaventa, idparametros]
oct 14, 2021 4:33:14 PM org.hibernate.tool.hbm2ddl.TableMetadata <init>
INFO: HHH000037: Columns: [idsexo, nombresexo, descripcionsexo]
oct 14, 2021 4:33:14 PM org.hibernate.jpa.internal.EntityManagerFactoryRegistry addEntityManagerFactory
WARN: HHH000436: Entity manager factory name (DB) is already registered.  If entity manager will be clustered or passivated, specify a unique value for property 'hibernate.ejb.entitymanager_factory_name'
oct 14, 2021 4:33:14 PM org.hibernate.tool.hbm2ddl.TableMetadata <init>
INFO: HHH000261: Table found: microcosmos.talla
oct 14, 2021 4:33:14 PM org.hibernate.tool.hbm2ddl.TableMetadata <init>
INFO: HHH000037: Columns: [activotalla, nombretalla, descripciontalla, idtalla]
oct 14, 2021 4:33:14 PM org.hibernate.tool.hbm2ddl.TableMetadata <init>
INFO: HHH000261: Table found: microcosmos.tipodepago
oct 14, 2021 4:33:14 PM org.hibernate.tool.hbm2ddl.TableMetadata <init>
INFO: HHH000037: Columns: [descripciontipodepago, nombretipodepago, idtipodepago, activotipodepago]
oct 14, 2021 4:33:14 PM org.hibernate.tool.hbm2ddl.TableMetadata <init>
INFO: HHH000261: Table found: microcosmos.tipodocumento
oct 14, 2021 4:33:14 PM org.hibernate.tool.hbm2ddl.TableMetadata <init>
INFO: HHH000037: Columns: [nombretipodocumento, descripciontipodocumento, activotipodocumento, idtipodocumento]
oct 14, 2021 4:33:14 PM org.hibernate.tool.hbm2ddl.TableMetadata <init>
INFO: HHH000261: Table found: microcosmos.usuarios
oct 14, 2021 4:33:14 PM org.hibernate.tool.hbm2ddl.TableMetadata <init>
INFO: HHH000037: Columns: [nombreusuario, idempleados, numerodeintentos, activousuario, admin, contrasena, idusuario]
oct 14, 2021 4:33:14 PM org.hibernate.tool.hbm2ddl.TableMetadata <init>
INFO: HHH000261: Table found: microcosmos.venta
oct 14, 2021 4:33:14 PM org.hibernate.tool.hbm2ddl.TableMetadata <init>
INFO: HHH000037: Columns: [numtarjeta, idtipodepago, formato, montoefectivo, idcliente, idestado, idventa, total, idempleados, impuesto, subtotal, montotarjeta, fechaventa, idparametros]
oct 14, 2021 4:33:14 PM org.hibernate.jpa.internal.EntityManagerFactoryRegistry addEntityManagerFactory
WARN: HHH000436: Entity manager factory name (DB) is already registered.  If entity manager will be clustered or passivated, specify a unique value for property 'hibernate.ejb.entitymanager_factory_name'
oct 14, 2021 4:33:14 PM org.hibernate.ejb.HibernatePersistence logDeprecation
WARN: HHH015016: Encountered a deprecated javax.persistence.spi.PersistenceProvider [org.hibernate.ejb.HibernatePersistence]; use [org.hibernate.jpa.HibernatePersistenceProvider] instead.
oct 14, 2021 4:33:14 PM org.hibernate.ejb.HibernatePersistence logDeprecation
WARN: HHH015016: Encountered a deprecated javax.persistence.spi.PersistenceProvider [org.hibernate.ejb.HibernatePersistence]; use [org.hibernate.jpa.HibernatePersistenceProvider] instead.
oct 14, 2021 4:33:14 PM org.hibernate.ejb.HibernatePersistence logDeprecation
WARN: HHH015016: Encountered a deprecated javax.persistence.spi.PersistenceProvider [org.hibernate.ejb.HibernatePersistence]; use [org.hibernate.jpa.HibernatePersistenceProvider] instead.
oct 14, 2021 4:33:14 PM org.hibernate.jpa.internal.util.LogHelper logPersistenceUnitInformation
INFO: HHH000204: Processing PersistenceUnitInfo [
	name: DB
	...]
oct 14, 2021 4:33:14 PM org.hibernate.ejb.HibernatePersistence logDeprecation
WARN: HHH015016: Encountered a deprecated javax.persistence.spi.PersistenceProvider [org.hibernate.ejb.HibernatePersistence]; use [org.hibernate.jpa.HibernatePersistenceProvider] instead.
oct 14, 2021 4:33:14 PM org.hibernate.ejb.HibernatePersistence logDeprecation
WARN: HHH015016: Encountered a deprecated javax.persistence.spi.PersistenceProvider [org.hibernate.ejb.HibernatePersistence]; use [org.hibernate.jpa.HibernatePersistenceProvider] instead.
oct 14, 2021 4:33:14 PM org.hibernate.ejb.HibernatePersistence logDeprecation
WARN: HHH015016: Encountered a deprecated javax.persistence.spi.PersistenceProvider [org.hibernate.ejb.HibernatePersistence]; use [org.hibernate.jpa.HibernatePersistenceProvider] instead.
oct 14, 2021 4:33:14 PM org.hibernate.jpa.internal.util.LogHelper logPersistenceUnitInformation
INFO: HHH000204: Processing PersistenceUnitInfo [
	name: DB
	...]
oct 14, 2021 4:33:14 PM org.hibernate.engine.jdbc.connections.internal.DriverManagerConnectionProviderImpl configure
WARN: HHH000402: Using Hibernate built-in connection pool (not for production use!)
oct 14, 2021 4:33:14 PM org.hibernate.engine.jdbc.connections.internal.DriverManagerConnectionProviderImpl buildCreator
INFO: HHH000401: using driver [com.mysql.jdbc.Driver] at URL [jdbc:mysql://localhost:3306/Microcosmos?zeroDateTimeBehavior=convertToNull]
oct 14, 2021 4:33:14 PM org.hibernate.engine.jdbc.connections.internal.DriverManagerConnectionProviderImpl buildCreator
INFO: HHH000046: Connection properties: {user=root, password=****}
oct 14, 2021 4:33:14 PM org.hibernate.engine.jdbc.connections.internal.DriverManagerConnectionProviderImpl buildCreator
INFO: HHH000006: Autocommit mode: false
oct 14, 2021 4:33:14 PM org.hibernate.engine.jdbc.connections.internal.DriverManagerConnectionProviderImpl configure
INFO: HHH000115: Hibernate connection pool size: 20 (min=1)
oct 14, 2021 4:33:14 PM org.hibernate.engine.jdbc.connections.internal.DriverManagerConnectionProviderImpl configure
WARN: HHH000402: Using Hibernate built-in connection pool (not for production use!)
oct 14, 2021 4:33:14 PM org.hibernate.engine.jdbc.connections.internal.DriverManagerConnectionProviderImpl buildCreator
INFO: HHH000401: using driver [com.mysql.jdbc.Driver] at URL [jdbc:mysql://localhost:3306/Microcosmos?zeroDateTimeBehavior=convertToNull]
oct 14, 2021 4:33:14 PM org.hibernate.engine.jdbc.connections.internal.DriverManagerConnectionProviderImpl buildCreator
INFO: HHH000046: Connection properties: {user=root, password=****}
oct 14, 2021 4:33:14 PM org.hibernate.engine.jdbc.connections.internal.DriverManagerConnectionProviderImpl buildCreator
INFO: HHH000006: Autocommit mode: false
oct 14, 2021 4:33:14 PM org.hibernate.engine.jdbc.connections.internal.DriverManagerConnectionProviderImpl configure
INFO: HHH000115: Hibernate connection pool size: 20 (min=1)
oct 14, 2021 4:33:14 PM org.hibernate.dialect.Dialect <init>
INFO: HHH000400: Using dialect: org.hibernate.dialect.MySQLDialect
oct 14, 2021 4:33:14 PM org.hibernate.dialect.Dialect <init>
INFO: HHH000400: Using dialect: org.hibernate.dialect.MySQLDialect
oct 14, 2021 4:33:14 PM org.hibernate.hql.internal.ast.ASTQueryTranslatorFactory <init>
INFO: HHH000397: Using ASTQueryTranslatorFactory
oct 14, 2021 4:33:14 PM org.hibernate.hql.internal.ast.ASTQueryTranslatorFactory <init>
INFO: HHH000397: Using ASTQueryTranslatorFactory
oct 14, 2021 4:33:14 PM org.hibernate.tool.hbm2ddl.SchemaValidator validate
INFO: HHH000229: Running schema validator
oct 14, 2021 4:33:14 PM org.hibernate.tool.hbm2ddl.SchemaValidator validate
INFO: HHH000102: Fetching database metadata
oct 14, 2021 4:33:14 PM org.hibernate.tool.hbm2ddl.SchemaValidator validate
INFO: HHH000229: Running schema validator
oct 14, 2021 4:33:14 PM org.hibernate.tool.hbm2ddl.SchemaValidator validate
INFO: HHH000102: Fetching database metadata
oct 14, 2021 4:33:14 PM org.hibernate.tool.hbm2ddl.TableMetadata <init>
INFO: HHH000261: Table found: microcosmos.arealaboral
oct 14, 2021 4:33:14 PM org.hibernate.tool.hbm2ddl.TableMetadata <init>
INFO: HHH000037: Columns: [idarealaboral, descripcionarealaboral, nombrearealaboral, activoarealaboral]
oct 14, 2021 4:33:14 PM org.hibernate.tool.hbm2ddl.TableMetadata <init>
INFO: HHH000261: Table found: microcosmos.arealaboral
oct 14, 2021 4:33:14 PM org.hibernate.tool.hbm2ddl.TableMetadata <init>
INFO: HHH000037: Columns: [idarealaboral, descripcionarealaboral, nombrearealaboral, activoarealaboral]
oct 14, 2021 4:33:14 PM org.hibernate.tool.hbm2ddl.TableMetadata <init>
INFO: HHH000261: Table found: microcosmos.arealaboralhistorica
oct 14, 2021 4:33:14 PM org.hibernate.tool.hbm2ddl.TableMetadata <init>
INFO: HHH000037: Columns: [idempleados, fechaconclusion, fechacomienzo, idarealaboralhistorica]
oct 14, 2021 4:33:14 PM org.hibernate.tool.hbm2ddl.TableMetadata <init>
INFO: HHH000261: Table found: microcosmos.arealaboralhistorica
oct 14, 2021 4:33:14 PM org.hibernate.tool.hbm2ddl.TableMetadata <init>
INFO: HHH000037: Columns: [idempleados, fechaconclusion, fechacomienzo, idarealaboralhistorica]
oct 14, 2021 4:33:14 PM org.hibernate.tool.hbm2ddl.TableMetadata <init>
INFO: HHH000261: Table found: microcosmos.articulo
oct 14, 2021 4:33:14 PM org.hibernate.tool.hbm2ddl.TableMetadata <init>
INFO: HHH000037: Columns: [idsecciontienda, stockmaximo, activoarticulo, nombrearticulo, stockminimo, precioarticulo, idtalla, stock, descripcionarticulo, idarticulo]
oct 14, 2021 4:33:14 PM org.hibernate.tool.hbm2ddl.TableMetadata <init>
INFO: HHH000261: Table found: microcosmos.articulo
oct 14, 2021 4:33:14 PM org.hibernate.tool.hbm2ddl.TableMetadata <init>
INFO: HHH000037: Columns: [idsecciontienda, stockmaximo, activoarticulo, nombrearticulo, stockminimo, precioarticulo, idtalla, stock, descripcionarticulo, idarticulo]
oct 14, 2021 4:33:14 PM org.hibernate.tool.hbm2ddl.TableMetadata <init>
INFO: HHH000261: Table found: microcosmos.clientes
oct 14, 2021 4:33:14 PM org.hibernate.tool.hbm2ddl.TableMetadata <init>
INFO: HHH000037: Columns: [telefonocliente, direccioncliente, idtipodocumento, idsexo, documento, activocliente, idcliente, nombrecliente, apellidocliente, correocliente]
oct 14, 2021 4:33:14 PM org.hibernate.tool.hbm2ddl.TableMetadata <init>
INFO: HHH000261: Table found: microcosmos.compra
oct 14, 2021 4:33:14 PM org.hibernate.tool.hbm2ddl.TableMetadata <init>
INFO: HHH000261: Table found: microcosmos.clientes
oct 14, 2021 4:33:14 PM org.hibernate.tool.hbm2ddl.TableMetadata <init>
INFO: HHH000037: Columns: [telefonocliente, direccioncliente, idtipodocumento, idsexo, documento, activocliente, idcliente, nombrecliente, apellidocliente, correocliente]
oct 14, 2021 4:33:14 PM org.hibernate.tool.hbm2ddl.TableMetadata <init>
INFO: HHH000037: Columns: [idcompra, fechapedido, idproveedor, idempleados, fecharecibido, totalcompra, idestado]
oct 14, 2021 4:33:14 PM org.hibernate.tool.hbm2ddl.TableMetadata <init>
INFO: HHH000261: Table found: microcosmos.compra
oct 14, 2021 4:33:14 PM org.hibernate.tool.hbm2ddl.TableMetadata <init>
INFO: HHH000261: Table found: microcosmos.detallecompra
oct 14, 2021 4:33:14 PM org.hibernate.tool.hbm2ddl.TableMetadata <init>
INFO: HHH000037: Columns: [idcompra, iddetallecompra, preciocompra, cantidad, idarticulo]
oct 14, 2021 4:33:14 PM org.hibernate.tool.hbm2ddl.TableMetadata <init>
INFO: HHH000037: Columns: [idcompra, fechapedido, idproveedor, idempleados, fecharecibido, totalcompra, idestado]
oct 14, 2021 4:33:14 PM org.hibernate.tool.hbm2ddl.TableMetadata <init>
INFO: HHH000261: Table found: microcosmos.detallecompra
oct 14, 2021 4:33:14 PM org.hibernate.tool.hbm2ddl.TableMetadata <init>
INFO: HHH000261: Table found: microcosmos.detalleventa
oct 14, 2021 4:33:14 PM org.hibernate.tool.hbm2ddl.TableMetadata <init>
INFO: HHH000037: Columns: [idcompra, iddetallecompra, preciocompra, cantidad, idarticulo]
oct 14, 2021 4:33:14 PM org.hibernate.tool.hbm2ddl.TableMetadata <init>
INFO: HHH000037: Columns: [idventa, iddetalleventa, cantidad, idarticulo]
oct 14, 2021 4:33:14 PM org.hibernate.tool.hbm2ddl.TableMetadata <init>
INFO: HHH000261: Table found: microcosmos.detalleventa
oct 14, 2021 4:33:14 PM org.hibernate.tool.hbm2ddl.TableMetadata <init>
INFO: HHH000261: Table found: microcosmos.empleados
oct 14, 2021 4:33:14 PM org.hibernate.tool.hbm2ddl.TableMetadata <init>
INFO: HHH000037: Columns: [idventa, iddetalleventa, cantidad, idarticulo]
oct 14, 2021 4:33:14 PM org.hibernate.tool.hbm2ddl.TableMetadata <init>
INFO: HHH000037: Columns: [idempleados, idarealaboral, idtipodocumento, idsexo, telefonoempleado, documento, nombreempleado, correoempleado, apellidoempleado, fechadenacimiento, activoempleado]
oct 14, 2021 4:33:14 PM org.hibernate.tool.hbm2ddl.TableMetadata <init>
INFO: HHH000261: Table found: microcosmos.entidades
oct 14, 2021 4:33:14 PM org.hibernate.tool.hbm2ddl.TableMetadata <init>
INFO: HHH000261: Table found: microcosmos.empleados
oct 14, 2021 4:33:14 PM org.hibernate.tool.hbm2ddl.TableMetadata <init>
INFO: HHH000037: Columns: [identidad, activoentidad, nombreentidad]
oct 14, 2021 4:33:14 PM org.hibernate.tool.hbm2ddl.TableMetadata <init>
INFO: HHH000037: Columns: [idempleados, idarealaboral, idtipodocumento, idsexo, telefonoempleado, documento, nombreempleado, correoempleado, apellidoempleado, fechadenacimiento, activoempleado]
oct 14, 2021 4:33:14 PM org.hibernate.tool.hbm2ddl.TableMetadata <init>
INFO: HHH000261: Table found: microcosmos.entidades
oct 14, 2021 4:33:14 PM org.hibernate.tool.hbm2ddl.TableMetadata <init>
INFO: HHH000037: Columns: [identidad, activoentidad, nombreentidad]
oct 14, 2021 4:33:14 PM org.hibernate.tool.hbm2ddl.TableMetadata <init>
INFO: HHH000261: Table found: microcosmos.estado
oct 14, 2021 4:33:14 PM org.hibernate.tool.hbm2ddl.TableMetadata <init>
INFO: HHH000037: Columns: [nombreestado, activoestado, identidad, descripcionestado, idestado]
oct 14, 2021 4:33:14 PM org.hibernate.tool.hbm2ddl.TableMetadata <init>
INFO: HHH000261: Table found: microcosmos.estado
oct 14, 2021 4:33:14 PM org.hibernate.tool.hbm2ddl.TableMetadata <init>
INFO: HHH000261: Table found: microcosmos.facturasdevueltas
oct 14, 2021 4:33:14 PM org.hibernate.tool.hbm2ddl.TableMetadata <init>
INFO: HHH000037: Columns: [nombreestado, activoestado, identidad, descripcionestado, idestado]
oct 14, 2021 4:33:14 PM org.hibernate.tool.hbm2ddl.TableMetadata <init>
INFO: HHH000037: Columns: [idventa, descripcion, fechadevolucion, idempleados, idfacturadevuelta]
oct 14, 2021 4:33:14 PM org.hibernate.tool.hbm2ddl.TableMetadata <init>
INFO: HHH000261: Table found: microcosmos.facturasdevueltas
oct 14, 2021 4:33:14 PM org.hibernate.tool.hbm2ddl.TableMetadata <init>
INFO: HHH000261: Table found: microcosmos.parametros
oct 14, 2021 4:33:14 PM org.hibernate.tool.hbm2ddl.TableMetadata <init>
INFO: HHH000037: Columns: [idventa, descripcion, fechadevolucion, idempleados, idfacturadevuelta]
oct 14, 2021 4:33:14 PM org.hibernate.tool.hbm2ddl.TableMetadata <init>
INFO: HHH000037: Columns: [facturainicial, fechaemision, facturafinal, activoparametros, fechacaducidad, cai, idparametros]
oct 14, 2021 4:33:14 PM org.hibernate.tool.hbm2ddl.TableMetadata <init>
INFO: HHH000261: Table found: microcosmos.pedidosdevueltos
oct 14, 2021 4:33:14 PM org.hibernate.tool.hbm2ddl.TableMetadata <init>
INFO: HHH000261: Table found: microcosmos.parametros
oct 14, 2021 4:33:14 PM org.hibernate.tool.hbm2ddl.TableMetadata <init>
INFO: HHH000037: Columns: [idcompra, descripcion, idempleados, idpedidosdevueltos, fechaanulacion]
oct 14, 2021 4:33:14 PM org.hibernate.tool.hbm2ddl.TableMetadata <init>
INFO: HHH000037: Columns: [facturainicial, fechaemision, facturafinal, activoparametros, fechacaducidad, cai, idparametros]
oct 14, 2021 4:33:14 PM org.hibernate.tool.hbm2ddl.TableMetadata <init>
INFO: HHH000261: Table found: microcosmos.preciohistorico
oct 14, 2021 4:33:14 PM org.hibernate.tool.hbm2ddl.TableMetadata <init>
INFO: HHH000261: Table found: microcosmos.pedidosdevueltos
oct 14, 2021 4:33:14 PM org.hibernate.tool.hbm2ddl.TableMetadata <init>
INFO: HHH000037: Columns: [precio, idpreciohistorico, fechainicial, fechafinal, idarticulo, activopreciohistorico]
oct 14, 2021 4:33:14 PM org.hibernate.tool.hbm2ddl.TableMetadata <init>
INFO: HHH000037: Columns: [idcompra, descripcion, idempleados, idpedidosdevueltos, fechaanulacion]
oct 14, 2021 4:33:14 PM org.hibernate.tool.hbm2ddl.TableMetadata <init>
INFO: HHH000261: Table found: microcosmos.preciohistorico
oct 14, 2021 4:33:14 PM org.hibernate.tool.hbm2ddl.TableMetadata <init>
INFO: HHH000261: Table found: microcosmos.proveedores
oct 14, 2021 4:33:14 PM org.hibernate.tool.hbm2ddl.TableMetadata <init>
INFO: HHH000037: Columns: [precio, idpreciohistorico, fechainicial, fechafinal, idarticulo, activopreciohistorico]
oct 14, 2021 4:33:14 PM org.hibernate.tool.hbm2ddl.TableMetadata <init>
INFO: HHH000037: Columns: [idproveedor, activoproveedor, idtipodocumento, nombreproveedor, correoproveedor, telefonoproveedor, documento, ubicacionproveedor]
oct 14, 2021 4:33:14 PM org.hibernate.tool.hbm2ddl.TableMetadata <init>
INFO: HHH000261: Table found: microcosmos.proveedores
oct 14, 2021 4:33:14 PM org.hibernate.tool.hbm2ddl.TableMetadata <init>
INFO: HHH000261: Table found: microcosmos.secciontienda
oct 14, 2021 4:33:14 PM org.hibernate.tool.hbm2ddl.TableMetadata <init>
INFO: HHH000037: Columns: [idproveedor, activoproveedor, idtipodocumento, nombreproveedor, correoproveedor, telefonoproveedor, documento, ubicacionproveedor]
oct 14, 2021 4:33:14 PM org.hibernate.tool.hbm2ddl.TableMetadata <init>
INFO: HHH000037: Columns: [idsecciontienda, descripcionsecciontienda, nombresecciontienda, activosecciontienda]
oct 14, 2021 4:33:14 PM org.hibernate.tool.hbm2ddl.TableMetadata <init>
INFO: HHH000261: Table found: microcosmos.secciontienda
oct 14, 2021 4:33:14 PM org.hibernate.tool.hbm2ddl.TableMetadata <init>
INFO: HHH000261: Table found: microcosmos.sexo
oct 14, 2021 4:33:14 PM org.hibernate.tool.hbm2ddl.TableMetadata <init>
INFO: HHH000037: Columns: [idsecciontienda, descripcionsecciontienda, nombresecciontienda, activosecciontienda]
oct 14, 2021 4:33:14 PM org.hibernate.tool.hbm2ddl.TableMetadata <init>
INFO: HHH000037: Columns: [idsexo, nombresexo, descripcionsexo]
oct 14, 2021 4:33:14 PM org.hibernate.tool.hbm2ddl.TableMetadata <init>
INFO: HHH000261: Table found: microcosmos.talla
oct 14, 2021 4:33:14 PM org.hibernate.tool.hbm2ddl.TableMetadata <init>
INFO: HHH000261: Table found: microcosmos.sexo
oct 14, 2021 4:33:14 PM org.hibernate.tool.hbm2ddl.TableMetadata <init>
INFO: HHH000037: Columns: [activotalla, nombretalla, descripciontalla, idtalla]
oct 14, 2021 4:33:14 PM org.hibernate.tool.hbm2ddl.TableMetadata <init>
INFO: HHH000037: Columns: [idsexo, nombresexo, descripcionsexo]
oct 14, 2021 4:33:14 PM org.hibernate.tool.hbm2ddl.TableMetadata <init>
INFO: HHH000261: Table found: microcosmos.talla
oct 14, 2021 4:33:14 PM org.hibernate.tool.hbm2ddl.TableMetadata <init>
INFO: HHH000261: Table found: microcosmos.tipodepago
oct 14, 2021 4:33:14 PM org.hibernate.tool.hbm2ddl.TableMetadata <init>
INFO: HHH000037: Columns: [activotalla, nombretalla, descripciontalla, idtalla]
oct 14, 2021 4:33:14 PM org.hibernate.tool.hbm2ddl.TableMetadata <init>
INFO: HHH000037: Columns: [descripciontipodepago, nombretipodepago, idtipodepago, activotipodepago]
oct 14, 2021 4:33:14 PM org.hibernate.tool.hbm2ddl.TableMetadata <init>
INFO: HHH000261: Table found: microcosmos.tipodocumento
oct 14, 2021 4:33:14 PM org.hibernate.tool.hbm2ddl.TableMetadata <init>
INFO: HHH000037: Columns: [nombretipodocumento, descripciontipodocumento, activotipodocumento, idtipodocumento]
oct 14, 2021 4:33:14 PM org.hibernate.tool.hbm2ddl.TableMetadata <init>
INFO: HHH000261: Table found: microcosmos.tipodepago
oct 14, 2021 4:33:14 PM org.hibernate.tool.hbm2ddl.TableMetadata <init>
INFO: HHH000037: Columns: [descripciontipodepago, nombretipodepago, idtipodepago, activotipodepago]
oct 14, 2021 4:33:14 PM org.hibernate.tool.hbm2ddl.TableMetadata <init>
INFO: HHH000261: Table found: microcosmos.tipodocumento
oct 14, 2021 4:33:14 PM org.hibernate.tool.hbm2ddl.TableMetadata <init>
INFO: HHH000261: Table found: microcosmos.usuarios
oct 14, 2021 4:33:14 PM org.hibernate.tool.hbm2ddl.TableMetadata <init>
INFO: HHH000037: Columns: [nombretipodocumento, descripciontipodocumento, activotipodocumento, idtipodocumento]
oct 14, 2021 4:33:14 PM org.hibernate.tool.hbm2ddl.TableMetadata <init>
INFO: HHH000037: Columns: [nombreusuario, idempleados, numerodeintentos, activousuario, admin, contrasena, idusuario]
oct 14, 2021 4:33:14 PM org.hibernate.tool.hbm2ddl.TableMetadata <init>
INFO: HHH000261: Table found: microcosmos.venta
oct 14, 2021 4:33:14 PM org.hibernate.tool.hbm2ddl.TableMetadata <init>
INFO: HHH000261: Table found: microcosmos.usuarios
oct 14, 2021 4:33:14 PM org.hibernate.tool.hbm2ddl.TableMetadata <init>
INFO: HHH000037: Columns: [numtarjeta, idtipodepago, formato, montoefectivo, idcliente, idestado, idventa, total, idempleados, impuesto, subtotal, montotarjeta, fechaventa, idparametros]
oct 14, 2021 4:33:14 PM org.hibernate.tool.hbm2ddl.TableMetadata <init>
INFO: HHH000037: Columns: [nombreusuario, idempleados, numerodeintentos, activousuario, admin, contrasena, idusuario]
oct 14, 2021 4:33:14 PM org.hibernate.jpa.internal.EntityManagerFactoryRegistry addEntityManagerFactory
WARN: HHH000436: Entity manager factory name (DB) is already registered.  If entity manager will be clustered or passivated, specify a unique value for property 'hibernate.ejb.entitymanager_factory_name'
oct 14, 2021 4:33:14 PM org.hibernate.tool.hbm2ddl.TableMetadata <init>
INFO: HHH000261: Table found: microcosmos.venta
oct 14, 2021 4:33:14 PM org.hibernate.tool.hbm2ddl.TableMetadata <init>
INFO: HHH000037: Columns: [numtarjeta, idtipodepago, formato, montoefectivo, idcliente, idestado, idventa, total, idempleados, impuesto, subtotal, montotarjeta, fechaventa, idparametros]
oct 14, 2021 4:33:14 PM org.hibernate.ejb.HibernatePersistence logDeprecation
WARN: HHH015016: Encountered a deprecated javax.persistence.spi.PersistenceProvider [org.hibernate.ejb.HibernatePersistence]; use [org.hibernate.jpa.HibernatePersistenceProvider] instead.
oct 14, 2021 4:33:14 PM org.hibernate.ejb.HibernatePersistence logDeprecation
WARN: HHH015016: Encountered a deprecated javax.persistence.spi.PersistenceProvider [org.hibernate.ejb.HibernatePersistence]; use [org.hibernate.jpa.HibernatePersistenceProvider] instead.
oct 14, 2021 4:33:14 PM org.hibernate.ejb.HibernatePersistence logDeprecation
WARN: HHH015016: Encountered a deprecated javax.persistence.spi.PersistenceProvider [org.hibernate.ejb.HibernatePersistence]; use [org.hibernate.jpa.HibernatePersistenceProvider] instead.
oct 14, 2021 4:33:14 PM org.hibernate.jpa.internal.EntityManagerFactoryRegistry addEntityManagerFactory
WARN: HHH000436: Entity manager factory name (DB) is already registered.  If entity manager will be clustered or passivated, specify a unique value for property 'hibernate.ejb.entitymanager_factory_name'
oct 14, 2021 4:33:14 PM org.hibernate.ejb.HibernatePersistence logDeprecation
WARN: HHH015016: Encountered a deprecated javax.persistence.spi.PersistenceProvider [org.hibernate.ejb.HibernatePersistence]; use [org.hibernate.jpa.HibernatePersistenceProvider] instead.
oct 14, 2021 4:33:14 PM org.hibernate.ejb.HibernatePersistence logDeprecation
WARN: HHH015016: Encountered a deprecated javax.persistence.spi.PersistenceProvider [org.hibernate.ejb.HibernatePersistence]; use [org.hibernate.jpa.HibernatePersistenceProvider] instead.
oct 14, 2021 4:33:14 PM org.hibernate.ejb.HibernatePersistence logDeprecation
WARN: HHH015016: Encountered a deprecated javax.persistence.spi.PersistenceProvider [org.hibernate.ejb.HibernatePersistence]; use [org.hibernate.jpa.HibernatePersistenceProvider] instead.
oct 14, 2021 4:33:14 PM org.hibernate.jpa.internal.util.LogHelper logPersistenceUnitInformation
INFO: HHH000204: Processing PersistenceUnitInfo [
	name: DB
	...]
oct 14, 2021 4:33:14 PM org.hibernate.jpa.internal.util.LogHelper logPersistenceUnitInformation
INFO: HHH000204: Processing PersistenceUnitInfo [
	name: DB
	...]
oct 14, 2021 4:33:14 PM org.hibernate.engine.jdbc.connections.internal.DriverManagerConnectionProviderImpl configure
WARN: HHH000402: Using Hibernate built-in connection pool (not for production use!)
oct 14, 2021 4:33:14 PM org.hibernate.engine.jdbc.connections.internal.DriverManagerConnectionProviderImpl buildCreator
INFO: HHH000401: using driver [com.mysql.jdbc.Driver] at URL [jdbc:mysql://localhost:3306/Microcosmos?zeroDateTimeBehavior=convertToNull]
oct 14, 2021 4:33:14 PM org.hibernate.engine.jdbc.connections.internal.DriverManagerConnectionProviderImpl buildCreator
INFO: HHH000046: Connection properties: {user=root, password=****}
oct 14, 2021 4:33:14 PM org.hibernate.engine.jdbc.connections.internal.DriverManagerConnectionProviderImpl buildCreator
INFO: HHH000006: Autocommit mode: false
oct 14, 2021 4:33:14 PM org.hibernate.engine.jdbc.connections.internal.DriverManagerConnectionProviderImpl configure
INFO: HHH000115: Hibernate connection pool size: 20 (min=1)
oct 14, 2021 4:33:14 PM org.hibernate.engine.jdbc.connections.internal.DriverManagerConnectionProviderImpl configure
WARN: HHH000402: Using Hibernate built-in connection pool (not for production use!)
oct 14, 2021 4:33:14 PM org.hibernate.engine.jdbc.connections.internal.DriverManagerConnectionProviderImpl buildCreator
INFO: HHH000401: using driver [com.mysql.jdbc.Driver] at URL [jdbc:mysql://localhost:3306/Microcosmos?zeroDateTimeBehavior=convertToNull]
oct 14, 2021 4:33:14 PM org.hibernate.engine.jdbc.connections.internal.DriverManagerConnectionProviderImpl buildCreator
INFO: HHH000046: Connection properties: {user=root, password=****}
oct 14, 2021 4:33:14 PM org.hibernate.engine.jdbc.connections.internal.DriverManagerConnectionProviderImpl buildCreator
INFO: HHH000006: Autocommit mode: false
oct 14, 2021 4:33:14 PM org.hibernate.engine.jdbc.connections.internal.DriverManagerConnectionProviderImpl configure
INFO: HHH000115: Hibernate connection pool size: 20 (min=1)
oct 14, 2021 4:33:14 PM org.hibernate.dialect.Dialect <init>
INFO: HHH000400: Using dialect: org.hibernate.dialect.MySQLDialect
oct 14, 2021 4:33:14 PM org.hibernate.dialect.Dialect <init>
INFO: HHH000400: Using dialect: org.hibernate.dialect.MySQLDialect
oct 14, 2021 4:33:14 PM org.hibernate.hql.internal.ast.ASTQueryTranslatorFactory <init>
INFO: HHH000397: Using ASTQueryTranslatorFactory
oct 14, 2021 4:33:14 PM org.hibernate.hql.internal.ast.ASTQueryTranslatorFactory <init>
INFO: HHH000397: Using ASTQueryTranslatorFactory
oct 14, 2021 4:33:14 PM org.hibernate.tool.hbm2ddl.SchemaValidator validate
INFO: HHH000229: Running schema validator
oct 14, 2021 4:33:14 PM org.hibernate.tool.hbm2ddl.SchemaValidator validate
INFO: HHH000102: Fetching database metadata
oct 14, 2021 4:33:14 PM org.hibernate.tool.hbm2ddl.TableMetadata <init>
INFO: HHH000261: Table found: microcosmos.arealaboral
oct 14, 2021 4:33:14 PM org.hibernate.tool.hbm2ddl.TableMetadata <init>
INFO: HHH000037: Columns: [idarealaboral, descripcionarealaboral, nombrearealaboral, activoarealaboral]
oct 14, 2021 4:33:14 PM org.hibernate.tool.hbm2ddl.TableMetadata <init>
INFO: HHH000261: Table found: microcosmos.arealaboralhistorica
oct 14, 2021 4:33:14 PM org.hibernate.tool.hbm2ddl.TableMetadata <init>
INFO: HHH000037: Columns: [idempleados, fechaconclusion, fechacomienzo, idarealaboralhistorica]
oct 14, 2021 4:33:14 PM org.hibernate.tool.hbm2ddl.SchemaValidator validate
INFO: HHH000229: Running schema validator
oct 14, 2021 4:33:14 PM org.hibernate.tool.hbm2ddl.SchemaValidator validate
INFO: HHH000102: Fetching database metadata
oct 14, 2021 4:33:14 PM org.hibernate.tool.hbm2ddl.TableMetadata <init>
INFO: HHH000261: Table found: microcosmos.articulo
oct 14, 2021 4:33:14 PM org.hibernate.tool.hbm2ddl.TableMetadata <init>
INFO: HHH000037: Columns: [idsecciontienda, stockmaximo, activoarticulo, nombrearticulo, stockminimo, precioarticulo, idtalla, stock, descripcionarticulo, idarticulo]
oct 14, 2021 4:33:14 PM org.hibernate.tool.hbm2ddl.TableMetadata <init>
INFO: HHH000261: Table found: microcosmos.arealaboral
oct 14, 2021 4:33:14 PM org.hibernate.tool.hbm2ddl.TableMetadata <init>
INFO: HHH000037: Columns: [idarealaboral, descripcionarealaboral, nombrearealaboral, activoarealaboral]
oct 14, 2021 4:33:14 PM org.hibernate.tool.hbm2ddl.TableMetadata <init>
INFO: HHH000261: Table found: microcosmos.clientes
oct 14, 2021 4:33:14 PM org.hibernate.tool.hbm2ddl.TableMetadata <init>
INFO: HHH000037: Columns: [telefonocliente, direccioncliente, idtipodocumento, idsexo, documento, activocliente, idcliente, nombrecliente, apellidocliente, correocliente]
oct 14, 2021 4:33:14 PM org.hibernate.tool.hbm2ddl.TableMetadata <init>
INFO: HHH000261: Table found: microcosmos.arealaboralhistorica
oct 14, 2021 4:33:14 PM org.hibernate.tool.hbm2ddl.TableMetadata <init>
INFO: HHH000037: Columns: [idempleados, fechaconclusion, fechacomienzo, idarealaboralhistorica]
oct 14, 2021 4:33:14 PM org.hibernate.tool.hbm2ddl.TableMetadata <init>
INFO: HHH000261: Table found: microcosmos.compra
oct 14, 2021 4:33:14 PM org.hibernate.tool.hbm2ddl.TableMetadata <init>
INFO: HHH000037: Columns: [idcompra, fechapedido, idproveedor, idempleados, fecharecibido, totalcompra, idestado]
oct 14, 2021 4:33:14 PM org.hibernate.tool.hbm2ddl.TableMetadata <init>
INFO: HHH000261: Table found: microcosmos.articulo
oct 14, 2021 4:33:14 PM org.hibernate.tool.hbm2ddl.TableMetadata <init>
INFO: HHH000037: Columns: [idsecciontienda, stockmaximo, activoarticulo, nombrearticulo, stockminimo, precioarticulo, idtalla, stock, descripcionarticulo, idarticulo]
oct 14, 2021 4:33:14 PM org.hibernate.tool.hbm2ddl.TableMetadata <init>
INFO: HHH000261: Table found: microcosmos.detallecompra
oct 14, 2021 4:33:14 PM org.hibernate.tool.hbm2ddl.TableMetadata <init>
INFO: HHH000037: Columns: [idcompra, iddetallecompra, preciocompra, cantidad, idarticulo]
oct 14, 2021 4:33:14 PM org.hibernate.tool.hbm2ddl.TableMetadata <init>
INFO: HHH000261: Table found: microcosmos.clientes
oct 14, 2021 4:33:14 PM org.hibernate.tool.hbm2ddl.TableMetadata <init>
INFO: HHH000037: Columns: [telefonocliente, direccioncliente, idtipodocumento, idsexo, documento, activocliente, idcliente, nombrecliente, apellidocliente, correocliente]
oct 14, 2021 4:33:14 PM org.hibernate.tool.hbm2ddl.TableMetadata <init>
INFO: HHH000261: Table found: microcosmos.detalleventa
oct 14, 2021 4:33:14 PM org.hibernate.tool.hbm2ddl.TableMetadata <init>
INFO: HHH000037: Columns: [idventa, iddetalleventa, cantidad, idarticulo]
oct 14, 2021 4:33:14 PM org.hibernate.tool.hbm2ddl.TableMetadata <init>
INFO: HHH000261: Table found: microcosmos.compra
oct 14, 2021 4:33:14 PM org.hibernate.tool.hbm2ddl.TableMetadata <init>
INFO: HHH000037: Columns: [idcompra, fechapedido, idproveedor, idempleados, fecharecibido, totalcompra, idestado]
oct 14, 2021 4:33:14 PM org.hibernate.tool.hbm2ddl.TableMetadata <init>
INFO: HHH000261: Table found: microcosmos.empleados
oct 14, 2021 4:33:14 PM org.hibernate.tool.hbm2ddl.TableMetadata <init>
INFO: HHH000037: Columns: [idempleados, idarealaboral, idtipodocumento, idsexo, telefonoempleado, documento, nombreempleado, correoempleado, apellidoempleado, fechadenacimiento, activoempleado]
oct 14, 2021 4:33:14 PM org.hibernate.tool.hbm2ddl.TableMetadata <init>
INFO: HHH000261: Table found: microcosmos.detallecompra
oct 14, 2021 4:33:14 PM org.hibernate.tool.hbm2ddl.TableMetadata <init>
INFO: HHH000261: Table found: microcosmos.entidades
oct 14, 2021 4:33:14 PM org.hibernate.tool.hbm2ddl.TableMetadata <init>
INFO: HHH000037: Columns: [idcompra, iddetallecompra, preciocompra, cantidad, idarticulo]
oct 14, 2021 4:33:14 PM org.hibernate.tool.hbm2ddl.TableMetadata <init>
INFO: HHH000037: Columns: [identidad, activoentidad, nombreentidad]
oct 14, 2021 4:33:14 PM org.hibernate.tool.hbm2ddl.TableMetadata <init>
INFO: HHH000261: Table found: microcosmos.detalleventa
oct 14, 2021 4:33:14 PM org.hibernate.tool.hbm2ddl.TableMetadata <init>
INFO: HHH000261: Table found: microcosmos.estado
oct 14, 2021 4:33:14 PM org.hibernate.tool.hbm2ddl.TableMetadata <init>
INFO: HHH000037: Columns: [idventa, iddetalleventa, cantidad, idarticulo]
oct 14, 2021 4:33:14 PM org.hibernate.tool.hbm2ddl.TableMetadata <init>
INFO: HHH000037: Columns: [nombreestado, activoestado, identidad, descripcionestado, idestado]
oct 14, 2021 4:33:14 PM org.hibernate.tool.hbm2ddl.TableMetadata <init>
INFO: HHH000261: Table found: microcosmos.empleados
oct 14, 2021 4:33:14 PM org.hibernate.tool.hbm2ddl.TableMetadata <init>
INFO: HHH000261: Table found: microcosmos.facturasdevueltas
oct 14, 2021 4:33:14 PM org.hibernate.tool.hbm2ddl.TableMetadata <init>
INFO: HHH000037: Columns: [idventa, descripcion, fechadevolucion, idempleados, idfacturadevuelta]
oct 14, 2021 4:33:14 PM org.hibernate.tool.hbm2ddl.TableMetadata <init>
INFO: HHH000037: Columns: [idempleados, idarealaboral, idtipodocumento, idsexo, telefonoempleado, documento, nombreempleado, correoempleado, apellidoempleado, fechadenacimiento, activoempleado]
oct 14, 2021 4:33:14 PM org.hibernate.tool.hbm2ddl.TableMetadata <init>
INFO: HHH000261: Table found: microcosmos.parametros
oct 14, 2021 4:33:14 PM org.hibernate.tool.hbm2ddl.TableMetadata <init>
INFO: HHH000261: Table found: microcosmos.entidades
oct 14, 2021 4:33:14 PM org.hibernate.tool.hbm2ddl.TableMetadata <init>
INFO: HHH000037: Columns: [facturainicial, fechaemision, facturafinal, activoparametros, fechacaducidad, cai, idparametros]
oct 14, 2021 4:33:14 PM org.hibernate.tool.hbm2ddl.TableMetadata <init>
INFO: HHH000037: Columns: [identidad, activoentidad, nombreentidad]
oct 14, 2021 4:33:14 PM org.hibernate.tool.hbm2ddl.TableMetadata <init>
INFO: HHH000261: Table found: microcosmos.pedidosdevueltos
oct 14, 2021 4:33:14 PM org.hibernate.tool.hbm2ddl.TableMetadata <init>
INFO: HHH000261: Table found: microcosmos.estado
oct 14, 2021 4:33:14 PM org.hibernate.tool.hbm2ddl.TableMetadata <init>
INFO: HHH000037: Columns: [idcompra, descripcion, idempleados, idpedidosdevueltos, fechaanulacion]
oct 14, 2021 4:33:14 PM org.hibernate.tool.hbm2ddl.TableMetadata <init>
INFO: HHH000037: Columns: [nombreestado, activoestado, identidad, descripcionestado, idestado]
oct 14, 2021 4:33:14 PM org.hibernate.tool.hbm2ddl.TableMetadata <init>
INFO: HHH000261: Table found: microcosmos.preciohistorico
oct 14, 2021 4:33:14 PM org.hibernate.tool.hbm2ddl.TableMetadata <init>
INFO: HHH000261: Table found: microcosmos.facturasdevueltas
oct 14, 2021 4:33:14 PM org.hibernate.tool.hbm2ddl.TableMetadata <init>
INFO: HHH000037: Columns: [precio, idpreciohistorico, fechainicial, fechafinal, idarticulo, activopreciohistorico]
oct 14, 2021 4:33:14 PM org.hibernate.tool.hbm2ddl.TableMetadata <init>
INFO: HHH000037: Columns: [idventa, descripcion, fechadevolucion, idempleados, idfacturadevuelta]
oct 14, 2021 4:33:14 PM org.hibernate.tool.hbm2ddl.TableMetadata <init>
INFO: HHH000261: Table found: microcosmos.parametros
oct 14, 2021 4:33:14 PM org.hibernate.tool.hbm2ddl.TableMetadata <init>
INFO: HHH000261: Table found: microcosmos.proveedores
oct 14, 2021 4:33:14 PM org.hibernate.tool.hbm2ddl.TableMetadata <init>
INFO: HHH000037: Columns: [idproveedor, activoproveedor, idtipodocumento, nombreproveedor, correoproveedor, telefonoproveedor, documento, ubicacionproveedor]
oct 14, 2021 4:33:14 PM org.hibernate.tool.hbm2ddl.TableMetadata <init>
INFO: HHH000037: Columns: [facturainicial, fechaemision, facturafinal, activoparametros, fechacaducidad, cai, idparametros]
oct 14, 2021 4:33:14 PM org.hibernate.tool.hbm2ddl.TableMetadata <init>
INFO: HHH000261: Table found: microcosmos.secciontienda
oct 14, 2021 4:33:14 PM org.hibernate.tool.hbm2ddl.TableMetadata <init>
INFO: HHH000261: Table found: microcosmos.pedidosdevueltos
oct 14, 2021 4:33:14 PM org.hibernate.tool.hbm2ddl.TableMetadata <init>
INFO: HHH000037: Columns: [idsecciontienda, descripcionsecciontienda, nombresecciontienda, activosecciontienda]
oct 14, 2021 4:33:14 PM org.hibernate.tool.hbm2ddl.TableMetadata <init>
INFO: HHH000037: Columns: [idcompra, descripcion, idempleados, idpedidosdevueltos, fechaanulacion]
oct 14, 2021 4:33:14 PM org.hibernate.tool.hbm2ddl.TableMetadata <init>
INFO: HHH000261: Table found: microcosmos.preciohistorico
oct 14, 2021 4:33:14 PM org.hibernate.tool.hbm2ddl.TableMetadata <init>
INFO: HHH000261: Table found: microcosmos.sexo
oct 14, 2021 4:33:14 PM org.hibernate.tool.hbm2ddl.TableMetadata <init>
INFO: HHH000037: Columns: [precio, idpreciohistorico, fechainicial, fechafinal, idarticulo, activopreciohistorico]
oct 14, 2021 4:33:14 PM org.hibernate.tool.hbm2ddl.TableMetadata <init>
INFO: HHH000037: Columns: [idsexo, nombresexo, descripcionsexo]
oct 14, 2021 4:33:14 PM org.hibernate.tool.hbm2ddl.TableMetadata <init>
INFO: HHH000261: Table found: microcosmos.proveedores
oct 14, 2021 4:33:14 PM org.hibernate.tool.hbm2ddl.TableMetadata <init>
INFO: HHH000037: Columns: [idproveedor, activoproveedor, idtipodocumento, nombreproveedor, correoproveedor, telefonoproveedor, documento, ubicacionproveedor]
oct 14, 2021 4:33:14 PM org.hibernate.tool.hbm2ddl.TableMetadata <init>
INFO: HHH000261: Table found: microcosmos.talla
oct 14, 2021 4:33:14 PM org.hibernate.tool.hbm2ddl.TableMetadata <init>
INFO: HHH000037: Columns: [activotalla, nombretalla, descripciontalla, idtalla]
oct 14, 2021 4:33:14 PM org.hibernate.tool.hbm2ddl.TableMetadata <init>
INFO: HHH000261: Table found: microcosmos.secciontienda
oct 14, 2021 4:33:14 PM org.hibernate.tool.hbm2ddl.TableMetadata <init>
INFO: HHH000261: Table found: microcosmos.tipodepago
oct 14, 2021 4:33:14 PM org.hibernate.tool.hbm2ddl.TableMetadata <init>
INFO: HHH000037: Columns: [idsecciontienda, descripcionsecciontienda, nombresecciontienda, activosecciontienda]
oct 14, 2021 4:33:14 PM org.hibernate.tool.hbm2ddl.TableMetadata <init>
INFO: HHH000037: Columns: [descripciontipodepago, nombretipodepago, idtipodepago, activotipodepago]
oct 14, 2021 4:33:14 PM org.hibernate.tool.hbm2ddl.TableMetadata <init>
INFO: HHH000261: Table found: microcosmos.sexo
oct 14, 2021 4:33:14 PM org.hibernate.tool.hbm2ddl.TableMetadata <init>
INFO: HHH000037: Columns: [idsexo, nombresexo, descripcionsexo]
oct 14, 2021 4:33:14 PM org.hibernate.tool.hbm2ddl.TableMetadata <init>
INFO: HHH000261: Table found: microcosmos.tipodocumento
oct 14, 2021 4:33:14 PM org.hibernate.tool.hbm2ddl.TableMetadata <init>
INFO: HHH000037: Columns: [nombretipodocumento, descripciontipodocumento, activotipodocumento, idtipodocumento]
oct 14, 2021 4:33:14 PM org.hibernate.tool.hbm2ddl.TableMetadata <init>
INFO: HHH000261: Table found: microcosmos.talla
oct 14, 2021 4:33:14 PM org.hibernate.tool.hbm2ddl.TableMetadata <init>
INFO: HHH000261: Table found: microcosmos.usuarios
oct 14, 2021 4:33:14 PM org.hibernate.tool.hbm2ddl.TableMetadata <init>
INFO: HHH000037: Columns: [activotalla, nombretalla, descripciontalla, idtalla]
oct 14, 2021 4:33:14 PM org.hibernate.tool.hbm2ddl.TableMetadata <init>
INFO: HHH000037: Columns: [nombreusuario, idempleados, numerodeintentos, activousuario, admin, contrasena, idusuario]
oct 14, 2021 4:33:14 PM org.hibernate.tool.hbm2ddl.TableMetadata <init>
INFO: HHH000261: Table found: microcosmos.tipodepago
oct 14, 2021 4:33:14 PM org.hibernate.tool.hbm2ddl.TableMetadata <init>
INFO: HHH000261: Table found: microcosmos.venta
oct 14, 2021 4:33:14 PM org.hibernate.tool.hbm2ddl.TableMetadata <init>
INFO: HHH000037: Columns: [numtarjeta, idtipodepago, formato, montoefectivo, idcliente, idestado, idventa, total, idempleados, impuesto, subtotal, montotarjeta, fechaventa, idparametros]
oct 14, 2021 4:33:14 PM org.hibernate.tool.hbm2ddl.TableMetadata <init>
INFO: HHH000037: Columns: [descripciontipodepago, nombretipodepago, idtipodepago, activotipodepago]
oct 14, 2021 4:33:14 PM org.hibernate.jpa.internal.EntityManagerFactoryRegistry addEntityManagerFactory
WARN: HHH000436: Entity manager factory name (DB) is already registered.  If entity manager will be clustered or passivated, specify a unique value for property 'hibernate.ejb.entitymanager_factory_name'
oct 14, 2021 4:33:14 PM org.hibernate.ejb.HibernatePersistence logDeprecation
WARN: HHH015016: Encountered a deprecated javax.persistence.spi.PersistenceProvider [org.hibernate.ejb.HibernatePersistence]; use [org.hibernate.jpa.HibernatePersistenceProvider] instead.
oct 14, 2021 4:33:14 PM org.hibernate.ejb.HibernatePersistence logDeprecation
WARN: HHH015016: Encountered a deprecated javax.persistence.spi.PersistenceProvider [org.hibernate.ejb.HibernatePersistence]; use [org.hibernate.jpa.HibernatePersistenceProvider] instead.
oct 14, 2021 4:33:14 PM org.hibernate.ejb.HibernatePersistence logDeprecation
WARN: HHH015016: Encountered a deprecated javax.persistence.spi.PersistenceProvider [org.hibernate.ejb.HibernatePersistence]; use [org.hibernate.jpa.HibernatePersistenceProvider] instead.
oct 14, 2021 4:33:14 PM org.hibernate.tool.hbm2ddl.TableMetadata <init>
INFO: HHH000261: Table found: microcosmos.tipodocumento
oct 14, 2021 4:33:14 PM org.hibernate.tool.hbm2ddl.TableMetadata <init>
INFO: HHH000037: Columns: [nombretipodocumento, descripciontipodocumento, activotipodocumento, idtipodocumento]
oct 14, 2021 4:33:14 PM org.hibernate.tool.hbm2ddl.TableMetadata <init>
INFO: HHH000261: Table found: microcosmos.usuarios
oct 14, 2021 4:33:14 PM org.hibernate.tool.hbm2ddl.TableMetadata <init>
INFO: HHH000037: Columns: [nombreusuario, idempleados, numerodeintentos, activousuario, admin, contrasena, idusuario]
oct 14, 2021 4:33:14 PM org.hibernate.jpa.internal.util.LogHelper logPersistenceUnitInformation
INFO: HHH000204: Processing PersistenceUnitInfo [
	name: DB
	...]
oct 14, 2021 4:33:14 PM org.hibernate.tool.hbm2ddl.TableMetadata <init>
INFO: HHH000261: Table found: microcosmos.venta
oct 14, 2021 4:33:14 PM org.hibernate.tool.hbm2ddl.TableMetadata <init>
INFO: HHH000037: Columns: [numtarjeta, idtipodepago, formato, montoefectivo, idcliente, idestado, idventa, total, idempleados, impuesto, subtotal, montotarjeta, fechaventa, idparametros]
oct 14, 2021 4:33:14 PM org.hibernate.jpa.internal.EntityManagerFactoryRegistry addEntityManagerFactory
WARN: HHH000436: Entity manager factory name (DB) is already registered.  If entity manager will be clustered or passivated, specify a unique value for property 'hibernate.ejb.entitymanager_factory_name'
oct 14, 2021 4:33:14 PM org.hibernate.ejb.HibernatePersistence logDeprecation
WARN: HHH015016: Encountered a deprecated javax.persistence.spi.PersistenceProvider [org.hibernate.ejb.HibernatePersistence]; use [org.hibernate.jpa.HibernatePersistenceProvider] instead.
oct 14, 2021 4:33:14 PM org.hibernate.ejb.HibernatePersistence logDeprecation
WARN: HHH015016: Encountered a deprecated javax.persistence.spi.PersistenceProvider [org.hibernate.ejb.HibernatePersistence]; use [org.hibernate.jpa.HibernatePersistenceProvider] instead.
oct 14, 2021 4:33:14 PM org.hibernate.ejb.HibernatePersistence logDeprecation
WARN: HHH015016: Encountered a deprecated javax.persistence.spi.PersistenceProvider [org.hibernate.ejb.HibernatePersistence]; use [org.hibernate.jpa.HibernatePersistenceProvider] instead.
oct 14, 2021 4:33:14 PM org.hibernate.jpa.internal.util.LogHelper logPersistenceUnitInformation
INFO: HHH000204: Processing PersistenceUnitInfo [
	name: DB
	...]
oct 14, 2021 4:33:14 PM org.hibernate.engine.jdbc.connections.internal.DriverManagerConnectionProviderImpl configure
WARN: HHH000402: Using Hibernate built-in connection pool (not for production use!)
oct 14, 2021 4:33:14 PM org.hibernate.engine.jdbc.connections.internal.DriverManagerConnectionProviderImpl buildCreator
INFO: HHH000401: using driver [com.mysql.jdbc.Driver] at URL [jdbc:mysql://localhost:3306/Microcosmos?zeroDateTimeBehavior=convertToNull]
oct 14, 2021 4:33:14 PM org.hibernate.engine.jdbc.connections.internal.DriverManagerConnectionProviderImpl buildCreator
INFO: HHH000046: Connection properties: {user=root, password=****}
oct 14, 2021 4:33:14 PM org.hibernate.engine.jdbc.connections.internal.DriverManagerConnectionProviderImpl buildCreator
INFO: HHH000006: Autocommit mode: false
oct 14, 2021 4:33:14 PM org.hibernate.engine.jdbc.connections.internal.DriverManagerConnectionProviderImpl configure
INFO: HHH000115: Hibernate connection pool size: 20 (min=1)
oct 14, 2021 4:33:14 PM org.hibernate.engine.jdbc.connections.internal.DriverManagerConnectionProviderImpl configure
WARN: HHH000402: Using Hibernate built-in connection pool (not for production use!)
oct 14, 2021 4:33:14 PM org.hibernate.engine.jdbc.connections.internal.DriverManagerConnectionProviderImpl buildCreator
INFO: HHH000401: using driver [com.mysql.jdbc.Driver] at URL [jdbc:mysql://localhost:3306/Microcosmos?zeroDateTimeBehavior=convertToNull]
oct 14, 2021 4:33:14 PM org.hibernate.engine.jdbc.connections.internal.DriverManagerConnectionProviderImpl buildCreator
INFO: HHH000046: Connection properties: {user=root, password=****}
oct 14, 2021 4:33:14 PM org.hibernate.engine.jdbc.connections.internal.DriverManagerConnectionProviderImpl buildCreator
INFO: HHH000006: Autocommit mode: false
oct 14, 2021 4:33:14 PM org.hibernate.engine.jdbc.connections.internal.DriverManagerConnectionProviderImpl configure
INFO: HHH000115: Hibernate connection pool size: 20 (min=1)
oct 14, 2021 4:33:14 PM org.hibernate.dialect.Dialect <init>
INFO: HHH000400: Using dialect: org.hibernate.dialect.MySQLDialect
oct 14, 2021 4:33:14 PM org.hibernate.hql.internal.ast.ASTQueryTranslatorFactory <init>
INFO: HHH000397: Using ASTQueryTranslatorFactory
oct 14, 2021 4:33:14 PM org.hibernate.tool.hbm2ddl.SchemaValidator validate
INFO: HHH000229: Running schema validator
oct 14, 2021 4:33:14 PM org.hibernate.tool.hbm2ddl.SchemaValidator validate
INFO: HHH000102: Fetching database metadata
oct 14, 2021 4:33:14 PM org.hibernate.dialect.Dialect <init>
INFO: HHH000400: Using dialect: org.hibernate.dialect.MySQLDialect
oct 14, 2021 4:33:14 PM org.hibernate.tool.hbm2ddl.TableMetadata <init>
INFO: HHH000261: Table found: microcosmos.arealaboral
oct 14, 2021 4:33:14 PM org.hibernate.tool.hbm2ddl.TableMetadata <init>
INFO: HHH000037: Columns: [idarealaboral, descripcionarealaboral, nombrearealaboral, activoarealaboral]
oct 14, 2021 4:33:14 PM org.hibernate.tool.hbm2ddl.TableMetadata <init>
INFO: HHH000261: Table found: microcosmos.arealaboralhistorica
oct 14, 2021 4:33:14 PM org.hibernate.tool.hbm2ddl.TableMetadata <init>
INFO: HHH000037: Columns: [idempleados, fechaconclusion, fechacomienzo, idarealaboralhistorica]
oct 14, 2021 4:33:14 PM org.hibernate.hql.internal.ast.ASTQueryTranslatorFactory <init>
INFO: HHH000397: Using ASTQueryTranslatorFactory
oct 14, 2021 4:33:14 PM org.hibernate.tool.hbm2ddl.TableMetadata <init>
INFO: HHH000261: Table found: microcosmos.articulo
oct 14, 2021 4:33:14 PM org.hibernate.tool.hbm2ddl.TableMetadata <init>
INFO: HHH000037: Columns: [idsecciontienda, stockmaximo, activoarticulo, nombrearticulo, stockminimo, precioarticulo, idtalla, stock, descripcionarticulo, idarticulo]
oct 14, 2021 4:33:14 PM org.hibernate.tool.hbm2ddl.TableMetadata <init>
INFO: HHH000261: Table found: microcosmos.clientes
oct 14, 2021 4:33:14 PM org.hibernate.tool.hbm2ddl.TableMetadata <init>
INFO: HHH000037: Columns: [telefonocliente, direccioncliente, idtipodocumento, idsexo, documento, activocliente, idcliente, nombrecliente, apellidocliente, correocliente]
oct 14, 2021 4:33:14 PM org.hibernate.tool.hbm2ddl.SchemaValidator validate
INFO: HHH000229: Running schema validator
oct 14, 2021 4:33:14 PM org.hibernate.tool.hbm2ddl.SchemaValidator validate
INFO: HHH000102: Fetching database metadata
oct 14, 2021 4:33:14 PM org.hibernate.tool.hbm2ddl.TableMetadata <init>
INFO: HHH000261: Table found: microcosmos.compra
oct 14, 2021 4:33:14 PM org.hibernate.tool.hbm2ddl.TableMetadata <init>
INFO: HHH000037: Columns: [idcompra, fechapedido, idproveedor, idempleados, fecharecibido, totalcompra, idestado]
oct 14, 2021 4:33:14 PM org.hibernate.tool.hbm2ddl.TableMetadata <init>
INFO: HHH000261: Table found: microcosmos.arealaboral
oct 14, 2021 4:33:14 PM org.hibernate.tool.hbm2ddl.TableMetadata <init>
INFO: HHH000037: Columns: [idarealaboral, descripcionarealaboral, nombrearealaboral, activoarealaboral]
oct 14, 2021 4:33:14 PM org.hibernate.tool.hbm2ddl.TableMetadata <init>
INFO: HHH000261: Table found: microcosmos.detallecompra
oct 14, 2021 4:33:14 PM org.hibernate.tool.hbm2ddl.TableMetadata <init>
INFO: HHH000037: Columns: [idcompra, iddetallecompra, preciocompra, cantidad, idarticulo]
oct 14, 2021 4:33:14 PM org.hibernate.tool.hbm2ddl.TableMetadata <init>
INFO: HHH000261: Table found: microcosmos.arealaboralhistorica
oct 14, 2021 4:33:14 PM org.hibernate.tool.hbm2ddl.TableMetadata <init>
INFO: HHH000037: Columns: [idempleados, fechaconclusion, fechacomienzo, idarealaboralhistorica]
oct 14, 2021 4:33:14 PM org.hibernate.tool.hbm2ddl.TableMetadata <init>
INFO: HHH000261: Table found: microcosmos.detalleventa
oct 14, 2021 4:33:14 PM org.hibernate.tool.hbm2ddl.TableMetadata <init>
INFO: HHH000037: Columns: [idventa, iddetalleventa, cantidad, idarticulo]
oct 14, 2021 4:33:14 PM org.hibernate.tool.hbm2ddl.TableMetadata <init>
INFO: HHH000261: Table found: microcosmos.articulo
oct 14, 2021 4:33:14 PM org.hibernate.tool.hbm2ddl.TableMetadata <init>
INFO: HHH000037: Columns: [idsecciontienda, stockmaximo, activoarticulo, nombrearticulo, stockminimo, precioarticulo, idtalla, stock, descripcionarticulo, idarticulo]
oct 14, 2021 4:33:14 PM org.hibernate.tool.hbm2ddl.TableMetadata <init>
INFO: HHH000261: Table found: microcosmos.empleados
oct 14, 2021 4:33:14 PM org.hibernate.tool.hbm2ddl.TableMetadata <init>
INFO: HHH000037: Columns: [idempleados, idarealaboral, idtipodocumento, idsexo, telefonoempleado, documento, nombreempleado, correoempleado, apellidoempleado, fechadenacimiento, activoempleado]
oct 14, 2021 4:33:14 PM org.hibernate.tool.hbm2ddl.TableMetadata <init>
INFO: HHH000261: Table found: microcosmos.clientes
oct 14, 2021 4:33:14 PM org.hibernate.tool.hbm2ddl.TableMetadata <init>
INFO: HHH000037: Columns: [telefonocliente, direccioncliente, idtipodocumento, idsexo, documento, activocliente, idcliente, nombrecliente, apellidocliente, correocliente]
oct 14, 2021 4:33:14 PM org.hibernate.tool.hbm2ddl.TableMetadata <init>
INFO: HHH000261: Table found: microcosmos.entidades
oct 14, 2021 4:33:14 PM org.hibernate.tool.hbm2ddl.TableMetadata <init>
INFO: HHH000037: Columns: [identidad, activoentidad, nombreentidad]
oct 14, 2021 4:33:14 PM org.hibernate.tool.hbm2ddl.TableMetadata <init>
INFO: HHH000261: Table found: microcosmos.compra
oct 14, 2021 4:33:14 PM org.hibernate.tool.hbm2ddl.TableMetadata <init>
INFO: HHH000037: Columns: [idcompra, fechapedido, idproveedor, idempleados, fecharecibido, totalcompra, idestado]
oct 14, 2021 4:33:14 PM org.hibernate.tool.hbm2ddl.TableMetadata <init>
INFO: HHH000261: Table found: microcosmos.estado
oct 14, 2021 4:33:14 PM org.hibernate.tool.hbm2ddl.TableMetadata <init>
INFO: HHH000037: Columns: [nombreestado, activoestado, identidad, descripcionestado, idestado]
oct 14, 2021 4:33:14 PM org.hibernate.tool.hbm2ddl.TableMetadata <init>
INFO: HHH000261: Table found: microcosmos.detallecompra
oct 14, 2021 4:33:14 PM org.hibernate.tool.hbm2ddl.TableMetadata <init>
INFO: HHH000037: Columns: [idcompra, iddetallecompra, preciocompra, cantidad, idarticulo]
oct 14, 2021 4:33:14 PM org.hibernate.tool.hbm2ddl.TableMetadata <init>
INFO: HHH000261: Table found: microcosmos.facturasdevueltas
oct 14, 2021 4:33:14 PM org.hibernate.tool.hbm2ddl.TableMetadata <init>
INFO: HHH000037: Columns: [idventa, descripcion, fechadevolucion, idempleados, idfacturadevuelta]
oct 14, 2021 4:33:14 PM org.hibernate.tool.hbm2ddl.TableMetadata <init>
INFO: HHH000261: Table found: microcosmos.parametros
oct 14, 2021 4:33:14 PM org.hibernate.tool.hbm2ddl.TableMetadata <init>
INFO: HHH000037: Columns: [facturainicial, fechaemision, facturafinal, activoparametros, fechacaducidad, cai, idparametros]
oct 14, 2021 4:33:14 PM org.hibernate.tool.hbm2ddl.TableMetadata <init>
INFO: HHH000261: Table found: microcosmos.detalleventa
oct 14, 2021 4:33:14 PM org.hibernate.tool.hbm2ddl.TableMetadata <init>
INFO: HHH000037: Columns: [idventa, iddetalleventa, cantidad, idarticulo]
oct 14, 2021 4:33:14 PM org.hibernate.tool.hbm2ddl.TableMetadata <init>
INFO: HHH000261: Table found: microcosmos.pedidosdevueltos
oct 14, 2021 4:33:14 PM org.hibernate.tool.hbm2ddl.TableMetadata <init>
INFO: HHH000037: Columns: [idcompra, descripcion, idempleados, idpedidosdevueltos, fechaanulacion]
oct 14, 2021 4:33:14 PM org.hibernate.tool.hbm2ddl.TableMetadata <init>
INFO: HHH000261: Table found: microcosmos.empleados
oct 14, 2021 4:33:14 PM org.hibernate.tool.hbm2ddl.TableMetadata <init>
INFO: HHH000037: Columns: [idempleados, idarealaboral, idtipodocumento, idsexo, telefonoempleado, documento, nombreempleado, correoempleado, apellidoempleado, fechadenacimiento, activoempleado]
oct 14, 2021 4:33:14 PM org.hibernate.tool.hbm2ddl.TableMetadata <init>
INFO: HHH000261: Table found: microcosmos.preciohistorico
oct 14, 2021 4:33:14 PM org.hibernate.tool.hbm2ddl.TableMetadata <init>
INFO: HHH000261: Table found: microcosmos.entidades
oct 14, 2021 4:33:14 PM org.hibernate.tool.hbm2ddl.TableMetadata <init>
INFO: HHH000037: Columns: [identidad, activoentidad, nombreentidad]
oct 14, 2021 4:33:14 PM org.hibernate.tool.hbm2ddl.TableMetadata <init>
INFO: HHH000037: Columns: [precio, idpreciohistorico, fechainicial, fechafinal, idarticulo, activopreciohistorico]
oct 14, 2021 4:33:14 PM org.hibernate.tool.hbm2ddl.TableMetadata <init>
INFO: HHH000261: Table found: microcosmos.proveedores
oct 14, 2021 4:33:14 PM org.hibernate.tool.hbm2ddl.TableMetadata <init>
INFO: HHH000261: Table found: microcosmos.estado
oct 14, 2021 4:33:14 PM org.hibernate.tool.hbm2ddl.TableMetadata <init>
INFO: HHH000037: Columns: [idproveedor, activoproveedor, idtipodocumento, nombreproveedor, correoproveedor, telefonoproveedor, documento, ubicacionproveedor]
oct 14, 2021 4:33:14 PM org.hibernate.tool.hbm2ddl.TableMetadata <init>
INFO: HHH000037: Columns: [nombreestado, activoestado, identidad, descripcionestado, idestado]
oct 14, 2021 4:33:14 PM org.hibernate.tool.hbm2ddl.TableMetadata <init>
INFO: HHH000261: Table found: microcosmos.facturasdevueltas
oct 14, 2021 4:33:14 PM org.hibernate.tool.hbm2ddl.TableMetadata <init>
INFO: HHH000037: Columns: [idventa, descripcion, fechadevolucion, idempleados, idfacturadevuelta]
oct 14, 2021 4:33:14 PM org.hibernate.tool.hbm2ddl.TableMetadata <init>
INFO: HHH000261: Table found: microcosmos.secciontienda
oct 14, 2021 4:33:14 PM org.hibernate.tool.hbm2ddl.TableMetadata <init>
INFO: HHH000037: Columns: [idsecciontienda, descripcionsecciontienda, nombresecciontienda, activosecciontienda]
oct 14, 2021 4:33:14 PM org.hibernate.tool.hbm2ddl.TableMetadata <init>
INFO: HHH000261: Table found: microcosmos.parametros
oct 14, 2021 4:33:14 PM org.hibernate.tool.hbm2ddl.TableMetadata <init>
INFO: HHH000261: Table found: microcosmos.sexo
oct 14, 2021 4:33:14 PM org.hibernate.tool.hbm2ddl.TableMetadata <init>
INFO: HHH000037: Columns: [facturainicial, fechaemision, facturafinal, activoparametros, fechacaducidad, cai, idparametros]
oct 14, 2021 4:33:14 PM org.hibernate.tool.hbm2ddl.TableMetadata <init>
INFO: HHH000037: Columns: [idsexo, nombresexo, descripcionsexo]
oct 14, 2021 4:33:14 PM org.hibernate.tool.hbm2ddl.TableMetadata <init>
INFO: HHH000261: Table found: microcosmos.pedidosdevueltos
oct 14, 2021 4:33:14 PM org.hibernate.tool.hbm2ddl.TableMetadata <init>
INFO: HHH000261: Table found: microcosmos.talla
oct 14, 2021 4:33:14 PM org.hibernate.tool.hbm2ddl.TableMetadata <init>
INFO: HHH000037: Columns: [activotalla, nombretalla, descripciontalla, idtalla]
oct 14, 2021 4:33:14 PM org.hibernate.tool.hbm2ddl.TableMetadata <init>
INFO: HHH000037: Columns: [idcompra, descripcion, idempleados, idpedidosdevueltos, fechaanulacion]
oct 14, 2021 4:33:14 PM org.hibernate.tool.hbm2ddl.TableMetadata <init>
INFO: HHH000261: Table found: microcosmos.tipodepago
oct 14, 2021 4:33:14 PM org.hibernate.tool.hbm2ddl.TableMetadata <init>
INFO: HHH000261: Table found: microcosmos.preciohistorico
oct 14, 2021 4:33:14 PM org.hibernate.tool.hbm2ddl.TableMetadata <init>
INFO: HHH000037: Columns: [descripciontipodepago, nombretipodepago, idtipodepago, activotipodepago]
oct 14, 2021 4:33:14 PM org.hibernate.tool.hbm2ddl.TableMetadata <init>
INFO: HHH000037: Columns: [precio, idpreciohistorico, fechainicial, fechafinal, idarticulo, activopreciohistorico]
oct 14, 2021 4:33:14 PM org.hibernate.tool.hbm2ddl.TableMetadata <init>
INFO: HHH000261: Table found: microcosmos.tipodocumento
oct 14, 2021 4:33:14 PM org.hibernate.tool.hbm2ddl.TableMetadata <init>
INFO: HHH000037: Columns: [nombretipodocumento, descripciontipodocumento, activotipodocumento, idtipodocumento]
oct 14, 2021 4:33:14 PM org.hibernate.tool.hbm2ddl.TableMetadata <init>
INFO: HHH000261: Table found: microcosmos.proveedores
oct 14, 2021 4:33:14 PM org.hibernate.tool.hbm2ddl.TableMetadata <init>
INFO: HHH000037: Columns: [idproveedor, activoproveedor, idtipodocumento, nombreproveedor, correoproveedor, telefonoproveedor, documento, ubicacionproveedor]
oct 14, 2021 4:33:14 PM org.hibernate.tool.hbm2ddl.TableMetadata <init>
INFO: HHH000261: Table found: microcosmos.usuarios
oct 14, 2021 4:33:14 PM org.hibernate.tool.hbm2ddl.TableMetadata <init>
INFO: HHH000037: Columns: [nombreusuario, idempleados, numerodeintentos, activousuario, admin, contrasena, idusuario]
oct 14, 2021 4:33:14 PM org.hibernate.tool.hbm2ddl.TableMetadata <init>
INFO: HHH000261: Table found: microcosmos.secciontienda
oct 14, 2021 4:33:14 PM org.hibernate.tool.hbm2ddl.TableMetadata <init>
INFO: HHH000037: Columns: [idsecciontienda, descripcionsecciontienda, nombresecciontienda, activosecciontienda]
oct 14, 2021 4:33:14 PM org.hibernate.tool.hbm2ddl.TableMetadata <init>
INFO: HHH000261: Table found: microcosmos.sexo
oct 14, 2021 4:33:14 PM org.hibernate.tool.hbm2ddl.TableMetadata <init>
INFO: HHH000261: Table found: microcosmos.venta
oct 14, 2021 4:33:14 PM org.hibernate.tool.hbm2ddl.TableMetadata <init>
INFO: HHH000037: Columns: [numtarjeta, idtipodepago, formato, montoefectivo, idcliente, idestado, idventa, total, idempleados, impuesto, subtotal, montotarjeta, fechaventa, idparametros]
oct 14, 2021 4:33:14 PM org.hibernate.tool.hbm2ddl.TableMetadata <init>
INFO: HHH000037: Columns: [idsexo, nombresexo, descripcionsexo]
oct 14, 2021 4:33:14 PM org.hibernate.jpa.internal.EntityManagerFactoryRegistry addEntityManagerFactory
WARN: HHH000436: Entity manager factory name (DB) is already registered.  If entity manager will be clustered or passivated, specify a unique value for property 'hibernate.ejb.entitymanager_factory_name'
oct 14, 2021 4:33:14 PM org.hibernate.tool.hbm2ddl.TableMetadata <init>
INFO: HHH000261: Table found: microcosmos.talla
oct 14, 2021 4:33:14 PM org.hibernate.tool.hbm2ddl.TableMetadata <init>
INFO: HHH000037: Columns: [activotalla, nombretalla, descripciontalla, idtalla]
oct 14, 2021 4:33:14 PM org.hibernate.tool.hbm2ddl.TableMetadata <init>
INFO: HHH000261: Table found: microcosmos.tipodepago
oct 14, 2021 4:33:14 PM org.hibernate.tool.hbm2ddl.TableMetadata <init>
INFO: HHH000037: Columns: [descripciontipodepago, nombretipodepago, idtipodepago, activotipodepago]
oct 14, 2021 4:33:14 PM org.hibernate.tool.hbm2ddl.TableMetadata <init>
INFO: HHH000261: Table found: microcosmos.tipodocumento
oct 14, 2021 4:33:14 PM org.hibernate.tool.hbm2ddl.TableMetadata <init>
INFO: HHH000037: Columns: [nombretipodocumento, descripciontipodocumento, activotipodocumento, idtipodocumento]
oct 14, 2021 4:33:15 PM org.hibernate.tool.hbm2ddl.TableMetadata <init>
INFO: HHH000261: Table found: microcosmos.usuarios
oct 14, 2021 4:33:15 PM org.hibernate.tool.hbm2ddl.TableMetadata <init>
INFO: HHH000037: Columns: [nombreusuario, idempleados, numerodeintentos, activousuario, admin, contrasena, idusuario]
oct 14, 2021 4:33:15 PM org.hibernate.tool.hbm2ddl.TableMetadata <init>
INFO: HHH000261: Table found: microcosmos.venta
oct 14, 2021 4:33:15 PM org.hibernate.tool.hbm2ddl.TableMetadata <init>
INFO: HHH000037: Columns: [numtarjeta, idtipodepago, formato, montoefectivo, idcliente, idestado, idventa, total, idempleados, impuesto, subtotal, montotarjeta, fechaventa, idparametros]
oct 14, 2021 4:33:15 PM org.hibernate.jpa.internal.EntityManagerFactoryRegistry addEntityManagerFactory
WARN: HHH000436: Entity manager factory name (DB) is already registered.  If entity manager will be clustered or passivated, specify a unique value for property 'hibernate.ejb.entitymanager_factory_name'
oct 14, 2021 4:33:15 PM org.hibernate.ejb.HibernatePersistence logDeprecation
WARN: HHH015016: Encountered a deprecated javax.persistence.spi.PersistenceProvider [org.hibernate.ejb.HibernatePersistence]; use [org.hibernate.jpa.HibernatePersistenceProvider] instead.
oct 14, 2021 4:33:15 PM org.hibernate.ejb.HibernatePersistence logDeprecation
WARN: HHH015016: Encountered a deprecated javax.persistence.spi.PersistenceProvider [org.hibernate.ejb.HibernatePersistence]; use [org.hibernate.jpa.HibernatePersistenceProvider] instead.
oct 14, 2021 4:33:15 PM org.hibernate.ejb.HibernatePersistence logDeprecation
WARN: HHH015016: Encountered a deprecated javax.persistence.spi.PersistenceProvider [org.hibernate.ejb.HibernatePersistence]; use [org.hibernate.jpa.HibernatePersistenceProvider] instead.
oct 14, 2021 4:33:15 PM org.hibernate.jpa.internal.util.LogHelper logPersistenceUnitInformation
INFO: HHH000204: Processing PersistenceUnitInfo [
	name: DB
	...]
oct 14, 2021 4:33:15 PM org.hibernate.engine.jdbc.connections.internal.DriverManagerConnectionProviderImpl configure
WARN: HHH000402: Using Hibernate built-in connection pool (not for production use!)
oct 14, 2021 4:33:15 PM org.hibernate.engine.jdbc.connections.internal.DriverManagerConnectionProviderImpl buildCreator
INFO: HHH000401: using driver [com.mysql.jdbc.Driver] at URL [jdbc:mysql://localhost:3306/Microcosmos?zeroDateTimeBehavior=convertToNull]
oct 14, 2021 4:33:15 PM org.hibernate.engine.jdbc.connections.internal.DriverManagerConnectionProviderImpl buildCreator
INFO: HHH000046: Connection properties: {user=root, password=****}
oct 14, 2021 4:33:15 PM org.hibernate.engine.jdbc.connections.internal.DriverManagerConnectionProviderImpl buildCreator
INFO: HHH000006: Autocommit mode: false
oct 14, 2021 4:33:15 PM org.hibernate.engine.jdbc.connections.internal.DriverManagerConnectionProviderImpl configure
INFO: HHH000115: Hibernate connection pool size: 20 (min=1)
oct 14, 2021 4:33:15 PM org.hibernate.dialect.Dialect <init>
INFO: HHH000400: Using dialect: org.hibernate.dialect.MySQLDialect
oct 14, 2021 4:33:15 PM org.hibernate.hql.internal.ast.ASTQueryTranslatorFactory <init>
INFO: HHH000397: Using ASTQueryTranslatorFactory
oct 14, 2021 4:33:15 PM org.hibernate.tool.hbm2ddl.SchemaValidator validate
INFO: HHH000229: Running schema validator
oct 14, 2021 4:33:15 PM org.hibernate.tool.hbm2ddl.SchemaValidator validate
INFO: HHH000102: Fetching database metadata
oct 14, 2021 4:33:15 PM org.hibernate.tool.hbm2ddl.TableMetadata <init>
INFO: HHH000261: Table found: microcosmos.arealaboral
oct 14, 2021 4:33:15 PM org.hibernate.tool.hbm2ddl.TableMetadata <init>
INFO: HHH000037: Columns: [idarealaboral, descripcionarealaboral, nombrearealaboral, activoarealaboral]
oct 14, 2021 4:33:15 PM org.hibernate.tool.hbm2ddl.TableMetadata <init>
INFO: HHH000261: Table found: microcosmos.arealaboralhistorica
oct 14, 2021 4:33:15 PM org.hibernate.tool.hbm2ddl.TableMetadata <init>
INFO: HHH000037: Columns: [idempleados, fechaconclusion, fechacomienzo, idarealaboralhistorica]
oct 14, 2021 4:33:15 PM org.hibernate.tool.hbm2ddl.TableMetadata <init>
INFO: HHH000261: Table found: microcosmos.articulo
oct 14, 2021 4:33:15 PM org.hibernate.tool.hbm2ddl.TableMetadata <init>
INFO: HHH000037: Columns: [idsecciontienda, stockmaximo, activoarticulo, nombrearticulo, stockminimo, precioarticulo, idtalla, stock, descripcionarticulo, idarticulo]
oct 14, 2021 4:33:15 PM org.hibernate.tool.hbm2ddl.TableMetadata <init>
INFO: HHH000261: Table found: microcosmos.clientes
oct 14, 2021 4:33:15 PM org.hibernate.tool.hbm2ddl.TableMetadata <init>
INFO: HHH000037: Columns: [telefonocliente, direccioncliente, idtipodocumento, idsexo, documento, activocliente, idcliente, nombrecliente, apellidocliente, correocliente]
oct 14, 2021 4:33:15 PM org.hibernate.tool.hbm2ddl.TableMetadata <init>
INFO: HHH000261: Table found: microcosmos.compra
oct 14, 2021 4:33:15 PM org.hibernate.tool.hbm2ddl.TableMetadata <init>
INFO: HHH000037: Columns: [idcompra, fechapedido, idproveedor, idempleados, fecharecibido, totalcompra, idestado]
oct 14, 2021 4:33:15 PM org.hibernate.tool.hbm2ddl.TableMetadata <init>
INFO: HHH000261: Table found: microcosmos.detallecompra
oct 14, 2021 4:33:15 PM org.hibernate.tool.hbm2ddl.TableMetadata <init>
INFO: HHH000037: Columns: [idcompra, iddetallecompra, preciocompra, cantidad, idarticulo]
oct 14, 2021 4:33:15 PM org.hibernate.tool.hbm2ddl.TableMetadata <init>
INFO: HHH000261: Table found: microcosmos.detalleventa
oct 14, 2021 4:33:15 PM org.hibernate.tool.hbm2ddl.TableMetadata <init>
INFO: HHH000037: Columns: [idventa, iddetalleventa, cantidad, idarticulo]
oct 14, 2021 4:33:15 PM org.hibernate.tool.hbm2ddl.TableMetadata <init>
INFO: HHH000261: Table found: microcosmos.empleados
oct 14, 2021 4:33:15 PM org.hibernate.tool.hbm2ddl.TableMetadata <init>
INFO: HHH000037: Columns: [idempleados, idarealaboral, idtipodocumento, idsexo, telefonoempleado, documento, nombreempleado, correoempleado, apellidoempleado, fechadenacimiento, activoempleado]
oct 14, 2021 4:33:15 PM org.hibernate.tool.hbm2ddl.TableMetadata <init>
INFO: HHH000261: Table found: microcosmos.entidades
oct 14, 2021 4:33:15 PM org.hibernate.tool.hbm2ddl.TableMetadata <init>
INFO: HHH000037: Columns: [identidad, activoentidad, nombreentidad]
oct 14, 2021 4:33:15 PM org.hibernate.tool.hbm2ddl.TableMetadata <init>
INFO: HHH000261: Table found: microcosmos.estado
oct 14, 2021 4:33:15 PM org.hibernate.tool.hbm2ddl.TableMetadata <init>
INFO: HHH000037: Columns: [nombreestado, activoestado, identidad, descripcionestado, idestado]
oct 14, 2021 4:33:15 PM org.hibernate.tool.hbm2ddl.TableMetadata <init>
INFO: HHH000261: Table found: microcosmos.facturasdevueltas
oct 14, 2021 4:33:15 PM org.hibernate.tool.hbm2ddl.TableMetadata <init>
INFO: HHH000037: Columns: [idventa, descripcion, fechadevolucion, idempleados, idfacturadevuelta]
oct 14, 2021 4:33:15 PM org.hibernate.tool.hbm2ddl.TableMetadata <init>
INFO: HHH000261: Table found: microcosmos.parametros
oct 14, 2021 4:33:15 PM org.hibernate.tool.hbm2ddl.TableMetadata <init>
INFO: HHH000037: Columns: [facturainicial, fechaemision, facturafinal, activoparametros, fechacaducidad, cai, idparametros]
oct 14, 2021 4:33:15 PM org.hibernate.tool.hbm2ddl.TableMetadata <init>
INFO: HHH000261: Table found: microcosmos.pedidosdevueltos
oct 14, 2021 4:33:15 PM org.hibernate.tool.hbm2ddl.TableMetadata <init>
INFO: HHH000037: Columns: [idcompra, descripcion, idempleados, idpedidosdevueltos, fechaanulacion]
oct 14, 2021 4:33:15 PM org.hibernate.tool.hbm2ddl.TableMetadata <init>
INFO: HHH000261: Table found: microcosmos.preciohistorico
oct 14, 2021 4:33:15 PM org.hibernate.tool.hbm2ddl.TableMetadata <init>
INFO: HHH000037: Columns: [precio, idpreciohistorico, fechainicial, fechafinal, idarticulo, activopreciohistorico]
oct 14, 2021 4:33:15 PM org.hibernate.tool.hbm2ddl.TableMetadata <init>
INFO: HHH000261: Table found: microcosmos.proveedores
oct 14, 2021 4:33:15 PM org.hibernate.tool.hbm2ddl.TableMetadata <init>
INFO: HHH000037: Columns: [idproveedor, activoproveedor, idtipodocumento, nombreproveedor, correoproveedor, telefonoproveedor, documento, ubicacionproveedor]
oct 14, 2021 4:33:15 PM org.hibernate.tool.hbm2ddl.TableMetadata <init>
INFO: HHH000261: Table found: microcosmos.secciontienda
oct 14, 2021 4:33:15 PM org.hibernate.tool.hbm2ddl.TableMetadata <init>
INFO: HHH000037: Columns: [idsecciontienda, descripcionsecciontienda, nombresecciontienda, activosecciontienda]
oct 14, 2021 4:33:15 PM org.hibernate.tool.hbm2ddl.TableMetadata <init>
INFO: HHH000261: Table found: microcosmos.sexo
oct 14, 2021 4:33:15 PM org.hibernate.tool.hbm2ddl.TableMetadata <init>
INFO: HHH000037: Columns: [idsexo, nombresexo, descripcionsexo]
oct 14, 2021 4:33:15 PM org.hibernate.tool.hbm2ddl.TableMetadata <init>
INFO: HHH000261: Table found: microcosmos.talla
oct 14, 2021 4:33:15 PM org.hibernate.tool.hbm2ddl.TableMetadata <init>
INFO: HHH000037: Columns: [activotalla, nombretalla, descripciontalla, idtalla]
oct 14, 2021 4:33:15 PM org.hibernate.tool.hbm2ddl.TableMetadata <init>
INFO: HHH000261: Table found: microcosmos.tipodepago
oct 14, 2021 4:33:15 PM org.hibernate.tool.hbm2ddl.TableMetadata <init>
INFO: HHH000037: Columns: [descripciontipodepago, nombretipodepago, idtipodepago, activotipodepago]
oct 14, 2021 4:33:15 PM org.hibernate.tool.hbm2ddl.TableMetadata <init>
INFO: HHH000261: Table found: microcosmos.tipodocumento
oct 14, 2021 4:33:15 PM org.hibernate.tool.hbm2ddl.TableMetadata <init>
INFO: HHH000037: Columns: [nombretipodocumento, descripciontipodocumento, activotipodocumento, idtipodocumento]
oct 14, 2021 4:33:15 PM org.hibernate.tool.hbm2ddl.TableMetadata <init>
INFO: HHH000261: Table found: microcosmos.usuarios
oct 14, 2021 4:33:15 PM org.hibernate.tool.hbm2ddl.TableMetadata <init>
INFO: HHH000037: Columns: [nombreusuario, idempleados, numerodeintentos, activousuario, admin, contrasena, idusuario]
oct 14, 2021 4:33:15 PM org.hibernate.tool.hbm2ddl.TableMetadata <init>
INFO: HHH000261: Table found: microcosmos.venta
oct 14, 2021 4:33:15 PM org.hibernate.tool.hbm2ddl.TableMetadata <init>
INFO: HHH000037: Columns: [numtarjeta, idtipodepago, formato, montoefectivo, idcliente, idestado, idventa, total, idempleados, impuesto, subtotal, montotarjeta, fechaventa, idparametros]
oct 14, 2021 4:33:15 PM org.hibernate.jpa.internal.EntityManagerFactoryRegistry addEntityManagerFactory
WARN: HHH000436: Entity manager factory name (DB) is already registered.  If entity manager will be clustered or passivated, specify a unique value for property 'hibernate.ejb.entitymanager_factory_name'
oct 14, 2021 4:33:15 PM org.hibernate.ejb.HibernatePersistence logDeprecation
WARN: HHH015016: Encountered a deprecated javax.persistence.spi.PersistenceProvider [org.hibernate.ejb.HibernatePersistence]; use [org.hibernate.jpa.HibernatePersistenceProvider] instead.
oct 14, 2021 4:33:15 PM org.hibernate.ejb.HibernatePersistence logDeprecation
WARN: HHH015016: Encountered a deprecated javax.persistence.spi.PersistenceProvider [org.hibernate.ejb.HibernatePersistence]; use [org.hibernate.jpa.HibernatePersistenceProvider] instead.
oct 14, 2021 4:33:15 PM org.hibernate.ejb.HibernatePersistence logDeprecation
WARN: HHH015016: Encountered a deprecated javax.persistence.spi.PersistenceProvider [org.hibernate.ejb.HibernatePersistence]; use [org.hibernate.jpa.HibernatePersistenceProvider] instead.
oct 14, 2021 4:33:15 PM org.hibernate.jpa.internal.util.LogHelper logPersistenceUnitInformation
INFO: HHH000204: Processing PersistenceUnitInfo [
	name: DB
	...]
oct 14, 2021 4:33:15 PM org.hibernate.engine.jdbc.connections.internal.DriverManagerConnectionProviderImpl configure
WARN: HHH000402: Using Hibernate built-in connection pool (not for production use!)
oct 14, 2021 4:33:15 PM org.hibernate.engine.jdbc.connections.internal.DriverManagerConnectionProviderImpl buildCreator
INFO: HHH000401: using driver [com.mysql.jdbc.Driver] at URL [jdbc:mysql://localhost:3306/Microcosmos?zeroDateTimeBehavior=convertToNull]
oct 14, 2021 4:33:15 PM org.hibernate.engine.jdbc.connections.internal.DriverManagerConnectionProviderImpl buildCreator
INFO: HHH000046: Connection properties: {user=root, password=****}
oct 14, 2021 4:33:15 PM org.hibernate.engine.jdbc.connections.internal.DriverManagerConnectionProviderImpl buildCreator
INFO: HHH000006: Autocommit mode: false
oct 14, 2021 4:33:15 PM org.hibernate.engine.jdbc.connections.internal.DriverManagerConnectionProviderImpl configure
INFO: HHH000115: Hibernate connection pool size: 20 (min=1)
oct 14, 2021 4:33:15 PM org.hibernate.dialect.Dialect <init>
INFO: HHH000400: Using dialect: org.hibernate.dialect.MySQLDialect
oct 14, 2021 4:33:15 PM org.hibernate.hql.internal.ast.ASTQueryTranslatorFactory <init>
INFO: HHH000397: Using ASTQueryTranslatorFactory
oct 14, 2021 4:33:15 PM org.hibernate.tool.hbm2ddl.SchemaValidator validate
INFO: HHH000229: Running schema validator
oct 14, 2021 4:33:15 PM org.hibernate.tool.hbm2ddl.SchemaValidator validate
INFO: HHH000102: Fetching database metadata
oct 14, 2021 4:33:15 PM org.hibernate.tool.hbm2ddl.TableMetadata <init>
INFO: HHH000261: Table found: microcosmos.arealaboral
oct 14, 2021 4:33:15 PM org.hibernate.tool.hbm2ddl.TableMetadata <init>
INFO: HHH000037: Columns: [idarealaboral, descripcionarealaboral, nombrearealaboral, activoarealaboral]
oct 14, 2021 4:33:15 PM org.hibernate.tool.hbm2ddl.TableMetadata <init>
INFO: HHH000261: Table found: microcosmos.arealaboralhistorica
oct 14, 2021 4:33:15 PM org.hibernate.tool.hbm2ddl.TableMetadata <init>
INFO: HHH000037: Columns: [idempleados, fechaconclusion, fechacomienzo, idarealaboralhistorica]
oct 14, 2021 4:33:15 PM org.hibernate.tool.hbm2ddl.TableMetadata <init>
INFO: HHH000261: Table found: microcosmos.articulo
oct 14, 2021 4:33:15 PM org.hibernate.tool.hbm2ddl.TableMetadata <init>
INFO: HHH000037: Columns: [idsecciontienda, stockmaximo, activoarticulo, nombrearticulo, stockminimo, precioarticulo, idtalla, stock, descripcionarticulo, idarticulo]
oct 14, 2021 4:33:15 PM org.hibernate.tool.hbm2ddl.TableMetadata <init>
INFO: HHH000261: Table found: microcosmos.clientes
oct 14, 2021 4:33:15 PM org.hibernate.tool.hbm2ddl.TableMetadata <init>
INFO: HHH000037: Columns: [telefonocliente, direccioncliente, idtipodocumento, idsexo, documento, activocliente, idcliente, nombrecliente, apellidocliente, correocliente]
oct 14, 2021 4:33:15 PM org.hibernate.tool.hbm2ddl.TableMetadata <init>
INFO: HHH000261: Table found: microcosmos.compra
oct 14, 2021 4:33:15 PM org.hibernate.tool.hbm2ddl.TableMetadata <init>
INFO: HHH000037: Columns: [idcompra, fechapedido, idproveedor, idempleados, fecharecibido, totalcompra, idestado]
oct 14, 2021 4:33:15 PM org.hibernate.tool.hbm2ddl.TableMetadata <init>
INFO: HHH000261: Table found: microcosmos.detallecompra
oct 14, 2021 4:33:15 PM org.hibernate.tool.hbm2ddl.TableMetadata <init>
INFO: HHH000037: Columns: [idcompra, iddetallecompra, preciocompra, cantidad, idarticulo]
oct 14, 2021 4:33:15 PM org.hibernate.tool.hbm2ddl.TableMetadata <init>
INFO: HHH000261: Table found: microcosmos.detalleventa
oct 14, 2021 4:33:15 PM org.hibernate.tool.hbm2ddl.TableMetadata <init>
INFO: HHH000037: Columns: [idventa, iddetalleventa, cantidad, idarticulo]
oct 14, 2021 4:33:15 PM org.hibernate.tool.hbm2ddl.TableMetadata <init>
INFO: HHH000261: Table found: microcosmos.empleados
oct 14, 2021 4:33:15 PM org.hibernate.tool.hbm2ddl.TableMetadata <init>
INFO: HHH000037: Columns: [idempleados, idarealaboral, idtipodocumento, idsexo, telefonoempleado, documento, nombreempleado, correoempleado, apellidoempleado, fechadenacimiento, activoempleado]
oct 14, 2021 4:33:15 PM org.hibernate.tool.hbm2ddl.TableMetadata <init>
INFO: HHH000261: Table found: microcosmos.entidades
oct 14, 2021 4:33:15 PM org.hibernate.tool.hbm2ddl.TableMetadata <init>
INFO: HHH000037: Columns: [identidad, activoentidad, nombreentidad]
oct 14, 2021 4:33:15 PM org.hibernate.tool.hbm2ddl.TableMetadata <init>
INFO: HHH000261: Table found: microcosmos.estado
oct 14, 2021 4:33:15 PM org.hibernate.tool.hbm2ddl.TableMetadata <init>
INFO: HHH000037: Columns: [nombreestado, activoestado, identidad, descripcionestado, idestado]
oct 14, 2021 4:33:15 PM org.hibernate.tool.hbm2ddl.TableMetadata <init>
INFO: HHH000261: Table found: microcosmos.facturasdevueltas
oct 14, 2021 4:33:15 PM org.hibernate.tool.hbm2ddl.TableMetadata <init>
INFO: HHH000037: Columns: [idventa, descripcion, fechadevolucion, idempleados, idfacturadevuelta]
oct 14, 2021 4:33:15 PM org.hibernate.tool.hbm2ddl.TableMetadata <init>
INFO: HHH000261: Table found: microcosmos.parametros
oct 14, 2021 4:33:15 PM org.hibernate.tool.hbm2ddl.TableMetadata <init>
INFO: HHH000037: Columns: [facturainicial, fechaemision, facturafinal, activoparametros, fechacaducidad, cai, idparametros]
oct 14, 2021 4:33:15 PM org.hibernate.tool.hbm2ddl.TableMetadata <init>
INFO: HHH000261: Table found: microcosmos.pedidosdevueltos
oct 14, 2021 4:33:15 PM org.hibernate.tool.hbm2ddl.TableMetadata <init>
INFO: HHH000037: Columns: [idcompra, descripcion, idempleados, idpedidosdevueltos, fechaanulacion]
oct 14, 2021 4:33:15 PM org.hibernate.tool.hbm2ddl.TableMetadata <init>
INFO: HHH000261: Table found: microcosmos.preciohistorico
oct 14, 2021 4:33:15 PM org.hibernate.tool.hbm2ddl.TableMetadata <init>
INFO: HHH000037: Columns: [precio, idpreciohistorico, fechainicial, fechafinal, idarticulo, activopreciohistorico]
oct 14, 2021 4:33:15 PM org.hibernate.tool.hbm2ddl.TableMetadata <init>
INFO: HHH000261: Table found: microcosmos.proveedores
oct 14, 2021 4:33:15 PM org.hibernate.tool.hbm2ddl.TableMetadata <init>
INFO: HHH000037: Columns: [idproveedor, activoproveedor, idtipodocumento, nombreproveedor, correoproveedor, telefonoproveedor, documento, ubicacionproveedor]
oct 14, 2021 4:33:15 PM org.hibernate.tool.hbm2ddl.TableMetadata <init>
INFO: HHH000261: Table found: microcosmos.secciontienda
oct 14, 2021 4:33:15 PM org.hibernate.tool.hbm2ddl.TableMetadata <init>
INFO: HHH000037: Columns: [idsecciontienda, descripcionsecciontienda, nombresecciontienda, activosecciontienda]
oct 14, 2021 4:33:15 PM org.hibernate.tool.hbm2ddl.TableMetadata <init>
INFO: HHH000261: Table found: microcosmos.sexo
oct 14, 2021 4:33:15 PM org.hibernate.tool.hbm2ddl.TableMetadata <init>
INFO: HHH000037: Columns: [idsexo, nombresexo, descripcionsexo]
oct 14, 2021 4:33:15 PM org.hibernate.tool.hbm2ddl.TableMetadata <init>
INFO: HHH000261: Table found: microcosmos.talla
oct 14, 2021 4:33:15 PM org.hibernate.tool.hbm2ddl.TableMetadata <init>
INFO: HHH000037: Columns: [activotalla, nombretalla, descripciontalla, idtalla]
oct 14, 2021 4:33:15 PM org.hibernate.tool.hbm2ddl.TableMetadata <init>
INFO: HHH000261: Table found: microcosmos.tipodepago
oct 14, 2021 4:33:15 PM org.hibernate.tool.hbm2ddl.TableMetadata <init>
INFO: HHH000037: Columns: [descripciontipodepago, nombretipodepago, idtipodepago, activotipodepago]
oct 14, 2021 4:33:15 PM org.hibernate.tool.hbm2ddl.TableMetadata <init>
INFO: HHH000261: Table found: microcosmos.tipodocumento
oct 14, 2021 4:33:15 PM org.hibernate.tool.hbm2ddl.TableMetadata <init>
INFO: HHH000037: Columns: [nombretipodocumento, descripciontipodocumento, activotipodocumento, idtipodocumento]
oct 14, 2021 4:33:15 PM org.hibernate.tool.hbm2ddl.TableMetadata <init>
INFO: HHH000261: Table found: microcosmos.usuarios
oct 14, 2021 4:33:15 PM org.hibernate.tool.hbm2ddl.TableMetadata <init>
INFO: HHH000037: Columns: [nombreusuario, idempleados, numerodeintentos, activousuario, admin, contrasena, idusuario]
oct 14, 2021 4:33:15 PM org.hibernate.tool.hbm2ddl.TableMetadata <init>
INFO: HHH000261: Table found: microcosmos.venta
oct 14, 2021 4:33:15 PM org.hibernate.tool.hbm2ddl.TableMetadata <init>
INFO: HHH000037: Columns: [numtarjeta, idtipodepago, formato, montoefectivo, idcliente, idestado, idventa, total, idempleados, impuesto, subtotal, montotarjeta, fechaventa, idparametros]
oct 14, 2021 4:33:15 PM org.hibernate.jpa.internal.EntityManagerFactoryRegistry addEntityManagerFactory
WARN: HHH000436: Entity manager factory name (DB) is already registered.  If entity manager will be clustered or passivated, specify a unique value for property 'hibernate.ejb.entitymanager_factory_name'
oct 14, 2021 4:33:15 PM org.hibernate.ejb.HibernatePersistence logDeprecation
WARN: HHH015016: Encountered a deprecated javax.persistence.spi.PersistenceProvider [org.hibernate.ejb.HibernatePersistence]; use [org.hibernate.jpa.HibernatePersistenceProvider] instead.
oct 14, 2021 4:33:15 PM org.hibernate.ejb.HibernatePersistence logDeprecation
WARN: HHH015016: Encountered a deprecated javax.persistence.spi.PersistenceProvider [org.hibernate.ejb.HibernatePersistence]; use [org.hibernate.jpa.HibernatePersistenceProvider] instead.
oct 14, 2021 4:33:15 PM org.hibernate.ejb.HibernatePersistence logDeprecation
WARN: HHH015016: Encountered a deprecated javax.persistence.spi.PersistenceProvider [org.hibernate.ejb.HibernatePersistence]; use [org.hibernate.jpa.HibernatePersistenceProvider] instead.
oct 14, 2021 4:33:15 PM org.hibernate.jpa.internal.util.LogHelper logPersistenceUnitInformation
INFO: HHH000204: Processing PersistenceUnitInfo [
	name: DB
	...]
oct 14, 2021 4:33:15 PM org.hibernate.engine.jdbc.connections.internal.DriverManagerConnectionProviderImpl configure
WARN: HHH000402: Using Hibernate built-in connection pool (not for production use!)
oct 14, 2021 4:33:15 PM org.hibernate.engine.jdbc.connections.internal.DriverManagerConnectionProviderImpl buildCreator
INFO: HHH000401: using driver [com.mysql.jdbc.Driver] at URL [jdbc:mysql://localhost:3306/Microcosmos?zeroDateTimeBehavior=convertToNull]
oct 14, 2021 4:33:15 PM org.hibernate.engine.jdbc.connections.internal.DriverManagerConnectionProviderImpl buildCreator
INFO: HHH000046: Connection properties: {user=root, password=****}
oct 14, 2021 4:33:15 PM org.hibernate.engine.jdbc.connections.internal.DriverManagerConnectionProviderImpl buildCreator
INFO: HHH000006: Autocommit mode: false
oct 14, 2021 4:33:15 PM org.hibernate.engine.jdbc.connections.internal.DriverManagerConnectionProviderImpl configure
INFO: HHH000115: Hibernate connection pool size: 20 (min=1)
oct 14, 2021 4:33:15 PM org.hibernate.dialect.Dialect <init>
INFO: HHH000400: Using dialect: org.hibernate.dialect.MySQLDialect
oct 14, 2021 4:33:15 PM org.hibernate.hql.internal.ast.ASTQueryTranslatorFactory <init>
INFO: HHH000397: Using ASTQueryTranslatorFactory
oct 14, 2021 4:33:15 PM org.hibernate.tool.hbm2ddl.SchemaValidator validate
INFO: HHH000229: Running schema validator
oct 14, 2021 4:33:15 PM org.hibernate.tool.hbm2ddl.SchemaValidator validate
INFO: HHH000102: Fetching database metadata
oct 14, 2021 4:33:15 PM org.hibernate.tool.hbm2ddl.TableMetadata <init>
INFO: HHH000261: Table found: microcosmos.arealaboral
oct 14, 2021 4:33:15 PM org.hibernate.tool.hbm2ddl.TableMetadata <init>
INFO: HHH000037: Columns: [idarealaboral, descripcionarealaboral, nombrearealaboral, activoarealaboral]
oct 14, 2021 4:33:15 PM org.hibernate.tool.hbm2ddl.TableMetadata <init>
INFO: HHH000261: Table found: microcosmos.arealaboralhistorica
oct 14, 2021 4:33:15 PM org.hibernate.tool.hbm2ddl.TableMetadata <init>
INFO: HHH000037: Columns: [idempleados, fechaconclusion, fechacomienzo, idarealaboralhistorica]
oct 14, 2021 4:33:15 PM org.hibernate.tool.hbm2ddl.TableMetadata <init>
INFO: HHH000261: Table found: microcosmos.articulo
oct 14, 2021 4:33:15 PM org.hibernate.tool.hbm2ddl.TableMetadata <init>
INFO: HHH000037: Columns: [idsecciontienda, stockmaximo, activoarticulo, nombrearticulo, stockminimo, precioarticulo, idtalla, stock, descripcionarticulo, idarticulo]
oct 14, 2021 4:33:15 PM org.hibernate.tool.hbm2ddl.TableMetadata <init>
INFO: HHH000261: Table found: microcosmos.clientes
oct 14, 2021 4:33:15 PM org.hibernate.tool.hbm2ddl.TableMetadata <init>
INFO: HHH000037: Columns: [telefonocliente, direccioncliente, idtipodocumento, idsexo, documento, activocliente, idcliente, nombrecliente, apellidocliente, correocliente]
oct 14, 2021 4:33:15 PM org.hibernate.tool.hbm2ddl.TableMetadata <init>
INFO: HHH000261: Table found: microcosmos.compra
oct 14, 2021 4:33:15 PM org.hibernate.tool.hbm2ddl.TableMetadata <init>
INFO: HHH000037: Columns: [idcompra, fechapedido, idproveedor, idempleados, fecharecibido, totalcompra, idestado]
oct 14, 2021 4:33:15 PM org.hibernate.tool.hbm2ddl.TableMetadata <init>
INFO: HHH000261: Table found: microcosmos.detallecompra
oct 14, 2021 4:33:15 PM org.hibernate.tool.hbm2ddl.TableMetadata <init>
INFO: HHH000037: Columns: [idcompra, iddetallecompra, preciocompra, cantidad, idarticulo]
oct 14, 2021 4:33:15 PM org.hibernate.tool.hbm2ddl.TableMetadata <init>
INFO: HHH000261: Table found: microcosmos.detalleventa
oct 14, 2021 4:33:15 PM org.hibernate.tool.hbm2ddl.TableMetadata <init>
INFO: HHH000037: Columns: [idventa, iddetalleventa, cantidad, idarticulo]
oct 14, 2021 4:33:15 PM org.hibernate.tool.hbm2ddl.TableMetadata <init>
INFO: HHH000261: Table found: microcosmos.empleados
oct 14, 2021 4:33:15 PM org.hibernate.tool.hbm2ddl.TableMetadata <init>
INFO: HHH000037: Columns: [idempleados, idarealaboral, idtipodocumento, idsexo, telefonoempleado, documento, nombreempleado, correoempleado, apellidoempleado, fechadenacimiento, activoempleado]
oct 14, 2021 4:33:15 PM org.hibernate.tool.hbm2ddl.TableMetadata <init>
INFO: HHH000261: Table found: microcosmos.entidades
oct 14, 2021 4:33:15 PM org.hibernate.tool.hbm2ddl.TableMetadata <init>
INFO: HHH000037: Columns: [identidad, activoentidad, nombreentidad]
oct 14, 2021 4:33:15 PM org.hibernate.tool.hbm2ddl.TableMetadata <init>
INFO: HHH000261: Table found: microcosmos.estado
oct 14, 2021 4:33:15 PM org.hibernate.tool.hbm2ddl.TableMetadata <init>
INFO: HHH000037: Columns: [nombreestado, activoestado, identidad, descripcionestado, idestado]
oct 14, 2021 4:33:15 PM org.hibernate.tool.hbm2ddl.TableMetadata <init>
INFO: HHH000261: Table found: microcosmos.facturasdevueltas
oct 14, 2021 4:33:15 PM org.hibernate.tool.hbm2ddl.TableMetadata <init>
INFO: HHH000037: Columns: [idventa, descripcion, fechadevolucion, idempleados, idfacturadevuelta]
oct 14, 2021 4:33:15 PM org.hibernate.tool.hbm2ddl.TableMetadata <init>
INFO: HHH000261: Table found: microcosmos.parametros
oct 14, 2021 4:33:15 PM org.hibernate.tool.hbm2ddl.TableMetadata <init>
INFO: HHH000037: Columns: [facturainicial, fechaemision, facturafinal, activoparametros, fechacaducidad, cai, idparametros]
oct 14, 2021 4:33:15 PM org.hibernate.tool.hbm2ddl.TableMetadata <init>
INFO: HHH000261: Table found: microcosmos.pedidosdevueltos
oct 14, 2021 4:33:15 PM org.hibernate.tool.hbm2ddl.TableMetadata <init>
INFO: HHH000037: Columns: [idcompra, descripcion, idempleados, idpedidosdevueltos, fechaanulacion]
oct 14, 2021 4:33:15 PM org.hibernate.tool.hbm2ddl.TableMetadata <init>
INFO: HHH000261: Table found: microcosmos.preciohistorico
oct 14, 2021 4:33:15 PM org.hibernate.tool.hbm2ddl.TableMetadata <init>
INFO: HHH000037: Columns: [precio, idpreciohistorico, fechainicial, fechafinal, idarticulo, activopreciohistorico]
oct 14, 2021 4:33:15 PM org.hibernate.tool.hbm2ddl.TableMetadata <init>
INFO: HHH000261: Table found: microcosmos.proveedores
oct 14, 2021 4:33:15 PM org.hibernate.tool.hbm2ddl.TableMetadata <init>
INFO: HHH000037: Columns: [idproveedor, activoproveedor, idtipodocumento, nombreproveedor, correoproveedor, telefonoproveedor, documento, ubicacionproveedor]
oct 14, 2021 4:33:15 PM org.hibernate.tool.hbm2ddl.TableMetadata <init>
INFO: HHH000261: Table found: microcosmos.secciontienda
oct 14, 2021 4:33:15 PM org.hibernate.tool.hbm2ddl.TableMetadata <init>
INFO: HHH000037: Columns: [idsecciontienda, descripcionsecciontienda, nombresecciontienda, activosecciontienda]
oct 14, 2021 4:33:15 PM org.hibernate.tool.hbm2ddl.TableMetadata <init>
INFO: HHH000261: Table found: microcosmos.sexo
oct 14, 2021 4:33:15 PM org.hibernate.tool.hbm2ddl.TableMetadata <init>
INFO: HHH000037: Columns: [idsexo, nombresexo, descripcionsexo]
oct 14, 2021 4:33:15 PM org.hibernate.tool.hbm2ddl.TableMetadata <init>
INFO: HHH000261: Table found: microcosmos.talla
oct 14, 2021 4:33:15 PM org.hibernate.tool.hbm2ddl.TableMetadata <init>
INFO: HHH000037: Columns: [activotalla, nombretalla, descripciontalla, idtalla]
oct 14, 2021 4:33:15 PM org.hibernate.tool.hbm2ddl.TableMetadata <init>
INFO: HHH000261: Table found: microcosmos.tipodepago
oct 14, 2021 4:33:15 PM org.hibernate.tool.hbm2ddl.TableMetadata <init>
INFO: HHH000037: Columns: [descripciontipodepago, nombretipodepago, idtipodepago, activotipodepago]
oct 14, 2021 4:33:15 PM org.hibernate.tool.hbm2ddl.TableMetadata <init>
INFO: HHH000261: Table found: microcosmos.tipodocumento
oct 14, 2021 4:33:15 PM org.hibernate.tool.hbm2ddl.TableMetadata <init>
INFO: HHH000037: Columns: [nombretipodocumento, descripciontipodocumento, activotipodocumento, idtipodocumento]
oct 14, 2021 4:33:15 PM org.hibernate.tool.hbm2ddl.TableMetadata <init>
INFO: HHH000261: Table found: microcosmos.usuarios
oct 14, 2021 4:33:15 PM org.hibernate.tool.hbm2ddl.TableMetadata <init>
INFO: HHH000037: Columns: [nombreusuario, idempleados, numerodeintentos, activousuario, admin, contrasena, idusuario]
oct 14, 2021 4:33:15 PM org.hibernate.tool.hbm2ddl.TableMetadata <init>
INFO: HHH000261: Table found: microcosmos.venta
oct 14, 2021 4:33:15 PM org.hibernate.tool.hbm2ddl.TableMetadata <init>
INFO: HHH000037: Columns: [numtarjeta, idtipodepago, formato, montoefectivo, idcliente, idestado, idventa, total, idempleados, impuesto, subtotal, montotarjeta, fechaventa, idparametros]
oct 14, 2021 4:33:15 PM org.hibernate.jpa.internal.EntityManagerFactoryRegistry addEntityManagerFactory
WARN: HHH000436: Entity manager factory name (DB) is already registered.  If entity manager will be clustered or passivated, specify a unique value for property 'hibernate.ejb.entitymanager_factory_name'
]]></system-err>
  </testcase>
  <testcase name="testGuardarFecha" classname="com.screens.FmrComprasTest" time="0">
    <system-out><![CDATA[GuardarFecha
]]></system-out>
  </testcase>
  <testcase name="testBuscarIdArticulo" classname="com.screens.FmrComprasTest" time="0.738">
    <system-out><![CDATA[buscarIdArticulo
Hibernate: select articulo0_.idArticulo as idArticu1_2_, articulo0_.activoArticulo as activoAr2_2_, articulo0_.descripcionArticulo as descripc3_2_, articulo0_.idSeccionTienda as idSeccio4_2_, articulo0_.idTalla as idTalla5_2_, articulo0_.nombreArticulo as nombreAr6_2_, articulo0_.precioArticulo as precioAr7_2_, articulo0_.stock as stock8_2_, articulo0_.stockMaximo as stockMax9_2_, articulo0_.stockMinimo as stockMi10_2_ from articulo articulo0_
Hibernate: select talla0_.nombreTalla as col_0_0_ from talla talla0_ where talla0_.idTalla='2'
Hibernate: select talla0_.nombreTalla as col_0_0_ from talla talla0_ where talla0_.idTalla='1'
Hibernate: select talla0_.nombreTalla as col_0_0_ from talla talla0_ where talla0_.idTalla='1'
Hibernate: select talla0_.nombreTalla as col_0_0_ from talla talla0_ where talla0_.idTalla='1'
Hibernate: select talla0_.nombreTalla as col_0_0_ from talla talla0_ where talla0_.idTalla='5'
Hibernate: select articulo0_.idArticulo as idArticu1_2_, articulo0_.activoArticulo as activoAr2_2_, articulo0_.descripcionArticulo as descripc3_2_, articulo0_.idSeccionTienda as idSeccio4_2_, articulo0_.idTalla as idTalla5_2_, articulo0_.nombreArticulo as nombreAr6_2_, articulo0_.precioArticulo as precioAr7_2_, articulo0_.stock as stock8_2_, articulo0_.stockMaximo as stockMax9_2_, articulo0_.stockMinimo as stockMi10_2_ from articulo articulo0_ where articulo0_.idArticulo like '7%'
]]></system-out>
    <system-err><![CDATA[oct 14, 2021 4:33:15 PM org.hibernate.ejb.HibernatePersistence logDeprecation
WARN: HHH015016: Encountered a deprecated javax.persistence.spi.PersistenceProvider [org.hibernate.ejb.HibernatePersistence]; use [org.hibernate.jpa.HibernatePersistenceProvider] instead.
oct 14, 2021 4:33:15 PM org.hibernate.ejb.HibernatePersistence logDeprecation
WARN: HHH015016: Encountered a deprecated javax.persistence.spi.PersistenceProvider [org.hibernate.ejb.HibernatePersistence]; use [org.hibernate.jpa.HibernatePersistenceProvider] instead.
oct 14, 2021 4:33:15 PM org.hibernate.ejb.HibernatePersistence logDeprecation
WARN: HHH015016: Encountered a deprecated javax.persistence.spi.PersistenceProvider [org.hibernate.ejb.HibernatePersistence]; use [org.hibernate.jpa.HibernatePersistenceProvider] instead.
oct 14, 2021 4:33:15 PM org.hibernate.jpa.internal.util.LogHelper logPersistenceUnitInformation
INFO: HHH000204: Processing PersistenceUnitInfo [
	name: DB
	...]
oct 14, 2021 4:33:15 PM org.hibernate.engine.jdbc.connections.internal.DriverManagerConnectionProviderImpl configure
WARN: HHH000402: Using Hibernate built-in connection pool (not for production use!)
oct 14, 2021 4:33:15 PM org.hibernate.engine.jdbc.connections.internal.DriverManagerConnectionProviderImpl buildCreator
INFO: HHH000401: using driver [com.mysql.jdbc.Driver] at URL [jdbc:mysql://localhost:3306/Microcosmos?zeroDateTimeBehavior=convertToNull]
oct 14, 2021 4:33:15 PM org.hibernate.engine.jdbc.connections.internal.DriverManagerConnectionProviderImpl buildCreator
INFO: HHH000046: Connection properties: {user=root, password=****}
oct 14, 2021 4:33:15 PM org.hibernate.engine.jdbc.connections.internal.DriverManagerConnectionProviderImpl buildCreator
INFO: HHH000006: Autocommit mode: false
oct 14, 2021 4:33:15 PM org.hibernate.engine.jdbc.connections.internal.DriverManagerConnectionProviderImpl configure
INFO: HHH000115: Hibernate connection pool size: 20 (min=1)
oct 14, 2021 4:33:15 PM org.hibernate.dialect.Dialect <init>
INFO: HHH000400: Using dialect: org.hibernate.dialect.MySQLDialect
oct 14, 2021 4:33:15 PM org.hibernate.hql.internal.ast.ASTQueryTranslatorFactory <init>
INFO: HHH000397: Using ASTQueryTranslatorFactory
oct 14, 2021 4:33:15 PM org.hibernate.tool.hbm2ddl.SchemaValidator validate
INFO: HHH000229: Running schema validator
oct 14, 2021 4:33:15 PM org.hibernate.tool.hbm2ddl.SchemaValidator validate
INFO: HHH000102: Fetching database metadata
oct 14, 2021 4:33:15 PM org.hibernate.tool.hbm2ddl.TableMetadata <init>
INFO: HHH000261: Table found: microcosmos.arealaboral
oct 14, 2021 4:33:15 PM org.hibernate.tool.hbm2ddl.TableMetadata <init>
INFO: HHH000037: Columns: [idarealaboral, descripcionarealaboral, nombrearealaboral, activoarealaboral]
oct 14, 2021 4:33:15 PM org.hibernate.tool.hbm2ddl.TableMetadata <init>
INFO: HHH000261: Table found: microcosmos.arealaboralhistorica
oct 14, 2021 4:33:15 PM org.hibernate.tool.hbm2ddl.TableMetadata <init>
INFO: HHH000037: Columns: [idempleados, fechaconclusion, fechacomienzo, idarealaboralhistorica]
oct 14, 2021 4:33:15 PM org.hibernate.tool.hbm2ddl.TableMetadata <init>
INFO: HHH000261: Table found: microcosmos.articulo
oct 14, 2021 4:33:15 PM org.hibernate.tool.hbm2ddl.TableMetadata <init>
INFO: HHH000037: Columns: [idsecciontienda, stockmaximo, activoarticulo, nombrearticulo, stockminimo, precioarticulo, idtalla, stock, descripcionarticulo, idarticulo]
oct 14, 2021 4:33:15 PM org.hibernate.tool.hbm2ddl.TableMetadata <init>
INFO: HHH000261: Table found: microcosmos.clientes
oct 14, 2021 4:33:15 PM org.hibernate.tool.hbm2ddl.TableMetadata <init>
INFO: HHH000037: Columns: [telefonocliente, direccioncliente, idtipodocumento, idsexo, documento, activocliente, idcliente, nombrecliente, apellidocliente, correocliente]
oct 14, 2021 4:33:15 PM org.hibernate.tool.hbm2ddl.TableMetadata <init>
INFO: HHH000261: Table found: microcosmos.compra
oct 14, 2021 4:33:15 PM org.hibernate.tool.hbm2ddl.TableMetadata <init>
INFO: HHH000037: Columns: [idcompra, fechapedido, idproveedor, idempleados, fecharecibido, totalcompra, idestado]
oct 14, 2021 4:33:15 PM org.hibernate.tool.hbm2ddl.TableMetadata <init>
INFO: HHH000261: Table found: microcosmos.detallecompra
oct 14, 2021 4:33:15 PM org.hibernate.tool.hbm2ddl.TableMetadata <init>
INFO: HHH000037: Columns: [idcompra, iddetallecompra, preciocompra, cantidad, idarticulo]
oct 14, 2021 4:33:15 PM org.hibernate.tool.hbm2ddl.TableMetadata <init>
INFO: HHH000261: Table found: microcosmos.detalleventa
oct 14, 2021 4:33:15 PM org.hibernate.tool.hbm2ddl.TableMetadata <init>
INFO: HHH000037: Columns: [idventa, iddetalleventa, cantidad, idarticulo]
oct 14, 2021 4:33:15 PM org.hibernate.tool.hbm2ddl.TableMetadata <init>
INFO: HHH000261: Table found: microcosmos.empleados
oct 14, 2021 4:33:15 PM org.hibernate.tool.hbm2ddl.TableMetadata <init>
INFO: HHH000037: Columns: [idempleados, idarealaboral, idtipodocumento, idsexo, telefonoempleado, documento, nombreempleado, correoempleado, apellidoempleado, fechadenacimiento, activoempleado]
oct 14, 2021 4:33:15 PM org.hibernate.tool.hbm2ddl.TableMetadata <init>
INFO: HHH000261: Table found: microcosmos.entidades
oct 14, 2021 4:33:15 PM org.hibernate.tool.hbm2ddl.TableMetadata <init>
INFO: HHH000037: Columns: [identidad, activoentidad, nombreentidad]
oct 14, 2021 4:33:15 PM org.hibernate.tool.hbm2ddl.TableMetadata <init>
INFO: HHH000261: Table found: microcosmos.estado
oct 14, 2021 4:33:15 PM org.hibernate.tool.hbm2ddl.TableMetadata <init>
INFO: HHH000037: Columns: [nombreestado, activoestado, identidad, descripcionestado, idestado]
oct 14, 2021 4:33:15 PM org.hibernate.tool.hbm2ddl.TableMetadata <init>
INFO: HHH000261: Table found: microcosmos.facturasdevueltas
oct 14, 2021 4:33:15 PM org.hibernate.tool.hbm2ddl.TableMetadata <init>
INFO: HHH000037: Columns: [idventa, descripcion, fechadevolucion, idempleados, idfacturadevuelta]
oct 14, 2021 4:33:15 PM org.hibernate.tool.hbm2ddl.TableMetadata <init>
INFO: HHH000261: Table found: microcosmos.parametros
oct 14, 2021 4:33:15 PM org.hibernate.tool.hbm2ddl.TableMetadata <init>
INFO: HHH000037: Columns: [facturainicial, fechaemision, facturafinal, activoparametros, fechacaducidad, cai, idparametros]
oct 14, 2021 4:33:15 PM org.hibernate.tool.hbm2ddl.TableMetadata <init>
INFO: HHH000261: Table found: microcosmos.pedidosdevueltos
oct 14, 2021 4:33:15 PM org.hibernate.tool.hbm2ddl.TableMetadata <init>
INFO: HHH000037: Columns: [idcompra, descripcion, idempleados, idpedidosdevueltos, fechaanulacion]
oct 14, 2021 4:33:15 PM org.hibernate.tool.hbm2ddl.TableMetadata <init>
INFO: HHH000261: Table found: microcosmos.preciohistorico
oct 14, 2021 4:33:15 PM org.hibernate.tool.hbm2ddl.TableMetadata <init>
INFO: HHH000037: Columns: [precio, idpreciohistorico, fechainicial, fechafinal, idarticulo, activopreciohistorico]
oct 14, 2021 4:33:15 PM org.hibernate.tool.hbm2ddl.TableMetadata <init>
INFO: HHH000261: Table found: microcosmos.proveedores
oct 14, 2021 4:33:15 PM org.hibernate.tool.hbm2ddl.TableMetadata <init>
INFO: HHH000037: Columns: [idproveedor, activoproveedor, idtipodocumento, nombreproveedor, correoproveedor, telefonoproveedor, documento, ubicacionproveedor]
oct 14, 2021 4:33:15 PM org.hibernate.tool.hbm2ddl.TableMetadata <init>
INFO: HHH000261: Table found: microcosmos.secciontienda
oct 14, 2021 4:33:15 PM org.hibernate.tool.hbm2ddl.TableMetadata <init>
INFO: HHH000037: Columns: [idsecciontienda, descripcionsecciontienda, nombresecciontienda, activosecciontienda]
oct 14, 2021 4:33:15 PM org.hibernate.tool.hbm2ddl.TableMetadata <init>
INFO: HHH000261: Table found: microcosmos.sexo
oct 14, 2021 4:33:15 PM org.hibernate.tool.hbm2ddl.TableMetadata <init>
INFO: HHH000037: Columns: [idsexo, nombresexo, descripcionsexo]
oct 14, 2021 4:33:15 PM org.hibernate.tool.hbm2ddl.TableMetadata <init>
INFO: HHH000261: Table found: microcosmos.talla
oct 14, 2021 4:33:15 PM org.hibernate.tool.hbm2ddl.TableMetadata <init>
INFO: HHH000037: Columns: [activotalla, nombretalla, descripciontalla, idtalla]
oct 14, 2021 4:33:15 PM org.hibernate.tool.hbm2ddl.TableMetadata <init>
INFO: HHH000261: Table found: microcosmos.tipodepago
oct 14, 2021 4:33:15 PM org.hibernate.tool.hbm2ddl.TableMetadata <init>
INFO: HHH000037: Columns: [descripciontipodepago, nombretipodepago, idtipodepago, activotipodepago]
oct 14, 2021 4:33:15 PM org.hibernate.tool.hbm2ddl.TableMetadata <init>
INFO: HHH000261: Table found: microcosmos.tipodocumento
oct 14, 2021 4:33:15 PM org.hibernate.tool.hbm2ddl.TableMetadata <init>
INFO: HHH000037: Columns: [nombretipodocumento, descripciontipodocumento, activotipodocumento, idtipodocumento]
oct 14, 2021 4:33:15 PM org.hibernate.tool.hbm2ddl.TableMetadata <init>
INFO: HHH000261: Table found: microcosmos.usuarios
oct 14, 2021 4:33:15 PM org.hibernate.tool.hbm2ddl.TableMetadata <init>
INFO: HHH000037: Columns: [nombreusuario, idempleados, numerodeintentos, activousuario, admin, contrasena, idusuario]
oct 14, 2021 4:33:15 PM org.hibernate.tool.hbm2ddl.TableMetadata <init>
INFO: HHH000261: Table found: microcosmos.venta
oct 14, 2021 4:33:15 PM org.hibernate.tool.hbm2ddl.TableMetadata <init>
INFO: HHH000037: Columns: [numtarjeta, idtipodepago, formato, montoefectivo, idcliente, idestado, idventa, total, idempleados, impuesto, subtotal, montotarjeta, fechaventa, idparametros]
oct 14, 2021 4:33:15 PM org.hibernate.jpa.internal.EntityManagerFactoryRegistry addEntityManagerFactory
WARN: HHH000436: Entity manager factory name (DB) is already registered.  If entity manager will be clustered or passivated, specify a unique value for property 'hibernate.ejb.entitymanager_factory_name'
oct 14, 2021 4:33:15 PM org.hibernate.ejb.HibernatePersistence logDeprecation
WARN: HHH015016: Encountered a deprecated javax.persistence.spi.PersistenceProvider [org.hibernate.ejb.HibernatePersistence]; use [org.hibernate.jpa.HibernatePersistenceProvider] instead.
oct 14, 2021 4:33:15 PM org.hibernate.ejb.HibernatePersistence logDeprecation
WARN: HHH015016: Encountered a deprecated javax.persistence.spi.PersistenceProvider [org.hibernate.ejb.HibernatePersistence]; use [org.hibernate.jpa.HibernatePersistenceProvider] instead.
oct 14, 2021 4:33:15 PM org.hibernate.ejb.HibernatePersistence logDeprecation
WARN: HHH015016: Encountered a deprecated javax.persistence.spi.PersistenceProvider [org.hibernate.ejb.HibernatePersistence]; use [org.hibernate.jpa.HibernatePersistenceProvider] instead.
oct 14, 2021 4:33:15 PM org.hibernate.jpa.internal.util.LogHelper logPersistenceUnitInformation
INFO: HHH000204: Processing PersistenceUnitInfo [
	name: DB
	...]
oct 14, 2021 4:33:15 PM org.hibernate.engine.jdbc.connections.internal.DriverManagerConnectionProviderImpl configure
WARN: HHH000402: Using Hibernate built-in connection pool (not for production use!)
oct 14, 2021 4:33:15 PM org.hibernate.engine.jdbc.connections.internal.DriverManagerConnectionProviderImpl buildCreator
INFO: HHH000401: using driver [com.mysql.jdbc.Driver] at URL [jdbc:mysql://localhost:3306/Microcosmos?zeroDateTimeBehavior=convertToNull]
oct 14, 2021 4:33:15 PM org.hibernate.engine.jdbc.connections.internal.DriverManagerConnectionProviderImpl buildCreator
INFO: HHH000046: Connection properties: {user=root, password=****}
oct 14, 2021 4:33:15 PM org.hibernate.engine.jdbc.connections.internal.DriverManagerConnectionProviderImpl buildCreator
INFO: HHH000006: Autocommit mode: false
oct 14, 2021 4:33:15 PM org.hibernate.engine.jdbc.connections.internal.DriverManagerConnectionProviderImpl configure
INFO: HHH000115: Hibernate connection pool size: 20 (min=1)
oct 14, 2021 4:33:15 PM org.hibernate.dialect.Dialect <init>
INFO: HHH000400: Using dialect: org.hibernate.dialect.MySQLDialect
oct 14, 2021 4:33:15 PM org.hibernate.hql.internal.ast.ASTQueryTranslatorFactory <init>
INFO: HHH000397: Using ASTQueryTranslatorFactory
oct 14, 2021 4:33:15 PM org.hibernate.tool.hbm2ddl.SchemaValidator validate
INFO: HHH000229: Running schema validator
oct 14, 2021 4:33:15 PM org.hibernate.tool.hbm2ddl.SchemaValidator validate
INFO: HHH000102: Fetching database metadata
oct 14, 2021 4:33:15 PM org.hibernate.tool.hbm2ddl.TableMetadata <init>
INFO: HHH000261: Table found: microcosmos.arealaboral
oct 14, 2021 4:33:15 PM org.hibernate.tool.hbm2ddl.TableMetadata <init>
INFO: HHH000037: Columns: [idarealaboral, descripcionarealaboral, nombrearealaboral, activoarealaboral]
oct 14, 2021 4:33:15 PM org.hibernate.tool.hbm2ddl.TableMetadata <init>
INFO: HHH000261: Table found: microcosmos.arealaboralhistorica
oct 14, 2021 4:33:15 PM org.hibernate.tool.hbm2ddl.TableMetadata <init>
INFO: HHH000037: Columns: [idempleados, fechaconclusion, fechacomienzo, idarealaboralhistorica]
oct 14, 2021 4:33:15 PM org.hibernate.tool.hbm2ddl.TableMetadata <init>
INFO: HHH000261: Table found: microcosmos.articulo
oct 14, 2021 4:33:15 PM org.hibernate.tool.hbm2ddl.TableMetadata <init>
INFO: HHH000037: Columns: [idsecciontienda, stockmaximo, activoarticulo, nombrearticulo, stockminimo, precioarticulo, idtalla, stock, descripcionarticulo, idarticulo]
oct 14, 2021 4:33:15 PM org.hibernate.tool.hbm2ddl.TableMetadata <init>
INFO: HHH000261: Table found: microcosmos.clientes
oct 14, 2021 4:33:15 PM org.hibernate.tool.hbm2ddl.TableMetadata <init>
INFO: HHH000037: Columns: [telefonocliente, direccioncliente, idtipodocumento, idsexo, documento, activocliente, idcliente, nombrecliente, apellidocliente, correocliente]
oct 14, 2021 4:33:15 PM org.hibernate.tool.hbm2ddl.TableMetadata <init>
INFO: HHH000261: Table found: microcosmos.compra
oct 14, 2021 4:33:15 PM org.hibernate.tool.hbm2ddl.TableMetadata <init>
INFO: HHH000037: Columns: [idcompra, fechapedido, idproveedor, idempleados, fecharecibido, totalcompra, idestado]
oct 14, 2021 4:33:15 PM org.hibernate.tool.hbm2ddl.TableMetadata <init>
INFO: HHH000261: Table found: microcosmos.detallecompra
oct 14, 2021 4:33:15 PM org.hibernate.tool.hbm2ddl.TableMetadata <init>
INFO: HHH000037: Columns: [idcompra, iddetallecompra, preciocompra, cantidad, idarticulo]
oct 14, 2021 4:33:15 PM org.hibernate.tool.hbm2ddl.TableMetadata <init>
INFO: HHH000261: Table found: microcosmos.detalleventa
oct 14, 2021 4:33:15 PM org.hibernate.tool.hbm2ddl.TableMetadata <init>
INFO: HHH000037: Columns: [idventa, iddetalleventa, cantidad, idarticulo]
oct 14, 2021 4:33:15 PM org.hibernate.tool.hbm2ddl.TableMetadata <init>
INFO: HHH000261: Table found: microcosmos.empleados
oct 14, 2021 4:33:15 PM org.hibernate.tool.hbm2ddl.TableMetadata <init>
INFO: HHH000037: Columns: [idempleados, idarealaboral, idtipodocumento, idsexo, telefonoempleado, documento, nombreempleado, correoempleado, apellidoempleado, fechadenacimiento, activoempleado]
oct 14, 2021 4:33:15 PM org.hibernate.tool.hbm2ddl.TableMetadata <init>
INFO: HHH000261: Table found: microcosmos.entidades
oct 14, 2021 4:33:15 PM org.hibernate.tool.hbm2ddl.TableMetadata <init>
INFO: HHH000037: Columns: [identidad, activoentidad, nombreentidad]
oct 14, 2021 4:33:15 PM org.hibernate.tool.hbm2ddl.TableMetadata <init>
INFO: HHH000261: Table found: microcosmos.estado
oct 14, 2021 4:33:15 PM org.hibernate.tool.hbm2ddl.TableMetadata <init>
INFO: HHH000037: Columns: [nombreestado, activoestado, identidad, descripcionestado, idestado]
oct 14, 2021 4:33:15 PM org.hibernate.tool.hbm2ddl.TableMetadata <init>
INFO: HHH000261: Table found: microcosmos.facturasdevueltas
oct 14, 2021 4:33:15 PM org.hibernate.tool.hbm2ddl.TableMetadata <init>
INFO: HHH000037: Columns: [idventa, descripcion, fechadevolucion, idempleados, idfacturadevuelta]
oct 14, 2021 4:33:15 PM org.hibernate.tool.hbm2ddl.TableMetadata <init>
INFO: HHH000261: Table found: microcosmos.parametros
oct 14, 2021 4:33:15 PM org.hibernate.tool.hbm2ddl.TableMetadata <init>
INFO: HHH000037: Columns: [facturainicial, fechaemision, facturafinal, activoparametros, fechacaducidad, cai, idparametros]
oct 14, 2021 4:33:15 PM org.hibernate.tool.hbm2ddl.TableMetadata <init>
INFO: HHH000261: Table found: microcosmos.pedidosdevueltos
oct 14, 2021 4:33:15 PM org.hibernate.tool.hbm2ddl.TableMetadata <init>
INFO: HHH000037: Columns: [idcompra, descripcion, idempleados, idpedidosdevueltos, fechaanulacion]
oct 14, 2021 4:33:15 PM org.hibernate.tool.hbm2ddl.TableMetadata <init>
INFO: HHH000261: Table found: microcosmos.preciohistorico
oct 14, 2021 4:33:15 PM org.hibernate.tool.hbm2ddl.TableMetadata <init>
INFO: HHH000037: Columns: [precio, idpreciohistorico, fechainicial, fechafinal, idarticulo, activopreciohistorico]
oct 14, 2021 4:33:15 PM org.hibernate.tool.hbm2ddl.TableMetadata <init>
INFO: HHH000261: Table found: microcosmos.proveedores
oct 14, 2021 4:33:15 PM org.hibernate.tool.hbm2ddl.TableMetadata <init>
INFO: HHH000037: Columns: [idproveedor, activoproveedor, idtipodocumento, nombreproveedor, correoproveedor, telefonoproveedor, documento, ubicacionproveedor]
oct 14, 2021 4:33:15 PM org.hibernate.tool.hbm2ddl.TableMetadata <init>
INFO: HHH000261: Table found: microcosmos.secciontienda
oct 14, 2021 4:33:15 PM org.hibernate.tool.hbm2ddl.TableMetadata <init>
INFO: HHH000037: Columns: [idsecciontienda, descripcionsecciontienda, nombresecciontienda, activosecciontienda]
oct 14, 2021 4:33:15 PM org.hibernate.tool.hbm2ddl.TableMetadata <init>
INFO: HHH000261: Table found: microcosmos.sexo
oct 14, 2021 4:33:15 PM org.hibernate.tool.hbm2ddl.TableMetadata <init>
INFO: HHH000037: Columns: [idsexo, nombresexo, descripcionsexo]
oct 14, 2021 4:33:15 PM org.hibernate.tool.hbm2ddl.TableMetadata <init>
INFO: HHH000261: Table found: microcosmos.talla
oct 14, 2021 4:33:15 PM org.hibernate.tool.hbm2ddl.TableMetadata <init>
INFO: HHH000037: Columns: [activotalla, nombretalla, descripciontalla, idtalla]
oct 14, 2021 4:33:15 PM org.hibernate.tool.hbm2ddl.TableMetadata <init>
INFO: HHH000261: Table found: microcosmos.tipodepago
oct 14, 2021 4:33:15 PM org.hibernate.tool.hbm2ddl.TableMetadata <init>
INFO: HHH000037: Columns: [descripciontipodepago, nombretipodepago, idtipodepago, activotipodepago]
oct 14, 2021 4:33:15 PM org.hibernate.tool.hbm2ddl.TableMetadata <init>
INFO: HHH000261: Table found: microcosmos.tipodocumento
oct 14, 2021 4:33:15 PM org.hibernate.tool.hbm2ddl.TableMetadata <init>
INFO: HHH000037: Columns: [nombretipodocumento, descripciontipodocumento, activotipodocumento, idtipodocumento]
oct 14, 2021 4:33:15 PM org.hibernate.tool.hbm2ddl.TableMetadata <init>
INFO: HHH000261: Table found: microcosmos.usuarios
oct 14, 2021 4:33:15 PM org.hibernate.tool.hbm2ddl.TableMetadata <init>
INFO: HHH000037: Columns: [nombreusuario, idempleados, numerodeintentos, activousuario, admin, contrasena, idusuario]
oct 14, 2021 4:33:15 PM org.hibernate.tool.hbm2ddl.TableMetadata <init>
INFO: HHH000261: Table found: microcosmos.venta
oct 14, 2021 4:33:15 PM org.hibernate.tool.hbm2ddl.TableMetadata <init>
INFO: HHH000037: Columns: [numtarjeta, idtipodepago, formato, montoefectivo, idcliente, idestado, idventa, total, idempleados, impuesto, subtotal, montotarjeta, fechaventa, idparametros]
oct 14, 2021 4:33:15 PM org.hibernate.jpa.internal.EntityManagerFactoryRegistry addEntityManagerFactory
WARN: HHH000436: Entity manager factory name (DB) is already registered.  If entity manager will be clustered or passivated, specify a unique value for property 'hibernate.ejb.entitymanager_factory_name'
oct 14, 2021 4:33:15 PM org.hibernate.ejb.HibernatePersistence logDeprecation
WARN: HHH015016: Encountered a deprecated javax.persistence.spi.PersistenceProvider [org.hibernate.ejb.HibernatePersistence]; use [org.hibernate.jpa.HibernatePersistenceProvider] instead.
oct 14, 2021 4:33:15 PM org.hibernate.ejb.HibernatePersistence logDeprecation
WARN: HHH015016: Encountered a deprecated javax.persistence.spi.PersistenceProvider [org.hibernate.ejb.HibernatePersistence]; use [org.hibernate.jpa.HibernatePersistenceProvider] instead.
oct 14, 2021 4:33:15 PM org.hibernate.ejb.HibernatePersistence logDeprecation
WARN: HHH015016: Encountered a deprecated javax.persistence.spi.PersistenceProvider [org.hibernate.ejb.HibernatePersistence]; use [org.hibernate.jpa.HibernatePersistenceProvider] instead.
oct 14, 2021 4:33:15 PM org.hibernate.jpa.internal.util.LogHelper logPersistenceUnitInformation
INFO: HHH000204: Processing PersistenceUnitInfo [
	name: DB
	...]
oct 14, 2021 4:33:15 PM org.hibernate.engine.jdbc.connections.internal.DriverManagerConnectionProviderImpl configure
WARN: HHH000402: Using Hibernate built-in connection pool (not for production use!)
oct 14, 2021 4:33:15 PM org.hibernate.engine.jdbc.connections.internal.DriverManagerConnectionProviderImpl buildCreator
INFO: HHH000401: using driver [com.mysql.jdbc.Driver] at URL [jdbc:mysql://localhost:3306/Microcosmos?zeroDateTimeBehavior=convertToNull]
oct 14, 2021 4:33:15 PM org.hibernate.engine.jdbc.connections.internal.DriverManagerConnectionProviderImpl buildCreator
INFO: HHH000046: Connection properties: {user=root, password=****}
oct 14, 2021 4:33:15 PM org.hibernate.engine.jdbc.connections.internal.DriverManagerConnectionProviderImpl buildCreator
INFO: HHH000006: Autocommit mode: false
oct 14, 2021 4:33:15 PM org.hibernate.engine.jdbc.connections.internal.DriverManagerConnectionProviderImpl configure
INFO: HHH000115: Hibernate connection pool size: 20 (min=1)
oct 14, 2021 4:33:15 PM org.hibernate.dialect.Dialect <init>
INFO: HHH000400: Using dialect: org.hibernate.dialect.MySQLDialect
oct 14, 2021 4:33:15 PM org.hibernate.hql.internal.ast.ASTQueryTranslatorFactory <init>
INFO: HHH000397: Using ASTQueryTranslatorFactory
oct 14, 2021 4:33:15 PM org.hibernate.tool.hbm2ddl.SchemaValidator validate
INFO: HHH000229: Running schema validator
oct 14, 2021 4:33:15 PM org.hibernate.tool.hbm2ddl.SchemaValidator validate
INFO: HHH000102: Fetching database metadata
oct 14, 2021 4:33:15 PM org.hibernate.tool.hbm2ddl.TableMetadata <init>
INFO: HHH000261: Table found: microcosmos.arealaboral
oct 14, 2021 4:33:15 PM org.hibernate.tool.hbm2ddl.TableMetadata <init>
INFO: HHH000037: Columns: [idarealaboral, descripcionarealaboral, nombrearealaboral, activoarealaboral]
oct 14, 2021 4:33:15 PM org.hibernate.tool.hbm2ddl.TableMetadata <init>
INFO: HHH000261: Table found: microcosmos.arealaboralhistorica
oct 14, 2021 4:33:15 PM org.hibernate.tool.hbm2ddl.TableMetadata <init>
INFO: HHH000037: Columns: [idempleados, fechaconclusion, fechacomienzo, idarealaboralhistorica]
oct 14, 2021 4:33:15 PM org.hibernate.tool.hbm2ddl.TableMetadata <init>
INFO: HHH000261: Table found: microcosmos.articulo
oct 14, 2021 4:33:15 PM org.hibernate.tool.hbm2ddl.TableMetadata <init>
INFO: HHH000037: Columns: [idsecciontienda, stockmaximo, activoarticulo, nombrearticulo, stockminimo, precioarticulo, idtalla, stock, descripcionarticulo, idarticulo]
oct 14, 2021 4:33:15 PM org.hibernate.tool.hbm2ddl.TableMetadata <init>
INFO: HHH000261: Table found: microcosmos.clientes
oct 14, 2021 4:33:15 PM org.hibernate.tool.hbm2ddl.TableMetadata <init>
INFO: HHH000037: Columns: [telefonocliente, direccioncliente, idtipodocumento, idsexo, documento, activocliente, idcliente, nombrecliente, apellidocliente, correocliente]
oct 14, 2021 4:33:15 PM org.hibernate.tool.hbm2ddl.TableMetadata <init>
INFO: HHH000261: Table found: microcosmos.compra
oct 14, 2021 4:33:15 PM org.hibernate.tool.hbm2ddl.TableMetadata <init>
INFO: HHH000037: Columns: [idcompra, fechapedido, idproveedor, idempleados, fecharecibido, totalcompra, idestado]
oct 14, 2021 4:33:15 PM org.hibernate.tool.hbm2ddl.TableMetadata <init>
INFO: HHH000261: Table found: microcosmos.detallecompra
oct 14, 2021 4:33:15 PM org.hibernate.tool.hbm2ddl.TableMetadata <init>
INFO: HHH000037: Columns: [idcompra, iddetallecompra, preciocompra, cantidad, idarticulo]
oct 14, 2021 4:33:15 PM org.hibernate.tool.hbm2ddl.TableMetadata <init>
INFO: HHH000261: Table found: microcosmos.detalleventa
oct 14, 2021 4:33:15 PM org.hibernate.tool.hbm2ddl.TableMetadata <init>
INFO: HHH000037: Columns: [idventa, iddetalleventa, cantidad, idarticulo]
oct 14, 2021 4:33:15 PM org.hibernate.tool.hbm2ddl.TableMetadata <init>
INFO: HHH000261: Table found: microcosmos.empleados
oct 14, 2021 4:33:15 PM org.hibernate.tool.hbm2ddl.TableMetadata <init>
INFO: HHH000037: Columns: [idempleados, idarealaboral, idtipodocumento, idsexo, telefonoempleado, documento, nombreempleado, correoempleado, apellidoempleado, fechadenacimiento, activoempleado]
oct 14, 2021 4:33:15 PM org.hibernate.tool.hbm2ddl.TableMetadata <init>
INFO: HHH000261: Table found: microcosmos.entidades
oct 14, 2021 4:33:15 PM org.hibernate.tool.hbm2ddl.TableMetadata <init>
INFO: HHH000037: Columns: [identidad, activoentidad, nombreentidad]
oct 14, 2021 4:33:15 PM org.hibernate.tool.hbm2ddl.TableMetadata <init>
INFO: HHH000261: Table found: microcosmos.estado
oct 14, 2021 4:33:15 PM org.hibernate.tool.hbm2ddl.TableMetadata <init>
INFO: HHH000037: Columns: [nombreestado, activoestado, identidad, descripcionestado, idestado]
oct 14, 2021 4:33:15 PM org.hibernate.tool.hbm2ddl.TableMetadata <init>
INFO: HHH000261: Table found: microcosmos.facturasdevueltas
oct 14, 2021 4:33:15 PM org.hibernate.tool.hbm2ddl.TableMetadata <init>
INFO: HHH000037: Columns: [idventa, descripcion, fechadevolucion, idempleados, idfacturadevuelta]
oct 14, 2021 4:33:15 PM org.hibernate.tool.hbm2ddl.TableMetadata <init>
INFO: HHH000261: Table found: microcosmos.parametros
oct 14, 2021 4:33:15 PM org.hibernate.tool.hbm2ddl.TableMetadata <init>
INFO: HHH000037: Columns: [facturainicial, fechaemision, facturafinal, activoparametros, fechacaducidad, cai, idparametros]
oct 14, 2021 4:33:15 PM org.hibernate.tool.hbm2ddl.TableMetadata <init>
INFO: HHH000261: Table found: microcosmos.pedidosdevueltos
oct 14, 2021 4:33:15 PM org.hibernate.tool.hbm2ddl.TableMetadata <init>
INFO: HHH000037: Columns: [idcompra, descripcion, idempleados, idpedidosdevueltos, fechaanulacion]
oct 14, 2021 4:33:15 PM org.hibernate.tool.hbm2ddl.TableMetadata <init>
INFO: HHH000261: Table found: microcosmos.preciohistorico
oct 14, 2021 4:33:15 PM org.hibernate.tool.hbm2ddl.TableMetadata <init>
INFO: HHH000037: Columns: [precio, idpreciohistorico, fechainicial, fechafinal, idarticulo, activopreciohistorico]
oct 14, 2021 4:33:15 PM org.hibernate.tool.hbm2ddl.TableMetadata <init>
INFO: HHH000261: Table found: microcosmos.proveedores
oct 14, 2021 4:33:15 PM org.hibernate.tool.hbm2ddl.TableMetadata <init>
INFO: HHH000037: Columns: [idproveedor, activoproveedor, idtipodocumento, nombreproveedor, correoproveedor, telefonoproveedor, documento, ubicacionproveedor]
oct 14, 2021 4:33:15 PM org.hibernate.tool.hbm2ddl.TableMetadata <init>
INFO: HHH000261: Table found: microcosmos.secciontienda
oct 14, 2021 4:33:15 PM org.hibernate.tool.hbm2ddl.TableMetadata <init>
INFO: HHH000037: Columns: [idsecciontienda, descripcionsecciontienda, nombresecciontienda, activosecciontienda]
oct 14, 2021 4:33:15 PM org.hibernate.tool.hbm2ddl.TableMetadata <init>
INFO: HHH000261: Table found: microcosmos.sexo
oct 14, 2021 4:33:15 PM org.hibernate.tool.hbm2ddl.TableMetadata <init>
INFO: HHH000037: Columns: [idsexo, nombresexo, descripcionsexo]
oct 14, 2021 4:33:15 PM org.hibernate.tool.hbm2ddl.TableMetadata <init>
INFO: HHH000261: Table found: microcosmos.talla
oct 14, 2021 4:33:15 PM org.hibernate.tool.hbm2ddl.TableMetadata <init>
INFO: HHH000037: Columns: [activotalla, nombretalla, descripciontalla, idtalla]
oct 14, 2021 4:33:15 PM org.hibernate.tool.hbm2ddl.TableMetadata <init>
INFO: HHH000261: Table found: microcosmos.tipodepago
oct 14, 2021 4:33:15 PM org.hibernate.tool.hbm2ddl.TableMetadata <init>
INFO: HHH000037: Columns: [descripciontipodepago, nombretipodepago, idtipodepago, activotipodepago]
oct 14, 2021 4:33:15 PM org.hibernate.tool.hbm2ddl.TableMetadata <init>
INFO: HHH000261: Table found: microcosmos.tipodocumento
oct 14, 2021 4:33:15 PM org.hibernate.tool.hbm2ddl.TableMetadata <init>
INFO: HHH000037: Columns: [nombretipodocumento, descripciontipodocumento, activotipodocumento, idtipodocumento]
oct 14, 2021 4:33:15 PM org.hibernate.tool.hbm2ddl.TableMetadata <init>
INFO: HHH000261: Table found: microcosmos.usuarios
oct 14, 2021 4:33:15 PM org.hibernate.tool.hbm2ddl.TableMetadata <init>
INFO: HHH000037: Columns: [nombreusuario, idempleados, numerodeintentos, activousuario, admin, contrasena, idusuario]
oct 14, 2021 4:33:15 PM org.hibernate.tool.hbm2ddl.TableMetadata <init>
INFO: HHH000261: Table found: microcosmos.venta
oct 14, 2021 4:33:15 PM org.hibernate.tool.hbm2ddl.TableMetadata <init>
INFO: HHH000037: Columns: [numtarjeta, idtipodepago, formato, montoefectivo, idcliente, idestado, idventa, total, idempleados, impuesto, subtotal, montotarjeta, fechaventa, idparametros]
oct 14, 2021 4:33:15 PM org.hibernate.jpa.internal.EntityManagerFactoryRegistry addEntityManagerFactory
WARN: HHH000436: Entity manager factory name (DB) is already registered.  If entity manager will be clustered or passivated, specify a unique value for property 'hibernate.ejb.entitymanager_factory_name'
oct 14, 2021 4:33:15 PM org.hibernate.ejb.HibernatePersistence logDeprecation
WARN: HHH015016: Encountered a deprecated javax.persistence.spi.PersistenceProvider [org.hibernate.ejb.HibernatePersistence]; use [org.hibernate.jpa.HibernatePersistenceProvider] instead.
oct 14, 2021 4:33:15 PM org.hibernate.ejb.HibernatePersistence logDeprecation
WARN: HHH015016: Encountered a deprecated javax.persistence.spi.PersistenceProvider [org.hibernate.ejb.HibernatePersistence]; use [org.hibernate.jpa.HibernatePersistenceProvider] instead.
oct 14, 2021 4:33:15 PM org.hibernate.ejb.HibernatePersistence logDeprecation
WARN: HHH015016: Encountered a deprecated javax.persistence.spi.PersistenceProvider [org.hibernate.ejb.HibernatePersistence]; use [org.hibernate.jpa.HibernatePersistenceProvider] instead.
oct 14, 2021 4:33:15 PM org.hibernate.jpa.internal.util.LogHelper logPersistenceUnitInformation
INFO: HHH000204: Processing PersistenceUnitInfo [
	name: DB
	...]
oct 14, 2021 4:33:16 PM org.hibernate.engine.jdbc.connections.internal.DriverManagerConnectionProviderImpl configure
WARN: HHH000402: Using Hibernate built-in connection pool (not for production use!)
oct 14, 2021 4:33:16 PM org.hibernate.engine.jdbc.connections.internal.DriverManagerConnectionProviderImpl buildCreator
INFO: HHH000401: using driver [com.mysql.jdbc.Driver] at URL [jdbc:mysql://localhost:3306/Microcosmos?zeroDateTimeBehavior=convertToNull]
oct 14, 2021 4:33:16 PM org.hibernate.engine.jdbc.connections.internal.DriverManagerConnectionProviderImpl buildCreator
INFO: HHH000046: Connection properties: {user=root, password=****}
oct 14, 2021 4:33:16 PM org.hibernate.engine.jdbc.connections.internal.DriverManagerConnectionProviderImpl buildCreator
INFO: HHH000006: Autocommit mode: false
oct 14, 2021 4:33:16 PM org.hibernate.engine.jdbc.connections.internal.DriverManagerConnectionProviderImpl configure
INFO: HHH000115: Hibernate connection pool size: 20 (min=1)
oct 14, 2021 4:33:16 PM org.hibernate.dialect.Dialect <init>
INFO: HHH000400: Using dialect: org.hibernate.dialect.MySQLDialect
oct 14, 2021 4:33:16 PM org.hibernate.hql.internal.ast.ASTQueryTranslatorFactory <init>
INFO: HHH000397: Using ASTQueryTranslatorFactory
oct 14, 2021 4:33:16 PM org.hibernate.tool.hbm2ddl.SchemaValidator validate
INFO: HHH000229: Running schema validator
oct 14, 2021 4:33:16 PM org.hibernate.tool.hbm2ddl.SchemaValidator validate
INFO: HHH000102: Fetching database metadata
oct 14, 2021 4:33:16 PM org.hibernate.tool.hbm2ddl.TableMetadata <init>
INFO: HHH000261: Table found: microcosmos.arealaboral
oct 14, 2021 4:33:16 PM org.hibernate.tool.hbm2ddl.TableMetadata <init>
INFO: HHH000037: Columns: [idarealaboral, descripcionarealaboral, nombrearealaboral, activoarealaboral]
oct 14, 2021 4:33:16 PM org.hibernate.tool.hbm2ddl.TableMetadata <init>
INFO: HHH000261: Table found: microcosmos.arealaboralhistorica
oct 14, 2021 4:33:16 PM org.hibernate.tool.hbm2ddl.TableMetadata <init>
INFO: HHH000037: Columns: [idempleados, fechaconclusion, fechacomienzo, idarealaboralhistorica]
oct 14, 2021 4:33:16 PM org.hibernate.tool.hbm2ddl.TableMetadata <init>
INFO: HHH000261: Table found: microcosmos.articulo
oct 14, 2021 4:33:16 PM org.hibernate.tool.hbm2ddl.TableMetadata <init>
INFO: HHH000037: Columns: [idsecciontienda, stockmaximo, activoarticulo, nombrearticulo, stockminimo, precioarticulo, idtalla, stock, descripcionarticulo, idarticulo]
oct 14, 2021 4:33:16 PM org.hibernate.tool.hbm2ddl.TableMetadata <init>
INFO: HHH000261: Table found: microcosmos.clientes
oct 14, 2021 4:33:16 PM org.hibernate.tool.hbm2ddl.TableMetadata <init>
INFO: HHH000037: Columns: [telefonocliente, direccioncliente, idtipodocumento, idsexo, documento, activocliente, idcliente, nombrecliente, apellidocliente, correocliente]
oct 14, 2021 4:33:16 PM org.hibernate.tool.hbm2ddl.TableMetadata <init>
INFO: HHH000261: Table found: microcosmos.compra
oct 14, 2021 4:33:16 PM org.hibernate.tool.hbm2ddl.TableMetadata <init>
INFO: HHH000037: Columns: [idcompra, fechapedido, idproveedor, idempleados, fecharecibido, totalcompra, idestado]
oct 14, 2021 4:33:16 PM org.hibernate.tool.hbm2ddl.TableMetadata <init>
INFO: HHH000261: Table found: microcosmos.detallecompra
oct 14, 2021 4:33:16 PM org.hibernate.tool.hbm2ddl.TableMetadata <init>
INFO: HHH000037: Columns: [idcompra, iddetallecompra, preciocompra, cantidad, idarticulo]
oct 14, 2021 4:33:16 PM org.hibernate.tool.hbm2ddl.TableMetadata <init>
INFO: HHH000261: Table found: microcosmos.detalleventa
oct 14, 2021 4:33:16 PM org.hibernate.tool.hbm2ddl.TableMetadata <init>
INFO: HHH000037: Columns: [idventa, iddetalleventa, cantidad, idarticulo]
oct 14, 2021 4:33:16 PM org.hibernate.tool.hbm2ddl.TableMetadata <init>
INFO: HHH000261: Table found: microcosmos.empleados
oct 14, 2021 4:33:16 PM org.hibernate.tool.hbm2ddl.TableMetadata <init>
INFO: HHH000037: Columns: [idempleados, idarealaboral, idtipodocumento, idsexo, telefonoempleado, documento, nombreempleado, correoempleado, apellidoempleado, fechadenacimiento, activoempleado]
oct 14, 2021 4:33:16 PM org.hibernate.tool.hbm2ddl.TableMetadata <init>
INFO: HHH000261: Table found: microcosmos.entidades
oct 14, 2021 4:33:16 PM org.hibernate.tool.hbm2ddl.TableMetadata <init>
INFO: HHH000037: Columns: [identidad, activoentidad, nombreentidad]
oct 14, 2021 4:33:16 PM org.hibernate.tool.hbm2ddl.TableMetadata <init>
INFO: HHH000261: Table found: microcosmos.estado
oct 14, 2021 4:33:16 PM org.hibernate.tool.hbm2ddl.TableMetadata <init>
INFO: HHH000037: Columns: [nombreestado, activoestado, identidad, descripcionestado, idestado]
oct 14, 2021 4:33:16 PM org.hibernate.tool.hbm2ddl.TableMetadata <init>
INFO: HHH000261: Table found: microcosmos.facturasdevueltas
oct 14, 2021 4:33:16 PM org.hibernate.tool.hbm2ddl.TableMetadata <init>
INFO: HHH000037: Columns: [idventa, descripcion, fechadevolucion, idempleados, idfacturadevuelta]
oct 14, 2021 4:33:16 PM org.hibernate.tool.hbm2ddl.TableMetadata <init>
INFO: HHH000261: Table found: microcosmos.parametros
oct 14, 2021 4:33:16 PM org.hibernate.tool.hbm2ddl.TableMetadata <init>
INFO: HHH000037: Columns: [facturainicial, fechaemision, facturafinal, activoparametros, fechacaducidad, cai, idparametros]
oct 14, 2021 4:33:16 PM org.hibernate.tool.hbm2ddl.TableMetadata <init>
INFO: HHH000261: Table found: microcosmos.pedidosdevueltos
oct 14, 2021 4:33:16 PM org.hibernate.tool.hbm2ddl.TableMetadata <init>
INFO: HHH000037: Columns: [idcompra, descripcion, idempleados, idpedidosdevueltos, fechaanulacion]
oct 14, 2021 4:33:16 PM org.hibernate.tool.hbm2ddl.TableMetadata <init>
INFO: HHH000261: Table found: microcosmos.preciohistorico
oct 14, 2021 4:33:16 PM org.hibernate.tool.hbm2ddl.TableMetadata <init>
INFO: HHH000037: Columns: [precio, idpreciohistorico, fechainicial, fechafinal, idarticulo, activopreciohistorico]
oct 14, 2021 4:33:16 PM org.hibernate.tool.hbm2ddl.TableMetadata <init>
INFO: HHH000261: Table found: microcosmos.proveedores
oct 14, 2021 4:33:16 PM org.hibernate.tool.hbm2ddl.TableMetadata <init>
INFO: HHH000037: Columns: [idproveedor, activoproveedor, idtipodocumento, nombreproveedor, correoproveedor, telefonoproveedor, documento, ubicacionproveedor]
oct 14, 2021 4:33:16 PM org.hibernate.tool.hbm2ddl.TableMetadata <init>
INFO: HHH000261: Table found: microcosmos.secciontienda
oct 14, 2021 4:33:16 PM org.hibernate.tool.hbm2ddl.TableMetadata <init>
INFO: HHH000037: Columns: [idsecciontienda, descripcionsecciontienda, nombresecciontienda, activosecciontienda]
oct 14, 2021 4:33:16 PM org.hibernate.tool.hbm2ddl.TableMetadata <init>
INFO: HHH000261: Table found: microcosmos.sexo
oct 14, 2021 4:33:16 PM org.hibernate.tool.hbm2ddl.TableMetadata <init>
INFO: HHH000037: Columns: [idsexo, nombresexo, descripcionsexo]
oct 14, 2021 4:33:16 PM org.hibernate.tool.hbm2ddl.TableMetadata <init>
INFO: HHH000261: Table found: microcosmos.talla
oct 14, 2021 4:33:16 PM org.hibernate.tool.hbm2ddl.TableMetadata <init>
INFO: HHH000037: Columns: [activotalla, nombretalla, descripciontalla, idtalla]
oct 14, 2021 4:33:16 PM org.hibernate.tool.hbm2ddl.TableMetadata <init>
INFO: HHH000261: Table found: microcosmos.tipodepago
oct 14, 2021 4:33:16 PM org.hibernate.tool.hbm2ddl.TableMetadata <init>
INFO: HHH000037: Columns: [descripciontipodepago, nombretipodepago, idtipodepago, activotipodepago]
oct 14, 2021 4:33:16 PM org.hibernate.tool.hbm2ddl.TableMetadata <init>
INFO: HHH000261: Table found: microcosmos.tipodocumento
oct 14, 2021 4:33:16 PM org.hibernate.tool.hbm2ddl.TableMetadata <init>
INFO: HHH000037: Columns: [nombretipodocumento, descripciontipodocumento, activotipodocumento, idtipodocumento]
oct 14, 2021 4:33:16 PM org.hibernate.tool.hbm2ddl.TableMetadata <init>
INFO: HHH000261: Table found: microcosmos.usuarios
oct 14, 2021 4:33:16 PM org.hibernate.tool.hbm2ddl.TableMetadata <init>
INFO: HHH000037: Columns: [nombreusuario, idempleados, numerodeintentos, activousuario, admin, contrasena, idusuario]
oct 14, 2021 4:33:16 PM org.hibernate.tool.hbm2ddl.TableMetadata <init>
INFO: HHH000261: Table found: microcosmos.venta
oct 14, 2021 4:33:16 PM org.hibernate.tool.hbm2ddl.TableMetadata <init>
INFO: HHH000037: Columns: [numtarjeta, idtipodepago, formato, montoefectivo, idcliente, idestado, idventa, total, idempleados, impuesto, subtotal, montotarjeta, fechaventa, idparametros]
oct 14, 2021 4:33:16 PM org.hibernate.jpa.internal.EntityManagerFactoryRegistry addEntityManagerFactory
WARN: HHH000436: Entity manager factory name (DB) is already registered.  If entity manager will be clustered or passivated, specify a unique value for property 'hibernate.ejb.entitymanager_factory_name'
oct 14, 2021 4:33:16 PM org.hibernate.ejb.HibernatePersistence logDeprecation
WARN: HHH015016: Encountered a deprecated javax.persistence.spi.PersistenceProvider [org.hibernate.ejb.HibernatePersistence]; use [org.hibernate.jpa.HibernatePersistenceProvider] instead.
oct 14, 2021 4:33:16 PM org.hibernate.ejb.HibernatePersistence logDeprecation
WARN: HHH015016: Encountered a deprecated javax.persistence.spi.PersistenceProvider [org.hibernate.ejb.HibernatePersistence]; use [org.hibernate.jpa.HibernatePersistenceProvider] instead.
oct 14, 2021 4:33:16 PM org.hibernate.ejb.HibernatePersistence logDeprecation
WARN: HHH015016: Encountered a deprecated javax.persistence.spi.PersistenceProvider [org.hibernate.ejb.HibernatePersistence]; use [org.hibernate.jpa.HibernatePersistenceProvider] instead.
oct 14, 2021 4:33:16 PM org.hibernate.jpa.internal.util.LogHelper logPersistenceUnitInformation
INFO: HHH000204: Processing PersistenceUnitInfo [
	name: DB
	...]
oct 14, 2021 4:33:16 PM org.hibernate.engine.jdbc.connections.internal.DriverManagerConnectionProviderImpl configure
WARN: HHH000402: Using Hibernate built-in connection pool (not for production use!)
oct 14, 2021 4:33:16 PM org.hibernate.engine.jdbc.connections.internal.DriverManagerConnectionProviderImpl buildCreator
INFO: HHH000401: using driver [com.mysql.jdbc.Driver] at URL [jdbc:mysql://localhost:3306/Microcosmos?zeroDateTimeBehavior=convertToNull]
oct 14, 2021 4:33:16 PM org.hibernate.engine.jdbc.connections.internal.DriverManagerConnectionProviderImpl buildCreator
INFO: HHH000046: Connection properties: {user=root, password=****}
oct 14, 2021 4:33:16 PM org.hibernate.engine.jdbc.connections.internal.DriverManagerConnectionProviderImpl buildCreator
INFO: HHH000006: Autocommit mode: false
oct 14, 2021 4:33:16 PM org.hibernate.engine.jdbc.connections.internal.DriverManagerConnectionProviderImpl configure
INFO: HHH000115: Hibernate connection pool size: 20 (min=1)
oct 14, 2021 4:33:16 PM org.hibernate.dialect.Dialect <init>
INFO: HHH000400: Using dialect: org.hibernate.dialect.MySQLDialect
oct 14, 2021 4:33:16 PM org.hibernate.hql.internal.ast.ASTQueryTranslatorFactory <init>
INFO: HHH000397: Using ASTQueryTranslatorFactory
oct 14, 2021 4:33:16 PM org.hibernate.tool.hbm2ddl.SchemaValidator validate
INFO: HHH000229: Running schema validator
oct 14, 2021 4:33:16 PM org.hibernate.tool.hbm2ddl.SchemaValidator validate
INFO: HHH000102: Fetching database metadata
oct 14, 2021 4:33:16 PM org.hibernate.tool.hbm2ddl.TableMetadata <init>
INFO: HHH000261: Table found: microcosmos.arealaboral
oct 14, 2021 4:33:16 PM org.hibernate.tool.hbm2ddl.TableMetadata <init>
INFO: HHH000037: Columns: [idarealaboral, descripcionarealaboral, nombrearealaboral, activoarealaboral]
oct 14, 2021 4:33:16 PM org.hibernate.tool.hbm2ddl.TableMetadata <init>
INFO: HHH000261: Table found: microcosmos.arealaboralhistorica
oct 14, 2021 4:33:16 PM org.hibernate.tool.hbm2ddl.TableMetadata <init>
INFO: HHH000037: Columns: [idempleados, fechaconclusion, fechacomienzo, idarealaboralhistorica]
oct 14, 2021 4:33:16 PM org.hibernate.tool.hbm2ddl.TableMetadata <init>
INFO: HHH000261: Table found: microcosmos.articulo
oct 14, 2021 4:33:16 PM org.hibernate.tool.hbm2ddl.TableMetadata <init>
INFO: HHH000037: Columns: [idsecciontienda, stockmaximo, activoarticulo, nombrearticulo, stockminimo, precioarticulo, idtalla, stock, descripcionarticulo, idarticulo]
oct 14, 2021 4:33:16 PM org.hibernate.tool.hbm2ddl.TableMetadata <init>
INFO: HHH000261: Table found: microcosmos.clientes
oct 14, 2021 4:33:16 PM org.hibernate.tool.hbm2ddl.TableMetadata <init>
INFO: HHH000037: Columns: [telefonocliente, direccioncliente, idtipodocumento, idsexo, documento, activocliente, idcliente, nombrecliente, apellidocliente, correocliente]
oct 14, 2021 4:33:16 PM org.hibernate.tool.hbm2ddl.TableMetadata <init>
INFO: HHH000261: Table found: microcosmos.compra
oct 14, 2021 4:33:16 PM org.hibernate.tool.hbm2ddl.TableMetadata <init>
INFO: HHH000037: Columns: [idcompra, fechapedido, idproveedor, idempleados, fecharecibido, totalcompra, idestado]
oct 14, 2021 4:33:16 PM org.hibernate.tool.hbm2ddl.TableMetadata <init>
INFO: HHH000261: Table found: microcosmos.detallecompra
oct 14, 2021 4:33:16 PM org.hibernate.tool.hbm2ddl.TableMetadata <init>
INFO: HHH000037: Columns: [idcompra, iddetallecompra, preciocompra, cantidad, idarticulo]
oct 14, 2021 4:33:16 PM org.hibernate.tool.hbm2ddl.TableMetadata <init>
INFO: HHH000261: Table found: microcosmos.detalleventa
oct 14, 2021 4:33:16 PM org.hibernate.tool.hbm2ddl.TableMetadata <init>
INFO: HHH000037: Columns: [idventa, iddetalleventa, cantidad, idarticulo]
oct 14, 2021 4:33:16 PM org.hibernate.tool.hbm2ddl.TableMetadata <init>
INFO: HHH000261: Table found: microcosmos.empleados
oct 14, 2021 4:33:16 PM org.hibernate.tool.hbm2ddl.TableMetadata <init>
INFO: HHH000037: Columns: [idempleados, idarealaboral, idtipodocumento, idsexo, telefonoempleado, documento, nombreempleado, correoempleado, apellidoempleado, fechadenacimiento, activoempleado]
oct 14, 2021 4:33:16 PM org.hibernate.tool.hbm2ddl.TableMetadata <init>
INFO: HHH000261: Table found: microcosmos.entidades
oct 14, 2021 4:33:16 PM org.hibernate.tool.hbm2ddl.TableMetadata <init>
INFO: HHH000037: Columns: [identidad, activoentidad, nombreentidad]
oct 14, 2021 4:33:16 PM org.hibernate.tool.hbm2ddl.TableMetadata <init>
INFO: HHH000261: Table found: microcosmos.estado
oct 14, 2021 4:33:16 PM org.hibernate.tool.hbm2ddl.TableMetadata <init>
INFO: HHH000037: Columns: [nombreestado, activoestado, identidad, descripcionestado, idestado]
oct 14, 2021 4:33:16 PM org.hibernate.tool.hbm2ddl.TableMetadata <init>
INFO: HHH000261: Table found: microcosmos.facturasdevueltas
oct 14, 2021 4:33:16 PM org.hibernate.tool.hbm2ddl.TableMetadata <init>
INFO: HHH000037: Columns: [idventa, descripcion, fechadevolucion, idempleados, idfacturadevuelta]
oct 14, 2021 4:33:16 PM org.hibernate.tool.hbm2ddl.TableMetadata <init>
INFO: HHH000261: Table found: microcosmos.parametros
oct 14, 2021 4:33:16 PM org.hibernate.tool.hbm2ddl.TableMetadata <init>
INFO: HHH000037: Columns: [facturainicial, fechaemision, facturafinal, activoparametros, fechacaducidad, cai, idparametros]
oct 14, 2021 4:33:16 PM org.hibernate.tool.hbm2ddl.TableMetadata <init>
INFO: HHH000261: Table found: microcosmos.pedidosdevueltos
oct 14, 2021 4:33:16 PM org.hibernate.tool.hbm2ddl.TableMetadata <init>
INFO: HHH000037: Columns: [idcompra, descripcion, idempleados, idpedidosdevueltos, fechaanulacion]
oct 14, 2021 4:33:16 PM org.hibernate.tool.hbm2ddl.TableMetadata <init>
INFO: HHH000261: Table found: microcosmos.preciohistorico
oct 14, 2021 4:33:16 PM org.hibernate.tool.hbm2ddl.TableMetadata <init>
INFO: HHH000037: Columns: [precio, idpreciohistorico, fechainicial, fechafinal, idarticulo, activopreciohistorico]
oct 14, 2021 4:33:16 PM org.hibernate.tool.hbm2ddl.TableMetadata <init>
INFO: HHH000261: Table found: microcosmos.proveedores
oct 14, 2021 4:33:16 PM org.hibernate.tool.hbm2ddl.TableMetadata <init>
INFO: HHH000037: Columns: [idproveedor, activoproveedor, idtipodocumento, nombreproveedor, correoproveedor, telefonoproveedor, documento, ubicacionproveedor]
oct 14, 2021 4:33:16 PM org.hibernate.tool.hbm2ddl.TableMetadata <init>
INFO: HHH000261: Table found: microcosmos.secciontienda
oct 14, 2021 4:33:16 PM org.hibernate.tool.hbm2ddl.TableMetadata <init>
INFO: HHH000037: Columns: [idsecciontienda, descripcionsecciontienda, nombresecciontienda, activosecciontienda]
oct 14, 2021 4:33:16 PM org.hibernate.tool.hbm2ddl.TableMetadata <init>
INFO: HHH000261: Table found: microcosmos.sexo
oct 14, 2021 4:33:16 PM org.hibernate.tool.hbm2ddl.TableMetadata <init>
INFO: HHH000037: Columns: [idsexo, nombresexo, descripcionsexo]
oct 14, 2021 4:33:16 PM org.hibernate.tool.hbm2ddl.TableMetadata <init>
INFO: HHH000261: Table found: microcosmos.talla
oct 14, 2021 4:33:16 PM org.hibernate.tool.hbm2ddl.TableMetadata <init>
INFO: HHH000037: Columns: [activotalla, nombretalla, descripciontalla, idtalla]
oct 14, 2021 4:33:16 PM org.hibernate.tool.hbm2ddl.TableMetadata <init>
INFO: HHH000261: Table found: microcosmos.tipodepago
oct 14, 2021 4:33:16 PM org.hibernate.tool.hbm2ddl.TableMetadata <init>
INFO: HHH000037: Columns: [descripciontipodepago, nombretipodepago, idtipodepago, activotipodepago]
oct 14, 2021 4:33:16 PM org.hibernate.tool.hbm2ddl.TableMetadata <init>
INFO: HHH000261: Table found: microcosmos.tipodocumento
oct 14, 2021 4:33:16 PM org.hibernate.tool.hbm2ddl.TableMetadata <init>
INFO: HHH000037: Columns: [nombretipodocumento, descripciontipodocumento, activotipodocumento, idtipodocumento]
oct 14, 2021 4:33:16 PM org.hibernate.tool.hbm2ddl.TableMetadata <init>
INFO: HHH000261: Table found: microcosmos.usuarios
oct 14, 2021 4:33:16 PM org.hibernate.tool.hbm2ddl.TableMetadata <init>
INFO: HHH000037: Columns: [nombreusuario, idempleados, numerodeintentos, activousuario, admin, contrasena, idusuario]
oct 14, 2021 4:33:16 PM org.hibernate.tool.hbm2ddl.TableMetadata <init>
INFO: HHH000261: Table found: microcosmos.venta
oct 14, 2021 4:33:16 PM org.hibernate.tool.hbm2ddl.TableMetadata <init>
INFO: HHH000037: Columns: [numtarjeta, idtipodepago, formato, montoefectivo, idcliente, idestado, idventa, total, idempleados, impuesto, subtotal, montotarjeta, fechaventa, idparametros]
oct 14, 2021 4:33:16 PM org.hibernate.jpa.internal.EntityManagerFactoryRegistry addEntityManagerFactory
WARN: HHH000436: Entity manager factory name (DB) is already registered.  If entity manager will be clustered or passivated, specify a unique value for property 'hibernate.ejb.entitymanager_factory_name'
oct 14, 2021 4:33:16 PM org.hibernate.ejb.HibernatePersistence logDeprecation
WARN: HHH015016: Encountered a deprecated javax.persistence.spi.PersistenceProvider [org.hibernate.ejb.HibernatePersistence]; use [org.hibernate.jpa.HibernatePersistenceProvider] instead.
oct 14, 2021 4:33:16 PM org.hibernate.ejb.HibernatePersistence logDeprecation
WARN: HHH015016: Encountered a deprecated javax.persistence.spi.PersistenceProvider [org.hibernate.ejb.HibernatePersistence]; use [org.hibernate.jpa.HibernatePersistenceProvider] instead.
oct 14, 2021 4:33:16 PM org.hibernate.ejb.HibernatePersistence logDeprecation
WARN: HHH015016: Encountered a deprecated javax.persistence.spi.PersistenceProvider [org.hibernate.ejb.HibernatePersistence]; use [org.hibernate.jpa.HibernatePersistenceProvider] instead.
oct 14, 2021 4:33:16 PM org.hibernate.jpa.internal.util.LogHelper logPersistenceUnitInformation
INFO: HHH000204: Processing PersistenceUnitInfo [
	name: DB
	...]
oct 14, 2021 4:33:16 PM org.hibernate.engine.jdbc.connections.internal.DriverManagerConnectionProviderImpl configure
WARN: HHH000402: Using Hibernate built-in connection pool (not for production use!)
oct 14, 2021 4:33:16 PM org.hibernate.engine.jdbc.connections.internal.DriverManagerConnectionProviderImpl buildCreator
INFO: HHH000401: using driver [com.mysql.jdbc.Driver] at URL [jdbc:mysql://localhost:3306/Microcosmos?zeroDateTimeBehavior=convertToNull]
oct 14, 2021 4:33:16 PM org.hibernate.engine.jdbc.connections.internal.DriverManagerConnectionProviderImpl buildCreator
INFO: HHH000046: Connection properties: {user=root, password=****}
oct 14, 2021 4:33:16 PM org.hibernate.engine.jdbc.connections.internal.DriverManagerConnectionProviderImpl buildCreator
INFO: HHH000006: Autocommit mode: false
oct 14, 2021 4:33:16 PM org.hibernate.engine.jdbc.connections.internal.DriverManagerConnectionProviderImpl configure
INFO: HHH000115: Hibernate connection pool size: 20 (min=1)
oct 14, 2021 4:33:16 PM org.hibernate.dialect.Dialect <init>
INFO: HHH000400: Using dialect: org.hibernate.dialect.MySQLDialect
oct 14, 2021 4:33:16 PM org.hibernate.hql.internal.ast.ASTQueryTranslatorFactory <init>
INFO: HHH000397: Using ASTQueryTranslatorFactory
oct 14, 2021 4:33:16 PM org.hibernate.tool.hbm2ddl.SchemaValidator validate
INFO: HHH000229: Running schema validator
oct 14, 2021 4:33:16 PM org.hibernate.tool.hbm2ddl.SchemaValidator validate
INFO: HHH000102: Fetching database metadata
oct 14, 2021 4:33:16 PM org.hibernate.tool.hbm2ddl.TableMetadata <init>
INFO: HHH000261: Table found: microcosmos.arealaboral
oct 14, 2021 4:33:16 PM org.hibernate.tool.hbm2ddl.TableMetadata <init>
INFO: HHH000037: Columns: [idarealaboral, descripcionarealaboral, nombrearealaboral, activoarealaboral]
oct 14, 2021 4:33:16 PM org.hibernate.tool.hbm2ddl.TableMetadata <init>
INFO: HHH000261: Table found: microcosmos.arealaboralhistorica
oct 14, 2021 4:33:16 PM org.hibernate.tool.hbm2ddl.TableMetadata <init>
INFO: HHH000037: Columns: [idempleados, fechaconclusion, fechacomienzo, idarealaboralhistorica]
oct 14, 2021 4:33:16 PM org.hibernate.tool.hbm2ddl.TableMetadata <init>
INFO: HHH000261: Table found: microcosmos.articulo
oct 14, 2021 4:33:16 PM org.hibernate.tool.hbm2ddl.TableMetadata <init>
INFO: HHH000037: Columns: [idsecciontienda, stockmaximo, activoarticulo, nombrearticulo, stockminimo, precioarticulo, idtalla, stock, descripcionarticulo, idarticulo]
oct 14, 2021 4:33:16 PM org.hibernate.tool.hbm2ddl.TableMetadata <init>
INFO: HHH000261: Table found: microcosmos.clientes
oct 14, 2021 4:33:16 PM org.hibernate.tool.hbm2ddl.TableMetadata <init>
INFO: HHH000037: Columns: [telefonocliente, direccioncliente, idtipodocumento, idsexo, documento, activocliente, idcliente, nombrecliente, apellidocliente, correocliente]
oct 14, 2021 4:33:16 PM org.hibernate.tool.hbm2ddl.TableMetadata <init>
INFO: HHH000261: Table found: microcosmos.compra
oct 14, 2021 4:33:16 PM org.hibernate.tool.hbm2ddl.TableMetadata <init>
INFO: HHH000037: Columns: [idcompra, fechapedido, idproveedor, idempleados, fecharecibido, totalcompra, idestado]
oct 14, 2021 4:33:16 PM org.hibernate.tool.hbm2ddl.TableMetadata <init>
INFO: HHH000261: Table found: microcosmos.detallecompra
oct 14, 2021 4:33:16 PM org.hibernate.tool.hbm2ddl.TableMetadata <init>
INFO: HHH000037: Columns: [idcompra, iddetallecompra, preciocompra, cantidad, idarticulo]
oct 14, 2021 4:33:16 PM org.hibernate.tool.hbm2ddl.TableMetadata <init>
INFO: HHH000261: Table found: microcosmos.detalleventa
oct 14, 2021 4:33:16 PM org.hibernate.tool.hbm2ddl.TableMetadata <init>
INFO: HHH000037: Columns: [idventa, iddetalleventa, cantidad, idarticulo]
oct 14, 2021 4:33:16 PM org.hibernate.tool.hbm2ddl.TableMetadata <init>
INFO: HHH000261: Table found: microcosmos.empleados
oct 14, 2021 4:33:16 PM org.hibernate.tool.hbm2ddl.TableMetadata <init>
INFO: HHH000037: Columns: [idempleados, idarealaboral, idtipodocumento, idsexo, telefonoempleado, documento, nombreempleado, correoempleado, apellidoempleado, fechadenacimiento, activoempleado]
oct 14, 2021 4:33:16 PM org.hibernate.tool.hbm2ddl.TableMetadata <init>
INFO: HHH000261: Table found: microcosmos.entidades
oct 14, 2021 4:33:16 PM org.hibernate.tool.hbm2ddl.TableMetadata <init>
INFO: HHH000037: Columns: [identidad, activoentidad, nombreentidad]
oct 14, 2021 4:33:16 PM org.hibernate.tool.hbm2ddl.TableMetadata <init>
INFO: HHH000261: Table found: microcosmos.estado
oct 14, 2021 4:33:16 PM org.hibernate.tool.hbm2ddl.TableMetadata <init>
INFO: HHH000037: Columns: [nombreestado, activoestado, identidad, descripcionestado, idestado]
oct 14, 2021 4:33:16 PM org.hibernate.tool.hbm2ddl.TableMetadata <init>
INFO: HHH000261: Table found: microcosmos.facturasdevueltas
oct 14, 2021 4:33:16 PM org.hibernate.tool.hbm2ddl.TableMetadata <init>
INFO: HHH000037: Columns: [idventa, descripcion, fechadevolucion, idempleados, idfacturadevuelta]
oct 14, 2021 4:33:16 PM org.hibernate.tool.hbm2ddl.TableMetadata <init>
INFO: HHH000261: Table found: microcosmos.parametros
oct 14, 2021 4:33:16 PM org.hibernate.tool.hbm2ddl.TableMetadata <init>
INFO: HHH000037: Columns: [facturainicial, fechaemision, facturafinal, activoparametros, fechacaducidad, cai, idparametros]
oct 14, 2021 4:33:16 PM org.hibernate.tool.hbm2ddl.TableMetadata <init>
INFO: HHH000261: Table found: microcosmos.pedidosdevueltos
oct 14, 2021 4:33:16 PM org.hibernate.tool.hbm2ddl.TableMetadata <init>
INFO: HHH000037: Columns: [idcompra, descripcion, idempleados, idpedidosdevueltos, fechaanulacion]
oct 14, 2021 4:33:16 PM org.hibernate.tool.hbm2ddl.TableMetadata <init>
INFO: HHH000261: Table found: microcosmos.preciohistorico
oct 14, 2021 4:33:16 PM org.hibernate.tool.hbm2ddl.TableMetadata <init>
INFO: HHH000037: Columns: [precio, idpreciohistorico, fechainicial, fechafinal, idarticulo, activopreciohistorico]
oct 14, 2021 4:33:16 PM org.hibernate.tool.hbm2ddl.TableMetadata <init>
INFO: HHH000261: Table found: microcosmos.proveedores
oct 14, 2021 4:33:16 PM org.hibernate.tool.hbm2ddl.TableMetadata <init>
INFO: HHH000037: Columns: [idproveedor, activoproveedor, idtipodocumento, nombreproveedor, correoproveedor, telefonoproveedor, documento, ubicacionproveedor]
oct 14, 2021 4:33:16 PM org.hibernate.tool.hbm2ddl.TableMetadata <init>
INFO: HHH000261: Table found: microcosmos.secciontienda
oct 14, 2021 4:33:16 PM org.hibernate.tool.hbm2ddl.TableMetadata <init>
INFO: HHH000037: Columns: [idsecciontienda, descripcionsecciontienda, nombresecciontienda, activosecciontienda]
oct 14, 2021 4:33:16 PM org.hibernate.tool.hbm2ddl.TableMetadata <init>
INFO: HHH000261: Table found: microcosmos.sexo
oct 14, 2021 4:33:16 PM org.hibernate.tool.hbm2ddl.TableMetadata <init>
INFO: HHH000037: Columns: [idsexo, nombresexo, descripcionsexo]
oct 14, 2021 4:33:16 PM org.hibernate.tool.hbm2ddl.TableMetadata <init>
INFO: HHH000261: Table found: microcosmos.talla
oct 14, 2021 4:33:16 PM org.hibernate.tool.hbm2ddl.TableMetadata <init>
INFO: HHH000037: Columns: [activotalla, nombretalla, descripciontalla, idtalla]
oct 14, 2021 4:33:16 PM org.hibernate.tool.hbm2ddl.TableMetadata <init>
INFO: HHH000261: Table found: microcosmos.tipodepago
oct 14, 2021 4:33:16 PM org.hibernate.tool.hbm2ddl.TableMetadata <init>
INFO: HHH000037: Columns: [descripciontipodepago, nombretipodepago, idtipodepago, activotipodepago]
oct 14, 2021 4:33:16 PM org.hibernate.tool.hbm2ddl.TableMetadata <init>
INFO: HHH000261: Table found: microcosmos.tipodocumento
oct 14, 2021 4:33:16 PM org.hibernate.tool.hbm2ddl.TableMetadata <init>
INFO: HHH000037: Columns: [nombretipodocumento, descripciontipodocumento, activotipodocumento, idtipodocumento]
oct 14, 2021 4:33:16 PM org.hibernate.tool.hbm2ddl.TableMetadata <init>
INFO: HHH000261: Table found: microcosmos.usuarios
oct 14, 2021 4:33:16 PM org.hibernate.tool.hbm2ddl.TableMetadata <init>
INFO: HHH000037: Columns: [nombreusuario, idempleados, numerodeintentos, activousuario, admin, contrasena, idusuario]
oct 14, 2021 4:33:16 PM org.hibernate.tool.hbm2ddl.TableMetadata <init>
INFO: HHH000261: Table found: microcosmos.venta
oct 14, 2021 4:33:16 PM org.hibernate.tool.hbm2ddl.TableMetadata <init>
INFO: HHH000037: Columns: [numtarjeta, idtipodepago, formato, montoefectivo, idcliente, idestado, idventa, total, idempleados, impuesto, subtotal, montotarjeta, fechaventa, idparametros]
oct 14, 2021 4:33:16 PM org.hibernate.jpa.internal.EntityManagerFactoryRegistry addEntityManagerFactory
WARN: HHH000436: Entity manager factory name (DB) is already registered.  If entity manager will be clustered or passivated, specify a unique value for property 'hibernate.ejb.entitymanager_factory_name'
oct 14, 2021 4:33:16 PM org.hibernate.ejb.HibernatePersistence logDeprecation
WARN: HHH015016: Encountered a deprecated javax.persistence.spi.PersistenceProvider [org.hibernate.ejb.HibernatePersistence]; use [org.hibernate.jpa.HibernatePersistenceProvider] instead.
oct 14, 2021 4:33:16 PM org.hibernate.ejb.HibernatePersistence logDeprecation
WARN: HHH015016: Encountered a deprecated javax.persistence.spi.PersistenceProvider [org.hibernate.ejb.HibernatePersistence]; use [org.hibernate.jpa.HibernatePersistenceProvider] instead.
oct 14, 2021 4:33:16 PM org.hibernate.ejb.HibernatePersistence logDeprecation
WARN: HHH015016: Encountered a deprecated javax.persistence.spi.PersistenceProvider [org.hibernate.ejb.HibernatePersistence]; use [org.hibernate.jpa.HibernatePersistenceProvider] instead.
oct 14, 2021 4:33:16 PM org.hibernate.jpa.internal.util.LogHelper logPersistenceUnitInformation
INFO: HHH000204: Processing PersistenceUnitInfo [
	name: DB
	...]
oct 14, 2021 4:33:16 PM org.hibernate.engine.jdbc.connections.internal.DriverManagerConnectionProviderImpl configure
WARN: HHH000402: Using Hibernate built-in connection pool (not for production use!)
oct 14, 2021 4:33:16 PM org.hibernate.engine.jdbc.connections.internal.DriverManagerConnectionProviderImpl buildCreator
INFO: HHH000401: using driver [com.mysql.jdbc.Driver] at URL [jdbc:mysql://localhost:3306/Microcosmos?zeroDateTimeBehavior=convertToNull]
oct 14, 2021 4:33:16 PM org.hibernate.engine.jdbc.connections.internal.DriverManagerConnectionProviderImpl buildCreator
INFO: HHH000046: Connection properties: {user=root, password=****}
oct 14, 2021 4:33:16 PM org.hibernate.engine.jdbc.connections.internal.DriverManagerConnectionProviderImpl buildCreator
INFO: HHH000006: Autocommit mode: false
oct 14, 2021 4:33:16 PM org.hibernate.engine.jdbc.connections.internal.DriverManagerConnectionProviderImpl configure
INFO: HHH000115: Hibernate connection pool size: 20 (min=1)
oct 14, 2021 4:33:16 PM org.hibernate.dialect.Dialect <init>
INFO: HHH000400: Using dialect: org.hibernate.dialect.MySQLDialect
oct 14, 2021 4:33:16 PM org.hibernate.hql.internal.ast.ASTQueryTranslatorFactory <init>
INFO: HHH000397: Using ASTQueryTranslatorFactory
oct 14, 2021 4:33:16 PM org.hibernate.tool.hbm2ddl.SchemaValidator validate
INFO: HHH000229: Running schema validator
oct 14, 2021 4:33:16 PM org.hibernate.tool.hbm2ddl.SchemaValidator validate
INFO: HHH000102: Fetching database metadata
oct 14, 2021 4:33:16 PM org.hibernate.tool.hbm2ddl.TableMetadata <init>
INFO: HHH000261: Table found: microcosmos.arealaboral
oct 14, 2021 4:33:16 PM org.hibernate.tool.hbm2ddl.TableMetadata <init>
INFO: HHH000037: Columns: [idarealaboral, descripcionarealaboral, nombrearealaboral, activoarealaboral]
oct 14, 2021 4:33:16 PM org.hibernate.tool.hbm2ddl.TableMetadata <init>
INFO: HHH000261: Table found: microcosmos.arealaboralhistorica
oct 14, 2021 4:33:16 PM org.hibernate.tool.hbm2ddl.TableMetadata <init>
INFO: HHH000037: Columns: [idempleados, fechaconclusion, fechacomienzo, idarealaboralhistorica]
oct 14, 2021 4:33:16 PM org.hibernate.tool.hbm2ddl.TableMetadata <init>
INFO: HHH000261: Table found: microcosmos.articulo
oct 14, 2021 4:33:16 PM org.hibernate.tool.hbm2ddl.TableMetadata <init>
INFO: HHH000037: Columns: [idsecciontienda, stockmaximo, activoarticulo, nombrearticulo, stockminimo, precioarticulo, idtalla, stock, descripcionarticulo, idarticulo]
oct 14, 2021 4:33:16 PM org.hibernate.tool.hbm2ddl.TableMetadata <init>
INFO: HHH000261: Table found: microcosmos.clientes
oct 14, 2021 4:33:16 PM org.hibernate.tool.hbm2ddl.TableMetadata <init>
INFO: HHH000037: Columns: [telefonocliente, direccioncliente, idtipodocumento, idsexo, documento, activocliente, idcliente, nombrecliente, apellidocliente, correocliente]
oct 14, 2021 4:33:16 PM org.hibernate.tool.hbm2ddl.TableMetadata <init>
INFO: HHH000261: Table found: microcosmos.compra
oct 14, 2021 4:33:16 PM org.hibernate.tool.hbm2ddl.TableMetadata <init>
INFO: HHH000037: Columns: [idcompra, fechapedido, idproveedor, idempleados, fecharecibido, totalcompra, idestado]
oct 14, 2021 4:33:16 PM org.hibernate.tool.hbm2ddl.TableMetadata <init>
INFO: HHH000261: Table found: microcosmos.detallecompra
oct 14, 2021 4:33:16 PM org.hibernate.tool.hbm2ddl.TableMetadata <init>
INFO: HHH000037: Columns: [idcompra, iddetallecompra, preciocompra, cantidad, idarticulo]
oct 14, 2021 4:33:16 PM org.hibernate.tool.hbm2ddl.TableMetadata <init>
INFO: HHH000261: Table found: microcosmos.detalleventa
oct 14, 2021 4:33:16 PM org.hibernate.tool.hbm2ddl.TableMetadata <init>
INFO: HHH000037: Columns: [idventa, iddetalleventa, cantidad, idarticulo]
oct 14, 2021 4:33:16 PM org.hibernate.tool.hbm2ddl.TableMetadata <init>
INFO: HHH000261: Table found: microcosmos.empleados
oct 14, 2021 4:33:16 PM org.hibernate.tool.hbm2ddl.TableMetadata <init>
INFO: HHH000037: Columns: [idempleados, idarealaboral, idtipodocumento, idsexo, telefonoempleado, documento, nombreempleado, correoempleado, apellidoempleado, fechadenacimiento, activoempleado]
oct 14, 2021 4:33:16 PM org.hibernate.tool.hbm2ddl.TableMetadata <init>
INFO: HHH000261: Table found: microcosmos.entidades
oct 14, 2021 4:33:16 PM org.hibernate.tool.hbm2ddl.TableMetadata <init>
INFO: HHH000037: Columns: [identidad, activoentidad, nombreentidad]
oct 14, 2021 4:33:16 PM org.hibernate.tool.hbm2ddl.TableMetadata <init>
INFO: HHH000261: Table found: microcosmos.estado
oct 14, 2021 4:33:16 PM org.hibernate.tool.hbm2ddl.TableMetadata <init>
INFO: HHH000037: Columns: [nombreestado, activoestado, identidad, descripcionestado, idestado]
oct 14, 2021 4:33:16 PM org.hibernate.tool.hbm2ddl.TableMetadata <init>
INFO: HHH000261: Table found: microcosmos.facturasdevueltas
oct 14, 2021 4:33:16 PM org.hibernate.tool.hbm2ddl.TableMetadata <init>
INFO: HHH000037: Columns: [idventa, descripcion, fechadevolucion, idempleados, idfacturadevuelta]
oct 14, 2021 4:33:16 PM org.hibernate.tool.hbm2ddl.TableMetadata <init>
INFO: HHH000261: Table found: microcosmos.parametros
oct 14, 2021 4:33:16 PM org.hibernate.tool.hbm2ddl.TableMetadata <init>
INFO: HHH000037: Columns: [facturainicial, fechaemision, facturafinal, activoparametros, fechacaducidad, cai, idparametros]
oct 14, 2021 4:33:16 PM org.hibernate.tool.hbm2ddl.TableMetadata <init>
INFO: HHH000261: Table found: microcosmos.pedidosdevueltos
oct 14, 2021 4:33:16 PM org.hibernate.tool.hbm2ddl.TableMetadata <init>
INFO: HHH000037: Columns: [idcompra, descripcion, idempleados, idpedidosdevueltos, fechaanulacion]
oct 14, 2021 4:33:16 PM org.hibernate.tool.hbm2ddl.TableMetadata <init>
INFO: HHH000261: Table found: microcosmos.preciohistorico
oct 14, 2021 4:33:16 PM org.hibernate.tool.hbm2ddl.TableMetadata <init>
INFO: HHH000037: Columns: [precio, idpreciohistorico, fechainicial, fechafinal, idarticulo, activopreciohistorico]
oct 14, 2021 4:33:16 PM org.hibernate.tool.hbm2ddl.TableMetadata <init>
INFO: HHH000261: Table found: microcosmos.proveedores
oct 14, 2021 4:33:16 PM org.hibernate.tool.hbm2ddl.TableMetadata <init>
INFO: HHH000037: Columns: [idproveedor, activoproveedor, idtipodocumento, nombreproveedor, correoproveedor, telefonoproveedor, documento, ubicacionproveedor]
oct 14, 2021 4:33:16 PM org.hibernate.tool.hbm2ddl.TableMetadata <init>
INFO: HHH000261: Table found: microcosmos.secciontienda
oct 14, 2021 4:33:16 PM org.hibernate.tool.hbm2ddl.TableMetadata <init>
INFO: HHH000037: Columns: [idsecciontienda, descripcionsecciontienda, nombresecciontienda, activosecciontienda]
oct 14, 2021 4:33:16 PM org.hibernate.tool.hbm2ddl.TableMetadata <init>
INFO: HHH000261: Table found: microcosmos.sexo
oct 14, 2021 4:33:16 PM org.hibernate.tool.hbm2ddl.TableMetadata <init>
INFO: HHH000037: Columns: [idsexo, nombresexo, descripcionsexo]
oct 14, 2021 4:33:16 PM org.hibernate.tool.hbm2ddl.TableMetadata <init>
INFO: HHH000261: Table found: microcosmos.talla
oct 14, 2021 4:33:16 PM org.hibernate.tool.hbm2ddl.TableMetadata <init>
INFO: HHH000037: Columns: [activotalla, nombretalla, descripciontalla, idtalla]
oct 14, 2021 4:33:16 PM org.hibernate.tool.hbm2ddl.TableMetadata <init>
INFO: HHH000261: Table found: microcosmos.tipodepago
oct 14, 2021 4:33:16 PM org.hibernate.tool.hbm2ddl.TableMetadata <init>
INFO: HHH000037: Columns: [descripciontipodepago, nombretipodepago, idtipodepago, activotipodepago]
oct 14, 2021 4:33:16 PM org.hibernate.tool.hbm2ddl.TableMetadata <init>
INFO: HHH000261: Table found: microcosmos.tipodocumento
oct 14, 2021 4:33:16 PM org.hibernate.tool.hbm2ddl.TableMetadata <init>
INFO: HHH000037: Columns: [nombretipodocumento, descripciontipodocumento, activotipodocumento, idtipodocumento]
oct 14, 2021 4:33:16 PM org.hibernate.tool.hbm2ddl.TableMetadata <init>
INFO: HHH000261: Table found: microcosmos.usuarios
oct 14, 2021 4:33:16 PM org.hibernate.tool.hbm2ddl.TableMetadata <init>
INFO: HHH000037: Columns: [nombreusuario, idempleados, numerodeintentos, activousuario, admin, contrasena, idusuario]
oct 14, 2021 4:33:16 PM org.hibernate.tool.hbm2ddl.TableMetadata <init>
INFO: HHH000261: Table found: microcosmos.venta
oct 14, 2021 4:33:16 PM org.hibernate.tool.hbm2ddl.TableMetadata <init>
INFO: HHH000037: Columns: [numtarjeta, idtipodepago, formato, montoefectivo, idcliente, idestado, idventa, total, idempleados, impuesto, subtotal, montotarjeta, fechaventa, idparametros]
oct 14, 2021 4:33:16 PM org.hibernate.jpa.internal.EntityManagerFactoryRegistry addEntityManagerFactory
WARN: HHH000436: Entity manager factory name (DB) is already registered.  If entity manager will be clustered or passivated, specify a unique value for property 'hibernate.ejb.entitymanager_factory_name'
oct 14, 2021 4:33:16 PM org.hibernate.ejb.HibernatePersistence logDeprecation
WARN: HHH015016: Encountered a deprecated javax.persistence.spi.PersistenceProvider [org.hibernate.ejb.HibernatePersistence]; use [org.hibernate.jpa.HibernatePersistenceProvider] instead.
oct 14, 2021 4:33:16 PM org.hibernate.ejb.HibernatePersistence logDeprecation
WARN: HHH015016: Encountered a deprecated javax.persistence.spi.PersistenceProvider [org.hibernate.ejb.HibernatePersistence]; use [org.hibernate.jpa.HibernatePersistenceProvider] instead.
oct 14, 2021 4:33:16 PM org.hibernate.ejb.HibernatePersistence logDeprecation
WARN: HHH015016: Encountered a deprecated javax.persistence.spi.PersistenceProvider [org.hibernate.ejb.HibernatePersistence]; use [org.hibernate.jpa.HibernatePersistenceProvider] instead.
oct 14, 2021 4:33:16 PM org.hibernate.jpa.internal.util.LogHelper logPersistenceUnitInformation
INFO: HHH000204: Processing PersistenceUnitInfo [
	name: DB
	...]
oct 14, 2021 4:33:16 PM org.hibernate.engine.jdbc.connections.internal.DriverManagerConnectionProviderImpl configure
WARN: HHH000402: Using Hibernate built-in connection pool (not for production use!)
oct 14, 2021 4:33:16 PM org.hibernate.engine.jdbc.connections.internal.DriverManagerConnectionProviderImpl buildCreator
INFO: HHH000401: using driver [com.mysql.jdbc.Driver] at URL [jdbc:mysql://localhost:3306/Microcosmos?zeroDateTimeBehavior=convertToNull]
oct 14, 2021 4:33:16 PM org.hibernate.engine.jdbc.connections.internal.DriverManagerConnectionProviderImpl buildCreator
INFO: HHH000046: Connection properties: {user=root, password=****}
oct 14, 2021 4:33:16 PM org.hibernate.engine.jdbc.connections.internal.DriverManagerConnectionProviderImpl buildCreator
INFO: HHH000006: Autocommit mode: false
oct 14, 2021 4:33:16 PM org.hibernate.engine.jdbc.connections.internal.DriverManagerConnectionProviderImpl configure
INFO: HHH000115: Hibernate connection pool size: 20 (min=1)
oct 14, 2021 4:33:16 PM org.hibernate.dialect.Dialect <init>
INFO: HHH000400: Using dialect: org.hibernate.dialect.MySQLDialect
oct 14, 2021 4:33:16 PM org.hibernate.hql.internal.ast.ASTQueryTranslatorFactory <init>
INFO: HHH000397: Using ASTQueryTranslatorFactory
oct 14, 2021 4:33:16 PM org.hibernate.tool.hbm2ddl.SchemaValidator validate
INFO: HHH000229: Running schema validator
oct 14, 2021 4:33:16 PM org.hibernate.tool.hbm2ddl.SchemaValidator validate
INFO: HHH000102: Fetching database metadata
oct 14, 2021 4:33:16 PM org.hibernate.tool.hbm2ddl.TableMetadata <init>
INFO: HHH000261: Table found: microcosmos.arealaboral
oct 14, 2021 4:33:16 PM org.hibernate.tool.hbm2ddl.TableMetadata <init>
INFO: HHH000037: Columns: [idarealaboral, descripcionarealaboral, nombrearealaboral, activoarealaboral]
oct 14, 2021 4:33:16 PM org.hibernate.tool.hbm2ddl.TableMetadata <init>
INFO: HHH000261: Table found: microcosmos.arealaboralhistorica
oct 14, 2021 4:33:16 PM org.hibernate.tool.hbm2ddl.TableMetadata <init>
INFO: HHH000037: Columns: [idempleados, fechaconclusion, fechacomienzo, idarealaboralhistorica]
oct 14, 2021 4:33:16 PM org.hibernate.tool.hbm2ddl.TableMetadata <init>
INFO: HHH000261: Table found: microcosmos.articulo
oct 14, 2021 4:33:16 PM org.hibernate.tool.hbm2ddl.TableMetadata <init>
INFO: HHH000037: Columns: [idsecciontienda, stockmaximo, activoarticulo, nombrearticulo, stockminimo, precioarticulo, idtalla, stock, descripcionarticulo, idarticulo]
oct 14, 2021 4:33:16 PM org.hibernate.tool.hbm2ddl.TableMetadata <init>
INFO: HHH000261: Table found: microcosmos.clientes
oct 14, 2021 4:33:16 PM org.hibernate.tool.hbm2ddl.TableMetadata <init>
INFO: HHH000037: Columns: [telefonocliente, direccioncliente, idtipodocumento, idsexo, documento, activocliente, idcliente, nombrecliente, apellidocliente, correocliente]
oct 14, 2021 4:33:16 PM org.hibernate.tool.hbm2ddl.TableMetadata <init>
INFO: HHH000261: Table found: microcosmos.compra
oct 14, 2021 4:33:16 PM org.hibernate.tool.hbm2ddl.TableMetadata <init>
INFO: HHH000037: Columns: [idcompra, fechapedido, idproveedor, idempleados, fecharecibido, totalcompra, idestado]
oct 14, 2021 4:33:16 PM org.hibernate.tool.hbm2ddl.TableMetadata <init>
INFO: HHH000261: Table found: microcosmos.detallecompra
oct 14, 2021 4:33:16 PM org.hibernate.tool.hbm2ddl.TableMetadata <init>
INFO: HHH000037: Columns: [idcompra, iddetallecompra, preciocompra, cantidad, idarticulo]
oct 14, 2021 4:33:16 PM org.hibernate.tool.hbm2ddl.TableMetadata <init>
INFO: HHH000261: Table found: microcosmos.detalleventa
oct 14, 2021 4:33:16 PM org.hibernate.tool.hbm2ddl.TableMetadata <init>
INFO: HHH000037: Columns: [idventa, iddetalleventa, cantidad, idarticulo]
oct 14, 2021 4:33:16 PM org.hibernate.tool.hbm2ddl.TableMetadata <init>
INFO: HHH000261: Table found: microcosmos.empleados
oct 14, 2021 4:33:16 PM org.hibernate.tool.hbm2ddl.TableMetadata <init>
INFO: HHH000037: Columns: [idempleados, idarealaboral, idtipodocumento, idsexo, telefonoempleado, documento, nombreempleado, correoempleado, apellidoempleado, fechadenacimiento, activoempleado]
oct 14, 2021 4:33:16 PM org.hibernate.tool.hbm2ddl.TableMetadata <init>
INFO: HHH000261: Table found: microcosmos.entidades
oct 14, 2021 4:33:16 PM org.hibernate.tool.hbm2ddl.TableMetadata <init>
INFO: HHH000037: Columns: [identidad, activoentidad, nombreentidad]
oct 14, 2021 4:33:16 PM org.hibernate.tool.hbm2ddl.TableMetadata <init>
INFO: HHH000261: Table found: microcosmos.estado
oct 14, 2021 4:33:16 PM org.hibernate.tool.hbm2ddl.TableMetadata <init>
INFO: HHH000037: Columns: [nombreestado, activoestado, identidad, descripcionestado, idestado]
oct 14, 2021 4:33:16 PM org.hibernate.tool.hbm2ddl.TableMetadata <init>
INFO: HHH000261: Table found: microcosmos.facturasdevueltas
oct 14, 2021 4:33:16 PM org.hibernate.tool.hbm2ddl.TableMetadata <init>
INFO: HHH000037: Columns: [idventa, descripcion, fechadevolucion, idempleados, idfacturadevuelta]
oct 14, 2021 4:33:16 PM org.hibernate.tool.hbm2ddl.TableMetadata <init>
INFO: HHH000261: Table found: microcosmos.parametros
oct 14, 2021 4:33:16 PM org.hibernate.tool.hbm2ddl.TableMetadata <init>
INFO: HHH000037: Columns: [facturainicial, fechaemision, facturafinal, activoparametros, fechacaducidad, cai, idparametros]
oct 14, 2021 4:33:16 PM org.hibernate.tool.hbm2ddl.TableMetadata <init>
INFO: HHH000261: Table found: microcosmos.pedidosdevueltos
oct 14, 2021 4:33:16 PM org.hibernate.tool.hbm2ddl.TableMetadata <init>
INFO: HHH000037: Columns: [idcompra, descripcion, idempleados, idpedidosdevueltos, fechaanulacion]
oct 14, 2021 4:33:16 PM org.hibernate.tool.hbm2ddl.TableMetadata <init>
INFO: HHH000261: Table found: microcosmos.preciohistorico
oct 14, 2021 4:33:16 PM org.hibernate.tool.hbm2ddl.TableMetadata <init>
INFO: HHH000037: Columns: [precio, idpreciohistorico, fechainicial, fechafinal, idarticulo, activopreciohistorico]
oct 14, 2021 4:33:16 PM org.hibernate.tool.hbm2ddl.TableMetadata <init>
INFO: HHH000261: Table found: microcosmos.proveedores
oct 14, 2021 4:33:16 PM org.hibernate.tool.hbm2ddl.TableMetadata <init>
INFO: HHH000037: Columns: [idproveedor, activoproveedor, idtipodocumento, nombreproveedor, correoproveedor, telefonoproveedor, documento, ubicacionproveedor]
oct 14, 2021 4:33:16 PM org.hibernate.tool.hbm2ddl.TableMetadata <init>
INFO: HHH000261: Table found: microcosmos.secciontienda
oct 14, 2021 4:33:16 PM org.hibernate.tool.hbm2ddl.TableMetadata <init>
INFO: HHH000037: Columns: [idsecciontienda, descripcionsecciontienda, nombresecciontienda, activosecciontienda]
oct 14, 2021 4:33:16 PM org.hibernate.tool.hbm2ddl.TableMetadata <init>
INFO: HHH000261: Table found: microcosmos.sexo
oct 14, 2021 4:33:16 PM org.hibernate.tool.hbm2ddl.TableMetadata <init>
INFO: HHH000037: Columns: [idsexo, nombresexo, descripcionsexo]
oct 14, 2021 4:33:16 PM org.hibernate.tool.hbm2ddl.TableMetadata <init>
INFO: HHH000261: Table found: microcosmos.talla
oct 14, 2021 4:33:16 PM org.hibernate.tool.hbm2ddl.TableMetadata <init>
INFO: HHH000037: Columns: [activotalla, nombretalla, descripciontalla, idtalla]
oct 14, 2021 4:33:16 PM org.hibernate.tool.hbm2ddl.TableMetadata <init>
INFO: HHH000261: Table found: microcosmos.tipodepago
oct 14, 2021 4:33:16 PM org.hibernate.tool.hbm2ddl.TableMetadata <init>
INFO: HHH000037: Columns: [descripciontipodepago, nombretipodepago, idtipodepago, activotipodepago]
oct 14, 2021 4:33:16 PM org.hibernate.tool.hbm2ddl.TableMetadata <init>
INFO: HHH000261: Table found: microcosmos.tipodocumento
oct 14, 2021 4:33:16 PM org.hibernate.tool.hbm2ddl.TableMetadata <init>
INFO: HHH000037: Columns: [nombretipodocumento, descripciontipodocumento, activotipodocumento, idtipodocumento]
oct 14, 2021 4:33:16 PM org.hibernate.tool.hbm2ddl.TableMetadata <init>
INFO: HHH000261: Table found: microcosmos.usuarios
oct 14, 2021 4:33:16 PM org.hibernate.tool.hbm2ddl.TableMetadata <init>
INFO: HHH000037: Columns: [nombreusuario, idempleados, numerodeintentos, activousuario, admin, contrasena, idusuario]
oct 14, 2021 4:33:16 PM org.hibernate.tool.hbm2ddl.TableMetadata <init>
INFO: HHH000261: Table found: microcosmos.venta
oct 14, 2021 4:33:16 PM org.hibernate.tool.hbm2ddl.TableMetadata <init>
INFO: HHH000037: Columns: [numtarjeta, idtipodepago, formato, montoefectivo, idcliente, idestado, idventa, total, idempleados, impuesto, subtotal, montotarjeta, fechaventa, idparametros]
oct 14, 2021 4:33:16 PM org.hibernate.jpa.internal.EntityManagerFactoryRegistry addEntityManagerFactory
WARN: HHH000436: Entity manager factory name (DB) is already registered.  If entity manager will be clustered or passivated, specify a unique value for property 'hibernate.ejb.entitymanager_factory_name'
oct 14, 2021 4:33:16 PM org.hibernate.ejb.HibernatePersistence logDeprecation
WARN: HHH015016: Encountered a deprecated javax.persistence.spi.PersistenceProvider [org.hibernate.ejb.HibernatePersistence]; use [org.hibernate.jpa.HibernatePersistenceProvider] instead.
oct 14, 2021 4:33:16 PM org.hibernate.ejb.HibernatePersistence logDeprecation
WARN: HHH015016: Encountered a deprecated javax.persistence.spi.PersistenceProvider [org.hibernate.ejb.HibernatePersistence]; use [org.hibernate.jpa.HibernatePersistenceProvider] instead.
oct 14, 2021 4:33:16 PM org.hibernate.ejb.HibernatePersistence logDeprecation
WARN: HHH015016: Encountered a deprecated javax.persistence.spi.PersistenceProvider [org.hibernate.ejb.HibernatePersistence]; use [org.hibernate.jpa.HibernatePersistenceProvider] instead.
oct 14, 2021 4:33:16 PM org.hibernate.jpa.internal.util.LogHelper logPersistenceUnitInformation
INFO: HHH000204: Processing PersistenceUnitInfo [
	name: DB
	...]
oct 14, 2021 4:33:16 PM org.hibernate.engine.jdbc.connections.internal.DriverManagerConnectionProviderImpl configure
WARN: HHH000402: Using Hibernate built-in connection pool (not for production use!)
oct 14, 2021 4:33:16 PM org.hibernate.engine.jdbc.connections.internal.DriverManagerConnectionProviderImpl buildCreator
INFO: HHH000401: using driver [com.mysql.jdbc.Driver] at URL [jdbc:mysql://localhost:3306/Microcosmos?zeroDateTimeBehavior=convertToNull]
oct 14, 2021 4:33:16 PM org.hibernate.engine.jdbc.connections.internal.DriverManagerConnectionProviderImpl buildCreator
INFO: HHH000046: Connection properties: {user=root, password=****}
oct 14, 2021 4:33:16 PM org.hibernate.engine.jdbc.connections.internal.DriverManagerConnectionProviderImpl buildCreator
INFO: HHH000006: Autocommit mode: false
oct 14, 2021 4:33:16 PM org.hibernate.engine.jdbc.connections.internal.DriverManagerConnectionProviderImpl configure
INFO: HHH000115: Hibernate connection pool size: 20 (min=1)
oct 14, 2021 4:33:16 PM org.hibernate.dialect.Dialect <init>
INFO: HHH000400: Using dialect: org.hibernate.dialect.MySQLDialect
oct 14, 2021 4:33:16 PM org.hibernate.hql.internal.ast.ASTQueryTranslatorFactory <init>
INFO: HHH000397: Using ASTQueryTranslatorFactory
oct 14, 2021 4:33:16 PM org.hibernate.tool.hbm2ddl.SchemaValidator validate
INFO: HHH000229: Running schema validator
oct 14, 2021 4:33:16 PM org.hibernate.tool.hbm2ddl.SchemaValidator validate
INFO: HHH000102: Fetching database metadata
oct 14, 2021 4:33:16 PM org.hibernate.tool.hbm2ddl.TableMetadata <init>
INFO: HHH000261: Table found: microcosmos.arealaboral
oct 14, 2021 4:33:16 PM org.hibernate.tool.hbm2ddl.TableMetadata <init>
INFO: HHH000037: Columns: [idarealaboral, descripcionarealaboral, nombrearealaboral, activoarealaboral]
oct 14, 2021 4:33:16 PM org.hibernate.tool.hbm2ddl.TableMetadata <init>
INFO: HHH000261: Table found: microcosmos.arealaboralhistorica
oct 14, 2021 4:33:16 PM org.hibernate.tool.hbm2ddl.TableMetadata <init>
INFO: HHH000037: Columns: [idempleados, fechaconclusion, fechacomienzo, idarealaboralhistorica]
oct 14, 2021 4:33:16 PM org.hibernate.tool.hbm2ddl.TableMetadata <init>
INFO: HHH000261: Table found: microcosmos.articulo
oct 14, 2021 4:33:16 PM org.hibernate.tool.hbm2ddl.TableMetadata <init>
INFO: HHH000037: Columns: [idsecciontienda, stockmaximo, activoarticulo, nombrearticulo, stockminimo, precioarticulo, idtalla, stock, descripcionarticulo, idarticulo]
oct 14, 2021 4:33:16 PM org.hibernate.tool.hbm2ddl.TableMetadata <init>
INFO: HHH000261: Table found: microcosmos.clientes
oct 14, 2021 4:33:16 PM org.hibernate.tool.hbm2ddl.TableMetadata <init>
INFO: HHH000037: Columns: [telefonocliente, direccioncliente, idtipodocumento, idsexo, documento, activocliente, idcliente, nombrecliente, apellidocliente, correocliente]
oct 14, 2021 4:33:16 PM org.hibernate.tool.hbm2ddl.TableMetadata <init>
INFO: HHH000261: Table found: microcosmos.compra
oct 14, 2021 4:33:16 PM org.hibernate.tool.hbm2ddl.TableMetadata <init>
INFO: HHH000037: Columns: [idcompra, fechapedido, idproveedor, idempleados, fecharecibido, totalcompra, idestado]
oct 14, 2021 4:33:16 PM org.hibernate.tool.hbm2ddl.TableMetadata <init>
INFO: HHH000261: Table found: microcosmos.detallecompra
oct 14, 2021 4:33:16 PM org.hibernate.tool.hbm2ddl.TableMetadata <init>
INFO: HHH000037: Columns: [idcompra, iddetallecompra, preciocompra, cantidad, idarticulo]
oct 14, 2021 4:33:16 PM org.hibernate.tool.hbm2ddl.TableMetadata <init>
INFO: HHH000261: Table found: microcosmos.detalleventa
oct 14, 2021 4:33:16 PM org.hibernate.tool.hbm2ddl.TableMetadata <init>
INFO: HHH000037: Columns: [idventa, iddetalleventa, cantidad, idarticulo]
oct 14, 2021 4:33:16 PM org.hibernate.tool.hbm2ddl.TableMetadata <init>
INFO: HHH000261: Table found: microcosmos.empleados
oct 14, 2021 4:33:16 PM org.hibernate.tool.hbm2ddl.TableMetadata <init>
INFO: HHH000037: Columns: [idempleados, idarealaboral, idtipodocumento, idsexo, telefonoempleado, documento, nombreempleado, correoempleado, apellidoempleado, fechadenacimiento, activoempleado]
oct 14, 2021 4:33:16 PM org.hibernate.tool.hbm2ddl.TableMetadata <init>
INFO: HHH000261: Table found: microcosmos.entidades
oct 14, 2021 4:33:16 PM org.hibernate.tool.hbm2ddl.TableMetadata <init>
INFO: HHH000037: Columns: [identidad, activoentidad, nombreentidad]
oct 14, 2021 4:33:16 PM org.hibernate.tool.hbm2ddl.TableMetadata <init>
INFO: HHH000261: Table found: microcosmos.estado
oct 14, 2021 4:33:16 PM org.hibernate.tool.hbm2ddl.TableMetadata <init>
INFO: HHH000037: Columns: [nombreestado, activoestado, identidad, descripcionestado, idestado]
oct 14, 2021 4:33:16 PM org.hibernate.tool.hbm2ddl.TableMetadata <init>
INFO: HHH000261: Table found: microcosmos.facturasdevueltas
oct 14, 2021 4:33:16 PM org.hibernate.tool.hbm2ddl.TableMetadata <init>
INFO: HHH000037: Columns: [idventa, descripcion, fechadevolucion, idempleados, idfacturadevuelta]
oct 14, 2021 4:33:16 PM org.hibernate.tool.hbm2ddl.TableMetadata <init>
INFO: HHH000261: Table found: microcosmos.parametros
oct 14, 2021 4:33:16 PM org.hibernate.tool.hbm2ddl.TableMetadata <init>
INFO: HHH000037: Columns: [facturainicial, fechaemision, facturafinal, activoparametros, fechacaducidad, cai, idparametros]
oct 14, 2021 4:33:16 PM org.hibernate.tool.hbm2ddl.TableMetadata <init>
INFO: HHH000261: Table found: microcosmos.pedidosdevueltos
oct 14, 2021 4:33:16 PM org.hibernate.tool.hbm2ddl.TableMetadata <init>
INFO: HHH000037: Columns: [idcompra, descripcion, idempleados, idpedidosdevueltos, fechaanulacion]
oct 14, 2021 4:33:16 PM org.hibernate.tool.hbm2ddl.TableMetadata <init>
INFO: HHH000261: Table found: microcosmos.preciohistorico
oct 14, 2021 4:33:16 PM org.hibernate.tool.hbm2ddl.TableMetadata <init>
INFO: HHH000037: Columns: [precio, idpreciohistorico, fechainicial, fechafinal, idarticulo, activopreciohistorico]
oct 14, 2021 4:33:16 PM org.hibernate.tool.hbm2ddl.TableMetadata <init>
INFO: HHH000261: Table found: microcosmos.proveedores
oct 14, 2021 4:33:16 PM org.hibernate.tool.hbm2ddl.TableMetadata <init>
INFO: HHH000037: Columns: [idproveedor, activoproveedor, idtipodocumento, nombreproveedor, correoproveedor, telefonoproveedor, documento, ubicacionproveedor]
oct 14, 2021 4:33:16 PM org.hibernate.tool.hbm2ddl.TableMetadata <init>
INFO: HHH000261: Table found: microcosmos.secciontienda
oct 14, 2021 4:33:16 PM org.hibernate.tool.hbm2ddl.TableMetadata <init>
INFO: HHH000037: Columns: [idsecciontienda, descripcionsecciontienda, nombresecciontienda, activosecciontienda]
oct 14, 2021 4:33:16 PM org.hibernate.tool.hbm2ddl.TableMetadata <init>
INFO: HHH000261: Table found: microcosmos.sexo
oct 14, 2021 4:33:16 PM org.hibernate.tool.hbm2ddl.TableMetadata <init>
INFO: HHH000037: Columns: [idsexo, nombresexo, descripcionsexo]
oct 14, 2021 4:33:16 PM org.hibernate.tool.hbm2ddl.TableMetadata <init>
INFO: HHH000261: Table found: microcosmos.talla
oct 14, 2021 4:33:16 PM org.hibernate.tool.hbm2ddl.TableMetadata <init>
INFO: HHH000037: Columns: [activotalla, nombretalla, descripciontalla, idtalla]
oct 14, 2021 4:33:16 PM org.hibernate.tool.hbm2ddl.TableMetadata <init>
INFO: HHH000261: Table found: microcosmos.tipodepago
oct 14, 2021 4:33:16 PM org.hibernate.tool.hbm2ddl.TableMetadata <init>
INFO: HHH000037: Columns: [descripciontipodepago, nombretipodepago, idtipodepago, activotipodepago]
oct 14, 2021 4:33:16 PM org.hibernate.tool.hbm2ddl.TableMetadata <init>
INFO: HHH000261: Table found: microcosmos.tipodocumento
oct 14, 2021 4:33:16 PM org.hibernate.tool.hbm2ddl.TableMetadata <init>
INFO: HHH000037: Columns: [nombretipodocumento, descripciontipodocumento, activotipodocumento, idtipodocumento]
oct 14, 2021 4:33:16 PM org.hibernate.tool.hbm2ddl.TableMetadata <init>
INFO: HHH000261: Table found: microcosmos.usuarios
oct 14, 2021 4:33:16 PM org.hibernate.tool.hbm2ddl.TableMetadata <init>
INFO: HHH000037: Columns: [nombreusuario, idempleados, numerodeintentos, activousuario, admin, contrasena, idusuario]
oct 14, 2021 4:33:16 PM org.hibernate.tool.hbm2ddl.TableMetadata <init>
INFO: HHH000261: Table found: microcosmos.venta
oct 14, 2021 4:33:16 PM org.hibernate.tool.hbm2ddl.TableMetadata <init>
INFO: HHH000037: Columns: [numtarjeta, idtipodepago, formato, montoefectivo, idcliente, idestado, idventa, total, idempleados, impuesto, subtotal, montotarjeta, fechaventa, idparametros]
oct 14, 2021 4:33:16 PM org.hibernate.jpa.internal.EntityManagerFactoryRegistry addEntityManagerFactory
WARN: HHH000436: Entity manager factory name (DB) is already registered.  If entity manager will be clustered or passivated, specify a unique value for property 'hibernate.ejb.entitymanager_factory_name'
oct 14, 2021 4:33:16 PM org.hibernate.ejb.HibernatePersistence logDeprecation
WARN: HHH015016: Encountered a deprecated javax.persistence.spi.PersistenceProvider [org.hibernate.ejb.HibernatePersistence]; use [org.hibernate.jpa.HibernatePersistenceProvider] instead.
oct 14, 2021 4:33:16 PM org.hibernate.ejb.HibernatePersistence logDeprecation
WARN: HHH015016: Encountered a deprecated javax.persistence.spi.PersistenceProvider [org.hibernate.ejb.HibernatePersistence]; use [org.hibernate.jpa.HibernatePersistenceProvider] instead.
oct 14, 2021 4:33:16 PM org.hibernate.ejb.HibernatePersistence logDeprecation
WARN: HHH015016: Encountered a deprecated javax.persistence.spi.PersistenceProvider [org.hibernate.ejb.HibernatePersistence]; use [org.hibernate.jpa.HibernatePersistenceProvider] instead.
oct 14, 2021 4:33:16 PM org.hibernate.jpa.internal.util.LogHelper logPersistenceUnitInformation
INFO: HHH000204: Processing PersistenceUnitInfo [
	name: DB
	...]
oct 14, 2021 4:33:16 PM org.hibernate.engine.jdbc.connections.internal.DriverManagerConnectionProviderImpl configure
WARN: HHH000402: Using Hibernate built-in connection pool (not for production use!)
oct 14, 2021 4:33:16 PM org.hibernate.engine.jdbc.connections.internal.DriverManagerConnectionProviderImpl buildCreator
INFO: HHH000401: using driver [com.mysql.jdbc.Driver] at URL [jdbc:mysql://localhost:3306/Microcosmos?zeroDateTimeBehavior=convertToNull]
oct 14, 2021 4:33:16 PM org.hibernate.engine.jdbc.connections.internal.DriverManagerConnectionProviderImpl buildCreator
INFO: HHH000046: Connection properties: {user=root, password=****}
oct 14, 2021 4:33:16 PM org.hibernate.engine.jdbc.connections.internal.DriverManagerConnectionProviderImpl buildCreator
INFO: HHH000006: Autocommit mode: false
oct 14, 2021 4:33:16 PM org.hibernate.engine.jdbc.connections.internal.DriverManagerConnectionProviderImpl configure
INFO: HHH000115: Hibernate connection pool size: 20 (min=1)
oct 14, 2021 4:33:16 PM org.hibernate.dialect.Dialect <init>
INFO: HHH000400: Using dialect: org.hibernate.dialect.MySQLDialect
oct 14, 2021 4:33:16 PM org.hibernate.hql.internal.ast.ASTQueryTranslatorFactory <init>
INFO: HHH000397: Using ASTQueryTranslatorFactory
oct 14, 2021 4:33:16 PM org.hibernate.tool.hbm2ddl.SchemaValidator validate
INFO: HHH000229: Running schema validator
oct 14, 2021 4:33:16 PM org.hibernate.tool.hbm2ddl.SchemaValidator validate
INFO: HHH000102: Fetching database metadata
oct 14, 2021 4:33:16 PM org.hibernate.tool.hbm2ddl.TableMetadata <init>
INFO: HHH000261: Table found: microcosmos.arealaboral
oct 14, 2021 4:33:16 PM org.hibernate.tool.hbm2ddl.TableMetadata <init>
INFO: HHH000037: Columns: [idarealaboral, descripcionarealaboral, nombrearealaboral, activoarealaboral]
oct 14, 2021 4:33:16 PM org.hibernate.tool.hbm2ddl.TableMetadata <init>
INFO: HHH000261: Table found: microcosmos.arealaboralhistorica
oct 14, 2021 4:33:16 PM org.hibernate.tool.hbm2ddl.TableMetadata <init>
INFO: HHH000037: Columns: [idempleados, fechaconclusion, fechacomienzo, idarealaboralhistorica]
oct 14, 2021 4:33:16 PM org.hibernate.tool.hbm2ddl.TableMetadata <init>
INFO: HHH000261: Table found: microcosmos.articulo
oct 14, 2021 4:33:16 PM org.hibernate.tool.hbm2ddl.TableMetadata <init>
INFO: HHH000037: Columns: [idsecciontienda, stockmaximo, activoarticulo, nombrearticulo, stockminimo, precioarticulo, idtalla, stock, descripcionarticulo, idarticulo]
oct 14, 2021 4:33:16 PM org.hibernate.tool.hbm2ddl.TableMetadata <init>
INFO: HHH000261: Table found: microcosmos.clientes
oct 14, 2021 4:33:16 PM org.hibernate.tool.hbm2ddl.TableMetadata <init>
INFO: HHH000037: Columns: [telefonocliente, direccioncliente, idtipodocumento, idsexo, documento, activocliente, idcliente, nombrecliente, apellidocliente, correocliente]
oct 14, 2021 4:33:16 PM org.hibernate.tool.hbm2ddl.TableMetadata <init>
INFO: HHH000261: Table found: microcosmos.compra
oct 14, 2021 4:33:16 PM org.hibernate.tool.hbm2ddl.TableMetadata <init>
INFO: HHH000037: Columns: [idcompra, fechapedido, idproveedor, idempleados, fecharecibido, totalcompra, idestado]
oct 14, 2021 4:33:16 PM org.hibernate.tool.hbm2ddl.TableMetadata <init>
INFO: HHH000261: Table found: microcosmos.detallecompra
oct 14, 2021 4:33:16 PM org.hibernate.tool.hbm2ddl.TableMetadata <init>
INFO: HHH000037: Columns: [idcompra, iddetallecompra, preciocompra, cantidad, idarticulo]
oct 14, 2021 4:33:16 PM org.hibernate.tool.hbm2ddl.TableMetadata <init>
INFO: HHH000261: Table found: microcosmos.detalleventa
oct 14, 2021 4:33:16 PM org.hibernate.tool.hbm2ddl.TableMetadata <init>
INFO: HHH000037: Columns: [idventa, iddetalleventa, cantidad, idarticulo]
oct 14, 2021 4:33:16 PM org.hibernate.tool.hbm2ddl.TableMetadata <init>
INFO: HHH000261: Table found: microcosmos.empleados
oct 14, 2021 4:33:16 PM org.hibernate.tool.hbm2ddl.TableMetadata <init>
INFO: HHH000037: Columns: [idempleados, idarealaboral, idtipodocumento, idsexo, telefonoempleado, documento, nombreempleado, correoempleado, apellidoempleado, fechadenacimiento, activoempleado]
oct 14, 2021 4:33:16 PM org.hibernate.tool.hbm2ddl.TableMetadata <init>
INFO: HHH000261: Table found: microcosmos.entidades
oct 14, 2021 4:33:16 PM org.hibernate.tool.hbm2ddl.TableMetadata <init>
INFO: HHH000037: Columns: [identidad, activoentidad, nombreentidad]
oct 14, 2021 4:33:16 PM org.hibernate.tool.hbm2ddl.TableMetadata <init>
INFO: HHH000261: Table found: microcosmos.estado
oct 14, 2021 4:33:16 PM org.hibernate.tool.hbm2ddl.TableMetadata <init>
INFO: HHH000037: Columns: [nombreestado, activoestado, identidad, descripcionestado, idestado]
oct 14, 2021 4:33:16 PM org.hibernate.tool.hbm2ddl.TableMetadata <init>
INFO: HHH000261: Table found: microcosmos.facturasdevueltas
oct 14, 2021 4:33:16 PM org.hibernate.tool.hbm2ddl.TableMetadata <init>
INFO: HHH000037: Columns: [idventa, descripcion, fechadevolucion, idempleados, idfacturadevuelta]
oct 14, 2021 4:33:16 PM org.hibernate.tool.hbm2ddl.TableMetadata <init>
INFO: HHH000261: Table found: microcosmos.parametros
oct 14, 2021 4:33:16 PM org.hibernate.tool.hbm2ddl.TableMetadata <init>
INFO: HHH000037: Columns: [facturainicial, fechaemision, facturafinal, activoparametros, fechacaducidad, cai, idparametros]
oct 14, 2021 4:33:16 PM org.hibernate.tool.hbm2ddl.TableMetadata <init>
INFO: HHH000261: Table found: microcosmos.pedidosdevueltos
oct 14, 2021 4:33:16 PM org.hibernate.tool.hbm2ddl.TableMetadata <init>
INFO: HHH000037: Columns: [idcompra, descripcion, idempleados, idpedidosdevueltos, fechaanulacion]
oct 14, 2021 4:33:16 PM org.hibernate.tool.hbm2ddl.TableMetadata <init>
INFO: HHH000261: Table found: microcosmos.preciohistorico
oct 14, 2021 4:33:16 PM org.hibernate.tool.hbm2ddl.TableMetadata <init>
INFO: HHH000037: Columns: [precio, idpreciohistorico, fechainicial, fechafinal, idarticulo, activopreciohistorico]
oct 14, 2021 4:33:16 PM org.hibernate.tool.hbm2ddl.TableMetadata <init>
INFO: HHH000261: Table found: microcosmos.proveedores
oct 14, 2021 4:33:16 PM org.hibernate.tool.hbm2ddl.TableMetadata <init>
INFO: HHH000037: Columns: [idproveedor, activoproveedor, idtipodocumento, nombreproveedor, correoproveedor, telefonoproveedor, documento, ubicacionproveedor]
oct 14, 2021 4:33:16 PM org.hibernate.tool.hbm2ddl.TableMetadata <init>
INFO: HHH000261: Table found: microcosmos.secciontienda
oct 14, 2021 4:33:16 PM org.hibernate.tool.hbm2ddl.TableMetadata <init>
INFO: HHH000037: Columns: [idsecciontienda, descripcionsecciontienda, nombresecciontienda, activosecciontienda]
oct 14, 2021 4:33:16 PM org.hibernate.tool.hbm2ddl.TableMetadata <init>
INFO: HHH000261: Table found: microcosmos.sexo
oct 14, 2021 4:33:16 PM org.hibernate.tool.hbm2ddl.TableMetadata <init>
INFO: HHH000037: Columns: [idsexo, nombresexo, descripcionsexo]
oct 14, 2021 4:33:16 PM org.hibernate.tool.hbm2ddl.TableMetadata <init>
INFO: HHH000261: Table found: microcosmos.talla
oct 14, 2021 4:33:16 PM org.hibernate.tool.hbm2ddl.TableMetadata <init>
INFO: HHH000037: Columns: [activotalla, nombretalla, descripciontalla, idtalla]
oct 14, 2021 4:33:16 PM org.hibernate.tool.hbm2ddl.TableMetadata <init>
INFO: HHH000261: Table found: microcosmos.tipodepago
oct 14, 2021 4:33:16 PM org.hibernate.tool.hbm2ddl.TableMetadata <init>
INFO: HHH000037: Columns: [descripciontipodepago, nombretipodepago, idtipodepago, activotipodepago]
oct 14, 2021 4:33:16 PM org.hibernate.tool.hbm2ddl.TableMetadata <init>
INFO: HHH000261: Table found: microcosmos.tipodocumento
oct 14, 2021 4:33:16 PM org.hibernate.tool.hbm2ddl.TableMetadata <init>
INFO: HHH000037: Columns: [nombretipodocumento, descripciontipodocumento, activotipodocumento, idtipodocumento]
oct 14, 2021 4:33:16 PM org.hibernate.tool.hbm2ddl.TableMetadata <init>
INFO: HHH000261: Table found: microcosmos.usuarios
oct 14, 2021 4:33:16 PM org.hibernate.tool.hbm2ddl.TableMetadata <init>
INFO: HHH000037: Columns: [nombreusuario, idempleados, numerodeintentos, activousuario, admin, contrasena, idusuario]
oct 14, 2021 4:33:16 PM org.hibernate.tool.hbm2ddl.TableMetadata <init>
INFO: HHH000261: Table found: microcosmos.venta
oct 14, 2021 4:33:16 PM org.hibernate.tool.hbm2ddl.TableMetadata <init>
INFO: HHH000037: Columns: [numtarjeta, idtipodepago, formato, montoefectivo, idcliente, idestado, idventa, total, idempleados, impuesto, subtotal, montotarjeta, fechaventa, idparametros]
oct 14, 2021 4:33:16 PM org.hibernate.jpa.internal.EntityManagerFactoryRegistry addEntityManagerFactory
WARN: HHH000436: Entity manager factory name (DB) is already registered.  If entity manager will be clustered or passivated, specify a unique value for property 'hibernate.ejb.entitymanager_factory_name'
]]></system-err>
  </testcase>
</testsuite>