<?xml version="1.0" encoding="UTF-8"?>
<testsuite xmlns:xsi="http://www.w3.org/2001/XMLSchema-instance" xsi:noNamespaceSchemaLocation="https://maven.apache.org/surefire/maven-surefire-plugin/xsd/surefire-test-report-3.0.xsd" version="3.0" name="com.screens.FmrEmpleadosTest" time="50.357" tests="15" errors="0" skipped="0" failures="0">
  <properties>
    <property name="sun.desktop" value="windows"/>
    <property name="awt.toolkit" value="sun.awt.windows.WToolkit"/>
    <property name="file.encoding.pkg" value="sun.io"/>
    <property name="java.specification.version" value="1.8"/>
    <property name="sun.cpu.isalist" value="amd64"/>
    <property name="sun.jnu.encoding" value="Cp1252"/>
    <property name="java.class.path" value="C:\Users\david\OneDrive\Documentos\NetBeansProjects\SoftwareMicrocosmos-IS-1\target\test-classes;C:\Users\david\OneDrive\Documentos\NetBeansProjects\SoftwareMicrocosmos-IS-1\target\classes;C:\Users\david\.m2\repository\unknown\binary\hibernate-jpamodelgen-4.3.1.Final\SNAPSHOT\hibernate-jpamodelgen-4.3.1.Final-SNAPSHOT.jar;C:\Users\david\.m2\repository\org\hibernate\hibernate-entitymanager\4.3.1.Final\hibernate-entitymanager-4.3.1.Final.jar;C:\Users\david\.m2\repository\org\jboss\logging\jboss-logging\3.1.3.GA\jboss-logging-3.1.3.GA.jar;C:\Users\david\.m2\repository\org\jboss\logging\jboss-logging-annotations\1.2.0.Beta1\jboss-logging-annotations-1.2.0.Beta1.jar;C:\Users\david\.m2\repository\dom4j\dom4j\1.6.1\dom4j-1.6.1.jar;C:\Users\david\.m2\repository\org\hibernate\common\hibernate-commons-annotations\4.0.4.Final\hibernate-commons-annotations-4.0.4.Final.jar;C:\Users\david\.m2\repository\org\hibernate\javax\persistence\hibernate-jpa-2.1-api\1.0.0.Final\hibernate-jpa-2.1-api-1.0.0.Final.jar;C:\Users\david\.m2\repository\org\jboss\spec\javax\transaction\jboss-transaction-api_1.2_spec\1.0.0.Final\jboss-transaction-api_1.2_spec-1.0.0.Final.jar;C:\Users\david\.m2\repository\org\javassist\javassist\3.18.1-GA\javassist-3.18.1-GA.jar;C:\Users\david\.m2\repository\org\hibernate\hibernate-core\4.3.1.Final\hibernate-core-4.3.1.Final.jar;C:\Users\david\.m2\repository\antlr\antlr\2.7.7\antlr-2.7.7.jar;C:\Users\david\.m2\repository\org\jboss\jandex\1.1.0.Final\jandex-1.1.0.Final.jar;C:\Users\david\.m2\repository\mysql\mysql-connector-java\8.0.23\mysql-connector-java-8.0.23.jar;C:\Users\david\.m2\repository\com\google\protobuf\protobuf-java\3.11.4\protobuf-java-3.11.4.jar;C:\Users\david\.m2\repository\unknown\binary\AbsoluteLayout\SNAPSHOT\AbsoluteLayout-SNAPSHOT.jar;C:\Users\david\.m2\repository\net\sf\jasperreports\jasperreports\4.1.3\jasperreports-4.1.3.jar;C:\Users\david\.m2\repository\commons-beanutils\commons-beanutils\1.8.0\commons-beanutils-1.8.0.jar;C:\Users\david\.m2\repository\commons-collections\commons-collections\2.1\commons-collections-2.1.jar;C:\Users\david\.m2\repository\commons-digester\commons-digester\1.7\commons-digester-1.7.jar;C:\Users\david\.m2\repository\commons-logging\commons-logging\1.0.2\commons-logging-1.0.2.jar;C:\Users\david\.m2\repository\com\lowagie\itext\2.1.7\itext-2.1.7.jar;C:\Users\david\.m2\repository\bouncycastle\bcmail-jdk14\138\bcmail-jdk14-138.jar;C:\Users\david\.m2\repository\bouncycastle\bcprov-jdk14\138\bcprov-jdk14-138.jar;C:\Users\david\.m2\repository\org\bouncycastle\bctsp-jdk14\1.38\bctsp-jdk14-1.38.jar;C:\Users\david\.m2\repository\org\bouncycastle\bcprov-jdk14\1.38\bcprov-jdk14-1.38.jar;C:\Users\david\.m2\repository\org\bouncycastle\bcmail-jdk14\1.38\bcmail-jdk14-1.38.jar;C:\Users\david\.m2\repository\jfree\jcommon\1.0.15\jcommon-1.0.15.jar;C:\Users\david\.m2\repository\jfree\jfreechart\1.0.12\jfreechart-1.0.12.jar;C:\Users\david\.m2\repository\xml-apis\xml-apis\1.3.02\xml-apis-1.3.02.jar;C:\Users\david\.m2\repository\eclipse\jdtcore\3.1.0\jdtcore-3.1.0.jar;C:\Users\david\.m2\repository\org\codehaus\castor\castor\1.2\castor-1.2.jar;C:\Users\david\.m2\repository\org\apache\poi\poi-ooxml\3.7\poi-ooxml-3.7.jar;C:\Users\david\.m2\repository\org\apache\poi\poi\3.7\poi-3.7.jar;C:\Users\david\.m2\repository\org\apache\poi\poi-ooxml-schemas\3.7\poi-ooxml-schemas-3.7.jar;C:\Users\david\.m2\repository\org\apache\xmlbeans\xmlbeans\2.3.0\xmlbeans-2.3.0.jar;C:\Users\david\.m2\repository\stax\stax-api\1.0.1\stax-api-1.0.1.jar;C:\Users\david\.m2\repository\org\apache\geronimo\specs\geronimo-stax-api_1.0_spec\1.0\geronimo-stax-api_1.0_spec-1.0.jar;C:\Users\david\.m2\repository\org\codehaus\jackson\jackson-core-lgpl\1.7.4\jackson-core-lgpl-1.7.4.jar;C:\Users\david\.m2\repository\org\codehaus\jackson\jackson-mapper-lgpl\1.7.4\jackson-mapper-lgpl-1.7.4.jar;C:\Users\david\.m2\repository\javax\persistence\javax.persistence-api\2.2\javax.persistence-api-2.2.jar;C:\Users\david\.m2\repository\junit\junit\4.13.2\junit-4.13.2.jar;C:\Users\david\.m2\repository\org\hamcrest\hamcrest-core\1.3\hamcrest-core-1.3.jar;"/>
    <property name="java.vm.vendor" value="Oracle Corporation"/>
    <property name="sun.arch.data.model" value="64"/>
    <property name="user.variant" value=""/>
    <property name="java.vendor.url" value="http://java.oracle.com/"/>
    <property name="user.timezone" value="America/Regina"/>
    <property name="java.vm.specification.version" value="1.8"/>
    <property name="os.name" value="Windows 10"/>
    <property name="sun.java.launcher" value="SUN_STANDARD"/>
    <property name="user.country" value="HN"/>
    <property name="sun.boot.library.path" value="C:\Program Files\Java\jdk1.8.0_281\jre\bin"/>
    <property name="sun.java.command" value="C:\Users\david\AppData\Local\Temp\surefire965201670442967038\surefirebooter8367136260023580180.jar C:\Users\david\AppData\Local\Temp\surefire965201670442967038 2021-10-14T20-19-32_914-jvmRun1 surefire2641963840632502251tmp surefire_02682894917187131494tmp"/>
    <property name="test" value="com.screens.FmrEmpleadosTest"/>
    <property name="surefire.test.class.path" value="C:\Users\david\OneDrive\Documentos\NetBeansProjects\SoftwareMicrocosmos-IS-1\target\test-classes;C:\Users\david\OneDrive\Documentos\NetBeansProjects\SoftwareMicrocosmos-IS-1\target\classes;C:\Users\david\.m2\repository\unknown\binary\hibernate-jpamodelgen-4.3.1.Final\SNAPSHOT\hibernate-jpamodelgen-4.3.1.Final-SNAPSHOT.jar;C:\Users\david\.m2\repository\org\hibernate\hibernate-entitymanager\4.3.1.Final\hibernate-entitymanager-4.3.1.Final.jar;C:\Users\david\.m2\repository\org\jboss\logging\jboss-logging\3.1.3.GA\jboss-logging-3.1.3.GA.jar;C:\Users\david\.m2\repository\org\jboss\logging\jboss-logging-annotations\1.2.0.Beta1\jboss-logging-annotations-1.2.0.Beta1.jar;C:\Users\david\.m2\repository\dom4j\dom4j\1.6.1\dom4j-1.6.1.jar;C:\Users\david\.m2\repository\org\hibernate\common\hibernate-commons-annotations\4.0.4.Final\hibernate-commons-annotations-4.0.4.Final.jar;C:\Users\david\.m2\repository\org\hibernate\javax\persistence\hibernate-jpa-2.1-api\1.0.0.Final\hibernate-jpa-2.1-api-1.0.0.Final.jar;C:\Users\david\.m2\repository\org\jboss\spec\javax\transaction\jboss-transaction-api_1.2_spec\1.0.0.Final\jboss-transaction-api_1.2_spec-1.0.0.Final.jar;C:\Users\david\.m2\repository\org\javassist\javassist\3.18.1-GA\javassist-3.18.1-GA.jar;C:\Users\david\.m2\repository\org\hibernate\hibernate-core\4.3.1.Final\hibernate-core-4.3.1.Final.jar;C:\Users\david\.m2\repository\antlr\antlr\2.7.7\antlr-2.7.7.jar;C:\Users\david\.m2\repository\org\jboss\jandex\1.1.0.Final\jandex-1.1.0.Final.jar;C:\Users\david\.m2\repository\mysql\mysql-connector-java\8.0.23\mysql-connector-java-8.0.23.jar;C:\Users\david\.m2\repository\com\google\protobuf\protobuf-java\3.11.4\protobuf-java-3.11.4.jar;C:\Users\david\.m2\repository\unknown\binary\AbsoluteLayout\SNAPSHOT\AbsoluteLayout-SNAPSHOT.jar;C:\Users\david\.m2\repository\net\sf\jasperreports\jasperreports\4.1.3\jasperreports-4.1.3.jar;C:\Users\david\.m2\repository\commons-beanutils\commons-beanutils\1.8.0\commons-beanutils-1.8.0.jar;C:\Users\david\.m2\repository\commons-collections\commons-collections\2.1\commons-collections-2.1.jar;C:\Users\david\.m2\repository\commons-digester\commons-digester\1.7\commons-digester-1.7.jar;C:\Users\david\.m2\repository\commons-logging\commons-logging\1.0.2\commons-logging-1.0.2.jar;C:\Users\david\.m2\repository\com\lowagie\itext\2.1.7\itext-2.1.7.jar;C:\Users\david\.m2\repository\bouncycastle\bcmail-jdk14\138\bcmail-jdk14-138.jar;C:\Users\david\.m2\repository\bouncycastle\bcprov-jdk14\138\bcprov-jdk14-138.jar;C:\Users\david\.m2\repository\org\bouncycastle\bctsp-jdk14\1.38\bctsp-jdk14-1.38.jar;C:\Users\david\.m2\repository\org\bouncycastle\bcprov-jdk14\1.38\bcprov-jdk14-1.38.jar;C:\Users\david\.m2\repository\org\bouncycastle\bcmail-jdk14\1.38\bcmail-jdk14-1.38.jar;C:\Users\david\.m2\repository\jfree\jcommon\1.0.15\jcommon-1.0.15.jar;C:\Users\david\.m2\repository\jfree\jfreechart\1.0.12\jfreechart-1.0.12.jar;C:\Users\david\.m2\repository\xml-apis\xml-apis\1.3.02\xml-apis-1.3.02.jar;C:\Users\david\.m2\repository\eclipse\jdtcore\3.1.0\jdtcore-3.1.0.jar;C:\Users\david\.m2\repository\org\codehaus\castor\castor\1.2\castor-1.2.jar;C:\Users\david\.m2\repository\org\apache\poi\poi-ooxml\3.7\poi-ooxml-3.7.jar;C:\Users\david\.m2\repository\org\apache\poi\poi\3.7\poi-3.7.jar;C:\Users\david\.m2\repository\org\apache\poi\poi-ooxml-schemas\3.7\poi-ooxml-schemas-3.7.jar;C:\Users\david\.m2\repository\org\apache\xmlbeans\xmlbeans\2.3.0\xmlbeans-2.3.0.jar;C:\Users\david\.m2\repository\stax\stax-api\1.0.1\stax-api-1.0.1.jar;C:\Users\david\.m2\repository\org\apache\geronimo\specs\geronimo-stax-api_1.0_spec\1.0\geronimo-stax-api_1.0_spec-1.0.jar;C:\Users\david\.m2\repository\org\codehaus\jackson\jackson-core-lgpl\1.7.4\jackson-core-lgpl-1.7.4.jar;C:\Users\david\.m2\repository\org\codehaus\jackson\jackson-mapper-lgpl\1.7.4\jackson-mapper-lgpl-1.7.4.jar;C:\Users\david\.m2\repository\javax\persistence\javax.persistence-api\2.2\javax.persistence-api-2.2.jar;C:\Users\david\.m2\repository\junit\junit\4.13.2\junit-4.13.2.jar;C:\Users\david\.m2\repository\org\hamcrest\hamcrest-core\1.3\hamcrest-core-1.3.jar;"/>
    <property name="sun.cpu.endian" value="little"/>
    <property name="user.home" value="C:\Users\david"/>
    <property name="user.language" value="es"/>
    <property name="java.specification.vendor" value="Oracle Corporation"/>
    <property name="java.home" value="C:\Program Files\Java\jdk1.8.0_281\jre"/>
    <property name="basedir" value="C:\Users\david\OneDrive\Documentos\NetBeansProjects\SoftwareMicrocosmos-IS-1"/>
    <property name="file.separator" value="\"/>
    <property name="line.separator" value="&#10;"/>
    <property name="java.vm.specification.vendor" value="Oracle Corporation"/>
    <property name="java.specification.name" value="Java Platform API Specification"/>
    <property name="java.awt.graphicsenv" value="sun.awt.Win32GraphicsEnvironment"/>
    <property name="surefire.real.class.path" value="C:\Users\david\AppData\Local\Temp\surefire965201670442967038\surefirebooter8367136260023580180.jar"/>
    <property name="sun.boot.class.path" value="C:\Program Files\Java\jdk1.8.0_281\jre\lib\resources.jar;C:\Program Files\Java\jdk1.8.0_281\jre\lib\rt.jar;C:\Program Files\Java\jdk1.8.0_281\jre\lib\sunrsasign.jar;C:\Program Files\Java\jdk1.8.0_281\jre\lib\jsse.jar;C:\Program Files\Java\jdk1.8.0_281\jre\lib\jce.jar;C:\Program Files\Java\jdk1.8.0_281\jre\lib\charsets.jar;C:\Program Files\Java\jdk1.8.0_281\jre\lib\jfr.jar;C:\Program Files\Java\jdk1.8.0_281\jre\classes"/>
    <property name="user.script" value=""/>
    <property name="sun.management.compiler" value="HotSpot 64-Bit Tiered Compilers"/>
    <property name="java.runtime.version" value="1.8.0_281-b09"/>
    <property name="user.name" value="david"/>
    <property name="path.separator" value=";"/>
    <property name="os.version" value="10.0"/>
    <property name="java.endorsed.dirs" value="C:\Program Files\Java\jdk1.8.0_281\jre\lib\endorsed"/>
    <property name="java.runtime.name" value="Java(TM) SE Runtime Environment"/>
    <property name="file.encoding" value="UTF-8"/>
    <property name="java.vm.name" value="Java HotSpot(TM) 64-Bit Server VM"/>
    <property name="maven.ext.class.path" value="C:\Program Files\NetBeans 8.2\java\maven-nblib\netbeans-eventspy.jar"/>
    <property name="localRepository" value="C:\Users\david\.m2\repository"/>
    <property name="java.vendor.url.bug" value="http://bugreport.sun.com/bugreport/"/>
    <property name="java.io.tmpdir" value="C:\Users\david\AppData\Local\Temp\"/>
    <property name="java.version" value="1.8.0_281"/>
    <property name="user.dir" value="C:\Users\david\OneDrive\Documentos\NetBeansProjects\SoftwareMicrocosmos-IS-1"/>
    <property name="os.arch" value="amd64"/>
    <property name="java.vm.specification.name" value="Java Virtual Machine Specification"/>
    <property name="java.awt.printerjob" value="sun.awt.windows.WPrinterJob"/>
    <property name="sun.os.patch.level" value=""/>
    <property name="java.library.path" value="C:\Program Files\Java\jdk1.8.0_281\jre\bin;C:\Windows\Sun\Java\bin;C:\Windows\system32;C:\Windows;C:\Program Files (x86)\Common Files\Oracle\Java\javapath;C:\Program Files (x86)\NVIDIA Corporation\PhysX\Common;C:\Windows\system32;C:\Windows;C:\Windows\System32\Wbem;C:\Windows\System32\WindowsPowerShell\v1.0\;C:\Windows\System32\OpenSSH\;C:\Program Files\Git\cmd;C:\Users\david\AppData\Local\Microsoft\WindowsApps;;C:\Users\david\AppData\Local\Programs\Microsoft VS Code\bin;."/>
    <property name="java.vm.info" value="mixed mode"/>
    <property name="java.vendor" value="Oracle Corporation"/>
    <property name="java.vm.version" value="25.281-b09"/>
    <property name="java.ext.dirs" value="C:\Program Files\Java\jdk1.8.0_281\jre\lib\ext;C:\Windows\Sun\Java\lib\ext"/>
    <property name="sun.io.unicode.encoding" value="UnicodeLittle"/>
    <property name="java.class.version" value="52.0"/>
  </properties>
  <testcase name="testValidacionDocumento" classname="com.screens.FmrEmpleadosTest" time="2.846">
    <system-out><![CDATA[ValidacionDocumento
Hibernate: select empleados0_.idEmpleados as col_0_0_ from empleados empleados0_ where empleados0_.documento='1234567899127'
]]></system-out>
    <system-err><![CDATA[oct 14, 2021 8:19:33 PM org.hibernate.ejb.HibernatePersistence logDeprecation
WARN: HHH015016: Encountered a deprecated javax.persistence.spi.PersistenceProvider [org.hibernate.ejb.HibernatePersistence]; use [org.hibernate.jpa.HibernatePersistenceProvider] instead.
oct 14, 2021 8:19:33 PM org.hibernate.ejb.HibernatePersistence logDeprecation
WARN: HHH015016: Encountered a deprecated javax.persistence.spi.PersistenceProvider [org.hibernate.ejb.HibernatePersistence]; use [org.hibernate.jpa.HibernatePersistenceProvider] instead.
oct 14, 2021 8:19:33 PM org.hibernate.ejb.HibernatePersistence logDeprecation
WARN: HHH015016: Encountered a deprecated javax.persistence.spi.PersistenceProvider [org.hibernate.ejb.HibernatePersistence]; use [org.hibernate.jpa.HibernatePersistenceProvider] instead.
oct 14, 2021 8:19:33 PM org.hibernate.jpa.internal.util.LogHelper logPersistenceUnitInformation
INFO: HHH000204: Processing PersistenceUnitInfo [
	name: DB
	...]
oct 14, 2021 8:19:33 PM org.hibernate.Version logVersion
INFO: HHH000412: Hibernate Core {4.3.1.Final}
oct 14, 2021 8:19:33 PM org.hibernate.cfg.Environment <clinit>
INFO: HHH000206: hibernate.properties not found
oct 14, 2021 8:19:33 PM org.hibernate.cfg.Environment buildBytecodeProvider
INFO: HHH000021: Bytecode provider name : javassist
oct 14, 2021 8:19:34 PM org.hibernate.annotations.common.reflection.java.JavaReflectionManager <clinit>
INFO: HCANN000001: Hibernate Commons Annotations {4.0.4.Final}
oct 14, 2021 8:19:34 PM org.hibernate.engine.jdbc.connections.internal.DriverManagerConnectionProviderImpl configure
WARN: HHH000402: Using Hibernate built-in connection pool (not for production use!)
Loading class `com.mysql.jdbc.Driver'. This is deprecated. The new driver class is `com.mysql.cj.jdbc.Driver'. The driver is automatically registered via the SPI and manual loading of the driver class is generally unnecessary.
oct 14, 2021 8:19:34 PM org.hibernate.engine.jdbc.connections.internal.DriverManagerConnectionProviderImpl buildCreator
INFO: HHH000401: using driver [com.mysql.jdbc.Driver] at URL [jdbc:mysql://localhost:3306/Microcosmos?zeroDateTimeBehavior=convertToNull]
oct 14, 2021 8:19:34 PM org.hibernate.engine.jdbc.connections.internal.DriverManagerConnectionProviderImpl buildCreator
INFO: HHH000046: Connection properties: {user=root, password=****}
oct 14, 2021 8:19:34 PM org.hibernate.engine.jdbc.connections.internal.DriverManagerConnectionProviderImpl buildCreator
INFO: HHH000006: Autocommit mode: false
oct 14, 2021 8:19:34 PM org.hibernate.engine.jdbc.connections.internal.DriverManagerConnectionProviderImpl configure
INFO: HHH000115: Hibernate connection pool size: 20 (min=1)
oct 14, 2021 8:19:34 PM org.hibernate.dialect.Dialect <init>
INFO: HHH000400: Using dialect: org.hibernate.dialect.MySQLDialect
oct 14, 2021 8:19:34 PM org.hibernate.hql.internal.ast.ASTQueryTranslatorFactory <init>
INFO: HHH000397: Using ASTQueryTranslatorFactory
oct 14, 2021 8:19:35 PM org.hibernate.tool.hbm2ddl.SchemaValidator validate
INFO: HHH000229: Running schema validator
oct 14, 2021 8:19:35 PM org.hibernate.tool.hbm2ddl.SchemaValidator validate
INFO: HHH000102: Fetching database metadata
oct 14, 2021 8:19:35 PM org.hibernate.tool.hbm2ddl.TableMetadata <init>
INFO: HHH000261: Table found: microcosmos.arealaboral
oct 14, 2021 8:19:35 PM org.hibernate.tool.hbm2ddl.TableMetadata <init>
INFO: HHH000037: Columns: [idarealaboral, descripcionarealaboral, nombrearealaboral, activoarealaboral]
oct 14, 2021 8:19:35 PM org.hibernate.tool.hbm2ddl.TableMetadata <init>
INFO: HHH000261: Table found: microcosmos.arealaboralhistorica
oct 14, 2021 8:19:35 PM org.hibernate.tool.hbm2ddl.TableMetadata <init>
INFO: HHH000037: Columns: [idempleados, fechaconclusion, fechacomienzo, idarealaboralhistorica]
oct 14, 2021 8:19:35 PM org.hibernate.tool.hbm2ddl.TableMetadata <init>
INFO: HHH000261: Table found: microcosmos.articulo
oct 14, 2021 8:19:35 PM org.hibernate.tool.hbm2ddl.TableMetadata <init>
INFO: HHH000037: Columns: [idsecciontienda, stockmaximo, activoarticulo, nombrearticulo, stockminimo, precioarticulo, idtalla, stock, descripcionarticulo, idarticulo]
oct 14, 2021 8:19:35 PM org.hibernate.tool.hbm2ddl.TableMetadata <init>
INFO: HHH000261: Table found: microcosmos.clientes
oct 14, 2021 8:19:35 PM org.hibernate.tool.hbm2ddl.TableMetadata <init>
INFO: HHH000037: Columns: [telefonocliente, direccioncliente, idtipodocumento, idsexo, documento, activocliente, idcliente, nombrecliente, apellidocliente, correocliente]
oct 14, 2021 8:19:35 PM org.hibernate.tool.hbm2ddl.TableMetadata <init>
INFO: HHH000261: Table found: microcosmos.compra
oct 14, 2021 8:19:35 PM org.hibernate.tool.hbm2ddl.TableMetadata <init>
INFO: HHH000037: Columns: [idcompra, fechapedido, idproveedor, idempleados, fecharecibido, totalcompra, idestado]
oct 14, 2021 8:19:35 PM org.hibernate.tool.hbm2ddl.TableMetadata <init>
INFO: HHH000261: Table found: microcosmos.detallecompra
oct 14, 2021 8:19:35 PM org.hibernate.tool.hbm2ddl.TableMetadata <init>
INFO: HHH000037: Columns: [idcompra, iddetallecompra, preciocompra, cantidad, idarticulo]
oct 14, 2021 8:19:35 PM org.hibernate.tool.hbm2ddl.TableMetadata <init>
INFO: HHH000261: Table found: microcosmos.detalleventa
oct 14, 2021 8:19:35 PM org.hibernate.tool.hbm2ddl.TableMetadata <init>
INFO: HHH000037: Columns: [idventa, iddetalleventa, cantidad, idarticulo]
oct 14, 2021 8:19:35 PM org.hibernate.tool.hbm2ddl.TableMetadata <init>
INFO: HHH000261: Table found: microcosmos.empleados
oct 14, 2021 8:19:35 PM org.hibernate.tool.hbm2ddl.TableMetadata <init>
INFO: HHH000037: Columns: [idempleados, idarealaboral, idtipodocumento, idsexo, telefonoempleado, documento, nombreempleado, correoempleado, apellidoempleado, fechadenacimiento, activoempleado]
oct 14, 2021 8:19:35 PM org.hibernate.tool.hbm2ddl.TableMetadata <init>
INFO: HHH000261: Table found: microcosmos.entidades
oct 14, 2021 8:19:35 PM org.hibernate.tool.hbm2ddl.TableMetadata <init>
INFO: HHH000037: Columns: [identidad, activoentidad, nombreentidad]
oct 14, 2021 8:19:35 PM org.hibernate.tool.hbm2ddl.TableMetadata <init>
INFO: HHH000261: Table found: microcosmos.estado
oct 14, 2021 8:19:35 PM org.hibernate.tool.hbm2ddl.TableMetadata <init>
INFO: HHH000037: Columns: [nombreestado, activoestado, identidad, descripcionestado, idestado]
oct 14, 2021 8:19:35 PM org.hibernate.tool.hbm2ddl.TableMetadata <init>
INFO: HHH000261: Table found: microcosmos.facturasdevueltas
oct 14, 2021 8:19:35 PM org.hibernate.tool.hbm2ddl.TableMetadata <init>
INFO: HHH000037: Columns: [idventa, descripcion, fechadevolucion, idempleados, idfacturadevuelta]
oct 14, 2021 8:19:35 PM org.hibernate.tool.hbm2ddl.TableMetadata <init>
INFO: HHH000261: Table found: microcosmos.parametros
oct 14, 2021 8:19:35 PM org.hibernate.tool.hbm2ddl.TableMetadata <init>
INFO: HHH000037: Columns: [facturainicial, fechaemision, facturafinal, activoparametros, fechacaducidad, cai, idparametros]
oct 14, 2021 8:19:35 PM org.hibernate.tool.hbm2ddl.TableMetadata <init>
INFO: HHH000261: Table found: microcosmos.pedidosdevueltos
oct 14, 2021 8:19:35 PM org.hibernate.tool.hbm2ddl.TableMetadata <init>
INFO: HHH000037: Columns: [idcompra, descripcion, idempleados, idpedidosdevueltos, fechaanulacion]
oct 14, 2021 8:19:35 PM org.hibernate.tool.hbm2ddl.TableMetadata <init>
INFO: HHH000261: Table found: microcosmos.preciohistorico
oct 14, 2021 8:19:35 PM org.hibernate.tool.hbm2ddl.TableMetadata <init>
INFO: HHH000037: Columns: [precio, idpreciohistorico, fechainicial, fechafinal, idarticulo, activopreciohistorico]
oct 14, 2021 8:19:35 PM org.hibernate.tool.hbm2ddl.TableMetadata <init>
INFO: HHH000261: Table found: microcosmos.proveedores
oct 14, 2021 8:19:35 PM org.hibernate.tool.hbm2ddl.TableMetadata <init>
INFO: HHH000037: Columns: [idproveedor, activoproveedor, idtipodocumento, nombreproveedor, correoproveedor, telefonoproveedor, documento, ubicacionproveedor]
oct 14, 2021 8:19:35 PM org.hibernate.tool.hbm2ddl.TableMetadata <init>
INFO: HHH000261: Table found: microcosmos.secciontienda
oct 14, 2021 8:19:35 PM org.hibernate.tool.hbm2ddl.TableMetadata <init>
INFO: HHH000037: Columns: [idsecciontienda, descripcionsecciontienda, nombresecciontienda, activosecciontienda]
oct 14, 2021 8:19:35 PM org.hibernate.tool.hbm2ddl.TableMetadata <init>
INFO: HHH000261: Table found: microcosmos.sexo
oct 14, 2021 8:19:35 PM org.hibernate.tool.hbm2ddl.TableMetadata <init>
INFO: HHH000037: Columns: [idsexo, nombresexo, descripcionsexo]
oct 14, 2021 8:19:35 PM org.hibernate.tool.hbm2ddl.TableMetadata <init>
INFO: HHH000261: Table found: microcosmos.talla
oct 14, 2021 8:19:35 PM org.hibernate.tool.hbm2ddl.TableMetadata <init>
INFO: HHH000037: Columns: [activotalla, nombretalla, descripciontalla, idtalla]
oct 14, 2021 8:19:35 PM org.hibernate.tool.hbm2ddl.TableMetadata <init>
INFO: HHH000261: Table found: microcosmos.tipodepago
oct 14, 2021 8:19:35 PM org.hibernate.tool.hbm2ddl.TableMetadata <init>
INFO: HHH000037: Columns: [descripciontipodepago, nombretipodepago, idtipodepago, activotipodepago]
oct 14, 2021 8:19:35 PM org.hibernate.tool.hbm2ddl.TableMetadata <init>
INFO: HHH000261: Table found: microcosmos.tipodocumento
oct 14, 2021 8:19:35 PM org.hibernate.tool.hbm2ddl.TableMetadata <init>
INFO: HHH000037: Columns: [nombretipodocumento, descripciontipodocumento, activotipodocumento, idtipodocumento]
oct 14, 2021 8:19:35 PM org.hibernate.tool.hbm2ddl.TableMetadata <init>
INFO: HHH000261: Table found: microcosmos.usuarios
oct 14, 2021 8:19:35 PM org.hibernate.tool.hbm2ddl.TableMetadata <init>
INFO: HHH000037: Columns: [nombreusuario, idempleados, numerodeintentos, activousuario, admin, contrasena, idusuario]
oct 14, 2021 8:19:35 PM org.hibernate.tool.hbm2ddl.TableMetadata <init>
INFO: HHH000261: Table found: microcosmos.venta
oct 14, 2021 8:19:35 PM org.hibernate.tool.hbm2ddl.TableMetadata <init>
INFO: HHH000037: Columns: [numtarjeta, idtipodepago, formato, montoefectivo, idcliente, idestado, idventa, total, idempleados, impuesto, subtotal, montotarjeta, fechaventa, idparametros]
]]></system-err>
  </testcase>
  <testcase name="testMain" classname="com.screens.FmrEmpleadosTest" time="0">
    <system-out><![CDATA[main
]]></system-out>
  </testcase>
  <testcase name="testValidacionMail" classname="com.screens.FmrEmpleadosTest" time="0">
    <system-out><![CDATA[ValidacionMail
]]></system-out>
  </testcase>
  <testcase name="testValidacionDNI" classname="com.screens.FmrEmpleadosTest" time="0">
    <system-out><![CDATA[ValidacionDNI
]]></system-out>
  </testcase>
  <testcase name="testValidacionRTN" classname="com.screens.FmrEmpleadosTest" time="0.001">
    <system-out><![CDATA[ValidacionRTN
]]></system-out>
  </testcase>
  <testcase name="testListaSexo" classname="com.screens.FmrEmpleadosTest" time="8.025">
    <system-out><![CDATA[listaSexo
Hibernate: select tipodocume0_.idTipoDocumento as idTipoDo1_19_, tipodocume0_.activoTipoDocumento as activoTi2_19_, tipodocume0_.descripcionTipoDocumento as descripc3_19_, tipodocume0_.nombreTipoDocumento as nombreTi4_19_ from tipodocumento tipodocume0_
Hibernate: select sexo0_.idSexo as idSexo1_16_, sexo0_.descripcionSexo as descripc2_16_, sexo0_.nombreSexo as nombreSe3_16_ from sexo sexo0_
Hibernate: select arealabora0_.idAreaLaboral as idAreaLa1_0_, arealabora0_.activoAreaLaboral as activoAr2_0_, arealabora0_.descripcionAreaLaboral as descripc3_0_, arealabora0_.nombreAreaLaboral as nombreAr4_0_ from arealaboral arealabora0_
Hibernate: select empleados0_.idEmpleados as idEmplea1_7_, empleados0_.activoEmpleado as activoEm2_7_, empleados0_.apellidoEmpleado as apellido3_7_, empleados0_.correoEmpleado as correoEm4_7_, empleados0_.documento as document5_7_, empleados0_.fechaDeNacimiento as fechaDeN6_7_, empleados0_.idAreaLaboral as idAreaLa7_7_, empleados0_.idSexo as idSexo8_7_, empleados0_.idTipoDocumento as idTipoDo9_7_, empleados0_.nombreEmpleado as nombreE10_7_, empleados0_.telefonoEmpleado as telefon11_7_ from empleados empleados0_
Hibernate: select tipodocume0_.nombreTipoDocumento as col_0_0_ from tipodocumento tipodocume0_ where tipodocume0_.idTipoDocumento='2'
Hibernate: select arealabora0_.nombreAreaLaboral as col_0_0_ from arealaboral arealabora0_ where arealabora0_.idAreaLaboral='1'
Hibernate: select sexo0_.nombreSexo as col_0_0_ from sexo sexo0_ where sexo0_.idSexo='1'
Hibernate: select tipodocume0_.nombreTipoDocumento as col_0_0_ from tipodocumento tipodocume0_ where tipodocume0_.idTipoDocumento='2'
Hibernate: select arealabora0_.nombreAreaLaboral as col_0_0_ from arealaboral arealabora0_ where arealabora0_.idAreaLaboral='1'
Hibernate: select sexo0_.nombreSexo as col_0_0_ from sexo sexo0_ where sexo0_.idSexo='1'
Hibernate: select tipodocume0_.nombreTipoDocumento as col_0_0_ from tipodocumento tipodocume0_ where tipodocume0_.idTipoDocumento='2'
Hibernate: select arealabora0_.nombreAreaLaboral as col_0_0_ from arealaboral arealabora0_ where arealabora0_.idAreaLaboral='2'
Hibernate: select sexo0_.nombreSexo as col_0_0_ from sexo sexo0_ where sexo0_.idSexo='2'
Hibernate: select tipodocume0_.nombreTipoDocumento as col_0_0_ from tipodocumento tipodocume0_ where tipodocume0_.idTipoDocumento='2'
Hibernate: select arealabora0_.nombreAreaLaboral as col_0_0_ from arealaboral arealabora0_ where arealabora0_.idAreaLaboral='1'
Hibernate: select sexo0_.nombreSexo as col_0_0_ from sexo sexo0_ where sexo0_.idSexo='2'
Hibernate: select tipodocume0_.nombreTipoDocumento as col_0_0_ from tipodocumento tipodocume0_ where tipodocume0_.idTipoDocumento='2'
Hibernate: select arealabora0_.nombreAreaLaboral as col_0_0_ from arealaboral arealabora0_ where arealabora0_.idAreaLaboral='2'
Hibernate: select sexo0_.nombreSexo as col_0_0_ from sexo sexo0_ where sexo0_.idSexo='2'
Hibernate: select tipodocume0_.nombreTipoDocumento as col_0_0_ from tipodocumento tipodocume0_ where tipodocume0_.idTipoDocumento='1'
Hibernate: select arealabora0_.nombreAreaLaboral as col_0_0_ from arealaboral arealabora0_ where arealabora0_.idAreaLaboral='1'
Hibernate: select sexo0_.nombreSexo as col_0_0_ from sexo sexo0_ where sexo0_.idSexo='1'
Hibernate: select sexo0_.idSexo as idSexo1_16_, sexo0_.descripcionSexo as descripc2_16_, sexo0_.nombreSexo as nombreSe3_16_ from sexo sexo0_
]]></system-out>
    <system-err><![CDATA[Exception in thread "AWT-EventQueue-0" java.lang.NullPointerException
	at javax.swing.plaf.nimbus.NimbusStyle.validate(NimbusStyle.java:298)
	at javax.swing.plaf.nimbus.NimbusStyle.getValues(NimbusStyle.java:806)
	at javax.swing.plaf.nimbus.NimbusStyle.getInsets(NimbusStyle.java:485)
	at javax.swing.plaf.synth.SynthStyle.installDefaults(SynthStyle.java:913)
	at javax.swing.plaf.synth.SynthLookAndFeel.updateStyle(SynthLookAndFeel.java:265)
	at javax.swing.plaf.synth.SynthPanelUI.updateStyle(SynthPanelUI.java:117)
	at javax.swing.plaf.synth.SynthPanelUI.installDefaults(SynthPanelUI.java:100)
	at javax.swing.plaf.basic.BasicPanelUI.installUI(BasicPanelUI.java:56)
	at javax.swing.plaf.synth.SynthPanelUI.installUI(SynthPanelUI.java:62)
	at javax.swing.JComponent.setUI(JComponent.java:666)
	at javax.swing.JPanel.setUI(JPanel.java:153)
	at javax.swing.JPanel.updateUI(JPanel.java:126)
	at javax.swing.JPanel.<init>(JPanel.java:86)
	at javax.swing.JPanel.<init>(JPanel.java:109)
	at javax.swing.JPanel.<init>(JPanel.java:117)
	at javax.swing.JRootPane.createGlassPane(JRootPane.java:546)
	at javax.swing.JRootPane.<init>(JRootPane.java:366)
	at javax.swing.JFrame.createRootPane(JFrame.java:286)
	at javax.swing.JFrame.frameInit(JFrame.java:267)
	at javax.swing.JFrame.<init>(JFrame.java:190)
	at com.screens.FmrEmpleados.<init>(FmrEmpleados.java:50)
	at com.screens.FmrEmpleados$17.run(FmrEmpleados.java:1628)
	at java.awt.event.InvocationEvent.dispatch(InvocationEvent.java:311)
	at java.awt.EventQueue.dispatchEventImpl(EventQueue.java:758)
	at java.awt.EventQueue.access$500(EventQueue.java:97)
	at java.awt.EventQueue$3.run(EventQueue.java:709)
	at java.awt.EventQueue$3.run(EventQueue.java:703)
	at java.security.AccessController.doPrivileged(Native Method)
	at java.security.ProtectionDomain$JavaSecurityAccessImpl.doIntersectionPrivilege(ProtectionDomain.java:74)
	at java.awt.EventQueue.dispatchEvent(EventQueue.java:728)
	at java.awt.EventDispatchThread.pumpOneEventForFilters(EventDispatchThread.java:205)
	at java.awt.EventDispatchThread.pumpEventsForFilter(EventDispatchThread.java:116)
	at java.awt.EventDispatchThread.pumpEventsForHierarchy(EventDispatchThread.java:105)
	at java.awt.EventDispatchThread.pumpEvents(EventDispatchThread.java:101)
	at java.awt.EventDispatchThread.pumpEvents(EventDispatchThread.java:93)
	at java.awt.EventDispatchThread.run(EventDispatchThread.java:82)
oct 14, 2021 8:19:35 PM org.hibernate.ejb.HibernatePersistence logDeprecation
WARN: HHH015016: Encountered a deprecated javax.persistence.spi.PersistenceProvider [org.hibernate.ejb.HibernatePersistence]; use [org.hibernate.jpa.HibernatePersistenceProvider] instead.
oct 14, 2021 8:19:35 PM org.hibernate.ejb.HibernatePersistence logDeprecation
WARN: HHH015016: Encountered a deprecated javax.persistence.spi.PersistenceProvider [org.hibernate.ejb.HibernatePersistence]; use [org.hibernate.jpa.HibernatePersistenceProvider] instead.
oct 14, 2021 8:19:35 PM org.hibernate.ejb.HibernatePersistence logDeprecation
WARN: HHH015016: Encountered a deprecated javax.persistence.spi.PersistenceProvider [org.hibernate.ejb.HibernatePersistence]; use [org.hibernate.jpa.HibernatePersistenceProvider] instead.
oct 14, 2021 8:19:35 PM org.hibernate.jpa.internal.util.LogHelper logPersistenceUnitInformation
INFO: HHH000204: Processing PersistenceUnitInfo [
	name: DB
	...]
oct 14, 2021 8:19:35 PM org.hibernate.engine.jdbc.connections.internal.DriverManagerConnectionProviderImpl configure
WARN: HHH000402: Using Hibernate built-in connection pool (not for production use!)
oct 14, 2021 8:19:35 PM org.hibernate.engine.jdbc.connections.internal.DriverManagerConnectionProviderImpl buildCreator
INFO: HHH000401: using driver [com.mysql.jdbc.Driver] at URL [jdbc:mysql://localhost:3306/Microcosmos?zeroDateTimeBehavior=convertToNull]
oct 14, 2021 8:19:35 PM org.hibernate.engine.jdbc.connections.internal.DriverManagerConnectionProviderImpl buildCreator
INFO: HHH000046: Connection properties: {user=root, password=****}
oct 14, 2021 8:19:35 PM org.hibernate.engine.jdbc.connections.internal.DriverManagerConnectionProviderImpl buildCreator
INFO: HHH000006: Autocommit mode: false
oct 14, 2021 8:19:35 PM org.hibernate.engine.jdbc.connections.internal.DriverManagerConnectionProviderImpl configure
INFO: HHH000115: Hibernate connection pool size: 20 (min=1)
oct 14, 2021 8:19:35 PM org.hibernate.dialect.Dialect <init>
INFO: HHH000400: Using dialect: org.hibernate.dialect.MySQLDialect
oct 14, 2021 8:19:35 PM org.hibernate.hql.internal.ast.ASTQueryTranslatorFactory <init>
INFO: HHH000397: Using ASTQueryTranslatorFactory
oct 14, 2021 8:19:35 PM org.hibernate.tool.hbm2ddl.SchemaValidator validate
INFO: HHH000229: Running schema validator
oct 14, 2021 8:19:35 PM org.hibernate.tool.hbm2ddl.SchemaValidator validate
INFO: HHH000102: Fetching database metadata
oct 14, 2021 8:19:35 PM org.hibernate.tool.hbm2ddl.TableMetadata <init>
INFO: HHH000261: Table found: microcosmos.arealaboral
oct 14, 2021 8:19:35 PM org.hibernate.tool.hbm2ddl.TableMetadata <init>
INFO: HHH000037: Columns: [idarealaboral, descripcionarealaboral, nombrearealaboral, activoarealaboral]
oct 14, 2021 8:19:35 PM org.hibernate.tool.hbm2ddl.TableMetadata <init>
INFO: HHH000261: Table found: microcosmos.arealaboralhistorica
oct 14, 2021 8:19:35 PM org.hibernate.tool.hbm2ddl.TableMetadata <init>
INFO: HHH000037: Columns: [idempleados, fechaconclusion, fechacomienzo, idarealaboralhistorica]
oct 14, 2021 8:19:35 PM org.hibernate.tool.hbm2ddl.TableMetadata <init>
INFO: HHH000261: Table found: microcosmos.articulo
oct 14, 2021 8:19:35 PM org.hibernate.tool.hbm2ddl.TableMetadata <init>
INFO: HHH000037: Columns: [idsecciontienda, stockmaximo, activoarticulo, nombrearticulo, stockminimo, precioarticulo, idtalla, stock, descripcionarticulo, idarticulo]
oct 14, 2021 8:19:35 PM org.hibernate.tool.hbm2ddl.TableMetadata <init>
INFO: HHH000261: Table found: microcosmos.clientes
oct 14, 2021 8:19:35 PM org.hibernate.tool.hbm2ddl.TableMetadata <init>
INFO: HHH000037: Columns: [telefonocliente, direccioncliente, idtipodocumento, idsexo, documento, activocliente, idcliente, nombrecliente, apellidocliente, correocliente]
oct 14, 2021 8:19:35 PM org.hibernate.tool.hbm2ddl.TableMetadata <init>
INFO: HHH000261: Table found: microcosmos.compra
oct 14, 2021 8:19:35 PM org.hibernate.tool.hbm2ddl.TableMetadata <init>
INFO: HHH000037: Columns: [idcompra, fechapedido, idproveedor, idempleados, fecharecibido, totalcompra, idestado]
oct 14, 2021 8:19:35 PM org.hibernate.tool.hbm2ddl.TableMetadata <init>
INFO: HHH000261: Table found: microcosmos.detallecompra
oct 14, 2021 8:19:35 PM org.hibernate.tool.hbm2ddl.TableMetadata <init>
INFO: HHH000037: Columns: [idcompra, iddetallecompra, preciocompra, cantidad, idarticulo]
oct 14, 2021 8:19:35 PM org.hibernate.tool.hbm2ddl.TableMetadata <init>
INFO: HHH000261: Table found: microcosmos.detalleventa
oct 14, 2021 8:19:35 PM org.hibernate.tool.hbm2ddl.TableMetadata <init>
INFO: HHH000037: Columns: [idventa, iddetalleventa, cantidad, idarticulo]
oct 14, 2021 8:19:35 PM org.hibernate.tool.hbm2ddl.TableMetadata <init>
INFO: HHH000261: Table found: microcosmos.empleados
oct 14, 2021 8:19:35 PM org.hibernate.tool.hbm2ddl.TableMetadata <init>
INFO: HHH000037: Columns: [idempleados, idarealaboral, idtipodocumento, idsexo, telefonoempleado, documento, nombreempleado, correoempleado, apellidoempleado, fechadenacimiento, activoempleado]
oct 14, 2021 8:19:35 PM org.hibernate.tool.hbm2ddl.TableMetadata <init>
INFO: HHH000261: Table found: microcosmos.entidades
oct 14, 2021 8:19:35 PM org.hibernate.tool.hbm2ddl.TableMetadata <init>
INFO: HHH000037: Columns: [identidad, activoentidad, nombreentidad]
oct 14, 2021 8:19:35 PM org.hibernate.tool.hbm2ddl.TableMetadata <init>
INFO: HHH000261: Table found: microcosmos.estado
oct 14, 2021 8:19:35 PM org.hibernate.tool.hbm2ddl.TableMetadata <init>
INFO: HHH000037: Columns: [nombreestado, activoestado, identidad, descripcionestado, idestado]
oct 14, 2021 8:19:35 PM org.hibernate.tool.hbm2ddl.TableMetadata <init>
INFO: HHH000261: Table found: microcosmos.facturasdevueltas
oct 14, 2021 8:19:35 PM org.hibernate.tool.hbm2ddl.TableMetadata <init>
INFO: HHH000037: Columns: [idventa, descripcion, fechadevolucion, idempleados, idfacturadevuelta]
oct 14, 2021 8:19:35 PM org.hibernate.tool.hbm2ddl.TableMetadata <init>
INFO: HHH000261: Table found: microcosmos.parametros
oct 14, 2021 8:19:35 PM org.hibernate.tool.hbm2ddl.TableMetadata <init>
INFO: HHH000037: Columns: [facturainicial, fechaemision, facturafinal, activoparametros, fechacaducidad, cai, idparametros]
oct 14, 2021 8:19:35 PM org.hibernate.tool.hbm2ddl.TableMetadata <init>
INFO: HHH000261: Table found: microcosmos.pedidosdevueltos
oct 14, 2021 8:19:35 PM org.hibernate.tool.hbm2ddl.TableMetadata <init>
INFO: HHH000037: Columns: [idcompra, descripcion, idempleados, idpedidosdevueltos, fechaanulacion]
oct 14, 2021 8:19:35 PM org.hibernate.tool.hbm2ddl.TableMetadata <init>
INFO: HHH000261: Table found: microcosmos.preciohistorico
oct 14, 2021 8:19:35 PM org.hibernate.tool.hbm2ddl.TableMetadata <init>
INFO: HHH000037: Columns: [precio, idpreciohistorico, fechainicial, fechafinal, idarticulo, activopreciohistorico]
oct 14, 2021 8:19:35 PM org.hibernate.tool.hbm2ddl.TableMetadata <init>
INFO: HHH000261: Table found: microcosmos.proveedores
oct 14, 2021 8:19:35 PM org.hibernate.tool.hbm2ddl.TableMetadata <init>
INFO: HHH000037: Columns: [idproveedor, activoproveedor, idtipodocumento, nombreproveedor, correoproveedor, telefonoproveedor, documento, ubicacionproveedor]
oct 14, 2021 8:19:35 PM org.hibernate.tool.hbm2ddl.TableMetadata <init>
INFO: HHH000261: Table found: microcosmos.secciontienda
oct 14, 2021 8:19:35 PM org.hibernate.tool.hbm2ddl.TableMetadata <init>
INFO: HHH000037: Columns: [idsecciontienda, descripcionsecciontienda, nombresecciontienda, activosecciontienda]
oct 14, 2021 8:19:35 PM org.hibernate.tool.hbm2ddl.TableMetadata <init>
INFO: HHH000261: Table found: microcosmos.sexo
oct 14, 2021 8:19:35 PM org.hibernate.tool.hbm2ddl.TableMetadata <init>
INFO: HHH000037: Columns: [idsexo, nombresexo, descripcionsexo]
oct 14, 2021 8:19:35 PM org.hibernate.tool.hbm2ddl.TableMetadata <init>
INFO: HHH000261: Table found: microcosmos.talla
oct 14, 2021 8:19:35 PM org.hibernate.tool.hbm2ddl.TableMetadata <init>
INFO: HHH000037: Columns: [activotalla, nombretalla, descripciontalla, idtalla]
oct 14, 2021 8:19:35 PM org.hibernate.tool.hbm2ddl.TableMetadata <init>
INFO: HHH000261: Table found: microcosmos.tipodepago
oct 14, 2021 8:19:35 PM org.hibernate.tool.hbm2ddl.TableMetadata <init>
INFO: HHH000037: Columns: [descripciontipodepago, nombretipodepago, idtipodepago, activotipodepago]
oct 14, 2021 8:19:35 PM org.hibernate.tool.hbm2ddl.TableMetadata <init>
INFO: HHH000261: Table found: microcosmos.tipodocumento
oct 14, 2021 8:19:35 PM org.hibernate.tool.hbm2ddl.TableMetadata <init>
INFO: HHH000037: Columns: [nombretipodocumento, descripciontipodocumento, activotipodocumento, idtipodocumento]
oct 14, 2021 8:19:35 PM org.hibernate.tool.hbm2ddl.TableMetadata <init>
INFO: HHH000261: Table found: microcosmos.usuarios
oct 14, 2021 8:19:35 PM org.hibernate.tool.hbm2ddl.TableMetadata <init>
INFO: HHH000037: Columns: [nombreusuario, idempleados, numerodeintentos, activousuario, admin, contrasena, idusuario]
oct 14, 2021 8:19:35 PM org.hibernate.tool.hbm2ddl.TableMetadata <init>
INFO: HHH000261: Table found: microcosmos.venta
oct 14, 2021 8:19:35 PM org.hibernate.tool.hbm2ddl.TableMetadata <init>
INFO: HHH000037: Columns: [numtarjeta, idtipodepago, formato, montoefectivo, idcliente, idestado, idventa, total, idempleados, impuesto, subtotal, montotarjeta, fechaventa, idparametros]
oct 14, 2021 8:19:35 PM org.hibernate.jpa.internal.EntityManagerFactoryRegistry addEntityManagerFactory
WARN: HHH000436: Entity manager factory name (DB) is already registered.  If entity manager will be clustered or passivated, specify a unique value for property 'hibernate.ejb.entitymanager_factory_name'
oct 14, 2021 8:19:35 PM org.hibernate.ejb.HibernatePersistence logDeprecation
WARN: HHH015016: Encountered a deprecated javax.persistence.spi.PersistenceProvider [org.hibernate.ejb.HibernatePersistence]; use [org.hibernate.jpa.HibernatePersistenceProvider] instead.
oct 14, 2021 8:19:35 PM org.hibernate.ejb.HibernatePersistence logDeprecation
WARN: HHH015016: Encountered a deprecated javax.persistence.spi.PersistenceProvider [org.hibernate.ejb.HibernatePersistence]; use [org.hibernate.jpa.HibernatePersistenceProvider] instead.
oct 14, 2021 8:19:35 PM org.hibernate.ejb.HibernatePersistence logDeprecation
WARN: HHH015016: Encountered a deprecated javax.persistence.spi.PersistenceProvider [org.hibernate.ejb.HibernatePersistence]; use [org.hibernate.jpa.HibernatePersistenceProvider] instead.
oct 14, 2021 8:19:35 PM org.hibernate.jpa.internal.util.LogHelper logPersistenceUnitInformation
INFO: HHH000204: Processing PersistenceUnitInfo [
	name: DB
	...]
oct 14, 2021 8:19:35 PM org.hibernate.engine.jdbc.connections.internal.DriverManagerConnectionProviderImpl configure
WARN: HHH000402: Using Hibernate built-in connection pool (not for production use!)
oct 14, 2021 8:19:35 PM org.hibernate.engine.jdbc.connections.internal.DriverManagerConnectionProviderImpl buildCreator
INFO: HHH000401: using driver [com.mysql.jdbc.Driver] at URL [jdbc:mysql://localhost:3306/Microcosmos?zeroDateTimeBehavior=convertToNull]
oct 14, 2021 8:19:35 PM org.hibernate.engine.jdbc.connections.internal.DriverManagerConnectionProviderImpl buildCreator
INFO: HHH000046: Connection properties: {user=root, password=****}
oct 14, 2021 8:19:35 PM org.hibernate.engine.jdbc.connections.internal.DriverManagerConnectionProviderImpl buildCreator
INFO: HHH000006: Autocommit mode: false
oct 14, 2021 8:19:35 PM org.hibernate.engine.jdbc.connections.internal.DriverManagerConnectionProviderImpl configure
INFO: HHH000115: Hibernate connection pool size: 20 (min=1)
oct 14, 2021 8:19:35 PM org.hibernate.dialect.Dialect <init>
INFO: HHH000400: Using dialect: org.hibernate.dialect.MySQLDialect
oct 14, 2021 8:19:35 PM org.hibernate.hql.internal.ast.ASTQueryTranslatorFactory <init>
INFO: HHH000397: Using ASTQueryTranslatorFactory
oct 14, 2021 8:19:35 PM org.hibernate.tool.hbm2ddl.SchemaValidator validate
INFO: HHH000229: Running schema validator
oct 14, 2021 8:19:35 PM org.hibernate.tool.hbm2ddl.SchemaValidator validate
INFO: HHH000102: Fetching database metadata
oct 14, 2021 8:19:35 PM org.hibernate.tool.hbm2ddl.TableMetadata <init>
INFO: HHH000261: Table found: microcosmos.arealaboral
oct 14, 2021 8:19:35 PM org.hibernate.tool.hbm2ddl.TableMetadata <init>
INFO: HHH000037: Columns: [idarealaboral, descripcionarealaboral, nombrearealaboral, activoarealaboral]
oct 14, 2021 8:19:35 PM org.hibernate.tool.hbm2ddl.TableMetadata <init>
INFO: HHH000261: Table found: microcosmos.arealaboralhistorica
oct 14, 2021 8:19:35 PM org.hibernate.tool.hbm2ddl.TableMetadata <init>
INFO: HHH000037: Columns: [idempleados, fechaconclusion, fechacomienzo, idarealaboralhistorica]
oct 14, 2021 8:19:35 PM org.hibernate.tool.hbm2ddl.TableMetadata <init>
INFO: HHH000261: Table found: microcosmos.articulo
oct 14, 2021 8:19:35 PM org.hibernate.tool.hbm2ddl.TableMetadata <init>
INFO: HHH000037: Columns: [idsecciontienda, stockmaximo, activoarticulo, nombrearticulo, stockminimo, precioarticulo, idtalla, stock, descripcionarticulo, idarticulo]
oct 14, 2021 8:19:35 PM org.hibernate.tool.hbm2ddl.TableMetadata <init>
INFO: HHH000261: Table found: microcosmos.clientes
oct 14, 2021 8:19:35 PM org.hibernate.tool.hbm2ddl.TableMetadata <init>
INFO: HHH000037: Columns: [telefonocliente, direccioncliente, idtipodocumento, idsexo, documento, activocliente, idcliente, nombrecliente, apellidocliente, correocliente]
oct 14, 2021 8:19:35 PM org.hibernate.tool.hbm2ddl.TableMetadata <init>
INFO: HHH000261: Table found: microcosmos.compra
oct 14, 2021 8:19:35 PM org.hibernate.tool.hbm2ddl.TableMetadata <init>
INFO: HHH000037: Columns: [idcompra, fechapedido, idproveedor, idempleados, fecharecibido, totalcompra, idestado]
oct 14, 2021 8:19:35 PM org.hibernate.tool.hbm2ddl.TableMetadata <init>
INFO: HHH000261: Table found: microcosmos.detallecompra
oct 14, 2021 8:19:35 PM org.hibernate.tool.hbm2ddl.TableMetadata <init>
INFO: HHH000037: Columns: [idcompra, iddetallecompra, preciocompra, cantidad, idarticulo]
oct 14, 2021 8:19:36 PM org.hibernate.tool.hbm2ddl.TableMetadata <init>
INFO: HHH000261: Table found: microcosmos.detalleventa
oct 14, 2021 8:19:36 PM org.hibernate.tool.hbm2ddl.TableMetadata <init>
INFO: HHH000037: Columns: [idventa, iddetalleventa, cantidad, idarticulo]
oct 14, 2021 8:19:36 PM org.hibernate.tool.hbm2ddl.TableMetadata <init>
INFO: HHH000261: Table found: microcosmos.empleados
oct 14, 2021 8:19:36 PM org.hibernate.tool.hbm2ddl.TableMetadata <init>
INFO: HHH000037: Columns: [idempleados, idarealaboral, idtipodocumento, idsexo, telefonoempleado, documento, nombreempleado, correoempleado, apellidoempleado, fechadenacimiento, activoempleado]
oct 14, 2021 8:19:36 PM org.hibernate.tool.hbm2ddl.TableMetadata <init>
INFO: HHH000261: Table found: microcosmos.entidades
oct 14, 2021 8:19:36 PM org.hibernate.tool.hbm2ddl.TableMetadata <init>
INFO: HHH000037: Columns: [identidad, activoentidad, nombreentidad]
oct 14, 2021 8:19:36 PM org.hibernate.tool.hbm2ddl.TableMetadata <init>
INFO: HHH000261: Table found: microcosmos.estado
oct 14, 2021 8:19:36 PM org.hibernate.tool.hbm2ddl.TableMetadata <init>
INFO: HHH000037: Columns: [nombreestado, activoestado, identidad, descripcionestado, idestado]
oct 14, 2021 8:19:36 PM org.hibernate.tool.hbm2ddl.TableMetadata <init>
INFO: HHH000261: Table found: microcosmos.facturasdevueltas
oct 14, 2021 8:19:36 PM org.hibernate.tool.hbm2ddl.TableMetadata <init>
INFO: HHH000037: Columns: [idventa, descripcion, fechadevolucion, idempleados, idfacturadevuelta]
oct 14, 2021 8:19:36 PM org.hibernate.tool.hbm2ddl.TableMetadata <init>
INFO: HHH000261: Table found: microcosmos.parametros
oct 14, 2021 8:19:36 PM org.hibernate.tool.hbm2ddl.TableMetadata <init>
INFO: HHH000037: Columns: [facturainicial, fechaemision, facturafinal, activoparametros, fechacaducidad, cai, idparametros]
oct 14, 2021 8:19:36 PM org.hibernate.tool.hbm2ddl.TableMetadata <init>
INFO: HHH000261: Table found: microcosmos.pedidosdevueltos
oct 14, 2021 8:19:36 PM org.hibernate.tool.hbm2ddl.TableMetadata <init>
INFO: HHH000037: Columns: [idcompra, descripcion, idempleados, idpedidosdevueltos, fechaanulacion]
oct 14, 2021 8:19:36 PM org.hibernate.tool.hbm2ddl.TableMetadata <init>
INFO: HHH000261: Table found: microcosmos.preciohistorico
oct 14, 2021 8:19:36 PM org.hibernate.tool.hbm2ddl.TableMetadata <init>
INFO: HHH000037: Columns: [precio, idpreciohistorico, fechainicial, fechafinal, idarticulo, activopreciohistorico]
oct 14, 2021 8:19:36 PM org.hibernate.tool.hbm2ddl.TableMetadata <init>
INFO: HHH000261: Table found: microcosmos.proveedores
oct 14, 2021 8:19:36 PM org.hibernate.tool.hbm2ddl.TableMetadata <init>
INFO: HHH000037: Columns: [idproveedor, activoproveedor, idtipodocumento, nombreproveedor, correoproveedor, telefonoproveedor, documento, ubicacionproveedor]
oct 14, 2021 8:19:36 PM org.hibernate.tool.hbm2ddl.TableMetadata <init>
INFO: HHH000261: Table found: microcosmos.secciontienda
oct 14, 2021 8:19:36 PM org.hibernate.tool.hbm2ddl.TableMetadata <init>
INFO: HHH000037: Columns: [idsecciontienda, descripcionsecciontienda, nombresecciontienda, activosecciontienda]
oct 14, 2021 8:19:36 PM org.hibernate.tool.hbm2ddl.TableMetadata <init>
INFO: HHH000261: Table found: microcosmos.sexo
oct 14, 2021 8:19:36 PM org.hibernate.tool.hbm2ddl.TableMetadata <init>
INFO: HHH000037: Columns: [idsexo, nombresexo, descripcionsexo]
oct 14, 2021 8:19:36 PM org.hibernate.tool.hbm2ddl.TableMetadata <init>
INFO: HHH000261: Table found: microcosmos.talla
oct 14, 2021 8:19:36 PM org.hibernate.tool.hbm2ddl.TableMetadata <init>
INFO: HHH000037: Columns: [activotalla, nombretalla, descripciontalla, idtalla]
oct 14, 2021 8:19:36 PM org.hibernate.tool.hbm2ddl.TableMetadata <init>
INFO: HHH000261: Table found: microcosmos.tipodepago
oct 14, 2021 8:19:36 PM org.hibernate.tool.hbm2ddl.TableMetadata <init>
INFO: HHH000037: Columns: [descripciontipodepago, nombretipodepago, idtipodepago, activotipodepago]
oct 14, 2021 8:19:36 PM org.hibernate.tool.hbm2ddl.TableMetadata <init>
INFO: HHH000261: Table found: microcosmos.tipodocumento
oct 14, 2021 8:19:36 PM org.hibernate.tool.hbm2ddl.TableMetadata <init>
INFO: HHH000037: Columns: [nombretipodocumento, descripciontipodocumento, activotipodocumento, idtipodocumento]
oct 14, 2021 8:19:36 PM org.hibernate.tool.hbm2ddl.TableMetadata <init>
INFO: HHH000261: Table found: microcosmos.usuarios
oct 14, 2021 8:19:36 PM org.hibernate.tool.hbm2ddl.TableMetadata <init>
INFO: HHH000037: Columns: [nombreusuario, idempleados, numerodeintentos, activousuario, admin, contrasena, idusuario]
oct 14, 2021 8:19:36 PM org.hibernate.tool.hbm2ddl.TableMetadata <init>
INFO: HHH000261: Table found: microcosmos.venta
oct 14, 2021 8:19:36 PM org.hibernate.tool.hbm2ddl.TableMetadata <init>
INFO: HHH000037: Columns: [numtarjeta, idtipodepago, formato, montoefectivo, idcliente, idestado, idventa, total, idempleados, impuesto, subtotal, montotarjeta, fechaventa, idparametros]
oct 14, 2021 8:19:36 PM org.hibernate.jpa.internal.EntityManagerFactoryRegistry addEntityManagerFactory
WARN: HHH000436: Entity manager factory name (DB) is already registered.  If entity manager will be clustered or passivated, specify a unique value for property 'hibernate.ejb.entitymanager_factory_name'
oct 14, 2021 8:19:36 PM org.hibernate.ejb.HibernatePersistence logDeprecation
WARN: HHH015016: Encountered a deprecated javax.persistence.spi.PersistenceProvider [org.hibernate.ejb.HibernatePersistence]; use [org.hibernate.jpa.HibernatePersistenceProvider] instead.
oct 14, 2021 8:19:36 PM org.hibernate.ejb.HibernatePersistence logDeprecation
WARN: HHH015016: Encountered a deprecated javax.persistence.spi.PersistenceProvider [org.hibernate.ejb.HibernatePersistence]; use [org.hibernate.jpa.HibernatePersistenceProvider] instead.
oct 14, 2021 8:19:36 PM org.hibernate.ejb.HibernatePersistence logDeprecation
WARN: HHH015016: Encountered a deprecated javax.persistence.spi.PersistenceProvider [org.hibernate.ejb.HibernatePersistence]; use [org.hibernate.jpa.HibernatePersistenceProvider] instead.
oct 14, 2021 8:19:36 PM org.hibernate.jpa.internal.util.LogHelper logPersistenceUnitInformation
INFO: HHH000204: Processing PersistenceUnitInfo [
	name: DB
	...]
oct 14, 2021 8:19:36 PM org.hibernate.engine.jdbc.connections.internal.DriverManagerConnectionProviderImpl configure
WARN: HHH000402: Using Hibernate built-in connection pool (not for production use!)
oct 14, 2021 8:19:36 PM org.hibernate.engine.jdbc.connections.internal.DriverManagerConnectionProviderImpl buildCreator
INFO: HHH000401: using driver [com.mysql.jdbc.Driver] at URL [jdbc:mysql://localhost:3306/Microcosmos?zeroDateTimeBehavior=convertToNull]
oct 14, 2021 8:19:36 PM org.hibernate.engine.jdbc.connections.internal.DriverManagerConnectionProviderImpl buildCreator
INFO: HHH000046: Connection properties: {user=root, password=****}
oct 14, 2021 8:19:36 PM org.hibernate.engine.jdbc.connections.internal.DriverManagerConnectionProviderImpl buildCreator
INFO: HHH000006: Autocommit mode: false
oct 14, 2021 8:19:36 PM org.hibernate.engine.jdbc.connections.internal.DriverManagerConnectionProviderImpl configure
INFO: HHH000115: Hibernate connection pool size: 20 (min=1)
oct 14, 2021 8:19:36 PM org.hibernate.dialect.Dialect <init>
INFO: HHH000400: Using dialect: org.hibernate.dialect.MySQLDialect
oct 14, 2021 8:19:36 PM org.hibernate.hql.internal.ast.ASTQueryTranslatorFactory <init>
INFO: HHH000397: Using ASTQueryTranslatorFactory
oct 14, 2021 8:19:36 PM org.hibernate.tool.hbm2ddl.SchemaValidator validate
INFO: HHH000229: Running schema validator
oct 14, 2021 8:19:36 PM org.hibernate.tool.hbm2ddl.SchemaValidator validate
INFO: HHH000102: Fetching database metadata
oct 14, 2021 8:19:36 PM org.hibernate.tool.hbm2ddl.TableMetadata <init>
INFO: HHH000261: Table found: microcosmos.arealaboral
oct 14, 2021 8:19:36 PM org.hibernate.tool.hbm2ddl.TableMetadata <init>
INFO: HHH000037: Columns: [idarealaboral, descripcionarealaboral, nombrearealaboral, activoarealaboral]
oct 14, 2021 8:19:36 PM org.hibernate.tool.hbm2ddl.TableMetadata <init>
INFO: HHH000261: Table found: microcosmos.arealaboralhistorica
oct 14, 2021 8:19:36 PM org.hibernate.tool.hbm2ddl.TableMetadata <init>
INFO: HHH000037: Columns: [idempleados, fechaconclusion, fechacomienzo, idarealaboralhistorica]
oct 14, 2021 8:19:36 PM org.hibernate.tool.hbm2ddl.TableMetadata <init>
INFO: HHH000261: Table found: microcosmos.articulo
oct 14, 2021 8:19:36 PM org.hibernate.tool.hbm2ddl.TableMetadata <init>
INFO: HHH000037: Columns: [idsecciontienda, stockmaximo, activoarticulo, nombrearticulo, stockminimo, precioarticulo, idtalla, stock, descripcionarticulo, idarticulo]
oct 14, 2021 8:19:36 PM org.hibernate.tool.hbm2ddl.TableMetadata <init>
INFO: HHH000261: Table found: microcosmos.clientes
oct 14, 2021 8:19:36 PM org.hibernate.tool.hbm2ddl.TableMetadata <init>
INFO: HHH000037: Columns: [telefonocliente, direccioncliente, idtipodocumento, idsexo, documento, activocliente, idcliente, nombrecliente, apellidocliente, correocliente]
oct 14, 2021 8:19:36 PM org.hibernate.tool.hbm2ddl.TableMetadata <init>
INFO: HHH000261: Table found: microcosmos.compra
oct 14, 2021 8:19:36 PM org.hibernate.tool.hbm2ddl.TableMetadata <init>
INFO: HHH000037: Columns: [idcompra, fechapedido, idproveedor, idempleados, fecharecibido, totalcompra, idestado]
oct 14, 2021 8:19:36 PM org.hibernate.tool.hbm2ddl.TableMetadata <init>
INFO: HHH000261: Table found: microcosmos.detallecompra
oct 14, 2021 8:19:36 PM org.hibernate.tool.hbm2ddl.TableMetadata <init>
INFO: HHH000037: Columns: [idcompra, iddetallecompra, preciocompra, cantidad, idarticulo]
oct 14, 2021 8:19:36 PM org.hibernate.tool.hbm2ddl.TableMetadata <init>
INFO: HHH000261: Table found: microcosmos.detalleventa
oct 14, 2021 8:19:36 PM org.hibernate.tool.hbm2ddl.TableMetadata <init>
INFO: HHH000037: Columns: [idventa, iddetalleventa, cantidad, idarticulo]
oct 14, 2021 8:19:36 PM org.hibernate.tool.hbm2ddl.TableMetadata <init>
INFO: HHH000261: Table found: microcosmos.empleados
oct 14, 2021 8:19:36 PM org.hibernate.tool.hbm2ddl.TableMetadata <init>
INFO: HHH000037: Columns: [idempleados, idarealaboral, idtipodocumento, idsexo, telefonoempleado, documento, nombreempleado, correoempleado, apellidoempleado, fechadenacimiento, activoempleado]
oct 14, 2021 8:19:36 PM org.hibernate.tool.hbm2ddl.TableMetadata <init>
INFO: HHH000261: Table found: microcosmos.entidades
oct 14, 2021 8:19:36 PM org.hibernate.tool.hbm2ddl.TableMetadata <init>
INFO: HHH000037: Columns: [identidad, activoentidad, nombreentidad]
oct 14, 2021 8:19:36 PM org.hibernate.tool.hbm2ddl.TableMetadata <init>
INFO: HHH000261: Table found: microcosmos.estado
oct 14, 2021 8:19:36 PM org.hibernate.tool.hbm2ddl.TableMetadata <init>
INFO: HHH000037: Columns: [nombreestado, activoestado, identidad, descripcionestado, idestado]
oct 14, 2021 8:19:36 PM org.hibernate.tool.hbm2ddl.TableMetadata <init>
INFO: HHH000261: Table found: microcosmos.facturasdevueltas
oct 14, 2021 8:19:36 PM org.hibernate.tool.hbm2ddl.TableMetadata <init>
INFO: HHH000037: Columns: [idventa, descripcion, fechadevolucion, idempleados, idfacturadevuelta]
oct 14, 2021 8:19:36 PM org.hibernate.tool.hbm2ddl.TableMetadata <init>
INFO: HHH000261: Table found: microcosmos.parametros
oct 14, 2021 8:19:36 PM org.hibernate.tool.hbm2ddl.TableMetadata <init>
INFO: HHH000037: Columns: [facturainicial, fechaemision, facturafinal, activoparametros, fechacaducidad, cai, idparametros]
oct 14, 2021 8:19:36 PM org.hibernate.tool.hbm2ddl.TableMetadata <init>
INFO: HHH000261: Table found: microcosmos.pedidosdevueltos
oct 14, 2021 8:19:36 PM org.hibernate.tool.hbm2ddl.TableMetadata <init>
INFO: HHH000037: Columns: [idcompra, descripcion, idempleados, idpedidosdevueltos, fechaanulacion]
oct 14, 2021 8:19:36 PM org.hibernate.tool.hbm2ddl.TableMetadata <init>
INFO: HHH000261: Table found: microcosmos.preciohistorico
oct 14, 2021 8:19:36 PM org.hibernate.tool.hbm2ddl.TableMetadata <init>
INFO: HHH000037: Columns: [precio, idpreciohistorico, fechainicial, fechafinal, idarticulo, activopreciohistorico]
oct 14, 2021 8:19:36 PM org.hibernate.tool.hbm2ddl.TableMetadata <init>
INFO: HHH000261: Table found: microcosmos.proveedores
oct 14, 2021 8:19:36 PM org.hibernate.tool.hbm2ddl.TableMetadata <init>
INFO: HHH000037: Columns: [idproveedor, activoproveedor, idtipodocumento, nombreproveedor, correoproveedor, telefonoproveedor, documento, ubicacionproveedor]
oct 14, 2021 8:19:36 PM org.hibernate.tool.hbm2ddl.TableMetadata <init>
INFO: HHH000261: Table found: microcosmos.secciontienda
oct 14, 2021 8:19:36 PM org.hibernate.tool.hbm2ddl.TableMetadata <init>
INFO: HHH000037: Columns: [idsecciontienda, descripcionsecciontienda, nombresecciontienda, activosecciontienda]
oct 14, 2021 8:19:36 PM org.hibernate.tool.hbm2ddl.TableMetadata <init>
INFO: HHH000261: Table found: microcosmos.sexo
oct 14, 2021 8:19:36 PM org.hibernate.tool.hbm2ddl.TableMetadata <init>
INFO: HHH000037: Columns: [idsexo, nombresexo, descripcionsexo]
oct 14, 2021 8:19:36 PM org.hibernate.tool.hbm2ddl.TableMetadata <init>
INFO: HHH000261: Table found: microcosmos.talla
oct 14, 2021 8:19:36 PM org.hibernate.tool.hbm2ddl.TableMetadata <init>
INFO: HHH000037: Columns: [activotalla, nombretalla, descripciontalla, idtalla]
oct 14, 2021 8:19:36 PM org.hibernate.tool.hbm2ddl.TableMetadata <init>
INFO: HHH000261: Table found: microcosmos.tipodepago
oct 14, 2021 8:19:36 PM org.hibernate.tool.hbm2ddl.TableMetadata <init>
INFO: HHH000037: Columns: [descripciontipodepago, nombretipodepago, idtipodepago, activotipodepago]
oct 14, 2021 8:19:36 PM org.hibernate.tool.hbm2ddl.TableMetadata <init>
INFO: HHH000261: Table found: microcosmos.tipodocumento
oct 14, 2021 8:19:36 PM org.hibernate.tool.hbm2ddl.TableMetadata <init>
INFO: HHH000037: Columns: [nombretipodocumento, descripciontipodocumento, activotipodocumento, idtipodocumento]
oct 14, 2021 8:19:36 PM org.hibernate.tool.hbm2ddl.TableMetadata <init>
INFO: HHH000261: Table found: microcosmos.usuarios
oct 14, 2021 8:19:36 PM org.hibernate.tool.hbm2ddl.TableMetadata <init>
INFO: HHH000037: Columns: [nombreusuario, idempleados, numerodeintentos, activousuario, admin, contrasena, idusuario]
oct 14, 2021 8:19:36 PM org.hibernate.tool.hbm2ddl.TableMetadata <init>
INFO: HHH000261: Table found: microcosmos.venta
oct 14, 2021 8:19:36 PM org.hibernate.tool.hbm2ddl.TableMetadata <init>
INFO: HHH000037: Columns: [numtarjeta, idtipodepago, formato, montoefectivo, idcliente, idestado, idventa, total, idempleados, impuesto, subtotal, montotarjeta, fechaventa, idparametros]
oct 14, 2021 8:19:36 PM org.hibernate.jpa.internal.EntityManagerFactoryRegistry addEntityManagerFactory
WARN: HHH000436: Entity manager factory name (DB) is already registered.  If entity manager will be clustered or passivated, specify a unique value for property 'hibernate.ejb.entitymanager_factory_name'
oct 14, 2021 8:19:36 PM org.hibernate.ejb.HibernatePersistence logDeprecation
WARN: HHH015016: Encountered a deprecated javax.persistence.spi.PersistenceProvider [org.hibernate.ejb.HibernatePersistence]; use [org.hibernate.jpa.HibernatePersistenceProvider] instead.
oct 14, 2021 8:19:36 PM org.hibernate.ejb.HibernatePersistence logDeprecation
WARN: HHH015016: Encountered a deprecated javax.persistence.spi.PersistenceProvider [org.hibernate.ejb.HibernatePersistence]; use [org.hibernate.jpa.HibernatePersistenceProvider] instead.
oct 14, 2021 8:19:36 PM org.hibernate.ejb.HibernatePersistence logDeprecation
WARN: HHH015016: Encountered a deprecated javax.persistence.spi.PersistenceProvider [org.hibernate.ejb.HibernatePersistence]; use [org.hibernate.jpa.HibernatePersistenceProvider] instead.
oct 14, 2021 8:19:36 PM org.hibernate.jpa.internal.util.LogHelper logPersistenceUnitInformation
INFO: HHH000204: Processing PersistenceUnitInfo [
	name: DB
	...]
oct 14, 2021 8:19:36 PM org.hibernate.engine.jdbc.connections.internal.DriverManagerConnectionProviderImpl configure
WARN: HHH000402: Using Hibernate built-in connection pool (not for production use!)
oct 14, 2021 8:19:36 PM org.hibernate.engine.jdbc.connections.internal.DriverManagerConnectionProviderImpl buildCreator
INFO: HHH000401: using driver [com.mysql.jdbc.Driver] at URL [jdbc:mysql://localhost:3306/Microcosmos?zeroDateTimeBehavior=convertToNull]
oct 14, 2021 8:19:36 PM org.hibernate.engine.jdbc.connections.internal.DriverManagerConnectionProviderImpl buildCreator
INFO: HHH000046: Connection properties: {user=root, password=****}
oct 14, 2021 8:19:36 PM org.hibernate.engine.jdbc.connections.internal.DriverManagerConnectionProviderImpl buildCreator
INFO: HHH000006: Autocommit mode: false
oct 14, 2021 8:19:36 PM org.hibernate.engine.jdbc.connections.internal.DriverManagerConnectionProviderImpl configure
INFO: HHH000115: Hibernate connection pool size: 20 (min=1)
oct 14, 2021 8:19:36 PM org.hibernate.dialect.Dialect <init>
INFO: HHH000400: Using dialect: org.hibernate.dialect.MySQLDialect
oct 14, 2021 8:19:36 PM org.hibernate.hql.internal.ast.ASTQueryTranslatorFactory <init>
INFO: HHH000397: Using ASTQueryTranslatorFactory
oct 14, 2021 8:19:36 PM org.hibernate.tool.hbm2ddl.SchemaValidator validate
INFO: HHH000229: Running schema validator
oct 14, 2021 8:19:36 PM org.hibernate.tool.hbm2ddl.SchemaValidator validate
INFO: HHH000102: Fetching database metadata
oct 14, 2021 8:19:36 PM org.hibernate.tool.hbm2ddl.TableMetadata <init>
INFO: HHH000261: Table found: microcosmos.arealaboral
oct 14, 2021 8:19:36 PM org.hibernate.tool.hbm2ddl.TableMetadata <init>
INFO: HHH000037: Columns: [idarealaboral, descripcionarealaboral, nombrearealaboral, activoarealaboral]
oct 14, 2021 8:19:36 PM org.hibernate.tool.hbm2ddl.TableMetadata <init>
INFO: HHH000261: Table found: microcosmos.arealaboralhistorica
oct 14, 2021 8:19:36 PM org.hibernate.tool.hbm2ddl.TableMetadata <init>
INFO: HHH000037: Columns: [idempleados, fechaconclusion, fechacomienzo, idarealaboralhistorica]
oct 14, 2021 8:19:36 PM org.hibernate.tool.hbm2ddl.TableMetadata <init>
INFO: HHH000261: Table found: microcosmos.articulo
oct 14, 2021 8:19:36 PM org.hibernate.tool.hbm2ddl.TableMetadata <init>
INFO: HHH000037: Columns: [idsecciontienda, stockmaximo, activoarticulo, nombrearticulo, stockminimo, precioarticulo, idtalla, stock, descripcionarticulo, idarticulo]
oct 14, 2021 8:19:36 PM org.hibernate.tool.hbm2ddl.TableMetadata <init>
INFO: HHH000261: Table found: microcosmos.clientes
oct 14, 2021 8:19:36 PM org.hibernate.tool.hbm2ddl.TableMetadata <init>
INFO: HHH000037: Columns: [telefonocliente, direccioncliente, idtipodocumento, idsexo, documento, activocliente, idcliente, nombrecliente, apellidocliente, correocliente]
oct 14, 2021 8:19:36 PM org.hibernate.tool.hbm2ddl.TableMetadata <init>
INFO: HHH000261: Table found: microcosmos.compra
oct 14, 2021 8:19:36 PM org.hibernate.tool.hbm2ddl.TableMetadata <init>
INFO: HHH000037: Columns: [idcompra, fechapedido, idproveedor, idempleados, fecharecibido, totalcompra, idestado]
oct 14, 2021 8:19:36 PM org.hibernate.tool.hbm2ddl.TableMetadata <init>
INFO: HHH000261: Table found: microcosmos.detallecompra
oct 14, 2021 8:19:36 PM org.hibernate.tool.hbm2ddl.TableMetadata <init>
INFO: HHH000037: Columns: [idcompra, iddetallecompra, preciocompra, cantidad, idarticulo]
oct 14, 2021 8:19:36 PM org.hibernate.tool.hbm2ddl.TableMetadata <init>
INFO: HHH000261: Table found: microcosmos.detalleventa
oct 14, 2021 8:19:36 PM org.hibernate.tool.hbm2ddl.TableMetadata <init>
INFO: HHH000037: Columns: [idventa, iddetalleventa, cantidad, idarticulo]
oct 14, 2021 8:19:36 PM org.hibernate.tool.hbm2ddl.TableMetadata <init>
INFO: HHH000261: Table found: microcosmos.empleados
oct 14, 2021 8:19:36 PM org.hibernate.tool.hbm2ddl.TableMetadata <init>
INFO: HHH000037: Columns: [idempleados, idarealaboral, idtipodocumento, idsexo, telefonoempleado, documento, nombreempleado, correoempleado, apellidoempleado, fechadenacimiento, activoempleado]
oct 14, 2021 8:19:36 PM org.hibernate.tool.hbm2ddl.TableMetadata <init>
INFO: HHH000261: Table found: microcosmos.entidades
oct 14, 2021 8:19:36 PM org.hibernate.tool.hbm2ddl.TableMetadata <init>
INFO: HHH000037: Columns: [identidad, activoentidad, nombreentidad]
oct 14, 2021 8:19:36 PM org.hibernate.tool.hbm2ddl.TableMetadata <init>
INFO: HHH000261: Table found: microcosmos.estado
oct 14, 2021 8:19:36 PM org.hibernate.tool.hbm2ddl.TableMetadata <init>
INFO: HHH000037: Columns: [nombreestado, activoestado, identidad, descripcionestado, idestado]
oct 14, 2021 8:19:36 PM org.hibernate.tool.hbm2ddl.TableMetadata <init>
INFO: HHH000261: Table found: microcosmos.facturasdevueltas
oct 14, 2021 8:19:36 PM org.hibernate.tool.hbm2ddl.TableMetadata <init>
INFO: HHH000037: Columns: [idventa, descripcion, fechadevolucion, idempleados, idfacturadevuelta]
oct 14, 2021 8:19:36 PM org.hibernate.tool.hbm2ddl.TableMetadata <init>
INFO: HHH000261: Table found: microcosmos.parametros
oct 14, 2021 8:19:36 PM org.hibernate.tool.hbm2ddl.TableMetadata <init>
INFO: HHH000037: Columns: [facturainicial, fechaemision, facturafinal, activoparametros, fechacaducidad, cai, idparametros]
oct 14, 2021 8:19:36 PM org.hibernate.tool.hbm2ddl.TableMetadata <init>
INFO: HHH000261: Table found: microcosmos.pedidosdevueltos
oct 14, 2021 8:19:36 PM org.hibernate.tool.hbm2ddl.TableMetadata <init>
INFO: HHH000037: Columns: [idcompra, descripcion, idempleados, idpedidosdevueltos, fechaanulacion]
oct 14, 2021 8:19:36 PM org.hibernate.tool.hbm2ddl.TableMetadata <init>
INFO: HHH000261: Table found: microcosmos.preciohistorico
oct 14, 2021 8:19:36 PM org.hibernate.tool.hbm2ddl.TableMetadata <init>
INFO: HHH000037: Columns: [precio, idpreciohistorico, fechainicial, fechafinal, idarticulo, activopreciohistorico]
oct 14, 2021 8:19:36 PM org.hibernate.tool.hbm2ddl.TableMetadata <init>
INFO: HHH000261: Table found: microcosmos.proveedores
oct 14, 2021 8:19:36 PM org.hibernate.tool.hbm2ddl.TableMetadata <init>
INFO: HHH000037: Columns: [idproveedor, activoproveedor, idtipodocumento, nombreproveedor, correoproveedor, telefonoproveedor, documento, ubicacionproveedor]
oct 14, 2021 8:19:36 PM org.hibernate.tool.hbm2ddl.TableMetadata <init>
INFO: HHH000261: Table found: microcosmos.secciontienda
oct 14, 2021 8:19:36 PM org.hibernate.tool.hbm2ddl.TableMetadata <init>
INFO: HHH000037: Columns: [idsecciontienda, descripcionsecciontienda, nombresecciontienda, activosecciontienda]
oct 14, 2021 8:19:36 PM org.hibernate.tool.hbm2ddl.TableMetadata <init>
INFO: HHH000261: Table found: microcosmos.sexo
oct 14, 2021 8:19:36 PM org.hibernate.tool.hbm2ddl.TableMetadata <init>
INFO: HHH000037: Columns: [idsexo, nombresexo, descripcionsexo]
oct 14, 2021 8:19:36 PM org.hibernate.tool.hbm2ddl.TableMetadata <init>
INFO: HHH000261: Table found: microcosmos.talla
oct 14, 2021 8:19:36 PM org.hibernate.tool.hbm2ddl.TableMetadata <init>
INFO: HHH000037: Columns: [activotalla, nombretalla, descripciontalla, idtalla]
oct 14, 2021 8:19:36 PM org.hibernate.tool.hbm2ddl.TableMetadata <init>
INFO: HHH000261: Table found: microcosmos.tipodepago
oct 14, 2021 8:19:36 PM org.hibernate.tool.hbm2ddl.TableMetadata <init>
INFO: HHH000037: Columns: [descripciontipodepago, nombretipodepago, idtipodepago, activotipodepago]
oct 14, 2021 8:19:36 PM org.hibernate.tool.hbm2ddl.TableMetadata <init>
INFO: HHH000261: Table found: microcosmos.tipodocumento
oct 14, 2021 8:19:36 PM org.hibernate.tool.hbm2ddl.TableMetadata <init>
INFO: HHH000037: Columns: [nombretipodocumento, descripciontipodocumento, activotipodocumento, idtipodocumento]
oct 14, 2021 8:19:36 PM org.hibernate.tool.hbm2ddl.TableMetadata <init>
INFO: HHH000261: Table found: microcosmos.usuarios
oct 14, 2021 8:19:36 PM org.hibernate.tool.hbm2ddl.TableMetadata <init>
INFO: HHH000037: Columns: [nombreusuario, idempleados, numerodeintentos, activousuario, admin, contrasena, idusuario]
oct 14, 2021 8:19:36 PM org.hibernate.tool.hbm2ddl.TableMetadata <init>
INFO: HHH000261: Table found: microcosmos.venta
oct 14, 2021 8:19:36 PM org.hibernate.tool.hbm2ddl.TableMetadata <init>
INFO: HHH000037: Columns: [numtarjeta, idtipodepago, formato, montoefectivo, idcliente, idestado, idventa, total, idempleados, impuesto, subtotal, montotarjeta, fechaventa, idparametros]
oct 14, 2021 8:19:36 PM org.hibernate.jpa.internal.EntityManagerFactoryRegistry addEntityManagerFactory
WARN: HHH000436: Entity manager factory name (DB) is already registered.  If entity manager will be clustered or passivated, specify a unique value for property 'hibernate.ejb.entitymanager_factory_name'
oct 14, 2021 8:19:36 PM org.hibernate.ejb.HibernatePersistence logDeprecation
WARN: HHH015016: Encountered a deprecated javax.persistence.spi.PersistenceProvider [org.hibernate.ejb.HibernatePersistence]; use [org.hibernate.jpa.HibernatePersistenceProvider] instead.
oct 14, 2021 8:19:36 PM org.hibernate.ejb.HibernatePersistence logDeprecation
WARN: HHH015016: Encountered a deprecated javax.persistence.spi.PersistenceProvider [org.hibernate.ejb.HibernatePersistence]; use [org.hibernate.jpa.HibernatePersistenceProvider] instead.
oct 14, 2021 8:19:36 PM org.hibernate.ejb.HibernatePersistence logDeprecation
WARN: HHH015016: Encountered a deprecated javax.persistence.spi.PersistenceProvider [org.hibernate.ejb.HibernatePersistence]; use [org.hibernate.jpa.HibernatePersistenceProvider] instead.
oct 14, 2021 8:19:36 PM org.hibernate.jpa.internal.util.LogHelper logPersistenceUnitInformation
INFO: HHH000204: Processing PersistenceUnitInfo [
	name: DB
	...]
oct 14, 2021 8:19:36 PM org.hibernate.engine.jdbc.connections.internal.DriverManagerConnectionProviderImpl configure
WARN: HHH000402: Using Hibernate built-in connection pool (not for production use!)
oct 14, 2021 8:19:36 PM org.hibernate.engine.jdbc.connections.internal.DriverManagerConnectionProviderImpl buildCreator
INFO: HHH000401: using driver [com.mysql.jdbc.Driver] at URL [jdbc:mysql://localhost:3306/Microcosmos?zeroDateTimeBehavior=convertToNull]
oct 14, 2021 8:19:36 PM org.hibernate.engine.jdbc.connections.internal.DriverManagerConnectionProviderImpl buildCreator
INFO: HHH000046: Connection properties: {user=root, password=****}
oct 14, 2021 8:19:36 PM org.hibernate.engine.jdbc.connections.internal.DriverManagerConnectionProviderImpl buildCreator
INFO: HHH000006: Autocommit mode: false
oct 14, 2021 8:19:36 PM org.hibernate.engine.jdbc.connections.internal.DriverManagerConnectionProviderImpl configure
INFO: HHH000115: Hibernate connection pool size: 20 (min=1)
oct 14, 2021 8:19:36 PM org.hibernate.dialect.Dialect <init>
INFO: HHH000400: Using dialect: org.hibernate.dialect.MySQLDialect
oct 14, 2021 8:19:36 PM org.hibernate.hql.internal.ast.ASTQueryTranslatorFactory <init>
INFO: HHH000397: Using ASTQueryTranslatorFactory
oct 14, 2021 8:19:36 PM org.hibernate.tool.hbm2ddl.SchemaValidator validate
INFO: HHH000229: Running schema validator
oct 14, 2021 8:19:36 PM org.hibernate.tool.hbm2ddl.SchemaValidator validate
INFO: HHH000102: Fetching database metadata
oct 14, 2021 8:19:36 PM org.hibernate.tool.hbm2ddl.TableMetadata <init>
INFO: HHH000261: Table found: microcosmos.arealaboral
oct 14, 2021 8:19:36 PM org.hibernate.tool.hbm2ddl.TableMetadata <init>
INFO: HHH000037: Columns: [idarealaboral, descripcionarealaboral, nombrearealaboral, activoarealaboral]
oct 14, 2021 8:19:36 PM org.hibernate.tool.hbm2ddl.TableMetadata <init>
INFO: HHH000261: Table found: microcosmos.arealaboralhistorica
oct 14, 2021 8:19:36 PM org.hibernate.tool.hbm2ddl.TableMetadata <init>
INFO: HHH000037: Columns: [idempleados, fechaconclusion, fechacomienzo, idarealaboralhistorica]
oct 14, 2021 8:19:36 PM org.hibernate.tool.hbm2ddl.TableMetadata <init>
INFO: HHH000261: Table found: microcosmos.articulo
oct 14, 2021 8:19:36 PM org.hibernate.tool.hbm2ddl.TableMetadata <init>
INFO: HHH000037: Columns: [idsecciontienda, stockmaximo, activoarticulo, nombrearticulo, stockminimo, precioarticulo, idtalla, stock, descripcionarticulo, idarticulo]
oct 14, 2021 8:19:36 PM org.hibernate.tool.hbm2ddl.TableMetadata <init>
INFO: HHH000261: Table found: microcosmos.clientes
oct 14, 2021 8:19:36 PM org.hibernate.tool.hbm2ddl.TableMetadata <init>
INFO: HHH000037: Columns: [telefonocliente, direccioncliente, idtipodocumento, idsexo, documento, activocliente, idcliente, nombrecliente, apellidocliente, correocliente]
oct 14, 2021 8:19:36 PM org.hibernate.tool.hbm2ddl.TableMetadata <init>
INFO: HHH000261: Table found: microcosmos.compra
oct 14, 2021 8:19:36 PM org.hibernate.tool.hbm2ddl.TableMetadata <init>
INFO: HHH000037: Columns: [idcompra, fechapedido, idproveedor, idempleados, fecharecibido, totalcompra, idestado]
oct 14, 2021 8:19:36 PM org.hibernate.tool.hbm2ddl.TableMetadata <init>
INFO: HHH000261: Table found: microcosmos.detallecompra
oct 14, 2021 8:19:36 PM org.hibernate.tool.hbm2ddl.TableMetadata <init>
INFO: HHH000037: Columns: [idcompra, iddetallecompra, preciocompra, cantidad, idarticulo]
oct 14, 2021 8:19:36 PM org.hibernate.tool.hbm2ddl.TableMetadata <init>
INFO: HHH000261: Table found: microcosmos.detalleventa
oct 14, 2021 8:19:36 PM org.hibernate.tool.hbm2ddl.TableMetadata <init>
INFO: HHH000037: Columns: [idventa, iddetalleventa, cantidad, idarticulo]
oct 14, 2021 8:19:36 PM org.hibernate.tool.hbm2ddl.TableMetadata <init>
INFO: HHH000261: Table found: microcosmos.empleados
oct 14, 2021 8:19:36 PM org.hibernate.tool.hbm2ddl.TableMetadata <init>
INFO: HHH000037: Columns: [idempleados, idarealaboral, idtipodocumento, idsexo, telefonoempleado, documento, nombreempleado, correoempleado, apellidoempleado, fechadenacimiento, activoempleado]
oct 14, 2021 8:19:36 PM org.hibernate.tool.hbm2ddl.TableMetadata <init>
INFO: HHH000261: Table found: microcosmos.entidades
oct 14, 2021 8:19:36 PM org.hibernate.tool.hbm2ddl.TableMetadata <init>
INFO: HHH000037: Columns: [identidad, activoentidad, nombreentidad]
oct 14, 2021 8:19:36 PM org.hibernate.tool.hbm2ddl.TableMetadata <init>
INFO: HHH000261: Table found: microcosmos.estado
oct 14, 2021 8:19:36 PM org.hibernate.tool.hbm2ddl.TableMetadata <init>
INFO: HHH000037: Columns: [nombreestado, activoestado, identidad, descripcionestado, idestado]
oct 14, 2021 8:19:36 PM org.hibernate.tool.hbm2ddl.TableMetadata <init>
INFO: HHH000261: Table found: microcosmos.facturasdevueltas
oct 14, 2021 8:19:36 PM org.hibernate.tool.hbm2ddl.TableMetadata <init>
INFO: HHH000037: Columns: [idventa, descripcion, fechadevolucion, idempleados, idfacturadevuelta]
oct 14, 2021 8:19:36 PM org.hibernate.tool.hbm2ddl.TableMetadata <init>
INFO: HHH000261: Table found: microcosmos.parametros
oct 14, 2021 8:19:36 PM org.hibernate.tool.hbm2ddl.TableMetadata <init>
INFO: HHH000037: Columns: [facturainicial, fechaemision, facturafinal, activoparametros, fechacaducidad, cai, idparametros]
oct 14, 2021 8:19:36 PM org.hibernate.tool.hbm2ddl.TableMetadata <init>
INFO: HHH000261: Table found: microcosmos.pedidosdevueltos
oct 14, 2021 8:19:36 PM org.hibernate.tool.hbm2ddl.TableMetadata <init>
INFO: HHH000037: Columns: [idcompra, descripcion, idempleados, idpedidosdevueltos, fechaanulacion]
oct 14, 2021 8:19:36 PM org.hibernate.tool.hbm2ddl.TableMetadata <init>
INFO: HHH000261: Table found: microcosmos.preciohistorico
oct 14, 2021 8:19:36 PM org.hibernate.tool.hbm2ddl.TableMetadata <init>
INFO: HHH000037: Columns: [precio, idpreciohistorico, fechainicial, fechafinal, idarticulo, activopreciohistorico]
oct 14, 2021 8:19:36 PM org.hibernate.tool.hbm2ddl.TableMetadata <init>
INFO: HHH000261: Table found: microcosmos.proveedores
oct 14, 2021 8:19:36 PM org.hibernate.tool.hbm2ddl.TableMetadata <init>
INFO: HHH000037: Columns: [idproveedor, activoproveedor, idtipodocumento, nombreproveedor, correoproveedor, telefonoproveedor, documento, ubicacionproveedor]
oct 14, 2021 8:19:36 PM org.hibernate.tool.hbm2ddl.TableMetadata <init>
INFO: HHH000261: Table found: microcosmos.secciontienda
oct 14, 2021 8:19:36 PM org.hibernate.tool.hbm2ddl.TableMetadata <init>
INFO: HHH000037: Columns: [idsecciontienda, descripcionsecciontienda, nombresecciontienda, activosecciontienda]
oct 14, 2021 8:19:36 PM org.hibernate.tool.hbm2ddl.TableMetadata <init>
INFO: HHH000261: Table found: microcosmos.sexo
oct 14, 2021 8:19:36 PM org.hibernate.tool.hbm2ddl.TableMetadata <init>
INFO: HHH000037: Columns: [idsexo, nombresexo, descripcionsexo]
oct 14, 2021 8:19:36 PM org.hibernate.tool.hbm2ddl.TableMetadata <init>
INFO: HHH000261: Table found: microcosmos.talla
oct 14, 2021 8:19:36 PM org.hibernate.tool.hbm2ddl.TableMetadata <init>
INFO: HHH000037: Columns: [activotalla, nombretalla, descripciontalla, idtalla]
oct 14, 2021 8:19:36 PM org.hibernate.tool.hbm2ddl.TableMetadata <init>
INFO: HHH000261: Table found: microcosmos.tipodepago
oct 14, 2021 8:19:36 PM org.hibernate.tool.hbm2ddl.TableMetadata <init>
INFO: HHH000037: Columns: [descripciontipodepago, nombretipodepago, idtipodepago, activotipodepago]
oct 14, 2021 8:19:36 PM org.hibernate.tool.hbm2ddl.TableMetadata <init>
INFO: HHH000261: Table found: microcosmos.tipodocumento
oct 14, 2021 8:19:36 PM org.hibernate.tool.hbm2ddl.TableMetadata <init>
INFO: HHH000037: Columns: [nombretipodocumento, descripciontipodocumento, activotipodocumento, idtipodocumento]
oct 14, 2021 8:19:36 PM org.hibernate.tool.hbm2ddl.TableMetadata <init>
INFO: HHH000261: Table found: microcosmos.usuarios
oct 14, 2021 8:19:36 PM org.hibernate.tool.hbm2ddl.TableMetadata <init>
INFO: HHH000037: Columns: [nombreusuario, idempleados, numerodeintentos, activousuario, admin, contrasena, idusuario]
oct 14, 2021 8:19:36 PM org.hibernate.tool.hbm2ddl.TableMetadata <init>
INFO: HHH000261: Table found: microcosmos.venta
oct 14, 2021 8:19:36 PM org.hibernate.tool.hbm2ddl.TableMetadata <init>
INFO: HHH000037: Columns: [numtarjeta, idtipodepago, formato, montoefectivo, idcliente, idestado, idventa, total, idempleados, impuesto, subtotal, montotarjeta, fechaventa, idparametros]
oct 14, 2021 8:19:36 PM org.hibernate.jpa.internal.EntityManagerFactoryRegistry addEntityManagerFactory
WARN: HHH000436: Entity manager factory name (DB) is already registered.  If entity manager will be clustered or passivated, specify a unique value for property 'hibernate.ejb.entitymanager_factory_name'
oct 14, 2021 8:19:36 PM org.hibernate.ejb.HibernatePersistence logDeprecation
WARN: HHH015016: Encountered a deprecated javax.persistence.spi.PersistenceProvider [org.hibernate.ejb.HibernatePersistence]; use [org.hibernate.jpa.HibernatePersistenceProvider] instead.
oct 14, 2021 8:19:36 PM org.hibernate.ejb.HibernatePersistence logDeprecation
WARN: HHH015016: Encountered a deprecated javax.persistence.spi.PersistenceProvider [org.hibernate.ejb.HibernatePersistence]; use [org.hibernate.jpa.HibernatePersistenceProvider] instead.
oct 14, 2021 8:19:36 PM org.hibernate.ejb.HibernatePersistence logDeprecation
WARN: HHH015016: Encountered a deprecated javax.persistence.spi.PersistenceProvider [org.hibernate.ejb.HibernatePersistence]; use [org.hibernate.jpa.HibernatePersistenceProvider] instead.
oct 14, 2021 8:19:37 PM org.hibernate.jpa.internal.util.LogHelper logPersistenceUnitInformation
INFO: HHH000204: Processing PersistenceUnitInfo [
	name: DB
	...]
oct 14, 2021 8:19:37 PM org.hibernate.engine.jdbc.connections.internal.DriverManagerConnectionProviderImpl configure
WARN: HHH000402: Using Hibernate built-in connection pool (not for production use!)
oct 14, 2021 8:19:37 PM org.hibernate.engine.jdbc.connections.internal.DriverManagerConnectionProviderImpl buildCreator
INFO: HHH000401: using driver [com.mysql.jdbc.Driver] at URL [jdbc:mysql://localhost:3306/Microcosmos?zeroDateTimeBehavior=convertToNull]
oct 14, 2021 8:19:37 PM org.hibernate.engine.jdbc.connections.internal.DriverManagerConnectionProviderImpl buildCreator
INFO: HHH000046: Connection properties: {user=root, password=****}
oct 14, 2021 8:19:37 PM org.hibernate.engine.jdbc.connections.internal.DriverManagerConnectionProviderImpl buildCreator
INFO: HHH000006: Autocommit mode: false
oct 14, 2021 8:19:37 PM org.hibernate.engine.jdbc.connections.internal.DriverManagerConnectionProviderImpl configure
INFO: HHH000115: Hibernate connection pool size: 20 (min=1)
oct 14, 2021 8:19:37 PM org.hibernate.dialect.Dialect <init>
INFO: HHH000400: Using dialect: org.hibernate.dialect.MySQLDialect
oct 14, 2021 8:19:37 PM org.hibernate.hql.internal.ast.ASTQueryTranslatorFactory <init>
INFO: HHH000397: Using ASTQueryTranslatorFactory
oct 14, 2021 8:19:37 PM org.hibernate.tool.hbm2ddl.SchemaValidator validate
INFO: HHH000229: Running schema validator
oct 14, 2021 8:19:37 PM org.hibernate.tool.hbm2ddl.SchemaValidator validate
INFO: HHH000102: Fetching database metadata
oct 14, 2021 8:19:37 PM org.hibernate.tool.hbm2ddl.TableMetadata <init>
INFO: HHH000261: Table found: microcosmos.arealaboral
oct 14, 2021 8:19:37 PM org.hibernate.tool.hbm2ddl.TableMetadata <init>
INFO: HHH000037: Columns: [idarealaboral, descripcionarealaboral, nombrearealaboral, activoarealaboral]
oct 14, 2021 8:19:37 PM org.hibernate.tool.hbm2ddl.TableMetadata <init>
INFO: HHH000261: Table found: microcosmos.arealaboralhistorica
oct 14, 2021 8:19:37 PM org.hibernate.tool.hbm2ddl.TableMetadata <init>
INFO: HHH000037: Columns: [idempleados, fechaconclusion, fechacomienzo, idarealaboralhistorica]
oct 14, 2021 8:19:37 PM org.hibernate.tool.hbm2ddl.TableMetadata <init>
INFO: HHH000261: Table found: microcosmos.articulo
oct 14, 2021 8:19:37 PM org.hibernate.tool.hbm2ddl.TableMetadata <init>
INFO: HHH000037: Columns: [idsecciontienda, stockmaximo, activoarticulo, nombrearticulo, stockminimo, precioarticulo, idtalla, stock, descripcionarticulo, idarticulo]
oct 14, 2021 8:19:37 PM org.hibernate.tool.hbm2ddl.TableMetadata <init>
INFO: HHH000261: Table found: microcosmos.clientes
oct 14, 2021 8:19:37 PM org.hibernate.tool.hbm2ddl.TableMetadata <init>
INFO: HHH000037: Columns: [telefonocliente, direccioncliente, idtipodocumento, idsexo, documento, activocliente, idcliente, nombrecliente, apellidocliente, correocliente]
oct 14, 2021 8:19:37 PM org.hibernate.tool.hbm2ddl.TableMetadata <init>
INFO: HHH000261: Table found: microcosmos.compra
oct 14, 2021 8:19:37 PM org.hibernate.tool.hbm2ddl.TableMetadata <init>
INFO: HHH000037: Columns: [idcompra, fechapedido, idproveedor, idempleados, fecharecibido, totalcompra, idestado]
oct 14, 2021 8:19:37 PM org.hibernate.tool.hbm2ddl.TableMetadata <init>
INFO: HHH000261: Table found: microcosmos.detallecompra
oct 14, 2021 8:19:37 PM org.hibernate.tool.hbm2ddl.TableMetadata <init>
INFO: HHH000037: Columns: [idcompra, iddetallecompra, preciocompra, cantidad, idarticulo]
oct 14, 2021 8:19:37 PM org.hibernate.tool.hbm2ddl.TableMetadata <init>
INFO: HHH000261: Table found: microcosmos.detalleventa
oct 14, 2021 8:19:37 PM org.hibernate.tool.hbm2ddl.TableMetadata <init>
INFO: HHH000037: Columns: [idventa, iddetalleventa, cantidad, idarticulo]
oct 14, 2021 8:19:37 PM org.hibernate.tool.hbm2ddl.TableMetadata <init>
INFO: HHH000261: Table found: microcosmos.empleados
oct 14, 2021 8:19:37 PM org.hibernate.tool.hbm2ddl.TableMetadata <init>
INFO: HHH000037: Columns: [idempleados, idarealaboral, idtipodocumento, idsexo, telefonoempleado, documento, nombreempleado, correoempleado, apellidoempleado, fechadenacimiento, activoempleado]
oct 14, 2021 8:19:37 PM org.hibernate.tool.hbm2ddl.TableMetadata <init>
INFO: HHH000261: Table found: microcosmos.entidades
oct 14, 2021 8:19:37 PM org.hibernate.tool.hbm2ddl.TableMetadata <init>
INFO: HHH000037: Columns: [identidad, activoentidad, nombreentidad]
oct 14, 2021 8:19:37 PM org.hibernate.tool.hbm2ddl.TableMetadata <init>
INFO: HHH000261: Table found: microcosmos.estado
oct 14, 2021 8:19:37 PM org.hibernate.tool.hbm2ddl.TableMetadata <init>
INFO: HHH000037: Columns: [nombreestado, activoestado, identidad, descripcionestado, idestado]
oct 14, 2021 8:19:37 PM org.hibernate.tool.hbm2ddl.TableMetadata <init>
INFO: HHH000261: Table found: microcosmos.facturasdevueltas
oct 14, 2021 8:19:37 PM org.hibernate.tool.hbm2ddl.TableMetadata <init>
INFO: HHH000037: Columns: [idventa, descripcion, fechadevolucion, idempleados, idfacturadevuelta]
oct 14, 2021 8:19:37 PM org.hibernate.tool.hbm2ddl.TableMetadata <init>
INFO: HHH000261: Table found: microcosmos.parametros
oct 14, 2021 8:19:37 PM org.hibernate.tool.hbm2ddl.TableMetadata <init>
INFO: HHH000037: Columns: [facturainicial, fechaemision, facturafinal, activoparametros, fechacaducidad, cai, idparametros]
oct 14, 2021 8:19:37 PM org.hibernate.tool.hbm2ddl.TableMetadata <init>
INFO: HHH000261: Table found: microcosmos.pedidosdevueltos
oct 14, 2021 8:19:37 PM org.hibernate.tool.hbm2ddl.TableMetadata <init>
INFO: HHH000037: Columns: [idcompra, descripcion, idempleados, idpedidosdevueltos, fechaanulacion]
oct 14, 2021 8:19:37 PM org.hibernate.tool.hbm2ddl.TableMetadata <init>
INFO: HHH000261: Table found: microcosmos.preciohistorico
oct 14, 2021 8:19:37 PM org.hibernate.tool.hbm2ddl.TableMetadata <init>
INFO: HHH000037: Columns: [precio, idpreciohistorico, fechainicial, fechafinal, idarticulo, activopreciohistorico]
oct 14, 2021 8:19:37 PM org.hibernate.tool.hbm2ddl.TableMetadata <init>
INFO: HHH000261: Table found: microcosmos.proveedores
oct 14, 2021 8:19:37 PM org.hibernate.tool.hbm2ddl.TableMetadata <init>
INFO: HHH000037: Columns: [idproveedor, activoproveedor, idtipodocumento, nombreproveedor, correoproveedor, telefonoproveedor, documento, ubicacionproveedor]
oct 14, 2021 8:19:37 PM org.hibernate.tool.hbm2ddl.TableMetadata <init>
INFO: HHH000261: Table found: microcosmos.secciontienda
oct 14, 2021 8:19:37 PM org.hibernate.tool.hbm2ddl.TableMetadata <init>
INFO: HHH000037: Columns: [idsecciontienda, descripcionsecciontienda, nombresecciontienda, activosecciontienda]
oct 14, 2021 8:19:37 PM org.hibernate.tool.hbm2ddl.TableMetadata <init>
INFO: HHH000261: Table found: microcosmos.sexo
oct 14, 2021 8:19:37 PM org.hibernate.tool.hbm2ddl.TableMetadata <init>
INFO: HHH000037: Columns: [idsexo, nombresexo, descripcionsexo]
oct 14, 2021 8:19:37 PM org.hibernate.tool.hbm2ddl.TableMetadata <init>
INFO: HHH000261: Table found: microcosmos.talla
oct 14, 2021 8:19:37 PM org.hibernate.tool.hbm2ddl.TableMetadata <init>
INFO: HHH000037: Columns: [activotalla, nombretalla, descripciontalla, idtalla]
oct 14, 2021 8:19:37 PM org.hibernate.tool.hbm2ddl.TableMetadata <init>
INFO: HHH000261: Table found: microcosmos.tipodepago
oct 14, 2021 8:19:37 PM org.hibernate.tool.hbm2ddl.TableMetadata <init>
INFO: HHH000037: Columns: [descripciontipodepago, nombretipodepago, idtipodepago, activotipodepago]
oct 14, 2021 8:19:37 PM org.hibernate.tool.hbm2ddl.TableMetadata <init>
INFO: HHH000261: Table found: microcosmos.tipodocumento
oct 14, 2021 8:19:37 PM org.hibernate.tool.hbm2ddl.TableMetadata <init>
INFO: HHH000037: Columns: [nombretipodocumento, descripciontipodocumento, activotipodocumento, idtipodocumento]
oct 14, 2021 8:19:37 PM org.hibernate.tool.hbm2ddl.TableMetadata <init>
INFO: HHH000261: Table found: microcosmos.usuarios
oct 14, 2021 8:19:37 PM org.hibernate.tool.hbm2ddl.TableMetadata <init>
INFO: HHH000037: Columns: [nombreusuario, idempleados, numerodeintentos, activousuario, admin, contrasena, idusuario]
oct 14, 2021 8:19:37 PM org.hibernate.tool.hbm2ddl.TableMetadata <init>
INFO: HHH000261: Table found: microcosmos.venta
oct 14, 2021 8:19:37 PM org.hibernate.tool.hbm2ddl.TableMetadata <init>
INFO: HHH000037: Columns: [numtarjeta, idtipodepago, formato, montoefectivo, idcliente, idestado, idventa, total, idempleados, impuesto, subtotal, montotarjeta, fechaventa, idparametros]
oct 14, 2021 8:19:37 PM org.hibernate.jpa.internal.EntityManagerFactoryRegistry addEntityManagerFactory
WARN: HHH000436: Entity manager factory name (DB) is already registered.  If entity manager will be clustered or passivated, specify a unique value for property 'hibernate.ejb.entitymanager_factory_name'
oct 14, 2021 8:19:37 PM org.hibernate.ejb.HibernatePersistence logDeprecation
WARN: HHH015016: Encountered a deprecated javax.persistence.spi.PersistenceProvider [org.hibernate.ejb.HibernatePersistence]; use [org.hibernate.jpa.HibernatePersistenceProvider] instead.
oct 14, 2021 8:19:37 PM org.hibernate.ejb.HibernatePersistence logDeprecation
WARN: HHH015016: Encountered a deprecated javax.persistence.spi.PersistenceProvider [org.hibernate.ejb.HibernatePersistence]; use [org.hibernate.jpa.HibernatePersistenceProvider] instead.
oct 14, 2021 8:19:37 PM org.hibernate.ejb.HibernatePersistence logDeprecation
WARN: HHH015016: Encountered a deprecated javax.persistence.spi.PersistenceProvider [org.hibernate.ejb.HibernatePersistence]; use [org.hibernate.jpa.HibernatePersistenceProvider] instead.
oct 14, 2021 8:19:37 PM org.hibernate.jpa.internal.util.LogHelper logPersistenceUnitInformation
INFO: HHH000204: Processing PersistenceUnitInfo [
	name: DB
	...]
oct 14, 2021 8:19:37 PM org.hibernate.engine.jdbc.connections.internal.DriverManagerConnectionProviderImpl configure
WARN: HHH000402: Using Hibernate built-in connection pool (not for production use!)
oct 14, 2021 8:19:37 PM org.hibernate.engine.jdbc.connections.internal.DriverManagerConnectionProviderImpl buildCreator
INFO: HHH000401: using driver [com.mysql.jdbc.Driver] at URL [jdbc:mysql://localhost:3306/Microcosmos?zeroDateTimeBehavior=convertToNull]
oct 14, 2021 8:19:37 PM org.hibernate.engine.jdbc.connections.internal.DriverManagerConnectionProviderImpl buildCreator
INFO: HHH000046: Connection properties: {user=root, password=****}
oct 14, 2021 8:19:37 PM org.hibernate.engine.jdbc.connections.internal.DriverManagerConnectionProviderImpl buildCreator
INFO: HHH000006: Autocommit mode: false
oct 14, 2021 8:19:37 PM org.hibernate.engine.jdbc.connections.internal.DriverManagerConnectionProviderImpl configure
INFO: HHH000115: Hibernate connection pool size: 20 (min=1)
oct 14, 2021 8:19:37 PM org.hibernate.dialect.Dialect <init>
INFO: HHH000400: Using dialect: org.hibernate.dialect.MySQLDialect
oct 14, 2021 8:19:37 PM org.hibernate.hql.internal.ast.ASTQueryTranslatorFactory <init>
INFO: HHH000397: Using ASTQueryTranslatorFactory
oct 14, 2021 8:19:37 PM org.hibernate.tool.hbm2ddl.SchemaValidator validate
INFO: HHH000229: Running schema validator
oct 14, 2021 8:19:37 PM org.hibernate.tool.hbm2ddl.SchemaValidator validate
INFO: HHH000102: Fetching database metadata
oct 14, 2021 8:19:37 PM org.hibernate.tool.hbm2ddl.TableMetadata <init>
INFO: HHH000261: Table found: microcosmos.arealaboral
oct 14, 2021 8:19:37 PM org.hibernate.tool.hbm2ddl.TableMetadata <init>
INFO: HHH000037: Columns: [idarealaboral, descripcionarealaboral, nombrearealaboral, activoarealaboral]
oct 14, 2021 8:19:37 PM org.hibernate.tool.hbm2ddl.TableMetadata <init>
INFO: HHH000261: Table found: microcosmos.arealaboralhistorica
oct 14, 2021 8:19:37 PM org.hibernate.tool.hbm2ddl.TableMetadata <init>
INFO: HHH000037: Columns: [idempleados, fechaconclusion, fechacomienzo, idarealaboralhistorica]
oct 14, 2021 8:19:37 PM org.hibernate.tool.hbm2ddl.TableMetadata <init>
INFO: HHH000261: Table found: microcosmos.articulo
oct 14, 2021 8:19:37 PM org.hibernate.tool.hbm2ddl.TableMetadata <init>
INFO: HHH000037: Columns: [idsecciontienda, stockmaximo, activoarticulo, nombrearticulo, stockminimo, precioarticulo, idtalla, stock, descripcionarticulo, idarticulo]
oct 14, 2021 8:19:37 PM org.hibernate.tool.hbm2ddl.TableMetadata <init>
INFO: HHH000261: Table found: microcosmos.clientes
oct 14, 2021 8:19:37 PM org.hibernate.tool.hbm2ddl.TableMetadata <init>
INFO: HHH000037: Columns: [telefonocliente, direccioncliente, idtipodocumento, idsexo, documento, activocliente, idcliente, nombrecliente, apellidocliente, correocliente]
oct 14, 2021 8:19:37 PM org.hibernate.tool.hbm2ddl.TableMetadata <init>
INFO: HHH000261: Table found: microcosmos.compra
oct 14, 2021 8:19:37 PM org.hibernate.tool.hbm2ddl.TableMetadata <init>
INFO: HHH000037: Columns: [idcompra, fechapedido, idproveedor, idempleados, fecharecibido, totalcompra, idestado]
oct 14, 2021 8:19:37 PM org.hibernate.tool.hbm2ddl.TableMetadata <init>
INFO: HHH000261: Table found: microcosmos.detallecompra
oct 14, 2021 8:19:37 PM org.hibernate.tool.hbm2ddl.TableMetadata <init>
INFO: HHH000037: Columns: [idcompra, iddetallecompra, preciocompra, cantidad, idarticulo]
oct 14, 2021 8:19:37 PM org.hibernate.tool.hbm2ddl.TableMetadata <init>
INFO: HHH000261: Table found: microcosmos.detalleventa
oct 14, 2021 8:19:37 PM org.hibernate.tool.hbm2ddl.TableMetadata <init>
INFO: HHH000037: Columns: [idventa, iddetalleventa, cantidad, idarticulo]
oct 14, 2021 8:19:37 PM org.hibernate.tool.hbm2ddl.TableMetadata <init>
INFO: HHH000261: Table found: microcosmos.empleados
oct 14, 2021 8:19:37 PM org.hibernate.tool.hbm2ddl.TableMetadata <init>
INFO: HHH000037: Columns: [idempleados, idarealaboral, idtipodocumento, idsexo, telefonoempleado, documento, nombreempleado, correoempleado, apellidoempleado, fechadenacimiento, activoempleado]
oct 14, 2021 8:19:37 PM org.hibernate.tool.hbm2ddl.TableMetadata <init>
INFO: HHH000261: Table found: microcosmos.entidades
oct 14, 2021 8:19:37 PM org.hibernate.tool.hbm2ddl.TableMetadata <init>
INFO: HHH000037: Columns: [identidad, activoentidad, nombreentidad]
oct 14, 2021 8:19:37 PM org.hibernate.tool.hbm2ddl.TableMetadata <init>
INFO: HHH000261: Table found: microcosmos.estado
oct 14, 2021 8:19:37 PM org.hibernate.tool.hbm2ddl.TableMetadata <init>
INFO: HHH000037: Columns: [nombreestado, activoestado, identidad, descripcionestado, idestado]
oct 14, 2021 8:19:37 PM org.hibernate.tool.hbm2ddl.TableMetadata <init>
INFO: HHH000261: Table found: microcosmos.facturasdevueltas
oct 14, 2021 8:19:37 PM org.hibernate.tool.hbm2ddl.TableMetadata <init>
INFO: HHH000037: Columns: [idventa, descripcion, fechadevolucion, idempleados, idfacturadevuelta]
oct 14, 2021 8:19:37 PM org.hibernate.tool.hbm2ddl.TableMetadata <init>
INFO: HHH000261: Table found: microcosmos.parametros
oct 14, 2021 8:19:37 PM org.hibernate.tool.hbm2ddl.TableMetadata <init>
INFO: HHH000037: Columns: [facturainicial, fechaemision, facturafinal, activoparametros, fechacaducidad, cai, idparametros]
oct 14, 2021 8:19:37 PM org.hibernate.tool.hbm2ddl.TableMetadata <init>
INFO: HHH000261: Table found: microcosmos.pedidosdevueltos
oct 14, 2021 8:19:37 PM org.hibernate.tool.hbm2ddl.TableMetadata <init>
INFO: HHH000037: Columns: [idcompra, descripcion, idempleados, idpedidosdevueltos, fechaanulacion]
oct 14, 2021 8:19:37 PM org.hibernate.tool.hbm2ddl.TableMetadata <init>
INFO: HHH000261: Table found: microcosmos.preciohistorico
oct 14, 2021 8:19:37 PM org.hibernate.tool.hbm2ddl.TableMetadata <init>
INFO: HHH000037: Columns: [precio, idpreciohistorico, fechainicial, fechafinal, idarticulo, activopreciohistorico]
oct 14, 2021 8:19:37 PM org.hibernate.tool.hbm2ddl.TableMetadata <init>
INFO: HHH000261: Table found: microcosmos.proveedores
oct 14, 2021 8:19:37 PM org.hibernate.tool.hbm2ddl.TableMetadata <init>
INFO: HHH000037: Columns: [idproveedor, activoproveedor, idtipodocumento, nombreproveedor, correoproveedor, telefonoproveedor, documento, ubicacionproveedor]
oct 14, 2021 8:19:37 PM org.hibernate.tool.hbm2ddl.TableMetadata <init>
INFO: HHH000261: Table found: microcosmos.secciontienda
oct 14, 2021 8:19:37 PM org.hibernate.tool.hbm2ddl.TableMetadata <init>
INFO: HHH000037: Columns: [idsecciontienda, descripcionsecciontienda, nombresecciontienda, activosecciontienda]
oct 14, 2021 8:19:37 PM org.hibernate.tool.hbm2ddl.TableMetadata <init>
INFO: HHH000261: Table found: microcosmos.sexo
oct 14, 2021 8:19:37 PM org.hibernate.tool.hbm2ddl.TableMetadata <init>
INFO: HHH000037: Columns: [idsexo, nombresexo, descripcionsexo]
oct 14, 2021 8:19:37 PM org.hibernate.tool.hbm2ddl.TableMetadata <init>
INFO: HHH000261: Table found: microcosmos.talla
oct 14, 2021 8:19:37 PM org.hibernate.tool.hbm2ddl.TableMetadata <init>
INFO: HHH000037: Columns: [activotalla, nombretalla, descripciontalla, idtalla]
oct 14, 2021 8:19:37 PM org.hibernate.tool.hbm2ddl.TableMetadata <init>
INFO: HHH000261: Table found: microcosmos.tipodepago
oct 14, 2021 8:19:37 PM org.hibernate.tool.hbm2ddl.TableMetadata <init>
INFO: HHH000037: Columns: [descripciontipodepago, nombretipodepago, idtipodepago, activotipodepago]
oct 14, 2021 8:19:37 PM org.hibernate.tool.hbm2ddl.TableMetadata <init>
INFO: HHH000261: Table found: microcosmos.tipodocumento
oct 14, 2021 8:19:37 PM org.hibernate.tool.hbm2ddl.TableMetadata <init>
INFO: HHH000037: Columns: [nombretipodocumento, descripciontipodocumento, activotipodocumento, idtipodocumento]
oct 14, 2021 8:19:37 PM org.hibernate.tool.hbm2ddl.TableMetadata <init>
INFO: HHH000261: Table found: microcosmos.usuarios
oct 14, 2021 8:19:37 PM org.hibernate.tool.hbm2ddl.TableMetadata <init>
INFO: HHH000037: Columns: [nombreusuario, idempleados, numerodeintentos, activousuario, admin, contrasena, idusuario]
oct 14, 2021 8:19:37 PM org.hibernate.tool.hbm2ddl.TableMetadata <init>
INFO: HHH000261: Table found: microcosmos.venta
oct 14, 2021 8:19:37 PM org.hibernate.tool.hbm2ddl.TableMetadata <init>
INFO: HHH000037: Columns: [numtarjeta, idtipodepago, formato, montoefectivo, idcliente, idestado, idventa, total, idempleados, impuesto, subtotal, montotarjeta, fechaventa, idparametros]
oct 14, 2021 8:19:37 PM org.hibernate.jpa.internal.EntityManagerFactoryRegistry addEntityManagerFactory
WARN: HHH000436: Entity manager factory name (DB) is already registered.  If entity manager will be clustered or passivated, specify a unique value for property 'hibernate.ejb.entitymanager_factory_name'
oct 14, 2021 8:19:37 PM org.hibernate.ejb.HibernatePersistence logDeprecation
WARN: HHH015016: Encountered a deprecated javax.persistence.spi.PersistenceProvider [org.hibernate.ejb.HibernatePersistence]; use [org.hibernate.jpa.HibernatePersistenceProvider] instead.
oct 14, 2021 8:19:37 PM org.hibernate.ejb.HibernatePersistence logDeprecation
WARN: HHH015016: Encountered a deprecated javax.persistence.spi.PersistenceProvider [org.hibernate.ejb.HibernatePersistence]; use [org.hibernate.jpa.HibernatePersistenceProvider] instead.
oct 14, 2021 8:19:37 PM org.hibernate.ejb.HibernatePersistence logDeprecation
WARN: HHH015016: Encountered a deprecated javax.persistence.spi.PersistenceProvider [org.hibernate.ejb.HibernatePersistence]; use [org.hibernate.jpa.HibernatePersistenceProvider] instead.
oct 14, 2021 8:19:37 PM org.hibernate.jpa.internal.util.LogHelper logPersistenceUnitInformation
INFO: HHH000204: Processing PersistenceUnitInfo [
	name: DB
	...]
oct 14, 2021 8:19:37 PM org.hibernate.engine.jdbc.connections.internal.DriverManagerConnectionProviderImpl configure
WARN: HHH000402: Using Hibernate built-in connection pool (not for production use!)
oct 14, 2021 8:19:37 PM org.hibernate.engine.jdbc.connections.internal.DriverManagerConnectionProviderImpl buildCreator
INFO: HHH000401: using driver [com.mysql.jdbc.Driver] at URL [jdbc:mysql://localhost:3306/Microcosmos?zeroDateTimeBehavior=convertToNull]
oct 14, 2021 8:19:37 PM org.hibernate.engine.jdbc.connections.internal.DriverManagerConnectionProviderImpl buildCreator
INFO: HHH000046: Connection properties: {user=root, password=****}
oct 14, 2021 8:19:37 PM org.hibernate.engine.jdbc.connections.internal.DriverManagerConnectionProviderImpl buildCreator
INFO: HHH000006: Autocommit mode: false
oct 14, 2021 8:19:37 PM org.hibernate.engine.jdbc.connections.internal.DriverManagerConnectionProviderImpl configure
INFO: HHH000115: Hibernate connection pool size: 20 (min=1)
oct 14, 2021 8:19:37 PM org.hibernate.dialect.Dialect <init>
INFO: HHH000400: Using dialect: org.hibernate.dialect.MySQLDialect
oct 14, 2021 8:19:37 PM org.hibernate.hql.internal.ast.ASTQueryTranslatorFactory <init>
INFO: HHH000397: Using ASTQueryTranslatorFactory
oct 14, 2021 8:19:37 PM org.hibernate.tool.hbm2ddl.SchemaValidator validate
INFO: HHH000229: Running schema validator
oct 14, 2021 8:19:37 PM org.hibernate.tool.hbm2ddl.SchemaValidator validate
INFO: HHH000102: Fetching database metadata
oct 14, 2021 8:19:37 PM org.hibernate.tool.hbm2ddl.TableMetadata <init>
INFO: HHH000261: Table found: microcosmos.arealaboral
oct 14, 2021 8:19:37 PM org.hibernate.tool.hbm2ddl.TableMetadata <init>
INFO: HHH000037: Columns: [idarealaboral, descripcionarealaboral, nombrearealaboral, activoarealaboral]
oct 14, 2021 8:19:37 PM org.hibernate.tool.hbm2ddl.TableMetadata <init>
INFO: HHH000261: Table found: microcosmos.arealaboralhistorica
oct 14, 2021 8:19:37 PM org.hibernate.tool.hbm2ddl.TableMetadata <init>
INFO: HHH000037: Columns: [idempleados, fechaconclusion, fechacomienzo, idarealaboralhistorica]
oct 14, 2021 8:19:37 PM org.hibernate.tool.hbm2ddl.TableMetadata <init>
INFO: HHH000261: Table found: microcosmos.articulo
oct 14, 2021 8:19:37 PM org.hibernate.tool.hbm2ddl.TableMetadata <init>
INFO: HHH000037: Columns: [idsecciontienda, stockmaximo, activoarticulo, nombrearticulo, stockminimo, precioarticulo, idtalla, stock, descripcionarticulo, idarticulo]
oct 14, 2021 8:19:37 PM org.hibernate.tool.hbm2ddl.TableMetadata <init>
INFO: HHH000261: Table found: microcosmos.clientes
oct 14, 2021 8:19:37 PM org.hibernate.tool.hbm2ddl.TableMetadata <init>
INFO: HHH000037: Columns: [telefonocliente, direccioncliente, idtipodocumento, idsexo, documento, activocliente, idcliente, nombrecliente, apellidocliente, correocliente]
oct 14, 2021 8:19:37 PM org.hibernate.tool.hbm2ddl.TableMetadata <init>
INFO: HHH000261: Table found: microcosmos.compra
oct 14, 2021 8:19:37 PM org.hibernate.tool.hbm2ddl.TableMetadata <init>
INFO: HHH000037: Columns: [idcompra, fechapedido, idproveedor, idempleados, fecharecibido, totalcompra, idestado]
oct 14, 2021 8:19:37 PM org.hibernate.tool.hbm2ddl.TableMetadata <init>
INFO: HHH000261: Table found: microcosmos.detallecompra
oct 14, 2021 8:19:37 PM org.hibernate.tool.hbm2ddl.TableMetadata <init>
INFO: HHH000037: Columns: [idcompra, iddetallecompra, preciocompra, cantidad, idarticulo]
oct 14, 2021 8:19:37 PM org.hibernate.tool.hbm2ddl.TableMetadata <init>
INFO: HHH000261: Table found: microcosmos.detalleventa
oct 14, 2021 8:19:37 PM org.hibernate.tool.hbm2ddl.TableMetadata <init>
INFO: HHH000037: Columns: [idventa, iddetalleventa, cantidad, idarticulo]
oct 14, 2021 8:19:37 PM org.hibernate.tool.hbm2ddl.TableMetadata <init>
INFO: HHH000261: Table found: microcosmos.empleados
oct 14, 2021 8:19:37 PM org.hibernate.tool.hbm2ddl.TableMetadata <init>
INFO: HHH000037: Columns: [idempleados, idarealaboral, idtipodocumento, idsexo, telefonoempleado, documento, nombreempleado, correoempleado, apellidoempleado, fechadenacimiento, activoempleado]
oct 14, 2021 8:19:37 PM org.hibernate.tool.hbm2ddl.TableMetadata <init>
INFO: HHH000261: Table found: microcosmos.entidades
oct 14, 2021 8:19:37 PM org.hibernate.tool.hbm2ddl.TableMetadata <init>
INFO: HHH000037: Columns: [identidad, activoentidad, nombreentidad]
oct 14, 2021 8:19:37 PM org.hibernate.tool.hbm2ddl.TableMetadata <init>
INFO: HHH000261: Table found: microcosmos.estado
oct 14, 2021 8:19:37 PM org.hibernate.tool.hbm2ddl.TableMetadata <init>
INFO: HHH000037: Columns: [nombreestado, activoestado, identidad, descripcionestado, idestado]
oct 14, 2021 8:19:37 PM org.hibernate.tool.hbm2ddl.TableMetadata <init>
INFO: HHH000261: Table found: microcosmos.facturasdevueltas
oct 14, 2021 8:19:37 PM org.hibernate.tool.hbm2ddl.TableMetadata <init>
INFO: HHH000037: Columns: [idventa, descripcion, fechadevolucion, idempleados, idfacturadevuelta]
oct 14, 2021 8:19:37 PM org.hibernate.tool.hbm2ddl.TableMetadata <init>
INFO: HHH000261: Table found: microcosmos.parametros
oct 14, 2021 8:19:37 PM org.hibernate.tool.hbm2ddl.TableMetadata <init>
INFO: HHH000037: Columns: [facturainicial, fechaemision, facturafinal, activoparametros, fechacaducidad, cai, idparametros]
oct 14, 2021 8:19:37 PM org.hibernate.tool.hbm2ddl.TableMetadata <init>
INFO: HHH000261: Table found: microcosmos.pedidosdevueltos
oct 14, 2021 8:19:37 PM org.hibernate.tool.hbm2ddl.TableMetadata <init>
INFO: HHH000037: Columns: [idcompra, descripcion, idempleados, idpedidosdevueltos, fechaanulacion]
oct 14, 2021 8:19:37 PM org.hibernate.tool.hbm2ddl.TableMetadata <init>
INFO: HHH000261: Table found: microcosmos.preciohistorico
oct 14, 2021 8:19:37 PM org.hibernate.tool.hbm2ddl.TableMetadata <init>
INFO: HHH000037: Columns: [precio, idpreciohistorico, fechainicial, fechafinal, idarticulo, activopreciohistorico]
oct 14, 2021 8:19:37 PM org.hibernate.tool.hbm2ddl.TableMetadata <init>
INFO: HHH000261: Table found: microcosmos.proveedores
oct 14, 2021 8:19:37 PM org.hibernate.tool.hbm2ddl.TableMetadata <init>
INFO: HHH000037: Columns: [idproveedor, activoproveedor, idtipodocumento, nombreproveedor, correoproveedor, telefonoproveedor, documento, ubicacionproveedor]
oct 14, 2021 8:19:37 PM org.hibernate.tool.hbm2ddl.TableMetadata <init>
INFO: HHH000261: Table found: microcosmos.secciontienda
oct 14, 2021 8:19:37 PM org.hibernate.tool.hbm2ddl.TableMetadata <init>
INFO: HHH000037: Columns: [idsecciontienda, descripcionsecciontienda, nombresecciontienda, activosecciontienda]
oct 14, 2021 8:19:37 PM org.hibernate.tool.hbm2ddl.TableMetadata <init>
INFO: HHH000261: Table found: microcosmos.sexo
oct 14, 2021 8:19:37 PM org.hibernate.tool.hbm2ddl.TableMetadata <init>
INFO: HHH000037: Columns: [idsexo, nombresexo, descripcionsexo]
oct 14, 2021 8:19:37 PM org.hibernate.tool.hbm2ddl.TableMetadata <init>
INFO: HHH000261: Table found: microcosmos.talla
oct 14, 2021 8:19:37 PM org.hibernate.tool.hbm2ddl.TableMetadata <init>
INFO: HHH000037: Columns: [activotalla, nombretalla, descripciontalla, idtalla]
oct 14, 2021 8:19:37 PM org.hibernate.tool.hbm2ddl.TableMetadata <init>
INFO: HHH000261: Table found: microcosmos.tipodepago
oct 14, 2021 8:19:37 PM org.hibernate.tool.hbm2ddl.TableMetadata <init>
INFO: HHH000037: Columns: [descripciontipodepago, nombretipodepago, idtipodepago, activotipodepago]
oct 14, 2021 8:19:37 PM org.hibernate.tool.hbm2ddl.TableMetadata <init>
INFO: HHH000261: Table found: microcosmos.tipodocumento
oct 14, 2021 8:19:37 PM org.hibernate.tool.hbm2ddl.TableMetadata <init>
INFO: HHH000037: Columns: [nombretipodocumento, descripciontipodocumento, activotipodocumento, idtipodocumento]
oct 14, 2021 8:19:37 PM org.hibernate.tool.hbm2ddl.TableMetadata <init>
INFO: HHH000261: Table found: microcosmos.usuarios
oct 14, 2021 8:19:37 PM org.hibernate.tool.hbm2ddl.TableMetadata <init>
INFO: HHH000037: Columns: [nombreusuario, idempleados, numerodeintentos, activousuario, admin, contrasena, idusuario]
oct 14, 2021 8:19:37 PM org.hibernate.tool.hbm2ddl.TableMetadata <init>
INFO: HHH000261: Table found: microcosmos.venta
oct 14, 2021 8:19:37 PM org.hibernate.tool.hbm2ddl.TableMetadata <init>
INFO: HHH000037: Columns: [numtarjeta, idtipodepago, formato, montoefectivo, idcliente, idestado, idventa, total, idempleados, impuesto, subtotal, montotarjeta, fechaventa, idparametros]
oct 14, 2021 8:19:37 PM org.hibernate.jpa.internal.EntityManagerFactoryRegistry addEntityManagerFactory
WARN: HHH000436: Entity manager factory name (DB) is already registered.  If entity manager will be clustered or passivated, specify a unique value for property 'hibernate.ejb.entitymanager_factory_name'
oct 14, 2021 8:19:37 PM org.hibernate.ejb.HibernatePersistence logDeprecation
WARN: HHH015016: Encountered a deprecated javax.persistence.spi.PersistenceProvider [org.hibernate.ejb.HibernatePersistence]; use [org.hibernate.jpa.HibernatePersistenceProvider] instead.
oct 14, 2021 8:19:37 PM org.hibernate.ejb.HibernatePersistence logDeprecation
WARN: HHH015016: Encountered a deprecated javax.persistence.spi.PersistenceProvider [org.hibernate.ejb.HibernatePersistence]; use [org.hibernate.jpa.HibernatePersistenceProvider] instead.
oct 14, 2021 8:19:37 PM org.hibernate.ejb.HibernatePersistence logDeprecation
WARN: HHH015016: Encountered a deprecated javax.persistence.spi.PersistenceProvider [org.hibernate.ejb.HibernatePersistence]; use [org.hibernate.jpa.HibernatePersistenceProvider] instead.
oct 14, 2021 8:19:37 PM org.hibernate.jpa.internal.util.LogHelper logPersistenceUnitInformation
INFO: HHH000204: Processing PersistenceUnitInfo [
	name: DB
	...]
oct 14, 2021 8:19:37 PM org.hibernate.engine.jdbc.connections.internal.DriverManagerConnectionProviderImpl configure
WARN: HHH000402: Using Hibernate built-in connection pool (not for production use!)
oct 14, 2021 8:19:37 PM org.hibernate.engine.jdbc.connections.internal.DriverManagerConnectionProviderImpl buildCreator
INFO: HHH000401: using driver [com.mysql.jdbc.Driver] at URL [jdbc:mysql://localhost:3306/Microcosmos?zeroDateTimeBehavior=convertToNull]
oct 14, 2021 8:19:37 PM org.hibernate.engine.jdbc.connections.internal.DriverManagerConnectionProviderImpl buildCreator
INFO: HHH000046: Connection properties: {user=root, password=****}
oct 14, 2021 8:19:37 PM org.hibernate.engine.jdbc.connections.internal.DriverManagerConnectionProviderImpl buildCreator
INFO: HHH000006: Autocommit mode: false
oct 14, 2021 8:19:37 PM org.hibernate.engine.jdbc.connections.internal.DriverManagerConnectionProviderImpl configure
INFO: HHH000115: Hibernate connection pool size: 20 (min=1)
oct 14, 2021 8:19:37 PM org.hibernate.dialect.Dialect <init>
INFO: HHH000400: Using dialect: org.hibernate.dialect.MySQLDialect
oct 14, 2021 8:19:37 PM org.hibernate.hql.internal.ast.ASTQueryTranslatorFactory <init>
INFO: HHH000397: Using ASTQueryTranslatorFactory
oct 14, 2021 8:19:37 PM org.hibernate.tool.hbm2ddl.SchemaValidator validate
INFO: HHH000229: Running schema validator
oct 14, 2021 8:19:37 PM org.hibernate.tool.hbm2ddl.SchemaValidator validate
INFO: HHH000102: Fetching database metadata
oct 14, 2021 8:19:37 PM org.hibernate.tool.hbm2ddl.TableMetadata <init>
INFO: HHH000261: Table found: microcosmos.arealaboral
oct 14, 2021 8:19:37 PM org.hibernate.tool.hbm2ddl.TableMetadata <init>
INFO: HHH000037: Columns: [idarealaboral, descripcionarealaboral, nombrearealaboral, activoarealaboral]
oct 14, 2021 8:19:37 PM org.hibernate.tool.hbm2ddl.TableMetadata <init>
INFO: HHH000261: Table found: microcosmos.arealaboralhistorica
oct 14, 2021 8:19:37 PM org.hibernate.tool.hbm2ddl.TableMetadata <init>
INFO: HHH000037: Columns: [idempleados, fechaconclusion, fechacomienzo, idarealaboralhistorica]
oct 14, 2021 8:19:37 PM org.hibernate.tool.hbm2ddl.TableMetadata <init>
INFO: HHH000261: Table found: microcosmos.articulo
oct 14, 2021 8:19:37 PM org.hibernate.tool.hbm2ddl.TableMetadata <init>
INFO: HHH000037: Columns: [idsecciontienda, stockmaximo, activoarticulo, nombrearticulo, stockminimo, precioarticulo, idtalla, stock, descripcionarticulo, idarticulo]
oct 14, 2021 8:19:37 PM org.hibernate.tool.hbm2ddl.TableMetadata <init>
INFO: HHH000261: Table found: microcosmos.clientes
oct 14, 2021 8:19:37 PM org.hibernate.tool.hbm2ddl.TableMetadata <init>
INFO: HHH000037: Columns: [telefonocliente, direccioncliente, idtipodocumento, idsexo, documento, activocliente, idcliente, nombrecliente, apellidocliente, correocliente]
oct 14, 2021 8:19:37 PM org.hibernate.tool.hbm2ddl.TableMetadata <init>
INFO: HHH000261: Table found: microcosmos.compra
oct 14, 2021 8:19:37 PM org.hibernate.tool.hbm2ddl.TableMetadata <init>
INFO: HHH000037: Columns: [idcompra, fechapedido, idproveedor, idempleados, fecharecibido, totalcompra, idestado]
oct 14, 2021 8:19:37 PM org.hibernate.tool.hbm2ddl.TableMetadata <init>
INFO: HHH000261: Table found: microcosmos.detallecompra
oct 14, 2021 8:19:37 PM org.hibernate.tool.hbm2ddl.TableMetadata <init>
INFO: HHH000037: Columns: [idcompra, iddetallecompra, preciocompra, cantidad, idarticulo]
oct 14, 2021 8:19:37 PM org.hibernate.tool.hbm2ddl.TableMetadata <init>
INFO: HHH000261: Table found: microcosmos.detalleventa
oct 14, 2021 8:19:37 PM org.hibernate.tool.hbm2ddl.TableMetadata <init>
INFO: HHH000037: Columns: [idventa, iddetalleventa, cantidad, idarticulo]
oct 14, 2021 8:19:37 PM org.hibernate.tool.hbm2ddl.TableMetadata <init>
INFO: HHH000261: Table found: microcosmos.empleados
oct 14, 2021 8:19:37 PM org.hibernate.tool.hbm2ddl.TableMetadata <init>
INFO: HHH000037: Columns: [idempleados, idarealaboral, idtipodocumento, idsexo, telefonoempleado, documento, nombreempleado, correoempleado, apellidoempleado, fechadenacimiento, activoempleado]
oct 14, 2021 8:19:37 PM org.hibernate.tool.hbm2ddl.TableMetadata <init>
INFO: HHH000261: Table found: microcosmos.entidades
oct 14, 2021 8:19:37 PM org.hibernate.tool.hbm2ddl.TableMetadata <init>
INFO: HHH000037: Columns: [identidad, activoentidad, nombreentidad]
oct 14, 2021 8:19:37 PM org.hibernate.tool.hbm2ddl.TableMetadata <init>
INFO: HHH000261: Table found: microcosmos.estado
oct 14, 2021 8:19:37 PM org.hibernate.tool.hbm2ddl.TableMetadata <init>
INFO: HHH000037: Columns: [nombreestado, activoestado, identidad, descripcionestado, idestado]
oct 14, 2021 8:19:37 PM org.hibernate.tool.hbm2ddl.TableMetadata <init>
INFO: HHH000261: Table found: microcosmos.facturasdevueltas
oct 14, 2021 8:19:37 PM org.hibernate.tool.hbm2ddl.TableMetadata <init>
INFO: HHH000037: Columns: [idventa, descripcion, fechadevolucion, idempleados, idfacturadevuelta]
oct 14, 2021 8:19:37 PM org.hibernate.tool.hbm2ddl.TableMetadata <init>
INFO: HHH000261: Table found: microcosmos.parametros
oct 14, 2021 8:19:37 PM org.hibernate.tool.hbm2ddl.TableMetadata <init>
INFO: HHH000037: Columns: [facturainicial, fechaemision, facturafinal, activoparametros, fechacaducidad, cai, idparametros]
oct 14, 2021 8:19:37 PM org.hibernate.tool.hbm2ddl.TableMetadata <init>
INFO: HHH000261: Table found: microcosmos.pedidosdevueltos
oct 14, 2021 8:19:37 PM org.hibernate.tool.hbm2ddl.TableMetadata <init>
INFO: HHH000037: Columns: [idcompra, descripcion, idempleados, idpedidosdevueltos, fechaanulacion]
oct 14, 2021 8:19:37 PM org.hibernate.tool.hbm2ddl.TableMetadata <init>
INFO: HHH000261: Table found: microcosmos.preciohistorico
oct 14, 2021 8:19:37 PM org.hibernate.tool.hbm2ddl.TableMetadata <init>
INFO: HHH000037: Columns: [precio, idpreciohistorico, fechainicial, fechafinal, idarticulo, activopreciohistorico]
oct 14, 2021 8:19:37 PM org.hibernate.tool.hbm2ddl.TableMetadata <init>
INFO: HHH000261: Table found: microcosmos.proveedores
oct 14, 2021 8:19:37 PM org.hibernate.tool.hbm2ddl.TableMetadata <init>
INFO: HHH000037: Columns: [idproveedor, activoproveedor, idtipodocumento, nombreproveedor, correoproveedor, telefonoproveedor, documento, ubicacionproveedor]
oct 14, 2021 8:19:37 PM org.hibernate.tool.hbm2ddl.TableMetadata <init>
INFO: HHH000261: Table found: microcosmos.secciontienda
oct 14, 2021 8:19:37 PM org.hibernate.tool.hbm2ddl.TableMetadata <init>
INFO: HHH000037: Columns: [idsecciontienda, descripcionsecciontienda, nombresecciontienda, activosecciontienda]
oct 14, 2021 8:19:37 PM org.hibernate.tool.hbm2ddl.TableMetadata <init>
INFO: HHH000261: Table found: microcosmos.sexo
oct 14, 2021 8:19:37 PM org.hibernate.tool.hbm2ddl.TableMetadata <init>
INFO: HHH000037: Columns: [idsexo, nombresexo, descripcionsexo]
oct 14, 2021 8:19:37 PM org.hibernate.tool.hbm2ddl.TableMetadata <init>
INFO: HHH000261: Table found: microcosmos.talla
oct 14, 2021 8:19:37 PM org.hibernate.tool.hbm2ddl.TableMetadata <init>
INFO: HHH000037: Columns: [activotalla, nombretalla, descripciontalla, idtalla]
oct 14, 2021 8:19:37 PM org.hibernate.tool.hbm2ddl.TableMetadata <init>
INFO: HHH000261: Table found: microcosmos.tipodepago
oct 14, 2021 8:19:37 PM org.hibernate.tool.hbm2ddl.TableMetadata <init>
INFO: HHH000037: Columns: [descripciontipodepago, nombretipodepago, idtipodepago, activotipodepago]
oct 14, 2021 8:19:37 PM org.hibernate.tool.hbm2ddl.TableMetadata <init>
INFO: HHH000261: Table found: microcosmos.tipodocumento
oct 14, 2021 8:19:37 PM org.hibernate.tool.hbm2ddl.TableMetadata <init>
INFO: HHH000037: Columns: [nombretipodocumento, descripciontipodocumento, activotipodocumento, idtipodocumento]
oct 14, 2021 8:19:37 PM org.hibernate.tool.hbm2ddl.TableMetadata <init>
INFO: HHH000261: Table found: microcosmos.usuarios
oct 14, 2021 8:19:37 PM org.hibernate.tool.hbm2ddl.TableMetadata <init>
INFO: HHH000037: Columns: [nombreusuario, idempleados, numerodeintentos, activousuario, admin, contrasena, idusuario]
oct 14, 2021 8:19:37 PM org.hibernate.tool.hbm2ddl.TableMetadata <init>
INFO: HHH000261: Table found: microcosmos.venta
oct 14, 2021 8:19:37 PM org.hibernate.tool.hbm2ddl.TableMetadata <init>
INFO: HHH000037: Columns: [numtarjeta, idtipodepago, formato, montoefectivo, idcliente, idestado, idventa, total, idempleados, impuesto, subtotal, montotarjeta, fechaventa, idparametros]
oct 14, 2021 8:19:37 PM org.hibernate.jpa.internal.EntityManagerFactoryRegistry addEntityManagerFactory
WARN: HHH000436: Entity manager factory name (DB) is already registered.  If entity manager will be clustered or passivated, specify a unique value for property 'hibernate.ejb.entitymanager_factory_name'
oct 14, 2021 8:19:37 PM org.hibernate.ejb.HibernatePersistence logDeprecation
WARN: HHH015016: Encountered a deprecated javax.persistence.spi.PersistenceProvider [org.hibernate.ejb.HibernatePersistence]; use [org.hibernate.jpa.HibernatePersistenceProvider] instead.
oct 14, 2021 8:19:37 PM org.hibernate.ejb.HibernatePersistence logDeprecation
WARN: HHH015016: Encountered a deprecated javax.persistence.spi.PersistenceProvider [org.hibernate.ejb.HibernatePersistence]; use [org.hibernate.jpa.HibernatePersistenceProvider] instead.
oct 14, 2021 8:19:37 PM org.hibernate.ejb.HibernatePersistence logDeprecation
WARN: HHH015016: Encountered a deprecated javax.persistence.spi.PersistenceProvider [org.hibernate.ejb.HibernatePersistence]; use [org.hibernate.jpa.HibernatePersistenceProvider] instead.
oct 14, 2021 8:19:37 PM org.hibernate.jpa.internal.util.LogHelper logPersistenceUnitInformation
INFO: HHH000204: Processing PersistenceUnitInfo [
	name: DB
	...]
oct 14, 2021 8:19:37 PM org.hibernate.engine.jdbc.connections.internal.DriverManagerConnectionProviderImpl configure
WARN: HHH000402: Using Hibernate built-in connection pool (not for production use!)
oct 14, 2021 8:19:37 PM org.hibernate.engine.jdbc.connections.internal.DriverManagerConnectionProviderImpl buildCreator
INFO: HHH000401: using driver [com.mysql.jdbc.Driver] at URL [jdbc:mysql://localhost:3306/Microcosmos?zeroDateTimeBehavior=convertToNull]
oct 14, 2021 8:19:37 PM org.hibernate.engine.jdbc.connections.internal.DriverManagerConnectionProviderImpl buildCreator
INFO: HHH000046: Connection properties: {user=root, password=****}
oct 14, 2021 8:19:37 PM org.hibernate.engine.jdbc.connections.internal.DriverManagerConnectionProviderImpl buildCreator
INFO: HHH000006: Autocommit mode: false
oct 14, 2021 8:19:37 PM org.hibernate.engine.jdbc.connections.internal.DriverManagerConnectionProviderImpl configure
INFO: HHH000115: Hibernate connection pool size: 20 (min=1)
oct 14, 2021 8:19:37 PM org.hibernate.dialect.Dialect <init>
INFO: HHH000400: Using dialect: org.hibernate.dialect.MySQLDialect
oct 14, 2021 8:19:37 PM org.hibernate.hql.internal.ast.ASTQueryTranslatorFactory <init>
INFO: HHH000397: Using ASTQueryTranslatorFactory
oct 14, 2021 8:19:37 PM org.hibernate.tool.hbm2ddl.SchemaValidator validate
INFO: HHH000229: Running schema validator
oct 14, 2021 8:19:37 PM org.hibernate.tool.hbm2ddl.SchemaValidator validate
INFO: HHH000102: Fetching database metadata
oct 14, 2021 8:19:37 PM org.hibernate.tool.hbm2ddl.TableMetadata <init>
INFO: HHH000261: Table found: microcosmos.arealaboral
oct 14, 2021 8:19:37 PM org.hibernate.tool.hbm2ddl.TableMetadata <init>
INFO: HHH000037: Columns: [idarealaboral, descripcionarealaboral, nombrearealaboral, activoarealaboral]
oct 14, 2021 8:19:37 PM org.hibernate.tool.hbm2ddl.TableMetadata <init>
INFO: HHH000261: Table found: microcosmos.arealaboralhistorica
oct 14, 2021 8:19:37 PM org.hibernate.tool.hbm2ddl.TableMetadata <init>
INFO: HHH000037: Columns: [idempleados, fechaconclusion, fechacomienzo, idarealaboralhistorica]
oct 14, 2021 8:19:37 PM org.hibernate.tool.hbm2ddl.TableMetadata <init>
INFO: HHH000261: Table found: microcosmos.articulo
oct 14, 2021 8:19:37 PM org.hibernate.tool.hbm2ddl.TableMetadata <init>
INFO: HHH000037: Columns: [idsecciontienda, stockmaximo, activoarticulo, nombrearticulo, stockminimo, precioarticulo, idtalla, stock, descripcionarticulo, idarticulo]
oct 14, 2021 8:19:37 PM org.hibernate.tool.hbm2ddl.TableMetadata <init>
INFO: HHH000261: Table found: microcosmos.clientes
oct 14, 2021 8:19:37 PM org.hibernate.tool.hbm2ddl.TableMetadata <init>
INFO: HHH000037: Columns: [telefonocliente, direccioncliente, idtipodocumento, idsexo, documento, activocliente, idcliente, nombrecliente, apellidocliente, correocliente]
oct 14, 2021 8:19:37 PM org.hibernate.tool.hbm2ddl.TableMetadata <init>
INFO: HHH000261: Table found: microcosmos.compra
oct 14, 2021 8:19:37 PM org.hibernate.tool.hbm2ddl.TableMetadata <init>
INFO: HHH000037: Columns: [idcompra, fechapedido, idproveedor, idempleados, fecharecibido, totalcompra, idestado]
oct 14, 2021 8:19:37 PM org.hibernate.tool.hbm2ddl.TableMetadata <init>
INFO: HHH000261: Table found: microcosmos.detallecompra
oct 14, 2021 8:19:37 PM org.hibernate.tool.hbm2ddl.TableMetadata <init>
INFO: HHH000037: Columns: [idcompra, iddetallecompra, preciocompra, cantidad, idarticulo]
oct 14, 2021 8:19:37 PM org.hibernate.tool.hbm2ddl.TableMetadata <init>
INFO: HHH000261: Table found: microcosmos.detalleventa
oct 14, 2021 8:19:37 PM org.hibernate.tool.hbm2ddl.TableMetadata <init>
INFO: HHH000037: Columns: [idventa, iddetalleventa, cantidad, idarticulo]
oct 14, 2021 8:19:37 PM org.hibernate.tool.hbm2ddl.TableMetadata <init>
INFO: HHH000261: Table found: microcosmos.empleados
oct 14, 2021 8:19:37 PM org.hibernate.tool.hbm2ddl.TableMetadata <init>
INFO: HHH000037: Columns: [idempleados, idarealaboral, idtipodocumento, idsexo, telefonoempleado, documento, nombreempleado, correoempleado, apellidoempleado, fechadenacimiento, activoempleado]
oct 14, 2021 8:19:37 PM org.hibernate.tool.hbm2ddl.TableMetadata <init>
INFO: HHH000261: Table found: microcosmos.entidades
oct 14, 2021 8:19:37 PM org.hibernate.tool.hbm2ddl.TableMetadata <init>
INFO: HHH000037: Columns: [identidad, activoentidad, nombreentidad]
oct 14, 2021 8:19:37 PM org.hibernate.tool.hbm2ddl.TableMetadata <init>
INFO: HHH000261: Table found: microcosmos.estado
oct 14, 2021 8:19:37 PM org.hibernate.tool.hbm2ddl.TableMetadata <init>
INFO: HHH000037: Columns: [nombreestado, activoestado, identidad, descripcionestado, idestado]
oct 14, 2021 8:19:37 PM org.hibernate.tool.hbm2ddl.TableMetadata <init>
INFO: HHH000261: Table found: microcosmos.facturasdevueltas
oct 14, 2021 8:19:37 PM org.hibernate.tool.hbm2ddl.TableMetadata <init>
INFO: HHH000037: Columns: [idventa, descripcion, fechadevolucion, idempleados, idfacturadevuelta]
oct 14, 2021 8:19:37 PM org.hibernate.tool.hbm2ddl.TableMetadata <init>
INFO: HHH000261: Table found: microcosmos.parametros
oct 14, 2021 8:19:37 PM org.hibernate.tool.hbm2ddl.TableMetadata <init>
INFO: HHH000037: Columns: [facturainicial, fechaemision, facturafinal, activoparametros, fechacaducidad, cai, idparametros]
oct 14, 2021 8:19:37 PM org.hibernate.tool.hbm2ddl.TableMetadata <init>
INFO: HHH000261: Table found: microcosmos.pedidosdevueltos
oct 14, 2021 8:19:37 PM org.hibernate.tool.hbm2ddl.TableMetadata <init>
INFO: HHH000037: Columns: [idcompra, descripcion, idempleados, idpedidosdevueltos, fechaanulacion]
oct 14, 2021 8:19:37 PM org.hibernate.tool.hbm2ddl.TableMetadata <init>
INFO: HHH000261: Table found: microcosmos.preciohistorico
oct 14, 2021 8:19:37 PM org.hibernate.tool.hbm2ddl.TableMetadata <init>
INFO: HHH000037: Columns: [precio, idpreciohistorico, fechainicial, fechafinal, idarticulo, activopreciohistorico]
oct 14, 2021 8:19:37 PM org.hibernate.tool.hbm2ddl.TableMetadata <init>
INFO: HHH000261: Table found: microcosmos.proveedores
oct 14, 2021 8:19:37 PM org.hibernate.tool.hbm2ddl.TableMetadata <init>
INFO: HHH000037: Columns: [idproveedor, activoproveedor, idtipodocumento, nombreproveedor, correoproveedor, telefonoproveedor, documento, ubicacionproveedor]
oct 14, 2021 8:19:37 PM org.hibernate.tool.hbm2ddl.TableMetadata <init>
INFO: HHH000261: Table found: microcosmos.secciontienda
oct 14, 2021 8:19:37 PM org.hibernate.tool.hbm2ddl.TableMetadata <init>
INFO: HHH000037: Columns: [idsecciontienda, descripcionsecciontienda, nombresecciontienda, activosecciontienda]
oct 14, 2021 8:19:37 PM org.hibernate.tool.hbm2ddl.TableMetadata <init>
INFO: HHH000261: Table found: microcosmos.sexo
oct 14, 2021 8:19:37 PM org.hibernate.tool.hbm2ddl.TableMetadata <init>
INFO: HHH000037: Columns: [idsexo, nombresexo, descripcionsexo]
oct 14, 2021 8:19:37 PM org.hibernate.tool.hbm2ddl.TableMetadata <init>
INFO: HHH000261: Table found: microcosmos.talla
oct 14, 2021 8:19:37 PM org.hibernate.tool.hbm2ddl.TableMetadata <init>
INFO: HHH000037: Columns: [activotalla, nombretalla, descripciontalla, idtalla]
oct 14, 2021 8:19:37 PM org.hibernate.tool.hbm2ddl.TableMetadata <init>
INFO: HHH000261: Table found: microcosmos.tipodepago
oct 14, 2021 8:19:37 PM org.hibernate.tool.hbm2ddl.TableMetadata <init>
INFO: HHH000037: Columns: [descripciontipodepago, nombretipodepago, idtipodepago, activotipodepago]
oct 14, 2021 8:19:37 PM org.hibernate.tool.hbm2ddl.TableMetadata <init>
INFO: HHH000261: Table found: microcosmos.tipodocumento
oct 14, 2021 8:19:37 PM org.hibernate.tool.hbm2ddl.TableMetadata <init>
INFO: HHH000037: Columns: [nombretipodocumento, descripciontipodocumento, activotipodocumento, idtipodocumento]
oct 14, 2021 8:19:37 PM org.hibernate.tool.hbm2ddl.TableMetadata <init>
INFO: HHH000261: Table found: microcosmos.usuarios
oct 14, 2021 8:19:37 PM org.hibernate.tool.hbm2ddl.TableMetadata <init>
INFO: HHH000037: Columns: [nombreusuario, idempleados, numerodeintentos, activousuario, admin, contrasena, idusuario]
oct 14, 2021 8:19:37 PM org.hibernate.tool.hbm2ddl.TableMetadata <init>
INFO: HHH000261: Table found: microcosmos.venta
oct 14, 2021 8:19:37 PM org.hibernate.tool.hbm2ddl.TableMetadata <init>
INFO: HHH000037: Columns: [numtarjeta, idtipodepago, formato, montoefectivo, idcliente, idestado, idventa, total, idempleados, impuesto, subtotal, montotarjeta, fechaventa, idparametros]
oct 14, 2021 8:19:37 PM org.hibernate.jpa.internal.EntityManagerFactoryRegistry addEntityManagerFactory
WARN: HHH000436: Entity manager factory name (DB) is already registered.  If entity manager will be clustered or passivated, specify a unique value for property 'hibernate.ejb.entitymanager_factory_name'
oct 14, 2021 8:19:37 PM org.hibernate.ejb.HibernatePersistence logDeprecation
WARN: HHH015016: Encountered a deprecated javax.persistence.spi.PersistenceProvider [org.hibernate.ejb.HibernatePersistence]; use [org.hibernate.jpa.HibernatePersistenceProvider] instead.
oct 14, 2021 8:19:37 PM org.hibernate.ejb.HibernatePersistence logDeprecation
WARN: HHH015016: Encountered a deprecated javax.persistence.spi.PersistenceProvider [org.hibernate.ejb.HibernatePersistence]; use [org.hibernate.jpa.HibernatePersistenceProvider] instead.
oct 14, 2021 8:19:37 PM org.hibernate.ejb.HibernatePersistence logDeprecation
WARN: HHH015016: Encountered a deprecated javax.persistence.spi.PersistenceProvider [org.hibernate.ejb.HibernatePersistence]; use [org.hibernate.jpa.HibernatePersistenceProvider] instead.
oct 14, 2021 8:19:37 PM org.hibernate.jpa.internal.util.LogHelper logPersistenceUnitInformation
INFO: HHH000204: Processing PersistenceUnitInfo [
	name: DB
	...]
oct 14, 2021 8:19:37 PM org.hibernate.engine.jdbc.connections.internal.DriverManagerConnectionProviderImpl configure
WARN: HHH000402: Using Hibernate built-in connection pool (not for production use!)
oct 14, 2021 8:19:37 PM org.hibernate.engine.jdbc.connections.internal.DriverManagerConnectionProviderImpl buildCreator
INFO: HHH000401: using driver [com.mysql.jdbc.Driver] at URL [jdbc:mysql://localhost:3306/Microcosmos?zeroDateTimeBehavior=convertToNull]
oct 14, 2021 8:19:37 PM org.hibernate.engine.jdbc.connections.internal.DriverManagerConnectionProviderImpl buildCreator
INFO: HHH000046: Connection properties: {user=root, password=****}
oct 14, 2021 8:19:37 PM org.hibernate.engine.jdbc.connections.internal.DriverManagerConnectionProviderImpl buildCreator
INFO: HHH000006: Autocommit mode: false
oct 14, 2021 8:19:37 PM org.hibernate.engine.jdbc.connections.internal.DriverManagerConnectionProviderImpl configure
INFO: HHH000115: Hibernate connection pool size: 20 (min=1)
oct 14, 2021 8:19:37 PM org.hibernate.dialect.Dialect <init>
INFO: HHH000400: Using dialect: org.hibernate.dialect.MySQLDialect
oct 14, 2021 8:19:37 PM org.hibernate.hql.internal.ast.ASTQueryTranslatorFactory <init>
INFO: HHH000397: Using ASTQueryTranslatorFactory
oct 14, 2021 8:19:37 PM org.hibernate.tool.hbm2ddl.SchemaValidator validate
INFO: HHH000229: Running schema validator
oct 14, 2021 8:19:37 PM org.hibernate.tool.hbm2ddl.SchemaValidator validate
INFO: HHH000102: Fetching database metadata
oct 14, 2021 8:19:38 PM org.hibernate.tool.hbm2ddl.TableMetadata <init>
INFO: HHH000261: Table found: microcosmos.arealaboral
oct 14, 2021 8:19:38 PM org.hibernate.tool.hbm2ddl.TableMetadata <init>
INFO: HHH000037: Columns: [idarealaboral, descripcionarealaboral, nombrearealaboral, activoarealaboral]
oct 14, 2021 8:19:38 PM org.hibernate.tool.hbm2ddl.TableMetadata <init>
INFO: HHH000261: Table found: microcosmos.arealaboralhistorica
oct 14, 2021 8:19:38 PM org.hibernate.tool.hbm2ddl.TableMetadata <init>
INFO: HHH000037: Columns: [idempleados, fechaconclusion, fechacomienzo, idarealaboralhistorica]
oct 14, 2021 8:19:38 PM org.hibernate.tool.hbm2ddl.TableMetadata <init>
INFO: HHH000261: Table found: microcosmos.articulo
oct 14, 2021 8:19:38 PM org.hibernate.tool.hbm2ddl.TableMetadata <init>
INFO: HHH000037: Columns: [idsecciontienda, stockmaximo, activoarticulo, nombrearticulo, stockminimo, precioarticulo, idtalla, stock, descripcionarticulo, idarticulo]
oct 14, 2021 8:19:38 PM org.hibernate.tool.hbm2ddl.TableMetadata <init>
INFO: HHH000261: Table found: microcosmos.clientes
oct 14, 2021 8:19:38 PM org.hibernate.tool.hbm2ddl.TableMetadata <init>
INFO: HHH000037: Columns: [telefonocliente, direccioncliente, idtipodocumento, idsexo, documento, activocliente, idcliente, nombrecliente, apellidocliente, correocliente]
oct 14, 2021 8:19:38 PM org.hibernate.tool.hbm2ddl.TableMetadata <init>
INFO: HHH000261: Table found: microcosmos.compra
oct 14, 2021 8:19:38 PM org.hibernate.tool.hbm2ddl.TableMetadata <init>
INFO: HHH000037: Columns: [idcompra, fechapedido, idproveedor, idempleados, fecharecibido, totalcompra, idestado]
oct 14, 2021 8:19:38 PM org.hibernate.tool.hbm2ddl.TableMetadata <init>
INFO: HHH000261: Table found: microcosmos.detallecompra
oct 14, 2021 8:19:38 PM org.hibernate.tool.hbm2ddl.TableMetadata <init>
INFO: HHH000037: Columns: [idcompra, iddetallecompra, preciocompra, cantidad, idarticulo]
oct 14, 2021 8:19:38 PM org.hibernate.tool.hbm2ddl.TableMetadata <init>
INFO: HHH000261: Table found: microcosmos.detalleventa
oct 14, 2021 8:19:38 PM org.hibernate.tool.hbm2ddl.TableMetadata <init>
INFO: HHH000037: Columns: [idventa, iddetalleventa, cantidad, idarticulo]
oct 14, 2021 8:19:38 PM org.hibernate.tool.hbm2ddl.TableMetadata <init>
INFO: HHH000261: Table found: microcosmos.empleados
oct 14, 2021 8:19:38 PM org.hibernate.tool.hbm2ddl.TableMetadata <init>
INFO: HHH000037: Columns: [idempleados, idarealaboral, idtipodocumento, idsexo, telefonoempleado, documento, nombreempleado, correoempleado, apellidoempleado, fechadenacimiento, activoempleado]
oct 14, 2021 8:19:38 PM org.hibernate.tool.hbm2ddl.TableMetadata <init>
INFO: HHH000261: Table found: microcosmos.entidades
oct 14, 2021 8:19:38 PM org.hibernate.tool.hbm2ddl.TableMetadata <init>
INFO: HHH000037: Columns: [identidad, activoentidad, nombreentidad]
oct 14, 2021 8:19:38 PM org.hibernate.tool.hbm2ddl.TableMetadata <init>
INFO: HHH000261: Table found: microcosmos.estado
oct 14, 2021 8:19:38 PM org.hibernate.tool.hbm2ddl.TableMetadata <init>
INFO: HHH000037: Columns: [nombreestado, activoestado, identidad, descripcionestado, idestado]
oct 14, 2021 8:19:38 PM org.hibernate.tool.hbm2ddl.TableMetadata <init>
INFO: HHH000261: Table found: microcosmos.facturasdevueltas
oct 14, 2021 8:19:38 PM org.hibernate.tool.hbm2ddl.TableMetadata <init>
INFO: HHH000037: Columns: [idventa, descripcion, fechadevolucion, idempleados, idfacturadevuelta]
oct 14, 2021 8:19:38 PM org.hibernate.tool.hbm2ddl.TableMetadata <init>
INFO: HHH000261: Table found: microcosmos.parametros
oct 14, 2021 8:19:38 PM org.hibernate.tool.hbm2ddl.TableMetadata <init>
INFO: HHH000037: Columns: [facturainicial, fechaemision, facturafinal, activoparametros, fechacaducidad, cai, idparametros]
oct 14, 2021 8:19:38 PM org.hibernate.tool.hbm2ddl.TableMetadata <init>
INFO: HHH000261: Table found: microcosmos.pedidosdevueltos
oct 14, 2021 8:19:38 PM org.hibernate.tool.hbm2ddl.TableMetadata <init>
INFO: HHH000037: Columns: [idcompra, descripcion, idempleados, idpedidosdevueltos, fechaanulacion]
oct 14, 2021 8:19:38 PM org.hibernate.tool.hbm2ddl.TableMetadata <init>
INFO: HHH000261: Table found: microcosmos.preciohistorico
oct 14, 2021 8:19:38 PM org.hibernate.tool.hbm2ddl.TableMetadata <init>
INFO: HHH000037: Columns: [precio, idpreciohistorico, fechainicial, fechafinal, idarticulo, activopreciohistorico]
oct 14, 2021 8:19:38 PM org.hibernate.tool.hbm2ddl.TableMetadata <init>
INFO: HHH000261: Table found: microcosmos.proveedores
oct 14, 2021 8:19:38 PM org.hibernate.tool.hbm2ddl.TableMetadata <init>
INFO: HHH000037: Columns: [idproveedor, activoproveedor, idtipodocumento, nombreproveedor, correoproveedor, telefonoproveedor, documento, ubicacionproveedor]
oct 14, 2021 8:19:38 PM org.hibernate.tool.hbm2ddl.TableMetadata <init>
INFO: HHH000261: Table found: microcosmos.secciontienda
oct 14, 2021 8:19:38 PM org.hibernate.tool.hbm2ddl.TableMetadata <init>
INFO: HHH000037: Columns: [idsecciontienda, descripcionsecciontienda, nombresecciontienda, activosecciontienda]
oct 14, 2021 8:19:38 PM org.hibernate.tool.hbm2ddl.TableMetadata <init>
INFO: HHH000261: Table found: microcosmos.sexo
oct 14, 2021 8:19:38 PM org.hibernate.tool.hbm2ddl.TableMetadata <init>
INFO: HHH000037: Columns: [idsexo, nombresexo, descripcionsexo]
oct 14, 2021 8:19:38 PM org.hibernate.tool.hbm2ddl.TableMetadata <init>
INFO: HHH000261: Table found: microcosmos.talla
oct 14, 2021 8:19:38 PM org.hibernate.tool.hbm2ddl.TableMetadata <init>
INFO: HHH000037: Columns: [activotalla, nombretalla, descripciontalla, idtalla]
oct 14, 2021 8:19:38 PM org.hibernate.tool.hbm2ddl.TableMetadata <init>
INFO: HHH000261: Table found: microcosmos.tipodepago
oct 14, 2021 8:19:38 PM org.hibernate.tool.hbm2ddl.TableMetadata <init>
INFO: HHH000037: Columns: [descripciontipodepago, nombretipodepago, idtipodepago, activotipodepago]
oct 14, 2021 8:19:38 PM org.hibernate.tool.hbm2ddl.TableMetadata <init>
INFO: HHH000261: Table found: microcosmos.tipodocumento
oct 14, 2021 8:19:38 PM org.hibernate.tool.hbm2ddl.TableMetadata <init>
INFO: HHH000037: Columns: [nombretipodocumento, descripciontipodocumento, activotipodocumento, idtipodocumento]
oct 14, 2021 8:19:38 PM org.hibernate.tool.hbm2ddl.TableMetadata <init>
INFO: HHH000261: Table found: microcosmos.usuarios
oct 14, 2021 8:19:38 PM org.hibernate.tool.hbm2ddl.TableMetadata <init>
INFO: HHH000037: Columns: [nombreusuario, idempleados, numerodeintentos, activousuario, admin, contrasena, idusuario]
oct 14, 2021 8:19:38 PM org.hibernate.tool.hbm2ddl.TableMetadata <init>
INFO: HHH000261: Table found: microcosmos.venta
oct 14, 2021 8:19:38 PM org.hibernate.tool.hbm2ddl.TableMetadata <init>
INFO: HHH000037: Columns: [numtarjeta, idtipodepago, formato, montoefectivo, idcliente, idestado, idventa, total, idempleados, impuesto, subtotal, montotarjeta, fechaventa, idparametros]
oct 14, 2021 8:19:38 PM org.hibernate.jpa.internal.EntityManagerFactoryRegistry addEntityManagerFactory
WARN: HHH000436: Entity manager factory name (DB) is already registered.  If entity manager will be clustered or passivated, specify a unique value for property 'hibernate.ejb.entitymanager_factory_name'
oct 14, 2021 8:19:38 PM org.hibernate.ejb.HibernatePersistence logDeprecation
WARN: HHH015016: Encountered a deprecated javax.persistence.spi.PersistenceProvider [org.hibernate.ejb.HibernatePersistence]; use [org.hibernate.jpa.HibernatePersistenceProvider] instead.
oct 14, 2021 8:19:38 PM org.hibernate.ejb.HibernatePersistence logDeprecation
WARN: HHH015016: Encountered a deprecated javax.persistence.spi.PersistenceProvider [org.hibernate.ejb.HibernatePersistence]; use [org.hibernate.jpa.HibernatePersistenceProvider] instead.
oct 14, 2021 8:19:38 PM org.hibernate.ejb.HibernatePersistence logDeprecation
WARN: HHH015016: Encountered a deprecated javax.persistence.spi.PersistenceProvider [org.hibernate.ejb.HibernatePersistence]; use [org.hibernate.jpa.HibernatePersistenceProvider] instead.
oct 14, 2021 8:19:38 PM org.hibernate.jpa.internal.util.LogHelper logPersistenceUnitInformation
INFO: HHH000204: Processing PersistenceUnitInfo [
	name: DB
	...]
oct 14, 2021 8:19:38 PM org.hibernate.engine.jdbc.connections.internal.DriverManagerConnectionProviderImpl configure
WARN: HHH000402: Using Hibernate built-in connection pool (not for production use!)
oct 14, 2021 8:19:38 PM org.hibernate.engine.jdbc.connections.internal.DriverManagerConnectionProviderImpl buildCreator
INFO: HHH000401: using driver [com.mysql.jdbc.Driver] at URL [jdbc:mysql://localhost:3306/Microcosmos?zeroDateTimeBehavior=convertToNull]
oct 14, 2021 8:19:38 PM org.hibernate.engine.jdbc.connections.internal.DriverManagerConnectionProviderImpl buildCreator
INFO: HHH000046: Connection properties: {user=root, password=****}
oct 14, 2021 8:19:38 PM org.hibernate.engine.jdbc.connections.internal.DriverManagerConnectionProviderImpl buildCreator
INFO: HHH000006: Autocommit mode: false
oct 14, 2021 8:19:38 PM org.hibernate.engine.jdbc.connections.internal.DriverManagerConnectionProviderImpl configure
INFO: HHH000115: Hibernate connection pool size: 20 (min=1)
oct 14, 2021 8:19:38 PM org.hibernate.dialect.Dialect <init>
INFO: HHH000400: Using dialect: org.hibernate.dialect.MySQLDialect
oct 14, 2021 8:19:38 PM org.hibernate.hql.internal.ast.ASTQueryTranslatorFactory <init>
INFO: HHH000397: Using ASTQueryTranslatorFactory
oct 14, 2021 8:19:38 PM org.hibernate.tool.hbm2ddl.SchemaValidator validate
INFO: HHH000229: Running schema validator
oct 14, 2021 8:19:38 PM org.hibernate.tool.hbm2ddl.SchemaValidator validate
INFO: HHH000102: Fetching database metadata
oct 14, 2021 8:19:38 PM org.hibernate.tool.hbm2ddl.TableMetadata <init>
INFO: HHH000261: Table found: microcosmos.arealaboral
oct 14, 2021 8:19:38 PM org.hibernate.tool.hbm2ddl.TableMetadata <init>
INFO: HHH000037: Columns: [idarealaboral, descripcionarealaboral, nombrearealaboral, activoarealaboral]
oct 14, 2021 8:19:38 PM org.hibernate.tool.hbm2ddl.TableMetadata <init>
INFO: HHH000261: Table found: microcosmos.arealaboralhistorica
oct 14, 2021 8:19:38 PM org.hibernate.tool.hbm2ddl.TableMetadata <init>
INFO: HHH000037: Columns: [idempleados, fechaconclusion, fechacomienzo, idarealaboralhistorica]
oct 14, 2021 8:19:38 PM org.hibernate.tool.hbm2ddl.TableMetadata <init>
INFO: HHH000261: Table found: microcosmos.articulo
oct 14, 2021 8:19:38 PM org.hibernate.tool.hbm2ddl.TableMetadata <init>
INFO: HHH000037: Columns: [idsecciontienda, stockmaximo, activoarticulo, nombrearticulo, stockminimo, precioarticulo, idtalla, stock, descripcionarticulo, idarticulo]
oct 14, 2021 8:19:38 PM org.hibernate.tool.hbm2ddl.TableMetadata <init>
INFO: HHH000261: Table found: microcosmos.clientes
oct 14, 2021 8:19:38 PM org.hibernate.tool.hbm2ddl.TableMetadata <init>
INFO: HHH000037: Columns: [telefonocliente, direccioncliente, idtipodocumento, idsexo, documento, activocliente, idcliente, nombrecliente, apellidocliente, correocliente]
oct 14, 2021 8:19:38 PM org.hibernate.tool.hbm2ddl.TableMetadata <init>
INFO: HHH000261: Table found: microcosmos.compra
oct 14, 2021 8:19:38 PM org.hibernate.tool.hbm2ddl.TableMetadata <init>
INFO: HHH000037: Columns: [idcompra, fechapedido, idproveedor, idempleados, fecharecibido, totalcompra, idestado]
oct 14, 2021 8:19:38 PM org.hibernate.tool.hbm2ddl.TableMetadata <init>
INFO: HHH000261: Table found: microcosmos.detallecompra
oct 14, 2021 8:19:38 PM org.hibernate.tool.hbm2ddl.TableMetadata <init>
INFO: HHH000037: Columns: [idcompra, iddetallecompra, preciocompra, cantidad, idarticulo]
oct 14, 2021 8:19:38 PM org.hibernate.tool.hbm2ddl.TableMetadata <init>
INFO: HHH000261: Table found: microcosmos.detalleventa
oct 14, 2021 8:19:38 PM org.hibernate.tool.hbm2ddl.TableMetadata <init>
INFO: HHH000037: Columns: [idventa, iddetalleventa, cantidad, idarticulo]
oct 14, 2021 8:19:38 PM org.hibernate.tool.hbm2ddl.TableMetadata <init>
INFO: HHH000261: Table found: microcosmos.empleados
oct 14, 2021 8:19:38 PM org.hibernate.tool.hbm2ddl.TableMetadata <init>
INFO: HHH000037: Columns: [idempleados, idarealaboral, idtipodocumento, idsexo, telefonoempleado, documento, nombreempleado, correoempleado, apellidoempleado, fechadenacimiento, activoempleado]
oct 14, 2021 8:19:38 PM org.hibernate.tool.hbm2ddl.TableMetadata <init>
INFO: HHH000261: Table found: microcosmos.entidades
oct 14, 2021 8:19:38 PM org.hibernate.tool.hbm2ddl.TableMetadata <init>
INFO: HHH000037: Columns: [identidad, activoentidad, nombreentidad]
oct 14, 2021 8:19:38 PM org.hibernate.tool.hbm2ddl.TableMetadata <init>
INFO: HHH000261: Table found: microcosmos.estado
oct 14, 2021 8:19:38 PM org.hibernate.tool.hbm2ddl.TableMetadata <init>
INFO: HHH000037: Columns: [nombreestado, activoestado, identidad, descripcionestado, idestado]
oct 14, 2021 8:19:38 PM org.hibernate.tool.hbm2ddl.TableMetadata <init>
INFO: HHH000261: Table found: microcosmos.facturasdevueltas
oct 14, 2021 8:19:38 PM org.hibernate.tool.hbm2ddl.TableMetadata <init>
INFO: HHH000037: Columns: [idventa, descripcion, fechadevolucion, idempleados, idfacturadevuelta]
oct 14, 2021 8:19:38 PM org.hibernate.tool.hbm2ddl.TableMetadata <init>
INFO: HHH000261: Table found: microcosmos.parametros
oct 14, 2021 8:19:38 PM org.hibernate.tool.hbm2ddl.TableMetadata <init>
INFO: HHH000037: Columns: [facturainicial, fechaemision, facturafinal, activoparametros, fechacaducidad, cai, idparametros]
oct 14, 2021 8:19:38 PM org.hibernate.tool.hbm2ddl.TableMetadata <init>
INFO: HHH000261: Table found: microcosmos.pedidosdevueltos
oct 14, 2021 8:19:38 PM org.hibernate.tool.hbm2ddl.TableMetadata <init>
INFO: HHH000037: Columns: [idcompra, descripcion, idempleados, idpedidosdevueltos, fechaanulacion]
oct 14, 2021 8:19:38 PM org.hibernate.tool.hbm2ddl.TableMetadata <init>
INFO: HHH000261: Table found: microcosmos.preciohistorico
oct 14, 2021 8:19:38 PM org.hibernate.tool.hbm2ddl.TableMetadata <init>
INFO: HHH000037: Columns: [precio, idpreciohistorico, fechainicial, fechafinal, idarticulo, activopreciohistorico]
oct 14, 2021 8:19:38 PM org.hibernate.tool.hbm2ddl.TableMetadata <init>
INFO: HHH000261: Table found: microcosmos.proveedores
oct 14, 2021 8:19:38 PM org.hibernate.tool.hbm2ddl.TableMetadata <init>
INFO: HHH000037: Columns: [idproveedor, activoproveedor, idtipodocumento, nombreproveedor, correoproveedor, telefonoproveedor, documento, ubicacionproveedor]
oct 14, 2021 8:19:38 PM org.hibernate.tool.hbm2ddl.TableMetadata <init>
INFO: HHH000261: Table found: microcosmos.secciontienda
oct 14, 2021 8:19:38 PM org.hibernate.tool.hbm2ddl.TableMetadata <init>
INFO: HHH000037: Columns: [idsecciontienda, descripcionsecciontienda, nombresecciontienda, activosecciontienda]
oct 14, 2021 8:19:38 PM org.hibernate.tool.hbm2ddl.TableMetadata <init>
INFO: HHH000261: Table found: microcosmos.sexo
oct 14, 2021 8:19:38 PM org.hibernate.tool.hbm2ddl.TableMetadata <init>
INFO: HHH000037: Columns: [idsexo, nombresexo, descripcionsexo]
oct 14, 2021 8:19:38 PM org.hibernate.tool.hbm2ddl.TableMetadata <init>
INFO: HHH000261: Table found: microcosmos.talla
oct 14, 2021 8:19:38 PM org.hibernate.tool.hbm2ddl.TableMetadata <init>
INFO: HHH000037: Columns: [activotalla, nombretalla, descripciontalla, idtalla]
oct 14, 2021 8:19:38 PM org.hibernate.tool.hbm2ddl.TableMetadata <init>
INFO: HHH000261: Table found: microcosmos.tipodepago
oct 14, 2021 8:19:38 PM org.hibernate.tool.hbm2ddl.TableMetadata <init>
INFO: HHH000037: Columns: [descripciontipodepago, nombretipodepago, idtipodepago, activotipodepago]
oct 14, 2021 8:19:38 PM org.hibernate.tool.hbm2ddl.TableMetadata <init>
INFO: HHH000261: Table found: microcosmos.tipodocumento
oct 14, 2021 8:19:38 PM org.hibernate.tool.hbm2ddl.TableMetadata <init>
INFO: HHH000037: Columns: [nombretipodocumento, descripciontipodocumento, activotipodocumento, idtipodocumento]
oct 14, 2021 8:19:38 PM org.hibernate.tool.hbm2ddl.TableMetadata <init>
INFO: HHH000261: Table found: microcosmos.usuarios
oct 14, 2021 8:19:38 PM org.hibernate.tool.hbm2ddl.TableMetadata <init>
INFO: HHH000037: Columns: [nombreusuario, idempleados, numerodeintentos, activousuario, admin, contrasena, idusuario]
oct 14, 2021 8:19:38 PM org.hibernate.tool.hbm2ddl.TableMetadata <init>
INFO: HHH000261: Table found: microcosmos.venta
oct 14, 2021 8:19:38 PM org.hibernate.tool.hbm2ddl.TableMetadata <init>
INFO: HHH000037: Columns: [numtarjeta, idtipodepago, formato, montoefectivo, idcliente, idestado, idventa, total, idempleados, impuesto, subtotal, montotarjeta, fechaventa, idparametros]
oct 14, 2021 8:19:38 PM org.hibernate.jpa.internal.EntityManagerFactoryRegistry addEntityManagerFactory
WARN: HHH000436: Entity manager factory name (DB) is already registered.  If entity manager will be clustered or passivated, specify a unique value for property 'hibernate.ejb.entitymanager_factory_name'
oct 14, 2021 8:19:38 PM org.hibernate.ejb.HibernatePersistence logDeprecation
WARN: HHH015016: Encountered a deprecated javax.persistence.spi.PersistenceProvider [org.hibernate.ejb.HibernatePersistence]; use [org.hibernate.jpa.HibernatePersistenceProvider] instead.
oct 14, 2021 8:19:38 PM org.hibernate.ejb.HibernatePersistence logDeprecation
WARN: HHH015016: Encountered a deprecated javax.persistence.spi.PersistenceProvider [org.hibernate.ejb.HibernatePersistence]; use [org.hibernate.jpa.HibernatePersistenceProvider] instead.
oct 14, 2021 8:19:38 PM org.hibernate.ejb.HibernatePersistence logDeprecation
WARN: HHH015016: Encountered a deprecated javax.persistence.spi.PersistenceProvider [org.hibernate.ejb.HibernatePersistence]; use [org.hibernate.jpa.HibernatePersistenceProvider] instead.
oct 14, 2021 8:19:38 PM org.hibernate.jpa.internal.util.LogHelper logPersistenceUnitInformation
INFO: HHH000204: Processing PersistenceUnitInfo [
	name: DB
	...]
oct 14, 2021 8:19:38 PM org.hibernate.engine.jdbc.connections.internal.DriverManagerConnectionProviderImpl configure
WARN: HHH000402: Using Hibernate built-in connection pool (not for production use!)
oct 14, 2021 8:19:38 PM org.hibernate.engine.jdbc.connections.internal.DriverManagerConnectionProviderImpl buildCreator
INFO: HHH000401: using driver [com.mysql.jdbc.Driver] at URL [jdbc:mysql://localhost:3306/Microcosmos?zeroDateTimeBehavior=convertToNull]
oct 14, 2021 8:19:38 PM org.hibernate.engine.jdbc.connections.internal.DriverManagerConnectionProviderImpl buildCreator
INFO: HHH000046: Connection properties: {user=root, password=****}
oct 14, 2021 8:19:38 PM org.hibernate.engine.jdbc.connections.internal.DriverManagerConnectionProviderImpl buildCreator
INFO: HHH000006: Autocommit mode: false
oct 14, 2021 8:19:38 PM org.hibernate.engine.jdbc.connections.internal.DriverManagerConnectionProviderImpl configure
INFO: HHH000115: Hibernate connection pool size: 20 (min=1)
oct 14, 2021 8:19:38 PM org.hibernate.dialect.Dialect <init>
INFO: HHH000400: Using dialect: org.hibernate.dialect.MySQLDialect
oct 14, 2021 8:19:38 PM org.hibernate.hql.internal.ast.ASTQueryTranslatorFactory <init>
INFO: HHH000397: Using ASTQueryTranslatorFactory
oct 14, 2021 8:19:38 PM org.hibernate.tool.hbm2ddl.SchemaValidator validate
INFO: HHH000229: Running schema validator
oct 14, 2021 8:19:38 PM org.hibernate.tool.hbm2ddl.SchemaValidator validate
INFO: HHH000102: Fetching database metadata
oct 14, 2021 8:19:38 PM org.hibernate.tool.hbm2ddl.TableMetadata <init>
INFO: HHH000261: Table found: microcosmos.arealaboral
oct 14, 2021 8:19:38 PM org.hibernate.tool.hbm2ddl.TableMetadata <init>
INFO: HHH000037: Columns: [idarealaboral, descripcionarealaboral, nombrearealaboral, activoarealaboral]
oct 14, 2021 8:19:38 PM org.hibernate.tool.hbm2ddl.TableMetadata <init>
INFO: HHH000261: Table found: microcosmos.arealaboralhistorica
oct 14, 2021 8:19:38 PM org.hibernate.tool.hbm2ddl.TableMetadata <init>
INFO: HHH000037: Columns: [idempleados, fechaconclusion, fechacomienzo, idarealaboralhistorica]
oct 14, 2021 8:19:38 PM org.hibernate.tool.hbm2ddl.TableMetadata <init>
INFO: HHH000261: Table found: microcosmos.articulo
oct 14, 2021 8:19:38 PM org.hibernate.tool.hbm2ddl.TableMetadata <init>
INFO: HHH000037: Columns: [idsecciontienda, stockmaximo, activoarticulo, nombrearticulo, stockminimo, precioarticulo, idtalla, stock, descripcionarticulo, idarticulo]
oct 14, 2021 8:19:38 PM org.hibernate.tool.hbm2ddl.TableMetadata <init>
INFO: HHH000261: Table found: microcosmos.clientes
oct 14, 2021 8:19:38 PM org.hibernate.tool.hbm2ddl.TableMetadata <init>
INFO: HHH000037: Columns: [telefonocliente, direccioncliente, idtipodocumento, idsexo, documento, activocliente, idcliente, nombrecliente, apellidocliente, correocliente]
oct 14, 2021 8:19:38 PM org.hibernate.tool.hbm2ddl.TableMetadata <init>
INFO: HHH000261: Table found: microcosmos.compra
oct 14, 2021 8:19:38 PM org.hibernate.tool.hbm2ddl.TableMetadata <init>
INFO: HHH000037: Columns: [idcompra, fechapedido, idproveedor, idempleados, fecharecibido, totalcompra, idestado]
oct 14, 2021 8:19:38 PM org.hibernate.tool.hbm2ddl.TableMetadata <init>
INFO: HHH000261: Table found: microcosmos.detallecompra
oct 14, 2021 8:19:38 PM org.hibernate.tool.hbm2ddl.TableMetadata <init>
INFO: HHH000037: Columns: [idcompra, iddetallecompra, preciocompra, cantidad, idarticulo]
oct 14, 2021 8:19:38 PM org.hibernate.tool.hbm2ddl.TableMetadata <init>
INFO: HHH000261: Table found: microcosmos.detalleventa
oct 14, 2021 8:19:38 PM org.hibernate.tool.hbm2ddl.TableMetadata <init>
INFO: HHH000037: Columns: [idventa, iddetalleventa, cantidad, idarticulo]
oct 14, 2021 8:19:38 PM org.hibernate.tool.hbm2ddl.TableMetadata <init>
INFO: HHH000261: Table found: microcosmos.empleados
oct 14, 2021 8:19:38 PM org.hibernate.tool.hbm2ddl.TableMetadata <init>
INFO: HHH000037: Columns: [idempleados, idarealaboral, idtipodocumento, idsexo, telefonoempleado, documento, nombreempleado, correoempleado, apellidoempleado, fechadenacimiento, activoempleado]
oct 14, 2021 8:19:38 PM org.hibernate.tool.hbm2ddl.TableMetadata <init>
INFO: HHH000261: Table found: microcosmos.entidades
oct 14, 2021 8:19:38 PM org.hibernate.tool.hbm2ddl.TableMetadata <init>
INFO: HHH000037: Columns: [identidad, activoentidad, nombreentidad]
oct 14, 2021 8:19:38 PM org.hibernate.tool.hbm2ddl.TableMetadata <init>
INFO: HHH000261: Table found: microcosmos.estado
oct 14, 2021 8:19:38 PM org.hibernate.tool.hbm2ddl.TableMetadata <init>
INFO: HHH000037: Columns: [nombreestado, activoestado, identidad, descripcionestado, idestado]
oct 14, 2021 8:19:38 PM org.hibernate.tool.hbm2ddl.TableMetadata <init>
INFO: HHH000261: Table found: microcosmos.facturasdevueltas
oct 14, 2021 8:19:38 PM org.hibernate.tool.hbm2ddl.TableMetadata <init>
INFO: HHH000037: Columns: [idventa, descripcion, fechadevolucion, idempleados, idfacturadevuelta]
oct 14, 2021 8:19:38 PM org.hibernate.tool.hbm2ddl.TableMetadata <init>
INFO: HHH000261: Table found: microcosmos.parametros
oct 14, 2021 8:19:38 PM org.hibernate.tool.hbm2ddl.TableMetadata <init>
INFO: HHH000037: Columns: [facturainicial, fechaemision, facturafinal, activoparametros, fechacaducidad, cai, idparametros]
oct 14, 2021 8:19:38 PM org.hibernate.tool.hbm2ddl.TableMetadata <init>
INFO: HHH000261: Table found: microcosmos.pedidosdevueltos
oct 14, 2021 8:19:38 PM org.hibernate.tool.hbm2ddl.TableMetadata <init>
INFO: HHH000037: Columns: [idcompra, descripcion, idempleados, idpedidosdevueltos, fechaanulacion]
oct 14, 2021 8:19:38 PM org.hibernate.tool.hbm2ddl.TableMetadata <init>
INFO: HHH000261: Table found: microcosmos.preciohistorico
oct 14, 2021 8:19:38 PM org.hibernate.tool.hbm2ddl.TableMetadata <init>
INFO: HHH000037: Columns: [precio, idpreciohistorico, fechainicial, fechafinal, idarticulo, activopreciohistorico]
oct 14, 2021 8:19:38 PM org.hibernate.tool.hbm2ddl.TableMetadata <init>
INFO: HHH000261: Table found: microcosmos.proveedores
oct 14, 2021 8:19:38 PM org.hibernate.tool.hbm2ddl.TableMetadata <init>
INFO: HHH000037: Columns: [idproveedor, activoproveedor, idtipodocumento, nombreproveedor, correoproveedor, telefonoproveedor, documento, ubicacionproveedor]
oct 14, 2021 8:19:38 PM org.hibernate.tool.hbm2ddl.TableMetadata <init>
INFO: HHH000261: Table found: microcosmos.secciontienda
oct 14, 2021 8:19:38 PM org.hibernate.tool.hbm2ddl.TableMetadata <init>
INFO: HHH000037: Columns: [idsecciontienda, descripcionsecciontienda, nombresecciontienda, activosecciontienda]
oct 14, 2021 8:19:38 PM org.hibernate.tool.hbm2ddl.TableMetadata <init>
INFO: HHH000261: Table found: microcosmos.sexo
oct 14, 2021 8:19:38 PM org.hibernate.tool.hbm2ddl.TableMetadata <init>
INFO: HHH000037: Columns: [idsexo, nombresexo, descripcionsexo]
oct 14, 2021 8:19:38 PM org.hibernate.tool.hbm2ddl.TableMetadata <init>
INFO: HHH000261: Table found: microcosmos.talla
oct 14, 2021 8:19:38 PM org.hibernate.tool.hbm2ddl.TableMetadata <init>
INFO: HHH000037: Columns: [activotalla, nombretalla, descripciontalla, idtalla]
oct 14, 2021 8:19:38 PM org.hibernate.tool.hbm2ddl.TableMetadata <init>
INFO: HHH000261: Table found: microcosmos.tipodepago
oct 14, 2021 8:19:38 PM org.hibernate.tool.hbm2ddl.TableMetadata <init>
INFO: HHH000037: Columns: [descripciontipodepago, nombretipodepago, idtipodepago, activotipodepago]
oct 14, 2021 8:19:38 PM org.hibernate.tool.hbm2ddl.TableMetadata <init>
INFO: HHH000261: Table found: microcosmos.tipodocumento
oct 14, 2021 8:19:38 PM org.hibernate.tool.hbm2ddl.TableMetadata <init>
INFO: HHH000037: Columns: [nombretipodocumento, descripciontipodocumento, activotipodocumento, idtipodocumento]
oct 14, 2021 8:19:38 PM org.hibernate.tool.hbm2ddl.TableMetadata <init>
INFO: HHH000261: Table found: microcosmos.usuarios
oct 14, 2021 8:19:38 PM org.hibernate.tool.hbm2ddl.TableMetadata <init>
INFO: HHH000037: Columns: [nombreusuario, idempleados, numerodeintentos, activousuario, admin, contrasena, idusuario]
oct 14, 2021 8:19:38 PM org.hibernate.tool.hbm2ddl.TableMetadata <init>
INFO: HHH000261: Table found: microcosmos.venta
oct 14, 2021 8:19:38 PM org.hibernate.tool.hbm2ddl.TableMetadata <init>
INFO: HHH000037: Columns: [numtarjeta, idtipodepago, formato, montoefectivo, idcliente, idestado, idventa, total, idempleados, impuesto, subtotal, montotarjeta, fechaventa, idparametros]
oct 14, 2021 8:19:38 PM org.hibernate.jpa.internal.EntityManagerFactoryRegistry addEntityManagerFactory
WARN: HHH000436: Entity manager factory name (DB) is already registered.  If entity manager will be clustered or passivated, specify a unique value for property 'hibernate.ejb.entitymanager_factory_name'
oct 14, 2021 8:19:38 PM org.hibernate.ejb.HibernatePersistence logDeprecation
WARN: HHH015016: Encountered a deprecated javax.persistence.spi.PersistenceProvider [org.hibernate.ejb.HibernatePersistence]; use [org.hibernate.jpa.HibernatePersistenceProvider] instead.
oct 14, 2021 8:19:38 PM org.hibernate.ejb.HibernatePersistence logDeprecation
WARN: HHH015016: Encountered a deprecated javax.persistence.spi.PersistenceProvider [org.hibernate.ejb.HibernatePersistence]; use [org.hibernate.jpa.HibernatePersistenceProvider] instead.
oct 14, 2021 8:19:38 PM org.hibernate.ejb.HibernatePersistence logDeprecation
WARN: HHH015016: Encountered a deprecated javax.persistence.spi.PersistenceProvider [org.hibernate.ejb.HibernatePersistence]; use [org.hibernate.jpa.HibernatePersistenceProvider] instead.
oct 14, 2021 8:19:38 PM org.hibernate.jpa.internal.util.LogHelper logPersistenceUnitInformation
INFO: HHH000204: Processing PersistenceUnitInfo [
	name: DB
	...]
oct 14, 2021 8:19:38 PM org.hibernate.engine.jdbc.connections.internal.DriverManagerConnectionProviderImpl configure
WARN: HHH000402: Using Hibernate built-in connection pool (not for production use!)
oct 14, 2021 8:19:38 PM org.hibernate.engine.jdbc.connections.internal.DriverManagerConnectionProviderImpl buildCreator
INFO: HHH000401: using driver [com.mysql.jdbc.Driver] at URL [jdbc:mysql://localhost:3306/Microcosmos?zeroDateTimeBehavior=convertToNull]
oct 14, 2021 8:19:38 PM org.hibernate.engine.jdbc.connections.internal.DriverManagerConnectionProviderImpl buildCreator
INFO: HHH000046: Connection properties: {user=root, password=****}
oct 14, 2021 8:19:38 PM org.hibernate.engine.jdbc.connections.internal.DriverManagerConnectionProviderImpl buildCreator
INFO: HHH000006: Autocommit mode: false
oct 14, 2021 8:19:38 PM org.hibernate.engine.jdbc.connections.internal.DriverManagerConnectionProviderImpl configure
INFO: HHH000115: Hibernate connection pool size: 20 (min=1)
oct 14, 2021 8:19:38 PM org.hibernate.dialect.Dialect <init>
INFO: HHH000400: Using dialect: org.hibernate.dialect.MySQLDialect
oct 14, 2021 8:19:38 PM org.hibernate.hql.internal.ast.ASTQueryTranslatorFactory <init>
INFO: HHH000397: Using ASTQueryTranslatorFactory
oct 14, 2021 8:19:38 PM org.hibernate.tool.hbm2ddl.SchemaValidator validate
INFO: HHH000229: Running schema validator
oct 14, 2021 8:19:38 PM org.hibernate.tool.hbm2ddl.SchemaValidator validate
INFO: HHH000102: Fetching database metadata
oct 14, 2021 8:19:38 PM org.hibernate.tool.hbm2ddl.TableMetadata <init>
INFO: HHH000261: Table found: microcosmos.arealaboral
oct 14, 2021 8:19:38 PM org.hibernate.tool.hbm2ddl.TableMetadata <init>
INFO: HHH000037: Columns: [idarealaboral, descripcionarealaboral, nombrearealaboral, activoarealaboral]
oct 14, 2021 8:19:38 PM org.hibernate.tool.hbm2ddl.TableMetadata <init>
INFO: HHH000261: Table found: microcosmos.arealaboralhistorica
oct 14, 2021 8:19:38 PM org.hibernate.tool.hbm2ddl.TableMetadata <init>
INFO: HHH000037: Columns: [idempleados, fechaconclusion, fechacomienzo, idarealaboralhistorica]
oct 14, 2021 8:19:38 PM org.hibernate.tool.hbm2ddl.TableMetadata <init>
INFO: HHH000261: Table found: microcosmos.articulo
oct 14, 2021 8:19:38 PM org.hibernate.tool.hbm2ddl.TableMetadata <init>
INFO: HHH000037: Columns: [idsecciontienda, stockmaximo, activoarticulo, nombrearticulo, stockminimo, precioarticulo, idtalla, stock, descripcionarticulo, idarticulo]
oct 14, 2021 8:19:38 PM org.hibernate.tool.hbm2ddl.TableMetadata <init>
INFO: HHH000261: Table found: microcosmos.clientes
oct 14, 2021 8:19:38 PM org.hibernate.tool.hbm2ddl.TableMetadata <init>
INFO: HHH000037: Columns: [telefonocliente, direccioncliente, idtipodocumento, idsexo, documento, activocliente, idcliente, nombrecliente, apellidocliente, correocliente]
oct 14, 2021 8:19:38 PM org.hibernate.tool.hbm2ddl.TableMetadata <init>
INFO: HHH000261: Table found: microcosmos.compra
oct 14, 2021 8:19:38 PM org.hibernate.tool.hbm2ddl.TableMetadata <init>
INFO: HHH000037: Columns: [idcompra, fechapedido, idproveedor, idempleados, fecharecibido, totalcompra, idestado]
oct 14, 2021 8:19:38 PM org.hibernate.tool.hbm2ddl.TableMetadata <init>
INFO: HHH000261: Table found: microcosmos.detallecompra
oct 14, 2021 8:19:38 PM org.hibernate.tool.hbm2ddl.TableMetadata <init>
INFO: HHH000037: Columns: [idcompra, iddetallecompra, preciocompra, cantidad, idarticulo]
oct 14, 2021 8:19:38 PM org.hibernate.tool.hbm2ddl.TableMetadata <init>
INFO: HHH000261: Table found: microcosmos.detalleventa
oct 14, 2021 8:19:38 PM org.hibernate.tool.hbm2ddl.TableMetadata <init>
INFO: HHH000037: Columns: [idventa, iddetalleventa, cantidad, idarticulo]
oct 14, 2021 8:19:38 PM org.hibernate.tool.hbm2ddl.TableMetadata <init>
INFO: HHH000261: Table found: microcosmos.empleados
oct 14, 2021 8:19:38 PM org.hibernate.tool.hbm2ddl.TableMetadata <init>
INFO: HHH000037: Columns: [idempleados, idarealaboral, idtipodocumento, idsexo, telefonoempleado, documento, nombreempleado, correoempleado, apellidoempleado, fechadenacimiento, activoempleado]
oct 14, 2021 8:19:38 PM org.hibernate.tool.hbm2ddl.TableMetadata <init>
INFO: HHH000261: Table found: microcosmos.entidades
oct 14, 2021 8:19:38 PM org.hibernate.tool.hbm2ddl.TableMetadata <init>
INFO: HHH000037: Columns: [identidad, activoentidad, nombreentidad]
oct 14, 2021 8:19:38 PM org.hibernate.tool.hbm2ddl.TableMetadata <init>
INFO: HHH000261: Table found: microcosmos.estado
oct 14, 2021 8:19:38 PM org.hibernate.tool.hbm2ddl.TableMetadata <init>
INFO: HHH000037: Columns: [nombreestado, activoestado, identidad, descripcionestado, idestado]
oct 14, 2021 8:19:38 PM org.hibernate.tool.hbm2ddl.TableMetadata <init>
INFO: HHH000261: Table found: microcosmos.facturasdevueltas
oct 14, 2021 8:19:38 PM org.hibernate.tool.hbm2ddl.TableMetadata <init>
INFO: HHH000037: Columns: [idventa, descripcion, fechadevolucion, idempleados, idfacturadevuelta]
oct 14, 2021 8:19:38 PM org.hibernate.tool.hbm2ddl.TableMetadata <init>
INFO: HHH000261: Table found: microcosmos.parametros
oct 14, 2021 8:19:38 PM org.hibernate.tool.hbm2ddl.TableMetadata <init>
INFO: HHH000037: Columns: [facturainicial, fechaemision, facturafinal, activoparametros, fechacaducidad, cai, idparametros]
oct 14, 2021 8:19:38 PM org.hibernate.tool.hbm2ddl.TableMetadata <init>
INFO: HHH000261: Table found: microcosmos.pedidosdevueltos
oct 14, 2021 8:19:38 PM org.hibernate.tool.hbm2ddl.TableMetadata <init>
INFO: HHH000037: Columns: [idcompra, descripcion, idempleados, idpedidosdevueltos, fechaanulacion]
oct 14, 2021 8:19:38 PM org.hibernate.tool.hbm2ddl.TableMetadata <init>
INFO: HHH000261: Table found: microcosmos.preciohistorico
oct 14, 2021 8:19:38 PM org.hibernate.tool.hbm2ddl.TableMetadata <init>
INFO: HHH000037: Columns: [precio, idpreciohistorico, fechainicial, fechafinal, idarticulo, activopreciohistorico]
oct 14, 2021 8:19:38 PM org.hibernate.tool.hbm2ddl.TableMetadata <init>
INFO: HHH000261: Table found: microcosmos.proveedores
oct 14, 2021 8:19:38 PM org.hibernate.tool.hbm2ddl.TableMetadata <init>
INFO: HHH000037: Columns: [idproveedor, activoproveedor, idtipodocumento, nombreproveedor, correoproveedor, telefonoproveedor, documento, ubicacionproveedor]
oct 14, 2021 8:19:38 PM org.hibernate.tool.hbm2ddl.TableMetadata <init>
INFO: HHH000261: Table found: microcosmos.secciontienda
oct 14, 2021 8:19:38 PM org.hibernate.tool.hbm2ddl.TableMetadata <init>
INFO: HHH000037: Columns: [idsecciontienda, descripcionsecciontienda, nombresecciontienda, activosecciontienda]
oct 14, 2021 8:19:38 PM org.hibernate.tool.hbm2ddl.TableMetadata <init>
INFO: HHH000261: Table found: microcosmos.sexo
oct 14, 2021 8:19:38 PM org.hibernate.tool.hbm2ddl.TableMetadata <init>
INFO: HHH000037: Columns: [idsexo, nombresexo, descripcionsexo]
oct 14, 2021 8:19:38 PM org.hibernate.tool.hbm2ddl.TableMetadata <init>
INFO: HHH000261: Table found: microcosmos.talla
oct 14, 2021 8:19:38 PM org.hibernate.tool.hbm2ddl.TableMetadata <init>
INFO: HHH000037: Columns: [activotalla, nombretalla, descripciontalla, idtalla]
oct 14, 2021 8:19:38 PM org.hibernate.tool.hbm2ddl.TableMetadata <init>
INFO: HHH000261: Table found: microcosmos.tipodepago
oct 14, 2021 8:19:38 PM org.hibernate.tool.hbm2ddl.TableMetadata <init>
INFO: HHH000037: Columns: [descripciontipodepago, nombretipodepago, idtipodepago, activotipodepago]
oct 14, 2021 8:19:38 PM org.hibernate.tool.hbm2ddl.TableMetadata <init>
INFO: HHH000261: Table found: microcosmos.tipodocumento
oct 14, 2021 8:19:38 PM org.hibernate.tool.hbm2ddl.TableMetadata <init>
INFO: HHH000037: Columns: [nombretipodocumento, descripciontipodocumento, activotipodocumento, idtipodocumento]
oct 14, 2021 8:19:38 PM org.hibernate.tool.hbm2ddl.TableMetadata <init>
INFO: HHH000261: Table found: microcosmos.usuarios
oct 14, 2021 8:19:38 PM org.hibernate.tool.hbm2ddl.TableMetadata <init>
INFO: HHH000037: Columns: [nombreusuario, idempleados, numerodeintentos, activousuario, admin, contrasena, idusuario]
oct 14, 2021 8:19:38 PM org.hibernate.tool.hbm2ddl.TableMetadata <init>
INFO: HHH000261: Table found: microcosmos.venta
oct 14, 2021 8:19:38 PM org.hibernate.tool.hbm2ddl.TableMetadata <init>
INFO: HHH000037: Columns: [numtarjeta, idtipodepago, formato, montoefectivo, idcliente, idestado, idventa, total, idempleados, impuesto, subtotal, montotarjeta, fechaventa, idparametros]
oct 14, 2021 8:19:38 PM org.hibernate.jpa.internal.EntityManagerFactoryRegistry addEntityManagerFactory
WARN: HHH000436: Entity manager factory name (DB) is already registered.  If entity manager will be clustered or passivated, specify a unique value for property 'hibernate.ejb.entitymanager_factory_name'
oct 14, 2021 8:19:38 PM org.hibernate.ejb.HibernatePersistence logDeprecation
WARN: HHH015016: Encountered a deprecated javax.persistence.spi.PersistenceProvider [org.hibernate.ejb.HibernatePersistence]; use [org.hibernate.jpa.HibernatePersistenceProvider] instead.
oct 14, 2021 8:19:38 PM org.hibernate.ejb.HibernatePersistence logDeprecation
WARN: HHH015016: Encountered a deprecated javax.persistence.spi.PersistenceProvider [org.hibernate.ejb.HibernatePersistence]; use [org.hibernate.jpa.HibernatePersistenceProvider] instead.
oct 14, 2021 8:19:38 PM org.hibernate.ejb.HibernatePersistence logDeprecation
WARN: HHH015016: Encountered a deprecated javax.persistence.spi.PersistenceProvider [org.hibernate.ejb.HibernatePersistence]; use [org.hibernate.jpa.HibernatePersistenceProvider] instead.
oct 14, 2021 8:19:38 PM org.hibernate.jpa.internal.util.LogHelper logPersistenceUnitInformation
INFO: HHH000204: Processing PersistenceUnitInfo [
	name: DB
	...]
oct 14, 2021 8:19:38 PM org.hibernate.engine.jdbc.connections.internal.DriverManagerConnectionProviderImpl configure
WARN: HHH000402: Using Hibernate built-in connection pool (not for production use!)
oct 14, 2021 8:19:38 PM org.hibernate.engine.jdbc.connections.internal.DriverManagerConnectionProviderImpl buildCreator
INFO: HHH000401: using driver [com.mysql.jdbc.Driver] at URL [jdbc:mysql://localhost:3306/Microcosmos?zeroDateTimeBehavior=convertToNull]
oct 14, 2021 8:19:38 PM org.hibernate.engine.jdbc.connections.internal.DriverManagerConnectionProviderImpl buildCreator
INFO: HHH000046: Connection properties: {user=root, password=****}
oct 14, 2021 8:19:38 PM org.hibernate.engine.jdbc.connections.internal.DriverManagerConnectionProviderImpl buildCreator
INFO: HHH000006: Autocommit mode: false
oct 14, 2021 8:19:38 PM org.hibernate.engine.jdbc.connections.internal.DriverManagerConnectionProviderImpl configure
INFO: HHH000115: Hibernate connection pool size: 20 (min=1)
oct 14, 2021 8:19:38 PM org.hibernate.dialect.Dialect <init>
INFO: HHH000400: Using dialect: org.hibernate.dialect.MySQLDialect
oct 14, 2021 8:19:38 PM org.hibernate.hql.internal.ast.ASTQueryTranslatorFactory <init>
INFO: HHH000397: Using ASTQueryTranslatorFactory
oct 14, 2021 8:19:38 PM org.hibernate.tool.hbm2ddl.SchemaValidator validate
INFO: HHH000229: Running schema validator
oct 14, 2021 8:19:38 PM org.hibernate.tool.hbm2ddl.SchemaValidator validate
INFO: HHH000102: Fetching database metadata
oct 14, 2021 8:19:38 PM org.hibernate.tool.hbm2ddl.TableMetadata <init>
INFO: HHH000261: Table found: microcosmos.arealaboral
oct 14, 2021 8:19:38 PM org.hibernate.tool.hbm2ddl.TableMetadata <init>
INFO: HHH000037: Columns: [idarealaboral, descripcionarealaboral, nombrearealaboral, activoarealaboral]
oct 14, 2021 8:19:38 PM org.hibernate.tool.hbm2ddl.TableMetadata <init>
INFO: HHH000261: Table found: microcosmos.arealaboralhistorica
oct 14, 2021 8:19:38 PM org.hibernate.tool.hbm2ddl.TableMetadata <init>
INFO: HHH000037: Columns: [idempleados, fechaconclusion, fechacomienzo, idarealaboralhistorica]
oct 14, 2021 8:19:38 PM org.hibernate.tool.hbm2ddl.TableMetadata <init>
INFO: HHH000261: Table found: microcosmos.articulo
oct 14, 2021 8:19:38 PM org.hibernate.tool.hbm2ddl.TableMetadata <init>
INFO: HHH000037: Columns: [idsecciontienda, stockmaximo, activoarticulo, nombrearticulo, stockminimo, precioarticulo, idtalla, stock, descripcionarticulo, idarticulo]
oct 14, 2021 8:19:38 PM org.hibernate.tool.hbm2ddl.TableMetadata <init>
INFO: HHH000261: Table found: microcosmos.clientes
oct 14, 2021 8:19:38 PM org.hibernate.tool.hbm2ddl.TableMetadata <init>
INFO: HHH000037: Columns: [telefonocliente, direccioncliente, idtipodocumento, idsexo, documento, activocliente, idcliente, nombrecliente, apellidocliente, correocliente]
oct 14, 2021 8:19:38 PM org.hibernate.tool.hbm2ddl.TableMetadata <init>
INFO: HHH000261: Table found: microcosmos.compra
oct 14, 2021 8:19:38 PM org.hibernate.tool.hbm2ddl.TableMetadata <init>
INFO: HHH000037: Columns: [idcompra, fechapedido, idproveedor, idempleados, fecharecibido, totalcompra, idestado]
oct 14, 2021 8:19:38 PM org.hibernate.tool.hbm2ddl.TableMetadata <init>
INFO: HHH000261: Table found: microcosmos.detallecompra
oct 14, 2021 8:19:38 PM org.hibernate.tool.hbm2ddl.TableMetadata <init>
INFO: HHH000037: Columns: [idcompra, iddetallecompra, preciocompra, cantidad, idarticulo]
oct 14, 2021 8:19:38 PM org.hibernate.tool.hbm2ddl.TableMetadata <init>
INFO: HHH000261: Table found: microcosmos.detalleventa
oct 14, 2021 8:19:38 PM org.hibernate.tool.hbm2ddl.TableMetadata <init>
INFO: HHH000037: Columns: [idventa, iddetalleventa, cantidad, idarticulo]
oct 14, 2021 8:19:38 PM org.hibernate.tool.hbm2ddl.TableMetadata <init>
INFO: HHH000261: Table found: microcosmos.empleados
oct 14, 2021 8:19:38 PM org.hibernate.tool.hbm2ddl.TableMetadata <init>
INFO: HHH000037: Columns: [idempleados, idarealaboral, idtipodocumento, idsexo, telefonoempleado, documento, nombreempleado, correoempleado, apellidoempleado, fechadenacimiento, activoempleado]
oct 14, 2021 8:19:38 PM org.hibernate.tool.hbm2ddl.TableMetadata <init>
INFO: HHH000261: Table found: microcosmos.entidades
oct 14, 2021 8:19:38 PM org.hibernate.tool.hbm2ddl.TableMetadata <init>
INFO: HHH000037: Columns: [identidad, activoentidad, nombreentidad]
oct 14, 2021 8:19:38 PM org.hibernate.tool.hbm2ddl.TableMetadata <init>
INFO: HHH000261: Table found: microcosmos.estado
oct 14, 2021 8:19:38 PM org.hibernate.tool.hbm2ddl.TableMetadata <init>
INFO: HHH000037: Columns: [nombreestado, activoestado, identidad, descripcionestado, idestado]
oct 14, 2021 8:19:38 PM org.hibernate.tool.hbm2ddl.TableMetadata <init>
INFO: HHH000261: Table found: microcosmos.facturasdevueltas
oct 14, 2021 8:19:38 PM org.hibernate.tool.hbm2ddl.TableMetadata <init>
INFO: HHH000037: Columns: [idventa, descripcion, fechadevolucion, idempleados, idfacturadevuelta]
oct 14, 2021 8:19:38 PM org.hibernate.tool.hbm2ddl.TableMetadata <init>
INFO: HHH000261: Table found: microcosmos.parametros
oct 14, 2021 8:19:38 PM org.hibernate.tool.hbm2ddl.TableMetadata <init>
INFO: HHH000037: Columns: [facturainicial, fechaemision, facturafinal, activoparametros, fechacaducidad, cai, idparametros]
oct 14, 2021 8:19:38 PM org.hibernate.tool.hbm2ddl.TableMetadata <init>
INFO: HHH000261: Table found: microcosmos.pedidosdevueltos
oct 14, 2021 8:19:38 PM org.hibernate.tool.hbm2ddl.TableMetadata <init>
INFO: HHH000037: Columns: [idcompra, descripcion, idempleados, idpedidosdevueltos, fechaanulacion]
oct 14, 2021 8:19:38 PM org.hibernate.tool.hbm2ddl.TableMetadata <init>
INFO: HHH000261: Table found: microcosmos.preciohistorico
oct 14, 2021 8:19:38 PM org.hibernate.tool.hbm2ddl.TableMetadata <init>
INFO: HHH000037: Columns: [precio, idpreciohistorico, fechainicial, fechafinal, idarticulo, activopreciohistorico]
oct 14, 2021 8:19:38 PM org.hibernate.tool.hbm2ddl.TableMetadata <init>
INFO: HHH000261: Table found: microcosmos.proveedores
oct 14, 2021 8:19:38 PM org.hibernate.tool.hbm2ddl.TableMetadata <init>
INFO: HHH000037: Columns: [idproveedor, activoproveedor, idtipodocumento, nombreproveedor, correoproveedor, telefonoproveedor, documento, ubicacionproveedor]
oct 14, 2021 8:19:38 PM org.hibernate.tool.hbm2ddl.TableMetadata <init>
INFO: HHH000261: Table found: microcosmos.secciontienda
oct 14, 2021 8:19:38 PM org.hibernate.tool.hbm2ddl.TableMetadata <init>
INFO: HHH000037: Columns: [idsecciontienda, descripcionsecciontienda, nombresecciontienda, activosecciontienda]
oct 14, 2021 8:19:38 PM org.hibernate.tool.hbm2ddl.TableMetadata <init>
INFO: HHH000261: Table found: microcosmos.sexo
oct 14, 2021 8:19:38 PM org.hibernate.tool.hbm2ddl.TableMetadata <init>
INFO: HHH000037: Columns: [idsexo, nombresexo, descripcionsexo]
oct 14, 2021 8:19:38 PM org.hibernate.tool.hbm2ddl.TableMetadata <init>
INFO: HHH000261: Table found: microcosmos.talla
oct 14, 2021 8:19:38 PM org.hibernate.tool.hbm2ddl.TableMetadata <init>
INFO: HHH000037: Columns: [activotalla, nombretalla, descripciontalla, idtalla]
oct 14, 2021 8:19:38 PM org.hibernate.tool.hbm2ddl.TableMetadata <init>
INFO: HHH000261: Table found: microcosmos.tipodepago
oct 14, 2021 8:19:38 PM org.hibernate.tool.hbm2ddl.TableMetadata <init>
INFO: HHH000037: Columns: [descripciontipodepago, nombretipodepago, idtipodepago, activotipodepago]
oct 14, 2021 8:19:38 PM org.hibernate.tool.hbm2ddl.TableMetadata <init>
INFO: HHH000261: Table found: microcosmos.tipodocumento
oct 14, 2021 8:19:38 PM org.hibernate.tool.hbm2ddl.TableMetadata <init>
INFO: HHH000037: Columns: [nombretipodocumento, descripciontipodocumento, activotipodocumento, idtipodocumento]
oct 14, 2021 8:19:38 PM org.hibernate.tool.hbm2ddl.TableMetadata <init>
INFO: HHH000261: Table found: microcosmos.usuarios
oct 14, 2021 8:19:38 PM org.hibernate.tool.hbm2ddl.TableMetadata <init>
INFO: HHH000037: Columns: [nombreusuario, idempleados, numerodeintentos, activousuario, admin, contrasena, idusuario]
oct 14, 2021 8:19:38 PM org.hibernate.tool.hbm2ddl.TableMetadata <init>
INFO: HHH000261: Table found: microcosmos.venta
oct 14, 2021 8:19:38 PM org.hibernate.tool.hbm2ddl.TableMetadata <init>
INFO: HHH000037: Columns: [numtarjeta, idtipodepago, formato, montoefectivo, idcliente, idestado, idventa, total, idempleados, impuesto, subtotal, montotarjeta, fechaventa, idparametros]
oct 14, 2021 8:19:38 PM org.hibernate.jpa.internal.EntityManagerFactoryRegistry addEntityManagerFactory
WARN: HHH000436: Entity manager factory name (DB) is already registered.  If entity manager will be clustered or passivated, specify a unique value for property 'hibernate.ejb.entitymanager_factory_name'
oct 14, 2021 8:19:38 PM org.hibernate.ejb.HibernatePersistence logDeprecation
WARN: HHH015016: Encountered a deprecated javax.persistence.spi.PersistenceProvider [org.hibernate.ejb.HibernatePersistence]; use [org.hibernate.jpa.HibernatePersistenceProvider] instead.
oct 14, 2021 8:19:38 PM org.hibernate.ejb.HibernatePersistence logDeprecation
WARN: HHH015016: Encountered a deprecated javax.persistence.spi.PersistenceProvider [org.hibernate.ejb.HibernatePersistence]; use [org.hibernate.jpa.HibernatePersistenceProvider] instead.
oct 14, 2021 8:19:38 PM org.hibernate.ejb.HibernatePersistence logDeprecation
WARN: HHH015016: Encountered a deprecated javax.persistence.spi.PersistenceProvider [org.hibernate.ejb.HibernatePersistence]; use [org.hibernate.jpa.HibernatePersistenceProvider] instead.
oct 14, 2021 8:19:38 PM org.hibernate.jpa.internal.util.LogHelper logPersistenceUnitInformation
INFO: HHH000204: Processing PersistenceUnitInfo [
	name: DB
	...]
oct 14, 2021 8:19:38 PM org.hibernate.engine.jdbc.connections.internal.DriverManagerConnectionProviderImpl configure
WARN: HHH000402: Using Hibernate built-in connection pool (not for production use!)
oct 14, 2021 8:19:38 PM org.hibernate.engine.jdbc.connections.internal.DriverManagerConnectionProviderImpl buildCreator
INFO: HHH000401: using driver [com.mysql.jdbc.Driver] at URL [jdbc:mysql://localhost:3306/Microcosmos?zeroDateTimeBehavior=convertToNull]
oct 14, 2021 8:19:38 PM org.hibernate.engine.jdbc.connections.internal.DriverManagerConnectionProviderImpl buildCreator
INFO: HHH000046: Connection properties: {user=root, password=****}
oct 14, 2021 8:19:38 PM org.hibernate.engine.jdbc.connections.internal.DriverManagerConnectionProviderImpl buildCreator
INFO: HHH000006: Autocommit mode: false
oct 14, 2021 8:19:38 PM org.hibernate.engine.jdbc.connections.internal.DriverManagerConnectionProviderImpl configure
INFO: HHH000115: Hibernate connection pool size: 20 (min=1)
oct 14, 2021 8:19:38 PM org.hibernate.dialect.Dialect <init>
INFO: HHH000400: Using dialect: org.hibernate.dialect.MySQLDialect
oct 14, 2021 8:19:38 PM org.hibernate.hql.internal.ast.ASTQueryTranslatorFactory <init>
INFO: HHH000397: Using ASTQueryTranslatorFactory
oct 14, 2021 8:19:38 PM org.hibernate.tool.hbm2ddl.SchemaValidator validate
INFO: HHH000229: Running schema validator
oct 14, 2021 8:19:38 PM org.hibernate.tool.hbm2ddl.SchemaValidator validate
INFO: HHH000102: Fetching database metadata
oct 14, 2021 8:19:38 PM org.hibernate.tool.hbm2ddl.TableMetadata <init>
INFO: HHH000261: Table found: microcosmos.arealaboral
oct 14, 2021 8:19:38 PM org.hibernate.tool.hbm2ddl.TableMetadata <init>
INFO: HHH000037: Columns: [idarealaboral, descripcionarealaboral, nombrearealaboral, activoarealaboral]
oct 14, 2021 8:19:38 PM org.hibernate.tool.hbm2ddl.TableMetadata <init>
INFO: HHH000261: Table found: microcosmos.arealaboralhistorica
oct 14, 2021 8:19:38 PM org.hibernate.tool.hbm2ddl.TableMetadata <init>
INFO: HHH000037: Columns: [idempleados, fechaconclusion, fechacomienzo, idarealaboralhistorica]
oct 14, 2021 8:19:38 PM org.hibernate.tool.hbm2ddl.TableMetadata <init>
INFO: HHH000261: Table found: microcosmos.articulo
oct 14, 2021 8:19:38 PM org.hibernate.tool.hbm2ddl.TableMetadata <init>
INFO: HHH000037: Columns: [idsecciontienda, stockmaximo, activoarticulo, nombrearticulo, stockminimo, precioarticulo, idtalla, stock, descripcionarticulo, idarticulo]
oct 14, 2021 8:19:38 PM org.hibernate.tool.hbm2ddl.TableMetadata <init>
INFO: HHH000261: Table found: microcosmos.clientes
oct 14, 2021 8:19:38 PM org.hibernate.tool.hbm2ddl.TableMetadata <init>
INFO: HHH000037: Columns: [telefonocliente, direccioncliente, idtipodocumento, idsexo, documento, activocliente, idcliente, nombrecliente, apellidocliente, correocliente]
oct 14, 2021 8:19:38 PM org.hibernate.tool.hbm2ddl.TableMetadata <init>
INFO: HHH000261: Table found: microcosmos.compra
oct 14, 2021 8:19:38 PM org.hibernate.tool.hbm2ddl.TableMetadata <init>
INFO: HHH000037: Columns: [idcompra, fechapedido, idproveedor, idempleados, fecharecibido, totalcompra, idestado]
oct 14, 2021 8:19:38 PM org.hibernate.tool.hbm2ddl.TableMetadata <init>
INFO: HHH000261: Table found: microcosmos.detallecompra
oct 14, 2021 8:19:38 PM org.hibernate.tool.hbm2ddl.TableMetadata <init>
INFO: HHH000037: Columns: [idcompra, iddetallecompra, preciocompra, cantidad, idarticulo]
oct 14, 2021 8:19:38 PM org.hibernate.tool.hbm2ddl.TableMetadata <init>
INFO: HHH000261: Table found: microcosmos.detalleventa
oct 14, 2021 8:19:38 PM org.hibernate.tool.hbm2ddl.TableMetadata <init>
INFO: HHH000037: Columns: [idventa, iddetalleventa, cantidad, idarticulo]
oct 14, 2021 8:19:38 PM org.hibernate.tool.hbm2ddl.TableMetadata <init>
INFO: HHH000261: Table found: microcosmos.empleados
oct 14, 2021 8:19:38 PM org.hibernate.tool.hbm2ddl.TableMetadata <init>
INFO: HHH000037: Columns: [idempleados, idarealaboral, idtipodocumento, idsexo, telefonoempleado, documento, nombreempleado, correoempleado, apellidoempleado, fechadenacimiento, activoempleado]
oct 14, 2021 8:19:38 PM org.hibernate.tool.hbm2ddl.TableMetadata <init>
INFO: HHH000261: Table found: microcosmos.entidades
oct 14, 2021 8:19:38 PM org.hibernate.tool.hbm2ddl.TableMetadata <init>
INFO: HHH000037: Columns: [identidad, activoentidad, nombreentidad]
oct 14, 2021 8:19:38 PM org.hibernate.tool.hbm2ddl.TableMetadata <init>
INFO: HHH000261: Table found: microcosmos.estado
oct 14, 2021 8:19:38 PM org.hibernate.tool.hbm2ddl.TableMetadata <init>
INFO: HHH000037: Columns: [nombreestado, activoestado, identidad, descripcionestado, idestado]
oct 14, 2021 8:19:38 PM org.hibernate.tool.hbm2ddl.TableMetadata <init>
INFO: HHH000261: Table found: microcosmos.facturasdevueltas
oct 14, 2021 8:19:38 PM org.hibernate.tool.hbm2ddl.TableMetadata <init>
INFO: HHH000037: Columns: [idventa, descripcion, fechadevolucion, idempleados, idfacturadevuelta]
oct 14, 2021 8:19:38 PM org.hibernate.tool.hbm2ddl.TableMetadata <init>
INFO: HHH000261: Table found: microcosmos.parametros
oct 14, 2021 8:19:38 PM org.hibernate.tool.hbm2ddl.TableMetadata <init>
INFO: HHH000037: Columns: [facturainicial, fechaemision, facturafinal, activoparametros, fechacaducidad, cai, idparametros]
oct 14, 2021 8:19:38 PM org.hibernate.tool.hbm2ddl.TableMetadata <init>
INFO: HHH000261: Table found: microcosmos.pedidosdevueltos
oct 14, 2021 8:19:38 PM org.hibernate.tool.hbm2ddl.TableMetadata <init>
INFO: HHH000037: Columns: [idcompra, descripcion, idempleados, idpedidosdevueltos, fechaanulacion]
oct 14, 2021 8:19:38 PM org.hibernate.tool.hbm2ddl.TableMetadata <init>
INFO: HHH000261: Table found: microcosmos.preciohistorico
oct 14, 2021 8:19:38 PM org.hibernate.tool.hbm2ddl.TableMetadata <init>
INFO: HHH000037: Columns: [precio, idpreciohistorico, fechainicial, fechafinal, idarticulo, activopreciohistorico]
oct 14, 2021 8:19:38 PM org.hibernate.tool.hbm2ddl.TableMetadata <init>
INFO: HHH000261: Table found: microcosmos.proveedores
oct 14, 2021 8:19:38 PM org.hibernate.tool.hbm2ddl.TableMetadata <init>
INFO: HHH000037: Columns: [idproveedor, activoproveedor, idtipodocumento, nombreproveedor, correoproveedor, telefonoproveedor, documento, ubicacionproveedor]
oct 14, 2021 8:19:38 PM org.hibernate.tool.hbm2ddl.TableMetadata <init>
INFO: HHH000261: Table found: microcosmos.secciontienda
oct 14, 2021 8:19:38 PM org.hibernate.tool.hbm2ddl.TableMetadata <init>
INFO: HHH000037: Columns: [idsecciontienda, descripcionsecciontienda, nombresecciontienda, activosecciontienda]
oct 14, 2021 8:19:38 PM org.hibernate.tool.hbm2ddl.TableMetadata <init>
INFO: HHH000261: Table found: microcosmos.sexo
oct 14, 2021 8:19:38 PM org.hibernate.tool.hbm2ddl.TableMetadata <init>
INFO: HHH000037: Columns: [idsexo, nombresexo, descripcionsexo]
oct 14, 2021 8:19:38 PM org.hibernate.tool.hbm2ddl.TableMetadata <init>
INFO: HHH000261: Table found: microcosmos.talla
oct 14, 2021 8:19:38 PM org.hibernate.tool.hbm2ddl.TableMetadata <init>
INFO: HHH000037: Columns: [activotalla, nombretalla, descripciontalla, idtalla]
oct 14, 2021 8:19:38 PM org.hibernate.tool.hbm2ddl.TableMetadata <init>
INFO: HHH000261: Table found: microcosmos.tipodepago
oct 14, 2021 8:19:38 PM org.hibernate.tool.hbm2ddl.TableMetadata <init>
INFO: HHH000037: Columns: [descripciontipodepago, nombretipodepago, idtipodepago, activotipodepago]
oct 14, 2021 8:19:38 PM org.hibernate.tool.hbm2ddl.TableMetadata <init>
INFO: HHH000261: Table found: microcosmos.tipodocumento
oct 14, 2021 8:19:38 PM org.hibernate.tool.hbm2ddl.TableMetadata <init>
INFO: HHH000037: Columns: [nombretipodocumento, descripciontipodocumento, activotipodocumento, idtipodocumento]
oct 14, 2021 8:19:38 PM org.hibernate.tool.hbm2ddl.TableMetadata <init>
INFO: HHH000261: Table found: microcosmos.usuarios
oct 14, 2021 8:19:38 PM org.hibernate.tool.hbm2ddl.TableMetadata <init>
INFO: HHH000037: Columns: [nombreusuario, idempleados, numerodeintentos, activousuario, admin, contrasena, idusuario]
oct 14, 2021 8:19:38 PM org.hibernate.tool.hbm2ddl.TableMetadata <init>
INFO: HHH000261: Table found: microcosmos.venta
oct 14, 2021 8:19:38 PM org.hibernate.tool.hbm2ddl.TableMetadata <init>
INFO: HHH000037: Columns: [numtarjeta, idtipodepago, formato, montoefectivo, idcliente, idestado, idventa, total, idempleados, impuesto, subtotal, montotarjeta, fechaventa, idparametros]
oct 14, 2021 8:19:38 PM org.hibernate.jpa.internal.EntityManagerFactoryRegistry addEntityManagerFactory
WARN: HHH000436: Entity manager factory name (DB) is already registered.  If entity manager will be clustered or passivated, specify a unique value for property 'hibernate.ejb.entitymanager_factory_name'
oct 14, 2021 8:19:38 PM org.hibernate.ejb.HibernatePersistence logDeprecation
WARN: HHH015016: Encountered a deprecated javax.persistence.spi.PersistenceProvider [org.hibernate.ejb.HibernatePersistence]; use [org.hibernate.jpa.HibernatePersistenceProvider] instead.
oct 14, 2021 8:19:38 PM org.hibernate.ejb.HibernatePersistence logDeprecation
WARN: HHH015016: Encountered a deprecated javax.persistence.spi.PersistenceProvider [org.hibernate.ejb.HibernatePersistence]; use [org.hibernate.jpa.HibernatePersistenceProvider] instead.
oct 14, 2021 8:19:38 PM org.hibernate.ejb.HibernatePersistence logDeprecation
WARN: HHH015016: Encountered a deprecated javax.persistence.spi.PersistenceProvider [org.hibernate.ejb.HibernatePersistence]; use [org.hibernate.jpa.HibernatePersistenceProvider] instead.
oct 14, 2021 8:19:38 PM org.hibernate.jpa.internal.util.LogHelper logPersistenceUnitInformation
INFO: HHH000204: Processing PersistenceUnitInfo [
	name: DB
	...]
oct 14, 2021 8:19:38 PM org.hibernate.engine.jdbc.connections.internal.DriverManagerConnectionProviderImpl configure
WARN: HHH000402: Using Hibernate built-in connection pool (not for production use!)
oct 14, 2021 8:19:38 PM org.hibernate.engine.jdbc.connections.internal.DriverManagerConnectionProviderImpl buildCreator
INFO: HHH000401: using driver [com.mysql.jdbc.Driver] at URL [jdbc:mysql://localhost:3306/Microcosmos?zeroDateTimeBehavior=convertToNull]
oct 14, 2021 8:19:38 PM org.hibernate.engine.jdbc.connections.internal.DriverManagerConnectionProviderImpl buildCreator
INFO: HHH000046: Connection properties: {user=root, password=****}
oct 14, 2021 8:19:38 PM org.hibernate.engine.jdbc.connections.internal.DriverManagerConnectionProviderImpl buildCreator
INFO: HHH000006: Autocommit mode: false
oct 14, 2021 8:19:38 PM org.hibernate.engine.jdbc.connections.internal.DriverManagerConnectionProviderImpl configure
INFO: HHH000115: Hibernate connection pool size: 20 (min=1)
oct 14, 2021 8:19:38 PM org.hibernate.dialect.Dialect <init>
INFO: HHH000400: Using dialect: org.hibernate.dialect.MySQLDialect
oct 14, 2021 8:19:38 PM org.hibernate.hql.internal.ast.ASTQueryTranslatorFactory <init>
INFO: HHH000397: Using ASTQueryTranslatorFactory
oct 14, 2021 8:19:38 PM org.hibernate.tool.hbm2ddl.SchemaValidator validate
INFO: HHH000229: Running schema validator
oct 14, 2021 8:19:38 PM org.hibernate.tool.hbm2ddl.SchemaValidator validate
INFO: HHH000102: Fetching database metadata
oct 14, 2021 8:19:38 PM org.hibernate.tool.hbm2ddl.TableMetadata <init>
INFO: HHH000261: Table found: microcosmos.arealaboral
oct 14, 2021 8:19:38 PM org.hibernate.tool.hbm2ddl.TableMetadata <init>
INFO: HHH000037: Columns: [idarealaboral, descripcionarealaboral, nombrearealaboral, activoarealaboral]
oct 14, 2021 8:19:38 PM org.hibernate.tool.hbm2ddl.TableMetadata <init>
INFO: HHH000261: Table found: microcosmos.arealaboralhistorica
oct 14, 2021 8:19:38 PM org.hibernate.tool.hbm2ddl.TableMetadata <init>
INFO: HHH000037: Columns: [idempleados, fechaconclusion, fechacomienzo, idarealaboralhistorica]
oct 14, 2021 8:19:38 PM org.hibernate.tool.hbm2ddl.TableMetadata <init>
INFO: HHH000261: Table found: microcosmos.articulo
oct 14, 2021 8:19:38 PM org.hibernate.tool.hbm2ddl.TableMetadata <init>
INFO: HHH000037: Columns: [idsecciontienda, stockmaximo, activoarticulo, nombrearticulo, stockminimo, precioarticulo, idtalla, stock, descripcionarticulo, idarticulo]
oct 14, 2021 8:19:38 PM org.hibernate.tool.hbm2ddl.TableMetadata <init>
INFO: HHH000261: Table found: microcosmos.clientes
oct 14, 2021 8:19:38 PM org.hibernate.tool.hbm2ddl.TableMetadata <init>
INFO: HHH000037: Columns: [telefonocliente, direccioncliente, idtipodocumento, idsexo, documento, activocliente, idcliente, nombrecliente, apellidocliente, correocliente]
oct 14, 2021 8:19:38 PM org.hibernate.tool.hbm2ddl.TableMetadata <init>
INFO: HHH000261: Table found: microcosmos.compra
oct 14, 2021 8:19:38 PM org.hibernate.tool.hbm2ddl.TableMetadata <init>
INFO: HHH000037: Columns: [idcompra, fechapedido, idproveedor, idempleados, fecharecibido, totalcompra, idestado]
oct 14, 2021 8:19:38 PM org.hibernate.tool.hbm2ddl.TableMetadata <init>
INFO: HHH000261: Table found: microcosmos.detallecompra
oct 14, 2021 8:19:38 PM org.hibernate.tool.hbm2ddl.TableMetadata <init>
INFO: HHH000037: Columns: [idcompra, iddetallecompra, preciocompra, cantidad, idarticulo]
oct 14, 2021 8:19:38 PM org.hibernate.tool.hbm2ddl.TableMetadata <init>
INFO: HHH000261: Table found: microcosmos.detalleventa
oct 14, 2021 8:19:38 PM org.hibernate.tool.hbm2ddl.TableMetadata <init>
INFO: HHH000037: Columns: [idventa, iddetalleventa, cantidad, idarticulo]
oct 14, 2021 8:19:38 PM org.hibernate.tool.hbm2ddl.TableMetadata <init>
INFO: HHH000261: Table found: microcosmos.empleados
oct 14, 2021 8:19:38 PM org.hibernate.tool.hbm2ddl.TableMetadata <init>
INFO: HHH000037: Columns: [idempleados, idarealaboral, idtipodocumento, idsexo, telefonoempleado, documento, nombreempleado, correoempleado, apellidoempleado, fechadenacimiento, activoempleado]
oct 14, 2021 8:19:38 PM org.hibernate.tool.hbm2ddl.TableMetadata <init>
INFO: HHH000261: Table found: microcosmos.entidades
oct 14, 2021 8:19:38 PM org.hibernate.tool.hbm2ddl.TableMetadata <init>
INFO: HHH000037: Columns: [identidad, activoentidad, nombreentidad]
oct 14, 2021 8:19:38 PM org.hibernate.tool.hbm2ddl.TableMetadata <init>
INFO: HHH000261: Table found: microcosmos.estado
oct 14, 2021 8:19:38 PM org.hibernate.tool.hbm2ddl.TableMetadata <init>
INFO: HHH000037: Columns: [nombreestado, activoestado, identidad, descripcionestado, idestado]
oct 14, 2021 8:19:38 PM org.hibernate.tool.hbm2ddl.TableMetadata <init>
INFO: HHH000261: Table found: microcosmos.facturasdevueltas
oct 14, 2021 8:19:38 PM org.hibernate.tool.hbm2ddl.TableMetadata <init>
INFO: HHH000037: Columns: [idventa, descripcion, fechadevolucion, idempleados, idfacturadevuelta]
oct 14, 2021 8:19:38 PM org.hibernate.tool.hbm2ddl.TableMetadata <init>
INFO: HHH000261: Table found: microcosmos.parametros
oct 14, 2021 8:19:38 PM org.hibernate.tool.hbm2ddl.TableMetadata <init>
INFO: HHH000037: Columns: [facturainicial, fechaemision, facturafinal, activoparametros, fechacaducidad, cai, idparametros]
oct 14, 2021 8:19:38 PM org.hibernate.tool.hbm2ddl.TableMetadata <init>
INFO: HHH000261: Table found: microcosmos.pedidosdevueltos
oct 14, 2021 8:19:38 PM org.hibernate.tool.hbm2ddl.TableMetadata <init>
INFO: HHH000037: Columns: [idcompra, descripcion, idempleados, idpedidosdevueltos, fechaanulacion]
oct 14, 2021 8:19:38 PM org.hibernate.tool.hbm2ddl.TableMetadata <init>
INFO: HHH000261: Table found: microcosmos.preciohistorico
oct 14, 2021 8:19:38 PM org.hibernate.tool.hbm2ddl.TableMetadata <init>
INFO: HHH000037: Columns: [precio, idpreciohistorico, fechainicial, fechafinal, idarticulo, activopreciohistorico]
oct 14, 2021 8:19:38 PM org.hibernate.tool.hbm2ddl.TableMetadata <init>
INFO: HHH000261: Table found: microcosmos.proveedores
oct 14, 2021 8:19:38 PM org.hibernate.tool.hbm2ddl.TableMetadata <init>
INFO: HHH000037: Columns: [idproveedor, activoproveedor, idtipodocumento, nombreproveedor, correoproveedor, telefonoproveedor, documento, ubicacionproveedor]
oct 14, 2021 8:19:38 PM org.hibernate.tool.hbm2ddl.TableMetadata <init>
INFO: HHH000261: Table found: microcosmos.secciontienda
oct 14, 2021 8:19:38 PM org.hibernate.tool.hbm2ddl.TableMetadata <init>
INFO: HHH000037: Columns: [idsecciontienda, descripcionsecciontienda, nombresecciontienda, activosecciontienda]
oct 14, 2021 8:19:38 PM org.hibernate.tool.hbm2ddl.TableMetadata <init>
INFO: HHH000261: Table found: microcosmos.sexo
oct 14, 2021 8:19:38 PM org.hibernate.tool.hbm2ddl.TableMetadata <init>
INFO: HHH000037: Columns: [idsexo, nombresexo, descripcionsexo]
oct 14, 2021 8:19:38 PM org.hibernate.tool.hbm2ddl.TableMetadata <init>
INFO: HHH000261: Table found: microcosmos.talla
oct 14, 2021 8:19:38 PM org.hibernate.tool.hbm2ddl.TableMetadata <init>
INFO: HHH000037: Columns: [activotalla, nombretalla, descripciontalla, idtalla]
oct 14, 2021 8:19:38 PM org.hibernate.tool.hbm2ddl.TableMetadata <init>
INFO: HHH000261: Table found: microcosmos.tipodepago
oct 14, 2021 8:19:38 PM org.hibernate.tool.hbm2ddl.TableMetadata <init>
INFO: HHH000037: Columns: [descripciontipodepago, nombretipodepago, idtipodepago, activotipodepago]
oct 14, 2021 8:19:38 PM org.hibernate.tool.hbm2ddl.TableMetadata <init>
INFO: HHH000261: Table found: microcosmos.tipodocumento
oct 14, 2021 8:19:38 PM org.hibernate.tool.hbm2ddl.TableMetadata <init>
INFO: HHH000037: Columns: [nombretipodocumento, descripciontipodocumento, activotipodocumento, idtipodocumento]
oct 14, 2021 8:19:38 PM org.hibernate.tool.hbm2ddl.TableMetadata <init>
INFO: HHH000261: Table found: microcosmos.usuarios
oct 14, 2021 8:19:38 PM org.hibernate.tool.hbm2ddl.TableMetadata <init>
INFO: HHH000037: Columns: [nombreusuario, idempleados, numerodeintentos, activousuario, admin, contrasena, idusuario]
oct 14, 2021 8:19:38 PM org.hibernate.tool.hbm2ddl.TableMetadata <init>
INFO: HHH000261: Table found: microcosmos.venta
oct 14, 2021 8:19:38 PM org.hibernate.tool.hbm2ddl.TableMetadata <init>
INFO: HHH000037: Columns: [numtarjeta, idtipodepago, formato, montoefectivo, idcliente, idestado, idventa, total, idempleados, impuesto, subtotal, montotarjeta, fechaventa, idparametros]
oct 14, 2021 8:19:38 PM org.hibernate.jpa.internal.EntityManagerFactoryRegistry addEntityManagerFactory
WARN: HHH000436: Entity manager factory name (DB) is already registered.  If entity manager will be clustered or passivated, specify a unique value for property 'hibernate.ejb.entitymanager_factory_name'
oct 14, 2021 8:19:38 PM org.hibernate.ejb.HibernatePersistence logDeprecation
WARN: HHH015016: Encountered a deprecated javax.persistence.spi.PersistenceProvider [org.hibernate.ejb.HibernatePersistence]; use [org.hibernate.jpa.HibernatePersistenceProvider] instead.
oct 14, 2021 8:19:38 PM org.hibernate.ejb.HibernatePersistence logDeprecation
WARN: HHH015016: Encountered a deprecated javax.persistence.spi.PersistenceProvider [org.hibernate.ejb.HibernatePersistence]; use [org.hibernate.jpa.HibernatePersistenceProvider] instead.
oct 14, 2021 8:19:38 PM org.hibernate.ejb.HibernatePersistence logDeprecation
WARN: HHH015016: Encountered a deprecated javax.persistence.spi.PersistenceProvider [org.hibernate.ejb.HibernatePersistence]; use [org.hibernate.jpa.HibernatePersistenceProvider] instead.
oct 14, 2021 8:19:39 PM org.hibernate.jpa.internal.util.LogHelper logPersistenceUnitInformation
INFO: HHH000204: Processing PersistenceUnitInfo [
	name: DB
	...]
oct 14, 2021 8:19:39 PM org.hibernate.engine.jdbc.connections.internal.DriverManagerConnectionProviderImpl configure
WARN: HHH000402: Using Hibernate built-in connection pool (not for production use!)
oct 14, 2021 8:19:39 PM org.hibernate.engine.jdbc.connections.internal.DriverManagerConnectionProviderImpl buildCreator
INFO: HHH000401: using driver [com.mysql.jdbc.Driver] at URL [jdbc:mysql://localhost:3306/Microcosmos?zeroDateTimeBehavior=convertToNull]
oct 14, 2021 8:19:39 PM org.hibernate.engine.jdbc.connections.internal.DriverManagerConnectionProviderImpl buildCreator
INFO: HHH000046: Connection properties: {user=root, password=****}
oct 14, 2021 8:19:39 PM org.hibernate.engine.jdbc.connections.internal.DriverManagerConnectionProviderImpl buildCreator
INFO: HHH000006: Autocommit mode: false
oct 14, 2021 8:19:39 PM org.hibernate.engine.jdbc.connections.internal.DriverManagerConnectionProviderImpl configure
INFO: HHH000115: Hibernate connection pool size: 20 (min=1)
oct 14, 2021 8:19:39 PM org.hibernate.dialect.Dialect <init>
INFO: HHH000400: Using dialect: org.hibernate.dialect.MySQLDialect
oct 14, 2021 8:19:39 PM org.hibernate.hql.internal.ast.ASTQueryTranslatorFactory <init>
INFO: HHH000397: Using ASTQueryTranslatorFactory
oct 14, 2021 8:19:39 PM org.hibernate.tool.hbm2ddl.SchemaValidator validate
INFO: HHH000229: Running schema validator
oct 14, 2021 8:19:39 PM org.hibernate.tool.hbm2ddl.SchemaValidator validate
INFO: HHH000102: Fetching database metadata
oct 14, 2021 8:19:39 PM org.hibernate.tool.hbm2ddl.TableMetadata <init>
INFO: HHH000261: Table found: microcosmos.arealaboral
oct 14, 2021 8:19:39 PM org.hibernate.tool.hbm2ddl.TableMetadata <init>
INFO: HHH000037: Columns: [idarealaboral, descripcionarealaboral, nombrearealaboral, activoarealaboral]
oct 14, 2021 8:19:39 PM org.hibernate.tool.hbm2ddl.TableMetadata <init>
INFO: HHH000261: Table found: microcosmos.arealaboralhistorica
oct 14, 2021 8:19:39 PM org.hibernate.tool.hbm2ddl.TableMetadata <init>
INFO: HHH000037: Columns: [idempleados, fechaconclusion, fechacomienzo, idarealaboralhistorica]
oct 14, 2021 8:19:39 PM org.hibernate.tool.hbm2ddl.TableMetadata <init>
INFO: HHH000261: Table found: microcosmos.articulo
oct 14, 2021 8:19:39 PM org.hibernate.tool.hbm2ddl.TableMetadata <init>
INFO: HHH000037: Columns: [idsecciontienda, stockmaximo, activoarticulo, nombrearticulo, stockminimo, precioarticulo, idtalla, stock, descripcionarticulo, idarticulo]
oct 14, 2021 8:19:39 PM org.hibernate.tool.hbm2ddl.TableMetadata <init>
INFO: HHH000261: Table found: microcosmos.clientes
oct 14, 2021 8:19:39 PM org.hibernate.tool.hbm2ddl.TableMetadata <init>
INFO: HHH000037: Columns: [telefonocliente, direccioncliente, idtipodocumento, idsexo, documento, activocliente, idcliente, nombrecliente, apellidocliente, correocliente]
oct 14, 2021 8:19:39 PM org.hibernate.tool.hbm2ddl.TableMetadata <init>
INFO: HHH000261: Table found: microcosmos.compra
oct 14, 2021 8:19:39 PM org.hibernate.tool.hbm2ddl.TableMetadata <init>
INFO: HHH000037: Columns: [idcompra, fechapedido, idproveedor, idempleados, fecharecibido, totalcompra, idestado]
oct 14, 2021 8:19:39 PM org.hibernate.tool.hbm2ddl.TableMetadata <init>
INFO: HHH000261: Table found: microcosmos.detallecompra
oct 14, 2021 8:19:39 PM org.hibernate.tool.hbm2ddl.TableMetadata <init>
INFO: HHH000037: Columns: [idcompra, iddetallecompra, preciocompra, cantidad, idarticulo]
oct 14, 2021 8:19:39 PM org.hibernate.tool.hbm2ddl.TableMetadata <init>
INFO: HHH000261: Table found: microcosmos.detalleventa
oct 14, 2021 8:19:39 PM org.hibernate.tool.hbm2ddl.TableMetadata <init>
INFO: HHH000037: Columns: [idventa, iddetalleventa, cantidad, idarticulo]
oct 14, 2021 8:19:39 PM org.hibernate.tool.hbm2ddl.TableMetadata <init>
INFO: HHH000261: Table found: microcosmos.empleados
oct 14, 2021 8:19:39 PM org.hibernate.tool.hbm2ddl.TableMetadata <init>
INFO: HHH000037: Columns: [idempleados, idarealaboral, idtipodocumento, idsexo, telefonoempleado, documento, nombreempleado, correoempleado, apellidoempleado, fechadenacimiento, activoempleado]
oct 14, 2021 8:19:39 PM org.hibernate.tool.hbm2ddl.TableMetadata <init>
INFO: HHH000261: Table found: microcosmos.entidades
oct 14, 2021 8:19:39 PM org.hibernate.tool.hbm2ddl.TableMetadata <init>
INFO: HHH000037: Columns: [identidad, activoentidad, nombreentidad]
oct 14, 2021 8:19:39 PM org.hibernate.tool.hbm2ddl.TableMetadata <init>
INFO: HHH000261: Table found: microcosmos.estado
oct 14, 2021 8:19:39 PM org.hibernate.tool.hbm2ddl.TableMetadata <init>
INFO: HHH000037: Columns: [nombreestado, activoestado, identidad, descripcionestado, idestado]
oct 14, 2021 8:19:39 PM org.hibernate.tool.hbm2ddl.TableMetadata <init>
INFO: HHH000261: Table found: microcosmos.facturasdevueltas
oct 14, 2021 8:19:39 PM org.hibernate.tool.hbm2ddl.TableMetadata <init>
INFO: HHH000037: Columns: [idventa, descripcion, fechadevolucion, idempleados, idfacturadevuelta]
oct 14, 2021 8:19:39 PM org.hibernate.tool.hbm2ddl.TableMetadata <init>
INFO: HHH000261: Table found: microcosmos.parametros
oct 14, 2021 8:19:39 PM org.hibernate.tool.hbm2ddl.TableMetadata <init>
INFO: HHH000037: Columns: [facturainicial, fechaemision, facturafinal, activoparametros, fechacaducidad, cai, idparametros]
oct 14, 2021 8:19:39 PM org.hibernate.tool.hbm2ddl.TableMetadata <init>
INFO: HHH000261: Table found: microcosmos.pedidosdevueltos
oct 14, 2021 8:19:39 PM org.hibernate.tool.hbm2ddl.TableMetadata <init>
INFO: HHH000037: Columns: [idcompra, descripcion, idempleados, idpedidosdevueltos, fechaanulacion]
oct 14, 2021 8:19:39 PM org.hibernate.tool.hbm2ddl.TableMetadata <init>
INFO: HHH000261: Table found: microcosmos.preciohistorico
oct 14, 2021 8:19:39 PM org.hibernate.tool.hbm2ddl.TableMetadata <init>
INFO: HHH000037: Columns: [precio, idpreciohistorico, fechainicial, fechafinal, idarticulo, activopreciohistorico]
oct 14, 2021 8:19:39 PM org.hibernate.tool.hbm2ddl.TableMetadata <init>
INFO: HHH000261: Table found: microcosmos.proveedores
oct 14, 2021 8:19:39 PM org.hibernate.tool.hbm2ddl.TableMetadata <init>
INFO: HHH000037: Columns: [idproveedor, activoproveedor, idtipodocumento, nombreproveedor, correoproveedor, telefonoproveedor, documento, ubicacionproveedor]
oct 14, 2021 8:19:39 PM org.hibernate.tool.hbm2ddl.TableMetadata <init>
INFO: HHH000261: Table found: microcosmos.secciontienda
oct 14, 2021 8:19:39 PM org.hibernate.tool.hbm2ddl.TableMetadata <init>
INFO: HHH000037: Columns: [idsecciontienda, descripcionsecciontienda, nombresecciontienda, activosecciontienda]
oct 14, 2021 8:19:39 PM org.hibernate.tool.hbm2ddl.TableMetadata <init>
INFO: HHH000261: Table found: microcosmos.sexo
oct 14, 2021 8:19:39 PM org.hibernate.tool.hbm2ddl.TableMetadata <init>
INFO: HHH000037: Columns: [idsexo, nombresexo, descripcionsexo]
oct 14, 2021 8:19:39 PM org.hibernate.tool.hbm2ddl.TableMetadata <init>
INFO: HHH000261: Table found: microcosmos.talla
oct 14, 2021 8:19:39 PM org.hibernate.tool.hbm2ddl.TableMetadata <init>
INFO: HHH000037: Columns: [activotalla, nombretalla, descripciontalla, idtalla]
oct 14, 2021 8:19:39 PM org.hibernate.tool.hbm2ddl.TableMetadata <init>
INFO: HHH000261: Table found: microcosmos.tipodepago
oct 14, 2021 8:19:39 PM org.hibernate.tool.hbm2ddl.TableMetadata <init>
INFO: HHH000037: Columns: [descripciontipodepago, nombretipodepago, idtipodepago, activotipodepago]
oct 14, 2021 8:19:39 PM org.hibernate.tool.hbm2ddl.TableMetadata <init>
INFO: HHH000261: Table found: microcosmos.tipodocumento
oct 14, 2021 8:19:39 PM org.hibernate.tool.hbm2ddl.TableMetadata <init>
INFO: HHH000037: Columns: [nombretipodocumento, descripciontipodocumento, activotipodocumento, idtipodocumento]
oct 14, 2021 8:19:39 PM org.hibernate.tool.hbm2ddl.TableMetadata <init>
INFO: HHH000261: Table found: microcosmos.usuarios
oct 14, 2021 8:19:39 PM org.hibernate.tool.hbm2ddl.TableMetadata <init>
INFO: HHH000037: Columns: [nombreusuario, idempleados, numerodeintentos, activousuario, admin, contrasena, idusuario]
oct 14, 2021 8:19:39 PM org.hibernate.tool.hbm2ddl.TableMetadata <init>
INFO: HHH000261: Table found: microcosmos.venta
oct 14, 2021 8:19:39 PM org.hibernate.tool.hbm2ddl.TableMetadata <init>
INFO: HHH000037: Columns: [numtarjeta, idtipodepago, formato, montoefectivo, idcliente, idestado, idventa, total, idempleados, impuesto, subtotal, montotarjeta, fechaventa, idparametros]
oct 14, 2021 8:19:39 PM org.hibernate.jpa.internal.EntityManagerFactoryRegistry addEntityManagerFactory
WARN: HHH000436: Entity manager factory name (DB) is already registered.  If entity manager will be clustered or passivated, specify a unique value for property 'hibernate.ejb.entitymanager_factory_name'
oct 14, 2021 8:19:39 PM org.hibernate.ejb.HibernatePersistence logDeprecation
WARN: HHH015016: Encountered a deprecated javax.persistence.spi.PersistenceProvider [org.hibernate.ejb.HibernatePersistence]; use [org.hibernate.jpa.HibernatePersistenceProvider] instead.
oct 14, 2021 8:19:39 PM org.hibernate.ejb.HibernatePersistence logDeprecation
WARN: HHH015016: Encountered a deprecated javax.persistence.spi.PersistenceProvider [org.hibernate.ejb.HibernatePersistence]; use [org.hibernate.jpa.HibernatePersistenceProvider] instead.
oct 14, 2021 8:19:39 PM org.hibernate.ejb.HibernatePersistence logDeprecation
WARN: HHH015016: Encountered a deprecated javax.persistence.spi.PersistenceProvider [org.hibernate.ejb.HibernatePersistence]; use [org.hibernate.jpa.HibernatePersistenceProvider] instead.
oct 14, 2021 8:19:39 PM org.hibernate.jpa.internal.util.LogHelper logPersistenceUnitInformation
INFO: HHH000204: Processing PersistenceUnitInfo [
	name: DB
	...]
oct 14, 2021 8:19:39 PM org.hibernate.engine.jdbc.connections.internal.DriverManagerConnectionProviderImpl configure
WARN: HHH000402: Using Hibernate built-in connection pool (not for production use!)
oct 14, 2021 8:19:39 PM org.hibernate.engine.jdbc.connections.internal.DriverManagerConnectionProviderImpl buildCreator
INFO: HHH000401: using driver [com.mysql.jdbc.Driver] at URL [jdbc:mysql://localhost:3306/Microcosmos?zeroDateTimeBehavior=convertToNull]
oct 14, 2021 8:19:39 PM org.hibernate.engine.jdbc.connections.internal.DriverManagerConnectionProviderImpl buildCreator
INFO: HHH000046: Connection properties: {user=root, password=****}
oct 14, 2021 8:19:39 PM org.hibernate.engine.jdbc.connections.internal.DriverManagerConnectionProviderImpl buildCreator
INFO: HHH000006: Autocommit mode: false
oct 14, 2021 8:19:39 PM org.hibernate.engine.jdbc.connections.internal.DriverManagerConnectionProviderImpl configure
INFO: HHH000115: Hibernate connection pool size: 20 (min=1)
oct 14, 2021 8:19:39 PM org.hibernate.dialect.Dialect <init>
INFO: HHH000400: Using dialect: org.hibernate.dialect.MySQLDialect
oct 14, 2021 8:19:39 PM org.hibernate.hql.internal.ast.ASTQueryTranslatorFactory <init>
INFO: HHH000397: Using ASTQueryTranslatorFactory
oct 14, 2021 8:19:39 PM org.hibernate.tool.hbm2ddl.SchemaValidator validate
INFO: HHH000229: Running schema validator
oct 14, 2021 8:19:39 PM org.hibernate.tool.hbm2ddl.SchemaValidator validate
INFO: HHH000102: Fetching database metadata
oct 14, 2021 8:19:39 PM org.hibernate.tool.hbm2ddl.TableMetadata <init>
INFO: HHH000261: Table found: microcosmos.arealaboral
oct 14, 2021 8:19:39 PM org.hibernate.tool.hbm2ddl.TableMetadata <init>
INFO: HHH000037: Columns: [idarealaboral, descripcionarealaboral, nombrearealaboral, activoarealaboral]
oct 14, 2021 8:19:39 PM org.hibernate.tool.hbm2ddl.TableMetadata <init>
INFO: HHH000261: Table found: microcosmos.arealaboralhistorica
oct 14, 2021 8:19:39 PM org.hibernate.tool.hbm2ddl.TableMetadata <init>
INFO: HHH000037: Columns: [idempleados, fechaconclusion, fechacomienzo, idarealaboralhistorica]
oct 14, 2021 8:19:39 PM org.hibernate.tool.hbm2ddl.TableMetadata <init>
INFO: HHH000261: Table found: microcosmos.articulo
oct 14, 2021 8:19:39 PM org.hibernate.tool.hbm2ddl.TableMetadata <init>
INFO: HHH000037: Columns: [idsecciontienda, stockmaximo, activoarticulo, nombrearticulo, stockminimo, precioarticulo, idtalla, stock, descripcionarticulo, idarticulo]
oct 14, 2021 8:19:39 PM org.hibernate.tool.hbm2ddl.TableMetadata <init>
INFO: HHH000261: Table found: microcosmos.clientes
oct 14, 2021 8:19:39 PM org.hibernate.tool.hbm2ddl.TableMetadata <init>
INFO: HHH000037: Columns: [telefonocliente, direccioncliente, idtipodocumento, idsexo, documento, activocliente, idcliente, nombrecliente, apellidocliente, correocliente]
oct 14, 2021 8:19:39 PM org.hibernate.tool.hbm2ddl.TableMetadata <init>
INFO: HHH000261: Table found: microcosmos.compra
oct 14, 2021 8:19:39 PM org.hibernate.tool.hbm2ddl.TableMetadata <init>
INFO: HHH000037: Columns: [idcompra, fechapedido, idproveedor, idempleados, fecharecibido, totalcompra, idestado]
oct 14, 2021 8:19:39 PM org.hibernate.tool.hbm2ddl.TableMetadata <init>
INFO: HHH000261: Table found: microcosmos.detallecompra
oct 14, 2021 8:19:39 PM org.hibernate.tool.hbm2ddl.TableMetadata <init>
INFO: HHH000037: Columns: [idcompra, iddetallecompra, preciocompra, cantidad, idarticulo]
oct 14, 2021 8:19:39 PM org.hibernate.tool.hbm2ddl.TableMetadata <init>
INFO: HHH000261: Table found: microcosmos.detalleventa
oct 14, 2021 8:19:39 PM org.hibernate.tool.hbm2ddl.TableMetadata <init>
INFO: HHH000037: Columns: [idventa, iddetalleventa, cantidad, idarticulo]
oct 14, 2021 8:19:39 PM org.hibernate.tool.hbm2ddl.TableMetadata <init>
INFO: HHH000261: Table found: microcosmos.empleados
oct 14, 2021 8:19:39 PM org.hibernate.tool.hbm2ddl.TableMetadata <init>
INFO: HHH000037: Columns: [idempleados, idarealaboral, idtipodocumento, idsexo, telefonoempleado, documento, nombreempleado, correoempleado, apellidoempleado, fechadenacimiento, activoempleado]
oct 14, 2021 8:19:39 PM org.hibernate.tool.hbm2ddl.TableMetadata <init>
INFO: HHH000261: Table found: microcosmos.entidades
oct 14, 2021 8:19:39 PM org.hibernate.tool.hbm2ddl.TableMetadata <init>
INFO: HHH000037: Columns: [identidad, activoentidad, nombreentidad]
oct 14, 2021 8:19:39 PM org.hibernate.tool.hbm2ddl.TableMetadata <init>
INFO: HHH000261: Table found: microcosmos.estado
oct 14, 2021 8:19:39 PM org.hibernate.tool.hbm2ddl.TableMetadata <init>
INFO: HHH000037: Columns: [nombreestado, activoestado, identidad, descripcionestado, idestado]
oct 14, 2021 8:19:39 PM org.hibernate.tool.hbm2ddl.TableMetadata <init>
INFO: HHH000261: Table found: microcosmos.facturasdevueltas
oct 14, 2021 8:19:39 PM org.hibernate.tool.hbm2ddl.TableMetadata <init>
INFO: HHH000037: Columns: [idventa, descripcion, fechadevolucion, idempleados, idfacturadevuelta]
oct 14, 2021 8:19:39 PM org.hibernate.tool.hbm2ddl.TableMetadata <init>
INFO: HHH000261: Table found: microcosmos.parametros
oct 14, 2021 8:19:39 PM org.hibernate.tool.hbm2ddl.TableMetadata <init>
INFO: HHH000037: Columns: [facturainicial, fechaemision, facturafinal, activoparametros, fechacaducidad, cai, idparametros]
oct 14, 2021 8:19:39 PM org.hibernate.tool.hbm2ddl.TableMetadata <init>
INFO: HHH000261: Table found: microcosmos.pedidosdevueltos
oct 14, 2021 8:19:39 PM org.hibernate.tool.hbm2ddl.TableMetadata <init>
INFO: HHH000037: Columns: [idcompra, descripcion, idempleados, idpedidosdevueltos, fechaanulacion]
oct 14, 2021 8:19:39 PM org.hibernate.tool.hbm2ddl.TableMetadata <init>
INFO: HHH000261: Table found: microcosmos.preciohistorico
oct 14, 2021 8:19:39 PM org.hibernate.tool.hbm2ddl.TableMetadata <init>
INFO: HHH000037: Columns: [precio, idpreciohistorico, fechainicial, fechafinal, idarticulo, activopreciohistorico]
oct 14, 2021 8:19:39 PM org.hibernate.tool.hbm2ddl.TableMetadata <init>
INFO: HHH000261: Table found: microcosmos.proveedores
oct 14, 2021 8:19:39 PM org.hibernate.tool.hbm2ddl.TableMetadata <init>
INFO: HHH000037: Columns: [idproveedor, activoproveedor, idtipodocumento, nombreproveedor, correoproveedor, telefonoproveedor, documento, ubicacionproveedor]
oct 14, 2021 8:19:39 PM org.hibernate.tool.hbm2ddl.TableMetadata <init>
INFO: HHH000261: Table found: microcosmos.secciontienda
oct 14, 2021 8:19:39 PM org.hibernate.tool.hbm2ddl.TableMetadata <init>
INFO: HHH000037: Columns: [idsecciontienda, descripcionsecciontienda, nombresecciontienda, activosecciontienda]
oct 14, 2021 8:19:39 PM org.hibernate.tool.hbm2ddl.TableMetadata <init>
INFO: HHH000261: Table found: microcosmos.sexo
oct 14, 2021 8:19:39 PM org.hibernate.tool.hbm2ddl.TableMetadata <init>
INFO: HHH000037: Columns: [idsexo, nombresexo, descripcionsexo]
oct 14, 2021 8:19:39 PM org.hibernate.tool.hbm2ddl.TableMetadata <init>
INFO: HHH000261: Table found: microcosmos.talla
oct 14, 2021 8:19:39 PM org.hibernate.tool.hbm2ddl.TableMetadata <init>
INFO: HHH000037: Columns: [activotalla, nombretalla, descripciontalla, idtalla]
oct 14, 2021 8:19:39 PM org.hibernate.tool.hbm2ddl.TableMetadata <init>
INFO: HHH000261: Table found: microcosmos.tipodepago
oct 14, 2021 8:19:39 PM org.hibernate.tool.hbm2ddl.TableMetadata <init>
INFO: HHH000037: Columns: [descripciontipodepago, nombretipodepago, idtipodepago, activotipodepago]
oct 14, 2021 8:19:39 PM org.hibernate.tool.hbm2ddl.TableMetadata <init>
INFO: HHH000261: Table found: microcosmos.tipodocumento
oct 14, 2021 8:19:39 PM org.hibernate.tool.hbm2ddl.TableMetadata <init>
INFO: HHH000037: Columns: [nombretipodocumento, descripciontipodocumento, activotipodocumento, idtipodocumento]
oct 14, 2021 8:19:39 PM org.hibernate.tool.hbm2ddl.TableMetadata <init>
INFO: HHH000261: Table found: microcosmos.usuarios
oct 14, 2021 8:19:39 PM org.hibernate.tool.hbm2ddl.TableMetadata <init>
INFO: HHH000037: Columns: [nombreusuario, idempleados, numerodeintentos, activousuario, admin, contrasena, idusuario]
oct 14, 2021 8:19:39 PM org.hibernate.tool.hbm2ddl.TableMetadata <init>
INFO: HHH000261: Table found: microcosmos.venta
oct 14, 2021 8:19:39 PM org.hibernate.tool.hbm2ddl.TableMetadata <init>
INFO: HHH000037: Columns: [numtarjeta, idtipodepago, formato, montoefectivo, idcliente, idestado, idventa, total, idempleados, impuesto, subtotal, montotarjeta, fechaventa, idparametros]
oct 14, 2021 8:19:39 PM org.hibernate.jpa.internal.EntityManagerFactoryRegistry addEntityManagerFactory
WARN: HHH000436: Entity manager factory name (DB) is already registered.  If entity manager will be clustered or passivated, specify a unique value for property 'hibernate.ejb.entitymanager_factory_name'
oct 14, 2021 8:19:39 PM org.hibernate.ejb.HibernatePersistence logDeprecation
WARN: HHH015016: Encountered a deprecated javax.persistence.spi.PersistenceProvider [org.hibernate.ejb.HibernatePersistence]; use [org.hibernate.jpa.HibernatePersistenceProvider] instead.
oct 14, 2021 8:19:39 PM org.hibernate.ejb.HibernatePersistence logDeprecation
WARN: HHH015016: Encountered a deprecated javax.persistence.spi.PersistenceProvider [org.hibernate.ejb.HibernatePersistence]; use [org.hibernate.jpa.HibernatePersistenceProvider] instead.
oct 14, 2021 8:19:39 PM org.hibernate.ejb.HibernatePersistence logDeprecation
WARN: HHH015016: Encountered a deprecated javax.persistence.spi.PersistenceProvider [org.hibernate.ejb.HibernatePersistence]; use [org.hibernate.jpa.HibernatePersistenceProvider] instead.
oct 14, 2021 8:19:39 PM org.hibernate.jpa.internal.util.LogHelper logPersistenceUnitInformation
INFO: HHH000204: Processing PersistenceUnitInfo [
	name: DB
	...]
oct 14, 2021 8:19:39 PM org.hibernate.engine.jdbc.connections.internal.DriverManagerConnectionProviderImpl configure
WARN: HHH000402: Using Hibernate built-in connection pool (not for production use!)
oct 14, 2021 8:19:39 PM org.hibernate.engine.jdbc.connections.internal.DriverManagerConnectionProviderImpl buildCreator
INFO: HHH000401: using driver [com.mysql.jdbc.Driver] at URL [jdbc:mysql://localhost:3306/Microcosmos?zeroDateTimeBehavior=convertToNull]
oct 14, 2021 8:19:39 PM org.hibernate.engine.jdbc.connections.internal.DriverManagerConnectionProviderImpl buildCreator
INFO: HHH000046: Connection properties: {user=root, password=****}
oct 14, 2021 8:19:39 PM org.hibernate.engine.jdbc.connections.internal.DriverManagerConnectionProviderImpl buildCreator
INFO: HHH000006: Autocommit mode: false
oct 14, 2021 8:19:39 PM org.hibernate.engine.jdbc.connections.internal.DriverManagerConnectionProviderImpl configure
INFO: HHH000115: Hibernate connection pool size: 20 (min=1)
oct 14, 2021 8:19:39 PM org.hibernate.dialect.Dialect <init>
INFO: HHH000400: Using dialect: org.hibernate.dialect.MySQLDialect
oct 14, 2021 8:19:39 PM org.hibernate.hql.internal.ast.ASTQueryTranslatorFactory <init>
INFO: HHH000397: Using ASTQueryTranslatorFactory
oct 14, 2021 8:19:39 PM org.hibernate.tool.hbm2ddl.SchemaValidator validate
INFO: HHH000229: Running schema validator
oct 14, 2021 8:19:39 PM org.hibernate.tool.hbm2ddl.SchemaValidator validate
INFO: HHH000102: Fetching database metadata
oct 14, 2021 8:19:39 PM org.hibernate.tool.hbm2ddl.TableMetadata <init>
INFO: HHH000261: Table found: microcosmos.arealaboral
oct 14, 2021 8:19:39 PM org.hibernate.tool.hbm2ddl.TableMetadata <init>
INFO: HHH000037: Columns: [idarealaboral, descripcionarealaboral, nombrearealaboral, activoarealaboral]
oct 14, 2021 8:19:39 PM org.hibernate.tool.hbm2ddl.TableMetadata <init>
INFO: HHH000261: Table found: microcosmos.arealaboralhistorica
oct 14, 2021 8:19:39 PM org.hibernate.tool.hbm2ddl.TableMetadata <init>
INFO: HHH000037: Columns: [idempleados, fechaconclusion, fechacomienzo, idarealaboralhistorica]
oct 14, 2021 8:19:39 PM org.hibernate.tool.hbm2ddl.TableMetadata <init>
INFO: HHH000261: Table found: microcosmos.articulo
oct 14, 2021 8:19:39 PM org.hibernate.tool.hbm2ddl.TableMetadata <init>
INFO: HHH000037: Columns: [idsecciontienda, stockmaximo, activoarticulo, nombrearticulo, stockminimo, precioarticulo, idtalla, stock, descripcionarticulo, idarticulo]
oct 14, 2021 8:19:39 PM org.hibernate.tool.hbm2ddl.TableMetadata <init>
INFO: HHH000261: Table found: microcosmos.clientes
oct 14, 2021 8:19:39 PM org.hibernate.tool.hbm2ddl.TableMetadata <init>
INFO: HHH000037: Columns: [telefonocliente, direccioncliente, idtipodocumento, idsexo, documento, activocliente, idcliente, nombrecliente, apellidocliente, correocliente]
oct 14, 2021 8:19:39 PM org.hibernate.tool.hbm2ddl.TableMetadata <init>
INFO: HHH000261: Table found: microcosmos.compra
oct 14, 2021 8:19:39 PM org.hibernate.tool.hbm2ddl.TableMetadata <init>
INFO: HHH000037: Columns: [idcompra, fechapedido, idproveedor, idempleados, fecharecibido, totalcompra, idestado]
oct 14, 2021 8:19:39 PM org.hibernate.tool.hbm2ddl.TableMetadata <init>
INFO: HHH000261: Table found: microcosmos.detallecompra
oct 14, 2021 8:19:39 PM org.hibernate.tool.hbm2ddl.TableMetadata <init>
INFO: HHH000037: Columns: [idcompra, iddetallecompra, preciocompra, cantidad, idarticulo]
oct 14, 2021 8:19:39 PM org.hibernate.tool.hbm2ddl.TableMetadata <init>
INFO: HHH000261: Table found: microcosmos.detalleventa
oct 14, 2021 8:19:39 PM org.hibernate.tool.hbm2ddl.TableMetadata <init>
INFO: HHH000037: Columns: [idventa, iddetalleventa, cantidad, idarticulo]
oct 14, 2021 8:19:39 PM org.hibernate.tool.hbm2ddl.TableMetadata <init>
INFO: HHH000261: Table found: microcosmos.empleados
oct 14, 2021 8:19:39 PM org.hibernate.tool.hbm2ddl.TableMetadata <init>
INFO: HHH000037: Columns: [idempleados, idarealaboral, idtipodocumento, idsexo, telefonoempleado, documento, nombreempleado, correoempleado, apellidoempleado, fechadenacimiento, activoempleado]
oct 14, 2021 8:19:39 PM org.hibernate.tool.hbm2ddl.TableMetadata <init>
INFO: HHH000261: Table found: microcosmos.entidades
oct 14, 2021 8:19:39 PM org.hibernate.tool.hbm2ddl.TableMetadata <init>
INFO: HHH000037: Columns: [identidad, activoentidad, nombreentidad]
oct 14, 2021 8:19:39 PM org.hibernate.tool.hbm2ddl.TableMetadata <init>
INFO: HHH000261: Table found: microcosmos.estado
oct 14, 2021 8:19:39 PM org.hibernate.tool.hbm2ddl.TableMetadata <init>
INFO: HHH000037: Columns: [nombreestado, activoestado, identidad, descripcionestado, idestado]
oct 14, 2021 8:19:39 PM org.hibernate.tool.hbm2ddl.TableMetadata <init>
INFO: HHH000261: Table found: microcosmos.facturasdevueltas
oct 14, 2021 8:19:39 PM org.hibernate.tool.hbm2ddl.TableMetadata <init>
INFO: HHH000037: Columns: [idventa, descripcion, fechadevolucion, idempleados, idfacturadevuelta]
oct 14, 2021 8:19:39 PM org.hibernate.tool.hbm2ddl.TableMetadata <init>
INFO: HHH000261: Table found: microcosmos.parametros
oct 14, 2021 8:19:39 PM org.hibernate.tool.hbm2ddl.TableMetadata <init>
INFO: HHH000037: Columns: [facturainicial, fechaemision, facturafinal, activoparametros, fechacaducidad, cai, idparametros]
oct 14, 2021 8:19:39 PM org.hibernate.tool.hbm2ddl.TableMetadata <init>
INFO: HHH000261: Table found: microcosmos.pedidosdevueltos
oct 14, 2021 8:19:39 PM org.hibernate.tool.hbm2ddl.TableMetadata <init>
INFO: HHH000037: Columns: [idcompra, descripcion, idempleados, idpedidosdevueltos, fechaanulacion]
oct 14, 2021 8:19:39 PM org.hibernate.tool.hbm2ddl.TableMetadata <init>
INFO: HHH000261: Table found: microcosmos.preciohistorico
oct 14, 2021 8:19:39 PM org.hibernate.tool.hbm2ddl.TableMetadata <init>
INFO: HHH000037: Columns: [precio, idpreciohistorico, fechainicial, fechafinal, idarticulo, activopreciohistorico]
oct 14, 2021 8:19:39 PM org.hibernate.tool.hbm2ddl.TableMetadata <init>
INFO: HHH000261: Table found: microcosmos.proveedores
oct 14, 2021 8:19:39 PM org.hibernate.tool.hbm2ddl.TableMetadata <init>
INFO: HHH000037: Columns: [idproveedor, activoproveedor, idtipodocumento, nombreproveedor, correoproveedor, telefonoproveedor, documento, ubicacionproveedor]
oct 14, 2021 8:19:39 PM org.hibernate.tool.hbm2ddl.TableMetadata <init>
INFO: HHH000261: Table found: microcosmos.secciontienda
oct 14, 2021 8:19:39 PM org.hibernate.tool.hbm2ddl.TableMetadata <init>
INFO: HHH000037: Columns: [idsecciontienda, descripcionsecciontienda, nombresecciontienda, activosecciontienda]
oct 14, 2021 8:19:39 PM org.hibernate.tool.hbm2ddl.TableMetadata <init>
INFO: HHH000261: Table found: microcosmos.sexo
oct 14, 2021 8:19:39 PM org.hibernate.tool.hbm2ddl.TableMetadata <init>
INFO: HHH000037: Columns: [idsexo, nombresexo, descripcionsexo]
oct 14, 2021 8:19:39 PM org.hibernate.tool.hbm2ddl.TableMetadata <init>
INFO: HHH000261: Table found: microcosmos.talla
oct 14, 2021 8:19:39 PM org.hibernate.tool.hbm2ddl.TableMetadata <init>
INFO: HHH000037: Columns: [activotalla, nombretalla, descripciontalla, idtalla]
oct 14, 2021 8:19:39 PM org.hibernate.tool.hbm2ddl.TableMetadata <init>
INFO: HHH000261: Table found: microcosmos.tipodepago
oct 14, 2021 8:19:39 PM org.hibernate.tool.hbm2ddl.TableMetadata <init>
INFO: HHH000037: Columns: [descripciontipodepago, nombretipodepago, idtipodepago, activotipodepago]
oct 14, 2021 8:19:39 PM org.hibernate.tool.hbm2ddl.TableMetadata <init>
INFO: HHH000261: Table found: microcosmos.tipodocumento
oct 14, 2021 8:19:39 PM org.hibernate.tool.hbm2ddl.TableMetadata <init>
INFO: HHH000037: Columns: [nombretipodocumento, descripciontipodocumento, activotipodocumento, idtipodocumento]
oct 14, 2021 8:19:39 PM org.hibernate.tool.hbm2ddl.TableMetadata <init>
INFO: HHH000261: Table found: microcosmos.usuarios
oct 14, 2021 8:19:39 PM org.hibernate.tool.hbm2ddl.TableMetadata <init>
INFO: HHH000037: Columns: [nombreusuario, idempleados, numerodeintentos, activousuario, admin, contrasena, idusuario]
oct 14, 2021 8:19:39 PM org.hibernate.tool.hbm2ddl.TableMetadata <init>
INFO: HHH000261: Table found: microcosmos.venta
oct 14, 2021 8:19:39 PM org.hibernate.tool.hbm2ddl.TableMetadata <init>
INFO: HHH000037: Columns: [numtarjeta, idtipodepago, formato, montoefectivo, idcliente, idestado, idventa, total, idempleados, impuesto, subtotal, montotarjeta, fechaventa, idparametros]
oct 14, 2021 8:19:39 PM org.hibernate.jpa.internal.EntityManagerFactoryRegistry addEntityManagerFactory
WARN: HHH000436: Entity manager factory name (DB) is already registered.  If entity manager will be clustered or passivated, specify a unique value for property 'hibernate.ejb.entitymanager_factory_name'
oct 14, 2021 8:19:39 PM org.hibernate.ejb.HibernatePersistence logDeprecation
WARN: HHH015016: Encountered a deprecated javax.persistence.spi.PersistenceProvider [org.hibernate.ejb.HibernatePersistence]; use [org.hibernate.jpa.HibernatePersistenceProvider] instead.
oct 14, 2021 8:19:39 PM org.hibernate.ejb.HibernatePersistence logDeprecation
WARN: HHH015016: Encountered a deprecated javax.persistence.spi.PersistenceProvider [org.hibernate.ejb.HibernatePersistence]; use [org.hibernate.jpa.HibernatePersistenceProvider] instead.
oct 14, 2021 8:19:39 PM org.hibernate.ejb.HibernatePersistence logDeprecation
WARN: HHH015016: Encountered a deprecated javax.persistence.spi.PersistenceProvider [org.hibernate.ejb.HibernatePersistence]; use [org.hibernate.jpa.HibernatePersistenceProvider] instead.
oct 14, 2021 8:19:39 PM org.hibernate.jpa.internal.util.LogHelper logPersistenceUnitInformation
INFO: HHH000204: Processing PersistenceUnitInfo [
	name: DB
	...]
oct 14, 2021 8:19:39 PM org.hibernate.engine.jdbc.connections.internal.DriverManagerConnectionProviderImpl configure
WARN: HHH000402: Using Hibernate built-in connection pool (not for production use!)
oct 14, 2021 8:19:39 PM org.hibernate.engine.jdbc.connections.internal.DriverManagerConnectionProviderImpl buildCreator
INFO: HHH000401: using driver [com.mysql.jdbc.Driver] at URL [jdbc:mysql://localhost:3306/Microcosmos?zeroDateTimeBehavior=convertToNull]
oct 14, 2021 8:19:39 PM org.hibernate.engine.jdbc.connections.internal.DriverManagerConnectionProviderImpl buildCreator
INFO: HHH000046: Connection properties: {user=root, password=****}
oct 14, 2021 8:19:39 PM org.hibernate.engine.jdbc.connections.internal.DriverManagerConnectionProviderImpl buildCreator
INFO: HHH000006: Autocommit mode: false
oct 14, 2021 8:19:39 PM org.hibernate.engine.jdbc.connections.internal.DriverManagerConnectionProviderImpl configure
INFO: HHH000115: Hibernate connection pool size: 20 (min=1)
oct 14, 2021 8:19:39 PM org.hibernate.dialect.Dialect <init>
INFO: HHH000400: Using dialect: org.hibernate.dialect.MySQLDialect
oct 14, 2021 8:19:39 PM org.hibernate.hql.internal.ast.ASTQueryTranslatorFactory <init>
INFO: HHH000397: Using ASTQueryTranslatorFactory
oct 14, 2021 8:19:39 PM org.hibernate.tool.hbm2ddl.SchemaValidator validate
INFO: HHH000229: Running schema validator
oct 14, 2021 8:19:39 PM org.hibernate.tool.hbm2ddl.SchemaValidator validate
INFO: HHH000102: Fetching database metadata
oct 14, 2021 8:19:39 PM org.hibernate.tool.hbm2ddl.TableMetadata <init>
INFO: HHH000261: Table found: microcosmos.arealaboral
oct 14, 2021 8:19:39 PM org.hibernate.tool.hbm2ddl.TableMetadata <init>
INFO: HHH000037: Columns: [idarealaboral, descripcionarealaboral, nombrearealaboral, activoarealaboral]
oct 14, 2021 8:19:39 PM org.hibernate.tool.hbm2ddl.TableMetadata <init>
INFO: HHH000261: Table found: microcosmos.arealaboralhistorica
oct 14, 2021 8:19:39 PM org.hibernate.tool.hbm2ddl.TableMetadata <init>
INFO: HHH000037: Columns: [idempleados, fechaconclusion, fechacomienzo, idarealaboralhistorica]
oct 14, 2021 8:19:39 PM org.hibernate.tool.hbm2ddl.TableMetadata <init>
INFO: HHH000261: Table found: microcosmos.articulo
oct 14, 2021 8:19:39 PM org.hibernate.tool.hbm2ddl.TableMetadata <init>
INFO: HHH000037: Columns: [idsecciontienda, stockmaximo, activoarticulo, nombrearticulo, stockminimo, precioarticulo, idtalla, stock, descripcionarticulo, idarticulo]
oct 14, 2021 8:19:39 PM org.hibernate.tool.hbm2ddl.TableMetadata <init>
INFO: HHH000261: Table found: microcosmos.clientes
oct 14, 2021 8:19:39 PM org.hibernate.tool.hbm2ddl.TableMetadata <init>
INFO: HHH000037: Columns: [telefonocliente, direccioncliente, idtipodocumento, idsexo, documento, activocliente, idcliente, nombrecliente, apellidocliente, correocliente]
oct 14, 2021 8:19:39 PM org.hibernate.tool.hbm2ddl.TableMetadata <init>
INFO: HHH000261: Table found: microcosmos.compra
oct 14, 2021 8:19:39 PM org.hibernate.tool.hbm2ddl.TableMetadata <init>
INFO: HHH000037: Columns: [idcompra, fechapedido, idproveedor, idempleados, fecharecibido, totalcompra, idestado]
oct 14, 2021 8:19:39 PM org.hibernate.tool.hbm2ddl.TableMetadata <init>
INFO: HHH000261: Table found: microcosmos.detallecompra
oct 14, 2021 8:19:39 PM org.hibernate.tool.hbm2ddl.TableMetadata <init>
INFO: HHH000037: Columns: [idcompra, iddetallecompra, preciocompra, cantidad, idarticulo]
oct 14, 2021 8:19:39 PM org.hibernate.tool.hbm2ddl.TableMetadata <init>
INFO: HHH000261: Table found: microcosmos.detalleventa
oct 14, 2021 8:19:39 PM org.hibernate.tool.hbm2ddl.TableMetadata <init>
INFO: HHH000037: Columns: [idventa, iddetalleventa, cantidad, idarticulo]
oct 14, 2021 8:19:39 PM org.hibernate.tool.hbm2ddl.TableMetadata <init>
INFO: HHH000261: Table found: microcosmos.empleados
oct 14, 2021 8:19:39 PM org.hibernate.tool.hbm2ddl.TableMetadata <init>
INFO: HHH000037: Columns: [idempleados, idarealaboral, idtipodocumento, idsexo, telefonoempleado, documento, nombreempleado, correoempleado, apellidoempleado, fechadenacimiento, activoempleado]
oct 14, 2021 8:19:39 PM org.hibernate.tool.hbm2ddl.TableMetadata <init>
INFO: HHH000261: Table found: microcosmos.entidades
oct 14, 2021 8:19:39 PM org.hibernate.tool.hbm2ddl.TableMetadata <init>
INFO: HHH000037: Columns: [identidad, activoentidad, nombreentidad]
oct 14, 2021 8:19:39 PM org.hibernate.tool.hbm2ddl.TableMetadata <init>
INFO: HHH000261: Table found: microcosmos.estado
oct 14, 2021 8:19:39 PM org.hibernate.tool.hbm2ddl.TableMetadata <init>
INFO: HHH000037: Columns: [nombreestado, activoestado, identidad, descripcionestado, idestado]
oct 14, 2021 8:19:39 PM org.hibernate.tool.hbm2ddl.TableMetadata <init>
INFO: HHH000261: Table found: microcosmos.facturasdevueltas
oct 14, 2021 8:19:39 PM org.hibernate.tool.hbm2ddl.TableMetadata <init>
INFO: HHH000037: Columns: [idventa, descripcion, fechadevolucion, idempleados, idfacturadevuelta]
oct 14, 2021 8:19:39 PM org.hibernate.tool.hbm2ddl.TableMetadata <init>
INFO: HHH000261: Table found: microcosmos.parametros
oct 14, 2021 8:19:39 PM org.hibernate.tool.hbm2ddl.TableMetadata <init>
INFO: HHH000037: Columns: [facturainicial, fechaemision, facturafinal, activoparametros, fechacaducidad, cai, idparametros]
oct 14, 2021 8:19:39 PM org.hibernate.tool.hbm2ddl.TableMetadata <init>
INFO: HHH000261: Table found: microcosmos.pedidosdevueltos
oct 14, 2021 8:19:39 PM org.hibernate.tool.hbm2ddl.TableMetadata <init>
INFO: HHH000037: Columns: [idcompra, descripcion, idempleados, idpedidosdevueltos, fechaanulacion]
oct 14, 2021 8:19:39 PM org.hibernate.tool.hbm2ddl.TableMetadata <init>
INFO: HHH000261: Table found: microcosmos.preciohistorico
oct 14, 2021 8:19:39 PM org.hibernate.tool.hbm2ddl.TableMetadata <init>
INFO: HHH000037: Columns: [precio, idpreciohistorico, fechainicial, fechafinal, idarticulo, activopreciohistorico]
oct 14, 2021 8:19:39 PM org.hibernate.tool.hbm2ddl.TableMetadata <init>
INFO: HHH000261: Table found: microcosmos.proveedores
oct 14, 2021 8:19:39 PM org.hibernate.tool.hbm2ddl.TableMetadata <init>
INFO: HHH000037: Columns: [idproveedor, activoproveedor, idtipodocumento, nombreproveedor, correoproveedor, telefonoproveedor, documento, ubicacionproveedor]
oct 14, 2021 8:19:39 PM org.hibernate.tool.hbm2ddl.TableMetadata <init>
INFO: HHH000261: Table found: microcosmos.secciontienda
oct 14, 2021 8:19:39 PM org.hibernate.tool.hbm2ddl.TableMetadata <init>
INFO: HHH000037: Columns: [idsecciontienda, descripcionsecciontienda, nombresecciontienda, activosecciontienda]
oct 14, 2021 8:19:39 PM org.hibernate.tool.hbm2ddl.TableMetadata <init>
INFO: HHH000261: Table found: microcosmos.sexo
oct 14, 2021 8:19:39 PM org.hibernate.tool.hbm2ddl.TableMetadata <init>
INFO: HHH000037: Columns: [idsexo, nombresexo, descripcionsexo]
oct 14, 2021 8:19:39 PM org.hibernate.tool.hbm2ddl.TableMetadata <init>
INFO: HHH000261: Table found: microcosmos.talla
oct 14, 2021 8:19:39 PM org.hibernate.tool.hbm2ddl.TableMetadata <init>
INFO: HHH000037: Columns: [activotalla, nombretalla, descripciontalla, idtalla]
oct 14, 2021 8:19:39 PM org.hibernate.tool.hbm2ddl.TableMetadata <init>
INFO: HHH000261: Table found: microcosmos.tipodepago
oct 14, 2021 8:19:39 PM org.hibernate.tool.hbm2ddl.TableMetadata <init>
INFO: HHH000037: Columns: [descripciontipodepago, nombretipodepago, idtipodepago, activotipodepago]
oct 14, 2021 8:19:39 PM org.hibernate.tool.hbm2ddl.TableMetadata <init>
INFO: HHH000261: Table found: microcosmos.tipodocumento
oct 14, 2021 8:19:39 PM org.hibernate.tool.hbm2ddl.TableMetadata <init>
INFO: HHH000037: Columns: [nombretipodocumento, descripciontipodocumento, activotipodocumento, idtipodocumento]
oct 14, 2021 8:19:39 PM org.hibernate.tool.hbm2ddl.TableMetadata <init>
INFO: HHH000261: Table found: microcosmos.usuarios
oct 14, 2021 8:19:39 PM org.hibernate.tool.hbm2ddl.TableMetadata <init>
INFO: HHH000037: Columns: [nombreusuario, idempleados, numerodeintentos, activousuario, admin, contrasena, idusuario]
oct 14, 2021 8:19:39 PM org.hibernate.tool.hbm2ddl.TableMetadata <init>
INFO: HHH000261: Table found: microcosmos.venta
oct 14, 2021 8:19:39 PM org.hibernate.tool.hbm2ddl.TableMetadata <init>
INFO: HHH000037: Columns: [numtarjeta, idtipodepago, formato, montoefectivo, idcliente, idestado, idventa, total, idempleados, impuesto, subtotal, montotarjeta, fechaventa, idparametros]
oct 14, 2021 8:19:39 PM org.hibernate.jpa.internal.EntityManagerFactoryRegistry addEntityManagerFactory
WARN: HHH000436: Entity manager factory name (DB) is already registered.  If entity manager will be clustered or passivated, specify a unique value for property 'hibernate.ejb.entitymanager_factory_name'
oct 14, 2021 8:19:39 PM org.hibernate.ejb.HibernatePersistence logDeprecation
WARN: HHH015016: Encountered a deprecated javax.persistence.spi.PersistenceProvider [org.hibernate.ejb.HibernatePersistence]; use [org.hibernate.jpa.HibernatePersistenceProvider] instead.
oct 14, 2021 8:19:39 PM org.hibernate.ejb.HibernatePersistence logDeprecation
WARN: HHH015016: Encountered a deprecated javax.persistence.spi.PersistenceProvider [org.hibernate.ejb.HibernatePersistence]; use [org.hibernate.jpa.HibernatePersistenceProvider] instead.
oct 14, 2021 8:19:39 PM org.hibernate.ejb.HibernatePersistence logDeprecation
WARN: HHH015016: Encountered a deprecated javax.persistence.spi.PersistenceProvider [org.hibernate.ejb.HibernatePersistence]; use [org.hibernate.jpa.HibernatePersistenceProvider] instead.
oct 14, 2021 8:19:39 PM org.hibernate.jpa.internal.util.LogHelper logPersistenceUnitInformation
INFO: HHH000204: Processing PersistenceUnitInfo [
	name: DB
	...]
oct 14, 2021 8:19:39 PM org.hibernate.engine.jdbc.connections.internal.DriverManagerConnectionProviderImpl configure
WARN: HHH000402: Using Hibernate built-in connection pool (not for production use!)
oct 14, 2021 8:19:39 PM org.hibernate.engine.jdbc.connections.internal.DriverManagerConnectionProviderImpl buildCreator
INFO: HHH000401: using driver [com.mysql.jdbc.Driver] at URL [jdbc:mysql://localhost:3306/Microcosmos?zeroDateTimeBehavior=convertToNull]
oct 14, 2021 8:19:39 PM org.hibernate.engine.jdbc.connections.internal.DriverManagerConnectionProviderImpl buildCreator
INFO: HHH000046: Connection properties: {user=root, password=****}
oct 14, 2021 8:19:39 PM org.hibernate.engine.jdbc.connections.internal.DriverManagerConnectionProviderImpl buildCreator
INFO: HHH000006: Autocommit mode: false
oct 14, 2021 8:19:39 PM org.hibernate.engine.jdbc.connections.internal.DriverManagerConnectionProviderImpl configure
INFO: HHH000115: Hibernate connection pool size: 20 (min=1)
oct 14, 2021 8:19:39 PM org.hibernate.dialect.Dialect <init>
INFO: HHH000400: Using dialect: org.hibernate.dialect.MySQLDialect
oct 14, 2021 8:19:39 PM org.hibernate.hql.internal.ast.ASTQueryTranslatorFactory <init>
INFO: HHH000397: Using ASTQueryTranslatorFactory
oct 14, 2021 8:19:39 PM org.hibernate.tool.hbm2ddl.SchemaValidator validate
INFO: HHH000229: Running schema validator
oct 14, 2021 8:19:39 PM org.hibernate.tool.hbm2ddl.SchemaValidator validate
INFO: HHH000102: Fetching database metadata
oct 14, 2021 8:19:39 PM org.hibernate.tool.hbm2ddl.TableMetadata <init>
INFO: HHH000261: Table found: microcosmos.arealaboral
oct 14, 2021 8:19:39 PM org.hibernate.tool.hbm2ddl.TableMetadata <init>
INFO: HHH000037: Columns: [idarealaboral, descripcionarealaboral, nombrearealaboral, activoarealaboral]
oct 14, 2021 8:19:39 PM org.hibernate.tool.hbm2ddl.TableMetadata <init>
INFO: HHH000261: Table found: microcosmos.arealaboralhistorica
oct 14, 2021 8:19:39 PM org.hibernate.tool.hbm2ddl.TableMetadata <init>
INFO: HHH000037: Columns: [idempleados, fechaconclusion, fechacomienzo, idarealaboralhistorica]
oct 14, 2021 8:19:39 PM org.hibernate.tool.hbm2ddl.TableMetadata <init>
INFO: HHH000261: Table found: microcosmos.articulo
oct 14, 2021 8:19:39 PM org.hibernate.tool.hbm2ddl.TableMetadata <init>
INFO: HHH000037: Columns: [idsecciontienda, stockmaximo, activoarticulo, nombrearticulo, stockminimo, precioarticulo, idtalla, stock, descripcionarticulo, idarticulo]
oct 14, 2021 8:19:39 PM org.hibernate.tool.hbm2ddl.TableMetadata <init>
INFO: HHH000261: Table found: microcosmos.clientes
oct 14, 2021 8:19:39 PM org.hibernate.tool.hbm2ddl.TableMetadata <init>
INFO: HHH000037: Columns: [telefonocliente, direccioncliente, idtipodocumento, idsexo, documento, activocliente, idcliente, nombrecliente, apellidocliente, correocliente]
oct 14, 2021 8:19:39 PM org.hibernate.tool.hbm2ddl.TableMetadata <init>
INFO: HHH000261: Table found: microcosmos.compra
oct 14, 2021 8:19:39 PM org.hibernate.tool.hbm2ddl.TableMetadata <init>
INFO: HHH000037: Columns: [idcompra, fechapedido, idproveedor, idempleados, fecharecibido, totalcompra, idestado]
oct 14, 2021 8:19:39 PM org.hibernate.tool.hbm2ddl.TableMetadata <init>
INFO: HHH000261: Table found: microcosmos.detallecompra
oct 14, 2021 8:19:39 PM org.hibernate.tool.hbm2ddl.TableMetadata <init>
INFO: HHH000037: Columns: [idcompra, iddetallecompra, preciocompra, cantidad, idarticulo]
oct 14, 2021 8:19:39 PM org.hibernate.tool.hbm2ddl.TableMetadata <init>
INFO: HHH000261: Table found: microcosmos.detalleventa
oct 14, 2021 8:19:39 PM org.hibernate.tool.hbm2ddl.TableMetadata <init>
INFO: HHH000037: Columns: [idventa, iddetalleventa, cantidad, idarticulo]
oct 14, 2021 8:19:39 PM org.hibernate.tool.hbm2ddl.TableMetadata <init>
INFO: HHH000261: Table found: microcosmos.empleados
oct 14, 2021 8:19:39 PM org.hibernate.tool.hbm2ddl.TableMetadata <init>
INFO: HHH000037: Columns: [idempleados, idarealaboral, idtipodocumento, idsexo, telefonoempleado, documento, nombreempleado, correoempleado, apellidoempleado, fechadenacimiento, activoempleado]
oct 14, 2021 8:19:39 PM org.hibernate.tool.hbm2ddl.TableMetadata <init>
INFO: HHH000261: Table found: microcosmos.entidades
oct 14, 2021 8:19:39 PM org.hibernate.tool.hbm2ddl.TableMetadata <init>
INFO: HHH000037: Columns: [identidad, activoentidad, nombreentidad]
oct 14, 2021 8:19:39 PM org.hibernate.tool.hbm2ddl.TableMetadata <init>
INFO: HHH000261: Table found: microcosmos.estado
oct 14, 2021 8:19:39 PM org.hibernate.tool.hbm2ddl.TableMetadata <init>
INFO: HHH000037: Columns: [nombreestado, activoestado, identidad, descripcionestado, idestado]
oct 14, 2021 8:19:39 PM org.hibernate.tool.hbm2ddl.TableMetadata <init>
INFO: HHH000261: Table found: microcosmos.facturasdevueltas
oct 14, 2021 8:19:39 PM org.hibernate.tool.hbm2ddl.TableMetadata <init>
INFO: HHH000037: Columns: [idventa, descripcion, fechadevolucion, idempleados, idfacturadevuelta]
oct 14, 2021 8:19:39 PM org.hibernate.tool.hbm2ddl.TableMetadata <init>
INFO: HHH000261: Table found: microcosmos.parametros
oct 14, 2021 8:19:39 PM org.hibernate.tool.hbm2ddl.TableMetadata <init>
INFO: HHH000037: Columns: [facturainicial, fechaemision, facturafinal, activoparametros, fechacaducidad, cai, idparametros]
oct 14, 2021 8:19:39 PM org.hibernate.tool.hbm2ddl.TableMetadata <init>
INFO: HHH000261: Table found: microcosmos.pedidosdevueltos
oct 14, 2021 8:19:39 PM org.hibernate.tool.hbm2ddl.TableMetadata <init>
INFO: HHH000037: Columns: [idcompra, descripcion, idempleados, idpedidosdevueltos, fechaanulacion]
oct 14, 2021 8:19:39 PM org.hibernate.tool.hbm2ddl.TableMetadata <init>
INFO: HHH000261: Table found: microcosmos.preciohistorico
oct 14, 2021 8:19:39 PM org.hibernate.tool.hbm2ddl.TableMetadata <init>
INFO: HHH000037: Columns: [precio, idpreciohistorico, fechainicial, fechafinal, idarticulo, activopreciohistorico]
oct 14, 2021 8:19:39 PM org.hibernate.tool.hbm2ddl.TableMetadata <init>
INFO: HHH000261: Table found: microcosmos.proveedores
oct 14, 2021 8:19:39 PM org.hibernate.tool.hbm2ddl.TableMetadata <init>
INFO: HHH000037: Columns: [idproveedor, activoproveedor, idtipodocumento, nombreproveedor, correoproveedor, telefonoproveedor, documento, ubicacionproveedor]
oct 14, 2021 8:19:39 PM org.hibernate.tool.hbm2ddl.TableMetadata <init>
INFO: HHH000261: Table found: microcosmos.secciontienda
oct 14, 2021 8:19:39 PM org.hibernate.tool.hbm2ddl.TableMetadata <init>
INFO: HHH000037: Columns: [idsecciontienda, descripcionsecciontienda, nombresecciontienda, activosecciontienda]
oct 14, 2021 8:19:39 PM org.hibernate.tool.hbm2ddl.TableMetadata <init>
INFO: HHH000261: Table found: microcosmos.sexo
oct 14, 2021 8:19:39 PM org.hibernate.tool.hbm2ddl.TableMetadata <init>
INFO: HHH000037: Columns: [idsexo, nombresexo, descripcionsexo]
oct 14, 2021 8:19:39 PM org.hibernate.tool.hbm2ddl.TableMetadata <init>
INFO: HHH000261: Table found: microcosmos.talla
oct 14, 2021 8:19:39 PM org.hibernate.tool.hbm2ddl.TableMetadata <init>
INFO: HHH000037: Columns: [activotalla, nombretalla, descripciontalla, idtalla]
oct 14, 2021 8:19:39 PM org.hibernate.tool.hbm2ddl.TableMetadata <init>
INFO: HHH000261: Table found: microcosmos.tipodepago
oct 14, 2021 8:19:39 PM org.hibernate.tool.hbm2ddl.TableMetadata <init>
INFO: HHH000037: Columns: [descripciontipodepago, nombretipodepago, idtipodepago, activotipodepago]
oct 14, 2021 8:19:39 PM org.hibernate.tool.hbm2ddl.TableMetadata <init>
INFO: HHH000261: Table found: microcosmos.tipodocumento
oct 14, 2021 8:19:39 PM org.hibernate.tool.hbm2ddl.TableMetadata <init>
INFO: HHH000037: Columns: [nombretipodocumento, descripciontipodocumento, activotipodocumento, idtipodocumento]
oct 14, 2021 8:19:39 PM org.hibernate.tool.hbm2ddl.TableMetadata <init>
INFO: HHH000261: Table found: microcosmos.usuarios
oct 14, 2021 8:19:39 PM org.hibernate.tool.hbm2ddl.TableMetadata <init>
INFO: HHH000037: Columns: [nombreusuario, idempleados, numerodeintentos, activousuario, admin, contrasena, idusuario]
oct 14, 2021 8:19:39 PM org.hibernate.tool.hbm2ddl.TableMetadata <init>
INFO: HHH000261: Table found: microcosmos.venta
oct 14, 2021 8:19:39 PM org.hibernate.tool.hbm2ddl.TableMetadata <init>
INFO: HHH000037: Columns: [numtarjeta, idtipodepago, formato, montoefectivo, idcliente, idestado, idventa, total, idempleados, impuesto, subtotal, montotarjeta, fechaventa, idparametros]
oct 14, 2021 8:19:39 PM org.hibernate.jpa.internal.EntityManagerFactoryRegistry addEntityManagerFactory
WARN: HHH000436: Entity manager factory name (DB) is already registered.  If entity manager will be clustered or passivated, specify a unique value for property 'hibernate.ejb.entitymanager_factory_name'
oct 14, 2021 8:19:39 PM org.hibernate.ejb.HibernatePersistence logDeprecation
WARN: HHH015016: Encountered a deprecated javax.persistence.spi.PersistenceProvider [org.hibernate.ejb.HibernatePersistence]; use [org.hibernate.jpa.HibernatePersistenceProvider] instead.
oct 14, 2021 8:19:39 PM org.hibernate.ejb.HibernatePersistence logDeprecation
WARN: HHH015016: Encountered a deprecated javax.persistence.spi.PersistenceProvider [org.hibernate.ejb.HibernatePersistence]; use [org.hibernate.jpa.HibernatePersistenceProvider] instead.
oct 14, 2021 8:19:39 PM org.hibernate.ejb.HibernatePersistence logDeprecation
WARN: HHH015016: Encountered a deprecated javax.persistence.spi.PersistenceProvider [org.hibernate.ejb.HibernatePersistence]; use [org.hibernate.jpa.HibernatePersistenceProvider] instead.
oct 14, 2021 8:19:39 PM org.hibernate.jpa.internal.util.LogHelper logPersistenceUnitInformation
INFO: HHH000204: Processing PersistenceUnitInfo [
	name: DB
	...]
oct 14, 2021 8:19:39 PM org.hibernate.engine.jdbc.connections.internal.DriverManagerConnectionProviderImpl configure
WARN: HHH000402: Using Hibernate built-in connection pool (not for production use!)
oct 14, 2021 8:19:39 PM org.hibernate.engine.jdbc.connections.internal.DriverManagerConnectionProviderImpl buildCreator
INFO: HHH000401: using driver [com.mysql.jdbc.Driver] at URL [jdbc:mysql://localhost:3306/Microcosmos?zeroDateTimeBehavior=convertToNull]
oct 14, 2021 8:19:39 PM org.hibernate.engine.jdbc.connections.internal.DriverManagerConnectionProviderImpl buildCreator
INFO: HHH000046: Connection properties: {user=root, password=****}
oct 14, 2021 8:19:39 PM org.hibernate.engine.jdbc.connections.internal.DriverManagerConnectionProviderImpl buildCreator
INFO: HHH000006: Autocommit mode: false
oct 14, 2021 8:19:39 PM org.hibernate.engine.jdbc.connections.internal.DriverManagerConnectionProviderImpl configure
INFO: HHH000115: Hibernate connection pool size: 20 (min=1)
oct 14, 2021 8:19:39 PM org.hibernate.dialect.Dialect <init>
INFO: HHH000400: Using dialect: org.hibernate.dialect.MySQLDialect
oct 14, 2021 8:19:39 PM org.hibernate.hql.internal.ast.ASTQueryTranslatorFactory <init>
INFO: HHH000397: Using ASTQueryTranslatorFactory
oct 14, 2021 8:19:39 PM org.hibernate.tool.hbm2ddl.SchemaValidator validate
INFO: HHH000229: Running schema validator
oct 14, 2021 8:19:39 PM org.hibernate.tool.hbm2ddl.SchemaValidator validate
INFO: HHH000102: Fetching database metadata
oct 14, 2021 8:19:39 PM org.hibernate.tool.hbm2ddl.TableMetadata <init>
INFO: HHH000261: Table found: microcosmos.arealaboral
oct 14, 2021 8:19:39 PM org.hibernate.tool.hbm2ddl.TableMetadata <init>
INFO: HHH000037: Columns: [idarealaboral, descripcionarealaboral, nombrearealaboral, activoarealaboral]
oct 14, 2021 8:19:39 PM org.hibernate.tool.hbm2ddl.TableMetadata <init>
INFO: HHH000261: Table found: microcosmos.arealaboralhistorica
oct 14, 2021 8:19:39 PM org.hibernate.tool.hbm2ddl.TableMetadata <init>
INFO: HHH000037: Columns: [idempleados, fechaconclusion, fechacomienzo, idarealaboralhistorica]
oct 14, 2021 8:19:39 PM org.hibernate.tool.hbm2ddl.TableMetadata <init>
INFO: HHH000261: Table found: microcosmos.articulo
oct 14, 2021 8:19:39 PM org.hibernate.tool.hbm2ddl.TableMetadata <init>
INFO: HHH000037: Columns: [idsecciontienda, stockmaximo, activoarticulo, nombrearticulo, stockminimo, precioarticulo, idtalla, stock, descripcionarticulo, idarticulo]
oct 14, 2021 8:19:39 PM org.hibernate.tool.hbm2ddl.TableMetadata <init>
INFO: HHH000261: Table found: microcosmos.clientes
oct 14, 2021 8:19:39 PM org.hibernate.tool.hbm2ddl.TableMetadata <init>
INFO: HHH000037: Columns: [telefonocliente, direccioncliente, idtipodocumento, idsexo, documento, activocliente, idcliente, nombrecliente, apellidocliente, correocliente]
oct 14, 2021 8:19:39 PM org.hibernate.tool.hbm2ddl.TableMetadata <init>
INFO: HHH000261: Table found: microcosmos.compra
oct 14, 2021 8:19:39 PM org.hibernate.tool.hbm2ddl.TableMetadata <init>
INFO: HHH000037: Columns: [idcompra, fechapedido, idproveedor, idempleados, fecharecibido, totalcompra, idestado]
oct 14, 2021 8:19:39 PM org.hibernate.tool.hbm2ddl.TableMetadata <init>
INFO: HHH000261: Table found: microcosmos.detallecompra
oct 14, 2021 8:19:39 PM org.hibernate.tool.hbm2ddl.TableMetadata <init>
INFO: HHH000037: Columns: [idcompra, iddetallecompra, preciocompra, cantidad, idarticulo]
oct 14, 2021 8:19:39 PM org.hibernate.tool.hbm2ddl.TableMetadata <init>
INFO: HHH000261: Table found: microcosmos.detalleventa
oct 14, 2021 8:19:39 PM org.hibernate.tool.hbm2ddl.TableMetadata <init>
INFO: HHH000037: Columns: [idventa, iddetalleventa, cantidad, idarticulo]
oct 14, 2021 8:19:39 PM org.hibernate.tool.hbm2ddl.TableMetadata <init>
INFO: HHH000261: Table found: microcosmos.empleados
oct 14, 2021 8:19:39 PM org.hibernate.tool.hbm2ddl.TableMetadata <init>
INFO: HHH000037: Columns: [idempleados, idarealaboral, idtipodocumento, idsexo, telefonoempleado, documento, nombreempleado, correoempleado, apellidoempleado, fechadenacimiento, activoempleado]
oct 14, 2021 8:19:39 PM org.hibernate.tool.hbm2ddl.TableMetadata <init>
INFO: HHH000261: Table found: microcosmos.entidades
oct 14, 2021 8:19:39 PM org.hibernate.tool.hbm2ddl.TableMetadata <init>
INFO: HHH000037: Columns: [identidad, activoentidad, nombreentidad]
oct 14, 2021 8:19:39 PM org.hibernate.tool.hbm2ddl.TableMetadata <init>
INFO: HHH000261: Table found: microcosmos.estado
oct 14, 2021 8:19:39 PM org.hibernate.tool.hbm2ddl.TableMetadata <init>
INFO: HHH000037: Columns: [nombreestado, activoestado, identidad, descripcionestado, idestado]
oct 14, 2021 8:19:39 PM org.hibernate.tool.hbm2ddl.TableMetadata <init>
INFO: HHH000261: Table found: microcosmos.facturasdevueltas
oct 14, 2021 8:19:39 PM org.hibernate.tool.hbm2ddl.TableMetadata <init>
INFO: HHH000037: Columns: [idventa, descripcion, fechadevolucion, idempleados, idfacturadevuelta]
oct 14, 2021 8:19:39 PM org.hibernate.tool.hbm2ddl.TableMetadata <init>
INFO: HHH000261: Table found: microcosmos.parametros
oct 14, 2021 8:19:39 PM org.hibernate.tool.hbm2ddl.TableMetadata <init>
INFO: HHH000037: Columns: [facturainicial, fechaemision, facturafinal, activoparametros, fechacaducidad, cai, idparametros]
oct 14, 2021 8:19:39 PM org.hibernate.tool.hbm2ddl.TableMetadata <init>
INFO: HHH000261: Table found: microcosmos.pedidosdevueltos
oct 14, 2021 8:19:39 PM org.hibernate.tool.hbm2ddl.TableMetadata <init>
INFO: HHH000037: Columns: [idcompra, descripcion, idempleados, idpedidosdevueltos, fechaanulacion]
oct 14, 2021 8:19:39 PM org.hibernate.tool.hbm2ddl.TableMetadata <init>
INFO: HHH000261: Table found: microcosmos.preciohistorico
oct 14, 2021 8:19:39 PM org.hibernate.tool.hbm2ddl.TableMetadata <init>
INFO: HHH000037: Columns: [precio, idpreciohistorico, fechainicial, fechafinal, idarticulo, activopreciohistorico]
oct 14, 2021 8:19:39 PM org.hibernate.tool.hbm2ddl.TableMetadata <init>
INFO: HHH000261: Table found: microcosmos.proveedores
oct 14, 2021 8:19:39 PM org.hibernate.tool.hbm2ddl.TableMetadata <init>
INFO: HHH000037: Columns: [idproveedor, activoproveedor, idtipodocumento, nombreproveedor, correoproveedor, telefonoproveedor, documento, ubicacionproveedor]
oct 14, 2021 8:19:39 PM org.hibernate.tool.hbm2ddl.TableMetadata <init>
INFO: HHH000261: Table found: microcosmos.secciontienda
oct 14, 2021 8:19:39 PM org.hibernate.tool.hbm2ddl.TableMetadata <init>
INFO: HHH000037: Columns: [idsecciontienda, descripcionsecciontienda, nombresecciontienda, activosecciontienda]
oct 14, 2021 8:19:39 PM org.hibernate.tool.hbm2ddl.TableMetadata <init>
INFO: HHH000261: Table found: microcosmos.sexo
oct 14, 2021 8:19:39 PM org.hibernate.tool.hbm2ddl.TableMetadata <init>
INFO: HHH000037: Columns: [idsexo, nombresexo, descripcionsexo]
oct 14, 2021 8:19:39 PM org.hibernate.tool.hbm2ddl.TableMetadata <init>
INFO: HHH000261: Table found: microcosmos.talla
oct 14, 2021 8:19:39 PM org.hibernate.tool.hbm2ddl.TableMetadata <init>
INFO: HHH000037: Columns: [activotalla, nombretalla, descripciontalla, idtalla]
oct 14, 2021 8:19:39 PM org.hibernate.tool.hbm2ddl.TableMetadata <init>
INFO: HHH000261: Table found: microcosmos.tipodepago
oct 14, 2021 8:19:39 PM org.hibernate.tool.hbm2ddl.TableMetadata <init>
INFO: HHH000037: Columns: [descripciontipodepago, nombretipodepago, idtipodepago, activotipodepago]
oct 14, 2021 8:19:39 PM org.hibernate.tool.hbm2ddl.TableMetadata <init>
INFO: HHH000261: Table found: microcosmos.tipodocumento
oct 14, 2021 8:19:39 PM org.hibernate.tool.hbm2ddl.TableMetadata <init>
INFO: HHH000037: Columns: [nombretipodocumento, descripciontipodocumento, activotipodocumento, idtipodocumento]
oct 14, 2021 8:19:39 PM org.hibernate.tool.hbm2ddl.TableMetadata <init>
INFO: HHH000261: Table found: microcosmos.usuarios
oct 14, 2021 8:19:39 PM org.hibernate.tool.hbm2ddl.TableMetadata <init>
INFO: HHH000037: Columns: [nombreusuario, idempleados, numerodeintentos, activousuario, admin, contrasena, idusuario]
oct 14, 2021 8:19:39 PM org.hibernate.tool.hbm2ddl.TableMetadata <init>
INFO: HHH000261: Table found: microcosmos.venta
oct 14, 2021 8:19:39 PM org.hibernate.tool.hbm2ddl.TableMetadata <init>
INFO: HHH000037: Columns: [numtarjeta, idtipodepago, formato, montoefectivo, idcliente, idestado, idventa, total, idempleados, impuesto, subtotal, montotarjeta, fechaventa, idparametros]
oct 14, 2021 8:19:39 PM org.hibernate.jpa.internal.EntityManagerFactoryRegistry addEntityManagerFactory
WARN: HHH000436: Entity manager factory name (DB) is already registered.  If entity manager will be clustered or passivated, specify a unique value for property 'hibernate.ejb.entitymanager_factory_name'
]]></system-err>
  </testcase>
  <testcase name="testBuscarPersonas" classname="com.screens.FmrEmpleadosTest" time="7.454">
    <system-out><![CDATA[buscarPersonas
Hibernate: select tipodocume0_.idTipoDocumento as idTipoDo1_19_, tipodocume0_.activoTipoDocumento as activoTi2_19_, tipodocume0_.descripcionTipoDocumento as descripc3_19_, tipodocume0_.nombreTipoDocumento as nombreTi4_19_ from tipodocumento tipodocume0_
Hibernate: select sexo0_.idSexo as idSexo1_16_, sexo0_.descripcionSexo as descripc2_16_, sexo0_.nombreSexo as nombreSe3_16_ from sexo sexo0_
Hibernate: select arealabora0_.idAreaLaboral as idAreaLa1_0_, arealabora0_.activoAreaLaboral as activoAr2_0_, arealabora0_.descripcionAreaLaboral as descripc3_0_, arealabora0_.nombreAreaLaboral as nombreAr4_0_ from arealaboral arealabora0_
Hibernate: select empleados0_.idEmpleados as idEmplea1_7_, empleados0_.activoEmpleado as activoEm2_7_, empleados0_.apellidoEmpleado as apellido3_7_, empleados0_.correoEmpleado as correoEm4_7_, empleados0_.documento as document5_7_, empleados0_.fechaDeNacimiento as fechaDeN6_7_, empleados0_.idAreaLaboral as idAreaLa7_7_, empleados0_.idSexo as idSexo8_7_, empleados0_.idTipoDocumento as idTipoDo9_7_, empleados0_.nombreEmpleado as nombreE10_7_, empleados0_.telefonoEmpleado as telefon11_7_ from empleados empleados0_
Hibernate: select tipodocume0_.nombreTipoDocumento as col_0_0_ from tipodocumento tipodocume0_ where tipodocume0_.idTipoDocumento='2'
Hibernate: select arealabora0_.nombreAreaLaboral as col_0_0_ from arealaboral arealabora0_ where arealabora0_.idAreaLaboral='1'
Hibernate: select sexo0_.nombreSexo as col_0_0_ from sexo sexo0_ where sexo0_.idSexo='1'
Hibernate: select tipodocume0_.nombreTipoDocumento as col_0_0_ from tipodocumento tipodocume0_ where tipodocume0_.idTipoDocumento='2'
Hibernate: select arealabora0_.nombreAreaLaboral as col_0_0_ from arealaboral arealabora0_ where arealabora0_.idAreaLaboral='1'
Hibernate: select sexo0_.nombreSexo as col_0_0_ from sexo sexo0_ where sexo0_.idSexo='1'
Hibernate: select tipodocume0_.nombreTipoDocumento as col_0_0_ from tipodocumento tipodocume0_ where tipodocume0_.idTipoDocumento='2'
Hibernate: select arealabora0_.nombreAreaLaboral as col_0_0_ from arealaboral arealabora0_ where arealabora0_.idAreaLaboral='2'
Hibernate: select sexo0_.nombreSexo as col_0_0_ from sexo sexo0_ where sexo0_.idSexo='2'
Hibernate: select tipodocume0_.nombreTipoDocumento as col_0_0_ from tipodocumento tipodocume0_ where tipodocume0_.idTipoDocumento='2'
Hibernate: select arealabora0_.nombreAreaLaboral as col_0_0_ from arealaboral arealabora0_ where arealabora0_.idAreaLaboral='1'
Hibernate: select sexo0_.nombreSexo as col_0_0_ from sexo sexo0_ where sexo0_.idSexo='2'
Hibernate: select tipodocume0_.nombreTipoDocumento as col_0_0_ from tipodocumento tipodocume0_ where tipodocume0_.idTipoDocumento='2'
Hibernate: select arealabora0_.nombreAreaLaboral as col_0_0_ from arealaboral arealabora0_ where arealabora0_.idAreaLaboral='2'
Hibernate: select sexo0_.nombreSexo as col_0_0_ from sexo sexo0_ where sexo0_.idSexo='2'
Hibernate: select tipodocume0_.nombreTipoDocumento as col_0_0_ from tipodocumento tipodocume0_ where tipodocume0_.idTipoDocumento='1'
Hibernate: select arealabora0_.nombreAreaLaboral as col_0_0_ from arealaboral arealabora0_ where arealabora0_.idAreaLaboral='1'
Hibernate: select sexo0_.nombreSexo as col_0_0_ from sexo sexo0_ where sexo0_.idSexo='1'
Hibernate: select empleados0_.idEmpleados as idEmplea1_7_, empleados0_.activoEmpleado as activoEm2_7_, empleados0_.apellidoEmpleado as apellido3_7_, empleados0_.correoEmpleado as correoEm4_7_, empleados0_.documento as document5_7_, empleados0_.fechaDeNacimiento as fechaDeN6_7_, empleados0_.idAreaLaboral as idAreaLa7_7_, empleados0_.idSexo as idSexo8_7_, empleados0_.idTipoDocumento as idTipoDo9_7_, empleados0_.nombreEmpleado as nombreE10_7_, empleados0_.telefonoEmpleado as telefon11_7_ from empleados empleados0_ where empleados0_.nombreEmpleado like 'Dianne%'
]]></system-out>
    <system-err><![CDATA[oct 14, 2021 8:19:39 PM org.hibernate.ejb.HibernatePersistence logDeprecation
WARN: HHH015016: Encountered a deprecated javax.persistence.spi.PersistenceProvider [org.hibernate.ejb.HibernatePersistence]; use [org.hibernate.jpa.HibernatePersistenceProvider] instead.
oct 14, 2021 8:19:39 PM org.hibernate.ejb.HibernatePersistence logDeprecation
WARN: HHH015016: Encountered a deprecated javax.persistence.spi.PersistenceProvider [org.hibernate.ejb.HibernatePersistence]; use [org.hibernate.jpa.HibernatePersistenceProvider] instead.
oct 14, 2021 8:19:39 PM org.hibernate.ejb.HibernatePersistence logDeprecation
WARN: HHH015016: Encountered a deprecated javax.persistence.spi.PersistenceProvider [org.hibernate.ejb.HibernatePersistence]; use [org.hibernate.jpa.HibernatePersistenceProvider] instead.
oct 14, 2021 8:19:39 PM org.hibernate.jpa.internal.util.LogHelper logPersistenceUnitInformation
INFO: HHH000204: Processing PersistenceUnitInfo [
	name: DB
	...]
oct 14, 2021 8:19:39 PM org.hibernate.engine.jdbc.connections.internal.DriverManagerConnectionProviderImpl configure
WARN: HHH000402: Using Hibernate built-in connection pool (not for production use!)
oct 14, 2021 8:19:39 PM org.hibernate.engine.jdbc.connections.internal.DriverManagerConnectionProviderImpl buildCreator
INFO: HHH000401: using driver [com.mysql.jdbc.Driver] at URL [jdbc:mysql://localhost:3306/Microcosmos?zeroDateTimeBehavior=convertToNull]
oct 14, 2021 8:19:39 PM org.hibernate.engine.jdbc.connections.internal.DriverManagerConnectionProviderImpl buildCreator
INFO: HHH000046: Connection properties: {user=root, password=****}
oct 14, 2021 8:19:39 PM org.hibernate.engine.jdbc.connections.internal.DriverManagerConnectionProviderImpl buildCreator
INFO: HHH000006: Autocommit mode: false
oct 14, 2021 8:19:39 PM org.hibernate.engine.jdbc.connections.internal.DriverManagerConnectionProviderImpl configure
INFO: HHH000115: Hibernate connection pool size: 20 (min=1)
oct 14, 2021 8:19:39 PM org.hibernate.dialect.Dialect <init>
INFO: HHH000400: Using dialect: org.hibernate.dialect.MySQLDialect
oct 14, 2021 8:19:39 PM org.hibernate.hql.internal.ast.ASTQueryTranslatorFactory <init>
INFO: HHH000397: Using ASTQueryTranslatorFactory
oct 14, 2021 8:19:39 PM org.hibernate.tool.hbm2ddl.SchemaValidator validate
INFO: HHH000229: Running schema validator
oct 14, 2021 8:19:39 PM org.hibernate.tool.hbm2ddl.SchemaValidator validate
INFO: HHH000102: Fetching database metadata
oct 14, 2021 8:19:39 PM org.hibernate.tool.hbm2ddl.TableMetadata <init>
INFO: HHH000261: Table found: microcosmos.arealaboral
oct 14, 2021 8:19:39 PM org.hibernate.tool.hbm2ddl.TableMetadata <init>
INFO: HHH000037: Columns: [idarealaboral, descripcionarealaboral, nombrearealaboral, activoarealaboral]
oct 14, 2021 8:19:39 PM org.hibernate.tool.hbm2ddl.TableMetadata <init>
INFO: HHH000261: Table found: microcosmos.arealaboralhistorica
oct 14, 2021 8:19:39 PM org.hibernate.tool.hbm2ddl.TableMetadata <init>
INFO: HHH000037: Columns: [idempleados, fechaconclusion, fechacomienzo, idarealaboralhistorica]
oct 14, 2021 8:19:39 PM org.hibernate.tool.hbm2ddl.TableMetadata <init>
INFO: HHH000261: Table found: microcosmos.articulo
oct 14, 2021 8:19:39 PM org.hibernate.tool.hbm2ddl.TableMetadata <init>
INFO: HHH000037: Columns: [idsecciontienda, stockmaximo, activoarticulo, nombrearticulo, stockminimo, precioarticulo, idtalla, stock, descripcionarticulo, idarticulo]
oct 14, 2021 8:19:39 PM org.hibernate.tool.hbm2ddl.TableMetadata <init>
INFO: HHH000261: Table found: microcosmos.clientes
oct 14, 2021 8:19:39 PM org.hibernate.tool.hbm2ddl.TableMetadata <init>
INFO: HHH000037: Columns: [telefonocliente, direccioncliente, idtipodocumento, idsexo, documento, activocliente, idcliente, nombrecliente, apellidocliente, correocliente]
oct 14, 2021 8:19:39 PM org.hibernate.tool.hbm2ddl.TableMetadata <init>
INFO: HHH000261: Table found: microcosmos.compra
oct 14, 2021 8:19:39 PM org.hibernate.tool.hbm2ddl.TableMetadata <init>
INFO: HHH000037: Columns: [idcompra, fechapedido, idproveedor, idempleados, fecharecibido, totalcompra, idestado]
oct 14, 2021 8:19:39 PM org.hibernate.tool.hbm2ddl.TableMetadata <init>
INFO: HHH000261: Table found: microcosmos.detallecompra
oct 14, 2021 8:19:39 PM org.hibernate.tool.hbm2ddl.TableMetadata <init>
INFO: HHH000037: Columns: [idcompra, iddetallecompra, preciocompra, cantidad, idarticulo]
oct 14, 2021 8:19:39 PM org.hibernate.tool.hbm2ddl.TableMetadata <init>
INFO: HHH000261: Table found: microcosmos.detalleventa
oct 14, 2021 8:19:39 PM org.hibernate.tool.hbm2ddl.TableMetadata <init>
INFO: HHH000037: Columns: [idventa, iddetalleventa, cantidad, idarticulo]
oct 14, 2021 8:19:39 PM org.hibernate.tool.hbm2ddl.TableMetadata <init>
INFO: HHH000261: Table found: microcosmos.empleados
oct 14, 2021 8:19:39 PM org.hibernate.tool.hbm2ddl.TableMetadata <init>
INFO: HHH000037: Columns: [idempleados, idarealaboral, idtipodocumento, idsexo, telefonoempleado, documento, nombreempleado, correoempleado, apellidoempleado, fechadenacimiento, activoempleado]
oct 14, 2021 8:19:39 PM org.hibernate.tool.hbm2ddl.TableMetadata <init>
INFO: HHH000261: Table found: microcosmos.entidades
oct 14, 2021 8:19:39 PM org.hibernate.tool.hbm2ddl.TableMetadata <init>
INFO: HHH000037: Columns: [identidad, activoentidad, nombreentidad]
oct 14, 2021 8:19:39 PM org.hibernate.tool.hbm2ddl.TableMetadata <init>
INFO: HHH000261: Table found: microcosmos.estado
oct 14, 2021 8:19:39 PM org.hibernate.tool.hbm2ddl.TableMetadata <init>
INFO: HHH000037: Columns: [nombreestado, activoestado, identidad, descripcionestado, idestado]
oct 14, 2021 8:19:39 PM org.hibernate.tool.hbm2ddl.TableMetadata <init>
INFO: HHH000261: Table found: microcosmos.facturasdevueltas
oct 14, 2021 8:19:39 PM org.hibernate.tool.hbm2ddl.TableMetadata <init>
INFO: HHH000037: Columns: [idventa, descripcion, fechadevolucion, idempleados, idfacturadevuelta]
oct 14, 2021 8:19:39 PM org.hibernate.tool.hbm2ddl.TableMetadata <init>
INFO: HHH000261: Table found: microcosmos.parametros
oct 14, 2021 8:19:39 PM org.hibernate.tool.hbm2ddl.TableMetadata <init>
INFO: HHH000037: Columns: [facturainicial, fechaemision, facturafinal, activoparametros, fechacaducidad, cai, idparametros]
oct 14, 2021 8:19:39 PM org.hibernate.tool.hbm2ddl.TableMetadata <init>
INFO: HHH000261: Table found: microcosmos.pedidosdevueltos
oct 14, 2021 8:19:39 PM org.hibernate.tool.hbm2ddl.TableMetadata <init>
INFO: HHH000037: Columns: [idcompra, descripcion, idempleados, idpedidosdevueltos, fechaanulacion]
oct 14, 2021 8:19:39 PM org.hibernate.tool.hbm2ddl.TableMetadata <init>
INFO: HHH000261: Table found: microcosmos.preciohistorico
oct 14, 2021 8:19:39 PM org.hibernate.tool.hbm2ddl.TableMetadata <init>
INFO: HHH000037: Columns: [precio, idpreciohistorico, fechainicial, fechafinal, idarticulo, activopreciohistorico]
oct 14, 2021 8:19:39 PM org.hibernate.tool.hbm2ddl.TableMetadata <init>
INFO: HHH000261: Table found: microcosmos.proveedores
oct 14, 2021 8:19:39 PM org.hibernate.tool.hbm2ddl.TableMetadata <init>
INFO: HHH000037: Columns: [idproveedor, activoproveedor, idtipodocumento, nombreproveedor, correoproveedor, telefonoproveedor, documento, ubicacionproveedor]
oct 14, 2021 8:19:39 PM org.hibernate.tool.hbm2ddl.TableMetadata <init>
INFO: HHH000261: Table found: microcosmos.secciontienda
oct 14, 2021 8:19:39 PM org.hibernate.tool.hbm2ddl.TableMetadata <init>
INFO: HHH000037: Columns: [idsecciontienda, descripcionsecciontienda, nombresecciontienda, activosecciontienda]
oct 14, 2021 8:19:39 PM org.hibernate.tool.hbm2ddl.TableMetadata <init>
INFO: HHH000261: Table found: microcosmos.sexo
oct 14, 2021 8:19:39 PM org.hibernate.tool.hbm2ddl.TableMetadata <init>
INFO: HHH000037: Columns: [idsexo, nombresexo, descripcionsexo]
oct 14, 2021 8:19:39 PM org.hibernate.tool.hbm2ddl.TableMetadata <init>
INFO: HHH000261: Table found: microcosmos.talla
oct 14, 2021 8:19:39 PM org.hibernate.tool.hbm2ddl.TableMetadata <init>
INFO: HHH000037: Columns: [activotalla, nombretalla, descripciontalla, idtalla]
oct 14, 2021 8:19:39 PM org.hibernate.tool.hbm2ddl.TableMetadata <init>
INFO: HHH000261: Table found: microcosmos.tipodepago
oct 14, 2021 8:19:39 PM org.hibernate.tool.hbm2ddl.TableMetadata <init>
INFO: HHH000037: Columns: [descripciontipodepago, nombretipodepago, idtipodepago, activotipodepago]
oct 14, 2021 8:19:39 PM org.hibernate.tool.hbm2ddl.TableMetadata <init>
INFO: HHH000261: Table found: microcosmos.tipodocumento
oct 14, 2021 8:19:39 PM org.hibernate.tool.hbm2ddl.TableMetadata <init>
INFO: HHH000037: Columns: [nombretipodocumento, descripciontipodocumento, activotipodocumento, idtipodocumento]
oct 14, 2021 8:19:40 PM org.hibernate.tool.hbm2ddl.TableMetadata <init>
INFO: HHH000261: Table found: microcosmos.usuarios
oct 14, 2021 8:19:40 PM org.hibernate.tool.hbm2ddl.TableMetadata <init>
INFO: HHH000037: Columns: [nombreusuario, idempleados, numerodeintentos, activousuario, admin, contrasena, idusuario]
oct 14, 2021 8:19:40 PM org.hibernate.tool.hbm2ddl.TableMetadata <init>
INFO: HHH000261: Table found: microcosmos.venta
oct 14, 2021 8:19:40 PM org.hibernate.tool.hbm2ddl.TableMetadata <init>
INFO: HHH000037: Columns: [numtarjeta, idtipodepago, formato, montoefectivo, idcliente, idestado, idventa, total, idempleados, impuesto, subtotal, montotarjeta, fechaventa, idparametros]
oct 14, 2021 8:19:40 PM org.hibernate.jpa.internal.EntityManagerFactoryRegistry addEntityManagerFactory
WARN: HHH000436: Entity manager factory name (DB) is already registered.  If entity manager will be clustered or passivated, specify a unique value for property 'hibernate.ejb.entitymanager_factory_name'
oct 14, 2021 8:19:40 PM org.hibernate.ejb.HibernatePersistence logDeprecation
WARN: HHH015016: Encountered a deprecated javax.persistence.spi.PersistenceProvider [org.hibernate.ejb.HibernatePersistence]; use [org.hibernate.jpa.HibernatePersistenceProvider] instead.
oct 14, 2021 8:19:40 PM org.hibernate.ejb.HibernatePersistence logDeprecation
WARN: HHH015016: Encountered a deprecated javax.persistence.spi.PersistenceProvider [org.hibernate.ejb.HibernatePersistence]; use [org.hibernate.jpa.HibernatePersistenceProvider] instead.
oct 14, 2021 8:19:40 PM org.hibernate.ejb.HibernatePersistence logDeprecation
WARN: HHH015016: Encountered a deprecated javax.persistence.spi.PersistenceProvider [org.hibernate.ejb.HibernatePersistence]; use [org.hibernate.jpa.HibernatePersistenceProvider] instead.
oct 14, 2021 8:19:40 PM org.hibernate.jpa.internal.util.LogHelper logPersistenceUnitInformation
INFO: HHH000204: Processing PersistenceUnitInfo [
	name: DB
	...]
oct 14, 2021 8:19:40 PM org.hibernate.engine.jdbc.connections.internal.DriverManagerConnectionProviderImpl configure
WARN: HHH000402: Using Hibernate built-in connection pool (not for production use!)
oct 14, 2021 8:19:40 PM org.hibernate.engine.jdbc.connections.internal.DriverManagerConnectionProviderImpl buildCreator
INFO: HHH000401: using driver [com.mysql.jdbc.Driver] at URL [jdbc:mysql://localhost:3306/Microcosmos?zeroDateTimeBehavior=convertToNull]
oct 14, 2021 8:19:40 PM org.hibernate.engine.jdbc.connections.internal.DriverManagerConnectionProviderImpl buildCreator
INFO: HHH000046: Connection properties: {user=root, password=****}
oct 14, 2021 8:19:40 PM org.hibernate.engine.jdbc.connections.internal.DriverManagerConnectionProviderImpl buildCreator
INFO: HHH000006: Autocommit mode: false
oct 14, 2021 8:19:40 PM org.hibernate.engine.jdbc.connections.internal.DriverManagerConnectionProviderImpl configure
INFO: HHH000115: Hibernate connection pool size: 20 (min=1)
oct 14, 2021 8:19:40 PM org.hibernate.dialect.Dialect <init>
INFO: HHH000400: Using dialect: org.hibernate.dialect.MySQLDialect
oct 14, 2021 8:19:40 PM org.hibernate.hql.internal.ast.ASTQueryTranslatorFactory <init>
INFO: HHH000397: Using ASTQueryTranslatorFactory
oct 14, 2021 8:19:40 PM org.hibernate.tool.hbm2ddl.SchemaValidator validate
INFO: HHH000229: Running schema validator
oct 14, 2021 8:19:40 PM org.hibernate.tool.hbm2ddl.SchemaValidator validate
INFO: HHH000102: Fetching database metadata
oct 14, 2021 8:19:40 PM org.hibernate.tool.hbm2ddl.TableMetadata <init>
INFO: HHH000261: Table found: microcosmos.arealaboral
oct 14, 2021 8:19:40 PM org.hibernate.tool.hbm2ddl.TableMetadata <init>
INFO: HHH000037: Columns: [idarealaboral, descripcionarealaboral, nombrearealaboral, activoarealaboral]
oct 14, 2021 8:19:40 PM org.hibernate.tool.hbm2ddl.TableMetadata <init>
INFO: HHH000261: Table found: microcosmos.arealaboralhistorica
oct 14, 2021 8:19:40 PM org.hibernate.tool.hbm2ddl.TableMetadata <init>
INFO: HHH000037: Columns: [idempleados, fechaconclusion, fechacomienzo, idarealaboralhistorica]
oct 14, 2021 8:19:40 PM org.hibernate.tool.hbm2ddl.TableMetadata <init>
INFO: HHH000261: Table found: microcosmos.articulo
oct 14, 2021 8:19:40 PM org.hibernate.tool.hbm2ddl.TableMetadata <init>
INFO: HHH000037: Columns: [idsecciontienda, stockmaximo, activoarticulo, nombrearticulo, stockminimo, precioarticulo, idtalla, stock, descripcionarticulo, idarticulo]
oct 14, 2021 8:19:40 PM org.hibernate.tool.hbm2ddl.TableMetadata <init>
INFO: HHH000261: Table found: microcosmos.clientes
oct 14, 2021 8:19:40 PM org.hibernate.tool.hbm2ddl.TableMetadata <init>
INFO: HHH000037: Columns: [telefonocliente, direccioncliente, idtipodocumento, idsexo, documento, activocliente, idcliente, nombrecliente, apellidocliente, correocliente]
oct 14, 2021 8:19:40 PM org.hibernate.tool.hbm2ddl.TableMetadata <init>
INFO: HHH000261: Table found: microcosmos.compra
oct 14, 2021 8:19:40 PM org.hibernate.tool.hbm2ddl.TableMetadata <init>
INFO: HHH000037: Columns: [idcompra, fechapedido, idproveedor, idempleados, fecharecibido, totalcompra, idestado]
oct 14, 2021 8:19:40 PM org.hibernate.tool.hbm2ddl.TableMetadata <init>
INFO: HHH000261: Table found: microcosmos.detallecompra
oct 14, 2021 8:19:40 PM org.hibernate.tool.hbm2ddl.TableMetadata <init>
INFO: HHH000037: Columns: [idcompra, iddetallecompra, preciocompra, cantidad, idarticulo]
oct 14, 2021 8:19:40 PM org.hibernate.tool.hbm2ddl.TableMetadata <init>
INFO: HHH000261: Table found: microcosmos.detalleventa
oct 14, 2021 8:19:40 PM org.hibernate.tool.hbm2ddl.TableMetadata <init>
INFO: HHH000037: Columns: [idventa, iddetalleventa, cantidad, idarticulo]
oct 14, 2021 8:19:40 PM org.hibernate.tool.hbm2ddl.TableMetadata <init>
INFO: HHH000261: Table found: microcosmos.empleados
oct 14, 2021 8:19:40 PM org.hibernate.tool.hbm2ddl.TableMetadata <init>
INFO: HHH000037: Columns: [idempleados, idarealaboral, idtipodocumento, idsexo, telefonoempleado, documento, nombreempleado, correoempleado, apellidoempleado, fechadenacimiento, activoempleado]
oct 14, 2021 8:19:40 PM org.hibernate.tool.hbm2ddl.TableMetadata <init>
INFO: HHH000261: Table found: microcosmos.entidades
oct 14, 2021 8:19:40 PM org.hibernate.tool.hbm2ddl.TableMetadata <init>
INFO: HHH000037: Columns: [identidad, activoentidad, nombreentidad]
oct 14, 2021 8:19:40 PM org.hibernate.tool.hbm2ddl.TableMetadata <init>
INFO: HHH000261: Table found: microcosmos.estado
oct 14, 2021 8:19:40 PM org.hibernate.tool.hbm2ddl.TableMetadata <init>
INFO: HHH000037: Columns: [nombreestado, activoestado, identidad, descripcionestado, idestado]
oct 14, 2021 8:19:40 PM org.hibernate.tool.hbm2ddl.TableMetadata <init>
INFO: HHH000261: Table found: microcosmos.facturasdevueltas
oct 14, 2021 8:19:40 PM org.hibernate.tool.hbm2ddl.TableMetadata <init>
INFO: HHH000037: Columns: [idventa, descripcion, fechadevolucion, idempleados, idfacturadevuelta]
oct 14, 2021 8:19:40 PM org.hibernate.tool.hbm2ddl.TableMetadata <init>
INFO: HHH000261: Table found: microcosmos.parametros
oct 14, 2021 8:19:40 PM org.hibernate.tool.hbm2ddl.TableMetadata <init>
INFO: HHH000037: Columns: [facturainicial, fechaemision, facturafinal, activoparametros, fechacaducidad, cai, idparametros]
oct 14, 2021 8:19:40 PM org.hibernate.tool.hbm2ddl.TableMetadata <init>
INFO: HHH000261: Table found: microcosmos.pedidosdevueltos
oct 14, 2021 8:19:40 PM org.hibernate.tool.hbm2ddl.TableMetadata <init>
INFO: HHH000037: Columns: [idcompra, descripcion, idempleados, idpedidosdevueltos, fechaanulacion]
oct 14, 2021 8:19:40 PM org.hibernate.tool.hbm2ddl.TableMetadata <init>
INFO: HHH000261: Table found: microcosmos.preciohistorico
oct 14, 2021 8:19:40 PM org.hibernate.tool.hbm2ddl.TableMetadata <init>
INFO: HHH000037: Columns: [precio, idpreciohistorico, fechainicial, fechafinal, idarticulo, activopreciohistorico]
oct 14, 2021 8:19:40 PM org.hibernate.tool.hbm2ddl.TableMetadata <init>
INFO: HHH000261: Table found: microcosmos.proveedores
oct 14, 2021 8:19:40 PM org.hibernate.tool.hbm2ddl.TableMetadata <init>
INFO: HHH000037: Columns: [idproveedor, activoproveedor, idtipodocumento, nombreproveedor, correoproveedor, telefonoproveedor, documento, ubicacionproveedor]
oct 14, 2021 8:19:40 PM org.hibernate.tool.hbm2ddl.TableMetadata <init>
INFO: HHH000261: Table found: microcosmos.secciontienda
oct 14, 2021 8:19:40 PM org.hibernate.tool.hbm2ddl.TableMetadata <init>
INFO: HHH000037: Columns: [idsecciontienda, descripcionsecciontienda, nombresecciontienda, activosecciontienda]
oct 14, 2021 8:19:40 PM org.hibernate.tool.hbm2ddl.TableMetadata <init>
INFO: HHH000261: Table found: microcosmos.sexo
oct 14, 2021 8:19:40 PM org.hibernate.tool.hbm2ddl.TableMetadata <init>
INFO: HHH000037: Columns: [idsexo, nombresexo, descripcionsexo]
oct 14, 2021 8:19:40 PM org.hibernate.tool.hbm2ddl.TableMetadata <init>
INFO: HHH000261: Table found: microcosmos.talla
oct 14, 2021 8:19:40 PM org.hibernate.tool.hbm2ddl.TableMetadata <init>
INFO: HHH000037: Columns: [activotalla, nombretalla, descripciontalla, idtalla]
oct 14, 2021 8:19:40 PM org.hibernate.tool.hbm2ddl.TableMetadata <init>
INFO: HHH000261: Table found: microcosmos.tipodepago
oct 14, 2021 8:19:40 PM org.hibernate.tool.hbm2ddl.TableMetadata <init>
INFO: HHH000037: Columns: [descripciontipodepago, nombretipodepago, idtipodepago, activotipodepago]
oct 14, 2021 8:19:40 PM org.hibernate.tool.hbm2ddl.TableMetadata <init>
INFO: HHH000261: Table found: microcosmos.tipodocumento
oct 14, 2021 8:19:40 PM org.hibernate.tool.hbm2ddl.TableMetadata <init>
INFO: HHH000037: Columns: [nombretipodocumento, descripciontipodocumento, activotipodocumento, idtipodocumento]
oct 14, 2021 8:19:40 PM org.hibernate.tool.hbm2ddl.TableMetadata <init>
INFO: HHH000261: Table found: microcosmos.usuarios
oct 14, 2021 8:19:40 PM org.hibernate.tool.hbm2ddl.TableMetadata <init>
INFO: HHH000037: Columns: [nombreusuario, idempleados, numerodeintentos, activousuario, admin, contrasena, idusuario]
oct 14, 2021 8:19:40 PM org.hibernate.tool.hbm2ddl.TableMetadata <init>
INFO: HHH000261: Table found: microcosmos.venta
oct 14, 2021 8:19:40 PM org.hibernate.tool.hbm2ddl.TableMetadata <init>
INFO: HHH000037: Columns: [numtarjeta, idtipodepago, formato, montoefectivo, idcliente, idestado, idventa, total, idempleados, impuesto, subtotal, montotarjeta, fechaventa, idparametros]
oct 14, 2021 8:19:40 PM org.hibernate.jpa.internal.EntityManagerFactoryRegistry addEntityManagerFactory
WARN: HHH000436: Entity manager factory name (DB) is already registered.  If entity manager will be clustered or passivated, specify a unique value for property 'hibernate.ejb.entitymanager_factory_name'
oct 14, 2021 8:19:40 PM org.hibernate.ejb.HibernatePersistence logDeprecation
WARN: HHH015016: Encountered a deprecated javax.persistence.spi.PersistenceProvider [org.hibernate.ejb.HibernatePersistence]; use [org.hibernate.jpa.HibernatePersistenceProvider] instead.
oct 14, 2021 8:19:40 PM org.hibernate.ejb.HibernatePersistence logDeprecation
WARN: HHH015016: Encountered a deprecated javax.persistence.spi.PersistenceProvider [org.hibernate.ejb.HibernatePersistence]; use [org.hibernate.jpa.HibernatePersistenceProvider] instead.
oct 14, 2021 8:19:40 PM org.hibernate.ejb.HibernatePersistence logDeprecation
WARN: HHH015016: Encountered a deprecated javax.persistence.spi.PersistenceProvider [org.hibernate.ejb.HibernatePersistence]; use [org.hibernate.jpa.HibernatePersistenceProvider] instead.
oct 14, 2021 8:19:40 PM org.hibernate.jpa.internal.util.LogHelper logPersistenceUnitInformation
INFO: HHH000204: Processing PersistenceUnitInfo [
	name: DB
	...]
oct 14, 2021 8:19:40 PM org.hibernate.engine.jdbc.connections.internal.DriverManagerConnectionProviderImpl configure
WARN: HHH000402: Using Hibernate built-in connection pool (not for production use!)
oct 14, 2021 8:19:40 PM org.hibernate.engine.jdbc.connections.internal.DriverManagerConnectionProviderImpl buildCreator
INFO: HHH000401: using driver [com.mysql.jdbc.Driver] at URL [jdbc:mysql://localhost:3306/Microcosmos?zeroDateTimeBehavior=convertToNull]
oct 14, 2021 8:19:40 PM org.hibernate.engine.jdbc.connections.internal.DriverManagerConnectionProviderImpl buildCreator
INFO: HHH000046: Connection properties: {user=root, password=****}
oct 14, 2021 8:19:40 PM org.hibernate.engine.jdbc.connections.internal.DriverManagerConnectionProviderImpl buildCreator
INFO: HHH000006: Autocommit mode: false
oct 14, 2021 8:19:40 PM org.hibernate.engine.jdbc.connections.internal.DriverManagerConnectionProviderImpl configure
INFO: HHH000115: Hibernate connection pool size: 20 (min=1)
oct 14, 2021 8:19:40 PM org.hibernate.dialect.Dialect <init>
INFO: HHH000400: Using dialect: org.hibernate.dialect.MySQLDialect
oct 14, 2021 8:19:40 PM org.hibernate.hql.internal.ast.ASTQueryTranslatorFactory <init>
INFO: HHH000397: Using ASTQueryTranslatorFactory
oct 14, 2021 8:19:40 PM org.hibernate.tool.hbm2ddl.SchemaValidator validate
INFO: HHH000229: Running schema validator
oct 14, 2021 8:19:40 PM org.hibernate.tool.hbm2ddl.SchemaValidator validate
INFO: HHH000102: Fetching database metadata
oct 14, 2021 8:19:40 PM org.hibernate.tool.hbm2ddl.TableMetadata <init>
INFO: HHH000261: Table found: microcosmos.arealaboral
oct 14, 2021 8:19:40 PM org.hibernate.tool.hbm2ddl.TableMetadata <init>
INFO: HHH000037: Columns: [idarealaboral, descripcionarealaboral, nombrearealaboral, activoarealaboral]
oct 14, 2021 8:19:40 PM org.hibernate.tool.hbm2ddl.TableMetadata <init>
INFO: HHH000261: Table found: microcosmos.arealaboralhistorica
oct 14, 2021 8:19:40 PM org.hibernate.tool.hbm2ddl.TableMetadata <init>
INFO: HHH000037: Columns: [idempleados, fechaconclusion, fechacomienzo, idarealaboralhistorica]
oct 14, 2021 8:19:40 PM org.hibernate.tool.hbm2ddl.TableMetadata <init>
INFO: HHH000261: Table found: microcosmos.articulo
oct 14, 2021 8:19:40 PM org.hibernate.tool.hbm2ddl.TableMetadata <init>
INFO: HHH000037: Columns: [idsecciontienda, stockmaximo, activoarticulo, nombrearticulo, stockminimo, precioarticulo, idtalla, stock, descripcionarticulo, idarticulo]
oct 14, 2021 8:19:40 PM org.hibernate.tool.hbm2ddl.TableMetadata <init>
INFO: HHH000261: Table found: microcosmos.clientes
oct 14, 2021 8:19:40 PM org.hibernate.tool.hbm2ddl.TableMetadata <init>
INFO: HHH000037: Columns: [telefonocliente, direccioncliente, idtipodocumento, idsexo, documento, activocliente, idcliente, nombrecliente, apellidocliente, correocliente]
oct 14, 2021 8:19:40 PM org.hibernate.tool.hbm2ddl.TableMetadata <init>
INFO: HHH000261: Table found: microcosmos.compra
oct 14, 2021 8:19:40 PM org.hibernate.tool.hbm2ddl.TableMetadata <init>
INFO: HHH000037: Columns: [idcompra, fechapedido, idproveedor, idempleados, fecharecibido, totalcompra, idestado]
oct 14, 2021 8:19:40 PM org.hibernate.tool.hbm2ddl.TableMetadata <init>
INFO: HHH000261: Table found: microcosmos.detallecompra
oct 14, 2021 8:19:40 PM org.hibernate.tool.hbm2ddl.TableMetadata <init>
INFO: HHH000037: Columns: [idcompra, iddetallecompra, preciocompra, cantidad, idarticulo]
oct 14, 2021 8:19:40 PM org.hibernate.tool.hbm2ddl.TableMetadata <init>
INFO: HHH000261: Table found: microcosmos.detalleventa
oct 14, 2021 8:19:40 PM org.hibernate.tool.hbm2ddl.TableMetadata <init>
INFO: HHH000037: Columns: [idventa, iddetalleventa, cantidad, idarticulo]
oct 14, 2021 8:19:40 PM org.hibernate.tool.hbm2ddl.TableMetadata <init>
INFO: HHH000261: Table found: microcosmos.empleados
oct 14, 2021 8:19:40 PM org.hibernate.tool.hbm2ddl.TableMetadata <init>
INFO: HHH000037: Columns: [idempleados, idarealaboral, idtipodocumento, idsexo, telefonoempleado, documento, nombreempleado, correoempleado, apellidoempleado, fechadenacimiento, activoempleado]
oct 14, 2021 8:19:40 PM org.hibernate.tool.hbm2ddl.TableMetadata <init>
INFO: HHH000261: Table found: microcosmos.entidades
oct 14, 2021 8:19:40 PM org.hibernate.tool.hbm2ddl.TableMetadata <init>
INFO: HHH000037: Columns: [identidad, activoentidad, nombreentidad]
oct 14, 2021 8:19:40 PM org.hibernate.tool.hbm2ddl.TableMetadata <init>
INFO: HHH000261: Table found: microcosmos.estado
oct 14, 2021 8:19:40 PM org.hibernate.tool.hbm2ddl.TableMetadata <init>
INFO: HHH000037: Columns: [nombreestado, activoestado, identidad, descripcionestado, idestado]
oct 14, 2021 8:19:40 PM org.hibernate.tool.hbm2ddl.TableMetadata <init>
INFO: HHH000261: Table found: microcosmos.facturasdevueltas
oct 14, 2021 8:19:40 PM org.hibernate.tool.hbm2ddl.TableMetadata <init>
INFO: HHH000037: Columns: [idventa, descripcion, fechadevolucion, idempleados, idfacturadevuelta]
oct 14, 2021 8:19:40 PM org.hibernate.tool.hbm2ddl.TableMetadata <init>
INFO: HHH000261: Table found: microcosmos.parametros
oct 14, 2021 8:19:40 PM org.hibernate.tool.hbm2ddl.TableMetadata <init>
INFO: HHH000037: Columns: [facturainicial, fechaemision, facturafinal, activoparametros, fechacaducidad, cai, idparametros]
oct 14, 2021 8:19:40 PM org.hibernate.tool.hbm2ddl.TableMetadata <init>
INFO: HHH000261: Table found: microcosmos.pedidosdevueltos
oct 14, 2021 8:19:40 PM org.hibernate.tool.hbm2ddl.TableMetadata <init>
INFO: HHH000037: Columns: [idcompra, descripcion, idempleados, idpedidosdevueltos, fechaanulacion]
oct 14, 2021 8:19:40 PM org.hibernate.tool.hbm2ddl.TableMetadata <init>
INFO: HHH000261: Table found: microcosmos.preciohistorico
oct 14, 2021 8:19:40 PM org.hibernate.tool.hbm2ddl.TableMetadata <init>
INFO: HHH000037: Columns: [precio, idpreciohistorico, fechainicial, fechafinal, idarticulo, activopreciohistorico]
oct 14, 2021 8:19:40 PM org.hibernate.tool.hbm2ddl.TableMetadata <init>
INFO: HHH000261: Table found: microcosmos.proveedores
oct 14, 2021 8:19:40 PM org.hibernate.tool.hbm2ddl.TableMetadata <init>
INFO: HHH000037: Columns: [idproveedor, activoproveedor, idtipodocumento, nombreproveedor, correoproveedor, telefonoproveedor, documento, ubicacionproveedor]
oct 14, 2021 8:19:40 PM org.hibernate.tool.hbm2ddl.TableMetadata <init>
INFO: HHH000261: Table found: microcosmos.secciontienda
oct 14, 2021 8:19:40 PM org.hibernate.tool.hbm2ddl.TableMetadata <init>
INFO: HHH000037: Columns: [idsecciontienda, descripcionsecciontienda, nombresecciontienda, activosecciontienda]
oct 14, 2021 8:19:40 PM org.hibernate.tool.hbm2ddl.TableMetadata <init>
INFO: HHH000261: Table found: microcosmos.sexo
oct 14, 2021 8:19:40 PM org.hibernate.tool.hbm2ddl.TableMetadata <init>
INFO: HHH000037: Columns: [idsexo, nombresexo, descripcionsexo]
oct 14, 2021 8:19:40 PM org.hibernate.tool.hbm2ddl.TableMetadata <init>
INFO: HHH000261: Table found: microcosmos.talla
oct 14, 2021 8:19:40 PM org.hibernate.tool.hbm2ddl.TableMetadata <init>
INFO: HHH000037: Columns: [activotalla, nombretalla, descripciontalla, idtalla]
oct 14, 2021 8:19:40 PM org.hibernate.tool.hbm2ddl.TableMetadata <init>
INFO: HHH000261: Table found: microcosmos.tipodepago
oct 14, 2021 8:19:40 PM org.hibernate.tool.hbm2ddl.TableMetadata <init>
INFO: HHH000037: Columns: [descripciontipodepago, nombretipodepago, idtipodepago, activotipodepago]
oct 14, 2021 8:19:40 PM org.hibernate.tool.hbm2ddl.TableMetadata <init>
INFO: HHH000261: Table found: microcosmos.tipodocumento
oct 14, 2021 8:19:40 PM org.hibernate.tool.hbm2ddl.TableMetadata <init>
INFO: HHH000037: Columns: [nombretipodocumento, descripciontipodocumento, activotipodocumento, idtipodocumento]
oct 14, 2021 8:19:40 PM org.hibernate.tool.hbm2ddl.TableMetadata <init>
INFO: HHH000261: Table found: microcosmos.usuarios
oct 14, 2021 8:19:40 PM org.hibernate.tool.hbm2ddl.TableMetadata <init>
INFO: HHH000037: Columns: [nombreusuario, idempleados, numerodeintentos, activousuario, admin, contrasena, idusuario]
oct 14, 2021 8:19:40 PM org.hibernate.tool.hbm2ddl.TableMetadata <init>
INFO: HHH000261: Table found: microcosmos.venta
oct 14, 2021 8:19:40 PM org.hibernate.tool.hbm2ddl.TableMetadata <init>
INFO: HHH000037: Columns: [numtarjeta, idtipodepago, formato, montoefectivo, idcliente, idestado, idventa, total, idempleados, impuesto, subtotal, montotarjeta, fechaventa, idparametros]
oct 14, 2021 8:19:40 PM org.hibernate.jpa.internal.EntityManagerFactoryRegistry addEntityManagerFactory
WARN: HHH000436: Entity manager factory name (DB) is already registered.  If entity manager will be clustered or passivated, specify a unique value for property 'hibernate.ejb.entitymanager_factory_name'
oct 14, 2021 8:19:40 PM org.hibernate.ejb.HibernatePersistence logDeprecation
WARN: HHH015016: Encountered a deprecated javax.persistence.spi.PersistenceProvider [org.hibernate.ejb.HibernatePersistence]; use [org.hibernate.jpa.HibernatePersistenceProvider] instead.
oct 14, 2021 8:19:40 PM org.hibernate.ejb.HibernatePersistence logDeprecation
WARN: HHH015016: Encountered a deprecated javax.persistence.spi.PersistenceProvider [org.hibernate.ejb.HibernatePersistence]; use [org.hibernate.jpa.HibernatePersistenceProvider] instead.
oct 14, 2021 8:19:40 PM org.hibernate.ejb.HibernatePersistence logDeprecation
WARN: HHH015016: Encountered a deprecated javax.persistence.spi.PersistenceProvider [org.hibernate.ejb.HibernatePersistence]; use [org.hibernate.jpa.HibernatePersistenceProvider] instead.
oct 14, 2021 8:19:40 PM org.hibernate.jpa.internal.util.LogHelper logPersistenceUnitInformation
INFO: HHH000204: Processing PersistenceUnitInfo [
	name: DB
	...]
oct 14, 2021 8:19:40 PM org.hibernate.engine.jdbc.connections.internal.DriverManagerConnectionProviderImpl configure
WARN: HHH000402: Using Hibernate built-in connection pool (not for production use!)
oct 14, 2021 8:19:40 PM org.hibernate.engine.jdbc.connections.internal.DriverManagerConnectionProviderImpl buildCreator
INFO: HHH000401: using driver [com.mysql.jdbc.Driver] at URL [jdbc:mysql://localhost:3306/Microcosmos?zeroDateTimeBehavior=convertToNull]
oct 14, 2021 8:19:40 PM org.hibernate.engine.jdbc.connections.internal.DriverManagerConnectionProviderImpl buildCreator
INFO: HHH000046: Connection properties: {user=root, password=****}
oct 14, 2021 8:19:40 PM org.hibernate.engine.jdbc.connections.internal.DriverManagerConnectionProviderImpl buildCreator
INFO: HHH000006: Autocommit mode: false
oct 14, 2021 8:19:40 PM org.hibernate.engine.jdbc.connections.internal.DriverManagerConnectionProviderImpl configure
INFO: HHH000115: Hibernate connection pool size: 20 (min=1)
oct 14, 2021 8:19:40 PM org.hibernate.dialect.Dialect <init>
INFO: HHH000400: Using dialect: org.hibernate.dialect.MySQLDialect
oct 14, 2021 8:19:40 PM org.hibernate.hql.internal.ast.ASTQueryTranslatorFactory <init>
INFO: HHH000397: Using ASTQueryTranslatorFactory
oct 14, 2021 8:19:40 PM org.hibernate.tool.hbm2ddl.SchemaValidator validate
INFO: HHH000229: Running schema validator
oct 14, 2021 8:19:40 PM org.hibernate.tool.hbm2ddl.SchemaValidator validate
INFO: HHH000102: Fetching database metadata
oct 14, 2021 8:19:40 PM org.hibernate.tool.hbm2ddl.TableMetadata <init>
INFO: HHH000261: Table found: microcosmos.arealaboral
oct 14, 2021 8:19:40 PM org.hibernate.tool.hbm2ddl.TableMetadata <init>
INFO: HHH000037: Columns: [idarealaboral, descripcionarealaboral, nombrearealaboral, activoarealaboral]
oct 14, 2021 8:19:40 PM org.hibernate.tool.hbm2ddl.TableMetadata <init>
INFO: HHH000261: Table found: microcosmos.arealaboralhistorica
oct 14, 2021 8:19:40 PM org.hibernate.tool.hbm2ddl.TableMetadata <init>
INFO: HHH000037: Columns: [idempleados, fechaconclusion, fechacomienzo, idarealaboralhistorica]
oct 14, 2021 8:19:40 PM org.hibernate.tool.hbm2ddl.TableMetadata <init>
INFO: HHH000261: Table found: microcosmos.articulo
oct 14, 2021 8:19:40 PM org.hibernate.tool.hbm2ddl.TableMetadata <init>
INFO: HHH000037: Columns: [idsecciontienda, stockmaximo, activoarticulo, nombrearticulo, stockminimo, precioarticulo, idtalla, stock, descripcionarticulo, idarticulo]
oct 14, 2021 8:19:40 PM org.hibernate.tool.hbm2ddl.TableMetadata <init>
INFO: HHH000261: Table found: microcosmos.clientes
oct 14, 2021 8:19:40 PM org.hibernate.tool.hbm2ddl.TableMetadata <init>
INFO: HHH000037: Columns: [telefonocliente, direccioncliente, idtipodocumento, idsexo, documento, activocliente, idcliente, nombrecliente, apellidocliente, correocliente]
oct 14, 2021 8:19:40 PM org.hibernate.tool.hbm2ddl.TableMetadata <init>
INFO: HHH000261: Table found: microcosmos.compra
oct 14, 2021 8:19:40 PM org.hibernate.tool.hbm2ddl.TableMetadata <init>
INFO: HHH000037: Columns: [idcompra, fechapedido, idproveedor, idempleados, fecharecibido, totalcompra, idestado]
oct 14, 2021 8:19:40 PM org.hibernate.tool.hbm2ddl.TableMetadata <init>
INFO: HHH000261: Table found: microcosmos.detallecompra
oct 14, 2021 8:19:40 PM org.hibernate.tool.hbm2ddl.TableMetadata <init>
INFO: HHH000037: Columns: [idcompra, iddetallecompra, preciocompra, cantidad, idarticulo]
oct 14, 2021 8:19:40 PM org.hibernate.tool.hbm2ddl.TableMetadata <init>
INFO: HHH000261: Table found: microcosmos.detalleventa
oct 14, 2021 8:19:40 PM org.hibernate.tool.hbm2ddl.TableMetadata <init>
INFO: HHH000037: Columns: [idventa, iddetalleventa, cantidad, idarticulo]
oct 14, 2021 8:19:40 PM org.hibernate.tool.hbm2ddl.TableMetadata <init>
INFO: HHH000261: Table found: microcosmos.empleados
oct 14, 2021 8:19:40 PM org.hibernate.tool.hbm2ddl.TableMetadata <init>
INFO: HHH000037: Columns: [idempleados, idarealaboral, idtipodocumento, idsexo, telefonoempleado, documento, nombreempleado, correoempleado, apellidoempleado, fechadenacimiento, activoempleado]
oct 14, 2021 8:19:40 PM org.hibernate.tool.hbm2ddl.TableMetadata <init>
INFO: HHH000261: Table found: microcosmos.entidades
oct 14, 2021 8:19:40 PM org.hibernate.tool.hbm2ddl.TableMetadata <init>
INFO: HHH000037: Columns: [identidad, activoentidad, nombreentidad]
oct 14, 2021 8:19:40 PM org.hibernate.tool.hbm2ddl.TableMetadata <init>
INFO: HHH000261: Table found: microcosmos.estado
oct 14, 2021 8:19:40 PM org.hibernate.tool.hbm2ddl.TableMetadata <init>
INFO: HHH000037: Columns: [nombreestado, activoestado, identidad, descripcionestado, idestado]
oct 14, 2021 8:19:40 PM org.hibernate.tool.hbm2ddl.TableMetadata <init>
INFO: HHH000261: Table found: microcosmos.facturasdevueltas
oct 14, 2021 8:19:40 PM org.hibernate.tool.hbm2ddl.TableMetadata <init>
INFO: HHH000037: Columns: [idventa, descripcion, fechadevolucion, idempleados, idfacturadevuelta]
oct 14, 2021 8:19:40 PM org.hibernate.tool.hbm2ddl.TableMetadata <init>
INFO: HHH000261: Table found: microcosmos.parametros
oct 14, 2021 8:19:40 PM org.hibernate.tool.hbm2ddl.TableMetadata <init>
INFO: HHH000037: Columns: [facturainicial, fechaemision, facturafinal, activoparametros, fechacaducidad, cai, idparametros]
oct 14, 2021 8:19:40 PM org.hibernate.tool.hbm2ddl.TableMetadata <init>
INFO: HHH000261: Table found: microcosmos.pedidosdevueltos
oct 14, 2021 8:19:40 PM org.hibernate.tool.hbm2ddl.TableMetadata <init>
INFO: HHH000037: Columns: [idcompra, descripcion, idempleados, idpedidosdevueltos, fechaanulacion]
oct 14, 2021 8:19:40 PM org.hibernate.tool.hbm2ddl.TableMetadata <init>
INFO: HHH000261: Table found: microcosmos.preciohistorico
oct 14, 2021 8:19:40 PM org.hibernate.tool.hbm2ddl.TableMetadata <init>
INFO: HHH000037: Columns: [precio, idpreciohistorico, fechainicial, fechafinal, idarticulo, activopreciohistorico]
oct 14, 2021 8:19:40 PM org.hibernate.tool.hbm2ddl.TableMetadata <init>
INFO: HHH000261: Table found: microcosmos.proveedores
oct 14, 2021 8:19:40 PM org.hibernate.tool.hbm2ddl.TableMetadata <init>
INFO: HHH000037: Columns: [idproveedor, activoproveedor, idtipodocumento, nombreproveedor, correoproveedor, telefonoproveedor, documento, ubicacionproveedor]
oct 14, 2021 8:19:40 PM org.hibernate.tool.hbm2ddl.TableMetadata <init>
INFO: HHH000261: Table found: microcosmos.secciontienda
oct 14, 2021 8:19:40 PM org.hibernate.tool.hbm2ddl.TableMetadata <init>
INFO: HHH000037: Columns: [idsecciontienda, descripcionsecciontienda, nombresecciontienda, activosecciontienda]
oct 14, 2021 8:19:40 PM org.hibernate.tool.hbm2ddl.TableMetadata <init>
INFO: HHH000261: Table found: microcosmos.sexo
oct 14, 2021 8:19:40 PM org.hibernate.tool.hbm2ddl.TableMetadata <init>
INFO: HHH000037: Columns: [idsexo, nombresexo, descripcionsexo]
oct 14, 2021 8:19:40 PM org.hibernate.tool.hbm2ddl.TableMetadata <init>
INFO: HHH000261: Table found: microcosmos.talla
oct 14, 2021 8:19:40 PM org.hibernate.tool.hbm2ddl.TableMetadata <init>
INFO: HHH000037: Columns: [activotalla, nombretalla, descripciontalla, idtalla]
oct 14, 2021 8:19:40 PM org.hibernate.tool.hbm2ddl.TableMetadata <init>
INFO: HHH000261: Table found: microcosmos.tipodepago
oct 14, 2021 8:19:40 PM org.hibernate.tool.hbm2ddl.TableMetadata <init>
INFO: HHH000037: Columns: [descripciontipodepago, nombretipodepago, idtipodepago, activotipodepago]
oct 14, 2021 8:19:40 PM org.hibernate.tool.hbm2ddl.TableMetadata <init>
INFO: HHH000261: Table found: microcosmos.tipodocumento
oct 14, 2021 8:19:40 PM org.hibernate.tool.hbm2ddl.TableMetadata <init>
INFO: HHH000037: Columns: [nombretipodocumento, descripciontipodocumento, activotipodocumento, idtipodocumento]
oct 14, 2021 8:19:40 PM org.hibernate.tool.hbm2ddl.TableMetadata <init>
INFO: HHH000261: Table found: microcosmos.usuarios
oct 14, 2021 8:19:40 PM org.hibernate.tool.hbm2ddl.TableMetadata <init>
INFO: HHH000037: Columns: [nombreusuario, idempleados, numerodeintentos, activousuario, admin, contrasena, idusuario]
oct 14, 2021 8:19:40 PM org.hibernate.tool.hbm2ddl.TableMetadata <init>
INFO: HHH000261: Table found: microcosmos.venta
oct 14, 2021 8:19:40 PM org.hibernate.tool.hbm2ddl.TableMetadata <init>
INFO: HHH000037: Columns: [numtarjeta, idtipodepago, formato, montoefectivo, idcliente, idestado, idventa, total, idempleados, impuesto, subtotal, montotarjeta, fechaventa, idparametros]
oct 14, 2021 8:19:40 PM org.hibernate.jpa.internal.EntityManagerFactoryRegistry addEntityManagerFactory
WARN: HHH000436: Entity manager factory name (DB) is already registered.  If entity manager will be clustered or passivated, specify a unique value for property 'hibernate.ejb.entitymanager_factory_name'
oct 14, 2021 8:19:40 PM org.hibernate.ejb.HibernatePersistence logDeprecation
WARN: HHH015016: Encountered a deprecated javax.persistence.spi.PersistenceProvider [org.hibernate.ejb.HibernatePersistence]; use [org.hibernate.jpa.HibernatePersistenceProvider] instead.
oct 14, 2021 8:19:40 PM org.hibernate.ejb.HibernatePersistence logDeprecation
WARN: HHH015016: Encountered a deprecated javax.persistence.spi.PersistenceProvider [org.hibernate.ejb.HibernatePersistence]; use [org.hibernate.jpa.HibernatePersistenceProvider] instead.
oct 14, 2021 8:19:40 PM org.hibernate.ejb.HibernatePersistence logDeprecation
WARN: HHH015016: Encountered a deprecated javax.persistence.spi.PersistenceProvider [org.hibernate.ejb.HibernatePersistence]; use [org.hibernate.jpa.HibernatePersistenceProvider] instead.
oct 14, 2021 8:19:40 PM org.hibernate.jpa.internal.util.LogHelper logPersistenceUnitInformation
INFO: HHH000204: Processing PersistenceUnitInfo [
	name: DB
	...]
oct 14, 2021 8:19:40 PM org.hibernate.engine.jdbc.connections.internal.DriverManagerConnectionProviderImpl configure
WARN: HHH000402: Using Hibernate built-in connection pool (not for production use!)
oct 14, 2021 8:19:40 PM org.hibernate.engine.jdbc.connections.internal.DriverManagerConnectionProviderImpl buildCreator
INFO: HHH000401: using driver [com.mysql.jdbc.Driver] at URL [jdbc:mysql://localhost:3306/Microcosmos?zeroDateTimeBehavior=convertToNull]
oct 14, 2021 8:19:40 PM org.hibernate.engine.jdbc.connections.internal.DriverManagerConnectionProviderImpl buildCreator
INFO: HHH000046: Connection properties: {user=root, password=****}
oct 14, 2021 8:19:40 PM org.hibernate.engine.jdbc.connections.internal.DriverManagerConnectionProviderImpl buildCreator
INFO: HHH000006: Autocommit mode: false
oct 14, 2021 8:19:40 PM org.hibernate.engine.jdbc.connections.internal.DriverManagerConnectionProviderImpl configure
INFO: HHH000115: Hibernate connection pool size: 20 (min=1)
oct 14, 2021 8:19:40 PM org.hibernate.dialect.Dialect <init>
INFO: HHH000400: Using dialect: org.hibernate.dialect.MySQLDialect
oct 14, 2021 8:19:40 PM org.hibernate.hql.internal.ast.ASTQueryTranslatorFactory <init>
INFO: HHH000397: Using ASTQueryTranslatorFactory
oct 14, 2021 8:19:40 PM org.hibernate.tool.hbm2ddl.SchemaValidator validate
INFO: HHH000229: Running schema validator
oct 14, 2021 8:19:40 PM org.hibernate.tool.hbm2ddl.SchemaValidator validate
INFO: HHH000102: Fetching database metadata
oct 14, 2021 8:19:40 PM org.hibernate.tool.hbm2ddl.TableMetadata <init>
INFO: HHH000261: Table found: microcosmos.arealaboral
oct 14, 2021 8:19:40 PM org.hibernate.tool.hbm2ddl.TableMetadata <init>
INFO: HHH000037: Columns: [idarealaboral, descripcionarealaboral, nombrearealaboral, activoarealaboral]
oct 14, 2021 8:19:40 PM org.hibernate.tool.hbm2ddl.TableMetadata <init>
INFO: HHH000261: Table found: microcosmos.arealaboralhistorica
oct 14, 2021 8:19:40 PM org.hibernate.tool.hbm2ddl.TableMetadata <init>
INFO: HHH000037: Columns: [idempleados, fechaconclusion, fechacomienzo, idarealaboralhistorica]
oct 14, 2021 8:19:40 PM org.hibernate.tool.hbm2ddl.TableMetadata <init>
INFO: HHH000261: Table found: microcosmos.articulo
oct 14, 2021 8:19:40 PM org.hibernate.tool.hbm2ddl.TableMetadata <init>
INFO: HHH000037: Columns: [idsecciontienda, stockmaximo, activoarticulo, nombrearticulo, stockminimo, precioarticulo, idtalla, stock, descripcionarticulo, idarticulo]
oct 14, 2021 8:19:40 PM org.hibernate.tool.hbm2ddl.TableMetadata <init>
INFO: HHH000261: Table found: microcosmos.clientes
oct 14, 2021 8:19:40 PM org.hibernate.tool.hbm2ddl.TableMetadata <init>
INFO: HHH000037: Columns: [telefonocliente, direccioncliente, idtipodocumento, idsexo, documento, activocliente, idcliente, nombrecliente, apellidocliente, correocliente]
oct 14, 2021 8:19:40 PM org.hibernate.tool.hbm2ddl.TableMetadata <init>
INFO: HHH000261: Table found: microcosmos.compra
oct 14, 2021 8:19:40 PM org.hibernate.tool.hbm2ddl.TableMetadata <init>
INFO: HHH000037: Columns: [idcompra, fechapedido, idproveedor, idempleados, fecharecibido, totalcompra, idestado]
oct 14, 2021 8:19:40 PM org.hibernate.tool.hbm2ddl.TableMetadata <init>
INFO: HHH000261: Table found: microcosmos.detallecompra
oct 14, 2021 8:19:40 PM org.hibernate.tool.hbm2ddl.TableMetadata <init>
INFO: HHH000037: Columns: [idcompra, iddetallecompra, preciocompra, cantidad, idarticulo]
oct 14, 2021 8:19:40 PM org.hibernate.tool.hbm2ddl.TableMetadata <init>
INFO: HHH000261: Table found: microcosmos.detalleventa
oct 14, 2021 8:19:40 PM org.hibernate.tool.hbm2ddl.TableMetadata <init>
INFO: HHH000037: Columns: [idventa, iddetalleventa, cantidad, idarticulo]
oct 14, 2021 8:19:40 PM org.hibernate.tool.hbm2ddl.TableMetadata <init>
INFO: HHH000261: Table found: microcosmos.empleados
oct 14, 2021 8:19:40 PM org.hibernate.tool.hbm2ddl.TableMetadata <init>
INFO: HHH000037: Columns: [idempleados, idarealaboral, idtipodocumento, idsexo, telefonoempleado, documento, nombreempleado, correoempleado, apellidoempleado, fechadenacimiento, activoempleado]
oct 14, 2021 8:19:40 PM org.hibernate.tool.hbm2ddl.TableMetadata <init>
INFO: HHH000261: Table found: microcosmos.entidades
oct 14, 2021 8:19:40 PM org.hibernate.tool.hbm2ddl.TableMetadata <init>
INFO: HHH000037: Columns: [identidad, activoentidad, nombreentidad]
oct 14, 2021 8:19:40 PM org.hibernate.tool.hbm2ddl.TableMetadata <init>
INFO: HHH000261: Table found: microcosmos.estado
oct 14, 2021 8:19:40 PM org.hibernate.tool.hbm2ddl.TableMetadata <init>
INFO: HHH000037: Columns: [nombreestado, activoestado, identidad, descripcionestado, idestado]
oct 14, 2021 8:19:40 PM org.hibernate.tool.hbm2ddl.TableMetadata <init>
INFO: HHH000261: Table found: microcosmos.facturasdevueltas
oct 14, 2021 8:19:40 PM org.hibernate.tool.hbm2ddl.TableMetadata <init>
INFO: HHH000037: Columns: [idventa, descripcion, fechadevolucion, idempleados, idfacturadevuelta]
oct 14, 2021 8:19:40 PM org.hibernate.tool.hbm2ddl.TableMetadata <init>
INFO: HHH000261: Table found: microcosmos.parametros
oct 14, 2021 8:19:40 PM org.hibernate.tool.hbm2ddl.TableMetadata <init>
INFO: HHH000037: Columns: [facturainicial, fechaemision, facturafinal, activoparametros, fechacaducidad, cai, idparametros]
oct 14, 2021 8:19:40 PM org.hibernate.tool.hbm2ddl.TableMetadata <init>
INFO: HHH000261: Table found: microcosmos.pedidosdevueltos
oct 14, 2021 8:19:40 PM org.hibernate.tool.hbm2ddl.TableMetadata <init>
INFO: HHH000037: Columns: [idcompra, descripcion, idempleados, idpedidosdevueltos, fechaanulacion]
oct 14, 2021 8:19:40 PM org.hibernate.tool.hbm2ddl.TableMetadata <init>
INFO: HHH000261: Table found: microcosmos.preciohistorico
oct 14, 2021 8:19:40 PM org.hibernate.tool.hbm2ddl.TableMetadata <init>
INFO: HHH000037: Columns: [precio, idpreciohistorico, fechainicial, fechafinal, idarticulo, activopreciohistorico]
oct 14, 2021 8:19:40 PM org.hibernate.tool.hbm2ddl.TableMetadata <init>
INFO: HHH000261: Table found: microcosmos.proveedores
oct 14, 2021 8:19:40 PM org.hibernate.tool.hbm2ddl.TableMetadata <init>
INFO: HHH000037: Columns: [idproveedor, activoproveedor, idtipodocumento, nombreproveedor, correoproveedor, telefonoproveedor, documento, ubicacionproveedor]
oct 14, 2021 8:19:40 PM org.hibernate.tool.hbm2ddl.TableMetadata <init>
INFO: HHH000261: Table found: microcosmos.secciontienda
oct 14, 2021 8:19:40 PM org.hibernate.tool.hbm2ddl.TableMetadata <init>
INFO: HHH000037: Columns: [idsecciontienda, descripcionsecciontienda, nombresecciontienda, activosecciontienda]
oct 14, 2021 8:19:40 PM org.hibernate.tool.hbm2ddl.TableMetadata <init>
INFO: HHH000261: Table found: microcosmos.sexo
oct 14, 2021 8:19:40 PM org.hibernate.tool.hbm2ddl.TableMetadata <init>
INFO: HHH000037: Columns: [idsexo, nombresexo, descripcionsexo]
oct 14, 2021 8:19:40 PM org.hibernate.tool.hbm2ddl.TableMetadata <init>
INFO: HHH000261: Table found: microcosmos.talla
oct 14, 2021 8:19:40 PM org.hibernate.tool.hbm2ddl.TableMetadata <init>
INFO: HHH000037: Columns: [activotalla, nombretalla, descripciontalla, idtalla]
oct 14, 2021 8:19:40 PM org.hibernate.tool.hbm2ddl.TableMetadata <init>
INFO: HHH000261: Table found: microcosmos.tipodepago
oct 14, 2021 8:19:40 PM org.hibernate.tool.hbm2ddl.TableMetadata <init>
INFO: HHH000037: Columns: [descripciontipodepago, nombretipodepago, idtipodepago, activotipodepago]
oct 14, 2021 8:19:40 PM org.hibernate.tool.hbm2ddl.TableMetadata <init>
INFO: HHH000261: Table found: microcosmos.tipodocumento
oct 14, 2021 8:19:40 PM org.hibernate.tool.hbm2ddl.TableMetadata <init>
INFO: HHH000037: Columns: [nombretipodocumento, descripciontipodocumento, activotipodocumento, idtipodocumento]
oct 14, 2021 8:19:40 PM org.hibernate.tool.hbm2ddl.TableMetadata <init>
INFO: HHH000261: Table found: microcosmos.usuarios
oct 14, 2021 8:19:40 PM org.hibernate.tool.hbm2ddl.TableMetadata <init>
INFO: HHH000037: Columns: [nombreusuario, idempleados, numerodeintentos, activousuario, admin, contrasena, idusuario]
oct 14, 2021 8:19:40 PM org.hibernate.tool.hbm2ddl.TableMetadata <init>
INFO: HHH000261: Table found: microcosmos.venta
oct 14, 2021 8:19:40 PM org.hibernate.tool.hbm2ddl.TableMetadata <init>
INFO: HHH000037: Columns: [numtarjeta, idtipodepago, formato, montoefectivo, idcliente, idestado, idventa, total, idempleados, impuesto, subtotal, montotarjeta, fechaventa, idparametros]
oct 14, 2021 8:19:40 PM org.hibernate.jpa.internal.EntityManagerFactoryRegistry addEntityManagerFactory
WARN: HHH000436: Entity manager factory name (DB) is already registered.  If entity manager will be clustered or passivated, specify a unique value for property 'hibernate.ejb.entitymanager_factory_name'
oct 14, 2021 8:19:40 PM org.hibernate.ejb.HibernatePersistence logDeprecation
WARN: HHH015016: Encountered a deprecated javax.persistence.spi.PersistenceProvider [org.hibernate.ejb.HibernatePersistence]; use [org.hibernate.jpa.HibernatePersistenceProvider] instead.
oct 14, 2021 8:19:40 PM org.hibernate.ejb.HibernatePersistence logDeprecation
WARN: HHH015016: Encountered a deprecated javax.persistence.spi.PersistenceProvider [org.hibernate.ejb.HibernatePersistence]; use [org.hibernate.jpa.HibernatePersistenceProvider] instead.
oct 14, 2021 8:19:40 PM org.hibernate.ejb.HibernatePersistence logDeprecation
WARN: HHH015016: Encountered a deprecated javax.persistence.spi.PersistenceProvider [org.hibernate.ejb.HibernatePersistence]; use [org.hibernate.jpa.HibernatePersistenceProvider] instead.
oct 14, 2021 8:19:40 PM org.hibernate.jpa.internal.util.LogHelper logPersistenceUnitInformation
INFO: HHH000204: Processing PersistenceUnitInfo [
	name: DB
	...]
oct 14, 2021 8:19:40 PM org.hibernate.engine.jdbc.connections.internal.DriverManagerConnectionProviderImpl configure
WARN: HHH000402: Using Hibernate built-in connection pool (not for production use!)
oct 14, 2021 8:19:40 PM org.hibernate.engine.jdbc.connections.internal.DriverManagerConnectionProviderImpl buildCreator
INFO: HHH000401: using driver [com.mysql.jdbc.Driver] at URL [jdbc:mysql://localhost:3306/Microcosmos?zeroDateTimeBehavior=convertToNull]
oct 14, 2021 8:19:40 PM org.hibernate.engine.jdbc.connections.internal.DriverManagerConnectionProviderImpl buildCreator
INFO: HHH000046: Connection properties: {user=root, password=****}
oct 14, 2021 8:19:40 PM org.hibernate.engine.jdbc.connections.internal.DriverManagerConnectionProviderImpl buildCreator
INFO: HHH000006: Autocommit mode: false
oct 14, 2021 8:19:40 PM org.hibernate.engine.jdbc.connections.internal.DriverManagerConnectionProviderImpl configure
INFO: HHH000115: Hibernate connection pool size: 20 (min=1)
oct 14, 2021 8:19:40 PM org.hibernate.dialect.Dialect <init>
INFO: HHH000400: Using dialect: org.hibernate.dialect.MySQLDialect
oct 14, 2021 8:19:40 PM org.hibernate.hql.internal.ast.ASTQueryTranslatorFactory <init>
INFO: HHH000397: Using ASTQueryTranslatorFactory
oct 14, 2021 8:19:40 PM org.hibernate.tool.hbm2ddl.SchemaValidator validate
INFO: HHH000229: Running schema validator
oct 14, 2021 8:19:40 PM org.hibernate.tool.hbm2ddl.SchemaValidator validate
INFO: HHH000102: Fetching database metadata
oct 14, 2021 8:19:40 PM org.hibernate.tool.hbm2ddl.TableMetadata <init>
INFO: HHH000261: Table found: microcosmos.arealaboral
oct 14, 2021 8:19:40 PM org.hibernate.tool.hbm2ddl.TableMetadata <init>
INFO: HHH000037: Columns: [idarealaboral, descripcionarealaboral, nombrearealaboral, activoarealaboral]
oct 14, 2021 8:19:40 PM org.hibernate.tool.hbm2ddl.TableMetadata <init>
INFO: HHH000261: Table found: microcosmos.arealaboralhistorica
oct 14, 2021 8:19:40 PM org.hibernate.tool.hbm2ddl.TableMetadata <init>
INFO: HHH000037: Columns: [idempleados, fechaconclusion, fechacomienzo, idarealaboralhistorica]
oct 14, 2021 8:19:40 PM org.hibernate.tool.hbm2ddl.TableMetadata <init>
INFO: HHH000261: Table found: microcosmos.articulo
oct 14, 2021 8:19:40 PM org.hibernate.tool.hbm2ddl.TableMetadata <init>
INFO: HHH000037: Columns: [idsecciontienda, stockmaximo, activoarticulo, nombrearticulo, stockminimo, precioarticulo, idtalla, stock, descripcionarticulo, idarticulo]
oct 14, 2021 8:19:40 PM org.hibernate.tool.hbm2ddl.TableMetadata <init>
INFO: HHH000261: Table found: microcosmos.clientes
oct 14, 2021 8:19:40 PM org.hibernate.tool.hbm2ddl.TableMetadata <init>
INFO: HHH000037: Columns: [telefonocliente, direccioncliente, idtipodocumento, idsexo, documento, activocliente, idcliente, nombrecliente, apellidocliente, correocliente]
oct 14, 2021 8:19:40 PM org.hibernate.tool.hbm2ddl.TableMetadata <init>
INFO: HHH000261: Table found: microcosmos.compra
oct 14, 2021 8:19:40 PM org.hibernate.tool.hbm2ddl.TableMetadata <init>
INFO: HHH000037: Columns: [idcompra, fechapedido, idproveedor, idempleados, fecharecibido, totalcompra, idestado]
oct 14, 2021 8:19:40 PM org.hibernate.tool.hbm2ddl.TableMetadata <init>
INFO: HHH000261: Table found: microcosmos.detallecompra
oct 14, 2021 8:19:40 PM org.hibernate.tool.hbm2ddl.TableMetadata <init>
INFO: HHH000037: Columns: [idcompra, iddetallecompra, preciocompra, cantidad, idarticulo]
oct 14, 2021 8:19:40 PM org.hibernate.tool.hbm2ddl.TableMetadata <init>
INFO: HHH000261: Table found: microcosmos.detalleventa
oct 14, 2021 8:19:40 PM org.hibernate.tool.hbm2ddl.TableMetadata <init>
INFO: HHH000037: Columns: [idventa, iddetalleventa, cantidad, idarticulo]
oct 14, 2021 8:19:40 PM org.hibernate.tool.hbm2ddl.TableMetadata <init>
INFO: HHH000261: Table found: microcosmos.empleados
oct 14, 2021 8:19:40 PM org.hibernate.tool.hbm2ddl.TableMetadata <init>
INFO: HHH000037: Columns: [idempleados, idarealaboral, idtipodocumento, idsexo, telefonoempleado, documento, nombreempleado, correoempleado, apellidoempleado, fechadenacimiento, activoempleado]
oct 14, 2021 8:19:40 PM org.hibernate.tool.hbm2ddl.TableMetadata <init>
INFO: HHH000261: Table found: microcosmos.entidades
oct 14, 2021 8:19:40 PM org.hibernate.tool.hbm2ddl.TableMetadata <init>
INFO: HHH000037: Columns: [identidad, activoentidad, nombreentidad]
oct 14, 2021 8:19:40 PM org.hibernate.tool.hbm2ddl.TableMetadata <init>
INFO: HHH000261: Table found: microcosmos.estado
oct 14, 2021 8:19:40 PM org.hibernate.tool.hbm2ddl.TableMetadata <init>
INFO: HHH000037: Columns: [nombreestado, activoestado, identidad, descripcionestado, idestado]
oct 14, 2021 8:19:40 PM org.hibernate.tool.hbm2ddl.TableMetadata <init>
INFO: HHH000261: Table found: microcosmos.facturasdevueltas
oct 14, 2021 8:19:40 PM org.hibernate.tool.hbm2ddl.TableMetadata <init>
INFO: HHH000037: Columns: [idventa, descripcion, fechadevolucion, idempleados, idfacturadevuelta]
oct 14, 2021 8:19:40 PM org.hibernate.tool.hbm2ddl.TableMetadata <init>
INFO: HHH000261: Table found: microcosmos.parametros
oct 14, 2021 8:19:40 PM org.hibernate.tool.hbm2ddl.TableMetadata <init>
INFO: HHH000037: Columns: [facturainicial, fechaemision, facturafinal, activoparametros, fechacaducidad, cai, idparametros]
oct 14, 2021 8:19:40 PM org.hibernate.tool.hbm2ddl.TableMetadata <init>
INFO: HHH000261: Table found: microcosmos.pedidosdevueltos
oct 14, 2021 8:19:40 PM org.hibernate.tool.hbm2ddl.TableMetadata <init>
INFO: HHH000037: Columns: [idcompra, descripcion, idempleados, idpedidosdevueltos, fechaanulacion]
oct 14, 2021 8:19:40 PM org.hibernate.tool.hbm2ddl.TableMetadata <init>
INFO: HHH000261: Table found: microcosmos.preciohistorico
oct 14, 2021 8:19:40 PM org.hibernate.tool.hbm2ddl.TableMetadata <init>
INFO: HHH000037: Columns: [precio, idpreciohistorico, fechainicial, fechafinal, idarticulo, activopreciohistorico]
oct 14, 2021 8:19:40 PM org.hibernate.tool.hbm2ddl.TableMetadata <init>
INFO: HHH000261: Table found: microcosmos.proveedores
oct 14, 2021 8:19:40 PM org.hibernate.tool.hbm2ddl.TableMetadata <init>
INFO: HHH000037: Columns: [idproveedor, activoproveedor, idtipodocumento, nombreproveedor, correoproveedor, telefonoproveedor, documento, ubicacionproveedor]
oct 14, 2021 8:19:40 PM org.hibernate.tool.hbm2ddl.TableMetadata <init>
INFO: HHH000261: Table found: microcosmos.secciontienda
oct 14, 2021 8:19:40 PM org.hibernate.tool.hbm2ddl.TableMetadata <init>
INFO: HHH000037: Columns: [idsecciontienda, descripcionsecciontienda, nombresecciontienda, activosecciontienda]
oct 14, 2021 8:19:40 PM org.hibernate.tool.hbm2ddl.TableMetadata <init>
INFO: HHH000261: Table found: microcosmos.sexo
oct 14, 2021 8:19:40 PM org.hibernate.tool.hbm2ddl.TableMetadata <init>
INFO: HHH000037: Columns: [idsexo, nombresexo, descripcionsexo]
oct 14, 2021 8:19:40 PM org.hibernate.tool.hbm2ddl.TableMetadata <init>
INFO: HHH000261: Table found: microcosmos.talla
oct 14, 2021 8:19:40 PM org.hibernate.tool.hbm2ddl.TableMetadata <init>
INFO: HHH000037: Columns: [activotalla, nombretalla, descripciontalla, idtalla]
oct 14, 2021 8:19:40 PM org.hibernate.tool.hbm2ddl.TableMetadata <init>
INFO: HHH000261: Table found: microcosmos.tipodepago
oct 14, 2021 8:19:40 PM org.hibernate.tool.hbm2ddl.TableMetadata <init>
INFO: HHH000037: Columns: [descripciontipodepago, nombretipodepago, idtipodepago, activotipodepago]
oct 14, 2021 8:19:40 PM org.hibernate.tool.hbm2ddl.TableMetadata <init>
INFO: HHH000261: Table found: microcosmos.tipodocumento
oct 14, 2021 8:19:40 PM org.hibernate.tool.hbm2ddl.TableMetadata <init>
INFO: HHH000037: Columns: [nombretipodocumento, descripciontipodocumento, activotipodocumento, idtipodocumento]
oct 14, 2021 8:19:40 PM org.hibernate.tool.hbm2ddl.TableMetadata <init>
INFO: HHH000261: Table found: microcosmos.usuarios
oct 14, 2021 8:19:40 PM org.hibernate.tool.hbm2ddl.TableMetadata <init>
INFO: HHH000037: Columns: [nombreusuario, idempleados, numerodeintentos, activousuario, admin, contrasena, idusuario]
oct 14, 2021 8:19:40 PM org.hibernate.tool.hbm2ddl.TableMetadata <init>
INFO: HHH000261: Table found: microcosmos.venta
oct 14, 2021 8:19:40 PM org.hibernate.tool.hbm2ddl.TableMetadata <init>
INFO: HHH000037: Columns: [numtarjeta, idtipodepago, formato, montoefectivo, idcliente, idestado, idventa, total, idempleados, impuesto, subtotal, montotarjeta, fechaventa, idparametros]
oct 14, 2021 8:19:40 PM org.hibernate.jpa.internal.EntityManagerFactoryRegistry addEntityManagerFactory
WARN: HHH000436: Entity manager factory name (DB) is already registered.  If entity manager will be clustered or passivated, specify a unique value for property 'hibernate.ejb.entitymanager_factory_name'
oct 14, 2021 8:19:40 PM org.hibernate.ejb.HibernatePersistence logDeprecation
WARN: HHH015016: Encountered a deprecated javax.persistence.spi.PersistenceProvider [org.hibernate.ejb.HibernatePersistence]; use [org.hibernate.jpa.HibernatePersistenceProvider] instead.
oct 14, 2021 8:19:40 PM org.hibernate.ejb.HibernatePersistence logDeprecation
WARN: HHH015016: Encountered a deprecated javax.persistence.spi.PersistenceProvider [org.hibernate.ejb.HibernatePersistence]; use [org.hibernate.jpa.HibernatePersistenceProvider] instead.
oct 14, 2021 8:19:40 PM org.hibernate.ejb.HibernatePersistence logDeprecation
WARN: HHH015016: Encountered a deprecated javax.persistence.spi.PersistenceProvider [org.hibernate.ejb.HibernatePersistence]; use [org.hibernate.jpa.HibernatePersistenceProvider] instead.
oct 14, 2021 8:19:40 PM org.hibernate.jpa.internal.util.LogHelper logPersistenceUnitInformation
INFO: HHH000204: Processing PersistenceUnitInfo [
	name: DB
	...]
oct 14, 2021 8:19:40 PM org.hibernate.engine.jdbc.connections.internal.DriverManagerConnectionProviderImpl configure
WARN: HHH000402: Using Hibernate built-in connection pool (not for production use!)
oct 14, 2021 8:19:40 PM org.hibernate.engine.jdbc.connections.internal.DriverManagerConnectionProviderImpl buildCreator
INFO: HHH000401: using driver [com.mysql.jdbc.Driver] at URL [jdbc:mysql://localhost:3306/Microcosmos?zeroDateTimeBehavior=convertToNull]
oct 14, 2021 8:19:40 PM org.hibernate.engine.jdbc.connections.internal.DriverManagerConnectionProviderImpl buildCreator
INFO: HHH000046: Connection properties: {user=root, password=****}
oct 14, 2021 8:19:40 PM org.hibernate.engine.jdbc.connections.internal.DriverManagerConnectionProviderImpl buildCreator
INFO: HHH000006: Autocommit mode: false
oct 14, 2021 8:19:40 PM org.hibernate.engine.jdbc.connections.internal.DriverManagerConnectionProviderImpl configure
INFO: HHH000115: Hibernate connection pool size: 20 (min=1)
oct 14, 2021 8:19:40 PM org.hibernate.dialect.Dialect <init>
INFO: HHH000400: Using dialect: org.hibernate.dialect.MySQLDialect
oct 14, 2021 8:19:40 PM org.hibernate.hql.internal.ast.ASTQueryTranslatorFactory <init>
INFO: HHH000397: Using ASTQueryTranslatorFactory
oct 14, 2021 8:19:40 PM org.hibernate.tool.hbm2ddl.SchemaValidator validate
INFO: HHH000229: Running schema validator
oct 14, 2021 8:19:40 PM org.hibernate.tool.hbm2ddl.SchemaValidator validate
INFO: HHH000102: Fetching database metadata
oct 14, 2021 8:19:40 PM org.hibernate.tool.hbm2ddl.TableMetadata <init>
INFO: HHH000261: Table found: microcosmos.arealaboral
oct 14, 2021 8:19:40 PM org.hibernate.tool.hbm2ddl.TableMetadata <init>
INFO: HHH000037: Columns: [idarealaboral, descripcionarealaboral, nombrearealaboral, activoarealaboral]
oct 14, 2021 8:19:40 PM org.hibernate.tool.hbm2ddl.TableMetadata <init>
INFO: HHH000261: Table found: microcosmos.arealaboralhistorica
oct 14, 2021 8:19:40 PM org.hibernate.tool.hbm2ddl.TableMetadata <init>
INFO: HHH000037: Columns: [idempleados, fechaconclusion, fechacomienzo, idarealaboralhistorica]
oct 14, 2021 8:19:40 PM org.hibernate.tool.hbm2ddl.TableMetadata <init>
INFO: HHH000261: Table found: microcosmos.articulo
oct 14, 2021 8:19:40 PM org.hibernate.tool.hbm2ddl.TableMetadata <init>
INFO: HHH000037: Columns: [idsecciontienda, stockmaximo, activoarticulo, nombrearticulo, stockminimo, precioarticulo, idtalla, stock, descripcionarticulo, idarticulo]
oct 14, 2021 8:19:40 PM org.hibernate.tool.hbm2ddl.TableMetadata <init>
INFO: HHH000261: Table found: microcosmos.clientes
oct 14, 2021 8:19:40 PM org.hibernate.tool.hbm2ddl.TableMetadata <init>
INFO: HHH000037: Columns: [telefonocliente, direccioncliente, idtipodocumento, idsexo, documento, activocliente, idcliente, nombrecliente, apellidocliente, correocliente]
oct 14, 2021 8:19:40 PM org.hibernate.tool.hbm2ddl.TableMetadata <init>
INFO: HHH000261: Table found: microcosmos.compra
oct 14, 2021 8:19:40 PM org.hibernate.tool.hbm2ddl.TableMetadata <init>
INFO: HHH000037: Columns: [idcompra, fechapedido, idproveedor, idempleados, fecharecibido, totalcompra, idestado]
oct 14, 2021 8:19:40 PM org.hibernate.tool.hbm2ddl.TableMetadata <init>
INFO: HHH000261: Table found: microcosmos.detallecompra
oct 14, 2021 8:19:40 PM org.hibernate.tool.hbm2ddl.TableMetadata <init>
INFO: HHH000037: Columns: [idcompra, iddetallecompra, preciocompra, cantidad, idarticulo]
oct 14, 2021 8:19:40 PM org.hibernate.tool.hbm2ddl.TableMetadata <init>
INFO: HHH000261: Table found: microcosmos.detalleventa
oct 14, 2021 8:19:40 PM org.hibernate.tool.hbm2ddl.TableMetadata <init>
INFO: HHH000037: Columns: [idventa, iddetalleventa, cantidad, idarticulo]
oct 14, 2021 8:19:40 PM org.hibernate.tool.hbm2ddl.TableMetadata <init>
INFO: HHH000261: Table found: microcosmos.empleados
oct 14, 2021 8:19:40 PM org.hibernate.tool.hbm2ddl.TableMetadata <init>
INFO: HHH000037: Columns: [idempleados, idarealaboral, idtipodocumento, idsexo, telefonoempleado, documento, nombreempleado, correoempleado, apellidoempleado, fechadenacimiento, activoempleado]
oct 14, 2021 8:19:40 PM org.hibernate.tool.hbm2ddl.TableMetadata <init>
INFO: HHH000261: Table found: microcosmos.entidades
oct 14, 2021 8:19:40 PM org.hibernate.tool.hbm2ddl.TableMetadata <init>
INFO: HHH000037: Columns: [identidad, activoentidad, nombreentidad]
oct 14, 2021 8:19:40 PM org.hibernate.tool.hbm2ddl.TableMetadata <init>
INFO: HHH000261: Table found: microcosmos.estado
oct 14, 2021 8:19:40 PM org.hibernate.tool.hbm2ddl.TableMetadata <init>
INFO: HHH000037: Columns: [nombreestado, activoestado, identidad, descripcionestado, idestado]
oct 14, 2021 8:19:40 PM org.hibernate.tool.hbm2ddl.TableMetadata <init>
INFO: HHH000261: Table found: microcosmos.facturasdevueltas
oct 14, 2021 8:19:40 PM org.hibernate.tool.hbm2ddl.TableMetadata <init>
INFO: HHH000037: Columns: [idventa, descripcion, fechadevolucion, idempleados, idfacturadevuelta]
oct 14, 2021 8:19:40 PM org.hibernate.tool.hbm2ddl.TableMetadata <init>
INFO: HHH000261: Table found: microcosmos.parametros
oct 14, 2021 8:19:40 PM org.hibernate.tool.hbm2ddl.TableMetadata <init>
INFO: HHH000037: Columns: [facturainicial, fechaemision, facturafinal, activoparametros, fechacaducidad, cai, idparametros]
oct 14, 2021 8:19:40 PM org.hibernate.tool.hbm2ddl.TableMetadata <init>
INFO: HHH000261: Table found: microcosmos.pedidosdevueltos
oct 14, 2021 8:19:40 PM org.hibernate.tool.hbm2ddl.TableMetadata <init>
INFO: HHH000037: Columns: [idcompra, descripcion, idempleados, idpedidosdevueltos, fechaanulacion]
oct 14, 2021 8:19:40 PM org.hibernate.tool.hbm2ddl.TableMetadata <init>
INFO: HHH000261: Table found: microcosmos.preciohistorico
oct 14, 2021 8:19:40 PM org.hibernate.tool.hbm2ddl.TableMetadata <init>
INFO: HHH000037: Columns: [precio, idpreciohistorico, fechainicial, fechafinal, idarticulo, activopreciohistorico]
oct 14, 2021 8:19:40 PM org.hibernate.tool.hbm2ddl.TableMetadata <init>
INFO: HHH000261: Table found: microcosmos.proveedores
oct 14, 2021 8:19:40 PM org.hibernate.tool.hbm2ddl.TableMetadata <init>
INFO: HHH000037: Columns: [idproveedor, activoproveedor, idtipodocumento, nombreproveedor, correoproveedor, telefonoproveedor, documento, ubicacionproveedor]
oct 14, 2021 8:19:40 PM org.hibernate.tool.hbm2ddl.TableMetadata <init>
INFO: HHH000261: Table found: microcosmos.secciontienda
oct 14, 2021 8:19:40 PM org.hibernate.tool.hbm2ddl.TableMetadata <init>
INFO: HHH000037: Columns: [idsecciontienda, descripcionsecciontienda, nombresecciontienda, activosecciontienda]
oct 14, 2021 8:19:40 PM org.hibernate.tool.hbm2ddl.TableMetadata <init>
INFO: HHH000261: Table found: microcosmos.sexo
oct 14, 2021 8:19:40 PM org.hibernate.tool.hbm2ddl.TableMetadata <init>
INFO: HHH000037: Columns: [idsexo, nombresexo, descripcionsexo]
oct 14, 2021 8:19:40 PM org.hibernate.tool.hbm2ddl.TableMetadata <init>
INFO: HHH000261: Table found: microcosmos.talla
oct 14, 2021 8:19:40 PM org.hibernate.tool.hbm2ddl.TableMetadata <init>
INFO: HHH000037: Columns: [activotalla, nombretalla, descripciontalla, idtalla]
oct 14, 2021 8:19:40 PM org.hibernate.tool.hbm2ddl.TableMetadata <init>
INFO: HHH000261: Table found: microcosmos.tipodepago
oct 14, 2021 8:19:40 PM org.hibernate.tool.hbm2ddl.TableMetadata <init>
INFO: HHH000037: Columns: [descripciontipodepago, nombretipodepago, idtipodepago, activotipodepago]
oct 14, 2021 8:19:40 PM org.hibernate.tool.hbm2ddl.TableMetadata <init>
INFO: HHH000261: Table found: microcosmos.tipodocumento
oct 14, 2021 8:19:40 PM org.hibernate.tool.hbm2ddl.TableMetadata <init>
INFO: HHH000037: Columns: [nombretipodocumento, descripciontipodocumento, activotipodocumento, idtipodocumento]
oct 14, 2021 8:19:40 PM org.hibernate.tool.hbm2ddl.TableMetadata <init>
INFO: HHH000261: Table found: microcosmos.usuarios
oct 14, 2021 8:19:40 PM org.hibernate.tool.hbm2ddl.TableMetadata <init>
INFO: HHH000037: Columns: [nombreusuario, idempleados, numerodeintentos, activousuario, admin, contrasena, idusuario]
oct 14, 2021 8:19:40 PM org.hibernate.tool.hbm2ddl.TableMetadata <init>
INFO: HHH000261: Table found: microcosmos.venta
oct 14, 2021 8:19:40 PM org.hibernate.tool.hbm2ddl.TableMetadata <init>
INFO: HHH000037: Columns: [numtarjeta, idtipodepago, formato, montoefectivo, idcliente, idestado, idventa, total, idempleados, impuesto, subtotal, montotarjeta, fechaventa, idparametros]
oct 14, 2021 8:19:40 PM org.hibernate.jpa.internal.EntityManagerFactoryRegistry addEntityManagerFactory
WARN: HHH000436: Entity manager factory name (DB) is already registered.  If entity manager will be clustered or passivated, specify a unique value for property 'hibernate.ejb.entitymanager_factory_name'
oct 14, 2021 8:19:40 PM org.hibernate.ejb.HibernatePersistence logDeprecation
WARN: HHH015016: Encountered a deprecated javax.persistence.spi.PersistenceProvider [org.hibernate.ejb.HibernatePersistence]; use [org.hibernate.jpa.HibernatePersistenceProvider] instead.
oct 14, 2021 8:19:40 PM org.hibernate.ejb.HibernatePersistence logDeprecation
WARN: HHH015016: Encountered a deprecated javax.persistence.spi.PersistenceProvider [org.hibernate.ejb.HibernatePersistence]; use [org.hibernate.jpa.HibernatePersistenceProvider] instead.
oct 14, 2021 8:19:40 PM org.hibernate.ejb.HibernatePersistence logDeprecation
WARN: HHH015016: Encountered a deprecated javax.persistence.spi.PersistenceProvider [org.hibernate.ejb.HibernatePersistence]; use [org.hibernate.jpa.HibernatePersistenceProvider] instead.
oct 14, 2021 8:19:40 PM org.hibernate.jpa.internal.util.LogHelper logPersistenceUnitInformation
INFO: HHH000204: Processing PersistenceUnitInfo [
	name: DB
	...]
oct 14, 2021 8:19:40 PM org.hibernate.engine.jdbc.connections.internal.DriverManagerConnectionProviderImpl configure
WARN: HHH000402: Using Hibernate built-in connection pool (not for production use!)
oct 14, 2021 8:19:40 PM org.hibernate.engine.jdbc.connections.internal.DriverManagerConnectionProviderImpl buildCreator
INFO: HHH000401: using driver [com.mysql.jdbc.Driver] at URL [jdbc:mysql://localhost:3306/Microcosmos?zeroDateTimeBehavior=convertToNull]
oct 14, 2021 8:19:40 PM org.hibernate.engine.jdbc.connections.internal.DriverManagerConnectionProviderImpl buildCreator
INFO: HHH000046: Connection properties: {user=root, password=****}
oct 14, 2021 8:19:40 PM org.hibernate.engine.jdbc.connections.internal.DriverManagerConnectionProviderImpl buildCreator
INFO: HHH000006: Autocommit mode: false
oct 14, 2021 8:19:40 PM org.hibernate.engine.jdbc.connections.internal.DriverManagerConnectionProviderImpl configure
INFO: HHH000115: Hibernate connection pool size: 20 (min=1)
oct 14, 2021 8:19:40 PM org.hibernate.dialect.Dialect <init>
INFO: HHH000400: Using dialect: org.hibernate.dialect.MySQLDialect
oct 14, 2021 8:19:40 PM org.hibernate.hql.internal.ast.ASTQueryTranslatorFactory <init>
INFO: HHH000397: Using ASTQueryTranslatorFactory
oct 14, 2021 8:19:40 PM org.hibernate.tool.hbm2ddl.SchemaValidator validate
INFO: HHH000229: Running schema validator
oct 14, 2021 8:19:40 PM org.hibernate.tool.hbm2ddl.SchemaValidator validate
INFO: HHH000102: Fetching database metadata
oct 14, 2021 8:19:40 PM org.hibernate.tool.hbm2ddl.TableMetadata <init>
INFO: HHH000261: Table found: microcosmos.arealaboral
oct 14, 2021 8:19:40 PM org.hibernate.tool.hbm2ddl.TableMetadata <init>
INFO: HHH000037: Columns: [idarealaboral, descripcionarealaboral, nombrearealaboral, activoarealaboral]
oct 14, 2021 8:19:41 PM org.hibernate.tool.hbm2ddl.TableMetadata <init>
INFO: HHH000261: Table found: microcosmos.arealaboralhistorica
oct 14, 2021 8:19:41 PM org.hibernate.tool.hbm2ddl.TableMetadata <init>
INFO: HHH000037: Columns: [idempleados, fechaconclusion, fechacomienzo, idarealaboralhistorica]
oct 14, 2021 8:19:41 PM org.hibernate.tool.hbm2ddl.TableMetadata <init>
INFO: HHH000261: Table found: microcosmos.articulo
oct 14, 2021 8:19:41 PM org.hibernate.tool.hbm2ddl.TableMetadata <init>
INFO: HHH000037: Columns: [idsecciontienda, stockmaximo, activoarticulo, nombrearticulo, stockminimo, precioarticulo, idtalla, stock, descripcionarticulo, idarticulo]
oct 14, 2021 8:19:41 PM org.hibernate.tool.hbm2ddl.TableMetadata <init>
INFO: HHH000261: Table found: microcosmos.clientes
oct 14, 2021 8:19:41 PM org.hibernate.tool.hbm2ddl.TableMetadata <init>
INFO: HHH000037: Columns: [telefonocliente, direccioncliente, idtipodocumento, idsexo, documento, activocliente, idcliente, nombrecliente, apellidocliente, correocliente]
oct 14, 2021 8:19:41 PM org.hibernate.tool.hbm2ddl.TableMetadata <init>
INFO: HHH000261: Table found: microcosmos.compra
oct 14, 2021 8:19:41 PM org.hibernate.tool.hbm2ddl.TableMetadata <init>
INFO: HHH000037: Columns: [idcompra, fechapedido, idproveedor, idempleados, fecharecibido, totalcompra, idestado]
oct 14, 2021 8:19:41 PM org.hibernate.tool.hbm2ddl.TableMetadata <init>
INFO: HHH000261: Table found: microcosmos.detallecompra
oct 14, 2021 8:19:41 PM org.hibernate.tool.hbm2ddl.TableMetadata <init>
INFO: HHH000037: Columns: [idcompra, iddetallecompra, preciocompra, cantidad, idarticulo]
oct 14, 2021 8:19:41 PM org.hibernate.tool.hbm2ddl.TableMetadata <init>
INFO: HHH000261: Table found: microcosmos.detalleventa
oct 14, 2021 8:19:41 PM org.hibernate.tool.hbm2ddl.TableMetadata <init>
INFO: HHH000037: Columns: [idventa, iddetalleventa, cantidad, idarticulo]
oct 14, 2021 8:19:41 PM org.hibernate.tool.hbm2ddl.TableMetadata <init>
INFO: HHH000261: Table found: microcosmos.empleados
oct 14, 2021 8:19:41 PM org.hibernate.tool.hbm2ddl.TableMetadata <init>
INFO: HHH000037: Columns: [idempleados, idarealaboral, idtipodocumento, idsexo, telefonoempleado, documento, nombreempleado, correoempleado, apellidoempleado, fechadenacimiento, activoempleado]
oct 14, 2021 8:19:41 PM org.hibernate.tool.hbm2ddl.TableMetadata <init>
INFO: HHH000261: Table found: microcosmos.entidades
oct 14, 2021 8:19:41 PM org.hibernate.tool.hbm2ddl.TableMetadata <init>
INFO: HHH000037: Columns: [identidad, activoentidad, nombreentidad]
oct 14, 2021 8:19:41 PM org.hibernate.tool.hbm2ddl.TableMetadata <init>
INFO: HHH000261: Table found: microcosmos.estado
oct 14, 2021 8:19:41 PM org.hibernate.tool.hbm2ddl.TableMetadata <init>
INFO: HHH000037: Columns: [nombreestado, activoestado, identidad, descripcionestado, idestado]
oct 14, 2021 8:19:41 PM org.hibernate.tool.hbm2ddl.TableMetadata <init>
INFO: HHH000261: Table found: microcosmos.facturasdevueltas
oct 14, 2021 8:19:41 PM org.hibernate.tool.hbm2ddl.TableMetadata <init>
INFO: HHH000037: Columns: [idventa, descripcion, fechadevolucion, idempleados, idfacturadevuelta]
oct 14, 2021 8:19:41 PM org.hibernate.tool.hbm2ddl.TableMetadata <init>
INFO: HHH000261: Table found: microcosmos.parametros
oct 14, 2021 8:19:41 PM org.hibernate.tool.hbm2ddl.TableMetadata <init>
INFO: HHH000037: Columns: [facturainicial, fechaemision, facturafinal, activoparametros, fechacaducidad, cai, idparametros]
oct 14, 2021 8:19:41 PM org.hibernate.tool.hbm2ddl.TableMetadata <init>
INFO: HHH000261: Table found: microcosmos.pedidosdevueltos
oct 14, 2021 8:19:41 PM org.hibernate.tool.hbm2ddl.TableMetadata <init>
INFO: HHH000037: Columns: [idcompra, descripcion, idempleados, idpedidosdevueltos, fechaanulacion]
oct 14, 2021 8:19:41 PM org.hibernate.tool.hbm2ddl.TableMetadata <init>
INFO: HHH000261: Table found: microcosmos.preciohistorico
oct 14, 2021 8:19:41 PM org.hibernate.tool.hbm2ddl.TableMetadata <init>
INFO: HHH000037: Columns: [precio, idpreciohistorico, fechainicial, fechafinal, idarticulo, activopreciohistorico]
oct 14, 2021 8:19:41 PM org.hibernate.tool.hbm2ddl.TableMetadata <init>
INFO: HHH000261: Table found: microcosmos.proveedores
oct 14, 2021 8:19:41 PM org.hibernate.tool.hbm2ddl.TableMetadata <init>
INFO: HHH000037: Columns: [idproveedor, activoproveedor, idtipodocumento, nombreproveedor, correoproveedor, telefonoproveedor, documento, ubicacionproveedor]
oct 14, 2021 8:19:41 PM org.hibernate.tool.hbm2ddl.TableMetadata <init>
INFO: HHH000261: Table found: microcosmos.secciontienda
oct 14, 2021 8:19:41 PM org.hibernate.tool.hbm2ddl.TableMetadata <init>
INFO: HHH000037: Columns: [idsecciontienda, descripcionsecciontienda, nombresecciontienda, activosecciontienda]
oct 14, 2021 8:19:41 PM org.hibernate.tool.hbm2ddl.TableMetadata <init>
INFO: HHH000261: Table found: microcosmos.sexo
oct 14, 2021 8:19:41 PM org.hibernate.tool.hbm2ddl.TableMetadata <init>
INFO: HHH000037: Columns: [idsexo, nombresexo, descripcionsexo]
oct 14, 2021 8:19:41 PM org.hibernate.tool.hbm2ddl.TableMetadata <init>
INFO: HHH000261: Table found: microcosmos.talla
oct 14, 2021 8:19:41 PM org.hibernate.tool.hbm2ddl.TableMetadata <init>
INFO: HHH000037: Columns: [activotalla, nombretalla, descripciontalla, idtalla]
oct 14, 2021 8:19:41 PM org.hibernate.tool.hbm2ddl.TableMetadata <init>
INFO: HHH000261: Table found: microcosmos.tipodepago
oct 14, 2021 8:19:41 PM org.hibernate.tool.hbm2ddl.TableMetadata <init>
INFO: HHH000037: Columns: [descripciontipodepago, nombretipodepago, idtipodepago, activotipodepago]
oct 14, 2021 8:19:41 PM org.hibernate.tool.hbm2ddl.TableMetadata <init>
INFO: HHH000261: Table found: microcosmos.tipodocumento
oct 14, 2021 8:19:41 PM org.hibernate.tool.hbm2ddl.TableMetadata <init>
INFO: HHH000037: Columns: [nombretipodocumento, descripciontipodocumento, activotipodocumento, idtipodocumento]
oct 14, 2021 8:19:41 PM org.hibernate.tool.hbm2ddl.TableMetadata <init>
INFO: HHH000261: Table found: microcosmos.usuarios
oct 14, 2021 8:19:41 PM org.hibernate.tool.hbm2ddl.TableMetadata <init>
INFO: HHH000037: Columns: [nombreusuario, idempleados, numerodeintentos, activousuario, admin, contrasena, idusuario]
oct 14, 2021 8:19:41 PM org.hibernate.tool.hbm2ddl.TableMetadata <init>
INFO: HHH000261: Table found: microcosmos.venta
oct 14, 2021 8:19:41 PM org.hibernate.tool.hbm2ddl.TableMetadata <init>
INFO: HHH000037: Columns: [numtarjeta, idtipodepago, formato, montoefectivo, idcliente, idestado, idventa, total, idempleados, impuesto, subtotal, montotarjeta, fechaventa, idparametros]
oct 14, 2021 8:19:41 PM org.hibernate.jpa.internal.EntityManagerFactoryRegistry addEntityManagerFactory
WARN: HHH000436: Entity manager factory name (DB) is already registered.  If entity manager will be clustered or passivated, specify a unique value for property 'hibernate.ejb.entitymanager_factory_name'
oct 14, 2021 8:19:41 PM org.hibernate.ejb.HibernatePersistence logDeprecation
WARN: HHH015016: Encountered a deprecated javax.persistence.spi.PersistenceProvider [org.hibernate.ejb.HibernatePersistence]; use [org.hibernate.jpa.HibernatePersistenceProvider] instead.
oct 14, 2021 8:19:41 PM org.hibernate.ejb.HibernatePersistence logDeprecation
WARN: HHH015016: Encountered a deprecated javax.persistence.spi.PersistenceProvider [org.hibernate.ejb.HibernatePersistence]; use [org.hibernate.jpa.HibernatePersistenceProvider] instead.
oct 14, 2021 8:19:41 PM org.hibernate.ejb.HibernatePersistence logDeprecation
WARN: HHH015016: Encountered a deprecated javax.persistence.spi.PersistenceProvider [org.hibernate.ejb.HibernatePersistence]; use [org.hibernate.jpa.HibernatePersistenceProvider] instead.
oct 14, 2021 8:19:41 PM org.hibernate.jpa.internal.util.LogHelper logPersistenceUnitInformation
INFO: HHH000204: Processing PersistenceUnitInfo [
	name: DB
	...]
oct 14, 2021 8:19:41 PM org.hibernate.engine.jdbc.connections.internal.DriverManagerConnectionProviderImpl configure
WARN: HHH000402: Using Hibernate built-in connection pool (not for production use!)
oct 14, 2021 8:19:41 PM org.hibernate.engine.jdbc.connections.internal.DriverManagerConnectionProviderImpl buildCreator
INFO: HHH000401: using driver [com.mysql.jdbc.Driver] at URL [jdbc:mysql://localhost:3306/Microcosmos?zeroDateTimeBehavior=convertToNull]
oct 14, 2021 8:19:41 PM org.hibernate.engine.jdbc.connections.internal.DriverManagerConnectionProviderImpl buildCreator
INFO: HHH000046: Connection properties: {user=root, password=****}
oct 14, 2021 8:19:41 PM org.hibernate.engine.jdbc.connections.internal.DriverManagerConnectionProviderImpl buildCreator
INFO: HHH000006: Autocommit mode: false
oct 14, 2021 8:19:41 PM org.hibernate.engine.jdbc.connections.internal.DriverManagerConnectionProviderImpl configure
INFO: HHH000115: Hibernate connection pool size: 20 (min=1)
oct 14, 2021 8:19:41 PM org.hibernate.dialect.Dialect <init>
INFO: HHH000400: Using dialect: org.hibernate.dialect.MySQLDialect
oct 14, 2021 8:19:41 PM org.hibernate.hql.internal.ast.ASTQueryTranslatorFactory <init>
INFO: HHH000397: Using ASTQueryTranslatorFactory
oct 14, 2021 8:19:41 PM org.hibernate.tool.hbm2ddl.SchemaValidator validate
INFO: HHH000229: Running schema validator
oct 14, 2021 8:19:41 PM org.hibernate.tool.hbm2ddl.SchemaValidator validate
INFO: HHH000102: Fetching database metadata
oct 14, 2021 8:19:41 PM org.hibernate.tool.hbm2ddl.TableMetadata <init>
INFO: HHH000261: Table found: microcosmos.arealaboral
oct 14, 2021 8:19:41 PM org.hibernate.tool.hbm2ddl.TableMetadata <init>
INFO: HHH000037: Columns: [idarealaboral, descripcionarealaboral, nombrearealaboral, activoarealaboral]
oct 14, 2021 8:19:41 PM org.hibernate.tool.hbm2ddl.TableMetadata <init>
INFO: HHH000261: Table found: microcosmos.arealaboralhistorica
oct 14, 2021 8:19:41 PM org.hibernate.tool.hbm2ddl.TableMetadata <init>
INFO: HHH000037: Columns: [idempleados, fechaconclusion, fechacomienzo, idarealaboralhistorica]
oct 14, 2021 8:19:41 PM org.hibernate.tool.hbm2ddl.TableMetadata <init>
INFO: HHH000261: Table found: microcosmos.articulo
oct 14, 2021 8:19:41 PM org.hibernate.tool.hbm2ddl.TableMetadata <init>
INFO: HHH000037: Columns: [idsecciontienda, stockmaximo, activoarticulo, nombrearticulo, stockminimo, precioarticulo, idtalla, stock, descripcionarticulo, idarticulo]
oct 14, 2021 8:19:41 PM org.hibernate.tool.hbm2ddl.TableMetadata <init>
INFO: HHH000261: Table found: microcosmos.clientes
oct 14, 2021 8:19:41 PM org.hibernate.tool.hbm2ddl.TableMetadata <init>
INFO: HHH000037: Columns: [telefonocliente, direccioncliente, idtipodocumento, idsexo, documento, activocliente, idcliente, nombrecliente, apellidocliente, correocliente]
oct 14, 2021 8:19:41 PM org.hibernate.tool.hbm2ddl.TableMetadata <init>
INFO: HHH000261: Table found: microcosmos.compra
oct 14, 2021 8:19:41 PM org.hibernate.tool.hbm2ddl.TableMetadata <init>
INFO: HHH000037: Columns: [idcompra, fechapedido, idproveedor, idempleados, fecharecibido, totalcompra, idestado]
oct 14, 2021 8:19:41 PM org.hibernate.tool.hbm2ddl.TableMetadata <init>
INFO: HHH000261: Table found: microcosmos.detallecompra
oct 14, 2021 8:19:41 PM org.hibernate.tool.hbm2ddl.TableMetadata <init>
INFO: HHH000037: Columns: [idcompra, iddetallecompra, preciocompra, cantidad, idarticulo]
oct 14, 2021 8:19:41 PM org.hibernate.tool.hbm2ddl.TableMetadata <init>
INFO: HHH000261: Table found: microcosmos.detalleventa
oct 14, 2021 8:19:41 PM org.hibernate.tool.hbm2ddl.TableMetadata <init>
INFO: HHH000037: Columns: [idventa, iddetalleventa, cantidad, idarticulo]
oct 14, 2021 8:19:41 PM org.hibernate.tool.hbm2ddl.TableMetadata <init>
INFO: HHH000261: Table found: microcosmos.empleados
oct 14, 2021 8:19:41 PM org.hibernate.tool.hbm2ddl.TableMetadata <init>
INFO: HHH000037: Columns: [idempleados, idarealaboral, idtipodocumento, idsexo, telefonoempleado, documento, nombreempleado, correoempleado, apellidoempleado, fechadenacimiento, activoempleado]
oct 14, 2021 8:19:41 PM org.hibernate.tool.hbm2ddl.TableMetadata <init>
INFO: HHH000261: Table found: microcosmos.entidades
oct 14, 2021 8:19:41 PM org.hibernate.tool.hbm2ddl.TableMetadata <init>
INFO: HHH000037: Columns: [identidad, activoentidad, nombreentidad]
oct 14, 2021 8:19:41 PM org.hibernate.tool.hbm2ddl.TableMetadata <init>
INFO: HHH000261: Table found: microcosmos.estado
oct 14, 2021 8:19:41 PM org.hibernate.tool.hbm2ddl.TableMetadata <init>
INFO: HHH000037: Columns: [nombreestado, activoestado, identidad, descripcionestado, idestado]
oct 14, 2021 8:19:41 PM org.hibernate.tool.hbm2ddl.TableMetadata <init>
INFO: HHH000261: Table found: microcosmos.facturasdevueltas
oct 14, 2021 8:19:41 PM org.hibernate.tool.hbm2ddl.TableMetadata <init>
INFO: HHH000037: Columns: [idventa, descripcion, fechadevolucion, idempleados, idfacturadevuelta]
oct 14, 2021 8:19:41 PM org.hibernate.tool.hbm2ddl.TableMetadata <init>
INFO: HHH000261: Table found: microcosmos.parametros
oct 14, 2021 8:19:41 PM org.hibernate.tool.hbm2ddl.TableMetadata <init>
INFO: HHH000037: Columns: [facturainicial, fechaemision, facturafinal, activoparametros, fechacaducidad, cai, idparametros]
oct 14, 2021 8:19:41 PM org.hibernate.tool.hbm2ddl.TableMetadata <init>
INFO: HHH000261: Table found: microcosmos.pedidosdevueltos
oct 14, 2021 8:19:41 PM org.hibernate.tool.hbm2ddl.TableMetadata <init>
INFO: HHH000037: Columns: [idcompra, descripcion, idempleados, idpedidosdevueltos, fechaanulacion]
oct 14, 2021 8:19:41 PM org.hibernate.tool.hbm2ddl.TableMetadata <init>
INFO: HHH000261: Table found: microcosmos.preciohistorico
oct 14, 2021 8:19:41 PM org.hibernate.tool.hbm2ddl.TableMetadata <init>
INFO: HHH000037: Columns: [precio, idpreciohistorico, fechainicial, fechafinal, idarticulo, activopreciohistorico]
oct 14, 2021 8:19:41 PM org.hibernate.tool.hbm2ddl.TableMetadata <init>
INFO: HHH000261: Table found: microcosmos.proveedores
oct 14, 2021 8:19:41 PM org.hibernate.tool.hbm2ddl.TableMetadata <init>
INFO: HHH000037: Columns: [idproveedor, activoproveedor, idtipodocumento, nombreproveedor, correoproveedor, telefonoproveedor, documento, ubicacionproveedor]
oct 14, 2021 8:19:41 PM org.hibernate.tool.hbm2ddl.TableMetadata <init>
INFO: HHH000261: Table found: microcosmos.secciontienda
oct 14, 2021 8:19:41 PM org.hibernate.tool.hbm2ddl.TableMetadata <init>
INFO: HHH000037: Columns: [idsecciontienda, descripcionsecciontienda, nombresecciontienda, activosecciontienda]
oct 14, 2021 8:19:41 PM org.hibernate.tool.hbm2ddl.TableMetadata <init>
INFO: HHH000261: Table found: microcosmos.sexo
oct 14, 2021 8:19:41 PM org.hibernate.tool.hbm2ddl.TableMetadata <init>
INFO: HHH000037: Columns: [idsexo, nombresexo, descripcionsexo]
oct 14, 2021 8:19:41 PM org.hibernate.tool.hbm2ddl.TableMetadata <init>
INFO: HHH000261: Table found: microcosmos.talla
oct 14, 2021 8:19:41 PM org.hibernate.tool.hbm2ddl.TableMetadata <init>
INFO: HHH000037: Columns: [activotalla, nombretalla, descripciontalla, idtalla]
oct 14, 2021 8:19:41 PM org.hibernate.tool.hbm2ddl.TableMetadata <init>
INFO: HHH000261: Table found: microcosmos.tipodepago
oct 14, 2021 8:19:41 PM org.hibernate.tool.hbm2ddl.TableMetadata <init>
INFO: HHH000037: Columns: [descripciontipodepago, nombretipodepago, idtipodepago, activotipodepago]
oct 14, 2021 8:19:41 PM org.hibernate.tool.hbm2ddl.TableMetadata <init>
INFO: HHH000261: Table found: microcosmos.tipodocumento
oct 14, 2021 8:19:41 PM org.hibernate.tool.hbm2ddl.TableMetadata <init>
INFO: HHH000037: Columns: [nombretipodocumento, descripciontipodocumento, activotipodocumento, idtipodocumento]
oct 14, 2021 8:19:41 PM org.hibernate.tool.hbm2ddl.TableMetadata <init>
INFO: HHH000261: Table found: microcosmos.usuarios
oct 14, 2021 8:19:41 PM org.hibernate.tool.hbm2ddl.TableMetadata <init>
INFO: HHH000037: Columns: [nombreusuario, idempleados, numerodeintentos, activousuario, admin, contrasena, idusuario]
oct 14, 2021 8:19:41 PM org.hibernate.tool.hbm2ddl.TableMetadata <init>
INFO: HHH000261: Table found: microcosmos.venta
oct 14, 2021 8:19:41 PM org.hibernate.tool.hbm2ddl.TableMetadata <init>
INFO: HHH000037: Columns: [numtarjeta, idtipodepago, formato, montoefectivo, idcliente, idestado, idventa, total, idempleados, impuesto, subtotal, montotarjeta, fechaventa, idparametros]
oct 14, 2021 8:19:41 PM org.hibernate.jpa.internal.EntityManagerFactoryRegistry addEntityManagerFactory
WARN: HHH000436: Entity manager factory name (DB) is already registered.  If entity manager will be clustered or passivated, specify a unique value for property 'hibernate.ejb.entitymanager_factory_name'
oct 14, 2021 8:19:41 PM org.hibernate.ejb.HibernatePersistence logDeprecation
WARN: HHH015016: Encountered a deprecated javax.persistence.spi.PersistenceProvider [org.hibernate.ejb.HibernatePersistence]; use [org.hibernate.jpa.HibernatePersistenceProvider] instead.
oct 14, 2021 8:19:41 PM org.hibernate.ejb.HibernatePersistence logDeprecation
WARN: HHH015016: Encountered a deprecated javax.persistence.spi.PersistenceProvider [org.hibernate.ejb.HibernatePersistence]; use [org.hibernate.jpa.HibernatePersistenceProvider] instead.
oct 14, 2021 8:19:41 PM org.hibernate.ejb.HibernatePersistence logDeprecation
WARN: HHH015016: Encountered a deprecated javax.persistence.spi.PersistenceProvider [org.hibernate.ejb.HibernatePersistence]; use [org.hibernate.jpa.HibernatePersistenceProvider] instead.
oct 14, 2021 8:19:41 PM org.hibernate.jpa.internal.util.LogHelper logPersistenceUnitInformation
INFO: HHH000204: Processing PersistenceUnitInfo [
	name: DB
	...]
oct 14, 2021 8:19:41 PM org.hibernate.engine.jdbc.connections.internal.DriverManagerConnectionProviderImpl configure
WARN: HHH000402: Using Hibernate built-in connection pool (not for production use!)
oct 14, 2021 8:19:41 PM org.hibernate.engine.jdbc.connections.internal.DriverManagerConnectionProviderImpl buildCreator
INFO: HHH000401: using driver [com.mysql.jdbc.Driver] at URL [jdbc:mysql://localhost:3306/Microcosmos?zeroDateTimeBehavior=convertToNull]
oct 14, 2021 8:19:41 PM org.hibernate.engine.jdbc.connections.internal.DriverManagerConnectionProviderImpl buildCreator
INFO: HHH000046: Connection properties: {user=root, password=****}
oct 14, 2021 8:19:41 PM org.hibernate.engine.jdbc.connections.internal.DriverManagerConnectionProviderImpl buildCreator
INFO: HHH000006: Autocommit mode: false
oct 14, 2021 8:19:41 PM org.hibernate.engine.jdbc.connections.internal.DriverManagerConnectionProviderImpl configure
INFO: HHH000115: Hibernate connection pool size: 20 (min=1)
oct 14, 2021 8:19:41 PM org.hibernate.dialect.Dialect <init>
INFO: HHH000400: Using dialect: org.hibernate.dialect.MySQLDialect
oct 14, 2021 8:19:41 PM org.hibernate.hql.internal.ast.ASTQueryTranslatorFactory <init>
INFO: HHH000397: Using ASTQueryTranslatorFactory
oct 14, 2021 8:19:41 PM org.hibernate.tool.hbm2ddl.SchemaValidator validate
INFO: HHH000229: Running schema validator
oct 14, 2021 8:19:41 PM org.hibernate.tool.hbm2ddl.SchemaValidator validate
INFO: HHH000102: Fetching database metadata
oct 14, 2021 8:19:41 PM org.hibernate.tool.hbm2ddl.TableMetadata <init>
INFO: HHH000261: Table found: microcosmos.arealaboral
oct 14, 2021 8:19:41 PM org.hibernate.tool.hbm2ddl.TableMetadata <init>
INFO: HHH000037: Columns: [idarealaboral, descripcionarealaboral, nombrearealaboral, activoarealaboral]
oct 14, 2021 8:19:41 PM org.hibernate.tool.hbm2ddl.TableMetadata <init>
INFO: HHH000261: Table found: microcosmos.arealaboralhistorica
oct 14, 2021 8:19:41 PM org.hibernate.tool.hbm2ddl.TableMetadata <init>
INFO: HHH000037: Columns: [idempleados, fechaconclusion, fechacomienzo, idarealaboralhistorica]
oct 14, 2021 8:19:41 PM org.hibernate.tool.hbm2ddl.TableMetadata <init>
INFO: HHH000261: Table found: microcosmos.articulo
oct 14, 2021 8:19:41 PM org.hibernate.tool.hbm2ddl.TableMetadata <init>
INFO: HHH000037: Columns: [idsecciontienda, stockmaximo, activoarticulo, nombrearticulo, stockminimo, precioarticulo, idtalla, stock, descripcionarticulo, idarticulo]
oct 14, 2021 8:19:41 PM org.hibernate.tool.hbm2ddl.TableMetadata <init>
INFO: HHH000261: Table found: microcosmos.clientes
oct 14, 2021 8:19:41 PM org.hibernate.tool.hbm2ddl.TableMetadata <init>
INFO: HHH000037: Columns: [telefonocliente, direccioncliente, idtipodocumento, idsexo, documento, activocliente, idcliente, nombrecliente, apellidocliente, correocliente]
oct 14, 2021 8:19:41 PM org.hibernate.tool.hbm2ddl.TableMetadata <init>
INFO: HHH000261: Table found: microcosmos.compra
oct 14, 2021 8:19:41 PM org.hibernate.tool.hbm2ddl.TableMetadata <init>
INFO: HHH000037: Columns: [idcompra, fechapedido, idproveedor, idempleados, fecharecibido, totalcompra, idestado]
oct 14, 2021 8:19:41 PM org.hibernate.tool.hbm2ddl.TableMetadata <init>
INFO: HHH000261: Table found: microcosmos.detallecompra
oct 14, 2021 8:19:41 PM org.hibernate.tool.hbm2ddl.TableMetadata <init>
INFO: HHH000037: Columns: [idcompra, iddetallecompra, preciocompra, cantidad, idarticulo]
oct 14, 2021 8:19:41 PM org.hibernate.tool.hbm2ddl.TableMetadata <init>
INFO: HHH000261: Table found: microcosmos.detalleventa
oct 14, 2021 8:19:41 PM org.hibernate.tool.hbm2ddl.TableMetadata <init>
INFO: HHH000037: Columns: [idventa, iddetalleventa, cantidad, idarticulo]
oct 14, 2021 8:19:41 PM org.hibernate.tool.hbm2ddl.TableMetadata <init>
INFO: HHH000261: Table found: microcosmos.empleados
oct 14, 2021 8:19:41 PM org.hibernate.tool.hbm2ddl.TableMetadata <init>
INFO: HHH000037: Columns: [idempleados, idarealaboral, idtipodocumento, idsexo, telefonoempleado, documento, nombreempleado, correoempleado, apellidoempleado, fechadenacimiento, activoempleado]
oct 14, 2021 8:19:41 PM org.hibernate.tool.hbm2ddl.TableMetadata <init>
INFO: HHH000261: Table found: microcosmos.entidades
oct 14, 2021 8:19:41 PM org.hibernate.tool.hbm2ddl.TableMetadata <init>
INFO: HHH000037: Columns: [identidad, activoentidad, nombreentidad]
oct 14, 2021 8:19:41 PM org.hibernate.tool.hbm2ddl.TableMetadata <init>
INFO: HHH000261: Table found: microcosmos.estado
oct 14, 2021 8:19:41 PM org.hibernate.tool.hbm2ddl.TableMetadata <init>
INFO: HHH000037: Columns: [nombreestado, activoestado, identidad, descripcionestado, idestado]
oct 14, 2021 8:19:41 PM org.hibernate.tool.hbm2ddl.TableMetadata <init>
INFO: HHH000261: Table found: microcosmos.facturasdevueltas
oct 14, 2021 8:19:41 PM org.hibernate.tool.hbm2ddl.TableMetadata <init>
INFO: HHH000037: Columns: [idventa, descripcion, fechadevolucion, idempleados, idfacturadevuelta]
oct 14, 2021 8:19:41 PM org.hibernate.tool.hbm2ddl.TableMetadata <init>
INFO: HHH000261: Table found: microcosmos.parametros
oct 14, 2021 8:19:41 PM org.hibernate.tool.hbm2ddl.TableMetadata <init>
INFO: HHH000037: Columns: [facturainicial, fechaemision, facturafinal, activoparametros, fechacaducidad, cai, idparametros]
oct 14, 2021 8:19:41 PM org.hibernate.tool.hbm2ddl.TableMetadata <init>
INFO: HHH000261: Table found: microcosmos.pedidosdevueltos
oct 14, 2021 8:19:41 PM org.hibernate.tool.hbm2ddl.TableMetadata <init>
INFO: HHH000037: Columns: [idcompra, descripcion, idempleados, idpedidosdevueltos, fechaanulacion]
oct 14, 2021 8:19:41 PM org.hibernate.tool.hbm2ddl.TableMetadata <init>
INFO: HHH000261: Table found: microcosmos.preciohistorico
oct 14, 2021 8:19:41 PM org.hibernate.tool.hbm2ddl.TableMetadata <init>
INFO: HHH000037: Columns: [precio, idpreciohistorico, fechainicial, fechafinal, idarticulo, activopreciohistorico]
oct 14, 2021 8:19:41 PM org.hibernate.tool.hbm2ddl.TableMetadata <init>
INFO: HHH000261: Table found: microcosmos.proveedores
oct 14, 2021 8:19:41 PM org.hibernate.tool.hbm2ddl.TableMetadata <init>
INFO: HHH000037: Columns: [idproveedor, activoproveedor, idtipodocumento, nombreproveedor, correoproveedor, telefonoproveedor, documento, ubicacionproveedor]
oct 14, 2021 8:19:41 PM org.hibernate.tool.hbm2ddl.TableMetadata <init>
INFO: HHH000261: Table found: microcosmos.secciontienda
oct 14, 2021 8:19:41 PM org.hibernate.tool.hbm2ddl.TableMetadata <init>
INFO: HHH000037: Columns: [idsecciontienda, descripcionsecciontienda, nombresecciontienda, activosecciontienda]
oct 14, 2021 8:19:41 PM org.hibernate.tool.hbm2ddl.TableMetadata <init>
INFO: HHH000261: Table found: microcosmos.sexo
oct 14, 2021 8:19:41 PM org.hibernate.tool.hbm2ddl.TableMetadata <init>
INFO: HHH000037: Columns: [idsexo, nombresexo, descripcionsexo]
oct 14, 2021 8:19:41 PM org.hibernate.tool.hbm2ddl.TableMetadata <init>
INFO: HHH000261: Table found: microcosmos.talla
oct 14, 2021 8:19:41 PM org.hibernate.tool.hbm2ddl.TableMetadata <init>
INFO: HHH000037: Columns: [activotalla, nombretalla, descripciontalla, idtalla]
oct 14, 2021 8:19:41 PM org.hibernate.tool.hbm2ddl.TableMetadata <init>
INFO: HHH000261: Table found: microcosmos.tipodepago
oct 14, 2021 8:19:41 PM org.hibernate.tool.hbm2ddl.TableMetadata <init>
INFO: HHH000037: Columns: [descripciontipodepago, nombretipodepago, idtipodepago, activotipodepago]
oct 14, 2021 8:19:41 PM org.hibernate.tool.hbm2ddl.TableMetadata <init>
INFO: HHH000261: Table found: microcosmos.tipodocumento
oct 14, 2021 8:19:41 PM org.hibernate.tool.hbm2ddl.TableMetadata <init>
INFO: HHH000037: Columns: [nombretipodocumento, descripciontipodocumento, activotipodocumento, idtipodocumento]
oct 14, 2021 8:19:41 PM org.hibernate.tool.hbm2ddl.TableMetadata <init>
INFO: HHH000261: Table found: microcosmos.usuarios
oct 14, 2021 8:19:41 PM org.hibernate.tool.hbm2ddl.TableMetadata <init>
INFO: HHH000037: Columns: [nombreusuario, idempleados, numerodeintentos, activousuario, admin, contrasena, idusuario]
oct 14, 2021 8:19:41 PM org.hibernate.tool.hbm2ddl.TableMetadata <init>
INFO: HHH000261: Table found: microcosmos.venta
oct 14, 2021 8:19:41 PM org.hibernate.tool.hbm2ddl.TableMetadata <init>
INFO: HHH000037: Columns: [numtarjeta, idtipodepago, formato, montoefectivo, idcliente, idestado, idventa, total, idempleados, impuesto, subtotal, montotarjeta, fechaventa, idparametros]
oct 14, 2021 8:19:41 PM org.hibernate.jpa.internal.EntityManagerFactoryRegistry addEntityManagerFactory
WARN: HHH000436: Entity manager factory name (DB) is already registered.  If entity manager will be clustered or passivated, specify a unique value for property 'hibernate.ejb.entitymanager_factory_name'
oct 14, 2021 8:19:41 PM org.hibernate.ejb.HibernatePersistence logDeprecation
WARN: HHH015016: Encountered a deprecated javax.persistence.spi.PersistenceProvider [org.hibernate.ejb.HibernatePersistence]; use [org.hibernate.jpa.HibernatePersistenceProvider] instead.
oct 14, 2021 8:19:41 PM org.hibernate.ejb.HibernatePersistence logDeprecation
WARN: HHH015016: Encountered a deprecated javax.persistence.spi.PersistenceProvider [org.hibernate.ejb.HibernatePersistence]; use [org.hibernate.jpa.HibernatePersistenceProvider] instead.
oct 14, 2021 8:19:41 PM org.hibernate.ejb.HibernatePersistence logDeprecation
WARN: HHH015016: Encountered a deprecated javax.persistence.spi.PersistenceProvider [org.hibernate.ejb.HibernatePersistence]; use [org.hibernate.jpa.HibernatePersistenceProvider] instead.
oct 14, 2021 8:19:41 PM org.hibernate.jpa.internal.util.LogHelper logPersistenceUnitInformation
INFO: HHH000204: Processing PersistenceUnitInfo [
	name: DB
	...]
oct 14, 2021 8:19:41 PM org.hibernate.engine.jdbc.connections.internal.DriverManagerConnectionProviderImpl configure
WARN: HHH000402: Using Hibernate built-in connection pool (not for production use!)
oct 14, 2021 8:19:41 PM org.hibernate.engine.jdbc.connections.internal.DriverManagerConnectionProviderImpl buildCreator
INFO: HHH000401: using driver [com.mysql.jdbc.Driver] at URL [jdbc:mysql://localhost:3306/Microcosmos?zeroDateTimeBehavior=convertToNull]
oct 14, 2021 8:19:41 PM org.hibernate.engine.jdbc.connections.internal.DriverManagerConnectionProviderImpl buildCreator
INFO: HHH000046: Connection properties: {user=root, password=****}
oct 14, 2021 8:19:41 PM org.hibernate.engine.jdbc.connections.internal.DriverManagerConnectionProviderImpl buildCreator
INFO: HHH000006: Autocommit mode: false
oct 14, 2021 8:19:41 PM org.hibernate.engine.jdbc.connections.internal.DriverManagerConnectionProviderImpl configure
INFO: HHH000115: Hibernate connection pool size: 20 (min=1)
oct 14, 2021 8:19:41 PM org.hibernate.dialect.Dialect <init>
INFO: HHH000400: Using dialect: org.hibernate.dialect.MySQLDialect
oct 14, 2021 8:19:41 PM org.hibernate.hql.internal.ast.ASTQueryTranslatorFactory <init>
INFO: HHH000397: Using ASTQueryTranslatorFactory
oct 14, 2021 8:19:41 PM org.hibernate.tool.hbm2ddl.SchemaValidator validate
INFO: HHH000229: Running schema validator
oct 14, 2021 8:19:41 PM org.hibernate.tool.hbm2ddl.SchemaValidator validate
INFO: HHH000102: Fetching database metadata
oct 14, 2021 8:19:41 PM org.hibernate.tool.hbm2ddl.TableMetadata <init>
INFO: HHH000261: Table found: microcosmos.arealaboral
oct 14, 2021 8:19:41 PM org.hibernate.tool.hbm2ddl.TableMetadata <init>
INFO: HHH000037: Columns: [idarealaboral, descripcionarealaboral, nombrearealaboral, activoarealaboral]
oct 14, 2021 8:19:41 PM org.hibernate.tool.hbm2ddl.TableMetadata <init>
INFO: HHH000261: Table found: microcosmos.arealaboralhistorica
oct 14, 2021 8:19:41 PM org.hibernate.tool.hbm2ddl.TableMetadata <init>
INFO: HHH000037: Columns: [idempleados, fechaconclusion, fechacomienzo, idarealaboralhistorica]
oct 14, 2021 8:19:41 PM org.hibernate.tool.hbm2ddl.TableMetadata <init>
INFO: HHH000261: Table found: microcosmos.articulo
oct 14, 2021 8:19:41 PM org.hibernate.tool.hbm2ddl.TableMetadata <init>
INFO: HHH000037: Columns: [idsecciontienda, stockmaximo, activoarticulo, nombrearticulo, stockminimo, precioarticulo, idtalla, stock, descripcionarticulo, idarticulo]
oct 14, 2021 8:19:41 PM org.hibernate.tool.hbm2ddl.TableMetadata <init>
INFO: HHH000261: Table found: microcosmos.clientes
oct 14, 2021 8:19:41 PM org.hibernate.tool.hbm2ddl.TableMetadata <init>
INFO: HHH000037: Columns: [telefonocliente, direccioncliente, idtipodocumento, idsexo, documento, activocliente, idcliente, nombrecliente, apellidocliente, correocliente]
oct 14, 2021 8:19:41 PM org.hibernate.tool.hbm2ddl.TableMetadata <init>
INFO: HHH000261: Table found: microcosmos.compra
oct 14, 2021 8:19:41 PM org.hibernate.tool.hbm2ddl.TableMetadata <init>
INFO: HHH000037: Columns: [idcompra, fechapedido, idproveedor, idempleados, fecharecibido, totalcompra, idestado]
oct 14, 2021 8:19:41 PM org.hibernate.tool.hbm2ddl.TableMetadata <init>
INFO: HHH000261: Table found: microcosmos.detallecompra
oct 14, 2021 8:19:41 PM org.hibernate.tool.hbm2ddl.TableMetadata <init>
INFO: HHH000037: Columns: [idcompra, iddetallecompra, preciocompra, cantidad, idarticulo]
oct 14, 2021 8:19:41 PM org.hibernate.tool.hbm2ddl.TableMetadata <init>
INFO: HHH000261: Table found: microcosmos.detalleventa
oct 14, 2021 8:19:41 PM org.hibernate.tool.hbm2ddl.TableMetadata <init>
INFO: HHH000037: Columns: [idventa, iddetalleventa, cantidad, idarticulo]
oct 14, 2021 8:19:41 PM org.hibernate.tool.hbm2ddl.TableMetadata <init>
INFO: HHH000261: Table found: microcosmos.empleados
oct 14, 2021 8:19:41 PM org.hibernate.tool.hbm2ddl.TableMetadata <init>
INFO: HHH000037: Columns: [idempleados, idarealaboral, idtipodocumento, idsexo, telefonoempleado, documento, nombreempleado, correoempleado, apellidoempleado, fechadenacimiento, activoempleado]
oct 14, 2021 8:19:41 PM org.hibernate.tool.hbm2ddl.TableMetadata <init>
INFO: HHH000261: Table found: microcosmos.entidades
oct 14, 2021 8:19:41 PM org.hibernate.tool.hbm2ddl.TableMetadata <init>
INFO: HHH000037: Columns: [identidad, activoentidad, nombreentidad]
oct 14, 2021 8:19:41 PM org.hibernate.tool.hbm2ddl.TableMetadata <init>
INFO: HHH000261: Table found: microcosmos.estado
oct 14, 2021 8:19:41 PM org.hibernate.tool.hbm2ddl.TableMetadata <init>
INFO: HHH000037: Columns: [nombreestado, activoestado, identidad, descripcionestado, idestado]
oct 14, 2021 8:19:41 PM org.hibernate.tool.hbm2ddl.TableMetadata <init>
INFO: HHH000261: Table found: microcosmos.facturasdevueltas
oct 14, 2021 8:19:41 PM org.hibernate.tool.hbm2ddl.TableMetadata <init>
INFO: HHH000037: Columns: [idventa, descripcion, fechadevolucion, idempleados, idfacturadevuelta]
oct 14, 2021 8:19:41 PM org.hibernate.tool.hbm2ddl.TableMetadata <init>
INFO: HHH000261: Table found: microcosmos.parametros
oct 14, 2021 8:19:41 PM org.hibernate.tool.hbm2ddl.TableMetadata <init>
INFO: HHH000037: Columns: [facturainicial, fechaemision, facturafinal, activoparametros, fechacaducidad, cai, idparametros]
oct 14, 2021 8:19:41 PM org.hibernate.tool.hbm2ddl.TableMetadata <init>
INFO: HHH000261: Table found: microcosmos.pedidosdevueltos
oct 14, 2021 8:19:41 PM org.hibernate.tool.hbm2ddl.TableMetadata <init>
INFO: HHH000037: Columns: [idcompra, descripcion, idempleados, idpedidosdevueltos, fechaanulacion]
oct 14, 2021 8:19:41 PM org.hibernate.tool.hbm2ddl.TableMetadata <init>
INFO: HHH000261: Table found: microcosmos.preciohistorico
oct 14, 2021 8:19:41 PM org.hibernate.tool.hbm2ddl.TableMetadata <init>
INFO: HHH000037: Columns: [precio, idpreciohistorico, fechainicial, fechafinal, idarticulo, activopreciohistorico]
oct 14, 2021 8:19:41 PM org.hibernate.tool.hbm2ddl.TableMetadata <init>
INFO: HHH000261: Table found: microcosmos.proveedores
oct 14, 2021 8:19:41 PM org.hibernate.tool.hbm2ddl.TableMetadata <init>
INFO: HHH000037: Columns: [idproveedor, activoproveedor, idtipodocumento, nombreproveedor, correoproveedor, telefonoproveedor, documento, ubicacionproveedor]
oct 14, 2021 8:19:41 PM org.hibernate.tool.hbm2ddl.TableMetadata <init>
INFO: HHH000261: Table found: microcosmos.secciontienda
oct 14, 2021 8:19:41 PM org.hibernate.tool.hbm2ddl.TableMetadata <init>
INFO: HHH000037: Columns: [idsecciontienda, descripcionsecciontienda, nombresecciontienda, activosecciontienda]
oct 14, 2021 8:19:41 PM org.hibernate.tool.hbm2ddl.TableMetadata <init>
INFO: HHH000261: Table found: microcosmos.sexo
oct 14, 2021 8:19:41 PM org.hibernate.tool.hbm2ddl.TableMetadata <init>
INFO: HHH000037: Columns: [idsexo, nombresexo, descripcionsexo]
oct 14, 2021 8:19:41 PM org.hibernate.tool.hbm2ddl.TableMetadata <init>
INFO: HHH000261: Table found: microcosmos.talla
oct 14, 2021 8:19:41 PM org.hibernate.tool.hbm2ddl.TableMetadata <init>
INFO: HHH000037: Columns: [activotalla, nombretalla, descripciontalla, idtalla]
oct 14, 2021 8:19:41 PM org.hibernate.tool.hbm2ddl.TableMetadata <init>
INFO: HHH000261: Table found: microcosmos.tipodepago
oct 14, 2021 8:19:41 PM org.hibernate.tool.hbm2ddl.TableMetadata <init>
INFO: HHH000037: Columns: [descripciontipodepago, nombretipodepago, idtipodepago, activotipodepago]
oct 14, 2021 8:19:41 PM org.hibernate.tool.hbm2ddl.TableMetadata <init>
INFO: HHH000261: Table found: microcosmos.tipodocumento
oct 14, 2021 8:19:41 PM org.hibernate.tool.hbm2ddl.TableMetadata <init>
INFO: HHH000037: Columns: [nombretipodocumento, descripciontipodocumento, activotipodocumento, idtipodocumento]
oct 14, 2021 8:19:41 PM org.hibernate.tool.hbm2ddl.TableMetadata <init>
INFO: HHH000261: Table found: microcosmos.usuarios
oct 14, 2021 8:19:41 PM org.hibernate.tool.hbm2ddl.TableMetadata <init>
INFO: HHH000037: Columns: [nombreusuario, idempleados, numerodeintentos, activousuario, admin, contrasena, idusuario]
oct 14, 2021 8:19:41 PM org.hibernate.tool.hbm2ddl.TableMetadata <init>
INFO: HHH000261: Table found: microcosmos.venta
oct 14, 2021 8:19:41 PM org.hibernate.tool.hbm2ddl.TableMetadata <init>
INFO: HHH000037: Columns: [numtarjeta, idtipodepago, formato, montoefectivo, idcliente, idestado, idventa, total, idempleados, impuesto, subtotal, montotarjeta, fechaventa, idparametros]
oct 14, 2021 8:19:41 PM org.hibernate.jpa.internal.EntityManagerFactoryRegistry addEntityManagerFactory
WARN: HHH000436: Entity manager factory name (DB) is already registered.  If entity manager will be clustered or passivated, specify a unique value for property 'hibernate.ejb.entitymanager_factory_name'
oct 14, 2021 8:19:41 PM org.hibernate.ejb.HibernatePersistence logDeprecation
WARN: HHH015016: Encountered a deprecated javax.persistence.spi.PersistenceProvider [org.hibernate.ejb.HibernatePersistence]; use [org.hibernate.jpa.HibernatePersistenceProvider] instead.
oct 14, 2021 8:19:41 PM org.hibernate.ejb.HibernatePersistence logDeprecation
WARN: HHH015016: Encountered a deprecated javax.persistence.spi.PersistenceProvider [org.hibernate.ejb.HibernatePersistence]; use [org.hibernate.jpa.HibernatePersistenceProvider] instead.
oct 14, 2021 8:19:41 PM org.hibernate.ejb.HibernatePersistence logDeprecation
WARN: HHH015016: Encountered a deprecated javax.persistence.spi.PersistenceProvider [org.hibernate.ejb.HibernatePersistence]; use [org.hibernate.jpa.HibernatePersistenceProvider] instead.
oct 14, 2021 8:19:41 PM org.hibernate.jpa.internal.util.LogHelper logPersistenceUnitInformation
INFO: HHH000204: Processing PersistenceUnitInfo [
	name: DB
	...]
oct 14, 2021 8:19:41 PM org.hibernate.engine.jdbc.connections.internal.DriverManagerConnectionProviderImpl configure
WARN: HHH000402: Using Hibernate built-in connection pool (not for production use!)
oct 14, 2021 8:19:41 PM org.hibernate.engine.jdbc.connections.internal.DriverManagerConnectionProviderImpl buildCreator
INFO: HHH000401: using driver [com.mysql.jdbc.Driver] at URL [jdbc:mysql://localhost:3306/Microcosmos?zeroDateTimeBehavior=convertToNull]
oct 14, 2021 8:19:41 PM org.hibernate.engine.jdbc.connections.internal.DriverManagerConnectionProviderImpl buildCreator
INFO: HHH000046: Connection properties: {user=root, password=****}
oct 14, 2021 8:19:41 PM org.hibernate.engine.jdbc.connections.internal.DriverManagerConnectionProviderImpl buildCreator
INFO: HHH000006: Autocommit mode: false
oct 14, 2021 8:19:41 PM org.hibernate.engine.jdbc.connections.internal.DriverManagerConnectionProviderImpl configure
INFO: HHH000115: Hibernate connection pool size: 20 (min=1)
oct 14, 2021 8:19:41 PM org.hibernate.dialect.Dialect <init>
INFO: HHH000400: Using dialect: org.hibernate.dialect.MySQLDialect
oct 14, 2021 8:19:41 PM org.hibernate.hql.internal.ast.ASTQueryTranslatorFactory <init>
INFO: HHH000397: Using ASTQueryTranslatorFactory
oct 14, 2021 8:19:41 PM org.hibernate.tool.hbm2ddl.SchemaValidator validate
INFO: HHH000229: Running schema validator
oct 14, 2021 8:19:41 PM org.hibernate.tool.hbm2ddl.SchemaValidator validate
INFO: HHH000102: Fetching database metadata
oct 14, 2021 8:19:41 PM org.hibernate.tool.hbm2ddl.TableMetadata <init>
INFO: HHH000261: Table found: microcosmos.arealaboral
oct 14, 2021 8:19:41 PM org.hibernate.tool.hbm2ddl.TableMetadata <init>
INFO: HHH000037: Columns: [idarealaboral, descripcionarealaboral, nombrearealaboral, activoarealaboral]
oct 14, 2021 8:19:41 PM org.hibernate.tool.hbm2ddl.TableMetadata <init>
INFO: HHH000261: Table found: microcosmos.arealaboralhistorica
oct 14, 2021 8:19:41 PM org.hibernate.tool.hbm2ddl.TableMetadata <init>
INFO: HHH000037: Columns: [idempleados, fechaconclusion, fechacomienzo, idarealaboralhistorica]
oct 14, 2021 8:19:41 PM org.hibernate.tool.hbm2ddl.TableMetadata <init>
INFO: HHH000261: Table found: microcosmos.articulo
oct 14, 2021 8:19:41 PM org.hibernate.tool.hbm2ddl.TableMetadata <init>
INFO: HHH000037: Columns: [idsecciontienda, stockmaximo, activoarticulo, nombrearticulo, stockminimo, precioarticulo, idtalla, stock, descripcionarticulo, idarticulo]
oct 14, 2021 8:19:41 PM org.hibernate.tool.hbm2ddl.TableMetadata <init>
INFO: HHH000261: Table found: microcosmos.clientes
oct 14, 2021 8:19:41 PM org.hibernate.tool.hbm2ddl.TableMetadata <init>
INFO: HHH000037: Columns: [telefonocliente, direccioncliente, idtipodocumento, idsexo, documento, activocliente, idcliente, nombrecliente, apellidocliente, correocliente]
oct 14, 2021 8:19:41 PM org.hibernate.tool.hbm2ddl.TableMetadata <init>
INFO: HHH000261: Table found: microcosmos.compra
oct 14, 2021 8:19:41 PM org.hibernate.tool.hbm2ddl.TableMetadata <init>
INFO: HHH000037: Columns: [idcompra, fechapedido, idproveedor, idempleados, fecharecibido, totalcompra, idestado]
oct 14, 2021 8:19:41 PM org.hibernate.tool.hbm2ddl.TableMetadata <init>
INFO: HHH000261: Table found: microcosmos.detallecompra
oct 14, 2021 8:19:41 PM org.hibernate.tool.hbm2ddl.TableMetadata <init>
INFO: HHH000037: Columns: [idcompra, iddetallecompra, preciocompra, cantidad, idarticulo]
oct 14, 2021 8:19:41 PM org.hibernate.tool.hbm2ddl.TableMetadata <init>
INFO: HHH000261: Table found: microcosmos.detalleventa
oct 14, 2021 8:19:41 PM org.hibernate.tool.hbm2ddl.TableMetadata <init>
INFO: HHH000037: Columns: [idventa, iddetalleventa, cantidad, idarticulo]
oct 14, 2021 8:19:41 PM org.hibernate.tool.hbm2ddl.TableMetadata <init>
INFO: HHH000261: Table found: microcosmos.empleados
oct 14, 2021 8:19:41 PM org.hibernate.tool.hbm2ddl.TableMetadata <init>
INFO: HHH000037: Columns: [idempleados, idarealaboral, idtipodocumento, idsexo, telefonoempleado, documento, nombreempleado, correoempleado, apellidoempleado, fechadenacimiento, activoempleado]
oct 14, 2021 8:19:41 PM org.hibernate.tool.hbm2ddl.TableMetadata <init>
INFO: HHH000261: Table found: microcosmos.entidades
oct 14, 2021 8:19:41 PM org.hibernate.tool.hbm2ddl.TableMetadata <init>
INFO: HHH000037: Columns: [identidad, activoentidad, nombreentidad]
oct 14, 2021 8:19:41 PM org.hibernate.tool.hbm2ddl.TableMetadata <init>
INFO: HHH000261: Table found: microcosmos.estado
oct 14, 2021 8:19:41 PM org.hibernate.tool.hbm2ddl.TableMetadata <init>
INFO: HHH000037: Columns: [nombreestado, activoestado, identidad, descripcionestado, idestado]
oct 14, 2021 8:19:41 PM org.hibernate.tool.hbm2ddl.TableMetadata <init>
INFO: HHH000261: Table found: microcosmos.facturasdevueltas
oct 14, 2021 8:19:41 PM org.hibernate.tool.hbm2ddl.TableMetadata <init>
INFO: HHH000037: Columns: [idventa, descripcion, fechadevolucion, idempleados, idfacturadevuelta]
oct 14, 2021 8:19:41 PM org.hibernate.tool.hbm2ddl.TableMetadata <init>
INFO: HHH000261: Table found: microcosmos.parametros
oct 14, 2021 8:19:41 PM org.hibernate.tool.hbm2ddl.TableMetadata <init>
INFO: HHH000037: Columns: [facturainicial, fechaemision, facturafinal, activoparametros, fechacaducidad, cai, idparametros]
oct 14, 2021 8:19:41 PM org.hibernate.tool.hbm2ddl.TableMetadata <init>
INFO: HHH000261: Table found: microcosmos.pedidosdevueltos
oct 14, 2021 8:19:41 PM org.hibernate.tool.hbm2ddl.TableMetadata <init>
INFO: HHH000037: Columns: [idcompra, descripcion, idempleados, idpedidosdevueltos, fechaanulacion]
oct 14, 2021 8:19:41 PM org.hibernate.tool.hbm2ddl.TableMetadata <init>
INFO: HHH000261: Table found: microcosmos.preciohistorico
oct 14, 2021 8:19:41 PM org.hibernate.tool.hbm2ddl.TableMetadata <init>
INFO: HHH000037: Columns: [precio, idpreciohistorico, fechainicial, fechafinal, idarticulo, activopreciohistorico]
oct 14, 2021 8:19:41 PM org.hibernate.tool.hbm2ddl.TableMetadata <init>
INFO: HHH000261: Table found: microcosmos.proveedores
oct 14, 2021 8:19:41 PM org.hibernate.tool.hbm2ddl.TableMetadata <init>
INFO: HHH000037: Columns: [idproveedor, activoproveedor, idtipodocumento, nombreproveedor, correoproveedor, telefonoproveedor, documento, ubicacionproveedor]
oct 14, 2021 8:19:41 PM org.hibernate.tool.hbm2ddl.TableMetadata <init>
INFO: HHH000261: Table found: microcosmos.secciontienda
oct 14, 2021 8:19:41 PM org.hibernate.tool.hbm2ddl.TableMetadata <init>
INFO: HHH000037: Columns: [idsecciontienda, descripcionsecciontienda, nombresecciontienda, activosecciontienda]
oct 14, 2021 8:19:41 PM org.hibernate.tool.hbm2ddl.TableMetadata <init>
INFO: HHH000261: Table found: microcosmos.sexo
oct 14, 2021 8:19:41 PM org.hibernate.tool.hbm2ddl.TableMetadata <init>
INFO: HHH000037: Columns: [idsexo, nombresexo, descripcionsexo]
oct 14, 2021 8:19:41 PM org.hibernate.tool.hbm2ddl.TableMetadata <init>
INFO: HHH000261: Table found: microcosmos.talla
oct 14, 2021 8:19:41 PM org.hibernate.tool.hbm2ddl.TableMetadata <init>
INFO: HHH000037: Columns: [activotalla, nombretalla, descripciontalla, idtalla]
oct 14, 2021 8:19:41 PM org.hibernate.tool.hbm2ddl.TableMetadata <init>
INFO: HHH000261: Table found: microcosmos.tipodepago
oct 14, 2021 8:19:41 PM org.hibernate.tool.hbm2ddl.TableMetadata <init>
INFO: HHH000037: Columns: [descripciontipodepago, nombretipodepago, idtipodepago, activotipodepago]
oct 14, 2021 8:19:41 PM org.hibernate.tool.hbm2ddl.TableMetadata <init>
INFO: HHH000261: Table found: microcosmos.tipodocumento
oct 14, 2021 8:19:41 PM org.hibernate.tool.hbm2ddl.TableMetadata <init>
INFO: HHH000037: Columns: [nombretipodocumento, descripciontipodocumento, activotipodocumento, idtipodocumento]
oct 14, 2021 8:19:41 PM org.hibernate.tool.hbm2ddl.TableMetadata <init>
INFO: HHH000261: Table found: microcosmos.usuarios
oct 14, 2021 8:19:41 PM org.hibernate.tool.hbm2ddl.TableMetadata <init>
INFO: HHH000037: Columns: [nombreusuario, idempleados, numerodeintentos, activousuario, admin, contrasena, idusuario]
oct 14, 2021 8:19:41 PM org.hibernate.tool.hbm2ddl.TableMetadata <init>
INFO: HHH000261: Table found: microcosmos.venta
oct 14, 2021 8:19:41 PM org.hibernate.tool.hbm2ddl.TableMetadata <init>
INFO: HHH000037: Columns: [numtarjeta, idtipodepago, formato, montoefectivo, idcliente, idestado, idventa, total, idempleados, impuesto, subtotal, montotarjeta, fechaventa, idparametros]
oct 14, 2021 8:19:41 PM org.hibernate.jpa.internal.EntityManagerFactoryRegistry addEntityManagerFactory
WARN: HHH000436: Entity manager factory name (DB) is already registered.  If entity manager will be clustered or passivated, specify a unique value for property 'hibernate.ejb.entitymanager_factory_name'
oct 14, 2021 8:19:41 PM org.hibernate.ejb.HibernatePersistence logDeprecation
WARN: HHH015016: Encountered a deprecated javax.persistence.spi.PersistenceProvider [org.hibernate.ejb.HibernatePersistence]; use [org.hibernate.jpa.HibernatePersistenceProvider] instead.
oct 14, 2021 8:19:41 PM org.hibernate.ejb.HibernatePersistence logDeprecation
WARN: HHH015016: Encountered a deprecated javax.persistence.spi.PersistenceProvider [org.hibernate.ejb.HibernatePersistence]; use [org.hibernate.jpa.HibernatePersistenceProvider] instead.
oct 14, 2021 8:19:41 PM org.hibernate.ejb.HibernatePersistence logDeprecation
WARN: HHH015016: Encountered a deprecated javax.persistence.spi.PersistenceProvider [org.hibernate.ejb.HibernatePersistence]; use [org.hibernate.jpa.HibernatePersistenceProvider] instead.
oct 14, 2021 8:19:41 PM org.hibernate.jpa.internal.util.LogHelper logPersistenceUnitInformation
INFO: HHH000204: Processing PersistenceUnitInfo [
	name: DB
	...]
oct 14, 2021 8:19:41 PM org.hibernate.engine.jdbc.connections.internal.DriverManagerConnectionProviderImpl configure
WARN: HHH000402: Using Hibernate built-in connection pool (not for production use!)
oct 14, 2021 8:19:41 PM org.hibernate.engine.jdbc.connections.internal.DriverManagerConnectionProviderImpl buildCreator
INFO: HHH000401: using driver [com.mysql.jdbc.Driver] at URL [jdbc:mysql://localhost:3306/Microcosmos?zeroDateTimeBehavior=convertToNull]
oct 14, 2021 8:19:41 PM org.hibernate.engine.jdbc.connections.internal.DriverManagerConnectionProviderImpl buildCreator
INFO: HHH000046: Connection properties: {user=root, password=****}
oct 14, 2021 8:19:41 PM org.hibernate.engine.jdbc.connections.internal.DriverManagerConnectionProviderImpl buildCreator
INFO: HHH000006: Autocommit mode: false
oct 14, 2021 8:19:41 PM org.hibernate.engine.jdbc.connections.internal.DriverManagerConnectionProviderImpl configure
INFO: HHH000115: Hibernate connection pool size: 20 (min=1)
oct 14, 2021 8:19:41 PM org.hibernate.dialect.Dialect <init>
INFO: HHH000400: Using dialect: org.hibernate.dialect.MySQLDialect
oct 14, 2021 8:19:41 PM org.hibernate.hql.internal.ast.ASTQueryTranslatorFactory <init>
INFO: HHH000397: Using ASTQueryTranslatorFactory
oct 14, 2021 8:19:41 PM org.hibernate.tool.hbm2ddl.SchemaValidator validate
INFO: HHH000229: Running schema validator
oct 14, 2021 8:19:41 PM org.hibernate.tool.hbm2ddl.SchemaValidator validate
INFO: HHH000102: Fetching database metadata
oct 14, 2021 8:19:41 PM org.hibernate.tool.hbm2ddl.TableMetadata <init>
INFO: HHH000261: Table found: microcosmos.arealaboral
oct 14, 2021 8:19:41 PM org.hibernate.tool.hbm2ddl.TableMetadata <init>
INFO: HHH000037: Columns: [idarealaboral, descripcionarealaboral, nombrearealaboral, activoarealaboral]
oct 14, 2021 8:19:41 PM org.hibernate.tool.hbm2ddl.TableMetadata <init>
INFO: HHH000261: Table found: microcosmos.arealaboralhistorica
oct 14, 2021 8:19:41 PM org.hibernate.tool.hbm2ddl.TableMetadata <init>
INFO: HHH000037: Columns: [idempleados, fechaconclusion, fechacomienzo, idarealaboralhistorica]
oct 14, 2021 8:19:41 PM org.hibernate.tool.hbm2ddl.TableMetadata <init>
INFO: HHH000261: Table found: microcosmos.articulo
oct 14, 2021 8:19:41 PM org.hibernate.tool.hbm2ddl.TableMetadata <init>
INFO: HHH000037: Columns: [idsecciontienda, stockmaximo, activoarticulo, nombrearticulo, stockminimo, precioarticulo, idtalla, stock, descripcionarticulo, idarticulo]
oct 14, 2021 8:19:41 PM org.hibernate.tool.hbm2ddl.TableMetadata <init>
INFO: HHH000261: Table found: microcosmos.clientes
oct 14, 2021 8:19:41 PM org.hibernate.tool.hbm2ddl.TableMetadata <init>
INFO: HHH000037: Columns: [telefonocliente, direccioncliente, idtipodocumento, idsexo, documento, activocliente, idcliente, nombrecliente, apellidocliente, correocliente]
oct 14, 2021 8:19:41 PM org.hibernate.tool.hbm2ddl.TableMetadata <init>
INFO: HHH000261: Table found: microcosmos.compra
oct 14, 2021 8:19:41 PM org.hibernate.tool.hbm2ddl.TableMetadata <init>
INFO: HHH000037: Columns: [idcompra, fechapedido, idproveedor, idempleados, fecharecibido, totalcompra, idestado]
oct 14, 2021 8:19:41 PM org.hibernate.tool.hbm2ddl.TableMetadata <init>
INFO: HHH000261: Table found: microcosmos.detallecompra
oct 14, 2021 8:19:41 PM org.hibernate.tool.hbm2ddl.TableMetadata <init>
INFO: HHH000037: Columns: [idcompra, iddetallecompra, preciocompra, cantidad, idarticulo]
oct 14, 2021 8:19:41 PM org.hibernate.tool.hbm2ddl.TableMetadata <init>
INFO: HHH000261: Table found: microcosmos.detalleventa
oct 14, 2021 8:19:41 PM org.hibernate.tool.hbm2ddl.TableMetadata <init>
INFO: HHH000037: Columns: [idventa, iddetalleventa, cantidad, idarticulo]
oct 14, 2021 8:19:41 PM org.hibernate.tool.hbm2ddl.TableMetadata <init>
INFO: HHH000261: Table found: microcosmos.empleados
oct 14, 2021 8:19:41 PM org.hibernate.tool.hbm2ddl.TableMetadata <init>
INFO: HHH000037: Columns: [idempleados, idarealaboral, idtipodocumento, idsexo, telefonoempleado, documento, nombreempleado, correoempleado, apellidoempleado, fechadenacimiento, activoempleado]
oct 14, 2021 8:19:41 PM org.hibernate.tool.hbm2ddl.TableMetadata <init>
INFO: HHH000261: Table found: microcosmos.entidades
oct 14, 2021 8:19:41 PM org.hibernate.tool.hbm2ddl.TableMetadata <init>
INFO: HHH000037: Columns: [identidad, activoentidad, nombreentidad]
oct 14, 2021 8:19:41 PM org.hibernate.tool.hbm2ddl.TableMetadata <init>
INFO: HHH000261: Table found: microcosmos.estado
oct 14, 2021 8:19:41 PM org.hibernate.tool.hbm2ddl.TableMetadata <init>
INFO: HHH000037: Columns: [nombreestado, activoestado, identidad, descripcionestado, idestado]
oct 14, 2021 8:19:41 PM org.hibernate.tool.hbm2ddl.TableMetadata <init>
INFO: HHH000261: Table found: microcosmos.facturasdevueltas
oct 14, 2021 8:19:41 PM org.hibernate.tool.hbm2ddl.TableMetadata <init>
INFO: HHH000037: Columns: [idventa, descripcion, fechadevolucion, idempleados, idfacturadevuelta]
oct 14, 2021 8:19:41 PM org.hibernate.tool.hbm2ddl.TableMetadata <init>
INFO: HHH000261: Table found: microcosmos.parametros
oct 14, 2021 8:19:41 PM org.hibernate.tool.hbm2ddl.TableMetadata <init>
INFO: HHH000037: Columns: [facturainicial, fechaemision, facturafinal, activoparametros, fechacaducidad, cai, idparametros]
oct 14, 2021 8:19:41 PM org.hibernate.tool.hbm2ddl.TableMetadata <init>
INFO: HHH000261: Table found: microcosmos.pedidosdevueltos
oct 14, 2021 8:19:41 PM org.hibernate.tool.hbm2ddl.TableMetadata <init>
INFO: HHH000037: Columns: [idcompra, descripcion, idempleados, idpedidosdevueltos, fechaanulacion]
oct 14, 2021 8:19:41 PM org.hibernate.tool.hbm2ddl.TableMetadata <init>
INFO: HHH000261: Table found: microcosmos.preciohistorico
oct 14, 2021 8:19:41 PM org.hibernate.tool.hbm2ddl.TableMetadata <init>
INFO: HHH000037: Columns: [precio, idpreciohistorico, fechainicial, fechafinal, idarticulo, activopreciohistorico]
oct 14, 2021 8:19:41 PM org.hibernate.tool.hbm2ddl.TableMetadata <init>
INFO: HHH000261: Table found: microcosmos.proveedores
oct 14, 2021 8:19:41 PM org.hibernate.tool.hbm2ddl.TableMetadata <init>
INFO: HHH000037: Columns: [idproveedor, activoproveedor, idtipodocumento, nombreproveedor, correoproveedor, telefonoproveedor, documento, ubicacionproveedor]
oct 14, 2021 8:19:41 PM org.hibernate.tool.hbm2ddl.TableMetadata <init>
INFO: HHH000261: Table found: microcosmos.secciontienda
oct 14, 2021 8:19:41 PM org.hibernate.tool.hbm2ddl.TableMetadata <init>
INFO: HHH000037: Columns: [idsecciontienda, descripcionsecciontienda, nombresecciontienda, activosecciontienda]
oct 14, 2021 8:19:41 PM org.hibernate.tool.hbm2ddl.TableMetadata <init>
INFO: HHH000261: Table found: microcosmos.sexo
oct 14, 2021 8:19:41 PM org.hibernate.tool.hbm2ddl.TableMetadata <init>
INFO: HHH000037: Columns: [idsexo, nombresexo, descripcionsexo]
oct 14, 2021 8:19:41 PM org.hibernate.tool.hbm2ddl.TableMetadata <init>
INFO: HHH000261: Table found: microcosmos.talla
oct 14, 2021 8:19:41 PM org.hibernate.tool.hbm2ddl.TableMetadata <init>
INFO: HHH000037: Columns: [activotalla, nombretalla, descripciontalla, idtalla]
oct 14, 2021 8:19:41 PM org.hibernate.tool.hbm2ddl.TableMetadata <init>
INFO: HHH000261: Table found: microcosmos.tipodepago
oct 14, 2021 8:19:41 PM org.hibernate.tool.hbm2ddl.TableMetadata <init>
INFO: HHH000037: Columns: [descripciontipodepago, nombretipodepago, idtipodepago, activotipodepago]
oct 14, 2021 8:19:41 PM org.hibernate.tool.hbm2ddl.TableMetadata <init>
INFO: HHH000261: Table found: microcosmos.tipodocumento
oct 14, 2021 8:19:41 PM org.hibernate.tool.hbm2ddl.TableMetadata <init>
INFO: HHH000037: Columns: [nombretipodocumento, descripciontipodocumento, activotipodocumento, idtipodocumento]
oct 14, 2021 8:19:41 PM org.hibernate.tool.hbm2ddl.TableMetadata <init>
INFO: HHH000261: Table found: microcosmos.usuarios
oct 14, 2021 8:19:41 PM org.hibernate.tool.hbm2ddl.TableMetadata <init>
INFO: HHH000037: Columns: [nombreusuario, idempleados, numerodeintentos, activousuario, admin, contrasena, idusuario]
oct 14, 2021 8:19:41 PM org.hibernate.tool.hbm2ddl.TableMetadata <init>
INFO: HHH000261: Table found: microcosmos.venta
oct 14, 2021 8:19:41 PM org.hibernate.tool.hbm2ddl.TableMetadata <init>
INFO: HHH000037: Columns: [numtarjeta, idtipodepago, formato, montoefectivo, idcliente, idestado, idventa, total, idempleados, impuesto, subtotal, montotarjeta, fechaventa, idparametros]
oct 14, 2021 8:19:41 PM org.hibernate.jpa.internal.EntityManagerFactoryRegistry addEntityManagerFactory
WARN: HHH000436: Entity manager factory name (DB) is already registered.  If entity manager will be clustered or passivated, specify a unique value for property 'hibernate.ejb.entitymanager_factory_name'
oct 14, 2021 8:19:41 PM org.hibernate.ejb.HibernatePersistence logDeprecation
WARN: HHH015016: Encountered a deprecated javax.persistence.spi.PersistenceProvider [org.hibernate.ejb.HibernatePersistence]; use [org.hibernate.jpa.HibernatePersistenceProvider] instead.
oct 14, 2021 8:19:41 PM org.hibernate.ejb.HibernatePersistence logDeprecation
WARN: HHH015016: Encountered a deprecated javax.persistence.spi.PersistenceProvider [org.hibernate.ejb.HibernatePersistence]; use [org.hibernate.jpa.HibernatePersistenceProvider] instead.
oct 14, 2021 8:19:41 PM org.hibernate.ejb.HibernatePersistence logDeprecation
WARN: HHH015016: Encountered a deprecated javax.persistence.spi.PersistenceProvider [org.hibernate.ejb.HibernatePersistence]; use [org.hibernate.jpa.HibernatePersistenceProvider] instead.
oct 14, 2021 8:19:41 PM org.hibernate.jpa.internal.util.LogHelper logPersistenceUnitInformation
INFO: HHH000204: Processing PersistenceUnitInfo [
	name: DB
	...]
oct 14, 2021 8:19:41 PM org.hibernate.engine.jdbc.connections.internal.DriverManagerConnectionProviderImpl configure
WARN: HHH000402: Using Hibernate built-in connection pool (not for production use!)
oct 14, 2021 8:19:41 PM org.hibernate.engine.jdbc.connections.internal.DriverManagerConnectionProviderImpl buildCreator
INFO: HHH000401: using driver [com.mysql.jdbc.Driver] at URL [jdbc:mysql://localhost:3306/Microcosmos?zeroDateTimeBehavior=convertToNull]
oct 14, 2021 8:19:41 PM org.hibernate.engine.jdbc.connections.internal.DriverManagerConnectionProviderImpl buildCreator
INFO: HHH000046: Connection properties: {user=root, password=****}
oct 14, 2021 8:19:41 PM org.hibernate.engine.jdbc.connections.internal.DriverManagerConnectionProviderImpl buildCreator
INFO: HHH000006: Autocommit mode: false
oct 14, 2021 8:19:41 PM org.hibernate.engine.jdbc.connections.internal.DriverManagerConnectionProviderImpl configure
INFO: HHH000115: Hibernate connection pool size: 20 (min=1)
oct 14, 2021 8:19:41 PM org.hibernate.dialect.Dialect <init>
INFO: HHH000400: Using dialect: org.hibernate.dialect.MySQLDialect
oct 14, 2021 8:19:41 PM org.hibernate.hql.internal.ast.ASTQueryTranslatorFactory <init>
INFO: HHH000397: Using ASTQueryTranslatorFactory
oct 14, 2021 8:19:41 PM org.hibernate.tool.hbm2ddl.SchemaValidator validate
INFO: HHH000229: Running schema validator
oct 14, 2021 8:19:41 PM org.hibernate.tool.hbm2ddl.SchemaValidator validate
INFO: HHH000102: Fetching database metadata
oct 14, 2021 8:19:41 PM org.hibernate.tool.hbm2ddl.TableMetadata <init>
INFO: HHH000261: Table found: microcosmos.arealaboral
oct 14, 2021 8:19:41 PM org.hibernate.tool.hbm2ddl.TableMetadata <init>
INFO: HHH000037: Columns: [idarealaboral, descripcionarealaboral, nombrearealaboral, activoarealaboral]
oct 14, 2021 8:19:41 PM org.hibernate.tool.hbm2ddl.TableMetadata <init>
INFO: HHH000261: Table found: microcosmos.arealaboralhistorica
oct 14, 2021 8:19:41 PM org.hibernate.tool.hbm2ddl.TableMetadata <init>
INFO: HHH000037: Columns: [idempleados, fechaconclusion, fechacomienzo, idarealaboralhistorica]
oct 14, 2021 8:19:41 PM org.hibernate.tool.hbm2ddl.TableMetadata <init>
INFO: HHH000261: Table found: microcosmos.articulo
oct 14, 2021 8:19:41 PM org.hibernate.tool.hbm2ddl.TableMetadata <init>
INFO: HHH000037: Columns: [idsecciontienda, stockmaximo, activoarticulo, nombrearticulo, stockminimo, precioarticulo, idtalla, stock, descripcionarticulo, idarticulo]
oct 14, 2021 8:19:41 PM org.hibernate.tool.hbm2ddl.TableMetadata <init>
INFO: HHH000261: Table found: microcosmos.clientes
oct 14, 2021 8:19:41 PM org.hibernate.tool.hbm2ddl.TableMetadata <init>
INFO: HHH000037: Columns: [telefonocliente, direccioncliente, idtipodocumento, idsexo, documento, activocliente, idcliente, nombrecliente, apellidocliente, correocliente]
oct 14, 2021 8:19:41 PM org.hibernate.tool.hbm2ddl.TableMetadata <init>
INFO: HHH000261: Table found: microcosmos.compra
oct 14, 2021 8:19:41 PM org.hibernate.tool.hbm2ddl.TableMetadata <init>
INFO: HHH000037: Columns: [idcompra, fechapedido, idproveedor, idempleados, fecharecibido, totalcompra, idestado]
oct 14, 2021 8:19:41 PM org.hibernate.tool.hbm2ddl.TableMetadata <init>
INFO: HHH000261: Table found: microcosmos.detallecompra
oct 14, 2021 8:19:41 PM org.hibernate.tool.hbm2ddl.TableMetadata <init>
INFO: HHH000037: Columns: [idcompra, iddetallecompra, preciocompra, cantidad, idarticulo]
oct 14, 2021 8:19:41 PM org.hibernate.tool.hbm2ddl.TableMetadata <init>
INFO: HHH000261: Table found: microcosmos.detalleventa
oct 14, 2021 8:19:41 PM org.hibernate.tool.hbm2ddl.TableMetadata <init>
INFO: HHH000037: Columns: [idventa, iddetalleventa, cantidad, idarticulo]
oct 14, 2021 8:19:41 PM org.hibernate.tool.hbm2ddl.TableMetadata <init>
INFO: HHH000261: Table found: microcosmos.empleados
oct 14, 2021 8:19:41 PM org.hibernate.tool.hbm2ddl.TableMetadata <init>
INFO: HHH000037: Columns: [idempleados, idarealaboral, idtipodocumento, idsexo, telefonoempleado, documento, nombreempleado, correoempleado, apellidoempleado, fechadenacimiento, activoempleado]
oct 14, 2021 8:19:41 PM org.hibernate.tool.hbm2ddl.TableMetadata <init>
INFO: HHH000261: Table found: microcosmos.entidades
oct 14, 2021 8:19:41 PM org.hibernate.tool.hbm2ddl.TableMetadata <init>
INFO: HHH000037: Columns: [identidad, activoentidad, nombreentidad]
oct 14, 2021 8:19:41 PM org.hibernate.tool.hbm2ddl.TableMetadata <init>
INFO: HHH000261: Table found: microcosmos.estado
oct 14, 2021 8:19:41 PM org.hibernate.tool.hbm2ddl.TableMetadata <init>
INFO: HHH000037: Columns: [nombreestado, activoestado, identidad, descripcionestado, idestado]
oct 14, 2021 8:19:41 PM org.hibernate.tool.hbm2ddl.TableMetadata <init>
INFO: HHH000261: Table found: microcosmos.facturasdevueltas
oct 14, 2021 8:19:41 PM org.hibernate.tool.hbm2ddl.TableMetadata <init>
INFO: HHH000037: Columns: [idventa, descripcion, fechadevolucion, idempleados, idfacturadevuelta]
oct 14, 2021 8:19:41 PM org.hibernate.tool.hbm2ddl.TableMetadata <init>
INFO: HHH000261: Table found: microcosmos.parametros
oct 14, 2021 8:19:41 PM org.hibernate.tool.hbm2ddl.TableMetadata <init>
INFO: HHH000037: Columns: [facturainicial, fechaemision, facturafinal, activoparametros, fechacaducidad, cai, idparametros]
oct 14, 2021 8:19:41 PM org.hibernate.tool.hbm2ddl.TableMetadata <init>
INFO: HHH000261: Table found: microcosmos.pedidosdevueltos
oct 14, 2021 8:19:41 PM org.hibernate.tool.hbm2ddl.TableMetadata <init>
INFO: HHH000037: Columns: [idcompra, descripcion, idempleados, idpedidosdevueltos, fechaanulacion]
oct 14, 2021 8:19:42 PM org.hibernate.tool.hbm2ddl.TableMetadata <init>
INFO: HHH000261: Table found: microcosmos.preciohistorico
oct 14, 2021 8:19:42 PM org.hibernate.tool.hbm2ddl.TableMetadata <init>
INFO: HHH000037: Columns: [precio, idpreciohistorico, fechainicial, fechafinal, idarticulo, activopreciohistorico]
oct 14, 2021 8:19:42 PM org.hibernate.tool.hbm2ddl.TableMetadata <init>
INFO: HHH000261: Table found: microcosmos.proveedores
oct 14, 2021 8:19:42 PM org.hibernate.tool.hbm2ddl.TableMetadata <init>
INFO: HHH000037: Columns: [idproveedor, activoproveedor, idtipodocumento, nombreproveedor, correoproveedor, telefonoproveedor, documento, ubicacionproveedor]
oct 14, 2021 8:19:42 PM org.hibernate.tool.hbm2ddl.TableMetadata <init>
INFO: HHH000261: Table found: microcosmos.secciontienda
oct 14, 2021 8:19:42 PM org.hibernate.tool.hbm2ddl.TableMetadata <init>
INFO: HHH000037: Columns: [idsecciontienda, descripcionsecciontienda, nombresecciontienda, activosecciontienda]
oct 14, 2021 8:19:42 PM org.hibernate.tool.hbm2ddl.TableMetadata <init>
INFO: HHH000261: Table found: microcosmos.sexo
oct 14, 2021 8:19:42 PM org.hibernate.tool.hbm2ddl.TableMetadata <init>
INFO: HHH000037: Columns: [idsexo, nombresexo, descripcionsexo]
oct 14, 2021 8:19:42 PM org.hibernate.tool.hbm2ddl.TableMetadata <init>
INFO: HHH000261: Table found: microcosmos.talla
oct 14, 2021 8:19:42 PM org.hibernate.tool.hbm2ddl.TableMetadata <init>
INFO: HHH000037: Columns: [activotalla, nombretalla, descripciontalla, idtalla]
oct 14, 2021 8:19:42 PM org.hibernate.tool.hbm2ddl.TableMetadata <init>
INFO: HHH000261: Table found: microcosmos.tipodepago
oct 14, 2021 8:19:42 PM org.hibernate.tool.hbm2ddl.TableMetadata <init>
INFO: HHH000037: Columns: [descripciontipodepago, nombretipodepago, idtipodepago, activotipodepago]
oct 14, 2021 8:19:42 PM org.hibernate.tool.hbm2ddl.TableMetadata <init>
INFO: HHH000261: Table found: microcosmos.tipodocumento
oct 14, 2021 8:19:42 PM org.hibernate.tool.hbm2ddl.TableMetadata <init>
INFO: HHH000037: Columns: [nombretipodocumento, descripciontipodocumento, activotipodocumento, idtipodocumento]
oct 14, 2021 8:19:42 PM org.hibernate.tool.hbm2ddl.TableMetadata <init>
INFO: HHH000261: Table found: microcosmos.usuarios
oct 14, 2021 8:19:42 PM org.hibernate.tool.hbm2ddl.TableMetadata <init>
INFO: HHH000037: Columns: [nombreusuario, idempleados, numerodeintentos, activousuario, admin, contrasena, idusuario]
oct 14, 2021 8:19:42 PM org.hibernate.tool.hbm2ddl.TableMetadata <init>
INFO: HHH000261: Table found: microcosmos.venta
oct 14, 2021 8:19:42 PM org.hibernate.tool.hbm2ddl.TableMetadata <init>
INFO: HHH000037: Columns: [numtarjeta, idtipodepago, formato, montoefectivo, idcliente, idestado, idventa, total, idempleados, impuesto, subtotal, montotarjeta, fechaventa, idparametros]
oct 14, 2021 8:19:42 PM org.hibernate.jpa.internal.EntityManagerFactoryRegistry addEntityManagerFactory
WARN: HHH000436: Entity manager factory name (DB) is already registered.  If entity manager will be clustered or passivated, specify a unique value for property 'hibernate.ejb.entitymanager_factory_name'
oct 14, 2021 8:19:42 PM org.hibernate.ejb.HibernatePersistence logDeprecation
WARN: HHH015016: Encountered a deprecated javax.persistence.spi.PersistenceProvider [org.hibernate.ejb.HibernatePersistence]; use [org.hibernate.jpa.HibernatePersistenceProvider] instead.
oct 14, 2021 8:19:42 PM org.hibernate.ejb.HibernatePersistence logDeprecation
WARN: HHH015016: Encountered a deprecated javax.persistence.spi.PersistenceProvider [org.hibernate.ejb.HibernatePersistence]; use [org.hibernate.jpa.HibernatePersistenceProvider] instead.
oct 14, 2021 8:19:42 PM org.hibernate.ejb.HibernatePersistence logDeprecation
WARN: HHH015016: Encountered a deprecated javax.persistence.spi.PersistenceProvider [org.hibernate.ejb.HibernatePersistence]; use [org.hibernate.jpa.HibernatePersistenceProvider] instead.
oct 14, 2021 8:19:42 PM org.hibernate.jpa.internal.util.LogHelper logPersistenceUnitInformation
INFO: HHH000204: Processing PersistenceUnitInfo [
	name: DB
	...]
oct 14, 2021 8:19:42 PM org.hibernate.engine.jdbc.connections.internal.DriverManagerConnectionProviderImpl configure
WARN: HHH000402: Using Hibernate built-in connection pool (not for production use!)
oct 14, 2021 8:19:42 PM org.hibernate.engine.jdbc.connections.internal.DriverManagerConnectionProviderImpl buildCreator
INFO: HHH000401: using driver [com.mysql.jdbc.Driver] at URL [jdbc:mysql://localhost:3306/Microcosmos?zeroDateTimeBehavior=convertToNull]
oct 14, 2021 8:19:42 PM org.hibernate.engine.jdbc.connections.internal.DriverManagerConnectionProviderImpl buildCreator
INFO: HHH000046: Connection properties: {user=root, password=****}
oct 14, 2021 8:19:42 PM org.hibernate.engine.jdbc.connections.internal.DriverManagerConnectionProviderImpl buildCreator
INFO: HHH000006: Autocommit mode: false
oct 14, 2021 8:19:42 PM org.hibernate.engine.jdbc.connections.internal.DriverManagerConnectionProviderImpl configure
INFO: HHH000115: Hibernate connection pool size: 20 (min=1)
oct 14, 2021 8:19:42 PM org.hibernate.dialect.Dialect <init>
INFO: HHH000400: Using dialect: org.hibernate.dialect.MySQLDialect
oct 14, 2021 8:19:42 PM org.hibernate.hql.internal.ast.ASTQueryTranslatorFactory <init>
INFO: HHH000397: Using ASTQueryTranslatorFactory
oct 14, 2021 8:19:42 PM org.hibernate.tool.hbm2ddl.SchemaValidator validate
INFO: HHH000229: Running schema validator
oct 14, 2021 8:19:42 PM org.hibernate.tool.hbm2ddl.SchemaValidator validate
INFO: HHH000102: Fetching database metadata
oct 14, 2021 8:19:42 PM org.hibernate.tool.hbm2ddl.TableMetadata <init>
INFO: HHH000261: Table found: microcosmos.arealaboral
oct 14, 2021 8:19:42 PM org.hibernate.tool.hbm2ddl.TableMetadata <init>
INFO: HHH000037: Columns: [idarealaboral, descripcionarealaboral, nombrearealaboral, activoarealaboral]
oct 14, 2021 8:19:42 PM org.hibernate.tool.hbm2ddl.TableMetadata <init>
INFO: HHH000261: Table found: microcosmos.arealaboralhistorica
oct 14, 2021 8:19:42 PM org.hibernate.tool.hbm2ddl.TableMetadata <init>
INFO: HHH000037: Columns: [idempleados, fechaconclusion, fechacomienzo, idarealaboralhistorica]
oct 14, 2021 8:19:42 PM org.hibernate.tool.hbm2ddl.TableMetadata <init>
INFO: HHH000261: Table found: microcosmos.articulo
oct 14, 2021 8:19:42 PM org.hibernate.tool.hbm2ddl.TableMetadata <init>
INFO: HHH000037: Columns: [idsecciontienda, stockmaximo, activoarticulo, nombrearticulo, stockminimo, precioarticulo, idtalla, stock, descripcionarticulo, idarticulo]
oct 14, 2021 8:19:42 PM org.hibernate.tool.hbm2ddl.TableMetadata <init>
INFO: HHH000261: Table found: microcosmos.clientes
oct 14, 2021 8:19:42 PM org.hibernate.tool.hbm2ddl.TableMetadata <init>
INFO: HHH000037: Columns: [telefonocliente, direccioncliente, idtipodocumento, idsexo, documento, activocliente, idcliente, nombrecliente, apellidocliente, correocliente]
oct 14, 2021 8:19:42 PM org.hibernate.tool.hbm2ddl.TableMetadata <init>
INFO: HHH000261: Table found: microcosmos.compra
oct 14, 2021 8:19:42 PM org.hibernate.tool.hbm2ddl.TableMetadata <init>
INFO: HHH000037: Columns: [idcompra, fechapedido, idproveedor, idempleados, fecharecibido, totalcompra, idestado]
oct 14, 2021 8:19:42 PM org.hibernate.tool.hbm2ddl.TableMetadata <init>
INFO: HHH000261: Table found: microcosmos.detallecompra
oct 14, 2021 8:19:42 PM org.hibernate.tool.hbm2ddl.TableMetadata <init>
INFO: HHH000037: Columns: [idcompra, iddetallecompra, preciocompra, cantidad, idarticulo]
oct 14, 2021 8:19:42 PM org.hibernate.tool.hbm2ddl.TableMetadata <init>
INFO: HHH000261: Table found: microcosmos.detalleventa
oct 14, 2021 8:19:42 PM org.hibernate.tool.hbm2ddl.TableMetadata <init>
INFO: HHH000037: Columns: [idventa, iddetalleventa, cantidad, idarticulo]
oct 14, 2021 8:19:42 PM org.hibernate.tool.hbm2ddl.TableMetadata <init>
INFO: HHH000261: Table found: microcosmos.empleados
oct 14, 2021 8:19:42 PM org.hibernate.tool.hbm2ddl.TableMetadata <init>
INFO: HHH000037: Columns: [idempleados, idarealaboral, idtipodocumento, idsexo, telefonoempleado, documento, nombreempleado, correoempleado, apellidoempleado, fechadenacimiento, activoempleado]
oct 14, 2021 8:19:42 PM org.hibernate.tool.hbm2ddl.TableMetadata <init>
INFO: HHH000261: Table found: microcosmos.entidades
oct 14, 2021 8:19:42 PM org.hibernate.tool.hbm2ddl.TableMetadata <init>
INFO: HHH000037: Columns: [identidad, activoentidad, nombreentidad]
oct 14, 2021 8:19:42 PM org.hibernate.tool.hbm2ddl.TableMetadata <init>
INFO: HHH000261: Table found: microcosmos.estado
oct 14, 2021 8:19:42 PM org.hibernate.tool.hbm2ddl.TableMetadata <init>
INFO: HHH000037: Columns: [nombreestado, activoestado, identidad, descripcionestado, idestado]
oct 14, 2021 8:19:42 PM org.hibernate.tool.hbm2ddl.TableMetadata <init>
INFO: HHH000261: Table found: microcosmos.facturasdevueltas
oct 14, 2021 8:19:42 PM org.hibernate.tool.hbm2ddl.TableMetadata <init>
INFO: HHH000037: Columns: [idventa, descripcion, fechadevolucion, idempleados, idfacturadevuelta]
oct 14, 2021 8:19:42 PM org.hibernate.tool.hbm2ddl.TableMetadata <init>
INFO: HHH000261: Table found: microcosmos.parametros
oct 14, 2021 8:19:42 PM org.hibernate.tool.hbm2ddl.TableMetadata <init>
INFO: HHH000037: Columns: [facturainicial, fechaemision, facturafinal, activoparametros, fechacaducidad, cai, idparametros]
oct 14, 2021 8:19:42 PM org.hibernate.tool.hbm2ddl.TableMetadata <init>
INFO: HHH000261: Table found: microcosmos.pedidosdevueltos
oct 14, 2021 8:19:42 PM org.hibernate.tool.hbm2ddl.TableMetadata <init>
INFO: HHH000037: Columns: [idcompra, descripcion, idempleados, idpedidosdevueltos, fechaanulacion]
oct 14, 2021 8:19:42 PM org.hibernate.tool.hbm2ddl.TableMetadata <init>
INFO: HHH000261: Table found: microcosmos.preciohistorico
oct 14, 2021 8:19:42 PM org.hibernate.tool.hbm2ddl.TableMetadata <init>
INFO: HHH000037: Columns: [precio, idpreciohistorico, fechainicial, fechafinal, idarticulo, activopreciohistorico]
oct 14, 2021 8:19:42 PM org.hibernate.tool.hbm2ddl.TableMetadata <init>
INFO: HHH000261: Table found: microcosmos.proveedores
oct 14, 2021 8:19:42 PM org.hibernate.tool.hbm2ddl.TableMetadata <init>
INFO: HHH000037: Columns: [idproveedor, activoproveedor, idtipodocumento, nombreproveedor, correoproveedor, telefonoproveedor, documento, ubicacionproveedor]
oct 14, 2021 8:19:42 PM org.hibernate.tool.hbm2ddl.TableMetadata <init>
INFO: HHH000261: Table found: microcosmos.secciontienda
oct 14, 2021 8:19:42 PM org.hibernate.tool.hbm2ddl.TableMetadata <init>
INFO: HHH000037: Columns: [idsecciontienda, descripcionsecciontienda, nombresecciontienda, activosecciontienda]
oct 14, 2021 8:19:42 PM org.hibernate.tool.hbm2ddl.TableMetadata <init>
INFO: HHH000261: Table found: microcosmos.sexo
oct 14, 2021 8:19:42 PM org.hibernate.tool.hbm2ddl.TableMetadata <init>
INFO: HHH000037: Columns: [idsexo, nombresexo, descripcionsexo]
oct 14, 2021 8:19:42 PM org.hibernate.tool.hbm2ddl.TableMetadata <init>
INFO: HHH000261: Table found: microcosmos.talla
oct 14, 2021 8:19:42 PM org.hibernate.tool.hbm2ddl.TableMetadata <init>
INFO: HHH000037: Columns: [activotalla, nombretalla, descripciontalla, idtalla]
oct 14, 2021 8:19:42 PM org.hibernate.tool.hbm2ddl.TableMetadata <init>
INFO: HHH000261: Table found: microcosmos.tipodepago
oct 14, 2021 8:19:42 PM org.hibernate.tool.hbm2ddl.TableMetadata <init>
INFO: HHH000037: Columns: [descripciontipodepago, nombretipodepago, idtipodepago, activotipodepago]
oct 14, 2021 8:19:42 PM org.hibernate.tool.hbm2ddl.TableMetadata <init>
INFO: HHH000261: Table found: microcosmos.tipodocumento
oct 14, 2021 8:19:42 PM org.hibernate.tool.hbm2ddl.TableMetadata <init>
INFO: HHH000037: Columns: [nombretipodocumento, descripciontipodocumento, activotipodocumento, idtipodocumento]
oct 14, 2021 8:19:42 PM org.hibernate.tool.hbm2ddl.TableMetadata <init>
INFO: HHH000261: Table found: microcosmos.usuarios
oct 14, 2021 8:19:42 PM org.hibernate.tool.hbm2ddl.TableMetadata <init>
INFO: HHH000037: Columns: [nombreusuario, idempleados, numerodeintentos, activousuario, admin, contrasena, idusuario]
oct 14, 2021 8:19:42 PM org.hibernate.tool.hbm2ddl.TableMetadata <init>
INFO: HHH000261: Table found: microcosmos.venta
oct 14, 2021 8:19:42 PM org.hibernate.tool.hbm2ddl.TableMetadata <init>
INFO: HHH000037: Columns: [numtarjeta, idtipodepago, formato, montoefectivo, idcliente, idestado, idventa, total, idempleados, impuesto, subtotal, montotarjeta, fechaventa, idparametros]
oct 14, 2021 8:19:42 PM org.hibernate.jpa.internal.EntityManagerFactoryRegistry addEntityManagerFactory
WARN: HHH000436: Entity manager factory name (DB) is already registered.  If entity manager will be clustered or passivated, specify a unique value for property 'hibernate.ejb.entitymanager_factory_name'
oct 14, 2021 8:19:42 PM org.hibernate.ejb.HibernatePersistence logDeprecation
WARN: HHH015016: Encountered a deprecated javax.persistence.spi.PersistenceProvider [org.hibernate.ejb.HibernatePersistence]; use [org.hibernate.jpa.HibernatePersistenceProvider] instead.
oct 14, 2021 8:19:42 PM org.hibernate.ejb.HibernatePersistence logDeprecation
WARN: HHH015016: Encountered a deprecated javax.persistence.spi.PersistenceProvider [org.hibernate.ejb.HibernatePersistence]; use [org.hibernate.jpa.HibernatePersistenceProvider] instead.
oct 14, 2021 8:19:42 PM org.hibernate.ejb.HibernatePersistence logDeprecation
WARN: HHH015016: Encountered a deprecated javax.persistence.spi.PersistenceProvider [org.hibernate.ejb.HibernatePersistence]; use [org.hibernate.jpa.HibernatePersistenceProvider] instead.
oct 14, 2021 8:19:42 PM org.hibernate.jpa.internal.util.LogHelper logPersistenceUnitInformation
INFO: HHH000204: Processing PersistenceUnitInfo [
	name: DB
	...]
oct 14, 2021 8:19:42 PM org.hibernate.engine.jdbc.connections.internal.DriverManagerConnectionProviderImpl configure
WARN: HHH000402: Using Hibernate built-in connection pool (not for production use!)
oct 14, 2021 8:19:42 PM org.hibernate.engine.jdbc.connections.internal.DriverManagerConnectionProviderImpl buildCreator
INFO: HHH000401: using driver [com.mysql.jdbc.Driver] at URL [jdbc:mysql://localhost:3306/Microcosmos?zeroDateTimeBehavior=convertToNull]
oct 14, 2021 8:19:42 PM org.hibernate.engine.jdbc.connections.internal.DriverManagerConnectionProviderImpl buildCreator
INFO: HHH000046: Connection properties: {user=root, password=****}
oct 14, 2021 8:19:42 PM org.hibernate.engine.jdbc.connections.internal.DriverManagerConnectionProviderImpl buildCreator
INFO: HHH000006: Autocommit mode: false
oct 14, 2021 8:19:42 PM org.hibernate.engine.jdbc.connections.internal.DriverManagerConnectionProviderImpl configure
INFO: HHH000115: Hibernate connection pool size: 20 (min=1)
oct 14, 2021 8:19:42 PM org.hibernate.dialect.Dialect <init>
INFO: HHH000400: Using dialect: org.hibernate.dialect.MySQLDialect
oct 14, 2021 8:19:42 PM org.hibernate.hql.internal.ast.ASTQueryTranslatorFactory <init>
INFO: HHH000397: Using ASTQueryTranslatorFactory
oct 14, 2021 8:19:42 PM org.hibernate.tool.hbm2ddl.SchemaValidator validate
INFO: HHH000229: Running schema validator
oct 14, 2021 8:19:42 PM org.hibernate.tool.hbm2ddl.SchemaValidator validate
INFO: HHH000102: Fetching database metadata
oct 14, 2021 8:19:42 PM org.hibernate.tool.hbm2ddl.TableMetadata <init>
INFO: HHH000261: Table found: microcosmos.arealaboral
oct 14, 2021 8:19:42 PM org.hibernate.tool.hbm2ddl.TableMetadata <init>
INFO: HHH000037: Columns: [idarealaboral, descripcionarealaboral, nombrearealaboral, activoarealaboral]
oct 14, 2021 8:19:42 PM org.hibernate.tool.hbm2ddl.TableMetadata <init>
INFO: HHH000261: Table found: microcosmos.arealaboralhistorica
oct 14, 2021 8:19:42 PM org.hibernate.tool.hbm2ddl.TableMetadata <init>
INFO: HHH000037: Columns: [idempleados, fechaconclusion, fechacomienzo, idarealaboralhistorica]
oct 14, 2021 8:19:42 PM org.hibernate.tool.hbm2ddl.TableMetadata <init>
INFO: HHH000261: Table found: microcosmos.articulo
oct 14, 2021 8:19:42 PM org.hibernate.tool.hbm2ddl.TableMetadata <init>
INFO: HHH000037: Columns: [idsecciontienda, stockmaximo, activoarticulo, nombrearticulo, stockminimo, precioarticulo, idtalla, stock, descripcionarticulo, idarticulo]
oct 14, 2021 8:19:42 PM org.hibernate.tool.hbm2ddl.TableMetadata <init>
INFO: HHH000261: Table found: microcosmos.clientes
oct 14, 2021 8:19:42 PM org.hibernate.tool.hbm2ddl.TableMetadata <init>
INFO: HHH000037: Columns: [telefonocliente, direccioncliente, idtipodocumento, idsexo, documento, activocliente, idcliente, nombrecliente, apellidocliente, correocliente]
oct 14, 2021 8:19:42 PM org.hibernate.tool.hbm2ddl.TableMetadata <init>
INFO: HHH000261: Table found: microcosmos.compra
oct 14, 2021 8:19:42 PM org.hibernate.tool.hbm2ddl.TableMetadata <init>
INFO: HHH000037: Columns: [idcompra, fechapedido, idproveedor, idempleados, fecharecibido, totalcompra, idestado]
oct 14, 2021 8:19:42 PM org.hibernate.tool.hbm2ddl.TableMetadata <init>
INFO: HHH000261: Table found: microcosmos.detallecompra
oct 14, 2021 8:19:42 PM org.hibernate.tool.hbm2ddl.TableMetadata <init>
INFO: HHH000037: Columns: [idcompra, iddetallecompra, preciocompra, cantidad, idarticulo]
oct 14, 2021 8:19:42 PM org.hibernate.tool.hbm2ddl.TableMetadata <init>
INFO: HHH000261: Table found: microcosmos.detalleventa
oct 14, 2021 8:19:42 PM org.hibernate.tool.hbm2ddl.TableMetadata <init>
INFO: HHH000037: Columns: [idventa, iddetalleventa, cantidad, idarticulo]
oct 14, 2021 8:19:42 PM org.hibernate.tool.hbm2ddl.TableMetadata <init>
INFO: HHH000261: Table found: microcosmos.empleados
oct 14, 2021 8:19:42 PM org.hibernate.tool.hbm2ddl.TableMetadata <init>
INFO: HHH000037: Columns: [idempleados, idarealaboral, idtipodocumento, idsexo, telefonoempleado, documento, nombreempleado, correoempleado, apellidoempleado, fechadenacimiento, activoempleado]
oct 14, 2021 8:19:42 PM org.hibernate.tool.hbm2ddl.TableMetadata <init>
INFO: HHH000261: Table found: microcosmos.entidades
oct 14, 2021 8:19:42 PM org.hibernate.tool.hbm2ddl.TableMetadata <init>
INFO: HHH000037: Columns: [identidad, activoentidad, nombreentidad]
oct 14, 2021 8:19:42 PM org.hibernate.tool.hbm2ddl.TableMetadata <init>
INFO: HHH000261: Table found: microcosmos.estado
oct 14, 2021 8:19:42 PM org.hibernate.tool.hbm2ddl.TableMetadata <init>
INFO: HHH000037: Columns: [nombreestado, activoestado, identidad, descripcionestado, idestado]
oct 14, 2021 8:19:42 PM org.hibernate.tool.hbm2ddl.TableMetadata <init>
INFO: HHH000261: Table found: microcosmos.facturasdevueltas
oct 14, 2021 8:19:42 PM org.hibernate.tool.hbm2ddl.TableMetadata <init>
INFO: HHH000037: Columns: [idventa, descripcion, fechadevolucion, idempleados, idfacturadevuelta]
oct 14, 2021 8:19:42 PM org.hibernate.tool.hbm2ddl.TableMetadata <init>
INFO: HHH000261: Table found: microcosmos.parametros
oct 14, 2021 8:19:42 PM org.hibernate.tool.hbm2ddl.TableMetadata <init>
INFO: HHH000037: Columns: [facturainicial, fechaemision, facturafinal, activoparametros, fechacaducidad, cai, idparametros]
oct 14, 2021 8:19:42 PM org.hibernate.tool.hbm2ddl.TableMetadata <init>
INFO: HHH000261: Table found: microcosmos.pedidosdevueltos
oct 14, 2021 8:19:42 PM org.hibernate.tool.hbm2ddl.TableMetadata <init>
INFO: HHH000037: Columns: [idcompra, descripcion, idempleados, idpedidosdevueltos, fechaanulacion]
oct 14, 2021 8:19:42 PM org.hibernate.tool.hbm2ddl.TableMetadata <init>
INFO: HHH000261: Table found: microcosmos.preciohistorico
oct 14, 2021 8:19:42 PM org.hibernate.tool.hbm2ddl.TableMetadata <init>
INFO: HHH000037: Columns: [precio, idpreciohistorico, fechainicial, fechafinal, idarticulo, activopreciohistorico]
oct 14, 2021 8:19:42 PM org.hibernate.tool.hbm2ddl.TableMetadata <init>
INFO: HHH000261: Table found: microcosmos.proveedores
oct 14, 2021 8:19:42 PM org.hibernate.tool.hbm2ddl.TableMetadata <init>
INFO: HHH000037: Columns: [idproveedor, activoproveedor, idtipodocumento, nombreproveedor, correoproveedor, telefonoproveedor, documento, ubicacionproveedor]
oct 14, 2021 8:19:42 PM org.hibernate.tool.hbm2ddl.TableMetadata <init>
INFO: HHH000261: Table found: microcosmos.secciontienda
oct 14, 2021 8:19:42 PM org.hibernate.tool.hbm2ddl.TableMetadata <init>
INFO: HHH000037: Columns: [idsecciontienda, descripcionsecciontienda, nombresecciontienda, activosecciontienda]
oct 14, 2021 8:19:42 PM org.hibernate.tool.hbm2ddl.TableMetadata <init>
INFO: HHH000261: Table found: microcosmos.sexo
oct 14, 2021 8:19:42 PM org.hibernate.tool.hbm2ddl.TableMetadata <init>
INFO: HHH000037: Columns: [idsexo, nombresexo, descripcionsexo]
oct 14, 2021 8:19:42 PM org.hibernate.tool.hbm2ddl.TableMetadata <init>
INFO: HHH000261: Table found: microcosmos.talla
oct 14, 2021 8:19:42 PM org.hibernate.tool.hbm2ddl.TableMetadata <init>
INFO: HHH000037: Columns: [activotalla, nombretalla, descripciontalla, idtalla]
oct 14, 2021 8:19:42 PM org.hibernate.tool.hbm2ddl.TableMetadata <init>
INFO: HHH000261: Table found: microcosmos.tipodepago
oct 14, 2021 8:19:42 PM org.hibernate.tool.hbm2ddl.TableMetadata <init>
INFO: HHH000037: Columns: [descripciontipodepago, nombretipodepago, idtipodepago, activotipodepago]
oct 14, 2021 8:19:42 PM org.hibernate.tool.hbm2ddl.TableMetadata <init>
INFO: HHH000261: Table found: microcosmos.tipodocumento
oct 14, 2021 8:19:42 PM org.hibernate.tool.hbm2ddl.TableMetadata <init>
INFO: HHH000037: Columns: [nombretipodocumento, descripciontipodocumento, activotipodocumento, idtipodocumento]
oct 14, 2021 8:19:42 PM org.hibernate.tool.hbm2ddl.TableMetadata <init>
INFO: HHH000261: Table found: microcosmos.usuarios
oct 14, 2021 8:19:42 PM org.hibernate.tool.hbm2ddl.TableMetadata <init>
INFO: HHH000037: Columns: [nombreusuario, idempleados, numerodeintentos, activousuario, admin, contrasena, idusuario]
oct 14, 2021 8:19:42 PM org.hibernate.tool.hbm2ddl.TableMetadata <init>
INFO: HHH000261: Table found: microcosmos.venta
oct 14, 2021 8:19:42 PM org.hibernate.tool.hbm2ddl.TableMetadata <init>
INFO: HHH000037: Columns: [numtarjeta, idtipodepago, formato, montoefectivo, idcliente, idestado, idventa, total, idempleados, impuesto, subtotal, montotarjeta, fechaventa, idparametros]
oct 14, 2021 8:19:42 PM org.hibernate.jpa.internal.EntityManagerFactoryRegistry addEntityManagerFactory
WARN: HHH000436: Entity manager factory name (DB) is already registered.  If entity manager will be clustered or passivated, specify a unique value for property 'hibernate.ejb.entitymanager_factory_name'
oct 14, 2021 8:19:42 PM org.hibernate.ejb.HibernatePersistence logDeprecation
WARN: HHH015016: Encountered a deprecated javax.persistence.spi.PersistenceProvider [org.hibernate.ejb.HibernatePersistence]; use [org.hibernate.jpa.HibernatePersistenceProvider] instead.
oct 14, 2021 8:19:42 PM org.hibernate.ejb.HibernatePersistence logDeprecation
WARN: HHH015016: Encountered a deprecated javax.persistence.spi.PersistenceProvider [org.hibernate.ejb.HibernatePersistence]; use [org.hibernate.jpa.HibernatePersistenceProvider] instead.
oct 14, 2021 8:19:42 PM org.hibernate.ejb.HibernatePersistence logDeprecation
WARN: HHH015016: Encountered a deprecated javax.persistence.spi.PersistenceProvider [org.hibernate.ejb.HibernatePersistence]; use [org.hibernate.jpa.HibernatePersistenceProvider] instead.
oct 14, 2021 8:19:42 PM org.hibernate.jpa.internal.util.LogHelper logPersistenceUnitInformation
INFO: HHH000204: Processing PersistenceUnitInfo [
	name: DB
	...]
oct 14, 2021 8:19:42 PM org.hibernate.engine.jdbc.connections.internal.DriverManagerConnectionProviderImpl configure
WARN: HHH000402: Using Hibernate built-in connection pool (not for production use!)
oct 14, 2021 8:19:42 PM org.hibernate.engine.jdbc.connections.internal.DriverManagerConnectionProviderImpl buildCreator
INFO: HHH000401: using driver [com.mysql.jdbc.Driver] at URL [jdbc:mysql://localhost:3306/Microcosmos?zeroDateTimeBehavior=convertToNull]
oct 14, 2021 8:19:42 PM org.hibernate.engine.jdbc.connections.internal.DriverManagerConnectionProviderImpl buildCreator
INFO: HHH000046: Connection properties: {user=root, password=****}
oct 14, 2021 8:19:42 PM org.hibernate.engine.jdbc.connections.internal.DriverManagerConnectionProviderImpl buildCreator
INFO: HHH000006: Autocommit mode: false
oct 14, 2021 8:19:42 PM org.hibernate.engine.jdbc.connections.internal.DriverManagerConnectionProviderImpl configure
INFO: HHH000115: Hibernate connection pool size: 20 (min=1)
oct 14, 2021 8:19:42 PM org.hibernate.dialect.Dialect <init>
INFO: HHH000400: Using dialect: org.hibernate.dialect.MySQLDialect
oct 14, 2021 8:19:42 PM org.hibernate.hql.internal.ast.ASTQueryTranslatorFactory <init>
INFO: HHH000397: Using ASTQueryTranslatorFactory
oct 14, 2021 8:19:42 PM org.hibernate.tool.hbm2ddl.SchemaValidator validate
INFO: HHH000229: Running schema validator
oct 14, 2021 8:19:42 PM org.hibernate.tool.hbm2ddl.SchemaValidator validate
INFO: HHH000102: Fetching database metadata
oct 14, 2021 8:19:42 PM org.hibernate.tool.hbm2ddl.TableMetadata <init>
INFO: HHH000261: Table found: microcosmos.arealaboral
oct 14, 2021 8:19:42 PM org.hibernate.tool.hbm2ddl.TableMetadata <init>
INFO: HHH000037: Columns: [idarealaboral, descripcionarealaboral, nombrearealaboral, activoarealaboral]
oct 14, 2021 8:19:42 PM org.hibernate.tool.hbm2ddl.TableMetadata <init>
INFO: HHH000261: Table found: microcosmos.arealaboralhistorica
oct 14, 2021 8:19:42 PM org.hibernate.tool.hbm2ddl.TableMetadata <init>
INFO: HHH000037: Columns: [idempleados, fechaconclusion, fechacomienzo, idarealaboralhistorica]
oct 14, 2021 8:19:42 PM org.hibernate.tool.hbm2ddl.TableMetadata <init>
INFO: HHH000261: Table found: microcosmos.articulo
oct 14, 2021 8:19:42 PM org.hibernate.tool.hbm2ddl.TableMetadata <init>
INFO: HHH000037: Columns: [idsecciontienda, stockmaximo, activoarticulo, nombrearticulo, stockminimo, precioarticulo, idtalla, stock, descripcionarticulo, idarticulo]
oct 14, 2021 8:19:42 PM org.hibernate.tool.hbm2ddl.TableMetadata <init>
INFO: HHH000261: Table found: microcosmos.clientes
oct 14, 2021 8:19:42 PM org.hibernate.tool.hbm2ddl.TableMetadata <init>
INFO: HHH000037: Columns: [telefonocliente, direccioncliente, idtipodocumento, idsexo, documento, activocliente, idcliente, nombrecliente, apellidocliente, correocliente]
oct 14, 2021 8:19:42 PM org.hibernate.tool.hbm2ddl.TableMetadata <init>
INFO: HHH000261: Table found: microcosmos.compra
oct 14, 2021 8:19:42 PM org.hibernate.tool.hbm2ddl.TableMetadata <init>
INFO: HHH000037: Columns: [idcompra, fechapedido, idproveedor, idempleados, fecharecibido, totalcompra, idestado]
oct 14, 2021 8:19:42 PM org.hibernate.tool.hbm2ddl.TableMetadata <init>
INFO: HHH000261: Table found: microcosmos.detallecompra
oct 14, 2021 8:19:42 PM org.hibernate.tool.hbm2ddl.TableMetadata <init>
INFO: HHH000037: Columns: [idcompra, iddetallecompra, preciocompra, cantidad, idarticulo]
oct 14, 2021 8:19:42 PM org.hibernate.tool.hbm2ddl.TableMetadata <init>
INFO: HHH000261: Table found: microcosmos.detalleventa
oct 14, 2021 8:19:42 PM org.hibernate.tool.hbm2ddl.TableMetadata <init>
INFO: HHH000037: Columns: [idventa, iddetalleventa, cantidad, idarticulo]
oct 14, 2021 8:19:42 PM org.hibernate.tool.hbm2ddl.TableMetadata <init>
INFO: HHH000261: Table found: microcosmos.empleados
oct 14, 2021 8:19:42 PM org.hibernate.tool.hbm2ddl.TableMetadata <init>
INFO: HHH000037: Columns: [idempleados, idarealaboral, idtipodocumento, idsexo, telefonoempleado, documento, nombreempleado, correoempleado, apellidoempleado, fechadenacimiento, activoempleado]
oct 14, 2021 8:19:42 PM org.hibernate.tool.hbm2ddl.TableMetadata <init>
INFO: HHH000261: Table found: microcosmos.entidades
oct 14, 2021 8:19:42 PM org.hibernate.tool.hbm2ddl.TableMetadata <init>
INFO: HHH000037: Columns: [identidad, activoentidad, nombreentidad]
oct 14, 2021 8:19:42 PM org.hibernate.tool.hbm2ddl.TableMetadata <init>
INFO: HHH000261: Table found: microcosmos.estado
oct 14, 2021 8:19:42 PM org.hibernate.tool.hbm2ddl.TableMetadata <init>
INFO: HHH000037: Columns: [nombreestado, activoestado, identidad, descripcionestado, idestado]
oct 14, 2021 8:19:42 PM org.hibernate.tool.hbm2ddl.TableMetadata <init>
INFO: HHH000261: Table found: microcosmos.facturasdevueltas
oct 14, 2021 8:19:42 PM org.hibernate.tool.hbm2ddl.TableMetadata <init>
INFO: HHH000037: Columns: [idventa, descripcion, fechadevolucion, idempleados, idfacturadevuelta]
oct 14, 2021 8:19:42 PM org.hibernate.tool.hbm2ddl.TableMetadata <init>
INFO: HHH000261: Table found: microcosmos.parametros
oct 14, 2021 8:19:42 PM org.hibernate.tool.hbm2ddl.TableMetadata <init>
INFO: HHH000037: Columns: [facturainicial, fechaemision, facturafinal, activoparametros, fechacaducidad, cai, idparametros]
oct 14, 2021 8:19:42 PM org.hibernate.tool.hbm2ddl.TableMetadata <init>
INFO: HHH000261: Table found: microcosmos.pedidosdevueltos
oct 14, 2021 8:19:42 PM org.hibernate.tool.hbm2ddl.TableMetadata <init>
INFO: HHH000037: Columns: [idcompra, descripcion, idempleados, idpedidosdevueltos, fechaanulacion]
oct 14, 2021 8:19:42 PM org.hibernate.tool.hbm2ddl.TableMetadata <init>
INFO: HHH000261: Table found: microcosmos.preciohistorico
oct 14, 2021 8:19:42 PM org.hibernate.tool.hbm2ddl.TableMetadata <init>
INFO: HHH000037: Columns: [precio, idpreciohistorico, fechainicial, fechafinal, idarticulo, activopreciohistorico]
oct 14, 2021 8:19:42 PM org.hibernate.tool.hbm2ddl.TableMetadata <init>
INFO: HHH000261: Table found: microcosmos.proveedores
oct 14, 2021 8:19:42 PM org.hibernate.tool.hbm2ddl.TableMetadata <init>
INFO: HHH000037: Columns: [idproveedor, activoproveedor, idtipodocumento, nombreproveedor, correoproveedor, telefonoproveedor, documento, ubicacionproveedor]
oct 14, 2021 8:19:42 PM org.hibernate.tool.hbm2ddl.TableMetadata <init>
INFO: HHH000261: Table found: microcosmos.secciontienda
oct 14, 2021 8:19:42 PM org.hibernate.tool.hbm2ddl.TableMetadata <init>
INFO: HHH000037: Columns: [idsecciontienda, descripcionsecciontienda, nombresecciontienda, activosecciontienda]
oct 14, 2021 8:19:42 PM org.hibernate.tool.hbm2ddl.TableMetadata <init>
INFO: HHH000261: Table found: microcosmos.sexo
oct 14, 2021 8:19:42 PM org.hibernate.tool.hbm2ddl.TableMetadata <init>
INFO: HHH000037: Columns: [idsexo, nombresexo, descripcionsexo]
oct 14, 2021 8:19:42 PM org.hibernate.tool.hbm2ddl.TableMetadata <init>
INFO: HHH000261: Table found: microcosmos.talla
oct 14, 2021 8:19:42 PM org.hibernate.tool.hbm2ddl.TableMetadata <init>
INFO: HHH000037: Columns: [activotalla, nombretalla, descripciontalla, idtalla]
oct 14, 2021 8:19:42 PM org.hibernate.tool.hbm2ddl.TableMetadata <init>
INFO: HHH000261: Table found: microcosmos.tipodepago
oct 14, 2021 8:19:42 PM org.hibernate.tool.hbm2ddl.TableMetadata <init>
INFO: HHH000037: Columns: [descripciontipodepago, nombretipodepago, idtipodepago, activotipodepago]
oct 14, 2021 8:19:42 PM org.hibernate.tool.hbm2ddl.TableMetadata <init>
INFO: HHH000261: Table found: microcosmos.tipodocumento
oct 14, 2021 8:19:42 PM org.hibernate.tool.hbm2ddl.TableMetadata <init>
INFO: HHH000037: Columns: [nombretipodocumento, descripciontipodocumento, activotipodocumento, idtipodocumento]
oct 14, 2021 8:19:42 PM org.hibernate.tool.hbm2ddl.TableMetadata <init>
INFO: HHH000261: Table found: microcosmos.usuarios
oct 14, 2021 8:19:42 PM org.hibernate.tool.hbm2ddl.TableMetadata <init>
INFO: HHH000037: Columns: [nombreusuario, idempleados, numerodeintentos, activousuario, admin, contrasena, idusuario]
oct 14, 2021 8:19:42 PM org.hibernate.tool.hbm2ddl.TableMetadata <init>
INFO: HHH000261: Table found: microcosmos.venta
oct 14, 2021 8:19:42 PM org.hibernate.tool.hbm2ddl.TableMetadata <init>
INFO: HHH000037: Columns: [numtarjeta, idtipodepago, formato, montoefectivo, idcliente, idestado, idventa, total, idempleados, impuesto, subtotal, montotarjeta, fechaventa, idparametros]
oct 14, 2021 8:19:42 PM org.hibernate.jpa.internal.EntityManagerFactoryRegistry addEntityManagerFactory
WARN: HHH000436: Entity manager factory name (DB) is already registered.  If entity manager will be clustered or passivated, specify a unique value for property 'hibernate.ejb.entitymanager_factory_name'
oct 14, 2021 8:19:42 PM org.hibernate.ejb.HibernatePersistence logDeprecation
WARN: HHH015016: Encountered a deprecated javax.persistence.spi.PersistenceProvider [org.hibernate.ejb.HibernatePersistence]; use [org.hibernate.jpa.HibernatePersistenceProvider] instead.
oct 14, 2021 8:19:42 PM org.hibernate.ejb.HibernatePersistence logDeprecation
WARN: HHH015016: Encountered a deprecated javax.persistence.spi.PersistenceProvider [org.hibernate.ejb.HibernatePersistence]; use [org.hibernate.jpa.HibernatePersistenceProvider] instead.
oct 14, 2021 8:19:42 PM org.hibernate.ejb.HibernatePersistence logDeprecation
WARN: HHH015016: Encountered a deprecated javax.persistence.spi.PersistenceProvider [org.hibernate.ejb.HibernatePersistence]; use [org.hibernate.jpa.HibernatePersistenceProvider] instead.
oct 14, 2021 8:19:42 PM org.hibernate.jpa.internal.util.LogHelper logPersistenceUnitInformation
INFO: HHH000204: Processing PersistenceUnitInfo [
	name: DB
	...]
oct 14, 2021 8:19:42 PM org.hibernate.engine.jdbc.connections.internal.DriverManagerConnectionProviderImpl configure
WARN: HHH000402: Using Hibernate built-in connection pool (not for production use!)
oct 14, 2021 8:19:42 PM org.hibernate.engine.jdbc.connections.internal.DriverManagerConnectionProviderImpl buildCreator
INFO: HHH000401: using driver [com.mysql.jdbc.Driver] at URL [jdbc:mysql://localhost:3306/Microcosmos?zeroDateTimeBehavior=convertToNull]
oct 14, 2021 8:19:42 PM org.hibernate.engine.jdbc.connections.internal.DriverManagerConnectionProviderImpl buildCreator
INFO: HHH000046: Connection properties: {user=root, password=****}
oct 14, 2021 8:19:42 PM org.hibernate.engine.jdbc.connections.internal.DriverManagerConnectionProviderImpl buildCreator
INFO: HHH000006: Autocommit mode: false
oct 14, 2021 8:19:42 PM org.hibernate.engine.jdbc.connections.internal.DriverManagerConnectionProviderImpl configure
INFO: HHH000115: Hibernate connection pool size: 20 (min=1)
oct 14, 2021 8:19:42 PM org.hibernate.dialect.Dialect <init>
INFO: HHH000400: Using dialect: org.hibernate.dialect.MySQLDialect
oct 14, 2021 8:19:42 PM org.hibernate.hql.internal.ast.ASTQueryTranslatorFactory <init>
INFO: HHH000397: Using ASTQueryTranslatorFactory
oct 14, 2021 8:19:42 PM org.hibernate.tool.hbm2ddl.SchemaValidator validate
INFO: HHH000229: Running schema validator
oct 14, 2021 8:19:42 PM org.hibernate.tool.hbm2ddl.SchemaValidator validate
INFO: HHH000102: Fetching database metadata
oct 14, 2021 8:19:42 PM org.hibernate.tool.hbm2ddl.TableMetadata <init>
INFO: HHH000261: Table found: microcosmos.arealaboral
oct 14, 2021 8:19:42 PM org.hibernate.tool.hbm2ddl.TableMetadata <init>
INFO: HHH000037: Columns: [idarealaboral, descripcionarealaboral, nombrearealaboral, activoarealaboral]
oct 14, 2021 8:19:42 PM org.hibernate.tool.hbm2ddl.TableMetadata <init>
INFO: HHH000261: Table found: microcosmos.arealaboralhistorica
oct 14, 2021 8:19:42 PM org.hibernate.tool.hbm2ddl.TableMetadata <init>
INFO: HHH000037: Columns: [idempleados, fechaconclusion, fechacomienzo, idarealaboralhistorica]
oct 14, 2021 8:19:42 PM org.hibernate.tool.hbm2ddl.TableMetadata <init>
INFO: HHH000261: Table found: microcosmos.articulo
oct 14, 2021 8:19:42 PM org.hibernate.tool.hbm2ddl.TableMetadata <init>
INFO: HHH000037: Columns: [idsecciontienda, stockmaximo, activoarticulo, nombrearticulo, stockminimo, precioarticulo, idtalla, stock, descripcionarticulo, idarticulo]
oct 14, 2021 8:19:42 PM org.hibernate.tool.hbm2ddl.TableMetadata <init>
INFO: HHH000261: Table found: microcosmos.clientes
oct 14, 2021 8:19:42 PM org.hibernate.tool.hbm2ddl.TableMetadata <init>
INFO: HHH000037: Columns: [telefonocliente, direccioncliente, idtipodocumento, idsexo, documento, activocliente, idcliente, nombrecliente, apellidocliente, correocliente]
oct 14, 2021 8:19:42 PM org.hibernate.tool.hbm2ddl.TableMetadata <init>
INFO: HHH000261: Table found: microcosmos.compra
oct 14, 2021 8:19:42 PM org.hibernate.tool.hbm2ddl.TableMetadata <init>
INFO: HHH000037: Columns: [idcompra, fechapedido, idproveedor, idempleados, fecharecibido, totalcompra, idestado]
oct 14, 2021 8:19:42 PM org.hibernate.tool.hbm2ddl.TableMetadata <init>
INFO: HHH000261: Table found: microcosmos.detallecompra
oct 14, 2021 8:19:42 PM org.hibernate.tool.hbm2ddl.TableMetadata <init>
INFO: HHH000037: Columns: [idcompra, iddetallecompra, preciocompra, cantidad, idarticulo]
oct 14, 2021 8:19:42 PM org.hibernate.tool.hbm2ddl.TableMetadata <init>
INFO: HHH000261: Table found: microcosmos.detalleventa
oct 14, 2021 8:19:42 PM org.hibernate.tool.hbm2ddl.TableMetadata <init>
INFO: HHH000037: Columns: [idventa, iddetalleventa, cantidad, idarticulo]
oct 14, 2021 8:19:42 PM org.hibernate.tool.hbm2ddl.TableMetadata <init>
INFO: HHH000261: Table found: microcosmos.empleados
oct 14, 2021 8:19:42 PM org.hibernate.tool.hbm2ddl.TableMetadata <init>
INFO: HHH000037: Columns: [idempleados, idarealaboral, idtipodocumento, idsexo, telefonoempleado, documento, nombreempleado, correoempleado, apellidoempleado, fechadenacimiento, activoempleado]
oct 14, 2021 8:19:42 PM org.hibernate.tool.hbm2ddl.TableMetadata <init>
INFO: HHH000261: Table found: microcosmos.entidades
oct 14, 2021 8:19:42 PM org.hibernate.tool.hbm2ddl.TableMetadata <init>
INFO: HHH000037: Columns: [identidad, activoentidad, nombreentidad]
oct 14, 2021 8:19:42 PM org.hibernate.tool.hbm2ddl.TableMetadata <init>
INFO: HHH000261: Table found: microcosmos.estado
oct 14, 2021 8:19:42 PM org.hibernate.tool.hbm2ddl.TableMetadata <init>
INFO: HHH000037: Columns: [nombreestado, activoestado, identidad, descripcionestado, idestado]
oct 14, 2021 8:19:42 PM org.hibernate.tool.hbm2ddl.TableMetadata <init>
INFO: HHH000261: Table found: microcosmos.facturasdevueltas
oct 14, 2021 8:19:42 PM org.hibernate.tool.hbm2ddl.TableMetadata <init>
INFO: HHH000037: Columns: [idventa, descripcion, fechadevolucion, idempleados, idfacturadevuelta]
oct 14, 2021 8:19:42 PM org.hibernate.tool.hbm2ddl.TableMetadata <init>
INFO: HHH000261: Table found: microcosmos.parametros
oct 14, 2021 8:19:42 PM org.hibernate.tool.hbm2ddl.TableMetadata <init>
INFO: HHH000037: Columns: [facturainicial, fechaemision, facturafinal, activoparametros, fechacaducidad, cai, idparametros]
oct 14, 2021 8:19:42 PM org.hibernate.tool.hbm2ddl.TableMetadata <init>
INFO: HHH000261: Table found: microcosmos.pedidosdevueltos
oct 14, 2021 8:19:42 PM org.hibernate.tool.hbm2ddl.TableMetadata <init>
INFO: HHH000037: Columns: [idcompra, descripcion, idempleados, idpedidosdevueltos, fechaanulacion]
oct 14, 2021 8:19:42 PM org.hibernate.tool.hbm2ddl.TableMetadata <init>
INFO: HHH000261: Table found: microcosmos.preciohistorico
oct 14, 2021 8:19:42 PM org.hibernate.tool.hbm2ddl.TableMetadata <init>
INFO: HHH000037: Columns: [precio, idpreciohistorico, fechainicial, fechafinal, idarticulo, activopreciohistorico]
oct 14, 2021 8:19:42 PM org.hibernate.tool.hbm2ddl.TableMetadata <init>
INFO: HHH000261: Table found: microcosmos.proveedores
oct 14, 2021 8:19:42 PM org.hibernate.tool.hbm2ddl.TableMetadata <init>
INFO: HHH000037: Columns: [idproveedor, activoproveedor, idtipodocumento, nombreproveedor, correoproveedor, telefonoproveedor, documento, ubicacionproveedor]
oct 14, 2021 8:19:42 PM org.hibernate.tool.hbm2ddl.TableMetadata <init>
INFO: HHH000261: Table found: microcosmos.secciontienda
oct 14, 2021 8:19:42 PM org.hibernate.tool.hbm2ddl.TableMetadata <init>
INFO: HHH000037: Columns: [idsecciontienda, descripcionsecciontienda, nombresecciontienda, activosecciontienda]
oct 14, 2021 8:19:42 PM org.hibernate.tool.hbm2ddl.TableMetadata <init>
INFO: HHH000261: Table found: microcosmos.sexo
oct 14, 2021 8:19:42 PM org.hibernate.tool.hbm2ddl.TableMetadata <init>
INFO: HHH000037: Columns: [idsexo, nombresexo, descripcionsexo]
oct 14, 2021 8:19:42 PM org.hibernate.tool.hbm2ddl.TableMetadata <init>
INFO: HHH000261: Table found: microcosmos.talla
oct 14, 2021 8:19:42 PM org.hibernate.tool.hbm2ddl.TableMetadata <init>
INFO: HHH000037: Columns: [activotalla, nombretalla, descripciontalla, idtalla]
oct 14, 2021 8:19:42 PM org.hibernate.tool.hbm2ddl.TableMetadata <init>
INFO: HHH000261: Table found: microcosmos.tipodepago
oct 14, 2021 8:19:42 PM org.hibernate.tool.hbm2ddl.TableMetadata <init>
INFO: HHH000037: Columns: [descripciontipodepago, nombretipodepago, idtipodepago, activotipodepago]
oct 14, 2021 8:19:42 PM org.hibernate.tool.hbm2ddl.TableMetadata <init>
INFO: HHH000261: Table found: microcosmos.tipodocumento
oct 14, 2021 8:19:42 PM org.hibernate.tool.hbm2ddl.TableMetadata <init>
INFO: HHH000037: Columns: [nombretipodocumento, descripciontipodocumento, activotipodocumento, idtipodocumento]
oct 14, 2021 8:19:42 PM org.hibernate.tool.hbm2ddl.TableMetadata <init>
INFO: HHH000261: Table found: microcosmos.usuarios
oct 14, 2021 8:19:42 PM org.hibernate.tool.hbm2ddl.TableMetadata <init>
INFO: HHH000037: Columns: [nombreusuario, idempleados, numerodeintentos, activousuario, admin, contrasena, idusuario]
oct 14, 2021 8:19:42 PM org.hibernate.tool.hbm2ddl.TableMetadata <init>
INFO: HHH000261: Table found: microcosmos.venta
oct 14, 2021 8:19:42 PM org.hibernate.tool.hbm2ddl.TableMetadata <init>
INFO: HHH000037: Columns: [numtarjeta, idtipodepago, formato, montoefectivo, idcliente, idestado, idventa, total, idempleados, impuesto, subtotal, montotarjeta, fechaventa, idparametros]
oct 14, 2021 8:19:42 PM org.hibernate.jpa.internal.EntityManagerFactoryRegistry addEntityManagerFactory
WARN: HHH000436: Entity manager factory name (DB) is already registered.  If entity manager will be clustered or passivated, specify a unique value for property 'hibernate.ejb.entitymanager_factory_name'
oct 14, 2021 8:19:42 PM org.hibernate.ejb.HibernatePersistence logDeprecation
WARN: HHH015016: Encountered a deprecated javax.persistence.spi.PersistenceProvider [org.hibernate.ejb.HibernatePersistence]; use [org.hibernate.jpa.HibernatePersistenceProvider] instead.
oct 14, 2021 8:19:42 PM org.hibernate.ejb.HibernatePersistence logDeprecation
WARN: HHH015016: Encountered a deprecated javax.persistence.spi.PersistenceProvider [org.hibernate.ejb.HibernatePersistence]; use [org.hibernate.jpa.HibernatePersistenceProvider] instead.
oct 14, 2021 8:19:42 PM org.hibernate.ejb.HibernatePersistence logDeprecation
WARN: HHH015016: Encountered a deprecated javax.persistence.spi.PersistenceProvider [org.hibernate.ejb.HibernatePersistence]; use [org.hibernate.jpa.HibernatePersistenceProvider] instead.
oct 14, 2021 8:19:42 PM org.hibernate.jpa.internal.util.LogHelper logPersistenceUnitInformation
INFO: HHH000204: Processing PersistenceUnitInfo [
	name: DB
	...]
oct 14, 2021 8:19:42 PM org.hibernate.engine.jdbc.connections.internal.DriverManagerConnectionProviderImpl configure
WARN: HHH000402: Using Hibernate built-in connection pool (not for production use!)
oct 14, 2021 8:19:42 PM org.hibernate.engine.jdbc.connections.internal.DriverManagerConnectionProviderImpl buildCreator
INFO: HHH000401: using driver [com.mysql.jdbc.Driver] at URL [jdbc:mysql://localhost:3306/Microcosmos?zeroDateTimeBehavior=convertToNull]
oct 14, 2021 8:19:42 PM org.hibernate.engine.jdbc.connections.internal.DriverManagerConnectionProviderImpl buildCreator
INFO: HHH000046: Connection properties: {user=root, password=****}
oct 14, 2021 8:19:42 PM org.hibernate.engine.jdbc.connections.internal.DriverManagerConnectionProviderImpl buildCreator
INFO: HHH000006: Autocommit mode: false
oct 14, 2021 8:19:42 PM org.hibernate.engine.jdbc.connections.internal.DriverManagerConnectionProviderImpl configure
INFO: HHH000115: Hibernate connection pool size: 20 (min=1)
oct 14, 2021 8:19:42 PM org.hibernate.dialect.Dialect <init>
INFO: HHH000400: Using dialect: org.hibernate.dialect.MySQLDialect
oct 14, 2021 8:19:42 PM org.hibernate.hql.internal.ast.ASTQueryTranslatorFactory <init>
INFO: HHH000397: Using ASTQueryTranslatorFactory
oct 14, 2021 8:19:42 PM org.hibernate.tool.hbm2ddl.SchemaValidator validate
INFO: HHH000229: Running schema validator
oct 14, 2021 8:19:42 PM org.hibernate.tool.hbm2ddl.SchemaValidator validate
INFO: HHH000102: Fetching database metadata
oct 14, 2021 8:19:42 PM org.hibernate.tool.hbm2ddl.TableMetadata <init>
INFO: HHH000261: Table found: microcosmos.arealaboral
oct 14, 2021 8:19:42 PM org.hibernate.tool.hbm2ddl.TableMetadata <init>
INFO: HHH000037: Columns: [idarealaboral, descripcionarealaboral, nombrearealaboral, activoarealaboral]
oct 14, 2021 8:19:42 PM org.hibernate.tool.hbm2ddl.TableMetadata <init>
INFO: HHH000261: Table found: microcosmos.arealaboralhistorica
oct 14, 2021 8:19:42 PM org.hibernate.tool.hbm2ddl.TableMetadata <init>
INFO: HHH000037: Columns: [idempleados, fechaconclusion, fechacomienzo, idarealaboralhistorica]
oct 14, 2021 8:19:42 PM org.hibernate.tool.hbm2ddl.TableMetadata <init>
INFO: HHH000261: Table found: microcosmos.articulo
oct 14, 2021 8:19:42 PM org.hibernate.tool.hbm2ddl.TableMetadata <init>
INFO: HHH000037: Columns: [idsecciontienda, stockmaximo, activoarticulo, nombrearticulo, stockminimo, precioarticulo, idtalla, stock, descripcionarticulo, idarticulo]
oct 14, 2021 8:19:42 PM org.hibernate.tool.hbm2ddl.TableMetadata <init>
INFO: HHH000261: Table found: microcosmos.clientes
oct 14, 2021 8:19:42 PM org.hibernate.tool.hbm2ddl.TableMetadata <init>
INFO: HHH000037: Columns: [telefonocliente, direccioncliente, idtipodocumento, idsexo, documento, activocliente, idcliente, nombrecliente, apellidocliente, correocliente]
oct 14, 2021 8:19:42 PM org.hibernate.tool.hbm2ddl.TableMetadata <init>
INFO: HHH000261: Table found: microcosmos.compra
oct 14, 2021 8:19:42 PM org.hibernate.tool.hbm2ddl.TableMetadata <init>
INFO: HHH000037: Columns: [idcompra, fechapedido, idproveedor, idempleados, fecharecibido, totalcompra, idestado]
oct 14, 2021 8:19:42 PM org.hibernate.tool.hbm2ddl.TableMetadata <init>
INFO: HHH000261: Table found: microcosmos.detallecompra
oct 14, 2021 8:19:42 PM org.hibernate.tool.hbm2ddl.TableMetadata <init>
INFO: HHH000037: Columns: [idcompra, iddetallecompra, preciocompra, cantidad, idarticulo]
oct 14, 2021 8:19:42 PM org.hibernate.tool.hbm2ddl.TableMetadata <init>
INFO: HHH000261: Table found: microcosmos.detalleventa
oct 14, 2021 8:19:42 PM org.hibernate.tool.hbm2ddl.TableMetadata <init>
INFO: HHH000037: Columns: [idventa, iddetalleventa, cantidad, idarticulo]
oct 14, 2021 8:19:42 PM org.hibernate.tool.hbm2ddl.TableMetadata <init>
INFO: HHH000261: Table found: microcosmos.empleados
oct 14, 2021 8:19:42 PM org.hibernate.tool.hbm2ddl.TableMetadata <init>
INFO: HHH000037: Columns: [idempleados, idarealaboral, idtipodocumento, idsexo, telefonoempleado, documento, nombreempleado, correoempleado, apellidoempleado, fechadenacimiento, activoempleado]
oct 14, 2021 8:19:42 PM org.hibernate.tool.hbm2ddl.TableMetadata <init>
INFO: HHH000261: Table found: microcosmos.entidades
oct 14, 2021 8:19:42 PM org.hibernate.tool.hbm2ddl.TableMetadata <init>
INFO: HHH000037: Columns: [identidad, activoentidad, nombreentidad]
oct 14, 2021 8:19:42 PM org.hibernate.tool.hbm2ddl.TableMetadata <init>
INFO: HHH000261: Table found: microcosmos.estado
oct 14, 2021 8:19:42 PM org.hibernate.tool.hbm2ddl.TableMetadata <init>
INFO: HHH000037: Columns: [nombreestado, activoestado, identidad, descripcionestado, idestado]
oct 14, 2021 8:19:42 PM org.hibernate.tool.hbm2ddl.TableMetadata <init>
INFO: HHH000261: Table found: microcosmos.facturasdevueltas
oct 14, 2021 8:19:42 PM org.hibernate.tool.hbm2ddl.TableMetadata <init>
INFO: HHH000037: Columns: [idventa, descripcion, fechadevolucion, idempleados, idfacturadevuelta]
oct 14, 2021 8:19:42 PM org.hibernate.tool.hbm2ddl.TableMetadata <init>
INFO: HHH000261: Table found: microcosmos.parametros
oct 14, 2021 8:19:42 PM org.hibernate.tool.hbm2ddl.TableMetadata <init>
INFO: HHH000037: Columns: [facturainicial, fechaemision, facturafinal, activoparametros, fechacaducidad, cai, idparametros]
oct 14, 2021 8:19:42 PM org.hibernate.tool.hbm2ddl.TableMetadata <init>
INFO: HHH000261: Table found: microcosmos.pedidosdevueltos
oct 14, 2021 8:19:42 PM org.hibernate.tool.hbm2ddl.TableMetadata <init>
INFO: HHH000037: Columns: [idcompra, descripcion, idempleados, idpedidosdevueltos, fechaanulacion]
oct 14, 2021 8:19:42 PM org.hibernate.tool.hbm2ddl.TableMetadata <init>
INFO: HHH000261: Table found: microcosmos.preciohistorico
oct 14, 2021 8:19:42 PM org.hibernate.tool.hbm2ddl.TableMetadata <init>
INFO: HHH000037: Columns: [precio, idpreciohistorico, fechainicial, fechafinal, idarticulo, activopreciohistorico]
oct 14, 2021 8:19:42 PM org.hibernate.tool.hbm2ddl.TableMetadata <init>
INFO: HHH000261: Table found: microcosmos.proveedores
oct 14, 2021 8:19:42 PM org.hibernate.tool.hbm2ddl.TableMetadata <init>
INFO: HHH000037: Columns: [idproveedor, activoproveedor, idtipodocumento, nombreproveedor, correoproveedor, telefonoproveedor, documento, ubicacionproveedor]
oct 14, 2021 8:19:42 PM org.hibernate.tool.hbm2ddl.TableMetadata <init>
INFO: HHH000261: Table found: microcosmos.secciontienda
oct 14, 2021 8:19:42 PM org.hibernate.tool.hbm2ddl.TableMetadata <init>
INFO: HHH000037: Columns: [idsecciontienda, descripcionsecciontienda, nombresecciontienda, activosecciontienda]
oct 14, 2021 8:19:42 PM org.hibernate.tool.hbm2ddl.TableMetadata <init>
INFO: HHH000261: Table found: microcosmos.sexo
oct 14, 2021 8:19:42 PM org.hibernate.tool.hbm2ddl.TableMetadata <init>
INFO: HHH000037: Columns: [idsexo, nombresexo, descripcionsexo]
oct 14, 2021 8:19:42 PM org.hibernate.tool.hbm2ddl.TableMetadata <init>
INFO: HHH000261: Table found: microcosmos.talla
oct 14, 2021 8:19:42 PM org.hibernate.tool.hbm2ddl.TableMetadata <init>
INFO: HHH000037: Columns: [activotalla, nombretalla, descripciontalla, idtalla]
oct 14, 2021 8:19:42 PM org.hibernate.tool.hbm2ddl.TableMetadata <init>
INFO: HHH000261: Table found: microcosmos.tipodepago
oct 14, 2021 8:19:42 PM org.hibernate.tool.hbm2ddl.TableMetadata <init>
INFO: HHH000037: Columns: [descripciontipodepago, nombretipodepago, idtipodepago, activotipodepago]
oct 14, 2021 8:19:42 PM org.hibernate.tool.hbm2ddl.TableMetadata <init>
INFO: HHH000261: Table found: microcosmos.tipodocumento
oct 14, 2021 8:19:42 PM org.hibernate.tool.hbm2ddl.TableMetadata <init>
INFO: HHH000037: Columns: [nombretipodocumento, descripciontipodocumento, activotipodocumento, idtipodocumento]
oct 14, 2021 8:19:42 PM org.hibernate.tool.hbm2ddl.TableMetadata <init>
INFO: HHH000261: Table found: microcosmos.usuarios
oct 14, 2021 8:19:42 PM org.hibernate.tool.hbm2ddl.TableMetadata <init>
INFO: HHH000037: Columns: [nombreusuario, idempleados, numerodeintentos, activousuario, admin, contrasena, idusuario]
oct 14, 2021 8:19:42 PM org.hibernate.tool.hbm2ddl.TableMetadata <init>
INFO: HHH000261: Table found: microcosmos.venta
oct 14, 2021 8:19:42 PM org.hibernate.tool.hbm2ddl.TableMetadata <init>
INFO: HHH000037: Columns: [numtarjeta, idtipodepago, formato, montoefectivo, idcliente, idestado, idventa, total, idempleados, impuesto, subtotal, montotarjeta, fechaventa, idparametros]
oct 14, 2021 8:19:42 PM org.hibernate.jpa.internal.EntityManagerFactoryRegistry addEntityManagerFactory
WARN: HHH000436: Entity manager factory name (DB) is already registered.  If entity manager will be clustered or passivated, specify a unique value for property 'hibernate.ejb.entitymanager_factory_name'
oct 14, 2021 8:19:42 PM org.hibernate.ejb.HibernatePersistence logDeprecation
WARN: HHH015016: Encountered a deprecated javax.persistence.spi.PersistenceProvider [org.hibernate.ejb.HibernatePersistence]; use [org.hibernate.jpa.HibernatePersistenceProvider] instead.
oct 14, 2021 8:19:42 PM org.hibernate.ejb.HibernatePersistence logDeprecation
WARN: HHH015016: Encountered a deprecated javax.persistence.spi.PersistenceProvider [org.hibernate.ejb.HibernatePersistence]; use [org.hibernate.jpa.HibernatePersistenceProvider] instead.
oct 14, 2021 8:19:42 PM org.hibernate.ejb.HibernatePersistence logDeprecation
WARN: HHH015016: Encountered a deprecated javax.persistence.spi.PersistenceProvider [org.hibernate.ejb.HibernatePersistence]; use [org.hibernate.jpa.HibernatePersistenceProvider] instead.
oct 14, 2021 8:19:42 PM org.hibernate.jpa.internal.util.LogHelper logPersistenceUnitInformation
INFO: HHH000204: Processing PersistenceUnitInfo [
	name: DB
	...]
oct 14, 2021 8:19:42 PM org.hibernate.engine.jdbc.connections.internal.DriverManagerConnectionProviderImpl configure
WARN: HHH000402: Using Hibernate built-in connection pool (not for production use!)
oct 14, 2021 8:19:42 PM org.hibernate.engine.jdbc.connections.internal.DriverManagerConnectionProviderImpl buildCreator
INFO: HHH000401: using driver [com.mysql.jdbc.Driver] at URL [jdbc:mysql://localhost:3306/Microcosmos?zeroDateTimeBehavior=convertToNull]
oct 14, 2021 8:19:42 PM org.hibernate.engine.jdbc.connections.internal.DriverManagerConnectionProviderImpl buildCreator
INFO: HHH000046: Connection properties: {user=root, password=****}
oct 14, 2021 8:19:42 PM org.hibernate.engine.jdbc.connections.internal.DriverManagerConnectionProviderImpl buildCreator
INFO: HHH000006: Autocommit mode: false
oct 14, 2021 8:19:42 PM org.hibernate.engine.jdbc.connections.internal.DriverManagerConnectionProviderImpl configure
INFO: HHH000115: Hibernate connection pool size: 20 (min=1)
oct 14, 2021 8:19:42 PM org.hibernate.dialect.Dialect <init>
INFO: HHH000400: Using dialect: org.hibernate.dialect.MySQLDialect
oct 14, 2021 8:19:42 PM org.hibernate.hql.internal.ast.ASTQueryTranslatorFactory <init>
INFO: HHH000397: Using ASTQueryTranslatorFactory
oct 14, 2021 8:19:42 PM org.hibernate.tool.hbm2ddl.SchemaValidator validate
INFO: HHH000229: Running schema validator
oct 14, 2021 8:19:42 PM org.hibernate.tool.hbm2ddl.SchemaValidator validate
INFO: HHH000102: Fetching database metadata
oct 14, 2021 8:19:42 PM org.hibernate.tool.hbm2ddl.TableMetadata <init>
INFO: HHH000261: Table found: microcosmos.arealaboral
oct 14, 2021 8:19:42 PM org.hibernate.tool.hbm2ddl.TableMetadata <init>
INFO: HHH000037: Columns: [idarealaboral, descripcionarealaboral, nombrearealaboral, activoarealaboral]
oct 14, 2021 8:19:42 PM org.hibernate.tool.hbm2ddl.TableMetadata <init>
INFO: HHH000261: Table found: microcosmos.arealaboralhistorica
oct 14, 2021 8:19:42 PM org.hibernate.tool.hbm2ddl.TableMetadata <init>
INFO: HHH000037: Columns: [idempleados, fechaconclusion, fechacomienzo, idarealaboralhistorica]
oct 14, 2021 8:19:42 PM org.hibernate.tool.hbm2ddl.TableMetadata <init>
INFO: HHH000261: Table found: microcosmos.articulo
oct 14, 2021 8:19:42 PM org.hibernate.tool.hbm2ddl.TableMetadata <init>
INFO: HHH000037: Columns: [idsecciontienda, stockmaximo, activoarticulo, nombrearticulo, stockminimo, precioarticulo, idtalla, stock, descripcionarticulo, idarticulo]
oct 14, 2021 8:19:42 PM org.hibernate.tool.hbm2ddl.TableMetadata <init>
INFO: HHH000261: Table found: microcosmos.clientes
oct 14, 2021 8:19:42 PM org.hibernate.tool.hbm2ddl.TableMetadata <init>
INFO: HHH000037: Columns: [telefonocliente, direccioncliente, idtipodocumento, idsexo, documento, activocliente, idcliente, nombrecliente, apellidocliente, correocliente]
oct 14, 2021 8:19:42 PM org.hibernate.tool.hbm2ddl.TableMetadata <init>
INFO: HHH000261: Table found: microcosmos.compra
oct 14, 2021 8:19:42 PM org.hibernate.tool.hbm2ddl.TableMetadata <init>
INFO: HHH000037: Columns: [idcompra, fechapedido, idproveedor, idempleados, fecharecibido, totalcompra, idestado]
oct 14, 2021 8:19:42 PM org.hibernate.tool.hbm2ddl.TableMetadata <init>
INFO: HHH000261: Table found: microcosmos.detallecompra
oct 14, 2021 8:19:42 PM org.hibernate.tool.hbm2ddl.TableMetadata <init>
INFO: HHH000037: Columns: [idcompra, iddetallecompra, preciocompra, cantidad, idarticulo]
oct 14, 2021 8:19:42 PM org.hibernate.tool.hbm2ddl.TableMetadata <init>
INFO: HHH000261: Table found: microcosmos.detalleventa
oct 14, 2021 8:19:42 PM org.hibernate.tool.hbm2ddl.TableMetadata <init>
INFO: HHH000037: Columns: [idventa, iddetalleventa, cantidad, idarticulo]
oct 14, 2021 8:19:42 PM org.hibernate.tool.hbm2ddl.TableMetadata <init>
INFO: HHH000261: Table found: microcosmos.empleados
oct 14, 2021 8:19:42 PM org.hibernate.tool.hbm2ddl.TableMetadata <init>
INFO: HHH000037: Columns: [idempleados, idarealaboral, idtipodocumento, idsexo, telefonoempleado, documento, nombreempleado, correoempleado, apellidoempleado, fechadenacimiento, activoempleado]
oct 14, 2021 8:19:42 PM org.hibernate.tool.hbm2ddl.TableMetadata <init>
INFO: HHH000261: Table found: microcosmos.entidades
oct 14, 2021 8:19:42 PM org.hibernate.tool.hbm2ddl.TableMetadata <init>
INFO: HHH000037: Columns: [identidad, activoentidad, nombreentidad]
oct 14, 2021 8:19:42 PM org.hibernate.tool.hbm2ddl.TableMetadata <init>
INFO: HHH000261: Table found: microcosmos.estado
oct 14, 2021 8:19:42 PM org.hibernate.tool.hbm2ddl.TableMetadata <init>
INFO: HHH000037: Columns: [nombreestado, activoestado, identidad, descripcionestado, idestado]
oct 14, 2021 8:19:42 PM org.hibernate.tool.hbm2ddl.TableMetadata <init>
INFO: HHH000261: Table found: microcosmos.facturasdevueltas
oct 14, 2021 8:19:42 PM org.hibernate.tool.hbm2ddl.TableMetadata <init>
INFO: HHH000037: Columns: [idventa, descripcion, fechadevolucion, idempleados, idfacturadevuelta]
oct 14, 2021 8:19:42 PM org.hibernate.tool.hbm2ddl.TableMetadata <init>
INFO: HHH000261: Table found: microcosmos.parametros
oct 14, 2021 8:19:42 PM org.hibernate.tool.hbm2ddl.TableMetadata <init>
INFO: HHH000037: Columns: [facturainicial, fechaemision, facturafinal, activoparametros, fechacaducidad, cai, idparametros]
oct 14, 2021 8:19:42 PM org.hibernate.tool.hbm2ddl.TableMetadata <init>
INFO: HHH000261: Table found: microcosmos.pedidosdevueltos
oct 14, 2021 8:19:42 PM org.hibernate.tool.hbm2ddl.TableMetadata <init>
INFO: HHH000037: Columns: [idcompra, descripcion, idempleados, idpedidosdevueltos, fechaanulacion]
oct 14, 2021 8:19:42 PM org.hibernate.tool.hbm2ddl.TableMetadata <init>
INFO: HHH000261: Table found: microcosmos.preciohistorico
oct 14, 2021 8:19:42 PM org.hibernate.tool.hbm2ddl.TableMetadata <init>
INFO: HHH000037: Columns: [precio, idpreciohistorico, fechainicial, fechafinal, idarticulo, activopreciohistorico]
oct 14, 2021 8:19:42 PM org.hibernate.tool.hbm2ddl.TableMetadata <init>
INFO: HHH000261: Table found: microcosmos.proveedores
oct 14, 2021 8:19:42 PM org.hibernate.tool.hbm2ddl.TableMetadata <init>
INFO: HHH000037: Columns: [idproveedor, activoproveedor, idtipodocumento, nombreproveedor, correoproveedor, telefonoproveedor, documento, ubicacionproveedor]
oct 14, 2021 8:19:42 PM org.hibernate.tool.hbm2ddl.TableMetadata <init>
INFO: HHH000261: Table found: microcosmos.secciontienda
oct 14, 2021 8:19:42 PM org.hibernate.tool.hbm2ddl.TableMetadata <init>
INFO: HHH000037: Columns: [idsecciontienda, descripcionsecciontienda, nombresecciontienda, activosecciontienda]
oct 14, 2021 8:19:42 PM org.hibernate.tool.hbm2ddl.TableMetadata <init>
INFO: HHH000261: Table found: microcosmos.sexo
oct 14, 2021 8:19:42 PM org.hibernate.tool.hbm2ddl.TableMetadata <init>
INFO: HHH000037: Columns: [idsexo, nombresexo, descripcionsexo]
oct 14, 2021 8:19:42 PM org.hibernate.tool.hbm2ddl.TableMetadata <init>
INFO: HHH000261: Table found: microcosmos.talla
oct 14, 2021 8:19:42 PM org.hibernate.tool.hbm2ddl.TableMetadata <init>
INFO: HHH000037: Columns: [activotalla, nombretalla, descripciontalla, idtalla]
oct 14, 2021 8:19:42 PM org.hibernate.tool.hbm2ddl.TableMetadata <init>
INFO: HHH000261: Table found: microcosmos.tipodepago
oct 14, 2021 8:19:42 PM org.hibernate.tool.hbm2ddl.TableMetadata <init>
INFO: HHH000037: Columns: [descripciontipodepago, nombretipodepago, idtipodepago, activotipodepago]
oct 14, 2021 8:19:42 PM org.hibernate.tool.hbm2ddl.TableMetadata <init>
INFO: HHH000261: Table found: microcosmos.tipodocumento
oct 14, 2021 8:19:42 PM org.hibernate.tool.hbm2ddl.TableMetadata <init>
INFO: HHH000037: Columns: [nombretipodocumento, descripciontipodocumento, activotipodocumento, idtipodocumento]
oct 14, 2021 8:19:42 PM org.hibernate.tool.hbm2ddl.TableMetadata <init>
INFO: HHH000261: Table found: microcosmos.usuarios
oct 14, 2021 8:19:42 PM org.hibernate.tool.hbm2ddl.TableMetadata <init>
INFO: HHH000037: Columns: [nombreusuario, idempleados, numerodeintentos, activousuario, admin, contrasena, idusuario]
oct 14, 2021 8:19:42 PM org.hibernate.tool.hbm2ddl.TableMetadata <init>
INFO: HHH000261: Table found: microcosmos.venta
oct 14, 2021 8:19:42 PM org.hibernate.tool.hbm2ddl.TableMetadata <init>
INFO: HHH000037: Columns: [numtarjeta, idtipodepago, formato, montoefectivo, idcliente, idestado, idventa, total, idempleados, impuesto, subtotal, montotarjeta, fechaventa, idparametros]
oct 14, 2021 8:19:42 PM org.hibernate.jpa.internal.EntityManagerFactoryRegistry addEntityManagerFactory
WARN: HHH000436: Entity manager factory name (DB) is already registered.  If entity manager will be clustered or passivated, specify a unique value for property 'hibernate.ejb.entitymanager_factory_name'
oct 14, 2021 8:19:42 PM org.hibernate.ejb.HibernatePersistence logDeprecation
WARN: HHH015016: Encountered a deprecated javax.persistence.spi.PersistenceProvider [org.hibernate.ejb.HibernatePersistence]; use [org.hibernate.jpa.HibernatePersistenceProvider] instead.
oct 14, 2021 8:19:42 PM org.hibernate.ejb.HibernatePersistence logDeprecation
WARN: HHH015016: Encountered a deprecated javax.persistence.spi.PersistenceProvider [org.hibernate.ejb.HibernatePersistence]; use [org.hibernate.jpa.HibernatePersistenceProvider] instead.
oct 14, 2021 8:19:42 PM org.hibernate.ejb.HibernatePersistence logDeprecation
WARN: HHH015016: Encountered a deprecated javax.persistence.spi.PersistenceProvider [org.hibernate.ejb.HibernatePersistence]; use [org.hibernate.jpa.HibernatePersistenceProvider] instead.
oct 14, 2021 8:19:42 PM org.hibernate.jpa.internal.util.LogHelper logPersistenceUnitInformation
INFO: HHH000204: Processing PersistenceUnitInfo [
	name: DB
	...]
oct 14, 2021 8:19:42 PM org.hibernate.engine.jdbc.connections.internal.DriverManagerConnectionProviderImpl configure
WARN: HHH000402: Using Hibernate built-in connection pool (not for production use!)
oct 14, 2021 8:19:42 PM org.hibernate.engine.jdbc.connections.internal.DriverManagerConnectionProviderImpl buildCreator
INFO: HHH000401: using driver [com.mysql.jdbc.Driver] at URL [jdbc:mysql://localhost:3306/Microcosmos?zeroDateTimeBehavior=convertToNull]
oct 14, 2021 8:19:42 PM org.hibernate.engine.jdbc.connections.internal.DriverManagerConnectionProviderImpl buildCreator
INFO: HHH000046: Connection properties: {user=root, password=****}
oct 14, 2021 8:19:42 PM org.hibernate.engine.jdbc.connections.internal.DriverManagerConnectionProviderImpl buildCreator
INFO: HHH000006: Autocommit mode: false
oct 14, 2021 8:19:42 PM org.hibernate.engine.jdbc.connections.internal.DriverManagerConnectionProviderImpl configure
INFO: HHH000115: Hibernate connection pool size: 20 (min=1)
oct 14, 2021 8:19:43 PM org.hibernate.dialect.Dialect <init>
INFO: HHH000400: Using dialect: org.hibernate.dialect.MySQLDialect
oct 14, 2021 8:19:43 PM org.hibernate.hql.internal.ast.ASTQueryTranslatorFactory <init>
INFO: HHH000397: Using ASTQueryTranslatorFactory
oct 14, 2021 8:19:43 PM org.hibernate.tool.hbm2ddl.SchemaValidator validate
INFO: HHH000229: Running schema validator
oct 14, 2021 8:19:43 PM org.hibernate.tool.hbm2ddl.SchemaValidator validate
INFO: HHH000102: Fetching database metadata
oct 14, 2021 8:19:43 PM org.hibernate.tool.hbm2ddl.TableMetadata <init>
INFO: HHH000261: Table found: microcosmos.arealaboral
oct 14, 2021 8:19:43 PM org.hibernate.tool.hbm2ddl.TableMetadata <init>
INFO: HHH000037: Columns: [idarealaboral, descripcionarealaboral, nombrearealaboral, activoarealaboral]
oct 14, 2021 8:19:43 PM org.hibernate.tool.hbm2ddl.TableMetadata <init>
INFO: HHH000261: Table found: microcosmos.arealaboralhistorica
oct 14, 2021 8:19:43 PM org.hibernate.tool.hbm2ddl.TableMetadata <init>
INFO: HHH000037: Columns: [idempleados, fechaconclusion, fechacomienzo, idarealaboralhistorica]
oct 14, 2021 8:19:43 PM org.hibernate.tool.hbm2ddl.TableMetadata <init>
INFO: HHH000261: Table found: microcosmos.articulo
oct 14, 2021 8:19:43 PM org.hibernate.tool.hbm2ddl.TableMetadata <init>
INFO: HHH000037: Columns: [idsecciontienda, stockmaximo, activoarticulo, nombrearticulo, stockminimo, precioarticulo, idtalla, stock, descripcionarticulo, idarticulo]
oct 14, 2021 8:19:43 PM org.hibernate.tool.hbm2ddl.TableMetadata <init>
INFO: HHH000261: Table found: microcosmos.clientes
oct 14, 2021 8:19:43 PM org.hibernate.tool.hbm2ddl.TableMetadata <init>
INFO: HHH000037: Columns: [telefonocliente, direccioncliente, idtipodocumento, idsexo, documento, activocliente, idcliente, nombrecliente, apellidocliente, correocliente]
oct 14, 2021 8:19:43 PM org.hibernate.tool.hbm2ddl.TableMetadata <init>
INFO: HHH000261: Table found: microcosmos.compra
oct 14, 2021 8:19:43 PM org.hibernate.tool.hbm2ddl.TableMetadata <init>
INFO: HHH000037: Columns: [idcompra, fechapedido, idproveedor, idempleados, fecharecibido, totalcompra, idestado]
oct 14, 2021 8:19:43 PM org.hibernate.tool.hbm2ddl.TableMetadata <init>
INFO: HHH000261: Table found: microcosmos.detallecompra
oct 14, 2021 8:19:43 PM org.hibernate.tool.hbm2ddl.TableMetadata <init>
INFO: HHH000037: Columns: [idcompra, iddetallecompra, preciocompra, cantidad, idarticulo]
oct 14, 2021 8:19:43 PM org.hibernate.tool.hbm2ddl.TableMetadata <init>
INFO: HHH000261: Table found: microcosmos.detalleventa
oct 14, 2021 8:19:43 PM org.hibernate.tool.hbm2ddl.TableMetadata <init>
INFO: HHH000037: Columns: [idventa, iddetalleventa, cantidad, idarticulo]
oct 14, 2021 8:19:43 PM org.hibernate.tool.hbm2ddl.TableMetadata <init>
INFO: HHH000261: Table found: microcosmos.empleados
oct 14, 2021 8:19:43 PM org.hibernate.tool.hbm2ddl.TableMetadata <init>
INFO: HHH000037: Columns: [idempleados, idarealaboral, idtipodocumento, idsexo, telefonoempleado, documento, nombreempleado, correoempleado, apellidoempleado, fechadenacimiento, activoempleado]
oct 14, 2021 8:19:43 PM org.hibernate.tool.hbm2ddl.TableMetadata <init>
INFO: HHH000261: Table found: microcosmos.entidades
oct 14, 2021 8:19:43 PM org.hibernate.tool.hbm2ddl.TableMetadata <init>
INFO: HHH000037: Columns: [identidad, activoentidad, nombreentidad]
oct 14, 2021 8:19:43 PM org.hibernate.tool.hbm2ddl.TableMetadata <init>
INFO: HHH000261: Table found: microcosmos.estado
oct 14, 2021 8:19:43 PM org.hibernate.tool.hbm2ddl.TableMetadata <init>
INFO: HHH000037: Columns: [nombreestado, activoestado, identidad, descripcionestado, idestado]
oct 14, 2021 8:19:43 PM org.hibernate.tool.hbm2ddl.TableMetadata <init>
INFO: HHH000261: Table found: microcosmos.facturasdevueltas
oct 14, 2021 8:19:43 PM org.hibernate.tool.hbm2ddl.TableMetadata <init>
INFO: HHH000037: Columns: [idventa, descripcion, fechadevolucion, idempleados, idfacturadevuelta]
oct 14, 2021 8:19:43 PM org.hibernate.tool.hbm2ddl.TableMetadata <init>
INFO: HHH000261: Table found: microcosmos.parametros
oct 14, 2021 8:19:43 PM org.hibernate.tool.hbm2ddl.TableMetadata <init>
INFO: HHH000037: Columns: [facturainicial, fechaemision, facturafinal, activoparametros, fechacaducidad, cai, idparametros]
oct 14, 2021 8:19:43 PM org.hibernate.tool.hbm2ddl.TableMetadata <init>
INFO: HHH000261: Table found: microcosmos.pedidosdevueltos
oct 14, 2021 8:19:43 PM org.hibernate.tool.hbm2ddl.TableMetadata <init>
INFO: HHH000037: Columns: [idcompra, descripcion, idempleados, idpedidosdevueltos, fechaanulacion]
oct 14, 2021 8:19:43 PM org.hibernate.tool.hbm2ddl.TableMetadata <init>
INFO: HHH000261: Table found: microcosmos.preciohistorico
oct 14, 2021 8:19:43 PM org.hibernate.tool.hbm2ddl.TableMetadata <init>
INFO: HHH000037: Columns: [precio, idpreciohistorico, fechainicial, fechafinal, idarticulo, activopreciohistorico]
oct 14, 2021 8:19:43 PM org.hibernate.tool.hbm2ddl.TableMetadata <init>
INFO: HHH000261: Table found: microcosmos.proveedores
oct 14, 2021 8:19:43 PM org.hibernate.tool.hbm2ddl.TableMetadata <init>
INFO: HHH000037: Columns: [idproveedor, activoproveedor, idtipodocumento, nombreproveedor, correoproveedor, telefonoproveedor, documento, ubicacionproveedor]
oct 14, 2021 8:19:43 PM org.hibernate.tool.hbm2ddl.TableMetadata <init>
INFO: HHH000261: Table found: microcosmos.secciontienda
oct 14, 2021 8:19:43 PM org.hibernate.tool.hbm2ddl.TableMetadata <init>
INFO: HHH000037: Columns: [idsecciontienda, descripcionsecciontienda, nombresecciontienda, activosecciontienda]
oct 14, 2021 8:19:43 PM org.hibernate.tool.hbm2ddl.TableMetadata <init>
INFO: HHH000261: Table found: microcosmos.sexo
oct 14, 2021 8:19:43 PM org.hibernate.tool.hbm2ddl.TableMetadata <init>
INFO: HHH000037: Columns: [idsexo, nombresexo, descripcionsexo]
oct 14, 2021 8:19:43 PM org.hibernate.tool.hbm2ddl.TableMetadata <init>
INFO: HHH000261: Table found: microcosmos.talla
oct 14, 2021 8:19:43 PM org.hibernate.tool.hbm2ddl.TableMetadata <init>
INFO: HHH000037: Columns: [activotalla, nombretalla, descripciontalla, idtalla]
oct 14, 2021 8:19:43 PM org.hibernate.tool.hbm2ddl.TableMetadata <init>
INFO: HHH000261: Table found: microcosmos.tipodepago
oct 14, 2021 8:19:43 PM org.hibernate.tool.hbm2ddl.TableMetadata <init>
INFO: HHH000037: Columns: [descripciontipodepago, nombretipodepago, idtipodepago, activotipodepago]
oct 14, 2021 8:19:43 PM org.hibernate.tool.hbm2ddl.TableMetadata <init>
INFO: HHH000261: Table found: microcosmos.tipodocumento
oct 14, 2021 8:19:43 PM org.hibernate.tool.hbm2ddl.TableMetadata <init>
INFO: HHH000037: Columns: [nombretipodocumento, descripciontipodocumento, activotipodocumento, idtipodocumento]
oct 14, 2021 8:19:43 PM org.hibernate.tool.hbm2ddl.TableMetadata <init>
INFO: HHH000261: Table found: microcosmos.usuarios
oct 14, 2021 8:19:43 PM org.hibernate.tool.hbm2ddl.TableMetadata <init>
INFO: HHH000037: Columns: [nombreusuario, idempleados, numerodeintentos, activousuario, admin, contrasena, idusuario]
oct 14, 2021 8:19:43 PM org.hibernate.tool.hbm2ddl.TableMetadata <init>
INFO: HHH000261: Table found: microcosmos.venta
oct 14, 2021 8:19:43 PM org.hibernate.tool.hbm2ddl.TableMetadata <init>
INFO: HHH000037: Columns: [numtarjeta, idtipodepago, formato, montoefectivo, idcliente, idestado, idventa, total, idempleados, impuesto, subtotal, montotarjeta, fechaventa, idparametros]
oct 14, 2021 8:19:43 PM org.hibernate.jpa.internal.EntityManagerFactoryRegistry addEntityManagerFactory
WARN: HHH000436: Entity manager factory name (DB) is already registered.  If entity manager will be clustered or passivated, specify a unique value for property 'hibernate.ejb.entitymanager_factory_name'
oct 14, 2021 8:19:43 PM org.hibernate.ejb.HibernatePersistence logDeprecation
WARN: HHH015016: Encountered a deprecated javax.persistence.spi.PersistenceProvider [org.hibernate.ejb.HibernatePersistence]; use [org.hibernate.jpa.HibernatePersistenceProvider] instead.
oct 14, 2021 8:19:43 PM org.hibernate.ejb.HibernatePersistence logDeprecation
WARN: HHH015016: Encountered a deprecated javax.persistence.spi.PersistenceProvider [org.hibernate.ejb.HibernatePersistence]; use [org.hibernate.jpa.HibernatePersistenceProvider] instead.
oct 14, 2021 8:19:43 PM org.hibernate.ejb.HibernatePersistence logDeprecation
WARN: HHH015016: Encountered a deprecated javax.persistence.spi.PersistenceProvider [org.hibernate.ejb.HibernatePersistence]; use [org.hibernate.jpa.HibernatePersistenceProvider] instead.
oct 14, 2021 8:19:43 PM org.hibernate.jpa.internal.util.LogHelper logPersistenceUnitInformation
INFO: HHH000204: Processing PersistenceUnitInfo [
	name: DB
	...]
oct 14, 2021 8:19:43 PM org.hibernate.engine.jdbc.connections.internal.DriverManagerConnectionProviderImpl configure
WARN: HHH000402: Using Hibernate built-in connection pool (not for production use!)
oct 14, 2021 8:19:43 PM org.hibernate.engine.jdbc.connections.internal.DriverManagerConnectionProviderImpl buildCreator
INFO: HHH000401: using driver [com.mysql.jdbc.Driver] at URL [jdbc:mysql://localhost:3306/Microcosmos?zeroDateTimeBehavior=convertToNull]
oct 14, 2021 8:19:43 PM org.hibernate.engine.jdbc.connections.internal.DriverManagerConnectionProviderImpl buildCreator
INFO: HHH000046: Connection properties: {user=root, password=****}
oct 14, 2021 8:19:43 PM org.hibernate.engine.jdbc.connections.internal.DriverManagerConnectionProviderImpl buildCreator
INFO: HHH000006: Autocommit mode: false
oct 14, 2021 8:19:43 PM org.hibernate.engine.jdbc.connections.internal.DriverManagerConnectionProviderImpl configure
INFO: HHH000115: Hibernate connection pool size: 20 (min=1)
oct 14, 2021 8:19:43 PM org.hibernate.dialect.Dialect <init>
INFO: HHH000400: Using dialect: org.hibernate.dialect.MySQLDialect
oct 14, 2021 8:19:43 PM org.hibernate.hql.internal.ast.ASTQueryTranslatorFactory <init>
INFO: HHH000397: Using ASTQueryTranslatorFactory
oct 14, 2021 8:19:43 PM org.hibernate.tool.hbm2ddl.SchemaValidator validate
INFO: HHH000229: Running schema validator
oct 14, 2021 8:19:43 PM org.hibernate.tool.hbm2ddl.SchemaValidator validate
INFO: HHH000102: Fetching database metadata
oct 14, 2021 8:19:43 PM org.hibernate.tool.hbm2ddl.TableMetadata <init>
INFO: HHH000261: Table found: microcosmos.arealaboral
oct 14, 2021 8:19:43 PM org.hibernate.tool.hbm2ddl.TableMetadata <init>
INFO: HHH000037: Columns: [idarealaboral, descripcionarealaboral, nombrearealaboral, activoarealaboral]
oct 14, 2021 8:19:43 PM org.hibernate.tool.hbm2ddl.TableMetadata <init>
INFO: HHH000261: Table found: microcosmos.arealaboralhistorica
oct 14, 2021 8:19:43 PM org.hibernate.tool.hbm2ddl.TableMetadata <init>
INFO: HHH000037: Columns: [idempleados, fechaconclusion, fechacomienzo, idarealaboralhistorica]
oct 14, 2021 8:19:43 PM org.hibernate.tool.hbm2ddl.TableMetadata <init>
INFO: HHH000261: Table found: microcosmos.articulo
oct 14, 2021 8:19:43 PM org.hibernate.tool.hbm2ddl.TableMetadata <init>
INFO: HHH000037: Columns: [idsecciontienda, stockmaximo, activoarticulo, nombrearticulo, stockminimo, precioarticulo, idtalla, stock, descripcionarticulo, idarticulo]
oct 14, 2021 8:19:43 PM org.hibernate.tool.hbm2ddl.TableMetadata <init>
INFO: HHH000261: Table found: microcosmos.clientes
oct 14, 2021 8:19:43 PM org.hibernate.tool.hbm2ddl.TableMetadata <init>
INFO: HHH000037: Columns: [telefonocliente, direccioncliente, idtipodocumento, idsexo, documento, activocliente, idcliente, nombrecliente, apellidocliente, correocliente]
oct 14, 2021 8:19:43 PM org.hibernate.tool.hbm2ddl.TableMetadata <init>
INFO: HHH000261: Table found: microcosmos.compra
oct 14, 2021 8:19:43 PM org.hibernate.tool.hbm2ddl.TableMetadata <init>
INFO: HHH000037: Columns: [idcompra, fechapedido, idproveedor, idempleados, fecharecibido, totalcompra, idestado]
oct 14, 2021 8:19:43 PM org.hibernate.tool.hbm2ddl.TableMetadata <init>
INFO: HHH000261: Table found: microcosmos.detallecompra
oct 14, 2021 8:19:43 PM org.hibernate.tool.hbm2ddl.TableMetadata <init>
INFO: HHH000037: Columns: [idcompra, iddetallecompra, preciocompra, cantidad, idarticulo]
oct 14, 2021 8:19:43 PM org.hibernate.tool.hbm2ddl.TableMetadata <init>
INFO: HHH000261: Table found: microcosmos.detalleventa
oct 14, 2021 8:19:43 PM org.hibernate.tool.hbm2ddl.TableMetadata <init>
INFO: HHH000037: Columns: [idventa, iddetalleventa, cantidad, idarticulo]
oct 14, 2021 8:19:43 PM org.hibernate.tool.hbm2ddl.TableMetadata <init>
INFO: HHH000261: Table found: microcosmos.empleados
oct 14, 2021 8:19:43 PM org.hibernate.tool.hbm2ddl.TableMetadata <init>
INFO: HHH000037: Columns: [idempleados, idarealaboral, idtipodocumento, idsexo, telefonoempleado, documento, nombreempleado, correoempleado, apellidoempleado, fechadenacimiento, activoempleado]
oct 14, 2021 8:19:43 PM org.hibernate.tool.hbm2ddl.TableMetadata <init>
INFO: HHH000261: Table found: microcosmos.entidades
oct 14, 2021 8:19:43 PM org.hibernate.tool.hbm2ddl.TableMetadata <init>
INFO: HHH000037: Columns: [identidad, activoentidad, nombreentidad]
oct 14, 2021 8:19:43 PM org.hibernate.tool.hbm2ddl.TableMetadata <init>
INFO: HHH000261: Table found: microcosmos.estado
oct 14, 2021 8:19:43 PM org.hibernate.tool.hbm2ddl.TableMetadata <init>
INFO: HHH000037: Columns: [nombreestado, activoestado, identidad, descripcionestado, idestado]
oct 14, 2021 8:19:43 PM org.hibernate.tool.hbm2ddl.TableMetadata <init>
INFO: HHH000261: Table found: microcosmos.facturasdevueltas
oct 14, 2021 8:19:43 PM org.hibernate.tool.hbm2ddl.TableMetadata <init>
INFO: HHH000037: Columns: [idventa, descripcion, fechadevolucion, idempleados, idfacturadevuelta]
oct 14, 2021 8:19:43 PM org.hibernate.tool.hbm2ddl.TableMetadata <init>
INFO: HHH000261: Table found: microcosmos.parametros
oct 14, 2021 8:19:43 PM org.hibernate.tool.hbm2ddl.TableMetadata <init>
INFO: HHH000037: Columns: [facturainicial, fechaemision, facturafinal, activoparametros, fechacaducidad, cai, idparametros]
oct 14, 2021 8:19:43 PM org.hibernate.tool.hbm2ddl.TableMetadata <init>
INFO: HHH000261: Table found: microcosmos.pedidosdevueltos
oct 14, 2021 8:19:43 PM org.hibernate.tool.hbm2ddl.TableMetadata <init>
INFO: HHH000037: Columns: [idcompra, descripcion, idempleados, idpedidosdevueltos, fechaanulacion]
oct 14, 2021 8:19:43 PM org.hibernate.tool.hbm2ddl.TableMetadata <init>
INFO: HHH000261: Table found: microcosmos.preciohistorico
oct 14, 2021 8:19:43 PM org.hibernate.tool.hbm2ddl.TableMetadata <init>
INFO: HHH000037: Columns: [precio, idpreciohistorico, fechainicial, fechafinal, idarticulo, activopreciohistorico]
oct 14, 2021 8:19:43 PM org.hibernate.tool.hbm2ddl.TableMetadata <init>
INFO: HHH000261: Table found: microcosmos.proveedores
oct 14, 2021 8:19:43 PM org.hibernate.tool.hbm2ddl.TableMetadata <init>
INFO: HHH000037: Columns: [idproveedor, activoproveedor, idtipodocumento, nombreproveedor, correoproveedor, telefonoproveedor, documento, ubicacionproveedor]
oct 14, 2021 8:19:43 PM org.hibernate.tool.hbm2ddl.TableMetadata <init>
INFO: HHH000261: Table found: microcosmos.secciontienda
oct 14, 2021 8:19:43 PM org.hibernate.tool.hbm2ddl.TableMetadata <init>
INFO: HHH000037: Columns: [idsecciontienda, descripcionsecciontienda, nombresecciontienda, activosecciontienda]
oct 14, 2021 8:19:43 PM org.hibernate.tool.hbm2ddl.TableMetadata <init>
INFO: HHH000261: Table found: microcosmos.sexo
oct 14, 2021 8:19:43 PM org.hibernate.tool.hbm2ddl.TableMetadata <init>
INFO: HHH000037: Columns: [idsexo, nombresexo, descripcionsexo]
oct 14, 2021 8:19:43 PM org.hibernate.tool.hbm2ddl.TableMetadata <init>
INFO: HHH000261: Table found: microcosmos.talla
oct 14, 2021 8:19:43 PM org.hibernate.tool.hbm2ddl.TableMetadata <init>
INFO: HHH000037: Columns: [activotalla, nombretalla, descripciontalla, idtalla]
oct 14, 2021 8:19:43 PM org.hibernate.tool.hbm2ddl.TableMetadata <init>
INFO: HHH000261: Table found: microcosmos.tipodepago
oct 14, 2021 8:19:43 PM org.hibernate.tool.hbm2ddl.TableMetadata <init>
INFO: HHH000037: Columns: [descripciontipodepago, nombretipodepago, idtipodepago, activotipodepago]
oct 14, 2021 8:19:43 PM org.hibernate.tool.hbm2ddl.TableMetadata <init>
INFO: HHH000261: Table found: microcosmos.tipodocumento
oct 14, 2021 8:19:43 PM org.hibernate.tool.hbm2ddl.TableMetadata <init>
INFO: HHH000037: Columns: [nombretipodocumento, descripciontipodocumento, activotipodocumento, idtipodocumento]
oct 14, 2021 8:19:43 PM org.hibernate.tool.hbm2ddl.TableMetadata <init>
INFO: HHH000261: Table found: microcosmos.usuarios
oct 14, 2021 8:19:43 PM org.hibernate.tool.hbm2ddl.TableMetadata <init>
INFO: HHH000037: Columns: [nombreusuario, idempleados, numerodeintentos, activousuario, admin, contrasena, idusuario]
oct 14, 2021 8:19:43 PM org.hibernate.tool.hbm2ddl.TableMetadata <init>
INFO: HHH000261: Table found: microcosmos.venta
oct 14, 2021 8:19:43 PM org.hibernate.tool.hbm2ddl.TableMetadata <init>
INFO: HHH000037: Columns: [numtarjeta, idtipodepago, formato, montoefectivo, idcliente, idestado, idventa, total, idempleados, impuesto, subtotal, montotarjeta, fechaventa, idparametros]
oct 14, 2021 8:19:43 PM org.hibernate.jpa.internal.EntityManagerFactoryRegistry addEntityManagerFactory
WARN: HHH000436: Entity manager factory name (DB) is already registered.  If entity manager will be clustered or passivated, specify a unique value for property 'hibernate.ejb.entitymanager_factory_name'
oct 14, 2021 8:19:43 PM org.hibernate.ejb.HibernatePersistence logDeprecation
WARN: HHH015016: Encountered a deprecated javax.persistence.spi.PersistenceProvider [org.hibernate.ejb.HibernatePersistence]; use [org.hibernate.jpa.HibernatePersistenceProvider] instead.
oct 14, 2021 8:19:43 PM org.hibernate.ejb.HibernatePersistence logDeprecation
WARN: HHH015016: Encountered a deprecated javax.persistence.spi.PersistenceProvider [org.hibernate.ejb.HibernatePersistence]; use [org.hibernate.jpa.HibernatePersistenceProvider] instead.
oct 14, 2021 8:19:43 PM org.hibernate.ejb.HibernatePersistence logDeprecation
WARN: HHH015016: Encountered a deprecated javax.persistence.spi.PersistenceProvider [org.hibernate.ejb.HibernatePersistence]; use [org.hibernate.jpa.HibernatePersistenceProvider] instead.
oct 14, 2021 8:19:43 PM org.hibernate.jpa.internal.util.LogHelper logPersistenceUnitInformation
INFO: HHH000204: Processing PersistenceUnitInfo [
	name: DB
	...]
oct 14, 2021 8:19:43 PM org.hibernate.engine.jdbc.connections.internal.DriverManagerConnectionProviderImpl configure
WARN: HHH000402: Using Hibernate built-in connection pool (not for production use!)
oct 14, 2021 8:19:43 PM org.hibernate.engine.jdbc.connections.internal.DriverManagerConnectionProviderImpl buildCreator
INFO: HHH000401: using driver [com.mysql.jdbc.Driver] at URL [jdbc:mysql://localhost:3306/Microcosmos?zeroDateTimeBehavior=convertToNull]
oct 14, 2021 8:19:43 PM org.hibernate.engine.jdbc.connections.internal.DriverManagerConnectionProviderImpl buildCreator
INFO: HHH000046: Connection properties: {user=root, password=****}
oct 14, 2021 8:19:43 PM org.hibernate.engine.jdbc.connections.internal.DriverManagerConnectionProviderImpl buildCreator
INFO: HHH000006: Autocommit mode: false
oct 14, 2021 8:19:43 PM org.hibernate.engine.jdbc.connections.internal.DriverManagerConnectionProviderImpl configure
INFO: HHH000115: Hibernate connection pool size: 20 (min=1)
oct 14, 2021 8:19:43 PM org.hibernate.dialect.Dialect <init>
INFO: HHH000400: Using dialect: org.hibernate.dialect.MySQLDialect
oct 14, 2021 8:19:43 PM org.hibernate.hql.internal.ast.ASTQueryTranslatorFactory <init>
INFO: HHH000397: Using ASTQueryTranslatorFactory
oct 14, 2021 8:19:43 PM org.hibernate.tool.hbm2ddl.SchemaValidator validate
INFO: HHH000229: Running schema validator
oct 14, 2021 8:19:43 PM org.hibernate.tool.hbm2ddl.SchemaValidator validate
INFO: HHH000102: Fetching database metadata
oct 14, 2021 8:19:43 PM org.hibernate.tool.hbm2ddl.TableMetadata <init>
INFO: HHH000261: Table found: microcosmos.arealaboral
oct 14, 2021 8:19:43 PM org.hibernate.tool.hbm2ddl.TableMetadata <init>
INFO: HHH000037: Columns: [idarealaboral, descripcionarealaboral, nombrearealaboral, activoarealaboral]
oct 14, 2021 8:19:43 PM org.hibernate.tool.hbm2ddl.TableMetadata <init>
INFO: HHH000261: Table found: microcosmos.arealaboralhistorica
oct 14, 2021 8:19:43 PM org.hibernate.tool.hbm2ddl.TableMetadata <init>
INFO: HHH000037: Columns: [idempleados, fechaconclusion, fechacomienzo, idarealaboralhistorica]
oct 14, 2021 8:19:43 PM org.hibernate.tool.hbm2ddl.TableMetadata <init>
INFO: HHH000261: Table found: microcosmos.articulo
oct 14, 2021 8:19:43 PM org.hibernate.tool.hbm2ddl.TableMetadata <init>
INFO: HHH000037: Columns: [idsecciontienda, stockmaximo, activoarticulo, nombrearticulo, stockminimo, precioarticulo, idtalla, stock, descripcionarticulo, idarticulo]
oct 14, 2021 8:19:43 PM org.hibernate.tool.hbm2ddl.TableMetadata <init>
INFO: HHH000261: Table found: microcosmos.clientes
oct 14, 2021 8:19:43 PM org.hibernate.tool.hbm2ddl.TableMetadata <init>
INFO: HHH000037: Columns: [telefonocliente, direccioncliente, idtipodocumento, idsexo, documento, activocliente, idcliente, nombrecliente, apellidocliente, correocliente]
oct 14, 2021 8:19:43 PM org.hibernate.tool.hbm2ddl.TableMetadata <init>
INFO: HHH000261: Table found: microcosmos.compra
oct 14, 2021 8:19:43 PM org.hibernate.tool.hbm2ddl.TableMetadata <init>
INFO: HHH000037: Columns: [idcompra, fechapedido, idproveedor, idempleados, fecharecibido, totalcompra, idestado]
oct 14, 2021 8:19:43 PM org.hibernate.tool.hbm2ddl.TableMetadata <init>
INFO: HHH000261: Table found: microcosmos.detallecompra
oct 14, 2021 8:19:43 PM org.hibernate.tool.hbm2ddl.TableMetadata <init>
INFO: HHH000037: Columns: [idcompra, iddetallecompra, preciocompra, cantidad, idarticulo]
oct 14, 2021 8:19:43 PM org.hibernate.tool.hbm2ddl.TableMetadata <init>
INFO: HHH000261: Table found: microcosmos.detalleventa
oct 14, 2021 8:19:43 PM org.hibernate.tool.hbm2ddl.TableMetadata <init>
INFO: HHH000037: Columns: [idventa, iddetalleventa, cantidad, idarticulo]
oct 14, 2021 8:19:43 PM org.hibernate.tool.hbm2ddl.TableMetadata <init>
INFO: HHH000261: Table found: microcosmos.empleados
oct 14, 2021 8:19:43 PM org.hibernate.tool.hbm2ddl.TableMetadata <init>
INFO: HHH000037: Columns: [idempleados, idarealaboral, idtipodocumento, idsexo, telefonoempleado, documento, nombreempleado, correoempleado, apellidoempleado, fechadenacimiento, activoempleado]
oct 14, 2021 8:19:43 PM org.hibernate.tool.hbm2ddl.TableMetadata <init>
INFO: HHH000261: Table found: microcosmos.entidades
oct 14, 2021 8:19:43 PM org.hibernate.tool.hbm2ddl.TableMetadata <init>
INFO: HHH000037: Columns: [identidad, activoentidad, nombreentidad]
oct 14, 2021 8:19:43 PM org.hibernate.tool.hbm2ddl.TableMetadata <init>
INFO: HHH000261: Table found: microcosmos.estado
oct 14, 2021 8:19:43 PM org.hibernate.tool.hbm2ddl.TableMetadata <init>
INFO: HHH000037: Columns: [nombreestado, activoestado, identidad, descripcionestado, idestado]
oct 14, 2021 8:19:43 PM org.hibernate.tool.hbm2ddl.TableMetadata <init>
INFO: HHH000261: Table found: microcosmos.facturasdevueltas
oct 14, 2021 8:19:43 PM org.hibernate.tool.hbm2ddl.TableMetadata <init>
INFO: HHH000037: Columns: [idventa, descripcion, fechadevolucion, idempleados, idfacturadevuelta]
oct 14, 2021 8:19:43 PM org.hibernate.tool.hbm2ddl.TableMetadata <init>
INFO: HHH000261: Table found: microcosmos.parametros
oct 14, 2021 8:19:43 PM org.hibernate.tool.hbm2ddl.TableMetadata <init>
INFO: HHH000037: Columns: [facturainicial, fechaemision, facturafinal, activoparametros, fechacaducidad, cai, idparametros]
oct 14, 2021 8:19:43 PM org.hibernate.tool.hbm2ddl.TableMetadata <init>
INFO: HHH000261: Table found: microcosmos.pedidosdevueltos
oct 14, 2021 8:19:43 PM org.hibernate.tool.hbm2ddl.TableMetadata <init>
INFO: HHH000037: Columns: [idcompra, descripcion, idempleados, idpedidosdevueltos, fechaanulacion]
oct 14, 2021 8:19:43 PM org.hibernate.tool.hbm2ddl.TableMetadata <init>
INFO: HHH000261: Table found: microcosmos.preciohistorico
oct 14, 2021 8:19:43 PM org.hibernate.tool.hbm2ddl.TableMetadata <init>
INFO: HHH000037: Columns: [precio, idpreciohistorico, fechainicial, fechafinal, idarticulo, activopreciohistorico]
oct 14, 2021 8:19:43 PM org.hibernate.tool.hbm2ddl.TableMetadata <init>
INFO: HHH000261: Table found: microcosmos.proveedores
oct 14, 2021 8:19:43 PM org.hibernate.tool.hbm2ddl.TableMetadata <init>
INFO: HHH000037: Columns: [idproveedor, activoproveedor, idtipodocumento, nombreproveedor, correoproveedor, telefonoproveedor, documento, ubicacionproveedor]
oct 14, 2021 8:19:43 PM org.hibernate.tool.hbm2ddl.TableMetadata <init>
INFO: HHH000261: Table found: microcosmos.secciontienda
oct 14, 2021 8:19:43 PM org.hibernate.tool.hbm2ddl.TableMetadata <init>
INFO: HHH000037: Columns: [idsecciontienda, descripcionsecciontienda, nombresecciontienda, activosecciontienda]
oct 14, 2021 8:19:43 PM org.hibernate.tool.hbm2ddl.TableMetadata <init>
INFO: HHH000261: Table found: microcosmos.sexo
oct 14, 2021 8:19:43 PM org.hibernate.tool.hbm2ddl.TableMetadata <init>
INFO: HHH000037: Columns: [idsexo, nombresexo, descripcionsexo]
oct 14, 2021 8:19:43 PM org.hibernate.tool.hbm2ddl.TableMetadata <init>
INFO: HHH000261: Table found: microcosmos.talla
oct 14, 2021 8:19:43 PM org.hibernate.tool.hbm2ddl.TableMetadata <init>
INFO: HHH000037: Columns: [activotalla, nombretalla, descripciontalla, idtalla]
oct 14, 2021 8:19:43 PM org.hibernate.tool.hbm2ddl.TableMetadata <init>
INFO: HHH000261: Table found: microcosmos.tipodepago
oct 14, 2021 8:19:43 PM org.hibernate.tool.hbm2ddl.TableMetadata <init>
INFO: HHH000037: Columns: [descripciontipodepago, nombretipodepago, idtipodepago, activotipodepago]
oct 14, 2021 8:19:43 PM org.hibernate.tool.hbm2ddl.TableMetadata <init>
INFO: HHH000261: Table found: microcosmos.tipodocumento
oct 14, 2021 8:19:43 PM org.hibernate.tool.hbm2ddl.TableMetadata <init>
INFO: HHH000037: Columns: [nombretipodocumento, descripciontipodocumento, activotipodocumento, idtipodocumento]
oct 14, 2021 8:19:43 PM org.hibernate.tool.hbm2ddl.TableMetadata <init>
INFO: HHH000261: Table found: microcosmos.usuarios
oct 14, 2021 8:19:43 PM org.hibernate.tool.hbm2ddl.TableMetadata <init>
INFO: HHH000037: Columns: [nombreusuario, idempleados, numerodeintentos, activousuario, admin, contrasena, idusuario]
oct 14, 2021 8:19:43 PM org.hibernate.tool.hbm2ddl.TableMetadata <init>
INFO: HHH000261: Table found: microcosmos.venta
oct 14, 2021 8:19:43 PM org.hibernate.tool.hbm2ddl.TableMetadata <init>
INFO: HHH000037: Columns: [numtarjeta, idtipodepago, formato, montoefectivo, idcliente, idestado, idventa, total, idempleados, impuesto, subtotal, montotarjeta, fechaventa, idparametros]
oct 14, 2021 8:19:43 PM org.hibernate.jpa.internal.EntityManagerFactoryRegistry addEntityManagerFactory
WARN: HHH000436: Entity manager factory name (DB) is already registered.  If entity manager will be clustered or passivated, specify a unique value for property 'hibernate.ejb.entitymanager_factory_name'
oct 14, 2021 8:19:43 PM org.hibernate.ejb.HibernatePersistence logDeprecation
WARN: HHH015016: Encountered a deprecated javax.persistence.spi.PersistenceProvider [org.hibernate.ejb.HibernatePersistence]; use [org.hibernate.jpa.HibernatePersistenceProvider] instead.
oct 14, 2021 8:19:43 PM org.hibernate.ejb.HibernatePersistence logDeprecation
WARN: HHH015016: Encountered a deprecated javax.persistence.spi.PersistenceProvider [org.hibernate.ejb.HibernatePersistence]; use [org.hibernate.jpa.HibernatePersistenceProvider] instead.
oct 14, 2021 8:19:43 PM org.hibernate.ejb.HibernatePersistence logDeprecation
WARN: HHH015016: Encountered a deprecated javax.persistence.spi.PersistenceProvider [org.hibernate.ejb.HibernatePersistence]; use [org.hibernate.jpa.HibernatePersistenceProvider] instead.
oct 14, 2021 8:19:43 PM org.hibernate.jpa.internal.util.LogHelper logPersistenceUnitInformation
INFO: HHH000204: Processing PersistenceUnitInfo [
	name: DB
	...]
oct 14, 2021 8:19:43 PM org.hibernate.engine.jdbc.connections.internal.DriverManagerConnectionProviderImpl configure
WARN: HHH000402: Using Hibernate built-in connection pool (not for production use!)
oct 14, 2021 8:19:43 PM org.hibernate.engine.jdbc.connections.internal.DriverManagerConnectionProviderImpl buildCreator
INFO: HHH000401: using driver [com.mysql.jdbc.Driver] at URL [jdbc:mysql://localhost:3306/Microcosmos?zeroDateTimeBehavior=convertToNull]
oct 14, 2021 8:19:43 PM org.hibernate.engine.jdbc.connections.internal.DriverManagerConnectionProviderImpl buildCreator
INFO: HHH000046: Connection properties: {user=root, password=****}
oct 14, 2021 8:19:43 PM org.hibernate.engine.jdbc.connections.internal.DriverManagerConnectionProviderImpl buildCreator
INFO: HHH000006: Autocommit mode: false
oct 14, 2021 8:19:43 PM org.hibernate.engine.jdbc.connections.internal.DriverManagerConnectionProviderImpl configure
INFO: HHH000115: Hibernate connection pool size: 20 (min=1)
oct 14, 2021 8:19:43 PM org.hibernate.dialect.Dialect <init>
INFO: HHH000400: Using dialect: org.hibernate.dialect.MySQLDialect
oct 14, 2021 8:19:43 PM org.hibernate.hql.internal.ast.ASTQueryTranslatorFactory <init>
INFO: HHH000397: Using ASTQueryTranslatorFactory
oct 14, 2021 8:19:43 PM org.hibernate.tool.hbm2ddl.SchemaValidator validate
INFO: HHH000229: Running schema validator
oct 14, 2021 8:19:43 PM org.hibernate.tool.hbm2ddl.SchemaValidator validate
INFO: HHH000102: Fetching database metadata
oct 14, 2021 8:19:43 PM org.hibernate.tool.hbm2ddl.TableMetadata <init>
INFO: HHH000261: Table found: microcosmos.arealaboral
oct 14, 2021 8:19:43 PM org.hibernate.tool.hbm2ddl.TableMetadata <init>
INFO: HHH000037: Columns: [idarealaboral, descripcionarealaboral, nombrearealaboral, activoarealaboral]
oct 14, 2021 8:19:43 PM org.hibernate.tool.hbm2ddl.TableMetadata <init>
INFO: HHH000261: Table found: microcosmos.arealaboralhistorica
oct 14, 2021 8:19:43 PM org.hibernate.tool.hbm2ddl.TableMetadata <init>
INFO: HHH000037: Columns: [idempleados, fechaconclusion, fechacomienzo, idarealaboralhistorica]
oct 14, 2021 8:19:43 PM org.hibernate.tool.hbm2ddl.TableMetadata <init>
INFO: HHH000261: Table found: microcosmos.articulo
oct 14, 2021 8:19:43 PM org.hibernate.tool.hbm2ddl.TableMetadata <init>
INFO: HHH000037: Columns: [idsecciontienda, stockmaximo, activoarticulo, nombrearticulo, stockminimo, precioarticulo, idtalla, stock, descripcionarticulo, idarticulo]
oct 14, 2021 8:19:43 PM org.hibernate.tool.hbm2ddl.TableMetadata <init>
INFO: HHH000261: Table found: microcosmos.clientes
oct 14, 2021 8:19:43 PM org.hibernate.tool.hbm2ddl.TableMetadata <init>
INFO: HHH000037: Columns: [telefonocliente, direccioncliente, idtipodocumento, idsexo, documento, activocliente, idcliente, nombrecliente, apellidocliente, correocliente]
oct 14, 2021 8:19:43 PM org.hibernate.tool.hbm2ddl.TableMetadata <init>
INFO: HHH000261: Table found: microcosmos.compra
oct 14, 2021 8:19:43 PM org.hibernate.tool.hbm2ddl.TableMetadata <init>
INFO: HHH000037: Columns: [idcompra, fechapedido, idproveedor, idempleados, fecharecibido, totalcompra, idestado]
oct 14, 2021 8:19:43 PM org.hibernate.tool.hbm2ddl.TableMetadata <init>
INFO: HHH000261: Table found: microcosmos.detallecompra
oct 14, 2021 8:19:43 PM org.hibernate.tool.hbm2ddl.TableMetadata <init>
INFO: HHH000037: Columns: [idcompra, iddetallecompra, preciocompra, cantidad, idarticulo]
oct 14, 2021 8:19:43 PM org.hibernate.tool.hbm2ddl.TableMetadata <init>
INFO: HHH000261: Table found: microcosmos.detalleventa
oct 14, 2021 8:19:43 PM org.hibernate.tool.hbm2ddl.TableMetadata <init>
INFO: HHH000037: Columns: [idventa, iddetalleventa, cantidad, idarticulo]
oct 14, 2021 8:19:43 PM org.hibernate.tool.hbm2ddl.TableMetadata <init>
INFO: HHH000261: Table found: microcosmos.empleados
oct 14, 2021 8:19:43 PM org.hibernate.tool.hbm2ddl.TableMetadata <init>
INFO: HHH000037: Columns: [idempleados, idarealaboral, idtipodocumento, idsexo, telefonoempleado, documento, nombreempleado, correoempleado, apellidoempleado, fechadenacimiento, activoempleado]
oct 14, 2021 8:19:43 PM org.hibernate.tool.hbm2ddl.TableMetadata <init>
INFO: HHH000261: Table found: microcosmos.entidades
oct 14, 2021 8:19:43 PM org.hibernate.tool.hbm2ddl.TableMetadata <init>
INFO: HHH000037: Columns: [identidad, activoentidad, nombreentidad]
oct 14, 2021 8:19:43 PM org.hibernate.tool.hbm2ddl.TableMetadata <init>
INFO: HHH000261: Table found: microcosmos.estado
oct 14, 2021 8:19:43 PM org.hibernate.tool.hbm2ddl.TableMetadata <init>
INFO: HHH000037: Columns: [nombreestado, activoestado, identidad, descripcionestado, idestado]
oct 14, 2021 8:19:43 PM org.hibernate.tool.hbm2ddl.TableMetadata <init>
INFO: HHH000261: Table found: microcosmos.facturasdevueltas
oct 14, 2021 8:19:43 PM org.hibernate.tool.hbm2ddl.TableMetadata <init>
INFO: HHH000037: Columns: [idventa, descripcion, fechadevolucion, idempleados, idfacturadevuelta]
oct 14, 2021 8:19:43 PM org.hibernate.tool.hbm2ddl.TableMetadata <init>
INFO: HHH000261: Table found: microcosmos.parametros
oct 14, 2021 8:19:43 PM org.hibernate.tool.hbm2ddl.TableMetadata <init>
INFO: HHH000037: Columns: [facturainicial, fechaemision, facturafinal, activoparametros, fechacaducidad, cai, idparametros]
oct 14, 2021 8:19:43 PM org.hibernate.tool.hbm2ddl.TableMetadata <init>
INFO: HHH000261: Table found: microcosmos.pedidosdevueltos
oct 14, 2021 8:19:43 PM org.hibernate.tool.hbm2ddl.TableMetadata <init>
INFO: HHH000037: Columns: [idcompra, descripcion, idempleados, idpedidosdevueltos, fechaanulacion]
oct 14, 2021 8:19:43 PM org.hibernate.tool.hbm2ddl.TableMetadata <init>
INFO: HHH000261: Table found: microcosmos.preciohistorico
oct 14, 2021 8:19:43 PM org.hibernate.tool.hbm2ddl.TableMetadata <init>
INFO: HHH000037: Columns: [precio, idpreciohistorico, fechainicial, fechafinal, idarticulo, activopreciohistorico]
oct 14, 2021 8:19:43 PM org.hibernate.tool.hbm2ddl.TableMetadata <init>
INFO: HHH000261: Table found: microcosmos.proveedores
oct 14, 2021 8:19:43 PM org.hibernate.tool.hbm2ddl.TableMetadata <init>
INFO: HHH000037: Columns: [idproveedor, activoproveedor, idtipodocumento, nombreproveedor, correoproveedor, telefonoproveedor, documento, ubicacionproveedor]
oct 14, 2021 8:19:43 PM org.hibernate.tool.hbm2ddl.TableMetadata <init>
INFO: HHH000261: Table found: microcosmos.secciontienda
oct 14, 2021 8:19:43 PM org.hibernate.tool.hbm2ddl.TableMetadata <init>
INFO: HHH000037: Columns: [idsecciontienda, descripcionsecciontienda, nombresecciontienda, activosecciontienda]
oct 14, 2021 8:19:43 PM org.hibernate.tool.hbm2ddl.TableMetadata <init>
INFO: HHH000261: Table found: microcosmos.sexo
oct 14, 2021 8:19:43 PM org.hibernate.tool.hbm2ddl.TableMetadata <init>
INFO: HHH000037: Columns: [idsexo, nombresexo, descripcionsexo]
oct 14, 2021 8:19:43 PM org.hibernate.tool.hbm2ddl.TableMetadata <init>
INFO: HHH000261: Table found: microcosmos.talla
oct 14, 2021 8:19:43 PM org.hibernate.tool.hbm2ddl.TableMetadata <init>
INFO: HHH000037: Columns: [activotalla, nombretalla, descripciontalla, idtalla]
oct 14, 2021 8:19:43 PM org.hibernate.tool.hbm2ddl.TableMetadata <init>
INFO: HHH000261: Table found: microcosmos.tipodepago
oct 14, 2021 8:19:43 PM org.hibernate.tool.hbm2ddl.TableMetadata <init>
INFO: HHH000037: Columns: [descripciontipodepago, nombretipodepago, idtipodepago, activotipodepago]
oct 14, 2021 8:19:43 PM org.hibernate.tool.hbm2ddl.TableMetadata <init>
INFO: HHH000261: Table found: microcosmos.tipodocumento
oct 14, 2021 8:19:43 PM org.hibernate.tool.hbm2ddl.TableMetadata <init>
INFO: HHH000037: Columns: [nombretipodocumento, descripciontipodocumento, activotipodocumento, idtipodocumento]
oct 14, 2021 8:19:43 PM org.hibernate.tool.hbm2ddl.TableMetadata <init>
INFO: HHH000261: Table found: microcosmos.usuarios
oct 14, 2021 8:19:43 PM org.hibernate.tool.hbm2ddl.TableMetadata <init>
INFO: HHH000037: Columns: [nombreusuario, idempleados, numerodeintentos, activousuario, admin, contrasena, idusuario]
oct 14, 2021 8:19:43 PM org.hibernate.tool.hbm2ddl.TableMetadata <init>
INFO: HHH000261: Table found: microcosmos.venta
oct 14, 2021 8:19:43 PM org.hibernate.tool.hbm2ddl.TableMetadata <init>
INFO: HHH000037: Columns: [numtarjeta, idtipodepago, formato, montoefectivo, idcliente, idestado, idventa, total, idempleados, impuesto, subtotal, montotarjeta, fechaventa, idparametros]
oct 14, 2021 8:19:43 PM org.hibernate.jpa.internal.EntityManagerFactoryRegistry addEntityManagerFactory
WARN: HHH000436: Entity manager factory name (DB) is already registered.  If entity manager will be clustered or passivated, specify a unique value for property 'hibernate.ejb.entitymanager_factory_name'
]]></system-err>
  </testcase>
  <testcase name="testFechavalida" classname="com.screens.FmrEmpleadosTest" time="0">
    <system-out><![CDATA[Fechavalida
]]></system-out>
  </testcase>
  <testcase name="testBuscarApellido" classname="com.screens.FmrEmpleadosTest" time="9.986">
    <system-out><![CDATA[buscarApellido
Hibernate: select tipodocume0_.idTipoDocumento as idTipoDo1_19_, tipodocume0_.activoTipoDocumento as activoTi2_19_, tipodocume0_.descripcionTipoDocumento as descripc3_19_, tipodocume0_.nombreTipoDocumento as nombreTi4_19_ from tipodocumento tipodocume0_
Hibernate: select sexo0_.idSexo as idSexo1_16_, sexo0_.descripcionSexo as descripc2_16_, sexo0_.nombreSexo as nombreSe3_16_ from sexo sexo0_
Hibernate: select arealabora0_.idAreaLaboral as idAreaLa1_0_, arealabora0_.activoAreaLaboral as activoAr2_0_, arealabora0_.descripcionAreaLaboral as descripc3_0_, arealabora0_.nombreAreaLaboral as nombreAr4_0_ from arealaboral arealabora0_
Hibernate: select empleados0_.idEmpleados as idEmplea1_7_, empleados0_.activoEmpleado as activoEm2_7_, empleados0_.apellidoEmpleado as apellido3_7_, empleados0_.correoEmpleado as correoEm4_7_, empleados0_.documento as document5_7_, empleados0_.fechaDeNacimiento as fechaDeN6_7_, empleados0_.idAreaLaboral as idAreaLa7_7_, empleados0_.idSexo as idSexo8_7_, empleados0_.idTipoDocumento as idTipoDo9_7_, empleados0_.nombreEmpleado as nombreE10_7_, empleados0_.telefonoEmpleado as telefon11_7_ from empleados empleados0_
Hibernate: select tipodocume0_.nombreTipoDocumento as col_0_0_ from tipodocumento tipodocume0_ where tipodocume0_.idTipoDocumento='2'
Hibernate: select arealabora0_.nombreAreaLaboral as col_0_0_ from arealaboral arealabora0_ where arealabora0_.idAreaLaboral='1'
Hibernate: select sexo0_.nombreSexo as col_0_0_ from sexo sexo0_ where sexo0_.idSexo='1'
Hibernate: select tipodocume0_.nombreTipoDocumento as col_0_0_ from tipodocumento tipodocume0_ where tipodocume0_.idTipoDocumento='2'
Hibernate: select arealabora0_.nombreAreaLaboral as col_0_0_ from arealaboral arealabora0_ where arealabora0_.idAreaLaboral='1'
Hibernate: select sexo0_.nombreSexo as col_0_0_ from sexo sexo0_ where sexo0_.idSexo='1'
Hibernate: select tipodocume0_.nombreTipoDocumento as col_0_0_ from tipodocumento tipodocume0_ where tipodocume0_.idTipoDocumento='2'
Hibernate: select arealabora0_.nombreAreaLaboral as col_0_0_ from arealaboral arealabora0_ where arealabora0_.idAreaLaboral='2'
Hibernate: select sexo0_.nombreSexo as col_0_0_ from sexo sexo0_ where sexo0_.idSexo='2'
Hibernate: select tipodocume0_.nombreTipoDocumento as col_0_0_ from tipodocumento tipodocume0_ where tipodocume0_.idTipoDocumento='2'
Hibernate: select arealabora0_.nombreAreaLaboral as col_0_0_ from arealaboral arealabora0_ where arealabora0_.idAreaLaboral='1'
Hibernate: select sexo0_.nombreSexo as col_0_0_ from sexo sexo0_ where sexo0_.idSexo='2'
Hibernate: select tipodocume0_.nombreTipoDocumento as col_0_0_ from tipodocumento tipodocume0_ where tipodocume0_.idTipoDocumento='2'
Hibernate: select arealabora0_.nombreAreaLaboral as col_0_0_ from arealaboral arealabora0_ where arealabora0_.idAreaLaboral='2'
Hibernate: select sexo0_.nombreSexo as col_0_0_ from sexo sexo0_ where sexo0_.idSexo='2'
Hibernate: select tipodocume0_.nombreTipoDocumento as col_0_0_ from tipodocumento tipodocume0_ where tipodocume0_.idTipoDocumento='1'
Hibernate: select arealabora0_.nombreAreaLaboral as col_0_0_ from arealaboral arealabora0_ where arealabora0_.idAreaLaboral='1'
Hibernate: select sexo0_.nombreSexo as col_0_0_ from sexo sexo0_ where sexo0_.idSexo='1'
Hibernate: select empleados0_.idEmpleados as idEmplea1_7_, empleados0_.activoEmpleado as activoEm2_7_, empleados0_.apellidoEmpleado as apellido3_7_, empleados0_.correoEmpleado as correoEm4_7_, empleados0_.documento as document5_7_, empleados0_.fechaDeNacimiento as fechaDeN6_7_, empleados0_.idAreaLaboral as idAreaLa7_7_, empleados0_.idSexo as idSexo8_7_, empleados0_.idTipoDocumento as idTipoDo9_7_, empleados0_.nombreEmpleado as nombreE10_7_, empleados0_.telefonoEmpleado as telefon11_7_ from empleados empleados0_ where empleados0_.apellidoEmpleado like 'Escobar%'
]]></system-out>
    <system-err><![CDATA[oct 14, 2021 8:19:43 PM org.hibernate.ejb.HibernatePersistence logDeprecation
WARN: HHH015016: Encountered a deprecated javax.persistence.spi.PersistenceProvider [org.hibernate.ejb.HibernatePersistence]; use [org.hibernate.jpa.HibernatePersistenceProvider] instead.
oct 14, 2021 8:19:43 PM org.hibernate.ejb.HibernatePersistence logDeprecation
WARN: HHH015016: Encountered a deprecated javax.persistence.spi.PersistenceProvider [org.hibernate.ejb.HibernatePersistence]; use [org.hibernate.jpa.HibernatePersistenceProvider] instead.
oct 14, 2021 8:19:43 PM org.hibernate.ejb.HibernatePersistence logDeprecation
WARN: HHH015016: Encountered a deprecated javax.persistence.spi.PersistenceProvider [org.hibernate.ejb.HibernatePersistence]; use [org.hibernate.jpa.HibernatePersistenceProvider] instead.
oct 14, 2021 8:19:43 PM org.hibernate.jpa.internal.util.LogHelper logPersistenceUnitInformation
INFO: HHH000204: Processing PersistenceUnitInfo [
	name: DB
	...]
oct 14, 2021 8:19:43 PM org.hibernate.engine.jdbc.connections.internal.DriverManagerConnectionProviderImpl configure
WARN: HHH000402: Using Hibernate built-in connection pool (not for production use!)
oct 14, 2021 8:19:43 PM org.hibernate.engine.jdbc.connections.internal.DriverManagerConnectionProviderImpl buildCreator
INFO: HHH000401: using driver [com.mysql.jdbc.Driver] at URL [jdbc:mysql://localhost:3306/Microcosmos?zeroDateTimeBehavior=convertToNull]
oct 14, 2021 8:19:43 PM org.hibernate.engine.jdbc.connections.internal.DriverManagerConnectionProviderImpl buildCreator
INFO: HHH000046: Connection properties: {user=root, password=****}
oct 14, 2021 8:19:43 PM org.hibernate.engine.jdbc.connections.internal.DriverManagerConnectionProviderImpl buildCreator
INFO: HHH000006: Autocommit mode: false
oct 14, 2021 8:19:43 PM org.hibernate.engine.jdbc.connections.internal.DriverManagerConnectionProviderImpl configure
INFO: HHH000115: Hibernate connection pool size: 20 (min=1)
oct 14, 2021 8:19:43 PM org.hibernate.dialect.Dialect <init>
INFO: HHH000400: Using dialect: org.hibernate.dialect.MySQLDialect
oct 14, 2021 8:19:43 PM org.hibernate.hql.internal.ast.ASTQueryTranslatorFactory <init>
INFO: HHH000397: Using ASTQueryTranslatorFactory
oct 14, 2021 8:19:43 PM org.hibernate.tool.hbm2ddl.SchemaValidator validate
INFO: HHH000229: Running schema validator
oct 14, 2021 8:19:43 PM org.hibernate.tool.hbm2ddl.SchemaValidator validate
INFO: HHH000102: Fetching database metadata
oct 14, 2021 8:19:43 PM org.hibernate.tool.hbm2ddl.TableMetadata <init>
INFO: HHH000261: Table found: microcosmos.arealaboral
oct 14, 2021 8:19:43 PM org.hibernate.tool.hbm2ddl.TableMetadata <init>
INFO: HHH000037: Columns: [idarealaboral, descripcionarealaboral, nombrearealaboral, activoarealaboral]
oct 14, 2021 8:19:43 PM org.hibernate.tool.hbm2ddl.TableMetadata <init>
INFO: HHH000261: Table found: microcosmos.arealaboralhistorica
oct 14, 2021 8:19:43 PM org.hibernate.tool.hbm2ddl.TableMetadata <init>
INFO: HHH000037: Columns: [idempleados, fechaconclusion, fechacomienzo, idarealaboralhistorica]
oct 14, 2021 8:19:43 PM org.hibernate.tool.hbm2ddl.TableMetadata <init>
INFO: HHH000261: Table found: microcosmos.articulo
oct 14, 2021 8:19:43 PM org.hibernate.tool.hbm2ddl.TableMetadata <init>
INFO: HHH000037: Columns: [idsecciontienda, stockmaximo, activoarticulo, nombrearticulo, stockminimo, precioarticulo, idtalla, stock, descripcionarticulo, idarticulo]
oct 14, 2021 8:19:43 PM org.hibernate.tool.hbm2ddl.TableMetadata <init>
INFO: HHH000261: Table found: microcosmos.clientes
oct 14, 2021 8:19:43 PM org.hibernate.tool.hbm2ddl.TableMetadata <init>
INFO: HHH000037: Columns: [telefonocliente, direccioncliente, idtipodocumento, idsexo, documento, activocliente, idcliente, nombrecliente, apellidocliente, correocliente]
oct 14, 2021 8:19:43 PM org.hibernate.tool.hbm2ddl.TableMetadata <init>
INFO: HHH000261: Table found: microcosmos.compra
oct 14, 2021 8:19:43 PM org.hibernate.tool.hbm2ddl.TableMetadata <init>
INFO: HHH000037: Columns: [idcompra, fechapedido, idproveedor, idempleados, fecharecibido, totalcompra, idestado]
oct 14, 2021 8:19:43 PM org.hibernate.tool.hbm2ddl.TableMetadata <init>
INFO: HHH000261: Table found: microcosmos.detallecompra
oct 14, 2021 8:19:43 PM org.hibernate.tool.hbm2ddl.TableMetadata <init>
INFO: HHH000037: Columns: [idcompra, iddetallecompra, preciocompra, cantidad, idarticulo]
oct 14, 2021 8:19:43 PM org.hibernate.tool.hbm2ddl.TableMetadata <init>
INFO: HHH000261: Table found: microcosmos.detalleventa
oct 14, 2021 8:19:43 PM org.hibernate.tool.hbm2ddl.TableMetadata <init>
INFO: HHH000037: Columns: [idventa, iddetalleventa, cantidad, idarticulo]
oct 14, 2021 8:19:43 PM org.hibernate.tool.hbm2ddl.TableMetadata <init>
INFO: HHH000261: Table found: microcosmos.empleados
oct 14, 2021 8:19:43 PM org.hibernate.tool.hbm2ddl.TableMetadata <init>
INFO: HHH000037: Columns: [idempleados, idarealaboral, idtipodocumento, idsexo, telefonoempleado, documento, nombreempleado, correoempleado, apellidoempleado, fechadenacimiento, activoempleado]
oct 14, 2021 8:19:43 PM org.hibernate.tool.hbm2ddl.TableMetadata <init>
INFO: HHH000261: Table found: microcosmos.entidades
oct 14, 2021 8:19:43 PM org.hibernate.tool.hbm2ddl.TableMetadata <init>
INFO: HHH000037: Columns: [identidad, activoentidad, nombreentidad]
oct 14, 2021 8:19:43 PM org.hibernate.tool.hbm2ddl.TableMetadata <init>
INFO: HHH000261: Table found: microcosmos.estado
oct 14, 2021 8:19:43 PM org.hibernate.tool.hbm2ddl.TableMetadata <init>
INFO: HHH000037: Columns: [nombreestado, activoestado, identidad, descripcionestado, idestado]
oct 14, 2021 8:19:43 PM org.hibernate.tool.hbm2ddl.TableMetadata <init>
INFO: HHH000261: Table found: microcosmos.facturasdevueltas
oct 14, 2021 8:19:43 PM org.hibernate.tool.hbm2ddl.TableMetadata <init>
INFO: HHH000037: Columns: [idventa, descripcion, fechadevolucion, idempleados, idfacturadevuelta]
oct 14, 2021 8:19:43 PM org.hibernate.tool.hbm2ddl.TableMetadata <init>
INFO: HHH000261: Table found: microcosmos.parametros
oct 14, 2021 8:19:43 PM org.hibernate.tool.hbm2ddl.TableMetadata <init>
INFO: HHH000037: Columns: [facturainicial, fechaemision, facturafinal, activoparametros, fechacaducidad, cai, idparametros]
oct 14, 2021 8:19:43 PM org.hibernate.tool.hbm2ddl.TableMetadata <init>
INFO: HHH000261: Table found: microcosmos.pedidosdevueltos
oct 14, 2021 8:19:43 PM org.hibernate.tool.hbm2ddl.TableMetadata <init>
INFO: HHH000037: Columns: [idcompra, descripcion, idempleados, idpedidosdevueltos, fechaanulacion]
oct 14, 2021 8:19:43 PM org.hibernate.tool.hbm2ddl.TableMetadata <init>
INFO: HHH000261: Table found: microcosmos.preciohistorico
oct 14, 2021 8:19:43 PM org.hibernate.tool.hbm2ddl.TableMetadata <init>
INFO: HHH000037: Columns: [precio, idpreciohistorico, fechainicial, fechafinal, idarticulo, activopreciohistorico]
oct 14, 2021 8:19:43 PM org.hibernate.tool.hbm2ddl.TableMetadata <init>
INFO: HHH000261: Table found: microcosmos.proveedores
oct 14, 2021 8:19:43 PM org.hibernate.tool.hbm2ddl.TableMetadata <init>
INFO: HHH000037: Columns: [idproveedor, activoproveedor, idtipodocumento, nombreproveedor, correoproveedor, telefonoproveedor, documento, ubicacionproveedor]
oct 14, 2021 8:19:43 PM org.hibernate.tool.hbm2ddl.TableMetadata <init>
INFO: HHH000261: Table found: microcosmos.secciontienda
oct 14, 2021 8:19:43 PM org.hibernate.tool.hbm2ddl.TableMetadata <init>
INFO: HHH000037: Columns: [idsecciontienda, descripcionsecciontienda, nombresecciontienda, activosecciontienda]
oct 14, 2021 8:19:43 PM org.hibernate.tool.hbm2ddl.TableMetadata <init>
INFO: HHH000261: Table found: microcosmos.sexo
oct 14, 2021 8:19:43 PM org.hibernate.tool.hbm2ddl.TableMetadata <init>
INFO: HHH000037: Columns: [idsexo, nombresexo, descripcionsexo]
oct 14, 2021 8:19:43 PM org.hibernate.tool.hbm2ddl.TableMetadata <init>
INFO: HHH000261: Table found: microcosmos.talla
oct 14, 2021 8:19:43 PM org.hibernate.tool.hbm2ddl.TableMetadata <init>
INFO: HHH000037: Columns: [activotalla, nombretalla, descripciontalla, idtalla]
oct 14, 2021 8:19:43 PM org.hibernate.tool.hbm2ddl.TableMetadata <init>
INFO: HHH000261: Table found: microcosmos.tipodepago
oct 14, 2021 8:19:43 PM org.hibernate.tool.hbm2ddl.TableMetadata <init>
INFO: HHH000037: Columns: [descripciontipodepago, nombretipodepago, idtipodepago, activotipodepago]
oct 14, 2021 8:19:43 PM org.hibernate.tool.hbm2ddl.TableMetadata <init>
INFO: HHH000261: Table found: microcosmos.tipodocumento
oct 14, 2021 8:19:43 PM org.hibernate.tool.hbm2ddl.TableMetadata <init>
INFO: HHH000037: Columns: [nombretipodocumento, descripciontipodocumento, activotipodocumento, idtipodocumento]
oct 14, 2021 8:19:43 PM org.hibernate.tool.hbm2ddl.TableMetadata <init>
INFO: HHH000261: Table found: microcosmos.usuarios
oct 14, 2021 8:19:43 PM org.hibernate.tool.hbm2ddl.TableMetadata <init>
INFO: HHH000037: Columns: [nombreusuario, idempleados, numerodeintentos, activousuario, admin, contrasena, idusuario]
oct 14, 2021 8:19:43 PM org.hibernate.tool.hbm2ddl.TableMetadata <init>
INFO: HHH000261: Table found: microcosmos.venta
oct 14, 2021 8:19:43 PM org.hibernate.tool.hbm2ddl.TableMetadata <init>
INFO: HHH000037: Columns: [numtarjeta, idtipodepago, formato, montoefectivo, idcliente, idestado, idventa, total, idempleados, impuesto, subtotal, montotarjeta, fechaventa, idparametros]
oct 14, 2021 8:19:43 PM org.hibernate.jpa.internal.EntityManagerFactoryRegistry addEntityManagerFactory
WARN: HHH000436: Entity manager factory name (DB) is already registered.  If entity manager will be clustered or passivated, specify a unique value for property 'hibernate.ejb.entitymanager_factory_name'
oct 14, 2021 8:19:43 PM org.hibernate.ejb.HibernatePersistence logDeprecation
WARN: HHH015016: Encountered a deprecated javax.persistence.spi.PersistenceProvider [org.hibernate.ejb.HibernatePersistence]; use [org.hibernate.jpa.HibernatePersistenceProvider] instead.
oct 14, 2021 8:19:43 PM org.hibernate.ejb.HibernatePersistence logDeprecation
WARN: HHH015016: Encountered a deprecated javax.persistence.spi.PersistenceProvider [org.hibernate.ejb.HibernatePersistence]; use [org.hibernate.jpa.HibernatePersistenceProvider] instead.
oct 14, 2021 8:19:43 PM org.hibernate.ejb.HibernatePersistence logDeprecation
WARN: HHH015016: Encountered a deprecated javax.persistence.spi.PersistenceProvider [org.hibernate.ejb.HibernatePersistence]; use [org.hibernate.jpa.HibernatePersistenceProvider] instead.
oct 14, 2021 8:19:43 PM org.hibernate.jpa.internal.util.LogHelper logPersistenceUnitInformation
INFO: HHH000204: Processing PersistenceUnitInfo [
	name: DB
	...]
oct 14, 2021 8:19:43 PM org.hibernate.engine.jdbc.connections.internal.DriverManagerConnectionProviderImpl configure
WARN: HHH000402: Using Hibernate built-in connection pool (not for production use!)
oct 14, 2021 8:19:43 PM org.hibernate.engine.jdbc.connections.internal.DriverManagerConnectionProviderImpl buildCreator
INFO: HHH000401: using driver [com.mysql.jdbc.Driver] at URL [jdbc:mysql://localhost:3306/Microcosmos?zeroDateTimeBehavior=convertToNull]
oct 14, 2021 8:19:43 PM org.hibernate.engine.jdbc.connections.internal.DriverManagerConnectionProviderImpl buildCreator
INFO: HHH000046: Connection properties: {user=root, password=****}
oct 14, 2021 8:19:43 PM org.hibernate.engine.jdbc.connections.internal.DriverManagerConnectionProviderImpl buildCreator
INFO: HHH000006: Autocommit mode: false
oct 14, 2021 8:19:43 PM org.hibernate.engine.jdbc.connections.internal.DriverManagerConnectionProviderImpl configure
INFO: HHH000115: Hibernate connection pool size: 20 (min=1)
oct 14, 2021 8:19:43 PM org.hibernate.dialect.Dialect <init>
INFO: HHH000400: Using dialect: org.hibernate.dialect.MySQLDialect
oct 14, 2021 8:19:43 PM org.hibernate.hql.internal.ast.ASTQueryTranslatorFactory <init>
INFO: HHH000397: Using ASTQueryTranslatorFactory
oct 14, 2021 8:19:43 PM org.hibernate.tool.hbm2ddl.SchemaValidator validate
INFO: HHH000229: Running schema validator
oct 14, 2021 8:19:43 PM org.hibernate.tool.hbm2ddl.SchemaValidator validate
INFO: HHH000102: Fetching database metadata
oct 14, 2021 8:19:43 PM org.hibernate.tool.hbm2ddl.TableMetadata <init>
INFO: HHH000261: Table found: microcosmos.arealaboral
oct 14, 2021 8:19:43 PM org.hibernate.tool.hbm2ddl.TableMetadata <init>
INFO: HHH000037: Columns: [idarealaboral, descripcionarealaboral, nombrearealaboral, activoarealaboral]
oct 14, 2021 8:19:43 PM org.hibernate.tool.hbm2ddl.TableMetadata <init>
INFO: HHH000261: Table found: microcosmos.arealaboralhistorica
oct 14, 2021 8:19:43 PM org.hibernate.tool.hbm2ddl.TableMetadata <init>
INFO: HHH000037: Columns: [idempleados, fechaconclusion, fechacomienzo, idarealaboralhistorica]
oct 14, 2021 8:19:43 PM org.hibernate.tool.hbm2ddl.TableMetadata <init>
INFO: HHH000261: Table found: microcosmos.articulo
oct 14, 2021 8:19:43 PM org.hibernate.tool.hbm2ddl.TableMetadata <init>
INFO: HHH000037: Columns: [idsecciontienda, stockmaximo, activoarticulo, nombrearticulo, stockminimo, precioarticulo, idtalla, stock, descripcionarticulo, idarticulo]
oct 14, 2021 8:19:43 PM org.hibernate.tool.hbm2ddl.TableMetadata <init>
INFO: HHH000261: Table found: microcosmos.clientes
oct 14, 2021 8:19:43 PM org.hibernate.tool.hbm2ddl.TableMetadata <init>
INFO: HHH000037: Columns: [telefonocliente, direccioncliente, idtipodocumento, idsexo, documento, activocliente, idcliente, nombrecliente, apellidocliente, correocliente]
oct 14, 2021 8:19:43 PM org.hibernate.tool.hbm2ddl.TableMetadata <init>
INFO: HHH000261: Table found: microcosmos.compra
oct 14, 2021 8:19:43 PM org.hibernate.tool.hbm2ddl.TableMetadata <init>
INFO: HHH000037: Columns: [idcompra, fechapedido, idproveedor, idempleados, fecharecibido, totalcompra, idestado]
oct 14, 2021 8:19:43 PM org.hibernate.tool.hbm2ddl.TableMetadata <init>
INFO: HHH000261: Table found: microcosmos.detallecompra
oct 14, 2021 8:19:43 PM org.hibernate.tool.hbm2ddl.TableMetadata <init>
INFO: HHH000037: Columns: [idcompra, iddetallecompra, preciocompra, cantidad, idarticulo]
oct 14, 2021 8:19:43 PM org.hibernate.tool.hbm2ddl.TableMetadata <init>
INFO: HHH000261: Table found: microcosmos.detalleventa
oct 14, 2021 8:19:43 PM org.hibernate.tool.hbm2ddl.TableMetadata <init>
INFO: HHH000037: Columns: [idventa, iddetalleventa, cantidad, idarticulo]
oct 14, 2021 8:19:43 PM org.hibernate.tool.hbm2ddl.TableMetadata <init>
INFO: HHH000261: Table found: microcosmos.empleados
oct 14, 2021 8:19:43 PM org.hibernate.tool.hbm2ddl.TableMetadata <init>
INFO: HHH000037: Columns: [idempleados, idarealaboral, idtipodocumento, idsexo, telefonoempleado, documento, nombreempleado, correoempleado, apellidoempleado, fechadenacimiento, activoempleado]
oct 14, 2021 8:19:43 PM org.hibernate.tool.hbm2ddl.TableMetadata <init>
INFO: HHH000261: Table found: microcosmos.entidades
oct 14, 2021 8:19:43 PM org.hibernate.tool.hbm2ddl.TableMetadata <init>
INFO: HHH000037: Columns: [identidad, activoentidad, nombreentidad]
oct 14, 2021 8:19:43 PM org.hibernate.tool.hbm2ddl.TableMetadata <init>
INFO: HHH000261: Table found: microcosmos.estado
oct 14, 2021 8:19:43 PM org.hibernate.tool.hbm2ddl.TableMetadata <init>
INFO: HHH000037: Columns: [nombreestado, activoestado, identidad, descripcionestado, idestado]
oct 14, 2021 8:19:43 PM org.hibernate.tool.hbm2ddl.TableMetadata <init>
INFO: HHH000261: Table found: microcosmos.facturasdevueltas
oct 14, 2021 8:19:43 PM org.hibernate.tool.hbm2ddl.TableMetadata <init>
INFO: HHH000037: Columns: [idventa, descripcion, fechadevolucion, idempleados, idfacturadevuelta]
oct 14, 2021 8:19:43 PM org.hibernate.tool.hbm2ddl.TableMetadata <init>
INFO: HHH000261: Table found: microcosmos.parametros
oct 14, 2021 8:19:43 PM org.hibernate.tool.hbm2ddl.TableMetadata <init>
INFO: HHH000037: Columns: [facturainicial, fechaemision, facturafinal, activoparametros, fechacaducidad, cai, idparametros]
oct 14, 2021 8:19:43 PM org.hibernate.tool.hbm2ddl.TableMetadata <init>
INFO: HHH000261: Table found: microcosmos.pedidosdevueltos
oct 14, 2021 8:19:43 PM org.hibernate.tool.hbm2ddl.TableMetadata <init>
INFO: HHH000037: Columns: [idcompra, descripcion, idempleados, idpedidosdevueltos, fechaanulacion]
oct 14, 2021 8:19:43 PM org.hibernate.tool.hbm2ddl.TableMetadata <init>
INFO: HHH000261: Table found: microcosmos.preciohistorico
oct 14, 2021 8:19:43 PM org.hibernate.tool.hbm2ddl.TableMetadata <init>
INFO: HHH000037: Columns: [precio, idpreciohistorico, fechainicial, fechafinal, idarticulo, activopreciohistorico]
oct 14, 2021 8:19:43 PM org.hibernate.tool.hbm2ddl.TableMetadata <init>
INFO: HHH000261: Table found: microcosmos.proveedores
oct 14, 2021 8:19:43 PM org.hibernate.tool.hbm2ddl.TableMetadata <init>
INFO: HHH000037: Columns: [idproveedor, activoproveedor, idtipodocumento, nombreproveedor, correoproveedor, telefonoproveedor, documento, ubicacionproveedor]
oct 14, 2021 8:19:43 PM org.hibernate.tool.hbm2ddl.TableMetadata <init>
INFO: HHH000261: Table found: microcosmos.secciontienda
oct 14, 2021 8:19:43 PM org.hibernate.tool.hbm2ddl.TableMetadata <init>
INFO: HHH000037: Columns: [idsecciontienda, descripcionsecciontienda, nombresecciontienda, activosecciontienda]
oct 14, 2021 8:19:43 PM org.hibernate.tool.hbm2ddl.TableMetadata <init>
INFO: HHH000261: Table found: microcosmos.sexo
oct 14, 2021 8:19:43 PM org.hibernate.tool.hbm2ddl.TableMetadata <init>
INFO: HHH000037: Columns: [idsexo, nombresexo, descripcionsexo]
oct 14, 2021 8:19:43 PM org.hibernate.tool.hbm2ddl.TableMetadata <init>
INFO: HHH000261: Table found: microcosmos.talla
oct 14, 2021 8:19:43 PM org.hibernate.tool.hbm2ddl.TableMetadata <init>
INFO: HHH000037: Columns: [activotalla, nombretalla, descripciontalla, idtalla]
oct 14, 2021 8:19:43 PM org.hibernate.tool.hbm2ddl.TableMetadata <init>
INFO: HHH000261: Table found: microcosmos.tipodepago
oct 14, 2021 8:19:43 PM org.hibernate.tool.hbm2ddl.TableMetadata <init>
INFO: HHH000037: Columns: [descripciontipodepago, nombretipodepago, idtipodepago, activotipodepago]
oct 14, 2021 8:19:43 PM org.hibernate.tool.hbm2ddl.TableMetadata <init>
INFO: HHH000261: Table found: microcosmos.tipodocumento
oct 14, 2021 8:19:43 PM org.hibernate.tool.hbm2ddl.TableMetadata <init>
INFO: HHH000037: Columns: [nombretipodocumento, descripciontipodocumento, activotipodocumento, idtipodocumento]
oct 14, 2021 8:19:43 PM org.hibernate.tool.hbm2ddl.TableMetadata <init>
INFO: HHH000261: Table found: microcosmos.usuarios
oct 14, 2021 8:19:43 PM org.hibernate.tool.hbm2ddl.TableMetadata <init>
INFO: HHH000037: Columns: [nombreusuario, idempleados, numerodeintentos, activousuario, admin, contrasena, idusuario]
oct 14, 2021 8:19:43 PM org.hibernate.tool.hbm2ddl.TableMetadata <init>
INFO: HHH000261: Table found: microcosmos.venta
oct 14, 2021 8:19:43 PM org.hibernate.tool.hbm2ddl.TableMetadata <init>
INFO: HHH000037: Columns: [numtarjeta, idtipodepago, formato, montoefectivo, idcliente, idestado, idventa, total, idempleados, impuesto, subtotal, montotarjeta, fechaventa, idparametros]
oct 14, 2021 8:19:43 PM org.hibernate.jpa.internal.EntityManagerFactoryRegistry addEntityManagerFactory
WARN: HHH000436: Entity manager factory name (DB) is already registered.  If entity manager will be clustered or passivated, specify a unique value for property 'hibernate.ejb.entitymanager_factory_name'
oct 14, 2021 8:19:43 PM org.hibernate.ejb.HibernatePersistence logDeprecation
WARN: HHH015016: Encountered a deprecated javax.persistence.spi.PersistenceProvider [org.hibernate.ejb.HibernatePersistence]; use [org.hibernate.jpa.HibernatePersistenceProvider] instead.
oct 14, 2021 8:19:43 PM org.hibernate.ejb.HibernatePersistence logDeprecation
WARN: HHH015016: Encountered a deprecated javax.persistence.spi.PersistenceProvider [org.hibernate.ejb.HibernatePersistence]; use [org.hibernate.jpa.HibernatePersistenceProvider] instead.
oct 14, 2021 8:19:43 PM org.hibernate.ejb.HibernatePersistence logDeprecation
WARN: HHH015016: Encountered a deprecated javax.persistence.spi.PersistenceProvider [org.hibernate.ejb.HibernatePersistence]; use [org.hibernate.jpa.HibernatePersistenceProvider] instead.
oct 14, 2021 8:19:43 PM org.hibernate.jpa.internal.util.LogHelper logPersistenceUnitInformation
INFO: HHH000204: Processing PersistenceUnitInfo [
	name: DB
	...]
oct 14, 2021 8:19:43 PM org.hibernate.engine.jdbc.connections.internal.DriverManagerConnectionProviderImpl configure
WARN: HHH000402: Using Hibernate built-in connection pool (not for production use!)
oct 14, 2021 8:19:43 PM org.hibernate.engine.jdbc.connections.internal.DriverManagerConnectionProviderImpl buildCreator
INFO: HHH000401: using driver [com.mysql.jdbc.Driver] at URL [jdbc:mysql://localhost:3306/Microcosmos?zeroDateTimeBehavior=convertToNull]
oct 14, 2021 8:19:43 PM org.hibernate.engine.jdbc.connections.internal.DriverManagerConnectionProviderImpl buildCreator
INFO: HHH000046: Connection properties: {user=root, password=****}
oct 14, 2021 8:19:43 PM org.hibernate.engine.jdbc.connections.internal.DriverManagerConnectionProviderImpl buildCreator
INFO: HHH000006: Autocommit mode: false
oct 14, 2021 8:19:43 PM org.hibernate.engine.jdbc.connections.internal.DriverManagerConnectionProviderImpl configure
INFO: HHH000115: Hibernate connection pool size: 20 (min=1)
oct 14, 2021 8:19:43 PM org.hibernate.dialect.Dialect <init>
INFO: HHH000400: Using dialect: org.hibernate.dialect.MySQLDialect
oct 14, 2021 8:19:43 PM org.hibernate.hql.internal.ast.ASTQueryTranslatorFactory <init>
INFO: HHH000397: Using ASTQueryTranslatorFactory
oct 14, 2021 8:19:43 PM org.hibernate.tool.hbm2ddl.SchemaValidator validate
INFO: HHH000229: Running schema validator
oct 14, 2021 8:19:43 PM org.hibernate.tool.hbm2ddl.SchemaValidator validate
INFO: HHH000102: Fetching database metadata
oct 14, 2021 8:19:43 PM org.hibernate.tool.hbm2ddl.TableMetadata <init>
INFO: HHH000261: Table found: microcosmos.arealaboral
oct 14, 2021 8:19:43 PM org.hibernate.tool.hbm2ddl.TableMetadata <init>
INFO: HHH000037: Columns: [idarealaboral, descripcionarealaboral, nombrearealaboral, activoarealaboral]
oct 14, 2021 8:19:43 PM org.hibernate.tool.hbm2ddl.TableMetadata <init>
INFO: HHH000261: Table found: microcosmos.arealaboralhistorica
oct 14, 2021 8:19:43 PM org.hibernate.tool.hbm2ddl.TableMetadata <init>
INFO: HHH000037: Columns: [idempleados, fechaconclusion, fechacomienzo, idarealaboralhistorica]
oct 14, 2021 8:19:43 PM org.hibernate.tool.hbm2ddl.TableMetadata <init>
INFO: HHH000261: Table found: microcosmos.articulo
oct 14, 2021 8:19:43 PM org.hibernate.tool.hbm2ddl.TableMetadata <init>
INFO: HHH000037: Columns: [idsecciontienda, stockmaximo, activoarticulo, nombrearticulo, stockminimo, precioarticulo, idtalla, stock, descripcionarticulo, idarticulo]
oct 14, 2021 8:19:43 PM org.hibernate.tool.hbm2ddl.TableMetadata <init>
INFO: HHH000261: Table found: microcosmos.clientes
oct 14, 2021 8:19:43 PM org.hibernate.tool.hbm2ddl.TableMetadata <init>
INFO: HHH000037: Columns: [telefonocliente, direccioncliente, idtipodocumento, idsexo, documento, activocliente, idcliente, nombrecliente, apellidocliente, correocliente]
oct 14, 2021 8:19:43 PM org.hibernate.tool.hbm2ddl.TableMetadata <init>
INFO: HHH000261: Table found: microcosmos.compra
oct 14, 2021 8:19:43 PM org.hibernate.tool.hbm2ddl.TableMetadata <init>
INFO: HHH000037: Columns: [idcompra, fechapedido, idproveedor, idempleados, fecharecibido, totalcompra, idestado]
oct 14, 2021 8:19:43 PM org.hibernate.tool.hbm2ddl.TableMetadata <init>
INFO: HHH000261: Table found: microcosmos.detallecompra
oct 14, 2021 8:19:43 PM org.hibernate.tool.hbm2ddl.TableMetadata <init>
INFO: HHH000037: Columns: [idcompra, iddetallecompra, preciocompra, cantidad, idarticulo]
oct 14, 2021 8:19:43 PM org.hibernate.tool.hbm2ddl.TableMetadata <init>
INFO: HHH000261: Table found: microcosmos.detalleventa
oct 14, 2021 8:19:43 PM org.hibernate.tool.hbm2ddl.TableMetadata <init>
INFO: HHH000037: Columns: [idventa, iddetalleventa, cantidad, idarticulo]
oct 14, 2021 8:19:43 PM org.hibernate.tool.hbm2ddl.TableMetadata <init>
INFO: HHH000261: Table found: microcosmos.empleados
oct 14, 2021 8:19:43 PM org.hibernate.tool.hbm2ddl.TableMetadata <init>
INFO: HHH000037: Columns: [idempleados, idarealaboral, idtipodocumento, idsexo, telefonoempleado, documento, nombreempleado, correoempleado, apellidoempleado, fechadenacimiento, activoempleado]
oct 14, 2021 8:19:43 PM org.hibernate.tool.hbm2ddl.TableMetadata <init>
INFO: HHH000261: Table found: microcosmos.entidades
oct 14, 2021 8:19:43 PM org.hibernate.tool.hbm2ddl.TableMetadata <init>
INFO: HHH000037: Columns: [identidad, activoentidad, nombreentidad]
oct 14, 2021 8:19:43 PM org.hibernate.tool.hbm2ddl.TableMetadata <init>
INFO: HHH000261: Table found: microcosmos.estado
oct 14, 2021 8:19:43 PM org.hibernate.tool.hbm2ddl.TableMetadata <init>
INFO: HHH000037: Columns: [nombreestado, activoestado, identidad, descripcionestado, idestado]
oct 14, 2021 8:19:43 PM org.hibernate.tool.hbm2ddl.TableMetadata <init>
INFO: HHH000261: Table found: microcosmos.facturasdevueltas
oct 14, 2021 8:19:43 PM org.hibernate.tool.hbm2ddl.TableMetadata <init>
INFO: HHH000037: Columns: [idventa, descripcion, fechadevolucion, idempleados, idfacturadevuelta]
oct 14, 2021 8:19:43 PM org.hibernate.tool.hbm2ddl.TableMetadata <init>
INFO: HHH000261: Table found: microcosmos.parametros
oct 14, 2021 8:19:43 PM org.hibernate.tool.hbm2ddl.TableMetadata <init>
INFO: HHH000037: Columns: [facturainicial, fechaemision, facturafinal, activoparametros, fechacaducidad, cai, idparametros]
oct 14, 2021 8:19:43 PM org.hibernate.tool.hbm2ddl.TableMetadata <init>
INFO: HHH000261: Table found: microcosmos.pedidosdevueltos
oct 14, 2021 8:19:43 PM org.hibernate.tool.hbm2ddl.TableMetadata <init>
INFO: HHH000037: Columns: [idcompra, descripcion, idempleados, idpedidosdevueltos, fechaanulacion]
oct 14, 2021 8:19:43 PM org.hibernate.tool.hbm2ddl.TableMetadata <init>
INFO: HHH000261: Table found: microcosmos.preciohistorico
oct 14, 2021 8:19:43 PM org.hibernate.tool.hbm2ddl.TableMetadata <init>
INFO: HHH000037: Columns: [precio, idpreciohistorico, fechainicial, fechafinal, idarticulo, activopreciohistorico]
oct 14, 2021 8:19:43 PM org.hibernate.tool.hbm2ddl.TableMetadata <init>
INFO: HHH000261: Table found: microcosmos.proveedores
oct 14, 2021 8:19:43 PM org.hibernate.tool.hbm2ddl.TableMetadata <init>
INFO: HHH000037: Columns: [idproveedor, activoproveedor, idtipodocumento, nombreproveedor, correoproveedor, telefonoproveedor, documento, ubicacionproveedor]
oct 14, 2021 8:19:43 PM org.hibernate.tool.hbm2ddl.TableMetadata <init>
INFO: HHH000261: Table found: microcosmos.secciontienda
oct 14, 2021 8:19:43 PM org.hibernate.tool.hbm2ddl.TableMetadata <init>
INFO: HHH000037: Columns: [idsecciontienda, descripcionsecciontienda, nombresecciontienda, activosecciontienda]
oct 14, 2021 8:19:43 PM org.hibernate.tool.hbm2ddl.TableMetadata <init>
INFO: HHH000261: Table found: microcosmos.sexo
oct 14, 2021 8:19:43 PM org.hibernate.tool.hbm2ddl.TableMetadata <init>
INFO: HHH000037: Columns: [idsexo, nombresexo, descripcionsexo]
oct 14, 2021 8:19:43 PM org.hibernate.tool.hbm2ddl.TableMetadata <init>
INFO: HHH000261: Table found: microcosmos.talla
oct 14, 2021 8:19:43 PM org.hibernate.tool.hbm2ddl.TableMetadata <init>
INFO: HHH000037: Columns: [activotalla, nombretalla, descripciontalla, idtalla]
oct 14, 2021 8:19:43 PM org.hibernate.tool.hbm2ddl.TableMetadata <init>
INFO: HHH000261: Table found: microcosmos.tipodepago
oct 14, 2021 8:19:43 PM org.hibernate.tool.hbm2ddl.TableMetadata <init>
INFO: HHH000037: Columns: [descripciontipodepago, nombretipodepago, idtipodepago, activotipodepago]
oct 14, 2021 8:19:43 PM org.hibernate.tool.hbm2ddl.TableMetadata <init>
INFO: HHH000261: Table found: microcosmos.tipodocumento
oct 14, 2021 8:19:43 PM org.hibernate.tool.hbm2ddl.TableMetadata <init>
INFO: HHH000037: Columns: [nombretipodocumento, descripciontipodocumento, activotipodocumento, idtipodocumento]
oct 14, 2021 8:19:43 PM org.hibernate.tool.hbm2ddl.TableMetadata <init>
INFO: HHH000261: Table found: microcosmos.usuarios
oct 14, 2021 8:19:43 PM org.hibernate.tool.hbm2ddl.TableMetadata <init>
INFO: HHH000037: Columns: [nombreusuario, idempleados, numerodeintentos, activousuario, admin, contrasena, idusuario]
oct 14, 2021 8:19:43 PM org.hibernate.tool.hbm2ddl.TableMetadata <init>
INFO: HHH000261: Table found: microcosmos.venta
oct 14, 2021 8:19:43 PM org.hibernate.tool.hbm2ddl.TableMetadata <init>
INFO: HHH000037: Columns: [numtarjeta, idtipodepago, formato, montoefectivo, idcliente, idestado, idventa, total, idempleados, impuesto, subtotal, montotarjeta, fechaventa, idparametros]
oct 14, 2021 8:19:43 PM org.hibernate.jpa.internal.EntityManagerFactoryRegistry addEntityManagerFactory
WARN: HHH000436: Entity manager factory name (DB) is already registered.  If entity manager will be clustered or passivated, specify a unique value for property 'hibernate.ejb.entitymanager_factory_name'
oct 14, 2021 8:19:43 PM org.hibernate.ejb.HibernatePersistence logDeprecation
WARN: HHH015016: Encountered a deprecated javax.persistence.spi.PersistenceProvider [org.hibernate.ejb.HibernatePersistence]; use [org.hibernate.jpa.HibernatePersistenceProvider] instead.
oct 14, 2021 8:19:43 PM org.hibernate.ejb.HibernatePersistence logDeprecation
WARN: HHH015016: Encountered a deprecated javax.persistence.spi.PersistenceProvider [org.hibernate.ejb.HibernatePersistence]; use [org.hibernate.jpa.HibernatePersistenceProvider] instead.
oct 14, 2021 8:19:43 PM org.hibernate.ejb.HibernatePersistence logDeprecation
WARN: HHH015016: Encountered a deprecated javax.persistence.spi.PersistenceProvider [org.hibernate.ejb.HibernatePersistence]; use [org.hibernate.jpa.HibernatePersistenceProvider] instead.
oct 14, 2021 8:19:43 PM org.hibernate.jpa.internal.util.LogHelper logPersistenceUnitInformation
INFO: HHH000204: Processing PersistenceUnitInfo [
	name: DB
	...]
oct 14, 2021 8:19:43 PM org.hibernate.engine.jdbc.connections.internal.DriverManagerConnectionProviderImpl configure
WARN: HHH000402: Using Hibernate built-in connection pool (not for production use!)
oct 14, 2021 8:19:43 PM org.hibernate.engine.jdbc.connections.internal.DriverManagerConnectionProviderImpl buildCreator
INFO: HHH000401: using driver [com.mysql.jdbc.Driver] at URL [jdbc:mysql://localhost:3306/Microcosmos?zeroDateTimeBehavior=convertToNull]
oct 14, 2021 8:19:43 PM org.hibernate.engine.jdbc.connections.internal.DriverManagerConnectionProviderImpl buildCreator
INFO: HHH000046: Connection properties: {user=root, password=****}
oct 14, 2021 8:19:43 PM org.hibernate.engine.jdbc.connections.internal.DriverManagerConnectionProviderImpl buildCreator
INFO: HHH000006: Autocommit mode: false
oct 14, 2021 8:19:43 PM org.hibernate.engine.jdbc.connections.internal.DriverManagerConnectionProviderImpl configure
INFO: HHH000115: Hibernate connection pool size: 20 (min=1)
oct 14, 2021 8:19:43 PM org.hibernate.dialect.Dialect <init>
INFO: HHH000400: Using dialect: org.hibernate.dialect.MySQLDialect
oct 14, 2021 8:19:43 PM org.hibernate.hql.internal.ast.ASTQueryTranslatorFactory <init>
INFO: HHH000397: Using ASTQueryTranslatorFactory
oct 14, 2021 8:19:43 PM org.hibernate.tool.hbm2ddl.SchemaValidator validate
INFO: HHH000229: Running schema validator
oct 14, 2021 8:19:43 PM org.hibernate.tool.hbm2ddl.SchemaValidator validate
INFO: HHH000102: Fetching database metadata
oct 14, 2021 8:19:43 PM org.hibernate.tool.hbm2ddl.TableMetadata <init>
INFO: HHH000261: Table found: microcosmos.arealaboral
oct 14, 2021 8:19:43 PM org.hibernate.tool.hbm2ddl.TableMetadata <init>
INFO: HHH000037: Columns: [idarealaboral, descripcionarealaboral, nombrearealaboral, activoarealaboral]
oct 14, 2021 8:19:43 PM org.hibernate.tool.hbm2ddl.TableMetadata <init>
INFO: HHH000261: Table found: microcosmos.arealaboralhistorica
oct 14, 2021 8:19:43 PM org.hibernate.tool.hbm2ddl.TableMetadata <init>
INFO: HHH000037: Columns: [idempleados, fechaconclusion, fechacomienzo, idarealaboralhistorica]
oct 14, 2021 8:19:43 PM org.hibernate.tool.hbm2ddl.TableMetadata <init>
INFO: HHH000261: Table found: microcosmos.articulo
oct 14, 2021 8:19:43 PM org.hibernate.tool.hbm2ddl.TableMetadata <init>
INFO: HHH000037: Columns: [idsecciontienda, stockmaximo, activoarticulo, nombrearticulo, stockminimo, precioarticulo, idtalla, stock, descripcionarticulo, idarticulo]
oct 14, 2021 8:19:43 PM org.hibernate.tool.hbm2ddl.TableMetadata <init>
INFO: HHH000261: Table found: microcosmos.clientes
oct 14, 2021 8:19:43 PM org.hibernate.tool.hbm2ddl.TableMetadata <init>
INFO: HHH000037: Columns: [telefonocliente, direccioncliente, idtipodocumento, idsexo, documento, activocliente, idcliente, nombrecliente, apellidocliente, correocliente]
oct 14, 2021 8:19:43 PM org.hibernate.tool.hbm2ddl.TableMetadata <init>
INFO: HHH000261: Table found: microcosmos.compra
oct 14, 2021 8:19:43 PM org.hibernate.tool.hbm2ddl.TableMetadata <init>
INFO: HHH000037: Columns: [idcompra, fechapedido, idproveedor, idempleados, fecharecibido, totalcompra, idestado]
oct 14, 2021 8:19:43 PM org.hibernate.tool.hbm2ddl.TableMetadata <init>
INFO: HHH000261: Table found: microcosmos.detallecompra
oct 14, 2021 8:19:43 PM org.hibernate.tool.hbm2ddl.TableMetadata <init>
INFO: HHH000037: Columns: [idcompra, iddetallecompra, preciocompra, cantidad, idarticulo]
oct 14, 2021 8:19:43 PM org.hibernate.tool.hbm2ddl.TableMetadata <init>
INFO: HHH000261: Table found: microcosmos.detalleventa
oct 14, 2021 8:19:43 PM org.hibernate.tool.hbm2ddl.TableMetadata <init>
INFO: HHH000037: Columns: [idventa, iddetalleventa, cantidad, idarticulo]
oct 14, 2021 8:19:43 PM org.hibernate.tool.hbm2ddl.TableMetadata <init>
INFO: HHH000261: Table found: microcosmos.empleados
oct 14, 2021 8:19:43 PM org.hibernate.tool.hbm2ddl.TableMetadata <init>
INFO: HHH000037: Columns: [idempleados, idarealaboral, idtipodocumento, idsexo, telefonoempleado, documento, nombreempleado, correoempleado, apellidoempleado, fechadenacimiento, activoempleado]
oct 14, 2021 8:19:43 PM org.hibernate.tool.hbm2ddl.TableMetadata <init>
INFO: HHH000261: Table found: microcosmos.entidades
oct 14, 2021 8:19:43 PM org.hibernate.tool.hbm2ddl.TableMetadata <init>
INFO: HHH000037: Columns: [identidad, activoentidad, nombreentidad]
oct 14, 2021 8:19:43 PM org.hibernate.tool.hbm2ddl.TableMetadata <init>
INFO: HHH000261: Table found: microcosmos.estado
oct 14, 2021 8:19:43 PM org.hibernate.tool.hbm2ddl.TableMetadata <init>
INFO: HHH000037: Columns: [nombreestado, activoestado, identidad, descripcionestado, idestado]
oct 14, 2021 8:19:43 PM org.hibernate.tool.hbm2ddl.TableMetadata <init>
INFO: HHH000261: Table found: microcosmos.facturasdevueltas
oct 14, 2021 8:19:43 PM org.hibernate.tool.hbm2ddl.TableMetadata <init>
INFO: HHH000037: Columns: [idventa, descripcion, fechadevolucion, idempleados, idfacturadevuelta]
oct 14, 2021 8:19:43 PM org.hibernate.tool.hbm2ddl.TableMetadata <init>
INFO: HHH000261: Table found: microcosmos.parametros
oct 14, 2021 8:19:43 PM org.hibernate.tool.hbm2ddl.TableMetadata <init>
INFO: HHH000037: Columns: [facturainicial, fechaemision, facturafinal, activoparametros, fechacaducidad, cai, idparametros]
oct 14, 2021 8:19:43 PM org.hibernate.tool.hbm2ddl.TableMetadata <init>
INFO: HHH000261: Table found: microcosmos.pedidosdevueltos
oct 14, 2021 8:19:43 PM org.hibernate.tool.hbm2ddl.TableMetadata <init>
INFO: HHH000037: Columns: [idcompra, descripcion, idempleados, idpedidosdevueltos, fechaanulacion]
oct 14, 2021 8:19:44 PM org.hibernate.tool.hbm2ddl.TableMetadata <init>
INFO: HHH000261: Table found: microcosmos.preciohistorico
oct 14, 2021 8:19:44 PM org.hibernate.tool.hbm2ddl.TableMetadata <init>
INFO: HHH000037: Columns: [precio, idpreciohistorico, fechainicial, fechafinal, idarticulo, activopreciohistorico]
oct 14, 2021 8:19:44 PM org.hibernate.tool.hbm2ddl.TableMetadata <init>
INFO: HHH000261: Table found: microcosmos.proveedores
oct 14, 2021 8:19:44 PM org.hibernate.tool.hbm2ddl.TableMetadata <init>
INFO: HHH000037: Columns: [idproveedor, activoproveedor, idtipodocumento, nombreproveedor, correoproveedor, telefonoproveedor, documento, ubicacionproveedor]
oct 14, 2021 8:19:44 PM org.hibernate.tool.hbm2ddl.TableMetadata <init>
INFO: HHH000261: Table found: microcosmos.secciontienda
oct 14, 2021 8:19:44 PM org.hibernate.tool.hbm2ddl.TableMetadata <init>
INFO: HHH000037: Columns: [idsecciontienda, descripcionsecciontienda, nombresecciontienda, activosecciontienda]
oct 14, 2021 8:19:44 PM org.hibernate.tool.hbm2ddl.TableMetadata <init>
INFO: HHH000261: Table found: microcosmos.sexo
oct 14, 2021 8:19:44 PM org.hibernate.tool.hbm2ddl.TableMetadata <init>
INFO: HHH000037: Columns: [idsexo, nombresexo, descripcionsexo]
oct 14, 2021 8:19:44 PM org.hibernate.tool.hbm2ddl.TableMetadata <init>
INFO: HHH000261: Table found: microcosmos.talla
oct 14, 2021 8:19:44 PM org.hibernate.tool.hbm2ddl.TableMetadata <init>
INFO: HHH000037: Columns: [activotalla, nombretalla, descripciontalla, idtalla]
oct 14, 2021 8:19:44 PM org.hibernate.tool.hbm2ddl.TableMetadata <init>
INFO: HHH000261: Table found: microcosmos.tipodepago
oct 14, 2021 8:19:44 PM org.hibernate.tool.hbm2ddl.TableMetadata <init>
INFO: HHH000037: Columns: [descripciontipodepago, nombretipodepago, idtipodepago, activotipodepago]
oct 14, 2021 8:19:44 PM org.hibernate.tool.hbm2ddl.TableMetadata <init>
INFO: HHH000261: Table found: microcosmos.tipodocumento
oct 14, 2021 8:19:44 PM org.hibernate.tool.hbm2ddl.TableMetadata <init>
INFO: HHH000037: Columns: [nombretipodocumento, descripciontipodocumento, activotipodocumento, idtipodocumento]
oct 14, 2021 8:19:44 PM org.hibernate.tool.hbm2ddl.TableMetadata <init>
INFO: HHH000261: Table found: microcosmos.usuarios
oct 14, 2021 8:19:44 PM org.hibernate.tool.hbm2ddl.TableMetadata <init>
INFO: HHH000037: Columns: [nombreusuario, idempleados, numerodeintentos, activousuario, admin, contrasena, idusuario]
oct 14, 2021 8:19:44 PM org.hibernate.tool.hbm2ddl.TableMetadata <init>
INFO: HHH000261: Table found: microcosmos.venta
oct 14, 2021 8:19:44 PM org.hibernate.tool.hbm2ddl.TableMetadata <init>
INFO: HHH000037: Columns: [numtarjeta, idtipodepago, formato, montoefectivo, idcliente, idestado, idventa, total, idempleados, impuesto, subtotal, montotarjeta, fechaventa, idparametros]
oct 14, 2021 8:19:44 PM org.hibernate.jpa.internal.EntityManagerFactoryRegistry addEntityManagerFactory
WARN: HHH000436: Entity manager factory name (DB) is already registered.  If entity manager will be clustered or passivated, specify a unique value for property 'hibernate.ejb.entitymanager_factory_name'
oct 14, 2021 8:19:44 PM org.hibernate.ejb.HibernatePersistence logDeprecation
WARN: HHH015016: Encountered a deprecated javax.persistence.spi.PersistenceProvider [org.hibernate.ejb.HibernatePersistence]; use [org.hibernate.jpa.HibernatePersistenceProvider] instead.
oct 14, 2021 8:19:44 PM org.hibernate.ejb.HibernatePersistence logDeprecation
WARN: HHH015016: Encountered a deprecated javax.persistence.spi.PersistenceProvider [org.hibernate.ejb.HibernatePersistence]; use [org.hibernate.jpa.HibernatePersistenceProvider] instead.
oct 14, 2021 8:19:44 PM org.hibernate.ejb.HibernatePersistence logDeprecation
WARN: HHH015016: Encountered a deprecated javax.persistence.spi.PersistenceProvider [org.hibernate.ejb.HibernatePersistence]; use [org.hibernate.jpa.HibernatePersistenceProvider] instead.
oct 14, 2021 8:19:44 PM org.hibernate.jpa.internal.util.LogHelper logPersistenceUnitInformation
INFO: HHH000204: Processing PersistenceUnitInfo [
	name: DB
	...]
oct 14, 2021 8:19:44 PM org.hibernate.engine.jdbc.connections.internal.DriverManagerConnectionProviderImpl configure
WARN: HHH000402: Using Hibernate built-in connection pool (not for production use!)
oct 14, 2021 8:19:44 PM org.hibernate.engine.jdbc.connections.internal.DriverManagerConnectionProviderImpl buildCreator
INFO: HHH000401: using driver [com.mysql.jdbc.Driver] at URL [jdbc:mysql://localhost:3306/Microcosmos?zeroDateTimeBehavior=convertToNull]
oct 14, 2021 8:19:44 PM org.hibernate.engine.jdbc.connections.internal.DriverManagerConnectionProviderImpl buildCreator
INFO: HHH000046: Connection properties: {user=root, password=****}
oct 14, 2021 8:19:44 PM org.hibernate.engine.jdbc.connections.internal.DriverManagerConnectionProviderImpl buildCreator
INFO: HHH000006: Autocommit mode: false
oct 14, 2021 8:19:44 PM org.hibernate.engine.jdbc.connections.internal.DriverManagerConnectionProviderImpl configure
INFO: HHH000115: Hibernate connection pool size: 20 (min=1)
oct 14, 2021 8:19:44 PM org.hibernate.dialect.Dialect <init>
INFO: HHH000400: Using dialect: org.hibernate.dialect.MySQLDialect
oct 14, 2021 8:19:44 PM org.hibernate.hql.internal.ast.ASTQueryTranslatorFactory <init>
INFO: HHH000397: Using ASTQueryTranslatorFactory
oct 14, 2021 8:19:44 PM org.hibernate.tool.hbm2ddl.SchemaValidator validate
INFO: HHH000229: Running schema validator
oct 14, 2021 8:19:44 PM org.hibernate.tool.hbm2ddl.SchemaValidator validate
INFO: HHH000102: Fetching database metadata
oct 14, 2021 8:19:44 PM org.hibernate.tool.hbm2ddl.TableMetadata <init>
INFO: HHH000261: Table found: microcosmos.arealaboral
oct 14, 2021 8:19:44 PM org.hibernate.tool.hbm2ddl.TableMetadata <init>
INFO: HHH000037: Columns: [idarealaboral, descripcionarealaboral, nombrearealaboral, activoarealaboral]
oct 14, 2021 8:19:44 PM org.hibernate.tool.hbm2ddl.TableMetadata <init>
INFO: HHH000261: Table found: microcosmos.arealaboralhistorica
oct 14, 2021 8:19:44 PM org.hibernate.tool.hbm2ddl.TableMetadata <init>
INFO: HHH000037: Columns: [idempleados, fechaconclusion, fechacomienzo, idarealaboralhistorica]
oct 14, 2021 8:19:44 PM org.hibernate.tool.hbm2ddl.TableMetadata <init>
INFO: HHH000261: Table found: microcosmos.articulo
oct 14, 2021 8:19:44 PM org.hibernate.tool.hbm2ddl.TableMetadata <init>
INFO: HHH000037: Columns: [idsecciontienda, stockmaximo, activoarticulo, nombrearticulo, stockminimo, precioarticulo, idtalla, stock, descripcionarticulo, idarticulo]
oct 14, 2021 8:19:44 PM org.hibernate.tool.hbm2ddl.TableMetadata <init>
INFO: HHH000261: Table found: microcosmos.clientes
oct 14, 2021 8:19:44 PM org.hibernate.tool.hbm2ddl.TableMetadata <init>
INFO: HHH000037: Columns: [telefonocliente, direccioncliente, idtipodocumento, idsexo, documento, activocliente, idcliente, nombrecliente, apellidocliente, correocliente]
oct 14, 2021 8:19:44 PM org.hibernate.tool.hbm2ddl.TableMetadata <init>
INFO: HHH000261: Table found: microcosmos.compra
oct 14, 2021 8:19:44 PM org.hibernate.tool.hbm2ddl.TableMetadata <init>
INFO: HHH000037: Columns: [idcompra, fechapedido, idproveedor, idempleados, fecharecibido, totalcompra, idestado]
oct 14, 2021 8:19:44 PM org.hibernate.tool.hbm2ddl.TableMetadata <init>
INFO: HHH000261: Table found: microcosmos.detallecompra
oct 14, 2021 8:19:44 PM org.hibernate.tool.hbm2ddl.TableMetadata <init>
INFO: HHH000037: Columns: [idcompra, iddetallecompra, preciocompra, cantidad, idarticulo]
oct 14, 2021 8:19:44 PM org.hibernate.tool.hbm2ddl.TableMetadata <init>
INFO: HHH000261: Table found: microcosmos.detalleventa
oct 14, 2021 8:19:44 PM org.hibernate.tool.hbm2ddl.TableMetadata <init>
INFO: HHH000037: Columns: [idventa, iddetalleventa, cantidad, idarticulo]
oct 14, 2021 8:19:44 PM org.hibernate.tool.hbm2ddl.TableMetadata <init>
INFO: HHH000261: Table found: microcosmos.empleados
oct 14, 2021 8:19:44 PM org.hibernate.tool.hbm2ddl.TableMetadata <init>
INFO: HHH000037: Columns: [idempleados, idarealaboral, idtipodocumento, idsexo, telefonoempleado, documento, nombreempleado, correoempleado, apellidoempleado, fechadenacimiento, activoempleado]
oct 14, 2021 8:19:44 PM org.hibernate.tool.hbm2ddl.TableMetadata <init>
INFO: HHH000261: Table found: microcosmos.entidades
oct 14, 2021 8:19:44 PM org.hibernate.tool.hbm2ddl.TableMetadata <init>
INFO: HHH000037: Columns: [identidad, activoentidad, nombreentidad]
oct 14, 2021 8:19:44 PM org.hibernate.tool.hbm2ddl.TableMetadata <init>
INFO: HHH000261: Table found: microcosmos.estado
oct 14, 2021 8:19:44 PM org.hibernate.tool.hbm2ddl.TableMetadata <init>
INFO: HHH000037: Columns: [nombreestado, activoestado, identidad, descripcionestado, idestado]
oct 14, 2021 8:19:44 PM org.hibernate.tool.hbm2ddl.TableMetadata <init>
INFO: HHH000261: Table found: microcosmos.facturasdevueltas
oct 14, 2021 8:19:44 PM org.hibernate.tool.hbm2ddl.TableMetadata <init>
INFO: HHH000037: Columns: [idventa, descripcion, fechadevolucion, idempleados, idfacturadevuelta]
oct 14, 2021 8:19:44 PM org.hibernate.tool.hbm2ddl.TableMetadata <init>
INFO: HHH000261: Table found: microcosmos.parametros
oct 14, 2021 8:19:44 PM org.hibernate.tool.hbm2ddl.TableMetadata <init>
INFO: HHH000037: Columns: [facturainicial, fechaemision, facturafinal, activoparametros, fechacaducidad, cai, idparametros]
oct 14, 2021 8:19:44 PM org.hibernate.tool.hbm2ddl.TableMetadata <init>
INFO: HHH000261: Table found: microcosmos.pedidosdevueltos
oct 14, 2021 8:19:44 PM org.hibernate.tool.hbm2ddl.TableMetadata <init>
INFO: HHH000037: Columns: [idcompra, descripcion, idempleados, idpedidosdevueltos, fechaanulacion]
oct 14, 2021 8:19:44 PM org.hibernate.tool.hbm2ddl.TableMetadata <init>
INFO: HHH000261: Table found: microcosmos.preciohistorico
oct 14, 2021 8:19:44 PM org.hibernate.tool.hbm2ddl.TableMetadata <init>
INFO: HHH000037: Columns: [precio, idpreciohistorico, fechainicial, fechafinal, idarticulo, activopreciohistorico]
oct 14, 2021 8:19:44 PM org.hibernate.tool.hbm2ddl.TableMetadata <init>
INFO: HHH000261: Table found: microcosmos.proveedores
oct 14, 2021 8:19:44 PM org.hibernate.tool.hbm2ddl.TableMetadata <init>
INFO: HHH000037: Columns: [idproveedor, activoproveedor, idtipodocumento, nombreproveedor, correoproveedor, telefonoproveedor, documento, ubicacionproveedor]
oct 14, 2021 8:19:44 PM org.hibernate.tool.hbm2ddl.TableMetadata <init>
INFO: HHH000261: Table found: microcosmos.secciontienda
oct 14, 2021 8:19:44 PM org.hibernate.tool.hbm2ddl.TableMetadata <init>
INFO: HHH000037: Columns: [idsecciontienda, descripcionsecciontienda, nombresecciontienda, activosecciontienda]
oct 14, 2021 8:19:44 PM org.hibernate.tool.hbm2ddl.TableMetadata <init>
INFO: HHH000261: Table found: microcosmos.sexo
oct 14, 2021 8:19:44 PM org.hibernate.tool.hbm2ddl.TableMetadata <init>
INFO: HHH000037: Columns: [idsexo, nombresexo, descripcionsexo]
oct 14, 2021 8:19:44 PM org.hibernate.tool.hbm2ddl.TableMetadata <init>
INFO: HHH000261: Table found: microcosmos.talla
oct 14, 2021 8:19:44 PM org.hibernate.tool.hbm2ddl.TableMetadata <init>
INFO: HHH000037: Columns: [activotalla, nombretalla, descripciontalla, idtalla]
oct 14, 2021 8:19:44 PM org.hibernate.tool.hbm2ddl.TableMetadata <init>
INFO: HHH000261: Table found: microcosmos.tipodepago
oct 14, 2021 8:19:44 PM org.hibernate.tool.hbm2ddl.TableMetadata <init>
INFO: HHH000037: Columns: [descripciontipodepago, nombretipodepago, idtipodepago, activotipodepago]
oct 14, 2021 8:19:44 PM org.hibernate.tool.hbm2ddl.TableMetadata <init>
INFO: HHH000261: Table found: microcosmos.tipodocumento
oct 14, 2021 8:19:44 PM org.hibernate.tool.hbm2ddl.TableMetadata <init>
INFO: HHH000037: Columns: [nombretipodocumento, descripciontipodocumento, activotipodocumento, idtipodocumento]
oct 14, 2021 8:19:44 PM org.hibernate.tool.hbm2ddl.TableMetadata <init>
INFO: HHH000261: Table found: microcosmos.usuarios
oct 14, 2021 8:19:44 PM org.hibernate.tool.hbm2ddl.TableMetadata <init>
INFO: HHH000037: Columns: [nombreusuario, idempleados, numerodeintentos, activousuario, admin, contrasena, idusuario]
oct 14, 2021 8:19:44 PM org.hibernate.tool.hbm2ddl.TableMetadata <init>
INFO: HHH000261: Table found: microcosmos.venta
oct 14, 2021 8:19:44 PM org.hibernate.tool.hbm2ddl.TableMetadata <init>
INFO: HHH000037: Columns: [numtarjeta, idtipodepago, formato, montoefectivo, idcliente, idestado, idventa, total, idempleados, impuesto, subtotal, montotarjeta, fechaventa, idparametros]
oct 14, 2021 8:19:44 PM org.hibernate.jpa.internal.EntityManagerFactoryRegistry addEntityManagerFactory
WARN: HHH000436: Entity manager factory name (DB) is already registered.  If entity manager will be clustered or passivated, specify a unique value for property 'hibernate.ejb.entitymanager_factory_name'
oct 14, 2021 8:19:44 PM org.hibernate.ejb.HibernatePersistence logDeprecation
WARN: HHH015016: Encountered a deprecated javax.persistence.spi.PersistenceProvider [org.hibernate.ejb.HibernatePersistence]; use [org.hibernate.jpa.HibernatePersistenceProvider] instead.
oct 14, 2021 8:19:44 PM org.hibernate.ejb.HibernatePersistence logDeprecation
WARN: HHH015016: Encountered a deprecated javax.persistence.spi.PersistenceProvider [org.hibernate.ejb.HibernatePersistence]; use [org.hibernate.jpa.HibernatePersistenceProvider] instead.
oct 14, 2021 8:19:44 PM org.hibernate.ejb.HibernatePersistence logDeprecation
WARN: HHH015016: Encountered a deprecated javax.persistence.spi.PersistenceProvider [org.hibernate.ejb.HibernatePersistence]; use [org.hibernate.jpa.HibernatePersistenceProvider] instead.
oct 14, 2021 8:19:44 PM org.hibernate.jpa.internal.util.LogHelper logPersistenceUnitInformation
INFO: HHH000204: Processing PersistenceUnitInfo [
	name: DB
	...]
oct 14, 2021 8:19:44 PM org.hibernate.engine.jdbc.connections.internal.DriverManagerConnectionProviderImpl configure
WARN: HHH000402: Using Hibernate built-in connection pool (not for production use!)
oct 14, 2021 8:19:44 PM org.hibernate.engine.jdbc.connections.internal.DriverManagerConnectionProviderImpl buildCreator
INFO: HHH000401: using driver [com.mysql.jdbc.Driver] at URL [jdbc:mysql://localhost:3306/Microcosmos?zeroDateTimeBehavior=convertToNull]
oct 14, 2021 8:19:44 PM org.hibernate.engine.jdbc.connections.internal.DriverManagerConnectionProviderImpl buildCreator
INFO: HHH000046: Connection properties: {user=root, password=****}
oct 14, 2021 8:19:44 PM org.hibernate.engine.jdbc.connections.internal.DriverManagerConnectionProviderImpl buildCreator
INFO: HHH000006: Autocommit mode: false
oct 14, 2021 8:19:44 PM org.hibernate.engine.jdbc.connections.internal.DriverManagerConnectionProviderImpl configure
INFO: HHH000115: Hibernate connection pool size: 20 (min=1)
oct 14, 2021 8:19:44 PM org.hibernate.dialect.Dialect <init>
INFO: HHH000400: Using dialect: org.hibernate.dialect.MySQLDialect
oct 14, 2021 8:19:44 PM org.hibernate.hql.internal.ast.ASTQueryTranslatorFactory <init>
INFO: HHH000397: Using ASTQueryTranslatorFactory
oct 14, 2021 8:19:44 PM org.hibernate.tool.hbm2ddl.SchemaValidator validate
INFO: HHH000229: Running schema validator
oct 14, 2021 8:19:44 PM org.hibernate.tool.hbm2ddl.SchemaValidator validate
INFO: HHH000102: Fetching database metadata
oct 14, 2021 8:19:44 PM org.hibernate.tool.hbm2ddl.TableMetadata <init>
INFO: HHH000261: Table found: microcosmos.arealaboral
oct 14, 2021 8:19:44 PM org.hibernate.tool.hbm2ddl.TableMetadata <init>
INFO: HHH000037: Columns: [idarealaboral, descripcionarealaboral, nombrearealaboral, activoarealaboral]
oct 14, 2021 8:19:44 PM org.hibernate.tool.hbm2ddl.TableMetadata <init>
INFO: HHH000261: Table found: microcosmos.arealaboralhistorica
oct 14, 2021 8:19:44 PM org.hibernate.tool.hbm2ddl.TableMetadata <init>
INFO: HHH000037: Columns: [idempleados, fechaconclusion, fechacomienzo, idarealaboralhistorica]
oct 14, 2021 8:19:44 PM org.hibernate.tool.hbm2ddl.TableMetadata <init>
INFO: HHH000261: Table found: microcosmos.articulo
oct 14, 2021 8:19:44 PM org.hibernate.tool.hbm2ddl.TableMetadata <init>
INFO: HHH000037: Columns: [idsecciontienda, stockmaximo, activoarticulo, nombrearticulo, stockminimo, precioarticulo, idtalla, stock, descripcionarticulo, idarticulo]
oct 14, 2021 8:19:44 PM org.hibernate.tool.hbm2ddl.TableMetadata <init>
INFO: HHH000261: Table found: microcosmos.clientes
oct 14, 2021 8:19:44 PM org.hibernate.tool.hbm2ddl.TableMetadata <init>
INFO: HHH000037: Columns: [telefonocliente, direccioncliente, idtipodocumento, idsexo, documento, activocliente, idcliente, nombrecliente, apellidocliente, correocliente]
oct 14, 2021 8:19:44 PM org.hibernate.tool.hbm2ddl.TableMetadata <init>
INFO: HHH000261: Table found: microcosmos.compra
oct 14, 2021 8:19:44 PM org.hibernate.tool.hbm2ddl.TableMetadata <init>
INFO: HHH000037: Columns: [idcompra, fechapedido, idproveedor, idempleados, fecharecibido, totalcompra, idestado]
oct 14, 2021 8:19:44 PM org.hibernate.tool.hbm2ddl.TableMetadata <init>
INFO: HHH000261: Table found: microcosmos.detallecompra
oct 14, 2021 8:19:44 PM org.hibernate.tool.hbm2ddl.TableMetadata <init>
INFO: HHH000037: Columns: [idcompra, iddetallecompra, preciocompra, cantidad, idarticulo]
oct 14, 2021 8:19:44 PM org.hibernate.tool.hbm2ddl.TableMetadata <init>
INFO: HHH000261: Table found: microcosmos.detalleventa
oct 14, 2021 8:19:44 PM org.hibernate.tool.hbm2ddl.TableMetadata <init>
INFO: HHH000037: Columns: [idventa, iddetalleventa, cantidad, idarticulo]
oct 14, 2021 8:19:44 PM org.hibernate.tool.hbm2ddl.TableMetadata <init>
INFO: HHH000261: Table found: microcosmos.empleados
oct 14, 2021 8:19:44 PM org.hibernate.tool.hbm2ddl.TableMetadata <init>
INFO: HHH000037: Columns: [idempleados, idarealaboral, idtipodocumento, idsexo, telefonoempleado, documento, nombreempleado, correoempleado, apellidoempleado, fechadenacimiento, activoempleado]
oct 14, 2021 8:19:44 PM org.hibernate.tool.hbm2ddl.TableMetadata <init>
INFO: HHH000261: Table found: microcosmos.entidades
oct 14, 2021 8:19:44 PM org.hibernate.tool.hbm2ddl.TableMetadata <init>
INFO: HHH000037: Columns: [identidad, activoentidad, nombreentidad]
oct 14, 2021 8:19:44 PM org.hibernate.tool.hbm2ddl.TableMetadata <init>
INFO: HHH000261: Table found: microcosmos.estado
oct 14, 2021 8:19:44 PM org.hibernate.tool.hbm2ddl.TableMetadata <init>
INFO: HHH000037: Columns: [nombreestado, activoestado, identidad, descripcionestado, idestado]
oct 14, 2021 8:19:44 PM org.hibernate.tool.hbm2ddl.TableMetadata <init>
INFO: HHH000261: Table found: microcosmos.facturasdevueltas
oct 14, 2021 8:19:44 PM org.hibernate.tool.hbm2ddl.TableMetadata <init>
INFO: HHH000037: Columns: [idventa, descripcion, fechadevolucion, idempleados, idfacturadevuelta]
oct 14, 2021 8:19:44 PM org.hibernate.tool.hbm2ddl.TableMetadata <init>
INFO: HHH000261: Table found: microcosmos.parametros
oct 14, 2021 8:19:44 PM org.hibernate.tool.hbm2ddl.TableMetadata <init>
INFO: HHH000037: Columns: [facturainicial, fechaemision, facturafinal, activoparametros, fechacaducidad, cai, idparametros]
oct 14, 2021 8:19:44 PM org.hibernate.tool.hbm2ddl.TableMetadata <init>
INFO: HHH000261: Table found: microcosmos.pedidosdevueltos
oct 14, 2021 8:19:44 PM org.hibernate.tool.hbm2ddl.TableMetadata <init>
INFO: HHH000037: Columns: [idcompra, descripcion, idempleados, idpedidosdevueltos, fechaanulacion]
oct 14, 2021 8:19:44 PM org.hibernate.tool.hbm2ddl.TableMetadata <init>
INFO: HHH000261: Table found: microcosmos.preciohistorico
oct 14, 2021 8:19:44 PM org.hibernate.tool.hbm2ddl.TableMetadata <init>
INFO: HHH000037: Columns: [precio, idpreciohistorico, fechainicial, fechafinal, idarticulo, activopreciohistorico]
oct 14, 2021 8:19:44 PM org.hibernate.tool.hbm2ddl.TableMetadata <init>
INFO: HHH000261: Table found: microcosmos.proveedores
oct 14, 2021 8:19:44 PM org.hibernate.tool.hbm2ddl.TableMetadata <init>
INFO: HHH000037: Columns: [idproveedor, activoproveedor, idtipodocumento, nombreproveedor, correoproveedor, telefonoproveedor, documento, ubicacionproveedor]
oct 14, 2021 8:19:44 PM org.hibernate.tool.hbm2ddl.TableMetadata <init>
INFO: HHH000261: Table found: microcosmos.secciontienda
oct 14, 2021 8:19:44 PM org.hibernate.tool.hbm2ddl.TableMetadata <init>
INFO: HHH000037: Columns: [idsecciontienda, descripcionsecciontienda, nombresecciontienda, activosecciontienda]
oct 14, 2021 8:19:44 PM org.hibernate.tool.hbm2ddl.TableMetadata <init>
INFO: HHH000261: Table found: microcosmos.sexo
oct 14, 2021 8:19:44 PM org.hibernate.tool.hbm2ddl.TableMetadata <init>
INFO: HHH000037: Columns: [idsexo, nombresexo, descripcionsexo]
oct 14, 2021 8:19:44 PM org.hibernate.tool.hbm2ddl.TableMetadata <init>
INFO: HHH000261: Table found: microcosmos.talla
oct 14, 2021 8:19:44 PM org.hibernate.tool.hbm2ddl.TableMetadata <init>
INFO: HHH000037: Columns: [activotalla, nombretalla, descripciontalla, idtalla]
oct 14, 2021 8:19:44 PM org.hibernate.tool.hbm2ddl.TableMetadata <init>
INFO: HHH000261: Table found: microcosmos.tipodepago
oct 14, 2021 8:19:44 PM org.hibernate.tool.hbm2ddl.TableMetadata <init>
INFO: HHH000037: Columns: [descripciontipodepago, nombretipodepago, idtipodepago, activotipodepago]
oct 14, 2021 8:19:44 PM org.hibernate.tool.hbm2ddl.TableMetadata <init>
INFO: HHH000261: Table found: microcosmos.tipodocumento
oct 14, 2021 8:19:44 PM org.hibernate.tool.hbm2ddl.TableMetadata <init>
INFO: HHH000037: Columns: [nombretipodocumento, descripciontipodocumento, activotipodocumento, idtipodocumento]
oct 14, 2021 8:19:44 PM org.hibernate.tool.hbm2ddl.TableMetadata <init>
INFO: HHH000261: Table found: microcosmos.usuarios
oct 14, 2021 8:19:44 PM org.hibernate.tool.hbm2ddl.TableMetadata <init>
INFO: HHH000037: Columns: [nombreusuario, idempleados, numerodeintentos, activousuario, admin, contrasena, idusuario]
oct 14, 2021 8:19:44 PM org.hibernate.tool.hbm2ddl.TableMetadata <init>
INFO: HHH000261: Table found: microcosmos.venta
oct 14, 2021 8:19:44 PM org.hibernate.tool.hbm2ddl.TableMetadata <init>
INFO: HHH000037: Columns: [numtarjeta, idtipodepago, formato, montoefectivo, idcliente, idestado, idventa, total, idempleados, impuesto, subtotal, montotarjeta, fechaventa, idparametros]
oct 14, 2021 8:19:44 PM org.hibernate.jpa.internal.EntityManagerFactoryRegistry addEntityManagerFactory
WARN: HHH000436: Entity manager factory name (DB) is already registered.  If entity manager will be clustered or passivated, specify a unique value for property 'hibernate.ejb.entitymanager_factory_name'
oct 14, 2021 8:19:44 PM org.hibernate.ejb.HibernatePersistence logDeprecation
WARN: HHH015016: Encountered a deprecated javax.persistence.spi.PersistenceProvider [org.hibernate.ejb.HibernatePersistence]; use [org.hibernate.jpa.HibernatePersistenceProvider] instead.
oct 14, 2021 8:19:44 PM org.hibernate.ejb.HibernatePersistence logDeprecation
WARN: HHH015016: Encountered a deprecated javax.persistence.spi.PersistenceProvider [org.hibernate.ejb.HibernatePersistence]; use [org.hibernate.jpa.HibernatePersistenceProvider] instead.
oct 14, 2021 8:19:44 PM org.hibernate.ejb.HibernatePersistence logDeprecation
WARN: HHH015016: Encountered a deprecated javax.persistence.spi.PersistenceProvider [org.hibernate.ejb.HibernatePersistence]; use [org.hibernate.jpa.HibernatePersistenceProvider] instead.
oct 14, 2021 8:19:44 PM org.hibernate.jpa.internal.util.LogHelper logPersistenceUnitInformation
INFO: HHH000204: Processing PersistenceUnitInfo [
	name: DB
	...]
oct 14, 2021 8:19:44 PM org.hibernate.engine.jdbc.connections.internal.DriverManagerConnectionProviderImpl configure
WARN: HHH000402: Using Hibernate built-in connection pool (not for production use!)
oct 14, 2021 8:19:44 PM org.hibernate.engine.jdbc.connections.internal.DriverManagerConnectionProviderImpl buildCreator
INFO: HHH000401: using driver [com.mysql.jdbc.Driver] at URL [jdbc:mysql://localhost:3306/Microcosmos?zeroDateTimeBehavior=convertToNull]
oct 14, 2021 8:19:44 PM org.hibernate.engine.jdbc.connections.internal.DriverManagerConnectionProviderImpl buildCreator
INFO: HHH000046: Connection properties: {user=root, password=****}
oct 14, 2021 8:19:44 PM org.hibernate.engine.jdbc.connections.internal.DriverManagerConnectionProviderImpl buildCreator
INFO: HHH000006: Autocommit mode: false
oct 14, 2021 8:19:44 PM org.hibernate.engine.jdbc.connections.internal.DriverManagerConnectionProviderImpl configure
INFO: HHH000115: Hibernate connection pool size: 20 (min=1)
oct 14, 2021 8:19:44 PM org.hibernate.dialect.Dialect <init>
INFO: HHH000400: Using dialect: org.hibernate.dialect.MySQLDialect
oct 14, 2021 8:19:44 PM org.hibernate.hql.internal.ast.ASTQueryTranslatorFactory <init>
INFO: HHH000397: Using ASTQueryTranslatorFactory
oct 14, 2021 8:19:44 PM org.hibernate.tool.hbm2ddl.SchemaValidator validate
INFO: HHH000229: Running schema validator
oct 14, 2021 8:19:44 PM org.hibernate.tool.hbm2ddl.SchemaValidator validate
INFO: HHH000102: Fetching database metadata
oct 14, 2021 8:19:44 PM org.hibernate.tool.hbm2ddl.TableMetadata <init>
INFO: HHH000261: Table found: microcosmos.arealaboral
oct 14, 2021 8:19:44 PM org.hibernate.tool.hbm2ddl.TableMetadata <init>
INFO: HHH000037: Columns: [idarealaboral, descripcionarealaboral, nombrearealaboral, activoarealaboral]
oct 14, 2021 8:19:44 PM org.hibernate.tool.hbm2ddl.TableMetadata <init>
INFO: HHH000261: Table found: microcosmos.arealaboralhistorica
oct 14, 2021 8:19:44 PM org.hibernate.tool.hbm2ddl.TableMetadata <init>
INFO: HHH000037: Columns: [idempleados, fechaconclusion, fechacomienzo, idarealaboralhistorica]
oct 14, 2021 8:19:44 PM org.hibernate.tool.hbm2ddl.TableMetadata <init>
INFO: HHH000261: Table found: microcosmos.articulo
oct 14, 2021 8:19:44 PM org.hibernate.tool.hbm2ddl.TableMetadata <init>
INFO: HHH000037: Columns: [idsecciontienda, stockmaximo, activoarticulo, nombrearticulo, stockminimo, precioarticulo, idtalla, stock, descripcionarticulo, idarticulo]
oct 14, 2021 8:19:44 PM org.hibernate.tool.hbm2ddl.TableMetadata <init>
INFO: HHH000261: Table found: microcosmos.clientes
oct 14, 2021 8:19:44 PM org.hibernate.tool.hbm2ddl.TableMetadata <init>
INFO: HHH000037: Columns: [telefonocliente, direccioncliente, idtipodocumento, idsexo, documento, activocliente, idcliente, nombrecliente, apellidocliente, correocliente]
oct 14, 2021 8:19:44 PM org.hibernate.tool.hbm2ddl.TableMetadata <init>
INFO: HHH000261: Table found: microcosmos.compra
oct 14, 2021 8:19:44 PM org.hibernate.tool.hbm2ddl.TableMetadata <init>
INFO: HHH000037: Columns: [idcompra, fechapedido, idproveedor, idempleados, fecharecibido, totalcompra, idestado]
oct 14, 2021 8:19:44 PM org.hibernate.tool.hbm2ddl.TableMetadata <init>
INFO: HHH000261: Table found: microcosmos.detallecompra
oct 14, 2021 8:19:44 PM org.hibernate.tool.hbm2ddl.TableMetadata <init>
INFO: HHH000037: Columns: [idcompra, iddetallecompra, preciocompra, cantidad, idarticulo]
oct 14, 2021 8:19:44 PM org.hibernate.tool.hbm2ddl.TableMetadata <init>
INFO: HHH000261: Table found: microcosmos.detalleventa
oct 14, 2021 8:19:44 PM org.hibernate.tool.hbm2ddl.TableMetadata <init>
INFO: HHH000037: Columns: [idventa, iddetalleventa, cantidad, idarticulo]
oct 14, 2021 8:19:44 PM org.hibernate.tool.hbm2ddl.TableMetadata <init>
INFO: HHH000261: Table found: microcosmos.empleados
oct 14, 2021 8:19:44 PM org.hibernate.tool.hbm2ddl.TableMetadata <init>
INFO: HHH000037: Columns: [idempleados, idarealaboral, idtipodocumento, idsexo, telefonoempleado, documento, nombreempleado, correoempleado, apellidoempleado, fechadenacimiento, activoempleado]
oct 14, 2021 8:19:44 PM org.hibernate.tool.hbm2ddl.TableMetadata <init>
INFO: HHH000261: Table found: microcosmos.entidades
oct 14, 2021 8:19:44 PM org.hibernate.tool.hbm2ddl.TableMetadata <init>
INFO: HHH000037: Columns: [identidad, activoentidad, nombreentidad]
oct 14, 2021 8:19:44 PM org.hibernate.tool.hbm2ddl.TableMetadata <init>
INFO: HHH000261: Table found: microcosmos.estado
oct 14, 2021 8:19:44 PM org.hibernate.tool.hbm2ddl.TableMetadata <init>
INFO: HHH000037: Columns: [nombreestado, activoestado, identidad, descripcionestado, idestado]
oct 14, 2021 8:19:44 PM org.hibernate.tool.hbm2ddl.TableMetadata <init>
INFO: HHH000261: Table found: microcosmos.facturasdevueltas
oct 14, 2021 8:19:44 PM org.hibernate.tool.hbm2ddl.TableMetadata <init>
INFO: HHH000037: Columns: [idventa, descripcion, fechadevolucion, idempleados, idfacturadevuelta]
oct 14, 2021 8:19:44 PM org.hibernate.tool.hbm2ddl.TableMetadata <init>
INFO: HHH000261: Table found: microcosmos.parametros
oct 14, 2021 8:19:44 PM org.hibernate.tool.hbm2ddl.TableMetadata <init>
INFO: HHH000037: Columns: [facturainicial, fechaemision, facturafinal, activoparametros, fechacaducidad, cai, idparametros]
oct 14, 2021 8:19:44 PM org.hibernate.tool.hbm2ddl.TableMetadata <init>
INFO: HHH000261: Table found: microcosmos.pedidosdevueltos
oct 14, 2021 8:19:44 PM org.hibernate.tool.hbm2ddl.TableMetadata <init>
INFO: HHH000037: Columns: [idcompra, descripcion, idempleados, idpedidosdevueltos, fechaanulacion]
oct 14, 2021 8:19:44 PM org.hibernate.tool.hbm2ddl.TableMetadata <init>
INFO: HHH000261: Table found: microcosmos.preciohistorico
oct 14, 2021 8:19:44 PM org.hibernate.tool.hbm2ddl.TableMetadata <init>
INFO: HHH000037: Columns: [precio, idpreciohistorico, fechainicial, fechafinal, idarticulo, activopreciohistorico]
oct 14, 2021 8:19:44 PM org.hibernate.tool.hbm2ddl.TableMetadata <init>
INFO: HHH000261: Table found: microcosmos.proveedores
oct 14, 2021 8:19:44 PM org.hibernate.tool.hbm2ddl.TableMetadata <init>
INFO: HHH000037: Columns: [idproveedor, activoproveedor, idtipodocumento, nombreproveedor, correoproveedor, telefonoproveedor, documento, ubicacionproveedor]
oct 14, 2021 8:19:44 PM org.hibernate.tool.hbm2ddl.TableMetadata <init>
INFO: HHH000261: Table found: microcosmos.secciontienda
oct 14, 2021 8:19:44 PM org.hibernate.tool.hbm2ddl.TableMetadata <init>
INFO: HHH000037: Columns: [idsecciontienda, descripcionsecciontienda, nombresecciontienda, activosecciontienda]
oct 14, 2021 8:19:44 PM org.hibernate.tool.hbm2ddl.TableMetadata <init>
INFO: HHH000261: Table found: microcosmos.sexo
oct 14, 2021 8:19:44 PM org.hibernate.tool.hbm2ddl.TableMetadata <init>
INFO: HHH000037: Columns: [idsexo, nombresexo, descripcionsexo]
oct 14, 2021 8:19:44 PM org.hibernate.tool.hbm2ddl.TableMetadata <init>
INFO: HHH000261: Table found: microcosmos.talla
oct 14, 2021 8:19:44 PM org.hibernate.tool.hbm2ddl.TableMetadata <init>
INFO: HHH000037: Columns: [activotalla, nombretalla, descripciontalla, idtalla]
oct 14, 2021 8:19:44 PM org.hibernate.tool.hbm2ddl.TableMetadata <init>
INFO: HHH000261: Table found: microcosmos.tipodepago
oct 14, 2021 8:19:44 PM org.hibernate.tool.hbm2ddl.TableMetadata <init>
INFO: HHH000037: Columns: [descripciontipodepago, nombretipodepago, idtipodepago, activotipodepago]
oct 14, 2021 8:19:44 PM org.hibernate.tool.hbm2ddl.TableMetadata <init>
INFO: HHH000261: Table found: microcosmos.tipodocumento
oct 14, 2021 8:19:44 PM org.hibernate.tool.hbm2ddl.TableMetadata <init>
INFO: HHH000037: Columns: [nombretipodocumento, descripciontipodocumento, activotipodocumento, idtipodocumento]
oct 14, 2021 8:19:44 PM org.hibernate.tool.hbm2ddl.TableMetadata <init>
INFO: HHH000261: Table found: microcosmos.usuarios
oct 14, 2021 8:19:44 PM org.hibernate.tool.hbm2ddl.TableMetadata <init>
INFO: HHH000037: Columns: [nombreusuario, idempleados, numerodeintentos, activousuario, admin, contrasena, idusuario]
oct 14, 2021 8:19:44 PM org.hibernate.tool.hbm2ddl.TableMetadata <init>
INFO: HHH000261: Table found: microcosmos.venta
oct 14, 2021 8:19:44 PM org.hibernate.tool.hbm2ddl.TableMetadata <init>
INFO: HHH000037: Columns: [numtarjeta, idtipodepago, formato, montoefectivo, idcliente, idestado, idventa, total, idempleados, impuesto, subtotal, montotarjeta, fechaventa, idparametros]
oct 14, 2021 8:19:44 PM org.hibernate.jpa.internal.EntityManagerFactoryRegistry addEntityManagerFactory
WARN: HHH000436: Entity manager factory name (DB) is already registered.  If entity manager will be clustered or passivated, specify a unique value for property 'hibernate.ejb.entitymanager_factory_name'
oct 14, 2021 8:19:44 PM org.hibernate.ejb.HibernatePersistence logDeprecation
WARN: HHH015016: Encountered a deprecated javax.persistence.spi.PersistenceProvider [org.hibernate.ejb.HibernatePersistence]; use [org.hibernate.jpa.HibernatePersistenceProvider] instead.
oct 14, 2021 8:19:44 PM org.hibernate.ejb.HibernatePersistence logDeprecation
WARN: HHH015016: Encountered a deprecated javax.persistence.spi.PersistenceProvider [org.hibernate.ejb.HibernatePersistence]; use [org.hibernate.jpa.HibernatePersistenceProvider] instead.
oct 14, 2021 8:19:44 PM org.hibernate.ejb.HibernatePersistence logDeprecation
WARN: HHH015016: Encountered a deprecated javax.persistence.spi.PersistenceProvider [org.hibernate.ejb.HibernatePersistence]; use [org.hibernate.jpa.HibernatePersistenceProvider] instead.
oct 14, 2021 8:19:44 PM org.hibernate.jpa.internal.util.LogHelper logPersistenceUnitInformation
INFO: HHH000204: Processing PersistenceUnitInfo [
	name: DB
	...]
oct 14, 2021 8:19:44 PM org.hibernate.engine.jdbc.connections.internal.DriverManagerConnectionProviderImpl configure
WARN: HHH000402: Using Hibernate built-in connection pool (not for production use!)
oct 14, 2021 8:19:44 PM org.hibernate.engine.jdbc.connections.internal.DriverManagerConnectionProviderImpl buildCreator
INFO: HHH000401: using driver [com.mysql.jdbc.Driver] at URL [jdbc:mysql://localhost:3306/Microcosmos?zeroDateTimeBehavior=convertToNull]
oct 14, 2021 8:19:44 PM org.hibernate.engine.jdbc.connections.internal.DriverManagerConnectionProviderImpl buildCreator
INFO: HHH000046: Connection properties: {user=root, password=****}
oct 14, 2021 8:19:44 PM org.hibernate.engine.jdbc.connections.internal.DriverManagerConnectionProviderImpl buildCreator
INFO: HHH000006: Autocommit mode: false
oct 14, 2021 8:19:44 PM org.hibernate.engine.jdbc.connections.internal.DriverManagerConnectionProviderImpl configure
INFO: HHH000115: Hibernate connection pool size: 20 (min=1)
oct 14, 2021 8:19:44 PM org.hibernate.dialect.Dialect <init>
INFO: HHH000400: Using dialect: org.hibernate.dialect.MySQLDialect
oct 14, 2021 8:19:44 PM org.hibernate.hql.internal.ast.ASTQueryTranslatorFactory <init>
INFO: HHH000397: Using ASTQueryTranslatorFactory
oct 14, 2021 8:19:44 PM org.hibernate.tool.hbm2ddl.SchemaValidator validate
INFO: HHH000229: Running schema validator
oct 14, 2021 8:19:44 PM org.hibernate.tool.hbm2ddl.SchemaValidator validate
INFO: HHH000102: Fetching database metadata
oct 14, 2021 8:19:44 PM org.hibernate.tool.hbm2ddl.TableMetadata <init>
INFO: HHH000261: Table found: microcosmos.arealaboral
oct 14, 2021 8:19:44 PM org.hibernate.tool.hbm2ddl.TableMetadata <init>
INFO: HHH000037: Columns: [idarealaboral, descripcionarealaboral, nombrearealaboral, activoarealaboral]
oct 14, 2021 8:19:44 PM org.hibernate.tool.hbm2ddl.TableMetadata <init>
INFO: HHH000261: Table found: microcosmos.arealaboralhistorica
oct 14, 2021 8:19:44 PM org.hibernate.tool.hbm2ddl.TableMetadata <init>
INFO: HHH000037: Columns: [idempleados, fechaconclusion, fechacomienzo, idarealaboralhistorica]
oct 14, 2021 8:19:44 PM org.hibernate.tool.hbm2ddl.TableMetadata <init>
INFO: HHH000261: Table found: microcosmos.articulo
oct 14, 2021 8:19:44 PM org.hibernate.tool.hbm2ddl.TableMetadata <init>
INFO: HHH000037: Columns: [idsecciontienda, stockmaximo, activoarticulo, nombrearticulo, stockminimo, precioarticulo, idtalla, stock, descripcionarticulo, idarticulo]
oct 14, 2021 8:19:44 PM org.hibernate.tool.hbm2ddl.TableMetadata <init>
INFO: HHH000261: Table found: microcosmos.clientes
oct 14, 2021 8:19:44 PM org.hibernate.tool.hbm2ddl.TableMetadata <init>
INFO: HHH000037: Columns: [telefonocliente, direccioncliente, idtipodocumento, idsexo, documento, activocliente, idcliente, nombrecliente, apellidocliente, correocliente]
oct 14, 2021 8:19:44 PM org.hibernate.tool.hbm2ddl.TableMetadata <init>
INFO: HHH000261: Table found: microcosmos.compra
oct 14, 2021 8:19:44 PM org.hibernate.tool.hbm2ddl.TableMetadata <init>
INFO: HHH000037: Columns: [idcompra, fechapedido, idproveedor, idempleados, fecharecibido, totalcompra, idestado]
oct 14, 2021 8:19:44 PM org.hibernate.tool.hbm2ddl.TableMetadata <init>
INFO: HHH000261: Table found: microcosmos.detallecompra
oct 14, 2021 8:19:44 PM org.hibernate.tool.hbm2ddl.TableMetadata <init>
INFO: HHH000037: Columns: [idcompra, iddetallecompra, preciocompra, cantidad, idarticulo]
oct 14, 2021 8:19:44 PM org.hibernate.tool.hbm2ddl.TableMetadata <init>
INFO: HHH000261: Table found: microcosmos.detalleventa
oct 14, 2021 8:19:44 PM org.hibernate.tool.hbm2ddl.TableMetadata <init>
INFO: HHH000037: Columns: [idventa, iddetalleventa, cantidad, idarticulo]
oct 14, 2021 8:19:44 PM org.hibernate.tool.hbm2ddl.TableMetadata <init>
INFO: HHH000261: Table found: microcosmos.empleados
oct 14, 2021 8:19:44 PM org.hibernate.tool.hbm2ddl.TableMetadata <init>
INFO: HHH000037: Columns: [idempleados, idarealaboral, idtipodocumento, idsexo, telefonoempleado, documento, nombreempleado, correoempleado, apellidoempleado, fechadenacimiento, activoempleado]
oct 14, 2021 8:19:44 PM org.hibernate.tool.hbm2ddl.TableMetadata <init>
INFO: HHH000261: Table found: microcosmos.entidades
oct 14, 2021 8:19:44 PM org.hibernate.tool.hbm2ddl.TableMetadata <init>
INFO: HHH000037: Columns: [identidad, activoentidad, nombreentidad]
oct 14, 2021 8:19:44 PM org.hibernate.tool.hbm2ddl.TableMetadata <init>
INFO: HHH000261: Table found: microcosmos.estado
oct 14, 2021 8:19:44 PM org.hibernate.tool.hbm2ddl.TableMetadata <init>
INFO: HHH000037: Columns: [nombreestado, activoestado, identidad, descripcionestado, idestado]
oct 14, 2021 8:19:44 PM org.hibernate.tool.hbm2ddl.TableMetadata <init>
INFO: HHH000261: Table found: microcosmos.facturasdevueltas
oct 14, 2021 8:19:44 PM org.hibernate.tool.hbm2ddl.TableMetadata <init>
INFO: HHH000037: Columns: [idventa, descripcion, fechadevolucion, idempleados, idfacturadevuelta]
oct 14, 2021 8:19:44 PM org.hibernate.tool.hbm2ddl.TableMetadata <init>
INFO: HHH000261: Table found: microcosmos.parametros
oct 14, 2021 8:19:44 PM org.hibernate.tool.hbm2ddl.TableMetadata <init>
INFO: HHH000037: Columns: [facturainicial, fechaemision, facturafinal, activoparametros, fechacaducidad, cai, idparametros]
oct 14, 2021 8:19:44 PM org.hibernate.tool.hbm2ddl.TableMetadata <init>
INFO: HHH000261: Table found: microcosmos.pedidosdevueltos
oct 14, 2021 8:19:44 PM org.hibernate.tool.hbm2ddl.TableMetadata <init>
INFO: HHH000037: Columns: [idcompra, descripcion, idempleados, idpedidosdevueltos, fechaanulacion]
oct 14, 2021 8:19:44 PM org.hibernate.tool.hbm2ddl.TableMetadata <init>
INFO: HHH000261: Table found: microcosmos.preciohistorico
oct 14, 2021 8:19:44 PM org.hibernate.tool.hbm2ddl.TableMetadata <init>
INFO: HHH000037: Columns: [precio, idpreciohistorico, fechainicial, fechafinal, idarticulo, activopreciohistorico]
oct 14, 2021 8:19:44 PM org.hibernate.tool.hbm2ddl.TableMetadata <init>
INFO: HHH000261: Table found: microcosmos.proveedores
oct 14, 2021 8:19:44 PM org.hibernate.tool.hbm2ddl.TableMetadata <init>
INFO: HHH000037: Columns: [idproveedor, activoproveedor, idtipodocumento, nombreproveedor, correoproveedor, telefonoproveedor, documento, ubicacionproveedor]
oct 14, 2021 8:19:44 PM org.hibernate.tool.hbm2ddl.TableMetadata <init>
INFO: HHH000261: Table found: microcosmos.secciontienda
oct 14, 2021 8:19:44 PM org.hibernate.tool.hbm2ddl.TableMetadata <init>
INFO: HHH000037: Columns: [idsecciontienda, descripcionsecciontienda, nombresecciontienda, activosecciontienda]
oct 14, 2021 8:19:44 PM org.hibernate.tool.hbm2ddl.TableMetadata <init>
INFO: HHH000261: Table found: microcosmos.sexo
oct 14, 2021 8:19:44 PM org.hibernate.tool.hbm2ddl.TableMetadata <init>
INFO: HHH000037: Columns: [idsexo, nombresexo, descripcionsexo]
oct 14, 2021 8:19:44 PM org.hibernate.tool.hbm2ddl.TableMetadata <init>
INFO: HHH000261: Table found: microcosmos.talla
oct 14, 2021 8:19:44 PM org.hibernate.tool.hbm2ddl.TableMetadata <init>
INFO: HHH000037: Columns: [activotalla, nombretalla, descripciontalla, idtalla]
oct 14, 2021 8:19:44 PM org.hibernate.tool.hbm2ddl.TableMetadata <init>
INFO: HHH000261: Table found: microcosmos.tipodepago
oct 14, 2021 8:19:44 PM org.hibernate.tool.hbm2ddl.TableMetadata <init>
INFO: HHH000037: Columns: [descripciontipodepago, nombretipodepago, idtipodepago, activotipodepago]
oct 14, 2021 8:19:44 PM org.hibernate.tool.hbm2ddl.TableMetadata <init>
INFO: HHH000261: Table found: microcosmos.tipodocumento
oct 14, 2021 8:19:44 PM org.hibernate.tool.hbm2ddl.TableMetadata <init>
INFO: HHH000037: Columns: [nombretipodocumento, descripciontipodocumento, activotipodocumento, idtipodocumento]
oct 14, 2021 8:19:44 PM org.hibernate.tool.hbm2ddl.TableMetadata <init>
INFO: HHH000261: Table found: microcosmos.usuarios
oct 14, 2021 8:19:44 PM org.hibernate.tool.hbm2ddl.TableMetadata <init>
INFO: HHH000037: Columns: [nombreusuario, idempleados, numerodeintentos, activousuario, admin, contrasena, idusuario]
oct 14, 2021 8:19:44 PM org.hibernate.tool.hbm2ddl.TableMetadata <init>
INFO: HHH000261: Table found: microcosmos.venta
oct 14, 2021 8:19:44 PM org.hibernate.tool.hbm2ddl.TableMetadata <init>
INFO: HHH000037: Columns: [numtarjeta, idtipodepago, formato, montoefectivo, idcliente, idestado, idventa, total, idempleados, impuesto, subtotal, montotarjeta, fechaventa, idparametros]
oct 14, 2021 8:19:44 PM org.hibernate.jpa.internal.EntityManagerFactoryRegistry addEntityManagerFactory
WARN: HHH000436: Entity manager factory name (DB) is already registered.  If entity manager will be clustered or passivated, specify a unique value for property 'hibernate.ejb.entitymanager_factory_name'
oct 14, 2021 8:19:44 PM org.hibernate.ejb.HibernatePersistence logDeprecation
WARN: HHH015016: Encountered a deprecated javax.persistence.spi.PersistenceProvider [org.hibernate.ejb.HibernatePersistence]; use [org.hibernate.jpa.HibernatePersistenceProvider] instead.
oct 14, 2021 8:19:44 PM org.hibernate.ejb.HibernatePersistence logDeprecation
WARN: HHH015016: Encountered a deprecated javax.persistence.spi.PersistenceProvider [org.hibernate.ejb.HibernatePersistence]; use [org.hibernate.jpa.HibernatePersistenceProvider] instead.
oct 14, 2021 8:19:44 PM org.hibernate.ejb.HibernatePersistence logDeprecation
WARN: HHH015016: Encountered a deprecated javax.persistence.spi.PersistenceProvider [org.hibernate.ejb.HibernatePersistence]; use [org.hibernate.jpa.HibernatePersistenceProvider] instead.
oct 14, 2021 8:19:44 PM org.hibernate.jpa.internal.util.LogHelper logPersistenceUnitInformation
INFO: HHH000204: Processing PersistenceUnitInfo [
	name: DB
	...]
oct 14, 2021 8:19:44 PM org.hibernate.engine.jdbc.connections.internal.DriverManagerConnectionProviderImpl configure
WARN: HHH000402: Using Hibernate built-in connection pool (not for production use!)
oct 14, 2021 8:19:44 PM org.hibernate.engine.jdbc.connections.internal.DriverManagerConnectionProviderImpl buildCreator
INFO: HHH000401: using driver [com.mysql.jdbc.Driver] at URL [jdbc:mysql://localhost:3306/Microcosmos?zeroDateTimeBehavior=convertToNull]
oct 14, 2021 8:19:44 PM org.hibernate.engine.jdbc.connections.internal.DriverManagerConnectionProviderImpl buildCreator
INFO: HHH000046: Connection properties: {user=root, password=****}
oct 14, 2021 8:19:44 PM org.hibernate.engine.jdbc.connections.internal.DriverManagerConnectionProviderImpl buildCreator
INFO: HHH000006: Autocommit mode: false
oct 14, 2021 8:19:44 PM org.hibernate.engine.jdbc.connections.internal.DriverManagerConnectionProviderImpl configure
INFO: HHH000115: Hibernate connection pool size: 20 (min=1)
oct 14, 2021 8:19:44 PM org.hibernate.dialect.Dialect <init>
INFO: HHH000400: Using dialect: org.hibernate.dialect.MySQLDialect
oct 14, 2021 8:19:44 PM org.hibernate.hql.internal.ast.ASTQueryTranslatorFactory <init>
INFO: HHH000397: Using ASTQueryTranslatorFactory
oct 14, 2021 8:19:44 PM org.hibernate.tool.hbm2ddl.SchemaValidator validate
INFO: HHH000229: Running schema validator
oct 14, 2021 8:19:44 PM org.hibernate.tool.hbm2ddl.SchemaValidator validate
INFO: HHH000102: Fetching database metadata
oct 14, 2021 8:19:44 PM org.hibernate.tool.hbm2ddl.TableMetadata <init>
INFO: HHH000261: Table found: microcosmos.arealaboral
oct 14, 2021 8:19:44 PM org.hibernate.tool.hbm2ddl.TableMetadata <init>
INFO: HHH000037: Columns: [idarealaboral, descripcionarealaboral, nombrearealaboral, activoarealaboral]
oct 14, 2021 8:19:44 PM org.hibernate.tool.hbm2ddl.TableMetadata <init>
INFO: HHH000261: Table found: microcosmos.arealaboralhistorica
oct 14, 2021 8:19:44 PM org.hibernate.tool.hbm2ddl.TableMetadata <init>
INFO: HHH000037: Columns: [idempleados, fechaconclusion, fechacomienzo, idarealaboralhistorica]
oct 14, 2021 8:19:44 PM org.hibernate.tool.hbm2ddl.TableMetadata <init>
INFO: HHH000261: Table found: microcosmos.articulo
oct 14, 2021 8:19:44 PM org.hibernate.tool.hbm2ddl.TableMetadata <init>
INFO: HHH000037: Columns: [idsecciontienda, stockmaximo, activoarticulo, nombrearticulo, stockminimo, precioarticulo, idtalla, stock, descripcionarticulo, idarticulo]
oct 14, 2021 8:19:44 PM org.hibernate.tool.hbm2ddl.TableMetadata <init>
INFO: HHH000261: Table found: microcosmos.clientes
oct 14, 2021 8:19:44 PM org.hibernate.tool.hbm2ddl.TableMetadata <init>
INFO: HHH000037: Columns: [telefonocliente, direccioncliente, idtipodocumento, idsexo, documento, activocliente, idcliente, nombrecliente, apellidocliente, correocliente]
oct 14, 2021 8:19:44 PM org.hibernate.tool.hbm2ddl.TableMetadata <init>
INFO: HHH000261: Table found: microcosmos.compra
oct 14, 2021 8:19:44 PM org.hibernate.tool.hbm2ddl.TableMetadata <init>
INFO: HHH000037: Columns: [idcompra, fechapedido, idproveedor, idempleados, fecharecibido, totalcompra, idestado]
oct 14, 2021 8:19:44 PM org.hibernate.tool.hbm2ddl.TableMetadata <init>
INFO: HHH000261: Table found: microcosmos.detallecompra
oct 14, 2021 8:19:44 PM org.hibernate.tool.hbm2ddl.TableMetadata <init>
INFO: HHH000037: Columns: [idcompra, iddetallecompra, preciocompra, cantidad, idarticulo]
oct 14, 2021 8:19:44 PM org.hibernate.tool.hbm2ddl.TableMetadata <init>
INFO: HHH000261: Table found: microcosmos.detalleventa
oct 14, 2021 8:19:44 PM org.hibernate.tool.hbm2ddl.TableMetadata <init>
INFO: HHH000037: Columns: [idventa, iddetalleventa, cantidad, idarticulo]
oct 14, 2021 8:19:44 PM org.hibernate.tool.hbm2ddl.TableMetadata <init>
INFO: HHH000261: Table found: microcosmos.empleados
oct 14, 2021 8:19:44 PM org.hibernate.tool.hbm2ddl.TableMetadata <init>
INFO: HHH000037: Columns: [idempleados, idarealaboral, idtipodocumento, idsexo, telefonoempleado, documento, nombreempleado, correoempleado, apellidoempleado, fechadenacimiento, activoempleado]
oct 14, 2021 8:19:44 PM org.hibernate.tool.hbm2ddl.TableMetadata <init>
INFO: HHH000261: Table found: microcosmos.entidades
oct 14, 2021 8:19:44 PM org.hibernate.tool.hbm2ddl.TableMetadata <init>
INFO: HHH000037: Columns: [identidad, activoentidad, nombreentidad]
oct 14, 2021 8:19:44 PM org.hibernate.tool.hbm2ddl.TableMetadata <init>
INFO: HHH000261: Table found: microcosmos.estado
oct 14, 2021 8:19:44 PM org.hibernate.tool.hbm2ddl.TableMetadata <init>
INFO: HHH000037: Columns: [nombreestado, activoestado, identidad, descripcionestado, idestado]
oct 14, 2021 8:19:44 PM org.hibernate.tool.hbm2ddl.TableMetadata <init>
INFO: HHH000261: Table found: microcosmos.facturasdevueltas
oct 14, 2021 8:19:44 PM org.hibernate.tool.hbm2ddl.TableMetadata <init>
INFO: HHH000037: Columns: [idventa, descripcion, fechadevolucion, idempleados, idfacturadevuelta]
oct 14, 2021 8:19:44 PM org.hibernate.tool.hbm2ddl.TableMetadata <init>
INFO: HHH000261: Table found: microcosmos.parametros
oct 14, 2021 8:19:44 PM org.hibernate.tool.hbm2ddl.TableMetadata <init>
INFO: HHH000037: Columns: [facturainicial, fechaemision, facturafinal, activoparametros, fechacaducidad, cai, idparametros]
oct 14, 2021 8:19:44 PM org.hibernate.tool.hbm2ddl.TableMetadata <init>
INFO: HHH000261: Table found: microcosmos.pedidosdevueltos
oct 14, 2021 8:19:44 PM org.hibernate.tool.hbm2ddl.TableMetadata <init>
INFO: HHH000037: Columns: [idcompra, descripcion, idempleados, idpedidosdevueltos, fechaanulacion]
oct 14, 2021 8:19:44 PM org.hibernate.tool.hbm2ddl.TableMetadata <init>
INFO: HHH000261: Table found: microcosmos.preciohistorico
oct 14, 2021 8:19:44 PM org.hibernate.tool.hbm2ddl.TableMetadata <init>
INFO: HHH000037: Columns: [precio, idpreciohistorico, fechainicial, fechafinal, idarticulo, activopreciohistorico]
oct 14, 2021 8:19:44 PM org.hibernate.tool.hbm2ddl.TableMetadata <init>
INFO: HHH000261: Table found: microcosmos.proveedores
oct 14, 2021 8:19:44 PM org.hibernate.tool.hbm2ddl.TableMetadata <init>
INFO: HHH000037: Columns: [idproveedor, activoproveedor, idtipodocumento, nombreproveedor, correoproveedor, telefonoproveedor, documento, ubicacionproveedor]
oct 14, 2021 8:19:44 PM org.hibernate.tool.hbm2ddl.TableMetadata <init>
INFO: HHH000261: Table found: microcosmos.secciontienda
oct 14, 2021 8:19:44 PM org.hibernate.tool.hbm2ddl.TableMetadata <init>
INFO: HHH000037: Columns: [idsecciontienda, descripcionsecciontienda, nombresecciontienda, activosecciontienda]
oct 14, 2021 8:19:44 PM org.hibernate.tool.hbm2ddl.TableMetadata <init>
INFO: HHH000261: Table found: microcosmos.sexo
oct 14, 2021 8:19:44 PM org.hibernate.tool.hbm2ddl.TableMetadata <init>
INFO: HHH000037: Columns: [idsexo, nombresexo, descripcionsexo]
oct 14, 2021 8:19:44 PM org.hibernate.tool.hbm2ddl.TableMetadata <init>
INFO: HHH000261: Table found: microcosmos.talla
oct 14, 2021 8:19:44 PM org.hibernate.tool.hbm2ddl.TableMetadata <init>
INFO: HHH000037: Columns: [activotalla, nombretalla, descripciontalla, idtalla]
oct 14, 2021 8:19:44 PM org.hibernate.tool.hbm2ddl.TableMetadata <init>
INFO: HHH000261: Table found: microcosmos.tipodepago
oct 14, 2021 8:19:44 PM org.hibernate.tool.hbm2ddl.TableMetadata <init>
INFO: HHH000037: Columns: [descripciontipodepago, nombretipodepago, idtipodepago, activotipodepago]
oct 14, 2021 8:19:44 PM org.hibernate.tool.hbm2ddl.TableMetadata <init>
INFO: HHH000261: Table found: microcosmos.tipodocumento
oct 14, 2021 8:19:44 PM org.hibernate.tool.hbm2ddl.TableMetadata <init>
INFO: HHH000037: Columns: [nombretipodocumento, descripciontipodocumento, activotipodocumento, idtipodocumento]
oct 14, 2021 8:19:44 PM org.hibernate.tool.hbm2ddl.TableMetadata <init>
INFO: HHH000261: Table found: microcosmos.usuarios
oct 14, 2021 8:19:44 PM org.hibernate.tool.hbm2ddl.TableMetadata <init>
INFO: HHH000037: Columns: [nombreusuario, idempleados, numerodeintentos, activousuario, admin, contrasena, idusuario]
oct 14, 2021 8:19:44 PM org.hibernate.tool.hbm2ddl.TableMetadata <init>
INFO: HHH000261: Table found: microcosmos.venta
oct 14, 2021 8:19:44 PM org.hibernate.tool.hbm2ddl.TableMetadata <init>
INFO: HHH000037: Columns: [numtarjeta, idtipodepago, formato, montoefectivo, idcliente, idestado, idventa, total, idempleados, impuesto, subtotal, montotarjeta, fechaventa, idparametros]
oct 14, 2021 8:19:44 PM org.hibernate.jpa.internal.EntityManagerFactoryRegistry addEntityManagerFactory
WARN: HHH000436: Entity manager factory name (DB) is already registered.  If entity manager will be clustered or passivated, specify a unique value for property 'hibernate.ejb.entitymanager_factory_name'
oct 14, 2021 8:19:44 PM org.hibernate.ejb.HibernatePersistence logDeprecation
WARN: HHH015016: Encountered a deprecated javax.persistence.spi.PersistenceProvider [org.hibernate.ejb.HibernatePersistence]; use [org.hibernate.jpa.HibernatePersistenceProvider] instead.
oct 14, 2021 8:19:44 PM org.hibernate.ejb.HibernatePersistence logDeprecation
WARN: HHH015016: Encountered a deprecated javax.persistence.spi.PersistenceProvider [org.hibernate.ejb.HibernatePersistence]; use [org.hibernate.jpa.HibernatePersistenceProvider] instead.
oct 14, 2021 8:19:44 PM org.hibernate.ejb.HibernatePersistence logDeprecation
WARN: HHH015016: Encountered a deprecated javax.persistence.spi.PersistenceProvider [org.hibernate.ejb.HibernatePersistence]; use [org.hibernate.jpa.HibernatePersistenceProvider] instead.
oct 14, 2021 8:19:44 PM org.hibernate.jpa.internal.util.LogHelper logPersistenceUnitInformation
INFO: HHH000204: Processing PersistenceUnitInfo [
	name: DB
	...]
oct 14, 2021 8:19:44 PM org.hibernate.engine.jdbc.connections.internal.DriverManagerConnectionProviderImpl configure
WARN: HHH000402: Using Hibernate built-in connection pool (not for production use!)
oct 14, 2021 8:19:44 PM org.hibernate.engine.jdbc.connections.internal.DriverManagerConnectionProviderImpl buildCreator
INFO: HHH000401: using driver [com.mysql.jdbc.Driver] at URL [jdbc:mysql://localhost:3306/Microcosmos?zeroDateTimeBehavior=convertToNull]
oct 14, 2021 8:19:44 PM org.hibernate.engine.jdbc.connections.internal.DriverManagerConnectionProviderImpl buildCreator
INFO: HHH000046: Connection properties: {user=root, password=****}
oct 14, 2021 8:19:44 PM org.hibernate.engine.jdbc.connections.internal.DriverManagerConnectionProviderImpl buildCreator
INFO: HHH000006: Autocommit mode: false
oct 14, 2021 8:19:44 PM org.hibernate.engine.jdbc.connections.internal.DriverManagerConnectionProviderImpl configure
INFO: HHH000115: Hibernate connection pool size: 20 (min=1)
oct 14, 2021 8:19:44 PM org.hibernate.dialect.Dialect <init>
INFO: HHH000400: Using dialect: org.hibernate.dialect.MySQLDialect
oct 14, 2021 8:19:44 PM org.hibernate.hql.internal.ast.ASTQueryTranslatorFactory <init>
INFO: HHH000397: Using ASTQueryTranslatorFactory
oct 14, 2021 8:19:44 PM org.hibernate.tool.hbm2ddl.SchemaValidator validate
INFO: HHH000229: Running schema validator
oct 14, 2021 8:19:44 PM org.hibernate.tool.hbm2ddl.SchemaValidator validate
INFO: HHH000102: Fetching database metadata
oct 14, 2021 8:19:44 PM org.hibernate.tool.hbm2ddl.TableMetadata <init>
INFO: HHH000261: Table found: microcosmos.arealaboral
oct 14, 2021 8:19:44 PM org.hibernate.tool.hbm2ddl.TableMetadata <init>
INFO: HHH000037: Columns: [idarealaboral, descripcionarealaboral, nombrearealaboral, activoarealaboral]
oct 14, 2021 8:19:44 PM org.hibernate.tool.hbm2ddl.TableMetadata <init>
INFO: HHH000261: Table found: microcosmos.arealaboralhistorica
oct 14, 2021 8:19:44 PM org.hibernate.tool.hbm2ddl.TableMetadata <init>
INFO: HHH000037: Columns: [idempleados, fechaconclusion, fechacomienzo, idarealaboralhistorica]
oct 14, 2021 8:19:44 PM org.hibernate.tool.hbm2ddl.TableMetadata <init>
INFO: HHH000261: Table found: microcosmos.articulo
oct 14, 2021 8:19:44 PM org.hibernate.tool.hbm2ddl.TableMetadata <init>
INFO: HHH000037: Columns: [idsecciontienda, stockmaximo, activoarticulo, nombrearticulo, stockminimo, precioarticulo, idtalla, stock, descripcionarticulo, idarticulo]
oct 14, 2021 8:19:44 PM org.hibernate.tool.hbm2ddl.TableMetadata <init>
INFO: HHH000261: Table found: microcosmos.clientes
oct 14, 2021 8:19:44 PM org.hibernate.tool.hbm2ddl.TableMetadata <init>
INFO: HHH000037: Columns: [telefonocliente, direccioncliente, idtipodocumento, idsexo, documento, activocliente, idcliente, nombrecliente, apellidocliente, correocliente]
oct 14, 2021 8:19:44 PM org.hibernate.tool.hbm2ddl.TableMetadata <init>
INFO: HHH000261: Table found: microcosmos.compra
oct 14, 2021 8:19:44 PM org.hibernate.tool.hbm2ddl.TableMetadata <init>
INFO: HHH000037: Columns: [idcompra, fechapedido, idproveedor, idempleados, fecharecibido, totalcompra, idestado]
oct 14, 2021 8:19:44 PM org.hibernate.tool.hbm2ddl.TableMetadata <init>
INFO: HHH000261: Table found: microcosmos.detallecompra
oct 14, 2021 8:19:44 PM org.hibernate.tool.hbm2ddl.TableMetadata <init>
INFO: HHH000037: Columns: [idcompra, iddetallecompra, preciocompra, cantidad, idarticulo]
oct 14, 2021 8:19:44 PM org.hibernate.tool.hbm2ddl.TableMetadata <init>
INFO: HHH000261: Table found: microcosmos.detalleventa
oct 14, 2021 8:19:44 PM org.hibernate.tool.hbm2ddl.TableMetadata <init>
INFO: HHH000037: Columns: [idventa, iddetalleventa, cantidad, idarticulo]
oct 14, 2021 8:19:44 PM org.hibernate.tool.hbm2ddl.TableMetadata <init>
INFO: HHH000261: Table found: microcosmos.empleados
oct 14, 2021 8:19:44 PM org.hibernate.tool.hbm2ddl.TableMetadata <init>
INFO: HHH000037: Columns: [idempleados, idarealaboral, idtipodocumento, idsexo, telefonoempleado, documento, nombreempleado, correoempleado, apellidoempleado, fechadenacimiento, activoempleado]
oct 14, 2021 8:19:44 PM org.hibernate.tool.hbm2ddl.TableMetadata <init>
INFO: HHH000261: Table found: microcosmos.entidades
oct 14, 2021 8:19:44 PM org.hibernate.tool.hbm2ddl.TableMetadata <init>
INFO: HHH000037: Columns: [identidad, activoentidad, nombreentidad]
oct 14, 2021 8:19:44 PM org.hibernate.tool.hbm2ddl.TableMetadata <init>
INFO: HHH000261: Table found: microcosmos.estado
oct 14, 2021 8:19:44 PM org.hibernate.tool.hbm2ddl.TableMetadata <init>
INFO: HHH000037: Columns: [nombreestado, activoestado, identidad, descripcionestado, idestado]
oct 14, 2021 8:19:44 PM org.hibernate.tool.hbm2ddl.TableMetadata <init>
INFO: HHH000261: Table found: microcosmos.facturasdevueltas
oct 14, 2021 8:19:44 PM org.hibernate.tool.hbm2ddl.TableMetadata <init>
INFO: HHH000037: Columns: [idventa, descripcion, fechadevolucion, idempleados, idfacturadevuelta]
oct 14, 2021 8:19:44 PM org.hibernate.tool.hbm2ddl.TableMetadata <init>
INFO: HHH000261: Table found: microcosmos.parametros
oct 14, 2021 8:19:44 PM org.hibernate.tool.hbm2ddl.TableMetadata <init>
INFO: HHH000037: Columns: [facturainicial, fechaemision, facturafinal, activoparametros, fechacaducidad, cai, idparametros]
oct 14, 2021 8:19:44 PM org.hibernate.tool.hbm2ddl.TableMetadata <init>
INFO: HHH000261: Table found: microcosmos.pedidosdevueltos
oct 14, 2021 8:19:44 PM org.hibernate.tool.hbm2ddl.TableMetadata <init>
INFO: HHH000037: Columns: [idcompra, descripcion, idempleados, idpedidosdevueltos, fechaanulacion]
oct 14, 2021 8:19:44 PM org.hibernate.tool.hbm2ddl.TableMetadata <init>
INFO: HHH000261: Table found: microcosmos.preciohistorico
oct 14, 2021 8:19:44 PM org.hibernate.tool.hbm2ddl.TableMetadata <init>
INFO: HHH000037: Columns: [precio, idpreciohistorico, fechainicial, fechafinal, idarticulo, activopreciohistorico]
oct 14, 2021 8:19:44 PM org.hibernate.tool.hbm2ddl.TableMetadata <init>
INFO: HHH000261: Table found: microcosmos.proveedores
oct 14, 2021 8:19:44 PM org.hibernate.tool.hbm2ddl.TableMetadata <init>
INFO: HHH000037: Columns: [idproveedor, activoproveedor, idtipodocumento, nombreproveedor, correoproveedor, telefonoproveedor, documento, ubicacionproveedor]
oct 14, 2021 8:19:44 PM org.hibernate.tool.hbm2ddl.TableMetadata <init>
INFO: HHH000261: Table found: microcosmos.secciontienda
oct 14, 2021 8:19:44 PM org.hibernate.tool.hbm2ddl.TableMetadata <init>
INFO: HHH000037: Columns: [idsecciontienda, descripcionsecciontienda, nombresecciontienda, activosecciontienda]
oct 14, 2021 8:19:44 PM org.hibernate.tool.hbm2ddl.TableMetadata <init>
INFO: HHH000261: Table found: microcosmos.sexo
oct 14, 2021 8:19:44 PM org.hibernate.tool.hbm2ddl.TableMetadata <init>
INFO: HHH000037: Columns: [idsexo, nombresexo, descripcionsexo]
oct 14, 2021 8:19:44 PM org.hibernate.tool.hbm2ddl.TableMetadata <init>
INFO: HHH000261: Table found: microcosmos.talla
oct 14, 2021 8:19:44 PM org.hibernate.tool.hbm2ddl.TableMetadata <init>
INFO: HHH000037: Columns: [activotalla, nombretalla, descripciontalla, idtalla]
oct 14, 2021 8:19:44 PM org.hibernate.tool.hbm2ddl.TableMetadata <init>
INFO: HHH000261: Table found: microcosmos.tipodepago
oct 14, 2021 8:19:44 PM org.hibernate.tool.hbm2ddl.TableMetadata <init>
INFO: HHH000037: Columns: [descripciontipodepago, nombretipodepago, idtipodepago, activotipodepago]
oct 14, 2021 8:19:44 PM org.hibernate.tool.hbm2ddl.TableMetadata <init>
INFO: HHH000261: Table found: microcosmos.tipodocumento
oct 14, 2021 8:19:44 PM org.hibernate.tool.hbm2ddl.TableMetadata <init>
INFO: HHH000037: Columns: [nombretipodocumento, descripciontipodocumento, activotipodocumento, idtipodocumento]
oct 14, 2021 8:19:44 PM org.hibernate.tool.hbm2ddl.TableMetadata <init>
INFO: HHH000261: Table found: microcosmos.usuarios
oct 14, 2021 8:19:44 PM org.hibernate.tool.hbm2ddl.TableMetadata <init>
INFO: HHH000037: Columns: [nombreusuario, idempleados, numerodeintentos, activousuario, admin, contrasena, idusuario]
oct 14, 2021 8:19:44 PM org.hibernate.tool.hbm2ddl.TableMetadata <init>
INFO: HHH000261: Table found: microcosmos.venta
oct 14, 2021 8:19:44 PM org.hibernate.tool.hbm2ddl.TableMetadata <init>
INFO: HHH000037: Columns: [numtarjeta, idtipodepago, formato, montoefectivo, idcliente, idestado, idventa, total, idempleados, impuesto, subtotal, montotarjeta, fechaventa, idparametros]
oct 14, 2021 8:19:44 PM org.hibernate.jpa.internal.EntityManagerFactoryRegistry addEntityManagerFactory
WARN: HHH000436: Entity manager factory name (DB) is already registered.  If entity manager will be clustered or passivated, specify a unique value for property 'hibernate.ejb.entitymanager_factory_name'
oct 14, 2021 8:19:44 PM org.hibernate.ejb.HibernatePersistence logDeprecation
WARN: HHH015016: Encountered a deprecated javax.persistence.spi.PersistenceProvider [org.hibernate.ejb.HibernatePersistence]; use [org.hibernate.jpa.HibernatePersistenceProvider] instead.
oct 14, 2021 8:19:44 PM org.hibernate.ejb.HibernatePersistence logDeprecation
WARN: HHH015016: Encountered a deprecated javax.persistence.spi.PersistenceProvider [org.hibernate.ejb.HibernatePersistence]; use [org.hibernate.jpa.HibernatePersistenceProvider] instead.
oct 14, 2021 8:19:44 PM org.hibernate.ejb.HibernatePersistence logDeprecation
WARN: HHH015016: Encountered a deprecated javax.persistence.spi.PersistenceProvider [org.hibernate.ejb.HibernatePersistence]; use [org.hibernate.jpa.HibernatePersistenceProvider] instead.
oct 14, 2021 8:19:44 PM org.hibernate.jpa.internal.util.LogHelper logPersistenceUnitInformation
INFO: HHH000204: Processing PersistenceUnitInfo [
	name: DB
	...]
oct 14, 2021 8:19:44 PM org.hibernate.engine.jdbc.connections.internal.DriverManagerConnectionProviderImpl configure
WARN: HHH000402: Using Hibernate built-in connection pool (not for production use!)
oct 14, 2021 8:19:44 PM org.hibernate.engine.jdbc.connections.internal.DriverManagerConnectionProviderImpl buildCreator
INFO: HHH000401: using driver [com.mysql.jdbc.Driver] at URL [jdbc:mysql://localhost:3306/Microcosmos?zeroDateTimeBehavior=convertToNull]
oct 14, 2021 8:19:44 PM org.hibernate.engine.jdbc.connections.internal.DriverManagerConnectionProviderImpl buildCreator
INFO: HHH000046: Connection properties: {user=root, password=****}
oct 14, 2021 8:19:44 PM org.hibernate.engine.jdbc.connections.internal.DriverManagerConnectionProviderImpl buildCreator
INFO: HHH000006: Autocommit mode: false
oct 14, 2021 8:19:44 PM org.hibernate.engine.jdbc.connections.internal.DriverManagerConnectionProviderImpl configure
INFO: HHH000115: Hibernate connection pool size: 20 (min=1)
oct 14, 2021 8:19:44 PM org.hibernate.dialect.Dialect <init>
INFO: HHH000400: Using dialect: org.hibernate.dialect.MySQLDialect
oct 14, 2021 8:19:44 PM org.hibernate.hql.internal.ast.ASTQueryTranslatorFactory <init>
INFO: HHH000397: Using ASTQueryTranslatorFactory
oct 14, 2021 8:19:44 PM org.hibernate.tool.hbm2ddl.SchemaValidator validate
INFO: HHH000229: Running schema validator
oct 14, 2021 8:19:44 PM org.hibernate.tool.hbm2ddl.SchemaValidator validate
INFO: HHH000102: Fetching database metadata
oct 14, 2021 8:19:44 PM org.hibernate.tool.hbm2ddl.TableMetadata <init>
INFO: HHH000261: Table found: microcosmos.arealaboral
oct 14, 2021 8:19:44 PM org.hibernate.tool.hbm2ddl.TableMetadata <init>
INFO: HHH000037: Columns: [idarealaboral, descripcionarealaboral, nombrearealaboral, activoarealaboral]
oct 14, 2021 8:19:44 PM org.hibernate.tool.hbm2ddl.TableMetadata <init>
INFO: HHH000261: Table found: microcosmos.arealaboralhistorica
oct 14, 2021 8:19:44 PM org.hibernate.tool.hbm2ddl.TableMetadata <init>
INFO: HHH000037: Columns: [idempleados, fechaconclusion, fechacomienzo, idarealaboralhistorica]
oct 14, 2021 8:19:44 PM org.hibernate.tool.hbm2ddl.TableMetadata <init>
INFO: HHH000261: Table found: microcosmos.articulo
oct 14, 2021 8:19:44 PM org.hibernate.tool.hbm2ddl.TableMetadata <init>
INFO: HHH000037: Columns: [idsecciontienda, stockmaximo, activoarticulo, nombrearticulo, stockminimo, precioarticulo, idtalla, stock, descripcionarticulo, idarticulo]
oct 14, 2021 8:19:44 PM org.hibernate.tool.hbm2ddl.TableMetadata <init>
INFO: HHH000261: Table found: microcosmos.clientes
oct 14, 2021 8:19:44 PM org.hibernate.tool.hbm2ddl.TableMetadata <init>
INFO: HHH000037: Columns: [telefonocliente, direccioncliente, idtipodocumento, idsexo, documento, activocliente, idcliente, nombrecliente, apellidocliente, correocliente]
oct 14, 2021 8:19:44 PM org.hibernate.tool.hbm2ddl.TableMetadata <init>
INFO: HHH000261: Table found: microcosmos.compra
oct 14, 2021 8:19:44 PM org.hibernate.tool.hbm2ddl.TableMetadata <init>
INFO: HHH000037: Columns: [idcompra, fechapedido, idproveedor, idempleados, fecharecibido, totalcompra, idestado]
oct 14, 2021 8:19:44 PM org.hibernate.tool.hbm2ddl.TableMetadata <init>
INFO: HHH000261: Table found: microcosmos.detallecompra
oct 14, 2021 8:19:44 PM org.hibernate.tool.hbm2ddl.TableMetadata <init>
INFO: HHH000037: Columns: [idcompra, iddetallecompra, preciocompra, cantidad, idarticulo]
oct 14, 2021 8:19:44 PM org.hibernate.tool.hbm2ddl.TableMetadata <init>
INFO: HHH000261: Table found: microcosmos.detalleventa
oct 14, 2021 8:19:44 PM org.hibernate.tool.hbm2ddl.TableMetadata <init>
INFO: HHH000037: Columns: [idventa, iddetalleventa, cantidad, idarticulo]
oct 14, 2021 8:19:44 PM org.hibernate.tool.hbm2ddl.TableMetadata <init>
INFO: HHH000261: Table found: microcosmos.empleados
oct 14, 2021 8:19:44 PM org.hibernate.tool.hbm2ddl.TableMetadata <init>
INFO: HHH000037: Columns: [idempleados, idarealaboral, idtipodocumento, idsexo, telefonoempleado, documento, nombreempleado, correoempleado, apellidoempleado, fechadenacimiento, activoempleado]
oct 14, 2021 8:19:44 PM org.hibernate.tool.hbm2ddl.TableMetadata <init>
INFO: HHH000261: Table found: microcosmos.entidades
oct 14, 2021 8:19:45 PM org.hibernate.tool.hbm2ddl.TableMetadata <init>
INFO: HHH000037: Columns: [identidad, activoentidad, nombreentidad]
oct 14, 2021 8:19:45 PM org.hibernate.tool.hbm2ddl.TableMetadata <init>
INFO: HHH000261: Table found: microcosmos.estado
oct 14, 2021 8:19:45 PM org.hibernate.tool.hbm2ddl.TableMetadata <init>
INFO: HHH000037: Columns: [nombreestado, activoestado, identidad, descripcionestado, idestado]
oct 14, 2021 8:19:45 PM org.hibernate.tool.hbm2ddl.TableMetadata <init>
INFO: HHH000261: Table found: microcosmos.facturasdevueltas
oct 14, 2021 8:19:45 PM org.hibernate.tool.hbm2ddl.TableMetadata <init>
INFO: HHH000037: Columns: [idventa, descripcion, fechadevolucion, idempleados, idfacturadevuelta]
oct 14, 2021 8:19:45 PM org.hibernate.tool.hbm2ddl.TableMetadata <init>
INFO: HHH000261: Table found: microcosmos.parametros
oct 14, 2021 8:19:45 PM org.hibernate.tool.hbm2ddl.TableMetadata <init>
INFO: HHH000037: Columns: [facturainicial, fechaemision, facturafinal, activoparametros, fechacaducidad, cai, idparametros]
oct 14, 2021 8:19:45 PM org.hibernate.tool.hbm2ddl.TableMetadata <init>
INFO: HHH000261: Table found: microcosmos.pedidosdevueltos
oct 14, 2021 8:19:45 PM org.hibernate.tool.hbm2ddl.TableMetadata <init>
INFO: HHH000037: Columns: [idcompra, descripcion, idempleados, idpedidosdevueltos, fechaanulacion]
oct 14, 2021 8:19:45 PM org.hibernate.tool.hbm2ddl.TableMetadata <init>
INFO: HHH000261: Table found: microcosmos.preciohistorico
oct 14, 2021 8:19:45 PM org.hibernate.tool.hbm2ddl.TableMetadata <init>
INFO: HHH000037: Columns: [precio, idpreciohistorico, fechainicial, fechafinal, idarticulo, activopreciohistorico]
oct 14, 2021 8:19:45 PM org.hibernate.tool.hbm2ddl.TableMetadata <init>
INFO: HHH000261: Table found: microcosmos.proveedores
oct 14, 2021 8:19:45 PM org.hibernate.tool.hbm2ddl.TableMetadata <init>
INFO: HHH000037: Columns: [idproveedor, activoproveedor, idtipodocumento, nombreproveedor, correoproveedor, telefonoproveedor, documento, ubicacionproveedor]
oct 14, 2021 8:19:45 PM org.hibernate.tool.hbm2ddl.TableMetadata <init>
INFO: HHH000261: Table found: microcosmos.secciontienda
oct 14, 2021 8:19:45 PM org.hibernate.tool.hbm2ddl.TableMetadata <init>
INFO: HHH000037: Columns: [idsecciontienda, descripcionsecciontienda, nombresecciontienda, activosecciontienda]
oct 14, 2021 8:19:45 PM org.hibernate.tool.hbm2ddl.TableMetadata <init>
INFO: HHH000261: Table found: microcosmos.sexo
oct 14, 2021 8:19:45 PM org.hibernate.tool.hbm2ddl.TableMetadata <init>
INFO: HHH000037: Columns: [idsexo, nombresexo, descripcionsexo]
oct 14, 2021 8:19:45 PM org.hibernate.tool.hbm2ddl.TableMetadata <init>
INFO: HHH000261: Table found: microcosmos.talla
oct 14, 2021 8:19:45 PM org.hibernate.tool.hbm2ddl.TableMetadata <init>
INFO: HHH000037: Columns: [activotalla, nombretalla, descripciontalla, idtalla]
oct 14, 2021 8:19:45 PM org.hibernate.tool.hbm2ddl.TableMetadata <init>
INFO: HHH000261: Table found: microcosmos.tipodepago
oct 14, 2021 8:19:45 PM org.hibernate.tool.hbm2ddl.TableMetadata <init>
INFO: HHH000037: Columns: [descripciontipodepago, nombretipodepago, idtipodepago, activotipodepago]
oct 14, 2021 8:19:45 PM org.hibernate.tool.hbm2ddl.TableMetadata <init>
INFO: HHH000261: Table found: microcosmos.tipodocumento
oct 14, 2021 8:19:45 PM org.hibernate.tool.hbm2ddl.TableMetadata <init>
INFO: HHH000037: Columns: [nombretipodocumento, descripciontipodocumento, activotipodocumento, idtipodocumento]
oct 14, 2021 8:19:45 PM org.hibernate.tool.hbm2ddl.TableMetadata <init>
INFO: HHH000261: Table found: microcosmos.usuarios
oct 14, 2021 8:19:45 PM org.hibernate.tool.hbm2ddl.TableMetadata <init>
INFO: HHH000037: Columns: [nombreusuario, idempleados, numerodeintentos, activousuario, admin, contrasena, idusuario]
oct 14, 2021 8:19:45 PM org.hibernate.tool.hbm2ddl.TableMetadata <init>
INFO: HHH000261: Table found: microcosmos.venta
oct 14, 2021 8:19:45 PM org.hibernate.tool.hbm2ddl.TableMetadata <init>
INFO: HHH000037: Columns: [numtarjeta, idtipodepago, formato, montoefectivo, idcliente, idestado, idventa, total, idempleados, impuesto, subtotal, montotarjeta, fechaventa, idparametros]
oct 14, 2021 8:19:45 PM org.hibernate.jpa.internal.EntityManagerFactoryRegistry addEntityManagerFactory
WARN: HHH000436: Entity manager factory name (DB) is already registered.  If entity manager will be clustered or passivated, specify a unique value for property 'hibernate.ejb.entitymanager_factory_name'
oct 14, 2021 8:19:45 PM org.hibernate.ejb.HibernatePersistence logDeprecation
WARN: HHH015016: Encountered a deprecated javax.persistence.spi.PersistenceProvider [org.hibernate.ejb.HibernatePersistence]; use [org.hibernate.jpa.HibernatePersistenceProvider] instead.
oct 14, 2021 8:19:45 PM org.hibernate.ejb.HibernatePersistence logDeprecation
WARN: HHH015016: Encountered a deprecated javax.persistence.spi.PersistenceProvider [org.hibernate.ejb.HibernatePersistence]; use [org.hibernate.jpa.HibernatePersistenceProvider] instead.
oct 14, 2021 8:19:45 PM org.hibernate.ejb.HibernatePersistence logDeprecation
WARN: HHH015016: Encountered a deprecated javax.persistence.spi.PersistenceProvider [org.hibernate.ejb.HibernatePersistence]; use [org.hibernate.jpa.HibernatePersistenceProvider] instead.
oct 14, 2021 8:19:45 PM org.hibernate.jpa.internal.util.LogHelper logPersistenceUnitInformation
INFO: HHH000204: Processing PersistenceUnitInfo [
	name: DB
	...]
oct 14, 2021 8:19:45 PM org.hibernate.engine.jdbc.connections.internal.DriverManagerConnectionProviderImpl configure
WARN: HHH000402: Using Hibernate built-in connection pool (not for production use!)
oct 14, 2021 8:19:45 PM org.hibernate.engine.jdbc.connections.internal.DriverManagerConnectionProviderImpl buildCreator
INFO: HHH000401: using driver [com.mysql.jdbc.Driver] at URL [jdbc:mysql://localhost:3306/Microcosmos?zeroDateTimeBehavior=convertToNull]
oct 14, 2021 8:19:45 PM org.hibernate.engine.jdbc.connections.internal.DriverManagerConnectionProviderImpl buildCreator
INFO: HHH000046: Connection properties: {user=root, password=****}
oct 14, 2021 8:19:45 PM org.hibernate.engine.jdbc.connections.internal.DriverManagerConnectionProviderImpl buildCreator
INFO: HHH000006: Autocommit mode: false
oct 14, 2021 8:19:45 PM org.hibernate.engine.jdbc.connections.internal.DriverManagerConnectionProviderImpl configure
INFO: HHH000115: Hibernate connection pool size: 20 (min=1)
oct 14, 2021 8:19:45 PM org.hibernate.dialect.Dialect <init>
INFO: HHH000400: Using dialect: org.hibernate.dialect.MySQLDialect
oct 14, 2021 8:19:45 PM org.hibernate.hql.internal.ast.ASTQueryTranslatorFactory <init>
INFO: HHH000397: Using ASTQueryTranslatorFactory
oct 14, 2021 8:19:45 PM org.hibernate.tool.hbm2ddl.SchemaValidator validate
INFO: HHH000229: Running schema validator
oct 14, 2021 8:19:45 PM org.hibernate.tool.hbm2ddl.SchemaValidator validate
INFO: HHH000102: Fetching database metadata
oct 14, 2021 8:19:45 PM org.hibernate.tool.hbm2ddl.TableMetadata <init>
INFO: HHH000261: Table found: microcosmos.arealaboral
oct 14, 2021 8:19:45 PM org.hibernate.tool.hbm2ddl.TableMetadata <init>
INFO: HHH000037: Columns: [idarealaboral, descripcionarealaboral, nombrearealaboral, activoarealaboral]
oct 14, 2021 8:19:45 PM org.hibernate.tool.hbm2ddl.TableMetadata <init>
INFO: HHH000261: Table found: microcosmos.arealaboralhistorica
oct 14, 2021 8:19:45 PM org.hibernate.tool.hbm2ddl.TableMetadata <init>
INFO: HHH000037: Columns: [idempleados, fechaconclusion, fechacomienzo, idarealaboralhistorica]
oct 14, 2021 8:19:45 PM org.hibernate.tool.hbm2ddl.TableMetadata <init>
INFO: HHH000261: Table found: microcosmos.articulo
oct 14, 2021 8:19:45 PM org.hibernate.tool.hbm2ddl.TableMetadata <init>
INFO: HHH000037: Columns: [idsecciontienda, stockmaximo, activoarticulo, nombrearticulo, stockminimo, precioarticulo, idtalla, stock, descripcionarticulo, idarticulo]
oct 14, 2021 8:19:45 PM org.hibernate.tool.hbm2ddl.TableMetadata <init>
INFO: HHH000261: Table found: microcosmos.clientes
oct 14, 2021 8:19:45 PM org.hibernate.tool.hbm2ddl.TableMetadata <init>
INFO: HHH000037: Columns: [telefonocliente, direccioncliente, idtipodocumento, idsexo, documento, activocliente, idcliente, nombrecliente, apellidocliente, correocliente]
oct 14, 2021 8:19:45 PM org.hibernate.tool.hbm2ddl.TableMetadata <init>
INFO: HHH000261: Table found: microcosmos.compra
oct 14, 2021 8:19:45 PM org.hibernate.tool.hbm2ddl.TableMetadata <init>
INFO: HHH000037: Columns: [idcompra, fechapedido, idproveedor, idempleados, fecharecibido, totalcompra, idestado]
oct 14, 2021 8:19:45 PM org.hibernate.tool.hbm2ddl.TableMetadata <init>
INFO: HHH000261: Table found: microcosmos.detallecompra
oct 14, 2021 8:19:45 PM org.hibernate.tool.hbm2ddl.TableMetadata <init>
INFO: HHH000037: Columns: [idcompra, iddetallecompra, preciocompra, cantidad, idarticulo]
oct 14, 2021 8:19:45 PM org.hibernate.tool.hbm2ddl.TableMetadata <init>
INFO: HHH000261: Table found: microcosmos.detalleventa
oct 14, 2021 8:19:45 PM org.hibernate.tool.hbm2ddl.TableMetadata <init>
INFO: HHH000037: Columns: [idventa, iddetalleventa, cantidad, idarticulo]
oct 14, 2021 8:19:45 PM org.hibernate.tool.hbm2ddl.TableMetadata <init>
INFO: HHH000261: Table found: microcosmos.empleados
oct 14, 2021 8:19:45 PM org.hibernate.tool.hbm2ddl.TableMetadata <init>
INFO: HHH000037: Columns: [idempleados, idarealaboral, idtipodocumento, idsexo, telefonoempleado, documento, nombreempleado, correoempleado, apellidoempleado, fechadenacimiento, activoempleado]
oct 14, 2021 8:19:45 PM org.hibernate.tool.hbm2ddl.TableMetadata <init>
INFO: HHH000261: Table found: microcosmos.entidades
oct 14, 2021 8:19:45 PM org.hibernate.tool.hbm2ddl.TableMetadata <init>
INFO: HHH000037: Columns: [identidad, activoentidad, nombreentidad]
oct 14, 2021 8:19:45 PM org.hibernate.tool.hbm2ddl.TableMetadata <init>
INFO: HHH000261: Table found: microcosmos.estado
oct 14, 2021 8:19:45 PM org.hibernate.tool.hbm2ddl.TableMetadata <init>
INFO: HHH000037: Columns: [nombreestado, activoestado, identidad, descripcionestado, idestado]
oct 14, 2021 8:19:45 PM org.hibernate.tool.hbm2ddl.TableMetadata <init>
INFO: HHH000261: Table found: microcosmos.facturasdevueltas
oct 14, 2021 8:19:45 PM org.hibernate.tool.hbm2ddl.TableMetadata <init>
INFO: HHH000037: Columns: [idventa, descripcion, fechadevolucion, idempleados, idfacturadevuelta]
oct 14, 2021 8:19:45 PM org.hibernate.tool.hbm2ddl.TableMetadata <init>
INFO: HHH000261: Table found: microcosmos.parametros
oct 14, 2021 8:19:45 PM org.hibernate.tool.hbm2ddl.TableMetadata <init>
INFO: HHH000037: Columns: [facturainicial, fechaemision, facturafinal, activoparametros, fechacaducidad, cai, idparametros]
oct 14, 2021 8:19:45 PM org.hibernate.tool.hbm2ddl.TableMetadata <init>
INFO: HHH000261: Table found: microcosmos.pedidosdevueltos
oct 14, 2021 8:19:45 PM org.hibernate.tool.hbm2ddl.TableMetadata <init>
INFO: HHH000037: Columns: [idcompra, descripcion, idempleados, idpedidosdevueltos, fechaanulacion]
oct 14, 2021 8:19:45 PM org.hibernate.tool.hbm2ddl.TableMetadata <init>
INFO: HHH000261: Table found: microcosmos.preciohistorico
oct 14, 2021 8:19:45 PM org.hibernate.tool.hbm2ddl.TableMetadata <init>
INFO: HHH000037: Columns: [precio, idpreciohistorico, fechainicial, fechafinal, idarticulo, activopreciohistorico]
oct 14, 2021 8:19:45 PM org.hibernate.tool.hbm2ddl.TableMetadata <init>
INFO: HHH000261: Table found: microcosmos.proveedores
oct 14, 2021 8:19:45 PM org.hibernate.tool.hbm2ddl.TableMetadata <init>
INFO: HHH000037: Columns: [idproveedor, activoproveedor, idtipodocumento, nombreproveedor, correoproveedor, telefonoproveedor, documento, ubicacionproveedor]
oct 14, 2021 8:19:45 PM org.hibernate.tool.hbm2ddl.TableMetadata <init>
INFO: HHH000261: Table found: microcosmos.secciontienda
oct 14, 2021 8:19:45 PM org.hibernate.tool.hbm2ddl.TableMetadata <init>
INFO: HHH000037: Columns: [idsecciontienda, descripcionsecciontienda, nombresecciontienda, activosecciontienda]
oct 14, 2021 8:19:45 PM org.hibernate.tool.hbm2ddl.TableMetadata <init>
INFO: HHH000261: Table found: microcosmos.sexo
oct 14, 2021 8:19:45 PM org.hibernate.tool.hbm2ddl.TableMetadata <init>
INFO: HHH000037: Columns: [idsexo, nombresexo, descripcionsexo]
oct 14, 2021 8:19:45 PM org.hibernate.tool.hbm2ddl.TableMetadata <init>
INFO: HHH000261: Table found: microcosmos.talla
oct 14, 2021 8:19:45 PM org.hibernate.tool.hbm2ddl.TableMetadata <init>
INFO: HHH000037: Columns: [activotalla, nombretalla, descripciontalla, idtalla]
oct 14, 2021 8:19:45 PM org.hibernate.tool.hbm2ddl.TableMetadata <init>
INFO: HHH000261: Table found: microcosmos.tipodepago
oct 14, 2021 8:19:45 PM org.hibernate.tool.hbm2ddl.TableMetadata <init>
INFO: HHH000037: Columns: [descripciontipodepago, nombretipodepago, idtipodepago, activotipodepago]
oct 14, 2021 8:19:45 PM org.hibernate.tool.hbm2ddl.TableMetadata <init>
INFO: HHH000261: Table found: microcosmos.tipodocumento
oct 14, 2021 8:19:45 PM org.hibernate.tool.hbm2ddl.TableMetadata <init>
INFO: HHH000037: Columns: [nombretipodocumento, descripciontipodocumento, activotipodocumento, idtipodocumento]
oct 14, 2021 8:19:45 PM org.hibernate.tool.hbm2ddl.TableMetadata <init>
INFO: HHH000261: Table found: microcosmos.usuarios
oct 14, 2021 8:19:45 PM org.hibernate.tool.hbm2ddl.TableMetadata <init>
INFO: HHH000037: Columns: [nombreusuario, idempleados, numerodeintentos, activousuario, admin, contrasena, idusuario]
oct 14, 2021 8:19:45 PM org.hibernate.tool.hbm2ddl.TableMetadata <init>
INFO: HHH000261: Table found: microcosmos.venta
oct 14, 2021 8:19:45 PM org.hibernate.tool.hbm2ddl.TableMetadata <init>
INFO: HHH000037: Columns: [numtarjeta, idtipodepago, formato, montoefectivo, idcliente, idestado, idventa, total, idempleados, impuesto, subtotal, montotarjeta, fechaventa, idparametros]
oct 14, 2021 8:19:45 PM org.hibernate.jpa.internal.EntityManagerFactoryRegistry addEntityManagerFactory
WARN: HHH000436: Entity manager factory name (DB) is already registered.  If entity manager will be clustered or passivated, specify a unique value for property 'hibernate.ejb.entitymanager_factory_name'
oct 14, 2021 8:19:45 PM org.hibernate.ejb.HibernatePersistence logDeprecation
WARN: HHH015016: Encountered a deprecated javax.persistence.spi.PersistenceProvider [org.hibernate.ejb.HibernatePersistence]; use [org.hibernate.jpa.HibernatePersistenceProvider] instead.
oct 14, 2021 8:19:45 PM org.hibernate.ejb.HibernatePersistence logDeprecation
WARN: HHH015016: Encountered a deprecated javax.persistence.spi.PersistenceProvider [org.hibernate.ejb.HibernatePersistence]; use [org.hibernate.jpa.HibernatePersistenceProvider] instead.
oct 14, 2021 8:19:45 PM org.hibernate.ejb.HibernatePersistence logDeprecation
WARN: HHH015016: Encountered a deprecated javax.persistence.spi.PersistenceProvider [org.hibernate.ejb.HibernatePersistence]; use [org.hibernate.jpa.HibernatePersistenceProvider] instead.
oct 14, 2021 8:19:45 PM org.hibernate.jpa.internal.util.LogHelper logPersistenceUnitInformation
INFO: HHH000204: Processing PersistenceUnitInfo [
	name: DB
	...]
oct 14, 2021 8:19:45 PM org.hibernate.engine.jdbc.connections.internal.DriverManagerConnectionProviderImpl configure
WARN: HHH000402: Using Hibernate built-in connection pool (not for production use!)
oct 14, 2021 8:19:45 PM org.hibernate.engine.jdbc.connections.internal.DriverManagerConnectionProviderImpl buildCreator
INFO: HHH000401: using driver [com.mysql.jdbc.Driver] at URL [jdbc:mysql://localhost:3306/Microcosmos?zeroDateTimeBehavior=convertToNull]
oct 14, 2021 8:19:45 PM org.hibernate.engine.jdbc.connections.internal.DriverManagerConnectionProviderImpl buildCreator
INFO: HHH000046: Connection properties: {user=root, password=****}
oct 14, 2021 8:19:45 PM org.hibernate.engine.jdbc.connections.internal.DriverManagerConnectionProviderImpl buildCreator
INFO: HHH000006: Autocommit mode: false
oct 14, 2021 8:19:45 PM org.hibernate.engine.jdbc.connections.internal.DriverManagerConnectionProviderImpl configure
INFO: HHH000115: Hibernate connection pool size: 20 (min=1)
oct 14, 2021 8:19:45 PM org.hibernate.dialect.Dialect <init>
INFO: HHH000400: Using dialect: org.hibernate.dialect.MySQLDialect
oct 14, 2021 8:19:45 PM org.hibernate.hql.internal.ast.ASTQueryTranslatorFactory <init>
INFO: HHH000397: Using ASTQueryTranslatorFactory
oct 14, 2021 8:19:45 PM org.hibernate.tool.hbm2ddl.SchemaValidator validate
INFO: HHH000229: Running schema validator
oct 14, 2021 8:19:45 PM org.hibernate.tool.hbm2ddl.SchemaValidator validate
INFO: HHH000102: Fetching database metadata
oct 14, 2021 8:19:45 PM org.hibernate.tool.hbm2ddl.TableMetadata <init>
INFO: HHH000261: Table found: microcosmos.arealaboral
oct 14, 2021 8:19:45 PM org.hibernate.tool.hbm2ddl.TableMetadata <init>
INFO: HHH000037: Columns: [idarealaboral, descripcionarealaboral, nombrearealaboral, activoarealaboral]
oct 14, 2021 8:19:45 PM org.hibernate.tool.hbm2ddl.TableMetadata <init>
INFO: HHH000261: Table found: microcosmos.arealaboralhistorica
oct 14, 2021 8:19:45 PM org.hibernate.tool.hbm2ddl.TableMetadata <init>
INFO: HHH000037: Columns: [idempleados, fechaconclusion, fechacomienzo, idarealaboralhistorica]
oct 14, 2021 8:19:45 PM org.hibernate.tool.hbm2ddl.TableMetadata <init>
INFO: HHH000261: Table found: microcosmos.articulo
oct 14, 2021 8:19:45 PM org.hibernate.tool.hbm2ddl.TableMetadata <init>
INFO: HHH000037: Columns: [idsecciontienda, stockmaximo, activoarticulo, nombrearticulo, stockminimo, precioarticulo, idtalla, stock, descripcionarticulo, idarticulo]
oct 14, 2021 8:19:45 PM org.hibernate.tool.hbm2ddl.TableMetadata <init>
INFO: HHH000261: Table found: microcosmos.clientes
oct 14, 2021 8:19:45 PM org.hibernate.tool.hbm2ddl.TableMetadata <init>
INFO: HHH000037: Columns: [telefonocliente, direccioncliente, idtipodocumento, idsexo, documento, activocliente, idcliente, nombrecliente, apellidocliente, correocliente]
oct 14, 2021 8:19:45 PM org.hibernate.tool.hbm2ddl.TableMetadata <init>
INFO: HHH000261: Table found: microcosmos.compra
oct 14, 2021 8:19:45 PM org.hibernate.tool.hbm2ddl.TableMetadata <init>
INFO: HHH000037: Columns: [idcompra, fechapedido, idproveedor, idempleados, fecharecibido, totalcompra, idestado]
oct 14, 2021 8:19:45 PM org.hibernate.tool.hbm2ddl.TableMetadata <init>
INFO: HHH000261: Table found: microcosmos.detallecompra
oct 14, 2021 8:19:45 PM org.hibernate.tool.hbm2ddl.TableMetadata <init>
INFO: HHH000037: Columns: [idcompra, iddetallecompra, preciocompra, cantidad, idarticulo]
oct 14, 2021 8:19:45 PM org.hibernate.tool.hbm2ddl.TableMetadata <init>
INFO: HHH000261: Table found: microcosmos.detalleventa
oct 14, 2021 8:19:45 PM org.hibernate.tool.hbm2ddl.TableMetadata <init>
INFO: HHH000037: Columns: [idventa, iddetalleventa, cantidad, idarticulo]
oct 14, 2021 8:19:45 PM org.hibernate.tool.hbm2ddl.TableMetadata <init>
INFO: HHH000261: Table found: microcosmos.empleados
oct 14, 2021 8:19:45 PM org.hibernate.tool.hbm2ddl.TableMetadata <init>
INFO: HHH000037: Columns: [idempleados, idarealaboral, idtipodocumento, idsexo, telefonoempleado, documento, nombreempleado, correoempleado, apellidoempleado, fechadenacimiento, activoempleado]
oct 14, 2021 8:19:45 PM org.hibernate.tool.hbm2ddl.TableMetadata <init>
INFO: HHH000261: Table found: microcosmos.entidades
oct 14, 2021 8:19:45 PM org.hibernate.tool.hbm2ddl.TableMetadata <init>
INFO: HHH000037: Columns: [identidad, activoentidad, nombreentidad]
oct 14, 2021 8:19:45 PM org.hibernate.tool.hbm2ddl.TableMetadata <init>
INFO: HHH000261: Table found: microcosmos.estado
oct 14, 2021 8:19:45 PM org.hibernate.tool.hbm2ddl.TableMetadata <init>
INFO: HHH000037: Columns: [nombreestado, activoestado, identidad, descripcionestado, idestado]
oct 14, 2021 8:19:45 PM org.hibernate.tool.hbm2ddl.TableMetadata <init>
INFO: HHH000261: Table found: microcosmos.facturasdevueltas
oct 14, 2021 8:19:45 PM org.hibernate.tool.hbm2ddl.TableMetadata <init>
INFO: HHH000037: Columns: [idventa, descripcion, fechadevolucion, idempleados, idfacturadevuelta]
oct 14, 2021 8:19:45 PM org.hibernate.tool.hbm2ddl.TableMetadata <init>
INFO: HHH000261: Table found: microcosmos.parametros
oct 14, 2021 8:19:45 PM org.hibernate.tool.hbm2ddl.TableMetadata <init>
INFO: HHH000037: Columns: [facturainicial, fechaemision, facturafinal, activoparametros, fechacaducidad, cai, idparametros]
oct 14, 2021 8:19:45 PM org.hibernate.tool.hbm2ddl.TableMetadata <init>
INFO: HHH000261: Table found: microcosmos.pedidosdevueltos
oct 14, 2021 8:19:45 PM org.hibernate.tool.hbm2ddl.TableMetadata <init>
INFO: HHH000037: Columns: [idcompra, descripcion, idempleados, idpedidosdevueltos, fechaanulacion]
oct 14, 2021 8:19:45 PM org.hibernate.tool.hbm2ddl.TableMetadata <init>
INFO: HHH000261: Table found: microcosmos.preciohistorico
oct 14, 2021 8:19:45 PM org.hibernate.tool.hbm2ddl.TableMetadata <init>
INFO: HHH000037: Columns: [precio, idpreciohistorico, fechainicial, fechafinal, idarticulo, activopreciohistorico]
oct 14, 2021 8:19:45 PM org.hibernate.tool.hbm2ddl.TableMetadata <init>
INFO: HHH000261: Table found: microcosmos.proveedores
oct 14, 2021 8:19:45 PM org.hibernate.tool.hbm2ddl.TableMetadata <init>
INFO: HHH000037: Columns: [idproveedor, activoproveedor, idtipodocumento, nombreproveedor, correoproveedor, telefonoproveedor, documento, ubicacionproveedor]
oct 14, 2021 8:19:45 PM org.hibernate.tool.hbm2ddl.TableMetadata <init>
INFO: HHH000261: Table found: microcosmos.secciontienda
oct 14, 2021 8:19:45 PM org.hibernate.tool.hbm2ddl.TableMetadata <init>
INFO: HHH000037: Columns: [idsecciontienda, descripcionsecciontienda, nombresecciontienda, activosecciontienda]
oct 14, 2021 8:19:45 PM org.hibernate.tool.hbm2ddl.TableMetadata <init>
INFO: HHH000261: Table found: microcosmos.sexo
oct 14, 2021 8:19:45 PM org.hibernate.tool.hbm2ddl.TableMetadata <init>
INFO: HHH000037: Columns: [idsexo, nombresexo, descripcionsexo]
oct 14, 2021 8:19:45 PM org.hibernate.tool.hbm2ddl.TableMetadata <init>
INFO: HHH000261: Table found: microcosmos.talla
oct 14, 2021 8:19:45 PM org.hibernate.tool.hbm2ddl.TableMetadata <init>
INFO: HHH000037: Columns: [activotalla, nombretalla, descripciontalla, idtalla]
oct 14, 2021 8:19:45 PM org.hibernate.tool.hbm2ddl.TableMetadata <init>
INFO: HHH000261: Table found: microcosmos.tipodepago
oct 14, 2021 8:19:45 PM org.hibernate.tool.hbm2ddl.TableMetadata <init>
INFO: HHH000037: Columns: [descripciontipodepago, nombretipodepago, idtipodepago, activotipodepago]
oct 14, 2021 8:19:45 PM org.hibernate.tool.hbm2ddl.TableMetadata <init>
INFO: HHH000261: Table found: microcosmos.tipodocumento
oct 14, 2021 8:19:45 PM org.hibernate.tool.hbm2ddl.TableMetadata <init>
INFO: HHH000037: Columns: [nombretipodocumento, descripciontipodocumento, activotipodocumento, idtipodocumento]
oct 14, 2021 8:19:45 PM org.hibernate.tool.hbm2ddl.TableMetadata <init>
INFO: HHH000261: Table found: microcosmos.usuarios
oct 14, 2021 8:19:45 PM org.hibernate.tool.hbm2ddl.TableMetadata <init>
INFO: HHH000037: Columns: [nombreusuario, idempleados, numerodeintentos, activousuario, admin, contrasena, idusuario]
oct 14, 2021 8:19:45 PM org.hibernate.tool.hbm2ddl.TableMetadata <init>
INFO: HHH000261: Table found: microcosmos.venta
oct 14, 2021 8:19:45 PM org.hibernate.tool.hbm2ddl.TableMetadata <init>
INFO: HHH000037: Columns: [numtarjeta, idtipodepago, formato, montoefectivo, idcliente, idestado, idventa, total, idempleados, impuesto, subtotal, montotarjeta, fechaventa, idparametros]
oct 14, 2021 8:19:45 PM org.hibernate.jpa.internal.EntityManagerFactoryRegistry addEntityManagerFactory
WARN: HHH000436: Entity manager factory name (DB) is already registered.  If entity manager will be clustered or passivated, specify a unique value for property 'hibernate.ejb.entitymanager_factory_name'
oct 14, 2021 8:19:45 PM org.hibernate.ejb.HibernatePersistence logDeprecation
WARN: HHH015016: Encountered a deprecated javax.persistence.spi.PersistenceProvider [org.hibernate.ejb.HibernatePersistence]; use [org.hibernate.jpa.HibernatePersistenceProvider] instead.
oct 14, 2021 8:19:45 PM org.hibernate.ejb.HibernatePersistence logDeprecation
WARN: HHH015016: Encountered a deprecated javax.persistence.spi.PersistenceProvider [org.hibernate.ejb.HibernatePersistence]; use [org.hibernate.jpa.HibernatePersistenceProvider] instead.
oct 14, 2021 8:19:45 PM org.hibernate.ejb.HibernatePersistence logDeprecation
WARN: HHH015016: Encountered a deprecated javax.persistence.spi.PersistenceProvider [org.hibernate.ejb.HibernatePersistence]; use [org.hibernate.jpa.HibernatePersistenceProvider] instead.
oct 14, 2021 8:19:45 PM org.hibernate.jpa.internal.util.LogHelper logPersistenceUnitInformation
INFO: HHH000204: Processing PersistenceUnitInfo [
	name: DB
	...]
oct 14, 2021 8:19:45 PM org.hibernate.engine.jdbc.connections.internal.DriverManagerConnectionProviderImpl configure
WARN: HHH000402: Using Hibernate built-in connection pool (not for production use!)
oct 14, 2021 8:19:45 PM org.hibernate.engine.jdbc.connections.internal.DriverManagerConnectionProviderImpl buildCreator
INFO: HHH000401: using driver [com.mysql.jdbc.Driver] at URL [jdbc:mysql://localhost:3306/Microcosmos?zeroDateTimeBehavior=convertToNull]
oct 14, 2021 8:19:45 PM org.hibernate.engine.jdbc.connections.internal.DriverManagerConnectionProviderImpl buildCreator
INFO: HHH000046: Connection properties: {user=root, password=****}
oct 14, 2021 8:19:45 PM org.hibernate.engine.jdbc.connections.internal.DriverManagerConnectionProviderImpl buildCreator
INFO: HHH000006: Autocommit mode: false
oct 14, 2021 8:19:45 PM org.hibernate.engine.jdbc.connections.internal.DriverManagerConnectionProviderImpl configure
INFO: HHH000115: Hibernate connection pool size: 20 (min=1)
oct 14, 2021 8:19:45 PM org.hibernate.dialect.Dialect <init>
INFO: HHH000400: Using dialect: org.hibernate.dialect.MySQLDialect
oct 14, 2021 8:19:45 PM org.hibernate.hql.internal.ast.ASTQueryTranslatorFactory <init>
INFO: HHH000397: Using ASTQueryTranslatorFactory
oct 14, 2021 8:19:45 PM org.hibernate.tool.hbm2ddl.SchemaValidator validate
INFO: HHH000229: Running schema validator
oct 14, 2021 8:19:45 PM org.hibernate.tool.hbm2ddl.SchemaValidator validate
INFO: HHH000102: Fetching database metadata
oct 14, 2021 8:19:45 PM org.hibernate.tool.hbm2ddl.TableMetadata <init>
INFO: HHH000261: Table found: microcosmos.arealaboral
oct 14, 2021 8:19:45 PM org.hibernate.tool.hbm2ddl.TableMetadata <init>
INFO: HHH000037: Columns: [idarealaboral, descripcionarealaboral, nombrearealaboral, activoarealaboral]
oct 14, 2021 8:19:45 PM org.hibernate.tool.hbm2ddl.TableMetadata <init>
INFO: HHH000261: Table found: microcosmos.arealaboralhistorica
oct 14, 2021 8:19:45 PM org.hibernate.tool.hbm2ddl.TableMetadata <init>
INFO: HHH000037: Columns: [idempleados, fechaconclusion, fechacomienzo, idarealaboralhistorica]
oct 14, 2021 8:19:45 PM org.hibernate.tool.hbm2ddl.TableMetadata <init>
INFO: HHH000261: Table found: microcosmos.articulo
oct 14, 2021 8:19:45 PM org.hibernate.tool.hbm2ddl.TableMetadata <init>
INFO: HHH000037: Columns: [idsecciontienda, stockmaximo, activoarticulo, nombrearticulo, stockminimo, precioarticulo, idtalla, stock, descripcionarticulo, idarticulo]
oct 14, 2021 8:19:45 PM org.hibernate.tool.hbm2ddl.TableMetadata <init>
INFO: HHH000261: Table found: microcosmos.clientes
oct 14, 2021 8:19:45 PM org.hibernate.tool.hbm2ddl.TableMetadata <init>
INFO: HHH000037: Columns: [telefonocliente, direccioncliente, idtipodocumento, idsexo, documento, activocliente, idcliente, nombrecliente, apellidocliente, correocliente]
oct 14, 2021 8:19:45 PM org.hibernate.tool.hbm2ddl.TableMetadata <init>
INFO: HHH000261: Table found: microcosmos.compra
oct 14, 2021 8:19:45 PM org.hibernate.tool.hbm2ddl.TableMetadata <init>
INFO: HHH000037: Columns: [idcompra, fechapedido, idproveedor, idempleados, fecharecibido, totalcompra, idestado]
oct 14, 2021 8:19:45 PM org.hibernate.tool.hbm2ddl.TableMetadata <init>
INFO: HHH000261: Table found: microcosmos.detallecompra
oct 14, 2021 8:19:45 PM org.hibernate.tool.hbm2ddl.TableMetadata <init>
INFO: HHH000037: Columns: [idcompra, iddetallecompra, preciocompra, cantidad, idarticulo]
oct 14, 2021 8:19:45 PM org.hibernate.tool.hbm2ddl.TableMetadata <init>
INFO: HHH000261: Table found: microcosmos.detalleventa
oct 14, 2021 8:19:45 PM org.hibernate.tool.hbm2ddl.TableMetadata <init>
INFO: HHH000037: Columns: [idventa, iddetalleventa, cantidad, idarticulo]
oct 14, 2021 8:19:45 PM org.hibernate.tool.hbm2ddl.TableMetadata <init>
INFO: HHH000261: Table found: microcosmos.empleados
oct 14, 2021 8:19:45 PM org.hibernate.tool.hbm2ddl.TableMetadata <init>
INFO: HHH000037: Columns: [idempleados, idarealaboral, idtipodocumento, idsexo, telefonoempleado, documento, nombreempleado, correoempleado, apellidoempleado, fechadenacimiento, activoempleado]
oct 14, 2021 8:19:45 PM org.hibernate.tool.hbm2ddl.TableMetadata <init>
INFO: HHH000261: Table found: microcosmos.entidades
oct 14, 2021 8:19:45 PM org.hibernate.tool.hbm2ddl.TableMetadata <init>
INFO: HHH000037: Columns: [identidad, activoentidad, nombreentidad]
oct 14, 2021 8:19:45 PM org.hibernate.tool.hbm2ddl.TableMetadata <init>
INFO: HHH000261: Table found: microcosmos.estado
oct 14, 2021 8:19:45 PM org.hibernate.tool.hbm2ddl.TableMetadata <init>
INFO: HHH000037: Columns: [nombreestado, activoestado, identidad, descripcionestado, idestado]
oct 14, 2021 8:19:45 PM org.hibernate.tool.hbm2ddl.TableMetadata <init>
INFO: HHH000261: Table found: microcosmos.facturasdevueltas
oct 14, 2021 8:19:45 PM org.hibernate.tool.hbm2ddl.TableMetadata <init>
INFO: HHH000037: Columns: [idventa, descripcion, fechadevolucion, idempleados, idfacturadevuelta]
oct 14, 2021 8:19:45 PM org.hibernate.tool.hbm2ddl.TableMetadata <init>
INFO: HHH000261: Table found: microcosmos.parametros
oct 14, 2021 8:19:45 PM org.hibernate.tool.hbm2ddl.TableMetadata <init>
INFO: HHH000037: Columns: [facturainicial, fechaemision, facturafinal, activoparametros, fechacaducidad, cai, idparametros]
oct 14, 2021 8:19:45 PM org.hibernate.tool.hbm2ddl.TableMetadata <init>
INFO: HHH000261: Table found: microcosmos.pedidosdevueltos
oct 14, 2021 8:19:45 PM org.hibernate.tool.hbm2ddl.TableMetadata <init>
INFO: HHH000037: Columns: [idcompra, descripcion, idempleados, idpedidosdevueltos, fechaanulacion]
oct 14, 2021 8:19:45 PM org.hibernate.tool.hbm2ddl.TableMetadata <init>
INFO: HHH000261: Table found: microcosmos.preciohistorico
oct 14, 2021 8:19:45 PM org.hibernate.tool.hbm2ddl.TableMetadata <init>
INFO: HHH000037: Columns: [precio, idpreciohistorico, fechainicial, fechafinal, idarticulo, activopreciohistorico]
oct 14, 2021 8:19:45 PM org.hibernate.tool.hbm2ddl.TableMetadata <init>
INFO: HHH000261: Table found: microcosmos.proveedores
oct 14, 2021 8:19:45 PM org.hibernate.tool.hbm2ddl.TableMetadata <init>
INFO: HHH000037: Columns: [idproveedor, activoproveedor, idtipodocumento, nombreproveedor, correoproveedor, telefonoproveedor, documento, ubicacionproveedor]
oct 14, 2021 8:19:45 PM org.hibernate.tool.hbm2ddl.TableMetadata <init>
INFO: HHH000261: Table found: microcosmos.secciontienda
oct 14, 2021 8:19:45 PM org.hibernate.tool.hbm2ddl.TableMetadata <init>
INFO: HHH000037: Columns: [idsecciontienda, descripcionsecciontienda, nombresecciontienda, activosecciontienda]
oct 14, 2021 8:19:45 PM org.hibernate.tool.hbm2ddl.TableMetadata <init>
INFO: HHH000261: Table found: microcosmos.sexo
oct 14, 2021 8:19:45 PM org.hibernate.tool.hbm2ddl.TableMetadata <init>
INFO: HHH000037: Columns: [idsexo, nombresexo, descripcionsexo]
oct 14, 2021 8:19:45 PM org.hibernate.tool.hbm2ddl.TableMetadata <init>
INFO: HHH000261: Table found: microcosmos.talla
oct 14, 2021 8:19:45 PM org.hibernate.tool.hbm2ddl.TableMetadata <init>
INFO: HHH000037: Columns: [activotalla, nombretalla, descripciontalla, idtalla]
oct 14, 2021 8:19:45 PM org.hibernate.tool.hbm2ddl.TableMetadata <init>
INFO: HHH000261: Table found: microcosmos.tipodepago
oct 14, 2021 8:19:45 PM org.hibernate.tool.hbm2ddl.TableMetadata <init>
INFO: HHH000037: Columns: [descripciontipodepago, nombretipodepago, idtipodepago, activotipodepago]
oct 14, 2021 8:19:45 PM org.hibernate.tool.hbm2ddl.TableMetadata <init>
INFO: HHH000261: Table found: microcosmos.tipodocumento
oct 14, 2021 8:19:45 PM org.hibernate.tool.hbm2ddl.TableMetadata <init>
INFO: HHH000037: Columns: [nombretipodocumento, descripciontipodocumento, activotipodocumento, idtipodocumento]
oct 14, 2021 8:19:45 PM org.hibernate.tool.hbm2ddl.TableMetadata <init>
INFO: HHH000261: Table found: microcosmos.usuarios
oct 14, 2021 8:19:45 PM org.hibernate.tool.hbm2ddl.TableMetadata <init>
INFO: HHH000037: Columns: [nombreusuario, idempleados, numerodeintentos, activousuario, admin, contrasena, idusuario]
oct 14, 2021 8:19:45 PM org.hibernate.tool.hbm2ddl.TableMetadata <init>
INFO: HHH000261: Table found: microcosmos.venta
oct 14, 2021 8:19:45 PM org.hibernate.tool.hbm2ddl.TableMetadata <init>
INFO: HHH000037: Columns: [numtarjeta, idtipodepago, formato, montoefectivo, idcliente, idestado, idventa, total, idempleados, impuesto, subtotal, montotarjeta, fechaventa, idparametros]
oct 14, 2021 8:19:45 PM org.hibernate.jpa.internal.EntityManagerFactoryRegistry addEntityManagerFactory
WARN: HHH000436: Entity manager factory name (DB) is already registered.  If entity manager will be clustered or passivated, specify a unique value for property 'hibernate.ejb.entitymanager_factory_name'
oct 14, 2021 8:19:45 PM org.hibernate.ejb.HibernatePersistence logDeprecation
WARN: HHH015016: Encountered a deprecated javax.persistence.spi.PersistenceProvider [org.hibernate.ejb.HibernatePersistence]; use [org.hibernate.jpa.HibernatePersistenceProvider] instead.
oct 14, 2021 8:19:45 PM org.hibernate.ejb.HibernatePersistence logDeprecation
WARN: HHH015016: Encountered a deprecated javax.persistence.spi.PersistenceProvider [org.hibernate.ejb.HibernatePersistence]; use [org.hibernate.jpa.HibernatePersistenceProvider] instead.
oct 14, 2021 8:19:45 PM org.hibernate.ejb.HibernatePersistence logDeprecation
WARN: HHH015016: Encountered a deprecated javax.persistence.spi.PersistenceProvider [org.hibernate.ejb.HibernatePersistence]; use [org.hibernate.jpa.HibernatePersistenceProvider] instead.
oct 14, 2021 8:19:45 PM org.hibernate.jpa.internal.util.LogHelper logPersistenceUnitInformation
INFO: HHH000204: Processing PersistenceUnitInfo [
	name: DB
	...]
oct 14, 2021 8:19:45 PM org.hibernate.engine.jdbc.connections.internal.DriverManagerConnectionProviderImpl configure
WARN: HHH000402: Using Hibernate built-in connection pool (not for production use!)
oct 14, 2021 8:19:45 PM org.hibernate.engine.jdbc.connections.internal.DriverManagerConnectionProviderImpl buildCreator
INFO: HHH000401: using driver [com.mysql.jdbc.Driver] at URL [jdbc:mysql://localhost:3306/Microcosmos?zeroDateTimeBehavior=convertToNull]
oct 14, 2021 8:19:45 PM org.hibernate.engine.jdbc.connections.internal.DriverManagerConnectionProviderImpl buildCreator
INFO: HHH000046: Connection properties: {user=root, password=****}
oct 14, 2021 8:19:45 PM org.hibernate.engine.jdbc.connections.internal.DriverManagerConnectionProviderImpl buildCreator
INFO: HHH000006: Autocommit mode: false
oct 14, 2021 8:19:45 PM org.hibernate.engine.jdbc.connections.internal.DriverManagerConnectionProviderImpl configure
INFO: HHH000115: Hibernate connection pool size: 20 (min=1)
oct 14, 2021 8:19:45 PM org.hibernate.dialect.Dialect <init>
INFO: HHH000400: Using dialect: org.hibernate.dialect.MySQLDialect
oct 14, 2021 8:19:45 PM org.hibernate.hql.internal.ast.ASTQueryTranslatorFactory <init>
INFO: HHH000397: Using ASTQueryTranslatorFactory
oct 14, 2021 8:19:45 PM org.hibernate.tool.hbm2ddl.SchemaValidator validate
INFO: HHH000229: Running schema validator
oct 14, 2021 8:19:45 PM org.hibernate.tool.hbm2ddl.SchemaValidator validate
INFO: HHH000102: Fetching database metadata
oct 14, 2021 8:19:45 PM org.hibernate.tool.hbm2ddl.TableMetadata <init>
INFO: HHH000261: Table found: microcosmos.arealaboral
oct 14, 2021 8:19:45 PM org.hibernate.tool.hbm2ddl.TableMetadata <init>
INFO: HHH000037: Columns: [idarealaboral, descripcionarealaboral, nombrearealaboral, activoarealaboral]
oct 14, 2021 8:19:45 PM org.hibernate.tool.hbm2ddl.TableMetadata <init>
INFO: HHH000261: Table found: microcosmos.arealaboralhistorica
oct 14, 2021 8:19:45 PM org.hibernate.tool.hbm2ddl.TableMetadata <init>
INFO: HHH000037: Columns: [idempleados, fechaconclusion, fechacomienzo, idarealaboralhistorica]
oct 14, 2021 8:19:45 PM org.hibernate.tool.hbm2ddl.TableMetadata <init>
INFO: HHH000261: Table found: microcosmos.articulo
oct 14, 2021 8:19:45 PM org.hibernate.tool.hbm2ddl.TableMetadata <init>
INFO: HHH000037: Columns: [idsecciontienda, stockmaximo, activoarticulo, nombrearticulo, stockminimo, precioarticulo, idtalla, stock, descripcionarticulo, idarticulo]
oct 14, 2021 8:19:45 PM org.hibernate.tool.hbm2ddl.TableMetadata <init>
INFO: HHH000261: Table found: microcosmos.clientes
oct 14, 2021 8:19:45 PM org.hibernate.tool.hbm2ddl.TableMetadata <init>
INFO: HHH000037: Columns: [telefonocliente, direccioncliente, idtipodocumento, idsexo, documento, activocliente, idcliente, nombrecliente, apellidocliente, correocliente]
oct 14, 2021 8:19:45 PM org.hibernate.tool.hbm2ddl.TableMetadata <init>
INFO: HHH000261: Table found: microcosmos.compra
oct 14, 2021 8:19:45 PM org.hibernate.tool.hbm2ddl.TableMetadata <init>
INFO: HHH000037: Columns: [idcompra, fechapedido, idproveedor, idempleados, fecharecibido, totalcompra, idestado]
oct 14, 2021 8:19:45 PM org.hibernate.tool.hbm2ddl.TableMetadata <init>
INFO: HHH000261: Table found: microcosmos.detallecompra
oct 14, 2021 8:19:45 PM org.hibernate.tool.hbm2ddl.TableMetadata <init>
INFO: HHH000037: Columns: [idcompra, iddetallecompra, preciocompra, cantidad, idarticulo]
oct 14, 2021 8:19:45 PM org.hibernate.tool.hbm2ddl.TableMetadata <init>
INFO: HHH000261: Table found: microcosmos.detalleventa
oct 14, 2021 8:19:45 PM org.hibernate.tool.hbm2ddl.TableMetadata <init>
INFO: HHH000037: Columns: [idventa, iddetalleventa, cantidad, idarticulo]
oct 14, 2021 8:19:45 PM org.hibernate.tool.hbm2ddl.TableMetadata <init>
INFO: HHH000261: Table found: microcosmos.empleados
oct 14, 2021 8:19:45 PM org.hibernate.tool.hbm2ddl.TableMetadata <init>
INFO: HHH000037: Columns: [idempleados, idarealaboral, idtipodocumento, idsexo, telefonoempleado, documento, nombreempleado, correoempleado, apellidoempleado, fechadenacimiento, activoempleado]
oct 14, 2021 8:19:45 PM org.hibernate.tool.hbm2ddl.TableMetadata <init>
INFO: HHH000261: Table found: microcosmos.entidades
oct 14, 2021 8:19:45 PM org.hibernate.tool.hbm2ddl.TableMetadata <init>
INFO: HHH000037: Columns: [identidad, activoentidad, nombreentidad]
oct 14, 2021 8:19:45 PM org.hibernate.tool.hbm2ddl.TableMetadata <init>
INFO: HHH000261: Table found: microcosmos.estado
oct 14, 2021 8:19:45 PM org.hibernate.tool.hbm2ddl.TableMetadata <init>
INFO: HHH000037: Columns: [nombreestado, activoestado, identidad, descripcionestado, idestado]
oct 14, 2021 8:19:45 PM org.hibernate.tool.hbm2ddl.TableMetadata <init>
INFO: HHH000261: Table found: microcosmos.facturasdevueltas
oct 14, 2021 8:19:45 PM org.hibernate.tool.hbm2ddl.TableMetadata <init>
INFO: HHH000037: Columns: [idventa, descripcion, fechadevolucion, idempleados, idfacturadevuelta]
oct 14, 2021 8:19:45 PM org.hibernate.tool.hbm2ddl.TableMetadata <init>
INFO: HHH000261: Table found: microcosmos.parametros
oct 14, 2021 8:19:45 PM org.hibernate.tool.hbm2ddl.TableMetadata <init>
INFO: HHH000037: Columns: [facturainicial, fechaemision, facturafinal, activoparametros, fechacaducidad, cai, idparametros]
oct 14, 2021 8:19:45 PM org.hibernate.tool.hbm2ddl.TableMetadata <init>
INFO: HHH000261: Table found: microcosmos.pedidosdevueltos
oct 14, 2021 8:19:45 PM org.hibernate.tool.hbm2ddl.TableMetadata <init>
INFO: HHH000037: Columns: [idcompra, descripcion, idempleados, idpedidosdevueltos, fechaanulacion]
oct 14, 2021 8:19:45 PM org.hibernate.tool.hbm2ddl.TableMetadata <init>
INFO: HHH000261: Table found: microcosmos.preciohistorico
oct 14, 2021 8:19:45 PM org.hibernate.tool.hbm2ddl.TableMetadata <init>
INFO: HHH000037: Columns: [precio, idpreciohistorico, fechainicial, fechafinal, idarticulo, activopreciohistorico]
oct 14, 2021 8:19:45 PM org.hibernate.tool.hbm2ddl.TableMetadata <init>
INFO: HHH000261: Table found: microcosmos.proveedores
oct 14, 2021 8:19:45 PM org.hibernate.tool.hbm2ddl.TableMetadata <init>
INFO: HHH000037: Columns: [idproveedor, activoproveedor, idtipodocumento, nombreproveedor, correoproveedor, telefonoproveedor, documento, ubicacionproveedor]
oct 14, 2021 8:19:45 PM org.hibernate.tool.hbm2ddl.TableMetadata <init>
INFO: HHH000261: Table found: microcosmos.secciontienda
oct 14, 2021 8:19:45 PM org.hibernate.tool.hbm2ddl.TableMetadata <init>
INFO: HHH000037: Columns: [idsecciontienda, descripcionsecciontienda, nombresecciontienda, activosecciontienda]
oct 14, 2021 8:19:45 PM org.hibernate.tool.hbm2ddl.TableMetadata <init>
INFO: HHH000261: Table found: microcosmos.sexo
oct 14, 2021 8:19:45 PM org.hibernate.tool.hbm2ddl.TableMetadata <init>
INFO: HHH000037: Columns: [idsexo, nombresexo, descripcionsexo]
oct 14, 2021 8:19:45 PM org.hibernate.tool.hbm2ddl.TableMetadata <init>
INFO: HHH000261: Table found: microcosmos.talla
oct 14, 2021 8:19:45 PM org.hibernate.tool.hbm2ddl.TableMetadata <init>
INFO: HHH000037: Columns: [activotalla, nombretalla, descripciontalla, idtalla]
oct 14, 2021 8:19:45 PM org.hibernate.tool.hbm2ddl.TableMetadata <init>
INFO: HHH000261: Table found: microcosmos.tipodepago
oct 14, 2021 8:19:45 PM org.hibernate.tool.hbm2ddl.TableMetadata <init>
INFO: HHH000037: Columns: [descripciontipodepago, nombretipodepago, idtipodepago, activotipodepago]
oct 14, 2021 8:19:45 PM org.hibernate.tool.hbm2ddl.TableMetadata <init>
INFO: HHH000261: Table found: microcosmos.tipodocumento
oct 14, 2021 8:19:45 PM org.hibernate.tool.hbm2ddl.TableMetadata <init>
INFO: HHH000037: Columns: [nombretipodocumento, descripciontipodocumento, activotipodocumento, idtipodocumento]
oct 14, 2021 8:19:45 PM org.hibernate.tool.hbm2ddl.TableMetadata <init>
INFO: HHH000261: Table found: microcosmos.usuarios
oct 14, 2021 8:19:45 PM org.hibernate.tool.hbm2ddl.TableMetadata <init>
INFO: HHH000037: Columns: [nombreusuario, idempleados, numerodeintentos, activousuario, admin, contrasena, idusuario]
oct 14, 2021 8:19:45 PM org.hibernate.tool.hbm2ddl.TableMetadata <init>
INFO: HHH000261: Table found: microcosmos.venta
oct 14, 2021 8:19:45 PM org.hibernate.tool.hbm2ddl.TableMetadata <init>
INFO: HHH000037: Columns: [numtarjeta, idtipodepago, formato, montoefectivo, idcliente, idestado, idventa, total, idempleados, impuesto, subtotal, montotarjeta, fechaventa, idparametros]
oct 14, 2021 8:19:45 PM org.hibernate.jpa.internal.EntityManagerFactoryRegistry addEntityManagerFactory
WARN: HHH000436: Entity manager factory name (DB) is already registered.  If entity manager will be clustered or passivated, specify a unique value for property 'hibernate.ejb.entitymanager_factory_name'
oct 14, 2021 8:19:45 PM org.hibernate.ejb.HibernatePersistence logDeprecation
WARN: HHH015016: Encountered a deprecated javax.persistence.spi.PersistenceProvider [org.hibernate.ejb.HibernatePersistence]; use [org.hibernate.jpa.HibernatePersistenceProvider] instead.
oct 14, 2021 8:19:45 PM org.hibernate.ejb.HibernatePersistence logDeprecation
WARN: HHH015016: Encountered a deprecated javax.persistence.spi.PersistenceProvider [org.hibernate.ejb.HibernatePersistence]; use [org.hibernate.jpa.HibernatePersistenceProvider] instead.
oct 14, 2021 8:19:45 PM org.hibernate.ejb.HibernatePersistence logDeprecation
WARN: HHH015016: Encountered a deprecated javax.persistence.spi.PersistenceProvider [org.hibernate.ejb.HibernatePersistence]; use [org.hibernate.jpa.HibernatePersistenceProvider] instead.
oct 14, 2021 8:19:45 PM org.hibernate.jpa.internal.util.LogHelper logPersistenceUnitInformation
INFO: HHH000204: Processing PersistenceUnitInfo [
	name: DB
	...]
oct 14, 2021 8:19:45 PM org.hibernate.engine.jdbc.connections.internal.DriverManagerConnectionProviderImpl configure
WARN: HHH000402: Using Hibernate built-in connection pool (not for production use!)
oct 14, 2021 8:19:45 PM org.hibernate.engine.jdbc.connections.internal.DriverManagerConnectionProviderImpl buildCreator
INFO: HHH000401: using driver [com.mysql.jdbc.Driver] at URL [jdbc:mysql://localhost:3306/Microcosmos?zeroDateTimeBehavior=convertToNull]
oct 14, 2021 8:19:45 PM org.hibernate.engine.jdbc.connections.internal.DriverManagerConnectionProviderImpl buildCreator
INFO: HHH000046: Connection properties: {user=root, password=****}
oct 14, 2021 8:19:45 PM org.hibernate.engine.jdbc.connections.internal.DriverManagerConnectionProviderImpl buildCreator
INFO: HHH000006: Autocommit mode: false
oct 14, 2021 8:19:45 PM org.hibernate.engine.jdbc.connections.internal.DriverManagerConnectionProviderImpl configure
INFO: HHH000115: Hibernate connection pool size: 20 (min=1)
oct 14, 2021 8:19:45 PM org.hibernate.dialect.Dialect <init>
INFO: HHH000400: Using dialect: org.hibernate.dialect.MySQLDialect
oct 14, 2021 8:19:45 PM org.hibernate.hql.internal.ast.ASTQueryTranslatorFactory <init>
INFO: HHH000397: Using ASTQueryTranslatorFactory
oct 14, 2021 8:19:45 PM org.hibernate.tool.hbm2ddl.SchemaValidator validate
INFO: HHH000229: Running schema validator
oct 14, 2021 8:19:45 PM org.hibernate.tool.hbm2ddl.SchemaValidator validate
INFO: HHH000102: Fetching database metadata
oct 14, 2021 8:19:45 PM org.hibernate.tool.hbm2ddl.TableMetadata <init>
INFO: HHH000261: Table found: microcosmos.arealaboral
oct 14, 2021 8:19:45 PM org.hibernate.tool.hbm2ddl.TableMetadata <init>
INFO: HHH000037: Columns: [idarealaboral, descripcionarealaboral, nombrearealaboral, activoarealaboral]
oct 14, 2021 8:19:45 PM org.hibernate.tool.hbm2ddl.TableMetadata <init>
INFO: HHH000261: Table found: microcosmos.arealaboralhistorica
oct 14, 2021 8:19:45 PM org.hibernate.tool.hbm2ddl.TableMetadata <init>
INFO: HHH000037: Columns: [idempleados, fechaconclusion, fechacomienzo, idarealaboralhistorica]
oct 14, 2021 8:19:45 PM org.hibernate.tool.hbm2ddl.TableMetadata <init>
INFO: HHH000261: Table found: microcosmos.articulo
oct 14, 2021 8:19:45 PM org.hibernate.tool.hbm2ddl.TableMetadata <init>
INFO: HHH000037: Columns: [idsecciontienda, stockmaximo, activoarticulo, nombrearticulo, stockminimo, precioarticulo, idtalla, stock, descripcionarticulo, idarticulo]
oct 14, 2021 8:19:45 PM org.hibernate.tool.hbm2ddl.TableMetadata <init>
INFO: HHH000261: Table found: microcosmos.clientes
oct 14, 2021 8:19:45 PM org.hibernate.tool.hbm2ddl.TableMetadata <init>
INFO: HHH000037: Columns: [telefonocliente, direccioncliente, idtipodocumento, idsexo, documento, activocliente, idcliente, nombrecliente, apellidocliente, correocliente]
oct 14, 2021 8:19:45 PM org.hibernate.tool.hbm2ddl.TableMetadata <init>
INFO: HHH000261: Table found: microcosmos.compra
oct 14, 2021 8:19:45 PM org.hibernate.tool.hbm2ddl.TableMetadata <init>
INFO: HHH000037: Columns: [idcompra, fechapedido, idproveedor, idempleados, fecharecibido, totalcompra, idestado]
oct 14, 2021 8:19:45 PM org.hibernate.tool.hbm2ddl.TableMetadata <init>
INFO: HHH000261: Table found: microcosmos.detallecompra
oct 14, 2021 8:19:45 PM org.hibernate.tool.hbm2ddl.TableMetadata <init>
INFO: HHH000037: Columns: [idcompra, iddetallecompra, preciocompra, cantidad, idarticulo]
oct 14, 2021 8:19:45 PM org.hibernate.tool.hbm2ddl.TableMetadata <init>
INFO: HHH000261: Table found: microcosmos.detalleventa
oct 14, 2021 8:19:45 PM org.hibernate.tool.hbm2ddl.TableMetadata <init>
INFO: HHH000037: Columns: [idventa, iddetalleventa, cantidad, idarticulo]
oct 14, 2021 8:19:45 PM org.hibernate.tool.hbm2ddl.TableMetadata <init>
INFO: HHH000261: Table found: microcosmos.empleados
oct 14, 2021 8:19:45 PM org.hibernate.tool.hbm2ddl.TableMetadata <init>
INFO: HHH000037: Columns: [idempleados, idarealaboral, idtipodocumento, idsexo, telefonoempleado, documento, nombreempleado, correoempleado, apellidoempleado, fechadenacimiento, activoempleado]
oct 14, 2021 8:19:45 PM org.hibernate.tool.hbm2ddl.TableMetadata <init>
INFO: HHH000261: Table found: microcosmos.entidades
oct 14, 2021 8:19:45 PM org.hibernate.tool.hbm2ddl.TableMetadata <init>
INFO: HHH000037: Columns: [identidad, activoentidad, nombreentidad]
oct 14, 2021 8:19:45 PM org.hibernate.tool.hbm2ddl.TableMetadata <init>
INFO: HHH000261: Table found: microcosmos.estado
oct 14, 2021 8:19:45 PM org.hibernate.tool.hbm2ddl.TableMetadata <init>
INFO: HHH000037: Columns: [nombreestado, activoestado, identidad, descripcionestado, idestado]
oct 14, 2021 8:19:45 PM org.hibernate.tool.hbm2ddl.TableMetadata <init>
INFO: HHH000261: Table found: microcosmos.facturasdevueltas
oct 14, 2021 8:19:45 PM org.hibernate.tool.hbm2ddl.TableMetadata <init>
INFO: HHH000037: Columns: [idventa, descripcion, fechadevolucion, idempleados, idfacturadevuelta]
oct 14, 2021 8:19:45 PM org.hibernate.tool.hbm2ddl.TableMetadata <init>
INFO: HHH000261: Table found: microcosmos.parametros
oct 14, 2021 8:19:45 PM org.hibernate.tool.hbm2ddl.TableMetadata <init>
INFO: HHH000037: Columns: [facturainicial, fechaemision, facturafinal, activoparametros, fechacaducidad, cai, idparametros]
oct 14, 2021 8:19:45 PM org.hibernate.tool.hbm2ddl.TableMetadata <init>
INFO: HHH000261: Table found: microcosmos.pedidosdevueltos
oct 14, 2021 8:19:45 PM org.hibernate.tool.hbm2ddl.TableMetadata <init>
INFO: HHH000037: Columns: [idcompra, descripcion, idempleados, idpedidosdevueltos, fechaanulacion]
oct 14, 2021 8:19:45 PM org.hibernate.tool.hbm2ddl.TableMetadata <init>
INFO: HHH000261: Table found: microcosmos.preciohistorico
oct 14, 2021 8:19:45 PM org.hibernate.tool.hbm2ddl.TableMetadata <init>
INFO: HHH000037: Columns: [precio, idpreciohistorico, fechainicial, fechafinal, idarticulo, activopreciohistorico]
oct 14, 2021 8:19:45 PM org.hibernate.tool.hbm2ddl.TableMetadata <init>
INFO: HHH000261: Table found: microcosmos.proveedores
oct 14, 2021 8:19:45 PM org.hibernate.tool.hbm2ddl.TableMetadata <init>
INFO: HHH000037: Columns: [idproveedor, activoproveedor, idtipodocumento, nombreproveedor, correoproveedor, telefonoproveedor, documento, ubicacionproveedor]
oct 14, 2021 8:19:45 PM org.hibernate.tool.hbm2ddl.TableMetadata <init>
INFO: HHH000261: Table found: microcosmos.secciontienda
oct 14, 2021 8:19:45 PM org.hibernate.tool.hbm2ddl.TableMetadata <init>
INFO: HHH000037: Columns: [idsecciontienda, descripcionsecciontienda, nombresecciontienda, activosecciontienda]
oct 14, 2021 8:19:45 PM org.hibernate.tool.hbm2ddl.TableMetadata <init>
INFO: HHH000261: Table found: microcosmos.sexo
oct 14, 2021 8:19:45 PM org.hibernate.tool.hbm2ddl.TableMetadata <init>
INFO: HHH000037: Columns: [idsexo, nombresexo, descripcionsexo]
oct 14, 2021 8:19:45 PM org.hibernate.tool.hbm2ddl.TableMetadata <init>
INFO: HHH000261: Table found: microcosmos.talla
oct 14, 2021 8:19:45 PM org.hibernate.tool.hbm2ddl.TableMetadata <init>
INFO: HHH000037: Columns: [activotalla, nombretalla, descripciontalla, idtalla]
oct 14, 2021 8:19:45 PM org.hibernate.tool.hbm2ddl.TableMetadata <init>
INFO: HHH000261: Table found: microcosmos.tipodepago
oct 14, 2021 8:19:45 PM org.hibernate.tool.hbm2ddl.TableMetadata <init>
INFO: HHH000037: Columns: [descripciontipodepago, nombretipodepago, idtipodepago, activotipodepago]
oct 14, 2021 8:19:45 PM org.hibernate.tool.hbm2ddl.TableMetadata <init>
INFO: HHH000261: Table found: microcosmos.tipodocumento
oct 14, 2021 8:19:45 PM org.hibernate.tool.hbm2ddl.TableMetadata <init>
INFO: HHH000037: Columns: [nombretipodocumento, descripciontipodocumento, activotipodocumento, idtipodocumento]
oct 14, 2021 8:19:45 PM org.hibernate.tool.hbm2ddl.TableMetadata <init>
INFO: HHH000261: Table found: microcosmos.usuarios
oct 14, 2021 8:19:45 PM org.hibernate.tool.hbm2ddl.TableMetadata <init>
INFO: HHH000037: Columns: [nombreusuario, idempleados, numerodeintentos, activousuario, admin, contrasena, idusuario]
oct 14, 2021 8:19:45 PM org.hibernate.tool.hbm2ddl.TableMetadata <init>
INFO: HHH000261: Table found: microcosmos.venta
oct 14, 2021 8:19:45 PM org.hibernate.tool.hbm2ddl.TableMetadata <init>
INFO: HHH000037: Columns: [numtarjeta, idtipodepago, formato, montoefectivo, idcliente, idestado, idventa, total, idempleados, impuesto, subtotal, montotarjeta, fechaventa, idparametros]
oct 14, 2021 8:19:45 PM org.hibernate.jpa.internal.EntityManagerFactoryRegistry addEntityManagerFactory
WARN: HHH000436: Entity manager factory name (DB) is already registered.  If entity manager will be clustered or passivated, specify a unique value for property 'hibernate.ejb.entitymanager_factory_name'
oct 14, 2021 8:19:45 PM org.hibernate.ejb.HibernatePersistence logDeprecation
WARN: HHH015016: Encountered a deprecated javax.persistence.spi.PersistenceProvider [org.hibernate.ejb.HibernatePersistence]; use [org.hibernate.jpa.HibernatePersistenceProvider] instead.
oct 14, 2021 8:19:45 PM org.hibernate.ejb.HibernatePersistence logDeprecation
WARN: HHH015016: Encountered a deprecated javax.persistence.spi.PersistenceProvider [org.hibernate.ejb.HibernatePersistence]; use [org.hibernate.jpa.HibernatePersistenceProvider] instead.
oct 14, 2021 8:19:45 PM org.hibernate.ejb.HibernatePersistence logDeprecation
WARN: HHH015016: Encountered a deprecated javax.persistence.spi.PersistenceProvider [org.hibernate.ejb.HibernatePersistence]; use [org.hibernate.jpa.HibernatePersistenceProvider] instead.
oct 14, 2021 8:19:45 PM org.hibernate.jpa.internal.util.LogHelper logPersistenceUnitInformation
INFO: HHH000204: Processing PersistenceUnitInfo [
	name: DB
	...]
oct 14, 2021 8:19:45 PM org.hibernate.engine.jdbc.connections.internal.DriverManagerConnectionProviderImpl configure
WARN: HHH000402: Using Hibernate built-in connection pool (not for production use!)
oct 14, 2021 8:19:45 PM org.hibernate.engine.jdbc.connections.internal.DriverManagerConnectionProviderImpl buildCreator
INFO: HHH000401: using driver [com.mysql.jdbc.Driver] at URL [jdbc:mysql://localhost:3306/Microcosmos?zeroDateTimeBehavior=convertToNull]
oct 14, 2021 8:19:45 PM org.hibernate.engine.jdbc.connections.internal.DriverManagerConnectionProviderImpl buildCreator
INFO: HHH000046: Connection properties: {user=root, password=****}
oct 14, 2021 8:19:45 PM org.hibernate.engine.jdbc.connections.internal.DriverManagerConnectionProviderImpl buildCreator
INFO: HHH000006: Autocommit mode: false
oct 14, 2021 8:19:45 PM org.hibernate.engine.jdbc.connections.internal.DriverManagerConnectionProviderImpl configure
INFO: HHH000115: Hibernate connection pool size: 20 (min=1)
oct 14, 2021 8:19:45 PM org.hibernate.dialect.Dialect <init>
INFO: HHH000400: Using dialect: org.hibernate.dialect.MySQLDialect
oct 14, 2021 8:19:45 PM org.hibernate.hql.internal.ast.ASTQueryTranslatorFactory <init>
INFO: HHH000397: Using ASTQueryTranslatorFactory
oct 14, 2021 8:19:45 PM org.hibernate.tool.hbm2ddl.SchemaValidator validate
INFO: HHH000229: Running schema validator
oct 14, 2021 8:19:45 PM org.hibernate.tool.hbm2ddl.SchemaValidator validate
INFO: HHH000102: Fetching database metadata
oct 14, 2021 8:19:45 PM org.hibernate.tool.hbm2ddl.TableMetadata <init>
INFO: HHH000261: Table found: microcosmos.arealaboral
oct 14, 2021 8:19:45 PM org.hibernate.tool.hbm2ddl.TableMetadata <init>
INFO: HHH000037: Columns: [idarealaboral, descripcionarealaboral, nombrearealaboral, activoarealaboral]
oct 14, 2021 8:19:45 PM org.hibernate.tool.hbm2ddl.TableMetadata <init>
INFO: HHH000261: Table found: microcosmos.arealaboralhistorica
oct 14, 2021 8:19:45 PM org.hibernate.tool.hbm2ddl.TableMetadata <init>
INFO: HHH000037: Columns: [idempleados, fechaconclusion, fechacomienzo, idarealaboralhistorica]
oct 14, 2021 8:19:45 PM org.hibernate.tool.hbm2ddl.TableMetadata <init>
INFO: HHH000261: Table found: microcosmos.articulo
oct 14, 2021 8:19:45 PM org.hibernate.tool.hbm2ddl.TableMetadata <init>
INFO: HHH000037: Columns: [idsecciontienda, stockmaximo, activoarticulo, nombrearticulo, stockminimo, precioarticulo, idtalla, stock, descripcionarticulo, idarticulo]
oct 14, 2021 8:19:45 PM org.hibernate.tool.hbm2ddl.TableMetadata <init>
INFO: HHH000261: Table found: microcosmos.clientes
oct 14, 2021 8:19:45 PM org.hibernate.tool.hbm2ddl.TableMetadata <init>
INFO: HHH000037: Columns: [telefonocliente, direccioncliente, idtipodocumento, idsexo, documento, activocliente, idcliente, nombrecliente, apellidocliente, correocliente]
oct 14, 2021 8:19:45 PM org.hibernate.tool.hbm2ddl.TableMetadata <init>
INFO: HHH000261: Table found: microcosmos.compra
oct 14, 2021 8:19:45 PM org.hibernate.tool.hbm2ddl.TableMetadata <init>
INFO: HHH000037: Columns: [idcompra, fechapedido, idproveedor, idempleados, fecharecibido, totalcompra, idestado]
oct 14, 2021 8:19:45 PM org.hibernate.tool.hbm2ddl.TableMetadata <init>
INFO: HHH000261: Table found: microcosmos.detallecompra
oct 14, 2021 8:19:45 PM org.hibernate.tool.hbm2ddl.TableMetadata <init>
INFO: HHH000037: Columns: [idcompra, iddetallecompra, preciocompra, cantidad, idarticulo]
oct 14, 2021 8:19:45 PM org.hibernate.tool.hbm2ddl.TableMetadata <init>
INFO: HHH000261: Table found: microcosmos.detalleventa
oct 14, 2021 8:19:45 PM org.hibernate.tool.hbm2ddl.TableMetadata <init>
INFO: HHH000037: Columns: [idventa, iddetalleventa, cantidad, idarticulo]
oct 14, 2021 8:19:45 PM org.hibernate.tool.hbm2ddl.TableMetadata <init>
INFO: HHH000261: Table found: microcosmos.empleados
oct 14, 2021 8:19:45 PM org.hibernate.tool.hbm2ddl.TableMetadata <init>
INFO: HHH000037: Columns: [idempleados, idarealaboral, idtipodocumento, idsexo, telefonoempleado, documento, nombreempleado, correoempleado, apellidoempleado, fechadenacimiento, activoempleado]
oct 14, 2021 8:19:45 PM org.hibernate.tool.hbm2ddl.TableMetadata <init>
INFO: HHH000261: Table found: microcosmos.entidades
oct 14, 2021 8:19:45 PM org.hibernate.tool.hbm2ddl.TableMetadata <init>
INFO: HHH000037: Columns: [identidad, activoentidad, nombreentidad]
oct 14, 2021 8:19:45 PM org.hibernate.tool.hbm2ddl.TableMetadata <init>
INFO: HHH000261: Table found: microcosmos.estado
oct 14, 2021 8:19:45 PM org.hibernate.tool.hbm2ddl.TableMetadata <init>
INFO: HHH000037: Columns: [nombreestado, activoestado, identidad, descripcionestado, idestado]
oct 14, 2021 8:19:45 PM org.hibernate.tool.hbm2ddl.TableMetadata <init>
INFO: HHH000261: Table found: microcosmos.facturasdevueltas
oct 14, 2021 8:19:45 PM org.hibernate.tool.hbm2ddl.TableMetadata <init>
INFO: HHH000037: Columns: [idventa, descripcion, fechadevolucion, idempleados, idfacturadevuelta]
oct 14, 2021 8:19:45 PM org.hibernate.tool.hbm2ddl.TableMetadata <init>
INFO: HHH000261: Table found: microcosmos.parametros
oct 14, 2021 8:19:45 PM org.hibernate.tool.hbm2ddl.TableMetadata <init>
INFO: HHH000037: Columns: [facturainicial, fechaemision, facturafinal, activoparametros, fechacaducidad, cai, idparametros]
oct 14, 2021 8:19:45 PM org.hibernate.tool.hbm2ddl.TableMetadata <init>
INFO: HHH000261: Table found: microcosmos.pedidosdevueltos
oct 14, 2021 8:19:45 PM org.hibernate.tool.hbm2ddl.TableMetadata <init>
INFO: HHH000037: Columns: [idcompra, descripcion, idempleados, idpedidosdevueltos, fechaanulacion]
oct 14, 2021 8:19:45 PM org.hibernate.tool.hbm2ddl.TableMetadata <init>
INFO: HHH000261: Table found: microcosmos.preciohistorico
oct 14, 2021 8:19:45 PM org.hibernate.tool.hbm2ddl.TableMetadata <init>
INFO: HHH000037: Columns: [precio, idpreciohistorico, fechainicial, fechafinal, idarticulo, activopreciohistorico]
oct 14, 2021 8:19:45 PM org.hibernate.tool.hbm2ddl.TableMetadata <init>
INFO: HHH000261: Table found: microcosmos.proveedores
oct 14, 2021 8:19:45 PM org.hibernate.tool.hbm2ddl.TableMetadata <init>
INFO: HHH000037: Columns: [idproveedor, activoproveedor, idtipodocumento, nombreproveedor, correoproveedor, telefonoproveedor, documento, ubicacionproveedor]
oct 14, 2021 8:19:45 PM org.hibernate.tool.hbm2ddl.TableMetadata <init>
INFO: HHH000261: Table found: microcosmos.secciontienda
oct 14, 2021 8:19:45 PM org.hibernate.tool.hbm2ddl.TableMetadata <init>
INFO: HHH000037: Columns: [idsecciontienda, descripcionsecciontienda, nombresecciontienda, activosecciontienda]
oct 14, 2021 8:19:45 PM org.hibernate.tool.hbm2ddl.TableMetadata <init>
INFO: HHH000261: Table found: microcosmos.sexo
oct 14, 2021 8:19:45 PM org.hibernate.tool.hbm2ddl.TableMetadata <init>
INFO: HHH000037: Columns: [idsexo, nombresexo, descripcionsexo]
oct 14, 2021 8:19:45 PM org.hibernate.tool.hbm2ddl.TableMetadata <init>
INFO: HHH000261: Table found: microcosmos.talla
oct 14, 2021 8:19:45 PM org.hibernate.tool.hbm2ddl.TableMetadata <init>
INFO: HHH000037: Columns: [activotalla, nombretalla, descripciontalla, idtalla]
oct 14, 2021 8:19:45 PM org.hibernate.tool.hbm2ddl.TableMetadata <init>
INFO: HHH000261: Table found: microcosmos.tipodepago
oct 14, 2021 8:19:45 PM org.hibernate.tool.hbm2ddl.TableMetadata <init>
INFO: HHH000037: Columns: [descripciontipodepago, nombretipodepago, idtipodepago, activotipodepago]
oct 14, 2021 8:19:45 PM org.hibernate.tool.hbm2ddl.TableMetadata <init>
INFO: HHH000261: Table found: microcosmos.tipodocumento
oct 14, 2021 8:19:45 PM org.hibernate.tool.hbm2ddl.TableMetadata <init>
INFO: HHH000037: Columns: [nombretipodocumento, descripciontipodocumento, activotipodocumento, idtipodocumento]
oct 14, 2021 8:19:45 PM org.hibernate.tool.hbm2ddl.TableMetadata <init>
INFO: HHH000261: Table found: microcosmos.usuarios
oct 14, 2021 8:19:45 PM org.hibernate.tool.hbm2ddl.TableMetadata <init>
INFO: HHH000037: Columns: [nombreusuario, idempleados, numerodeintentos, activousuario, admin, contrasena, idusuario]
oct 14, 2021 8:19:45 PM org.hibernate.tool.hbm2ddl.TableMetadata <init>
INFO: HHH000261: Table found: microcosmos.venta
oct 14, 2021 8:19:45 PM org.hibernate.tool.hbm2ddl.TableMetadata <init>
INFO: HHH000037: Columns: [numtarjeta, idtipodepago, formato, montoefectivo, idcliente, idestado, idventa, total, idempleados, impuesto, subtotal, montotarjeta, fechaventa, idparametros]
oct 14, 2021 8:19:45 PM org.hibernate.jpa.internal.EntityManagerFactoryRegistry addEntityManagerFactory
WARN: HHH000436: Entity manager factory name (DB) is already registered.  If entity manager will be clustered or passivated, specify a unique value for property 'hibernate.ejb.entitymanager_factory_name'
oct 14, 2021 8:19:45 PM org.hibernate.ejb.HibernatePersistence logDeprecation
WARN: HHH015016: Encountered a deprecated javax.persistence.spi.PersistenceProvider [org.hibernate.ejb.HibernatePersistence]; use [org.hibernate.jpa.HibernatePersistenceProvider] instead.
oct 14, 2021 8:19:45 PM org.hibernate.ejb.HibernatePersistence logDeprecation
WARN: HHH015016: Encountered a deprecated javax.persistence.spi.PersistenceProvider [org.hibernate.ejb.HibernatePersistence]; use [org.hibernate.jpa.HibernatePersistenceProvider] instead.
oct 14, 2021 8:19:45 PM org.hibernate.ejb.HibernatePersistence logDeprecation
WARN: HHH015016: Encountered a deprecated javax.persistence.spi.PersistenceProvider [org.hibernate.ejb.HibernatePersistence]; use [org.hibernate.jpa.HibernatePersistenceProvider] instead.
oct 14, 2021 8:19:45 PM org.hibernate.jpa.internal.util.LogHelper logPersistenceUnitInformation
INFO: HHH000204: Processing PersistenceUnitInfo [
	name: DB
	...]
oct 14, 2021 8:19:45 PM org.hibernate.engine.jdbc.connections.internal.DriverManagerConnectionProviderImpl configure
WARN: HHH000402: Using Hibernate built-in connection pool (not for production use!)
oct 14, 2021 8:19:45 PM org.hibernate.engine.jdbc.connections.internal.DriverManagerConnectionProviderImpl buildCreator
INFO: HHH000401: using driver [com.mysql.jdbc.Driver] at URL [jdbc:mysql://localhost:3306/Microcosmos?zeroDateTimeBehavior=convertToNull]
oct 14, 2021 8:19:45 PM org.hibernate.engine.jdbc.connections.internal.DriverManagerConnectionProviderImpl buildCreator
INFO: HHH000046: Connection properties: {user=root, password=****}
oct 14, 2021 8:19:45 PM org.hibernate.engine.jdbc.connections.internal.DriverManagerConnectionProviderImpl buildCreator
INFO: HHH000006: Autocommit mode: false
oct 14, 2021 8:19:45 PM org.hibernate.engine.jdbc.connections.internal.DriverManagerConnectionProviderImpl configure
INFO: HHH000115: Hibernate connection pool size: 20 (min=1)
oct 14, 2021 8:19:45 PM org.hibernate.dialect.Dialect <init>
INFO: HHH000400: Using dialect: org.hibernate.dialect.MySQLDialect
oct 14, 2021 8:19:45 PM org.hibernate.hql.internal.ast.ASTQueryTranslatorFactory <init>
INFO: HHH000397: Using ASTQueryTranslatorFactory
oct 14, 2021 8:19:45 PM org.hibernate.tool.hbm2ddl.SchemaValidator validate
INFO: HHH000229: Running schema validator
oct 14, 2021 8:19:45 PM org.hibernate.tool.hbm2ddl.SchemaValidator validate
INFO: HHH000102: Fetching database metadata
oct 14, 2021 8:19:45 PM org.hibernate.tool.hbm2ddl.TableMetadata <init>
INFO: HHH000261: Table found: microcosmos.arealaboral
oct 14, 2021 8:19:45 PM org.hibernate.tool.hbm2ddl.TableMetadata <init>
INFO: HHH000037: Columns: [idarealaboral, descripcionarealaboral, nombrearealaboral, activoarealaboral]
oct 14, 2021 8:19:45 PM org.hibernate.tool.hbm2ddl.TableMetadata <init>
INFO: HHH000261: Table found: microcosmos.arealaboralhistorica
oct 14, 2021 8:19:45 PM org.hibernate.tool.hbm2ddl.TableMetadata <init>
INFO: HHH000037: Columns: [idempleados, fechaconclusion, fechacomienzo, idarealaboralhistorica]
oct 14, 2021 8:19:45 PM org.hibernate.tool.hbm2ddl.TableMetadata <init>
INFO: HHH000261: Table found: microcosmos.articulo
oct 14, 2021 8:19:45 PM org.hibernate.tool.hbm2ddl.TableMetadata <init>
INFO: HHH000037: Columns: [idsecciontienda, stockmaximo, activoarticulo, nombrearticulo, stockminimo, precioarticulo, idtalla, stock, descripcionarticulo, idarticulo]
oct 14, 2021 8:19:45 PM org.hibernate.tool.hbm2ddl.TableMetadata <init>
INFO: HHH000261: Table found: microcosmos.clientes
oct 14, 2021 8:19:45 PM org.hibernate.tool.hbm2ddl.TableMetadata <init>
INFO: HHH000037: Columns: [telefonocliente, direccioncliente, idtipodocumento, idsexo, documento, activocliente, idcliente, nombrecliente, apellidocliente, correocliente]
oct 14, 2021 8:19:45 PM org.hibernate.tool.hbm2ddl.TableMetadata <init>
INFO: HHH000261: Table found: microcosmos.compra
oct 14, 2021 8:19:45 PM org.hibernate.tool.hbm2ddl.TableMetadata <init>
INFO: HHH000037: Columns: [idcompra, fechapedido, idproveedor, idempleados, fecharecibido, totalcompra, idestado]
oct 14, 2021 8:19:45 PM org.hibernate.tool.hbm2ddl.TableMetadata <init>
INFO: HHH000261: Table found: microcosmos.detallecompra
oct 14, 2021 8:19:45 PM org.hibernate.tool.hbm2ddl.TableMetadata <init>
INFO: HHH000037: Columns: [idcompra, iddetallecompra, preciocompra, cantidad, idarticulo]
oct 14, 2021 8:19:45 PM org.hibernate.tool.hbm2ddl.TableMetadata <init>
INFO: HHH000261: Table found: microcosmos.detalleventa
oct 14, 2021 8:19:45 PM org.hibernate.tool.hbm2ddl.TableMetadata <init>
INFO: HHH000037: Columns: [idventa, iddetalleventa, cantidad, idarticulo]
oct 14, 2021 8:19:45 PM org.hibernate.tool.hbm2ddl.TableMetadata <init>
INFO: HHH000261: Table found: microcosmos.empleados
oct 14, 2021 8:19:45 PM org.hibernate.tool.hbm2ddl.TableMetadata <init>
INFO: HHH000037: Columns: [idempleados, idarealaboral, idtipodocumento, idsexo, telefonoempleado, documento, nombreempleado, correoempleado, apellidoempleado, fechadenacimiento, activoempleado]
oct 14, 2021 8:19:45 PM org.hibernate.tool.hbm2ddl.TableMetadata <init>
INFO: HHH000261: Table found: microcosmos.entidades
oct 14, 2021 8:19:45 PM org.hibernate.tool.hbm2ddl.TableMetadata <init>
INFO: HHH000037: Columns: [identidad, activoentidad, nombreentidad]
oct 14, 2021 8:19:45 PM org.hibernate.tool.hbm2ddl.TableMetadata <init>
INFO: HHH000261: Table found: microcosmos.estado
oct 14, 2021 8:19:45 PM org.hibernate.tool.hbm2ddl.TableMetadata <init>
INFO: HHH000037: Columns: [nombreestado, activoestado, identidad, descripcionestado, idestado]
oct 14, 2021 8:19:45 PM org.hibernate.tool.hbm2ddl.TableMetadata <init>
INFO: HHH000261: Table found: microcosmos.facturasdevueltas
oct 14, 2021 8:19:45 PM org.hibernate.tool.hbm2ddl.TableMetadata <init>
INFO: HHH000037: Columns: [idventa, descripcion, fechadevolucion, idempleados, idfacturadevuelta]
oct 14, 2021 8:19:45 PM org.hibernate.tool.hbm2ddl.TableMetadata <init>
INFO: HHH000261: Table found: microcosmos.parametros
oct 14, 2021 8:19:45 PM org.hibernate.tool.hbm2ddl.TableMetadata <init>
INFO: HHH000037: Columns: [facturainicial, fechaemision, facturafinal, activoparametros, fechacaducidad, cai, idparametros]
oct 14, 2021 8:19:45 PM org.hibernate.tool.hbm2ddl.TableMetadata <init>
INFO: HHH000261: Table found: microcosmos.pedidosdevueltos
oct 14, 2021 8:19:45 PM org.hibernate.tool.hbm2ddl.TableMetadata <init>
INFO: HHH000037: Columns: [idcompra, descripcion, idempleados, idpedidosdevueltos, fechaanulacion]
oct 14, 2021 8:19:45 PM org.hibernate.tool.hbm2ddl.TableMetadata <init>
INFO: HHH000261: Table found: microcosmos.preciohistorico
oct 14, 2021 8:19:45 PM org.hibernate.tool.hbm2ddl.TableMetadata <init>
INFO: HHH000037: Columns: [precio, idpreciohistorico, fechainicial, fechafinal, idarticulo, activopreciohistorico]
oct 14, 2021 8:19:45 PM org.hibernate.tool.hbm2ddl.TableMetadata <init>
INFO: HHH000261: Table found: microcosmos.proveedores
oct 14, 2021 8:19:45 PM org.hibernate.tool.hbm2ddl.TableMetadata <init>
INFO: HHH000037: Columns: [idproveedor, activoproveedor, idtipodocumento, nombreproveedor, correoproveedor, telefonoproveedor, documento, ubicacionproveedor]
oct 14, 2021 8:19:45 PM org.hibernate.tool.hbm2ddl.TableMetadata <init>
INFO: HHH000261: Table found: microcosmos.secciontienda
oct 14, 2021 8:19:45 PM org.hibernate.tool.hbm2ddl.TableMetadata <init>
INFO: HHH000037: Columns: [idsecciontienda, descripcionsecciontienda, nombresecciontienda, activosecciontienda]
oct 14, 2021 8:19:45 PM org.hibernate.tool.hbm2ddl.TableMetadata <init>
INFO: HHH000261: Table found: microcosmos.sexo
oct 14, 2021 8:19:45 PM org.hibernate.tool.hbm2ddl.TableMetadata <init>
INFO: HHH000037: Columns: [idsexo, nombresexo, descripcionsexo]
oct 14, 2021 8:19:45 PM org.hibernate.tool.hbm2ddl.TableMetadata <init>
INFO: HHH000261: Table found: microcosmos.talla
oct 14, 2021 8:19:45 PM org.hibernate.tool.hbm2ddl.TableMetadata <init>
INFO: HHH000037: Columns: [activotalla, nombretalla, descripciontalla, idtalla]
oct 14, 2021 8:19:45 PM org.hibernate.tool.hbm2ddl.TableMetadata <init>
INFO: HHH000261: Table found: microcosmos.tipodepago
oct 14, 2021 8:19:45 PM org.hibernate.tool.hbm2ddl.TableMetadata <init>
INFO: HHH000037: Columns: [descripciontipodepago, nombretipodepago, idtipodepago, activotipodepago]
oct 14, 2021 8:19:45 PM org.hibernate.tool.hbm2ddl.TableMetadata <init>
INFO: HHH000261: Table found: microcosmos.tipodocumento
oct 14, 2021 8:19:45 PM org.hibernate.tool.hbm2ddl.TableMetadata <init>
INFO: HHH000037: Columns: [nombretipodocumento, descripciontipodocumento, activotipodocumento, idtipodocumento]
oct 14, 2021 8:19:45 PM org.hibernate.tool.hbm2ddl.TableMetadata <init>
INFO: HHH000261: Table found: microcosmos.usuarios
oct 14, 2021 8:19:45 PM org.hibernate.tool.hbm2ddl.TableMetadata <init>
INFO: HHH000037: Columns: [nombreusuario, idempleados, numerodeintentos, activousuario, admin, contrasena, idusuario]
oct 14, 2021 8:19:45 PM org.hibernate.tool.hbm2ddl.TableMetadata <init>
INFO: HHH000261: Table found: microcosmos.venta
oct 14, 2021 8:19:45 PM org.hibernate.tool.hbm2ddl.TableMetadata <init>
INFO: HHH000037: Columns: [numtarjeta, idtipodepago, formato, montoefectivo, idcliente, idestado, idventa, total, idempleados, impuesto, subtotal, montotarjeta, fechaventa, idparametros]
oct 14, 2021 8:19:45 PM org.hibernate.jpa.internal.EntityManagerFactoryRegistry addEntityManagerFactory
WARN: HHH000436: Entity manager factory name (DB) is already registered.  If entity manager will be clustered or passivated, specify a unique value for property 'hibernate.ejb.entitymanager_factory_name'
oct 14, 2021 8:19:45 PM org.hibernate.ejb.HibernatePersistence logDeprecation
WARN: HHH015016: Encountered a deprecated javax.persistence.spi.PersistenceProvider [org.hibernate.ejb.HibernatePersistence]; use [org.hibernate.jpa.HibernatePersistenceProvider] instead.
oct 14, 2021 8:19:45 PM org.hibernate.ejb.HibernatePersistence logDeprecation
WARN: HHH015016: Encountered a deprecated javax.persistence.spi.PersistenceProvider [org.hibernate.ejb.HibernatePersistence]; use [org.hibernate.jpa.HibernatePersistenceProvider] instead.
oct 14, 2021 8:19:45 PM org.hibernate.ejb.HibernatePersistence logDeprecation
WARN: HHH015016: Encountered a deprecated javax.persistence.spi.PersistenceProvider [org.hibernate.ejb.HibernatePersistence]; use [org.hibernate.jpa.HibernatePersistenceProvider] instead.
oct 14, 2021 8:19:45 PM org.hibernate.jpa.internal.util.LogHelper logPersistenceUnitInformation
INFO: HHH000204: Processing PersistenceUnitInfo [
	name: DB
	...]
oct 14, 2021 8:19:45 PM org.hibernate.engine.jdbc.connections.internal.DriverManagerConnectionProviderImpl configure
WARN: HHH000402: Using Hibernate built-in connection pool (not for production use!)
oct 14, 2021 8:19:45 PM org.hibernate.engine.jdbc.connections.internal.DriverManagerConnectionProviderImpl buildCreator
INFO: HHH000401: using driver [com.mysql.jdbc.Driver] at URL [jdbc:mysql://localhost:3306/Microcosmos?zeroDateTimeBehavior=convertToNull]
oct 14, 2021 8:19:45 PM org.hibernate.engine.jdbc.connections.internal.DriverManagerConnectionProviderImpl buildCreator
INFO: HHH000046: Connection properties: {user=root, password=****}
oct 14, 2021 8:19:45 PM org.hibernate.engine.jdbc.connections.internal.DriverManagerConnectionProviderImpl buildCreator
INFO: HHH000006: Autocommit mode: false
oct 14, 2021 8:19:45 PM org.hibernate.engine.jdbc.connections.internal.DriverManagerConnectionProviderImpl configure
INFO: HHH000115: Hibernate connection pool size: 20 (min=1)
oct 14, 2021 8:19:45 PM org.hibernate.dialect.Dialect <init>
INFO: HHH000400: Using dialect: org.hibernate.dialect.MySQLDialect
oct 14, 2021 8:19:45 PM org.hibernate.hql.internal.ast.ASTQueryTranslatorFactory <init>
INFO: HHH000397: Using ASTQueryTranslatorFactory
oct 14, 2021 8:19:45 PM org.hibernate.tool.hbm2ddl.SchemaValidator validate
INFO: HHH000229: Running schema validator
oct 14, 2021 8:19:45 PM org.hibernate.tool.hbm2ddl.SchemaValidator validate
INFO: HHH000102: Fetching database metadata
oct 14, 2021 8:19:45 PM org.hibernate.tool.hbm2ddl.TableMetadata <init>
INFO: HHH000261: Table found: microcosmos.arealaboral
oct 14, 2021 8:19:45 PM org.hibernate.tool.hbm2ddl.TableMetadata <init>
INFO: HHH000037: Columns: [idarealaboral, descripcionarealaboral, nombrearealaboral, activoarealaboral]
oct 14, 2021 8:19:45 PM org.hibernate.tool.hbm2ddl.TableMetadata <init>
INFO: HHH000261: Table found: microcosmos.arealaboralhistorica
oct 14, 2021 8:19:45 PM org.hibernate.tool.hbm2ddl.TableMetadata <init>
INFO: HHH000037: Columns: [idempleados, fechaconclusion, fechacomienzo, idarealaboralhistorica]
oct 14, 2021 8:19:45 PM org.hibernate.tool.hbm2ddl.TableMetadata <init>
INFO: HHH000261: Table found: microcosmos.articulo
oct 14, 2021 8:19:45 PM org.hibernate.tool.hbm2ddl.TableMetadata <init>
INFO: HHH000037: Columns: [idsecciontienda, stockmaximo, activoarticulo, nombrearticulo, stockminimo, precioarticulo, idtalla, stock, descripcionarticulo, idarticulo]
oct 14, 2021 8:19:45 PM org.hibernate.tool.hbm2ddl.TableMetadata <init>
INFO: HHH000261: Table found: microcosmos.clientes
oct 14, 2021 8:19:45 PM org.hibernate.tool.hbm2ddl.TableMetadata <init>
INFO: HHH000037: Columns: [telefonocliente, direccioncliente, idtipodocumento, idsexo, documento, activocliente, idcliente, nombrecliente, apellidocliente, correocliente]
oct 14, 2021 8:19:45 PM org.hibernate.tool.hbm2ddl.TableMetadata <init>
INFO: HHH000261: Table found: microcosmos.compra
oct 14, 2021 8:19:45 PM org.hibernate.tool.hbm2ddl.TableMetadata <init>
INFO: HHH000037: Columns: [idcompra, fechapedido, idproveedor, idempleados, fecharecibido, totalcompra, idestado]
oct 14, 2021 8:19:45 PM org.hibernate.tool.hbm2ddl.TableMetadata <init>
INFO: HHH000261: Table found: microcosmos.detallecompra
oct 14, 2021 8:19:45 PM org.hibernate.tool.hbm2ddl.TableMetadata <init>
INFO: HHH000037: Columns: [idcompra, iddetallecompra, preciocompra, cantidad, idarticulo]
oct 14, 2021 8:19:45 PM org.hibernate.tool.hbm2ddl.TableMetadata <init>
INFO: HHH000261: Table found: microcosmos.detalleventa
oct 14, 2021 8:19:45 PM org.hibernate.tool.hbm2ddl.TableMetadata <init>
INFO: HHH000037: Columns: [idventa, iddetalleventa, cantidad, idarticulo]
oct 14, 2021 8:19:46 PM org.hibernate.tool.hbm2ddl.TableMetadata <init>
INFO: HHH000261: Table found: microcosmos.empleados
oct 14, 2021 8:19:46 PM org.hibernate.tool.hbm2ddl.TableMetadata <init>
INFO: HHH000037: Columns: [idempleados, idarealaboral, idtipodocumento, idsexo, telefonoempleado, documento, nombreempleado, correoempleado, apellidoempleado, fechadenacimiento, activoempleado]
oct 14, 2021 8:19:46 PM org.hibernate.tool.hbm2ddl.TableMetadata <init>
INFO: HHH000261: Table found: microcosmos.entidades
oct 14, 2021 8:19:46 PM org.hibernate.tool.hbm2ddl.TableMetadata <init>
INFO: HHH000037: Columns: [identidad, activoentidad, nombreentidad]
oct 14, 2021 8:19:46 PM org.hibernate.tool.hbm2ddl.TableMetadata <init>
INFO: HHH000261: Table found: microcosmos.estado
oct 14, 2021 8:19:46 PM org.hibernate.tool.hbm2ddl.TableMetadata <init>
INFO: HHH000037: Columns: [nombreestado, activoestado, identidad, descripcionestado, idestado]
oct 14, 2021 8:19:46 PM org.hibernate.tool.hbm2ddl.TableMetadata <init>
INFO: HHH000261: Table found: microcosmos.facturasdevueltas
oct 14, 2021 8:19:46 PM org.hibernate.tool.hbm2ddl.TableMetadata <init>
INFO: HHH000037: Columns: [idventa, descripcion, fechadevolucion, idempleados, idfacturadevuelta]
oct 14, 2021 8:19:46 PM org.hibernate.tool.hbm2ddl.TableMetadata <init>
INFO: HHH000261: Table found: microcosmos.parametros
oct 14, 2021 8:19:46 PM org.hibernate.tool.hbm2ddl.TableMetadata <init>
INFO: HHH000037: Columns: [facturainicial, fechaemision, facturafinal, activoparametros, fechacaducidad, cai, idparametros]
oct 14, 2021 8:19:46 PM org.hibernate.tool.hbm2ddl.TableMetadata <init>
INFO: HHH000261: Table found: microcosmos.pedidosdevueltos
oct 14, 2021 8:19:46 PM org.hibernate.tool.hbm2ddl.TableMetadata <init>
INFO: HHH000037: Columns: [idcompra, descripcion, idempleados, idpedidosdevueltos, fechaanulacion]
oct 14, 2021 8:19:46 PM org.hibernate.tool.hbm2ddl.TableMetadata <init>
INFO: HHH000261: Table found: microcosmos.preciohistorico
oct 14, 2021 8:19:46 PM org.hibernate.tool.hbm2ddl.TableMetadata <init>
INFO: HHH000037: Columns: [precio, idpreciohistorico, fechainicial, fechafinal, idarticulo, activopreciohistorico]
oct 14, 2021 8:19:46 PM org.hibernate.tool.hbm2ddl.TableMetadata <init>
INFO: HHH000261: Table found: microcosmos.proveedores
oct 14, 2021 8:19:46 PM org.hibernate.tool.hbm2ddl.TableMetadata <init>
INFO: HHH000037: Columns: [idproveedor, activoproveedor, idtipodocumento, nombreproveedor, correoproveedor, telefonoproveedor, documento, ubicacionproveedor]
oct 14, 2021 8:19:46 PM org.hibernate.tool.hbm2ddl.TableMetadata <init>
INFO: HHH000261: Table found: microcosmos.secciontienda
oct 14, 2021 8:19:46 PM org.hibernate.tool.hbm2ddl.TableMetadata <init>
INFO: HHH000037: Columns: [idsecciontienda, descripcionsecciontienda, nombresecciontienda, activosecciontienda]
oct 14, 2021 8:19:46 PM org.hibernate.tool.hbm2ddl.TableMetadata <init>
INFO: HHH000261: Table found: microcosmos.sexo
oct 14, 2021 8:19:46 PM org.hibernate.tool.hbm2ddl.TableMetadata <init>
INFO: HHH000037: Columns: [idsexo, nombresexo, descripcionsexo]
oct 14, 2021 8:19:46 PM org.hibernate.tool.hbm2ddl.TableMetadata <init>
INFO: HHH000261: Table found: microcosmos.talla
oct 14, 2021 8:19:46 PM org.hibernate.tool.hbm2ddl.TableMetadata <init>
INFO: HHH000037: Columns: [activotalla, nombretalla, descripciontalla, idtalla]
oct 14, 2021 8:19:46 PM org.hibernate.tool.hbm2ddl.TableMetadata <init>
INFO: HHH000261: Table found: microcosmos.tipodepago
oct 14, 2021 8:19:46 PM org.hibernate.tool.hbm2ddl.TableMetadata <init>
INFO: HHH000037: Columns: [descripciontipodepago, nombretipodepago, idtipodepago, activotipodepago]
oct 14, 2021 8:19:46 PM org.hibernate.tool.hbm2ddl.TableMetadata <init>
INFO: HHH000261: Table found: microcosmos.tipodocumento
oct 14, 2021 8:19:46 PM org.hibernate.tool.hbm2ddl.TableMetadata <init>
INFO: HHH000037: Columns: [nombretipodocumento, descripciontipodocumento, activotipodocumento, idtipodocumento]
oct 14, 2021 8:19:46 PM org.hibernate.tool.hbm2ddl.TableMetadata <init>
INFO: HHH000261: Table found: microcosmos.usuarios
oct 14, 2021 8:19:46 PM org.hibernate.tool.hbm2ddl.TableMetadata <init>
INFO: HHH000037: Columns: [nombreusuario, idempleados, numerodeintentos, activousuario, admin, contrasena, idusuario]
oct 14, 2021 8:19:46 PM org.hibernate.tool.hbm2ddl.TableMetadata <init>
INFO: HHH000261: Table found: microcosmos.venta
oct 14, 2021 8:19:46 PM org.hibernate.tool.hbm2ddl.TableMetadata <init>
INFO: HHH000037: Columns: [numtarjeta, idtipodepago, formato, montoefectivo, idcliente, idestado, idventa, total, idempleados, impuesto, subtotal, montotarjeta, fechaventa, idparametros]
oct 14, 2021 8:19:46 PM org.hibernate.jpa.internal.EntityManagerFactoryRegistry addEntityManagerFactory
WARN: HHH000436: Entity manager factory name (DB) is already registered.  If entity manager will be clustered or passivated, specify a unique value for property 'hibernate.ejb.entitymanager_factory_name'
oct 14, 2021 8:19:46 PM org.hibernate.ejb.HibernatePersistence logDeprecation
WARN: HHH015016: Encountered a deprecated javax.persistence.spi.PersistenceProvider [org.hibernate.ejb.HibernatePersistence]; use [org.hibernate.jpa.HibernatePersistenceProvider] instead.
oct 14, 2021 8:19:46 PM org.hibernate.ejb.HibernatePersistence logDeprecation
WARN: HHH015016: Encountered a deprecated javax.persistence.spi.PersistenceProvider [org.hibernate.ejb.HibernatePersistence]; use [org.hibernate.jpa.HibernatePersistenceProvider] instead.
oct 14, 2021 8:19:46 PM org.hibernate.ejb.HibernatePersistence logDeprecation
WARN: HHH015016: Encountered a deprecated javax.persistence.spi.PersistenceProvider [org.hibernate.ejb.HibernatePersistence]; use [org.hibernate.jpa.HibernatePersistenceProvider] instead.
oct 14, 2021 8:19:46 PM org.hibernate.jpa.internal.util.LogHelper logPersistenceUnitInformation
INFO: HHH000204: Processing PersistenceUnitInfo [
	name: DB
	...]
oct 14, 2021 8:19:46 PM org.hibernate.engine.jdbc.connections.internal.DriverManagerConnectionProviderImpl configure
WARN: HHH000402: Using Hibernate built-in connection pool (not for production use!)
oct 14, 2021 8:19:46 PM org.hibernate.engine.jdbc.connections.internal.DriverManagerConnectionProviderImpl buildCreator
INFO: HHH000401: using driver [com.mysql.jdbc.Driver] at URL [jdbc:mysql://localhost:3306/Microcosmos?zeroDateTimeBehavior=convertToNull]
oct 14, 2021 8:19:46 PM org.hibernate.engine.jdbc.connections.internal.DriverManagerConnectionProviderImpl buildCreator
INFO: HHH000046: Connection properties: {user=root, password=****}
oct 14, 2021 8:19:46 PM org.hibernate.engine.jdbc.connections.internal.DriverManagerConnectionProviderImpl buildCreator
INFO: HHH000006: Autocommit mode: false
oct 14, 2021 8:19:46 PM org.hibernate.engine.jdbc.connections.internal.DriverManagerConnectionProviderImpl configure
INFO: HHH000115: Hibernate connection pool size: 20 (min=1)
oct 14, 2021 8:19:46 PM org.hibernate.dialect.Dialect <init>
INFO: HHH000400: Using dialect: org.hibernate.dialect.MySQLDialect
oct 14, 2021 8:19:46 PM org.hibernate.hql.internal.ast.ASTQueryTranslatorFactory <init>
INFO: HHH000397: Using ASTQueryTranslatorFactory
oct 14, 2021 8:19:46 PM org.hibernate.tool.hbm2ddl.SchemaValidator validate
INFO: HHH000229: Running schema validator
oct 14, 2021 8:19:46 PM org.hibernate.tool.hbm2ddl.SchemaValidator validate
INFO: HHH000102: Fetching database metadata
oct 14, 2021 8:19:46 PM org.hibernate.tool.hbm2ddl.TableMetadata <init>
INFO: HHH000261: Table found: microcosmos.arealaboral
oct 14, 2021 8:19:46 PM org.hibernate.tool.hbm2ddl.TableMetadata <init>
INFO: HHH000037: Columns: [idarealaboral, descripcionarealaboral, nombrearealaboral, activoarealaboral]
oct 14, 2021 8:19:46 PM org.hibernate.tool.hbm2ddl.TableMetadata <init>
INFO: HHH000261: Table found: microcosmos.arealaboralhistorica
oct 14, 2021 8:19:46 PM org.hibernate.tool.hbm2ddl.TableMetadata <init>
INFO: HHH000037: Columns: [idempleados, fechaconclusion, fechacomienzo, idarealaboralhistorica]
oct 14, 2021 8:19:46 PM org.hibernate.tool.hbm2ddl.TableMetadata <init>
INFO: HHH000261: Table found: microcosmos.articulo
oct 14, 2021 8:19:46 PM org.hibernate.tool.hbm2ddl.TableMetadata <init>
INFO: HHH000037: Columns: [idsecciontienda, stockmaximo, activoarticulo, nombrearticulo, stockminimo, precioarticulo, idtalla, stock, descripcionarticulo, idarticulo]
oct 14, 2021 8:19:46 PM org.hibernate.tool.hbm2ddl.TableMetadata <init>
INFO: HHH000261: Table found: microcosmos.clientes
oct 14, 2021 8:19:46 PM org.hibernate.tool.hbm2ddl.TableMetadata <init>
INFO: HHH000037: Columns: [telefonocliente, direccioncliente, idtipodocumento, idsexo, documento, activocliente, idcliente, nombrecliente, apellidocliente, correocliente]
oct 14, 2021 8:19:46 PM org.hibernate.tool.hbm2ddl.TableMetadata <init>
INFO: HHH000261: Table found: microcosmos.compra
oct 14, 2021 8:19:46 PM org.hibernate.tool.hbm2ddl.TableMetadata <init>
INFO: HHH000037: Columns: [idcompra, fechapedido, idproveedor, idempleados, fecharecibido, totalcompra, idestado]
oct 14, 2021 8:19:46 PM org.hibernate.tool.hbm2ddl.TableMetadata <init>
INFO: HHH000261: Table found: microcosmos.detallecompra
oct 14, 2021 8:19:46 PM org.hibernate.tool.hbm2ddl.TableMetadata <init>
INFO: HHH000037: Columns: [idcompra, iddetallecompra, preciocompra, cantidad, idarticulo]
oct 14, 2021 8:19:46 PM org.hibernate.tool.hbm2ddl.TableMetadata <init>
INFO: HHH000261: Table found: microcosmos.detalleventa
oct 14, 2021 8:19:46 PM org.hibernate.tool.hbm2ddl.TableMetadata <init>
INFO: HHH000037: Columns: [idventa, iddetalleventa, cantidad, idarticulo]
oct 14, 2021 8:19:46 PM org.hibernate.tool.hbm2ddl.TableMetadata <init>
INFO: HHH000261: Table found: microcosmos.empleados
oct 14, 2021 8:19:46 PM org.hibernate.tool.hbm2ddl.TableMetadata <init>
INFO: HHH000037: Columns: [idempleados, idarealaboral, idtipodocumento, idsexo, telefonoempleado, documento, nombreempleado, correoempleado, apellidoempleado, fechadenacimiento, activoempleado]
oct 14, 2021 8:19:46 PM org.hibernate.tool.hbm2ddl.TableMetadata <init>
INFO: HHH000261: Table found: microcosmos.entidades
oct 14, 2021 8:19:46 PM org.hibernate.tool.hbm2ddl.TableMetadata <init>
INFO: HHH000037: Columns: [identidad, activoentidad, nombreentidad]
oct 14, 2021 8:19:46 PM org.hibernate.tool.hbm2ddl.TableMetadata <init>
INFO: HHH000261: Table found: microcosmos.estado
oct 14, 2021 8:19:46 PM org.hibernate.tool.hbm2ddl.TableMetadata <init>
INFO: HHH000037: Columns: [nombreestado, activoestado, identidad, descripcionestado, idestado]
oct 14, 2021 8:19:46 PM org.hibernate.tool.hbm2ddl.TableMetadata <init>
INFO: HHH000261: Table found: microcosmos.facturasdevueltas
oct 14, 2021 8:19:46 PM org.hibernate.tool.hbm2ddl.TableMetadata <init>
INFO: HHH000037: Columns: [idventa, descripcion, fechadevolucion, idempleados, idfacturadevuelta]
oct 14, 2021 8:19:46 PM org.hibernate.tool.hbm2ddl.TableMetadata <init>
INFO: HHH000261: Table found: microcosmos.parametros
oct 14, 2021 8:19:46 PM org.hibernate.tool.hbm2ddl.TableMetadata <init>
INFO: HHH000037: Columns: [facturainicial, fechaemision, facturafinal, activoparametros, fechacaducidad, cai, idparametros]
oct 14, 2021 8:19:46 PM org.hibernate.tool.hbm2ddl.TableMetadata <init>
INFO: HHH000261: Table found: microcosmos.pedidosdevueltos
oct 14, 2021 8:19:46 PM org.hibernate.tool.hbm2ddl.TableMetadata <init>
INFO: HHH000037: Columns: [idcompra, descripcion, idempleados, idpedidosdevueltos, fechaanulacion]
oct 14, 2021 8:19:46 PM org.hibernate.tool.hbm2ddl.TableMetadata <init>
INFO: HHH000261: Table found: microcosmos.preciohistorico
oct 14, 2021 8:19:46 PM org.hibernate.tool.hbm2ddl.TableMetadata <init>
INFO: HHH000037: Columns: [precio, idpreciohistorico, fechainicial, fechafinal, idarticulo, activopreciohistorico]
oct 14, 2021 8:19:46 PM org.hibernate.tool.hbm2ddl.TableMetadata <init>
INFO: HHH000261: Table found: microcosmos.proveedores
oct 14, 2021 8:19:46 PM org.hibernate.tool.hbm2ddl.TableMetadata <init>
INFO: HHH000037: Columns: [idproveedor, activoproveedor, idtipodocumento, nombreproveedor, correoproveedor, telefonoproveedor, documento, ubicacionproveedor]
oct 14, 2021 8:19:46 PM org.hibernate.tool.hbm2ddl.TableMetadata <init>
INFO: HHH000261: Table found: microcosmos.secciontienda
oct 14, 2021 8:19:46 PM org.hibernate.tool.hbm2ddl.TableMetadata <init>
INFO: HHH000037: Columns: [idsecciontienda, descripcionsecciontienda, nombresecciontienda, activosecciontienda]
oct 14, 2021 8:19:46 PM org.hibernate.tool.hbm2ddl.TableMetadata <init>
INFO: HHH000261: Table found: microcosmos.sexo
oct 14, 2021 8:19:46 PM org.hibernate.tool.hbm2ddl.TableMetadata <init>
INFO: HHH000037: Columns: [idsexo, nombresexo, descripcionsexo]
oct 14, 2021 8:19:46 PM org.hibernate.tool.hbm2ddl.TableMetadata <init>
INFO: HHH000261: Table found: microcosmos.talla
oct 14, 2021 8:19:46 PM org.hibernate.tool.hbm2ddl.TableMetadata <init>
INFO: HHH000037: Columns: [activotalla, nombretalla, descripciontalla, idtalla]
oct 14, 2021 8:19:46 PM org.hibernate.tool.hbm2ddl.TableMetadata <init>
INFO: HHH000261: Table found: microcosmos.tipodepago
oct 14, 2021 8:19:46 PM org.hibernate.tool.hbm2ddl.TableMetadata <init>
INFO: HHH000037: Columns: [descripciontipodepago, nombretipodepago, idtipodepago, activotipodepago]
oct 14, 2021 8:19:46 PM org.hibernate.tool.hbm2ddl.TableMetadata <init>
INFO: HHH000261: Table found: microcosmos.tipodocumento
oct 14, 2021 8:19:46 PM org.hibernate.tool.hbm2ddl.TableMetadata <init>
INFO: HHH000037: Columns: [nombretipodocumento, descripciontipodocumento, activotipodocumento, idtipodocumento]
oct 14, 2021 8:19:46 PM org.hibernate.tool.hbm2ddl.TableMetadata <init>
INFO: HHH000261: Table found: microcosmos.usuarios
oct 14, 2021 8:19:46 PM org.hibernate.tool.hbm2ddl.TableMetadata <init>
INFO: HHH000037: Columns: [nombreusuario, idempleados, numerodeintentos, activousuario, admin, contrasena, idusuario]
oct 14, 2021 8:19:46 PM org.hibernate.tool.hbm2ddl.TableMetadata <init>
INFO: HHH000261: Table found: microcosmos.venta
oct 14, 2021 8:19:46 PM org.hibernate.tool.hbm2ddl.TableMetadata <init>
INFO: HHH000037: Columns: [numtarjeta, idtipodepago, formato, montoefectivo, idcliente, idestado, idventa, total, idempleados, impuesto, subtotal, montotarjeta, fechaventa, idparametros]
oct 14, 2021 8:19:46 PM org.hibernate.jpa.internal.EntityManagerFactoryRegistry addEntityManagerFactory
WARN: HHH000436: Entity manager factory name (DB) is already registered.  If entity manager will be clustered or passivated, specify a unique value for property 'hibernate.ejb.entitymanager_factory_name'
oct 14, 2021 8:19:46 PM org.hibernate.ejb.HibernatePersistence logDeprecation
WARN: HHH015016: Encountered a deprecated javax.persistence.spi.PersistenceProvider [org.hibernate.ejb.HibernatePersistence]; use [org.hibernate.jpa.HibernatePersistenceProvider] instead.
oct 14, 2021 8:19:46 PM org.hibernate.ejb.HibernatePersistence logDeprecation
WARN: HHH015016: Encountered a deprecated javax.persistence.spi.PersistenceProvider [org.hibernate.ejb.HibernatePersistence]; use [org.hibernate.jpa.HibernatePersistenceProvider] instead.
oct 14, 2021 8:19:46 PM org.hibernate.ejb.HibernatePersistence logDeprecation
WARN: HHH015016: Encountered a deprecated javax.persistence.spi.PersistenceProvider [org.hibernate.ejb.HibernatePersistence]; use [org.hibernate.jpa.HibernatePersistenceProvider] instead.
oct 14, 2021 8:19:46 PM org.hibernate.jpa.internal.util.LogHelper logPersistenceUnitInformation
INFO: HHH000204: Processing PersistenceUnitInfo [
	name: DB
	...]
oct 14, 2021 8:19:46 PM org.hibernate.engine.jdbc.connections.internal.DriverManagerConnectionProviderImpl configure
WARN: HHH000402: Using Hibernate built-in connection pool (not for production use!)
oct 14, 2021 8:19:46 PM org.hibernate.engine.jdbc.connections.internal.DriverManagerConnectionProviderImpl buildCreator
INFO: HHH000401: using driver [com.mysql.jdbc.Driver] at URL [jdbc:mysql://localhost:3306/Microcosmos?zeroDateTimeBehavior=convertToNull]
oct 14, 2021 8:19:46 PM org.hibernate.engine.jdbc.connections.internal.DriverManagerConnectionProviderImpl buildCreator
INFO: HHH000046: Connection properties: {user=root, password=****}
oct 14, 2021 8:19:46 PM org.hibernate.engine.jdbc.connections.internal.DriverManagerConnectionProviderImpl buildCreator
INFO: HHH000006: Autocommit mode: false
oct 14, 2021 8:19:46 PM org.hibernate.engine.jdbc.connections.internal.DriverManagerConnectionProviderImpl configure
INFO: HHH000115: Hibernate connection pool size: 20 (min=1)
oct 14, 2021 8:19:46 PM org.hibernate.dialect.Dialect <init>
INFO: HHH000400: Using dialect: org.hibernate.dialect.MySQLDialect
oct 14, 2021 8:19:46 PM org.hibernate.hql.internal.ast.ASTQueryTranslatorFactory <init>
INFO: HHH000397: Using ASTQueryTranslatorFactory
oct 14, 2021 8:19:46 PM org.hibernate.tool.hbm2ddl.SchemaValidator validate
INFO: HHH000229: Running schema validator
oct 14, 2021 8:19:46 PM org.hibernate.tool.hbm2ddl.SchemaValidator validate
INFO: HHH000102: Fetching database metadata
oct 14, 2021 8:19:46 PM org.hibernate.tool.hbm2ddl.TableMetadata <init>
INFO: HHH000261: Table found: microcosmos.arealaboral
oct 14, 2021 8:19:46 PM org.hibernate.tool.hbm2ddl.TableMetadata <init>
INFO: HHH000037: Columns: [idarealaboral, descripcionarealaboral, nombrearealaboral, activoarealaboral]
oct 14, 2021 8:19:46 PM org.hibernate.tool.hbm2ddl.TableMetadata <init>
INFO: HHH000261: Table found: microcosmos.arealaboralhistorica
oct 14, 2021 8:19:46 PM org.hibernate.tool.hbm2ddl.TableMetadata <init>
INFO: HHH000037: Columns: [idempleados, fechaconclusion, fechacomienzo, idarealaboralhistorica]
oct 14, 2021 8:19:46 PM org.hibernate.tool.hbm2ddl.TableMetadata <init>
INFO: HHH000261: Table found: microcosmos.articulo
oct 14, 2021 8:19:46 PM org.hibernate.tool.hbm2ddl.TableMetadata <init>
INFO: HHH000037: Columns: [idsecciontienda, stockmaximo, activoarticulo, nombrearticulo, stockminimo, precioarticulo, idtalla, stock, descripcionarticulo, idarticulo]
oct 14, 2021 8:19:46 PM org.hibernate.tool.hbm2ddl.TableMetadata <init>
INFO: HHH000261: Table found: microcosmos.clientes
oct 14, 2021 8:19:46 PM org.hibernate.tool.hbm2ddl.TableMetadata <init>
INFO: HHH000037: Columns: [telefonocliente, direccioncliente, idtipodocumento, idsexo, documento, activocliente, idcliente, nombrecliente, apellidocliente, correocliente]
oct 14, 2021 8:19:46 PM org.hibernate.tool.hbm2ddl.TableMetadata <init>
INFO: HHH000261: Table found: microcosmos.compra
oct 14, 2021 8:19:46 PM org.hibernate.tool.hbm2ddl.TableMetadata <init>
INFO: HHH000037: Columns: [idcompra, fechapedido, idproveedor, idempleados, fecharecibido, totalcompra, idestado]
oct 14, 2021 8:19:46 PM org.hibernate.tool.hbm2ddl.TableMetadata <init>
INFO: HHH000261: Table found: microcosmos.detallecompra
oct 14, 2021 8:19:46 PM org.hibernate.tool.hbm2ddl.TableMetadata <init>
INFO: HHH000037: Columns: [idcompra, iddetallecompra, preciocompra, cantidad, idarticulo]
oct 14, 2021 8:19:46 PM org.hibernate.tool.hbm2ddl.TableMetadata <init>
INFO: HHH000261: Table found: microcosmos.detalleventa
oct 14, 2021 8:19:46 PM org.hibernate.tool.hbm2ddl.TableMetadata <init>
INFO: HHH000037: Columns: [idventa, iddetalleventa, cantidad, idarticulo]
oct 14, 2021 8:19:46 PM org.hibernate.tool.hbm2ddl.TableMetadata <init>
INFO: HHH000261: Table found: microcosmos.empleados
oct 14, 2021 8:19:46 PM org.hibernate.tool.hbm2ddl.TableMetadata <init>
INFO: HHH000037: Columns: [idempleados, idarealaboral, idtipodocumento, idsexo, telefonoempleado, documento, nombreempleado, correoempleado, apellidoempleado, fechadenacimiento, activoempleado]
oct 14, 2021 8:19:46 PM org.hibernate.tool.hbm2ddl.TableMetadata <init>
INFO: HHH000261: Table found: microcosmos.entidades
oct 14, 2021 8:19:46 PM org.hibernate.tool.hbm2ddl.TableMetadata <init>
INFO: HHH000037: Columns: [identidad, activoentidad, nombreentidad]
oct 14, 2021 8:19:46 PM org.hibernate.tool.hbm2ddl.TableMetadata <init>
INFO: HHH000261: Table found: microcosmos.estado
oct 14, 2021 8:19:46 PM org.hibernate.tool.hbm2ddl.TableMetadata <init>
INFO: HHH000037: Columns: [nombreestado, activoestado, identidad, descripcionestado, idestado]
oct 14, 2021 8:19:46 PM org.hibernate.tool.hbm2ddl.TableMetadata <init>
INFO: HHH000261: Table found: microcosmos.facturasdevueltas
oct 14, 2021 8:19:46 PM org.hibernate.tool.hbm2ddl.TableMetadata <init>
INFO: HHH000037: Columns: [idventa, descripcion, fechadevolucion, idempleados, idfacturadevuelta]
oct 14, 2021 8:19:46 PM org.hibernate.tool.hbm2ddl.TableMetadata <init>
INFO: HHH000261: Table found: microcosmos.parametros
oct 14, 2021 8:19:46 PM org.hibernate.tool.hbm2ddl.TableMetadata <init>
INFO: HHH000037: Columns: [facturainicial, fechaemision, facturafinal, activoparametros, fechacaducidad, cai, idparametros]
oct 14, 2021 8:19:46 PM org.hibernate.tool.hbm2ddl.TableMetadata <init>
INFO: HHH000261: Table found: microcosmos.pedidosdevueltos
oct 14, 2021 8:19:46 PM org.hibernate.tool.hbm2ddl.TableMetadata <init>
INFO: HHH000037: Columns: [idcompra, descripcion, idempleados, idpedidosdevueltos, fechaanulacion]
oct 14, 2021 8:19:46 PM org.hibernate.tool.hbm2ddl.TableMetadata <init>
INFO: HHH000261: Table found: microcosmos.preciohistorico
oct 14, 2021 8:19:46 PM org.hibernate.tool.hbm2ddl.TableMetadata <init>
INFO: HHH000037: Columns: [precio, idpreciohistorico, fechainicial, fechafinal, idarticulo, activopreciohistorico]
oct 14, 2021 8:19:46 PM org.hibernate.tool.hbm2ddl.TableMetadata <init>
INFO: HHH000261: Table found: microcosmos.proveedores
oct 14, 2021 8:19:46 PM org.hibernate.tool.hbm2ddl.TableMetadata <init>
INFO: HHH000037: Columns: [idproveedor, activoproveedor, idtipodocumento, nombreproveedor, correoproveedor, telefonoproveedor, documento, ubicacionproveedor]
oct 14, 2021 8:19:46 PM org.hibernate.tool.hbm2ddl.TableMetadata <init>
INFO: HHH000261: Table found: microcosmos.secciontienda
oct 14, 2021 8:19:46 PM org.hibernate.tool.hbm2ddl.TableMetadata <init>
INFO: HHH000037: Columns: [idsecciontienda, descripcionsecciontienda, nombresecciontienda, activosecciontienda]
oct 14, 2021 8:19:46 PM org.hibernate.tool.hbm2ddl.TableMetadata <init>
INFO: HHH000261: Table found: microcosmos.sexo
oct 14, 2021 8:19:46 PM org.hibernate.tool.hbm2ddl.TableMetadata <init>
INFO: HHH000037: Columns: [idsexo, nombresexo, descripcionsexo]
oct 14, 2021 8:19:46 PM org.hibernate.tool.hbm2ddl.TableMetadata <init>
INFO: HHH000261: Table found: microcosmos.talla
oct 14, 2021 8:19:46 PM org.hibernate.tool.hbm2ddl.TableMetadata <init>
INFO: HHH000037: Columns: [activotalla, nombretalla, descripciontalla, idtalla]
oct 14, 2021 8:19:46 PM org.hibernate.tool.hbm2ddl.TableMetadata <init>
INFO: HHH000261: Table found: microcosmos.tipodepago
oct 14, 2021 8:19:46 PM org.hibernate.tool.hbm2ddl.TableMetadata <init>
INFO: HHH000037: Columns: [descripciontipodepago, nombretipodepago, idtipodepago, activotipodepago]
oct 14, 2021 8:19:46 PM org.hibernate.tool.hbm2ddl.TableMetadata <init>
INFO: HHH000261: Table found: microcosmos.tipodocumento
oct 14, 2021 8:19:46 PM org.hibernate.tool.hbm2ddl.TableMetadata <init>
INFO: HHH000037: Columns: [nombretipodocumento, descripciontipodocumento, activotipodocumento, idtipodocumento]
oct 14, 2021 8:19:46 PM org.hibernate.tool.hbm2ddl.TableMetadata <init>
INFO: HHH000261: Table found: microcosmos.usuarios
oct 14, 2021 8:19:46 PM org.hibernate.tool.hbm2ddl.TableMetadata <init>
INFO: HHH000037: Columns: [nombreusuario, idempleados, numerodeintentos, activousuario, admin, contrasena, idusuario]
oct 14, 2021 8:19:46 PM org.hibernate.tool.hbm2ddl.TableMetadata <init>
INFO: HHH000261: Table found: microcosmos.venta
oct 14, 2021 8:19:46 PM org.hibernate.tool.hbm2ddl.TableMetadata <init>
INFO: HHH000037: Columns: [numtarjeta, idtipodepago, formato, montoefectivo, idcliente, idestado, idventa, total, idempleados, impuesto, subtotal, montotarjeta, fechaventa, idparametros]
oct 14, 2021 8:19:46 PM org.hibernate.jpa.internal.EntityManagerFactoryRegistry addEntityManagerFactory
WARN: HHH000436: Entity manager factory name (DB) is already registered.  If entity manager will be clustered or passivated, specify a unique value for property 'hibernate.ejb.entitymanager_factory_name'
oct 14, 2021 8:19:46 PM org.hibernate.ejb.HibernatePersistence logDeprecation
WARN: HHH015016: Encountered a deprecated javax.persistence.spi.PersistenceProvider [org.hibernate.ejb.HibernatePersistence]; use [org.hibernate.jpa.HibernatePersistenceProvider] instead.
oct 14, 2021 8:19:46 PM org.hibernate.ejb.HibernatePersistence logDeprecation
WARN: HHH015016: Encountered a deprecated javax.persistence.spi.PersistenceProvider [org.hibernate.ejb.HibernatePersistence]; use [org.hibernate.jpa.HibernatePersistenceProvider] instead.
oct 14, 2021 8:19:46 PM org.hibernate.ejb.HibernatePersistence logDeprecation
WARN: HHH015016: Encountered a deprecated javax.persistence.spi.PersistenceProvider [org.hibernate.ejb.HibernatePersistence]; use [org.hibernate.jpa.HibernatePersistenceProvider] instead.
oct 14, 2021 8:19:46 PM org.hibernate.jpa.internal.util.LogHelper logPersistenceUnitInformation
INFO: HHH000204: Processing PersistenceUnitInfo [
	name: DB
	...]
oct 14, 2021 8:19:46 PM org.hibernate.engine.jdbc.connections.internal.DriverManagerConnectionProviderImpl configure
WARN: HHH000402: Using Hibernate built-in connection pool (not for production use!)
oct 14, 2021 8:19:46 PM org.hibernate.engine.jdbc.connections.internal.DriverManagerConnectionProviderImpl buildCreator
INFO: HHH000401: using driver [com.mysql.jdbc.Driver] at URL [jdbc:mysql://localhost:3306/Microcosmos?zeroDateTimeBehavior=convertToNull]
oct 14, 2021 8:19:46 PM org.hibernate.engine.jdbc.connections.internal.DriverManagerConnectionProviderImpl buildCreator
INFO: HHH000046: Connection properties: {user=root, password=****}
oct 14, 2021 8:19:46 PM org.hibernate.engine.jdbc.connections.internal.DriverManagerConnectionProviderImpl buildCreator
INFO: HHH000006: Autocommit mode: false
oct 14, 2021 8:19:46 PM org.hibernate.engine.jdbc.connections.internal.DriverManagerConnectionProviderImpl configure
INFO: HHH000115: Hibernate connection pool size: 20 (min=1)
oct 14, 2021 8:19:46 PM org.hibernate.dialect.Dialect <init>
INFO: HHH000400: Using dialect: org.hibernate.dialect.MySQLDialect
oct 14, 2021 8:19:46 PM org.hibernate.hql.internal.ast.ASTQueryTranslatorFactory <init>
INFO: HHH000397: Using ASTQueryTranslatorFactory
oct 14, 2021 8:19:46 PM org.hibernate.tool.hbm2ddl.SchemaValidator validate
INFO: HHH000229: Running schema validator
oct 14, 2021 8:19:46 PM org.hibernate.tool.hbm2ddl.SchemaValidator validate
INFO: HHH000102: Fetching database metadata
oct 14, 2021 8:19:46 PM org.hibernate.tool.hbm2ddl.TableMetadata <init>
INFO: HHH000261: Table found: microcosmos.arealaboral
oct 14, 2021 8:19:46 PM org.hibernate.tool.hbm2ddl.TableMetadata <init>
INFO: HHH000037: Columns: [idarealaboral, descripcionarealaboral, nombrearealaboral, activoarealaboral]
oct 14, 2021 8:19:46 PM org.hibernate.tool.hbm2ddl.TableMetadata <init>
INFO: HHH000261: Table found: microcosmos.arealaboralhistorica
oct 14, 2021 8:19:46 PM org.hibernate.tool.hbm2ddl.TableMetadata <init>
INFO: HHH000037: Columns: [idempleados, fechaconclusion, fechacomienzo, idarealaboralhistorica]
oct 14, 2021 8:19:46 PM org.hibernate.tool.hbm2ddl.TableMetadata <init>
INFO: HHH000261: Table found: microcosmos.articulo
oct 14, 2021 8:19:46 PM org.hibernate.tool.hbm2ddl.TableMetadata <init>
INFO: HHH000037: Columns: [idsecciontienda, stockmaximo, activoarticulo, nombrearticulo, stockminimo, precioarticulo, idtalla, stock, descripcionarticulo, idarticulo]
oct 14, 2021 8:19:46 PM org.hibernate.tool.hbm2ddl.TableMetadata <init>
INFO: HHH000261: Table found: microcosmos.clientes
oct 14, 2021 8:19:46 PM org.hibernate.tool.hbm2ddl.TableMetadata <init>
INFO: HHH000037: Columns: [telefonocliente, direccioncliente, idtipodocumento, idsexo, documento, activocliente, idcliente, nombrecliente, apellidocliente, correocliente]
oct 14, 2021 8:19:46 PM org.hibernate.tool.hbm2ddl.TableMetadata <init>
INFO: HHH000261: Table found: microcosmos.compra
oct 14, 2021 8:19:46 PM org.hibernate.tool.hbm2ddl.TableMetadata <init>
INFO: HHH000037: Columns: [idcompra, fechapedido, idproveedor, idempleados, fecharecibido, totalcompra, idestado]
oct 14, 2021 8:19:46 PM org.hibernate.tool.hbm2ddl.TableMetadata <init>
INFO: HHH000261: Table found: microcosmos.detallecompra
oct 14, 2021 8:19:46 PM org.hibernate.tool.hbm2ddl.TableMetadata <init>
INFO: HHH000037: Columns: [idcompra, iddetallecompra, preciocompra, cantidad, idarticulo]
oct 14, 2021 8:19:46 PM org.hibernate.tool.hbm2ddl.TableMetadata <init>
INFO: HHH000261: Table found: microcosmos.detalleventa
oct 14, 2021 8:19:46 PM org.hibernate.tool.hbm2ddl.TableMetadata <init>
INFO: HHH000037: Columns: [idventa, iddetalleventa, cantidad, idarticulo]
oct 14, 2021 8:19:46 PM org.hibernate.tool.hbm2ddl.TableMetadata <init>
INFO: HHH000261: Table found: microcosmos.empleados
oct 14, 2021 8:19:46 PM org.hibernate.tool.hbm2ddl.TableMetadata <init>
INFO: HHH000037: Columns: [idempleados, idarealaboral, idtipodocumento, idsexo, telefonoempleado, documento, nombreempleado, correoempleado, apellidoempleado, fechadenacimiento, activoempleado]
oct 14, 2021 8:19:46 PM org.hibernate.tool.hbm2ddl.TableMetadata <init>
INFO: HHH000261: Table found: microcosmos.entidades
oct 14, 2021 8:19:46 PM org.hibernate.tool.hbm2ddl.TableMetadata <init>
INFO: HHH000037: Columns: [identidad, activoentidad, nombreentidad]
oct 14, 2021 8:19:46 PM org.hibernate.tool.hbm2ddl.TableMetadata <init>
INFO: HHH000261: Table found: microcosmos.estado
oct 14, 2021 8:19:46 PM org.hibernate.tool.hbm2ddl.TableMetadata <init>
INFO: HHH000037: Columns: [nombreestado, activoestado, identidad, descripcionestado, idestado]
oct 14, 2021 8:19:46 PM org.hibernate.tool.hbm2ddl.TableMetadata <init>
INFO: HHH000261: Table found: microcosmos.facturasdevueltas
oct 14, 2021 8:19:46 PM org.hibernate.tool.hbm2ddl.TableMetadata <init>
INFO: HHH000037: Columns: [idventa, descripcion, fechadevolucion, idempleados, idfacturadevuelta]
oct 14, 2021 8:19:46 PM org.hibernate.tool.hbm2ddl.TableMetadata <init>
INFO: HHH000261: Table found: microcosmos.parametros
oct 14, 2021 8:19:46 PM org.hibernate.tool.hbm2ddl.TableMetadata <init>
INFO: HHH000037: Columns: [facturainicial, fechaemision, facturafinal, activoparametros, fechacaducidad, cai, idparametros]
oct 14, 2021 8:19:46 PM org.hibernate.tool.hbm2ddl.TableMetadata <init>
INFO: HHH000261: Table found: microcosmos.pedidosdevueltos
oct 14, 2021 8:19:46 PM org.hibernate.tool.hbm2ddl.TableMetadata <init>
INFO: HHH000037: Columns: [idcompra, descripcion, idempleados, idpedidosdevueltos, fechaanulacion]
oct 14, 2021 8:19:46 PM org.hibernate.tool.hbm2ddl.TableMetadata <init>
INFO: HHH000261: Table found: microcosmos.preciohistorico
oct 14, 2021 8:19:46 PM org.hibernate.tool.hbm2ddl.TableMetadata <init>
INFO: HHH000037: Columns: [precio, idpreciohistorico, fechainicial, fechafinal, idarticulo, activopreciohistorico]
oct 14, 2021 8:19:46 PM org.hibernate.tool.hbm2ddl.TableMetadata <init>
INFO: HHH000261: Table found: microcosmos.proveedores
oct 14, 2021 8:19:46 PM org.hibernate.tool.hbm2ddl.TableMetadata <init>
INFO: HHH000037: Columns: [idproveedor, activoproveedor, idtipodocumento, nombreproveedor, correoproveedor, telefonoproveedor, documento, ubicacionproveedor]
oct 14, 2021 8:19:46 PM org.hibernate.tool.hbm2ddl.TableMetadata <init>
INFO: HHH000261: Table found: microcosmos.secciontienda
oct 14, 2021 8:19:46 PM org.hibernate.tool.hbm2ddl.TableMetadata <init>
INFO: HHH000037: Columns: [idsecciontienda, descripcionsecciontienda, nombresecciontienda, activosecciontienda]
oct 14, 2021 8:19:46 PM org.hibernate.tool.hbm2ddl.TableMetadata <init>
INFO: HHH000261: Table found: microcosmos.sexo
oct 14, 2021 8:19:46 PM org.hibernate.tool.hbm2ddl.TableMetadata <init>
INFO: HHH000037: Columns: [idsexo, nombresexo, descripcionsexo]
oct 14, 2021 8:19:46 PM org.hibernate.tool.hbm2ddl.TableMetadata <init>
INFO: HHH000261: Table found: microcosmos.talla
oct 14, 2021 8:19:46 PM org.hibernate.tool.hbm2ddl.TableMetadata <init>
INFO: HHH000037: Columns: [activotalla, nombretalla, descripciontalla, idtalla]
oct 14, 2021 8:19:46 PM org.hibernate.tool.hbm2ddl.TableMetadata <init>
INFO: HHH000261: Table found: microcosmos.tipodepago
oct 14, 2021 8:19:46 PM org.hibernate.tool.hbm2ddl.TableMetadata <init>
INFO: HHH000037: Columns: [descripciontipodepago, nombretipodepago, idtipodepago, activotipodepago]
oct 14, 2021 8:19:46 PM org.hibernate.tool.hbm2ddl.TableMetadata <init>
INFO: HHH000261: Table found: microcosmos.tipodocumento
oct 14, 2021 8:19:46 PM org.hibernate.tool.hbm2ddl.TableMetadata <init>
INFO: HHH000037: Columns: [nombretipodocumento, descripciontipodocumento, activotipodocumento, idtipodocumento]
oct 14, 2021 8:19:46 PM org.hibernate.tool.hbm2ddl.TableMetadata <init>
INFO: HHH000261: Table found: microcosmos.usuarios
oct 14, 2021 8:19:46 PM org.hibernate.tool.hbm2ddl.TableMetadata <init>
INFO: HHH000037: Columns: [nombreusuario, idempleados, numerodeintentos, activousuario, admin, contrasena, idusuario]
oct 14, 2021 8:19:46 PM org.hibernate.tool.hbm2ddl.TableMetadata <init>
INFO: HHH000261: Table found: microcosmos.venta
oct 14, 2021 8:19:46 PM org.hibernate.tool.hbm2ddl.TableMetadata <init>
INFO: HHH000037: Columns: [numtarjeta, idtipodepago, formato, montoefectivo, idcliente, idestado, idventa, total, idempleados, impuesto, subtotal, montotarjeta, fechaventa, idparametros]
oct 14, 2021 8:19:46 PM org.hibernate.jpa.internal.EntityManagerFactoryRegistry addEntityManagerFactory
WARN: HHH000436: Entity manager factory name (DB) is already registered.  If entity manager will be clustered or passivated, specify a unique value for property 'hibernate.ejb.entitymanager_factory_name'
oct 14, 2021 8:19:46 PM org.hibernate.ejb.HibernatePersistence logDeprecation
WARN: HHH015016: Encountered a deprecated javax.persistence.spi.PersistenceProvider [org.hibernate.ejb.HibernatePersistence]; use [org.hibernate.jpa.HibernatePersistenceProvider] instead.
oct 14, 2021 8:19:46 PM org.hibernate.ejb.HibernatePersistence logDeprecation
WARN: HHH015016: Encountered a deprecated javax.persistence.spi.PersistenceProvider [org.hibernate.ejb.HibernatePersistence]; use [org.hibernate.jpa.HibernatePersistenceProvider] instead.
oct 14, 2021 8:19:46 PM org.hibernate.ejb.HibernatePersistence logDeprecation
WARN: HHH015016: Encountered a deprecated javax.persistence.spi.PersistenceProvider [org.hibernate.ejb.HibernatePersistence]; use [org.hibernate.jpa.HibernatePersistenceProvider] instead.
oct 14, 2021 8:19:46 PM org.hibernate.jpa.internal.util.LogHelper logPersistenceUnitInformation
INFO: HHH000204: Processing PersistenceUnitInfo [
	name: DB
	...]
oct 14, 2021 8:19:46 PM org.hibernate.engine.jdbc.connections.internal.DriverManagerConnectionProviderImpl configure
WARN: HHH000402: Using Hibernate built-in connection pool (not for production use!)
oct 14, 2021 8:19:46 PM org.hibernate.engine.jdbc.connections.internal.DriverManagerConnectionProviderImpl buildCreator
INFO: HHH000401: using driver [com.mysql.jdbc.Driver] at URL [jdbc:mysql://localhost:3306/Microcosmos?zeroDateTimeBehavior=convertToNull]
oct 14, 2021 8:19:46 PM org.hibernate.engine.jdbc.connections.internal.DriverManagerConnectionProviderImpl buildCreator
INFO: HHH000046: Connection properties: {user=root, password=****}
oct 14, 2021 8:19:46 PM org.hibernate.engine.jdbc.connections.internal.DriverManagerConnectionProviderImpl buildCreator
INFO: HHH000006: Autocommit mode: false
oct 14, 2021 8:19:46 PM org.hibernate.engine.jdbc.connections.internal.DriverManagerConnectionProviderImpl configure
INFO: HHH000115: Hibernate connection pool size: 20 (min=1)
oct 14, 2021 8:19:46 PM org.hibernate.dialect.Dialect <init>
INFO: HHH000400: Using dialect: org.hibernate.dialect.MySQLDialect
oct 14, 2021 8:19:46 PM org.hibernate.hql.internal.ast.ASTQueryTranslatorFactory <init>
INFO: HHH000397: Using ASTQueryTranslatorFactory
oct 14, 2021 8:19:46 PM org.hibernate.tool.hbm2ddl.SchemaValidator validate
INFO: HHH000229: Running schema validator
oct 14, 2021 8:19:46 PM org.hibernate.tool.hbm2ddl.SchemaValidator validate
INFO: HHH000102: Fetching database metadata
oct 14, 2021 8:19:46 PM org.hibernate.tool.hbm2ddl.TableMetadata <init>
INFO: HHH000261: Table found: microcosmos.arealaboral
oct 14, 2021 8:19:46 PM org.hibernate.tool.hbm2ddl.TableMetadata <init>
INFO: HHH000037: Columns: [idarealaboral, descripcionarealaboral, nombrearealaboral, activoarealaboral]
oct 14, 2021 8:19:46 PM org.hibernate.tool.hbm2ddl.TableMetadata <init>
INFO: HHH000261: Table found: microcosmos.arealaboralhistorica
oct 14, 2021 8:19:46 PM org.hibernate.tool.hbm2ddl.TableMetadata <init>
INFO: HHH000037: Columns: [idempleados, fechaconclusion, fechacomienzo, idarealaboralhistorica]
oct 14, 2021 8:19:46 PM org.hibernate.tool.hbm2ddl.TableMetadata <init>
INFO: HHH000261: Table found: microcosmos.articulo
oct 14, 2021 8:19:46 PM org.hibernate.tool.hbm2ddl.TableMetadata <init>
INFO: HHH000037: Columns: [idsecciontienda, stockmaximo, activoarticulo, nombrearticulo, stockminimo, precioarticulo, idtalla, stock, descripcionarticulo, idarticulo]
oct 14, 2021 8:19:46 PM org.hibernate.tool.hbm2ddl.TableMetadata <init>
INFO: HHH000261: Table found: microcosmos.clientes
oct 14, 2021 8:19:46 PM org.hibernate.tool.hbm2ddl.TableMetadata <init>
INFO: HHH000037: Columns: [telefonocliente, direccioncliente, idtipodocumento, idsexo, documento, activocliente, idcliente, nombrecliente, apellidocliente, correocliente]
oct 14, 2021 8:19:46 PM org.hibernate.tool.hbm2ddl.TableMetadata <init>
INFO: HHH000261: Table found: microcosmos.compra
oct 14, 2021 8:19:46 PM org.hibernate.tool.hbm2ddl.TableMetadata <init>
INFO: HHH000037: Columns: [idcompra, fechapedido, idproveedor, idempleados, fecharecibido, totalcompra, idestado]
oct 14, 2021 8:19:46 PM org.hibernate.tool.hbm2ddl.TableMetadata <init>
INFO: HHH000261: Table found: microcosmos.detallecompra
oct 14, 2021 8:19:46 PM org.hibernate.tool.hbm2ddl.TableMetadata <init>
INFO: HHH000037: Columns: [idcompra, iddetallecompra, preciocompra, cantidad, idarticulo]
oct 14, 2021 8:19:46 PM org.hibernate.tool.hbm2ddl.TableMetadata <init>
INFO: HHH000261: Table found: microcosmos.detalleventa
oct 14, 2021 8:19:46 PM org.hibernate.tool.hbm2ddl.TableMetadata <init>
INFO: HHH000037: Columns: [idventa, iddetalleventa, cantidad, idarticulo]
oct 14, 2021 8:19:46 PM org.hibernate.tool.hbm2ddl.TableMetadata <init>
INFO: HHH000261: Table found: microcosmos.empleados
oct 14, 2021 8:19:46 PM org.hibernate.tool.hbm2ddl.TableMetadata <init>
INFO: HHH000037: Columns: [idempleados, idarealaboral, idtipodocumento, idsexo, telefonoempleado, documento, nombreempleado, correoempleado, apellidoempleado, fechadenacimiento, activoempleado]
oct 14, 2021 8:19:46 PM org.hibernate.tool.hbm2ddl.TableMetadata <init>
INFO: HHH000261: Table found: microcosmos.entidades
oct 14, 2021 8:19:46 PM org.hibernate.tool.hbm2ddl.TableMetadata <init>
INFO: HHH000037: Columns: [identidad, activoentidad, nombreentidad]
oct 14, 2021 8:19:46 PM org.hibernate.tool.hbm2ddl.TableMetadata <init>
INFO: HHH000261: Table found: microcosmos.estado
oct 14, 2021 8:19:46 PM org.hibernate.tool.hbm2ddl.TableMetadata <init>
INFO: HHH000037: Columns: [nombreestado, activoestado, identidad, descripcionestado, idestado]
oct 14, 2021 8:19:46 PM org.hibernate.tool.hbm2ddl.TableMetadata <init>
INFO: HHH000261: Table found: microcosmos.facturasdevueltas
oct 14, 2021 8:19:46 PM org.hibernate.tool.hbm2ddl.TableMetadata <init>
INFO: HHH000037: Columns: [idventa, descripcion, fechadevolucion, idempleados, idfacturadevuelta]
oct 14, 2021 8:19:46 PM org.hibernate.tool.hbm2ddl.TableMetadata <init>
INFO: HHH000261: Table found: microcosmos.parametros
oct 14, 2021 8:19:46 PM org.hibernate.tool.hbm2ddl.TableMetadata <init>
INFO: HHH000037: Columns: [facturainicial, fechaemision, facturafinal, activoparametros, fechacaducidad, cai, idparametros]
oct 14, 2021 8:19:46 PM org.hibernate.tool.hbm2ddl.TableMetadata <init>
INFO: HHH000261: Table found: microcosmos.pedidosdevueltos
oct 14, 2021 8:19:46 PM org.hibernate.tool.hbm2ddl.TableMetadata <init>
INFO: HHH000037: Columns: [idcompra, descripcion, idempleados, idpedidosdevueltos, fechaanulacion]
oct 14, 2021 8:19:46 PM org.hibernate.tool.hbm2ddl.TableMetadata <init>
INFO: HHH000261: Table found: microcosmos.preciohistorico
oct 14, 2021 8:19:46 PM org.hibernate.tool.hbm2ddl.TableMetadata <init>
INFO: HHH000037: Columns: [precio, idpreciohistorico, fechainicial, fechafinal, idarticulo, activopreciohistorico]
oct 14, 2021 8:19:46 PM org.hibernate.tool.hbm2ddl.TableMetadata <init>
INFO: HHH000261: Table found: microcosmos.proveedores
oct 14, 2021 8:19:46 PM org.hibernate.tool.hbm2ddl.TableMetadata <init>
INFO: HHH000037: Columns: [idproveedor, activoproveedor, idtipodocumento, nombreproveedor, correoproveedor, telefonoproveedor, documento, ubicacionproveedor]
oct 14, 2021 8:19:46 PM org.hibernate.tool.hbm2ddl.TableMetadata <init>
INFO: HHH000261: Table found: microcosmos.secciontienda
oct 14, 2021 8:19:46 PM org.hibernate.tool.hbm2ddl.TableMetadata <init>
INFO: HHH000037: Columns: [idsecciontienda, descripcionsecciontienda, nombresecciontienda, activosecciontienda]
oct 14, 2021 8:19:46 PM org.hibernate.tool.hbm2ddl.TableMetadata <init>
INFO: HHH000261: Table found: microcosmos.sexo
oct 14, 2021 8:19:46 PM org.hibernate.tool.hbm2ddl.TableMetadata <init>
INFO: HHH000037: Columns: [idsexo, nombresexo, descripcionsexo]
oct 14, 2021 8:19:46 PM org.hibernate.tool.hbm2ddl.TableMetadata <init>
INFO: HHH000261: Table found: microcosmos.talla
oct 14, 2021 8:19:46 PM org.hibernate.tool.hbm2ddl.TableMetadata <init>
INFO: HHH000037: Columns: [activotalla, nombretalla, descripciontalla, idtalla]
oct 14, 2021 8:19:46 PM org.hibernate.tool.hbm2ddl.TableMetadata <init>
INFO: HHH000261: Table found: microcosmos.tipodepago
oct 14, 2021 8:19:46 PM org.hibernate.tool.hbm2ddl.TableMetadata <init>
INFO: HHH000037: Columns: [descripciontipodepago, nombretipodepago, idtipodepago, activotipodepago]
oct 14, 2021 8:19:46 PM org.hibernate.tool.hbm2ddl.TableMetadata <init>
INFO: HHH000261: Table found: microcosmos.tipodocumento
oct 14, 2021 8:19:46 PM org.hibernate.tool.hbm2ddl.TableMetadata <init>
INFO: HHH000037: Columns: [nombretipodocumento, descripciontipodocumento, activotipodocumento, idtipodocumento]
oct 14, 2021 8:19:46 PM org.hibernate.tool.hbm2ddl.TableMetadata <init>
INFO: HHH000261: Table found: microcosmos.usuarios
oct 14, 2021 8:19:46 PM org.hibernate.tool.hbm2ddl.TableMetadata <init>
INFO: HHH000037: Columns: [nombreusuario, idempleados, numerodeintentos, activousuario, admin, contrasena, idusuario]
oct 14, 2021 8:19:46 PM org.hibernate.tool.hbm2ddl.TableMetadata <init>
INFO: HHH000261: Table found: microcosmos.venta
oct 14, 2021 8:19:46 PM org.hibernate.tool.hbm2ddl.TableMetadata <init>
INFO: HHH000037: Columns: [numtarjeta, idtipodepago, formato, montoefectivo, idcliente, idestado, idventa, total, idempleados, impuesto, subtotal, montotarjeta, fechaventa, idparametros]
oct 14, 2021 8:19:46 PM org.hibernate.jpa.internal.EntityManagerFactoryRegistry addEntityManagerFactory
WARN: HHH000436: Entity manager factory name (DB) is already registered.  If entity manager will be clustered or passivated, specify a unique value for property 'hibernate.ejb.entitymanager_factory_name'
oct 14, 2021 8:19:46 PM org.hibernate.ejb.HibernatePersistence logDeprecation
WARN: HHH015016: Encountered a deprecated javax.persistence.spi.PersistenceProvider [org.hibernate.ejb.HibernatePersistence]; use [org.hibernate.jpa.HibernatePersistenceProvider] instead.
oct 14, 2021 8:19:46 PM org.hibernate.ejb.HibernatePersistence logDeprecation
WARN: HHH015016: Encountered a deprecated javax.persistence.spi.PersistenceProvider [org.hibernate.ejb.HibernatePersistence]; use [org.hibernate.jpa.HibernatePersistenceProvider] instead.
oct 14, 2021 8:19:46 PM org.hibernate.ejb.HibernatePersistence logDeprecation
WARN: HHH015016: Encountered a deprecated javax.persistence.spi.PersistenceProvider [org.hibernate.ejb.HibernatePersistence]; use [org.hibernate.jpa.HibernatePersistenceProvider] instead.
oct 14, 2021 8:19:46 PM org.hibernate.jpa.internal.util.LogHelper logPersistenceUnitInformation
INFO: HHH000204: Processing PersistenceUnitInfo [
	name: DB
	...]
oct 14, 2021 8:19:46 PM org.hibernate.engine.jdbc.connections.internal.DriverManagerConnectionProviderImpl configure
WARN: HHH000402: Using Hibernate built-in connection pool (not for production use!)
oct 14, 2021 8:19:46 PM org.hibernate.engine.jdbc.connections.internal.DriverManagerConnectionProviderImpl buildCreator
INFO: HHH000401: using driver [com.mysql.jdbc.Driver] at URL [jdbc:mysql://localhost:3306/Microcosmos?zeroDateTimeBehavior=convertToNull]
oct 14, 2021 8:19:46 PM org.hibernate.engine.jdbc.connections.internal.DriverManagerConnectionProviderImpl buildCreator
INFO: HHH000046: Connection properties: {user=root, password=****}
oct 14, 2021 8:19:46 PM org.hibernate.engine.jdbc.connections.internal.DriverManagerConnectionProviderImpl buildCreator
INFO: HHH000006: Autocommit mode: false
oct 14, 2021 8:19:46 PM org.hibernate.engine.jdbc.connections.internal.DriverManagerConnectionProviderImpl configure
INFO: HHH000115: Hibernate connection pool size: 20 (min=1)
oct 14, 2021 8:19:46 PM org.hibernate.dialect.Dialect <init>
INFO: HHH000400: Using dialect: org.hibernate.dialect.MySQLDialect
oct 14, 2021 8:19:46 PM org.hibernate.hql.internal.ast.ASTQueryTranslatorFactory <init>
INFO: HHH000397: Using ASTQueryTranslatorFactory
oct 14, 2021 8:19:46 PM org.hibernate.tool.hbm2ddl.SchemaValidator validate
INFO: HHH000229: Running schema validator
oct 14, 2021 8:19:46 PM org.hibernate.tool.hbm2ddl.SchemaValidator validate
INFO: HHH000102: Fetching database metadata
oct 14, 2021 8:19:46 PM org.hibernate.tool.hbm2ddl.TableMetadata <init>
INFO: HHH000261: Table found: microcosmos.arealaboral
oct 14, 2021 8:19:46 PM org.hibernate.tool.hbm2ddl.TableMetadata <init>
INFO: HHH000037: Columns: [idarealaboral, descripcionarealaboral, nombrearealaboral, activoarealaboral]
oct 14, 2021 8:19:46 PM org.hibernate.tool.hbm2ddl.TableMetadata <init>
INFO: HHH000261: Table found: microcosmos.arealaboralhistorica
oct 14, 2021 8:19:46 PM org.hibernate.tool.hbm2ddl.TableMetadata <init>
INFO: HHH000037: Columns: [idempleados, fechaconclusion, fechacomienzo, idarealaboralhistorica]
oct 14, 2021 8:19:46 PM org.hibernate.tool.hbm2ddl.TableMetadata <init>
INFO: HHH000261: Table found: microcosmos.articulo
oct 14, 2021 8:19:46 PM org.hibernate.tool.hbm2ddl.TableMetadata <init>
INFO: HHH000037: Columns: [idsecciontienda, stockmaximo, activoarticulo, nombrearticulo, stockminimo, precioarticulo, idtalla, stock, descripcionarticulo, idarticulo]
oct 14, 2021 8:19:46 PM org.hibernate.tool.hbm2ddl.TableMetadata <init>
INFO: HHH000261: Table found: microcosmos.clientes
oct 14, 2021 8:19:46 PM org.hibernate.tool.hbm2ddl.TableMetadata <init>
INFO: HHH000037: Columns: [telefonocliente, direccioncliente, idtipodocumento, idsexo, documento, activocliente, idcliente, nombrecliente, apellidocliente, correocliente]
oct 14, 2021 8:19:46 PM org.hibernate.tool.hbm2ddl.TableMetadata <init>
INFO: HHH000261: Table found: microcosmos.compra
oct 14, 2021 8:19:46 PM org.hibernate.tool.hbm2ddl.TableMetadata <init>
INFO: HHH000037: Columns: [idcompra, fechapedido, idproveedor, idempleados, fecharecibido, totalcompra, idestado]
oct 14, 2021 8:19:46 PM org.hibernate.tool.hbm2ddl.TableMetadata <init>
INFO: HHH000261: Table found: microcosmos.detallecompra
oct 14, 2021 8:19:46 PM org.hibernate.tool.hbm2ddl.TableMetadata <init>
INFO: HHH000037: Columns: [idcompra, iddetallecompra, preciocompra, cantidad, idarticulo]
oct 14, 2021 8:19:46 PM org.hibernate.tool.hbm2ddl.TableMetadata <init>
INFO: HHH000261: Table found: microcosmos.detalleventa
oct 14, 2021 8:19:46 PM org.hibernate.tool.hbm2ddl.TableMetadata <init>
INFO: HHH000037: Columns: [idventa, iddetalleventa, cantidad, idarticulo]
oct 14, 2021 8:19:46 PM org.hibernate.tool.hbm2ddl.TableMetadata <init>
INFO: HHH000261: Table found: microcosmos.empleados
oct 14, 2021 8:19:46 PM org.hibernate.tool.hbm2ddl.TableMetadata <init>
INFO: HHH000037: Columns: [idempleados, idarealaboral, idtipodocumento, idsexo, telefonoempleado, documento, nombreempleado, correoempleado, apellidoempleado, fechadenacimiento, activoempleado]
oct 14, 2021 8:19:46 PM org.hibernate.tool.hbm2ddl.TableMetadata <init>
INFO: HHH000261: Table found: microcosmos.entidades
oct 14, 2021 8:19:46 PM org.hibernate.tool.hbm2ddl.TableMetadata <init>
INFO: HHH000037: Columns: [identidad, activoentidad, nombreentidad]
oct 14, 2021 8:19:46 PM org.hibernate.tool.hbm2ddl.TableMetadata <init>
INFO: HHH000261: Table found: microcosmos.estado
oct 14, 2021 8:19:46 PM org.hibernate.tool.hbm2ddl.TableMetadata <init>
INFO: HHH000037: Columns: [nombreestado, activoestado, identidad, descripcionestado, idestado]
oct 14, 2021 8:19:46 PM org.hibernate.tool.hbm2ddl.TableMetadata <init>
INFO: HHH000261: Table found: microcosmos.facturasdevueltas
oct 14, 2021 8:19:46 PM org.hibernate.tool.hbm2ddl.TableMetadata <init>
INFO: HHH000037: Columns: [idventa, descripcion, fechadevolucion, idempleados, idfacturadevuelta]
oct 14, 2021 8:19:46 PM org.hibernate.tool.hbm2ddl.TableMetadata <init>
INFO: HHH000261: Table found: microcosmos.parametros
oct 14, 2021 8:19:46 PM org.hibernate.tool.hbm2ddl.TableMetadata <init>
INFO: HHH000037: Columns: [facturainicial, fechaemision, facturafinal, activoparametros, fechacaducidad, cai, idparametros]
oct 14, 2021 8:19:46 PM org.hibernate.tool.hbm2ddl.TableMetadata <init>
INFO: HHH000261: Table found: microcosmos.pedidosdevueltos
oct 14, 2021 8:19:46 PM org.hibernate.tool.hbm2ddl.TableMetadata <init>
INFO: HHH000037: Columns: [idcompra, descripcion, idempleados, idpedidosdevueltos, fechaanulacion]
oct 14, 2021 8:19:46 PM org.hibernate.tool.hbm2ddl.TableMetadata <init>
INFO: HHH000261: Table found: microcosmos.preciohistorico
oct 14, 2021 8:19:46 PM org.hibernate.tool.hbm2ddl.TableMetadata <init>
INFO: HHH000037: Columns: [precio, idpreciohistorico, fechainicial, fechafinal, idarticulo, activopreciohistorico]
oct 14, 2021 8:19:46 PM org.hibernate.tool.hbm2ddl.TableMetadata <init>
INFO: HHH000261: Table found: microcosmos.proveedores
oct 14, 2021 8:19:46 PM org.hibernate.tool.hbm2ddl.TableMetadata <init>
INFO: HHH000037: Columns: [idproveedor, activoproveedor, idtipodocumento, nombreproveedor, correoproveedor, telefonoproveedor, documento, ubicacionproveedor]
oct 14, 2021 8:19:46 PM org.hibernate.tool.hbm2ddl.TableMetadata <init>
INFO: HHH000261: Table found: microcosmos.secciontienda
oct 14, 2021 8:19:46 PM org.hibernate.tool.hbm2ddl.TableMetadata <init>
INFO: HHH000037: Columns: [idsecciontienda, descripcionsecciontienda, nombresecciontienda, activosecciontienda]
oct 14, 2021 8:19:46 PM org.hibernate.tool.hbm2ddl.TableMetadata <init>
INFO: HHH000261: Table found: microcosmos.sexo
oct 14, 2021 8:19:46 PM org.hibernate.tool.hbm2ddl.TableMetadata <init>
INFO: HHH000037: Columns: [idsexo, nombresexo, descripcionsexo]
oct 14, 2021 8:19:46 PM org.hibernate.tool.hbm2ddl.TableMetadata <init>
INFO: HHH000261: Table found: microcosmos.talla
oct 14, 2021 8:19:46 PM org.hibernate.tool.hbm2ddl.TableMetadata <init>
INFO: HHH000037: Columns: [activotalla, nombretalla, descripciontalla, idtalla]
oct 14, 2021 8:19:46 PM org.hibernate.tool.hbm2ddl.TableMetadata <init>
INFO: HHH000261: Table found: microcosmos.tipodepago
oct 14, 2021 8:19:46 PM org.hibernate.tool.hbm2ddl.TableMetadata <init>
INFO: HHH000037: Columns: [descripciontipodepago, nombretipodepago, idtipodepago, activotipodepago]
oct 14, 2021 8:19:46 PM org.hibernate.tool.hbm2ddl.TableMetadata <init>
INFO: HHH000261: Table found: microcosmos.tipodocumento
oct 14, 2021 8:19:46 PM org.hibernate.tool.hbm2ddl.TableMetadata <init>
INFO: HHH000037: Columns: [nombretipodocumento, descripciontipodocumento, activotipodocumento, idtipodocumento]
oct 14, 2021 8:19:46 PM org.hibernate.tool.hbm2ddl.TableMetadata <init>
INFO: HHH000261: Table found: microcosmos.usuarios
oct 14, 2021 8:19:46 PM org.hibernate.tool.hbm2ddl.TableMetadata <init>
INFO: HHH000037: Columns: [nombreusuario, idempleados, numerodeintentos, activousuario, admin, contrasena, idusuario]
oct 14, 2021 8:19:46 PM org.hibernate.tool.hbm2ddl.TableMetadata <init>
INFO: HHH000261: Table found: microcosmos.venta
oct 14, 2021 8:19:46 PM org.hibernate.tool.hbm2ddl.TableMetadata <init>
INFO: HHH000037: Columns: [numtarjeta, idtipodepago, formato, montoefectivo, idcliente, idestado, idventa, total, idempleados, impuesto, subtotal, montotarjeta, fechaventa, idparametros]
oct 14, 2021 8:19:46 PM org.hibernate.jpa.internal.EntityManagerFactoryRegistry addEntityManagerFactory
WARN: HHH000436: Entity manager factory name (DB) is already registered.  If entity manager will be clustered or passivated, specify a unique value for property 'hibernate.ejb.entitymanager_factory_name'
]]></system-err>
  </testcase>
  <testcase name="testListaAreaLaboral" classname="com.screens.FmrEmpleadosTest" time="12.999">
    <system-out><![CDATA[listaAreaLaboral
Hibernate: select tipodocume0_.idTipoDocumento as idTipoDo1_19_, tipodocume0_.activoTipoDocumento as activoTi2_19_, tipodocume0_.descripcionTipoDocumento as descripc3_19_, tipodocume0_.nombreTipoDocumento as nombreTi4_19_ from tipodocumento tipodocume0_
Hibernate: select sexo0_.idSexo as idSexo1_16_, sexo0_.descripcionSexo as descripc2_16_, sexo0_.nombreSexo as nombreSe3_16_ from sexo sexo0_
Hibernate: select arealabora0_.idAreaLaboral as idAreaLa1_0_, arealabora0_.activoAreaLaboral as activoAr2_0_, arealabora0_.descripcionAreaLaboral as descripc3_0_, arealabora0_.nombreAreaLaboral as nombreAr4_0_ from arealaboral arealabora0_
Hibernate: select empleados0_.idEmpleados as idEmplea1_7_, empleados0_.activoEmpleado as activoEm2_7_, empleados0_.apellidoEmpleado as apellido3_7_, empleados0_.correoEmpleado as correoEm4_7_, empleados0_.documento as document5_7_, empleados0_.fechaDeNacimiento as fechaDeN6_7_, empleados0_.idAreaLaboral as idAreaLa7_7_, empleados0_.idSexo as idSexo8_7_, empleados0_.idTipoDocumento as idTipoDo9_7_, empleados0_.nombreEmpleado as nombreE10_7_, empleados0_.telefonoEmpleado as telefon11_7_ from empleados empleados0_
Hibernate: select tipodocume0_.nombreTipoDocumento as col_0_0_ from tipodocumento tipodocume0_ where tipodocume0_.idTipoDocumento='2'
Hibernate: select arealabora0_.nombreAreaLaboral as col_0_0_ from arealaboral arealabora0_ where arealabora0_.idAreaLaboral='1'
Hibernate: select sexo0_.nombreSexo as col_0_0_ from sexo sexo0_ where sexo0_.idSexo='1'
Hibernate: select tipodocume0_.nombreTipoDocumento as col_0_0_ from tipodocumento tipodocume0_ where tipodocume0_.idTipoDocumento='2'
Hibernate: select arealabora0_.nombreAreaLaboral as col_0_0_ from arealaboral arealabora0_ where arealabora0_.idAreaLaboral='1'
Hibernate: select sexo0_.nombreSexo as col_0_0_ from sexo sexo0_ where sexo0_.idSexo='1'
Hibernate: select tipodocume0_.nombreTipoDocumento as col_0_0_ from tipodocumento tipodocume0_ where tipodocume0_.idTipoDocumento='2'
Hibernate: select arealabora0_.nombreAreaLaboral as col_0_0_ from arealaboral arealabora0_ where arealabora0_.idAreaLaboral='2'
Hibernate: select sexo0_.nombreSexo as col_0_0_ from sexo sexo0_ where sexo0_.idSexo='2'
Hibernate: select tipodocume0_.nombreTipoDocumento as col_0_0_ from tipodocumento tipodocume0_ where tipodocume0_.idTipoDocumento='2'
Hibernate: select arealabora0_.nombreAreaLaboral as col_0_0_ from arealaboral arealabora0_ where arealabora0_.idAreaLaboral='1'
Hibernate: select sexo0_.nombreSexo as col_0_0_ from sexo sexo0_ where sexo0_.idSexo='2'
Hibernate: select tipodocume0_.nombreTipoDocumento as col_0_0_ from tipodocumento tipodocume0_ where tipodocume0_.idTipoDocumento='2'
Hibernate: select arealabora0_.nombreAreaLaboral as col_0_0_ from arealaboral arealabora0_ where arealabora0_.idAreaLaboral='2'
Hibernate: select sexo0_.nombreSexo as col_0_0_ from sexo sexo0_ where sexo0_.idSexo='2'
Hibernate: select tipodocume0_.nombreTipoDocumento as col_0_0_ from tipodocumento tipodocume0_ where tipodocume0_.idTipoDocumento='1'
Hibernate: select arealabora0_.nombreAreaLaboral as col_0_0_ from arealaboral arealabora0_ where arealabora0_.idAreaLaboral='1'
Hibernate: select sexo0_.nombreSexo as col_0_0_ from sexo sexo0_ where sexo0_.idSexo='1'
Hibernate: select arealabora0_.idAreaLaboral as idAreaLa1_0_, arealabora0_.activoAreaLaboral as activoAr2_0_, arealabora0_.descripcionAreaLaboral as descripc3_0_, arealabora0_.nombreAreaLaboral as nombreAr4_0_ from arealaboral arealabora0_
]]></system-out>
    <system-err><![CDATA[oct 14, 2021 8:19:46 PM org.hibernate.ejb.HibernatePersistence logDeprecation
WARN: HHH015016: Encountered a deprecated javax.persistence.spi.PersistenceProvider [org.hibernate.ejb.HibernatePersistence]; use [org.hibernate.jpa.HibernatePersistenceProvider] instead.
oct 14, 2021 8:19:46 PM org.hibernate.ejb.HibernatePersistence logDeprecation
WARN: HHH015016: Encountered a deprecated javax.persistence.spi.PersistenceProvider [org.hibernate.ejb.HibernatePersistence]; use [org.hibernate.jpa.HibernatePersistenceProvider] instead.
oct 14, 2021 8:19:46 PM org.hibernate.ejb.HibernatePersistence logDeprecation
WARN: HHH015016: Encountered a deprecated javax.persistence.spi.PersistenceProvider [org.hibernate.ejb.HibernatePersistence]; use [org.hibernate.jpa.HibernatePersistenceProvider] instead.
oct 14, 2021 8:19:46 PM org.hibernate.jpa.internal.util.LogHelper logPersistenceUnitInformation
INFO: HHH000204: Processing PersistenceUnitInfo [
	name: DB
	...]
oct 14, 2021 8:19:46 PM org.hibernate.engine.jdbc.connections.internal.DriverManagerConnectionProviderImpl configure
WARN: HHH000402: Using Hibernate built-in connection pool (not for production use!)
oct 14, 2021 8:19:46 PM org.hibernate.engine.jdbc.connections.internal.DriverManagerConnectionProviderImpl buildCreator
INFO: HHH000401: using driver [com.mysql.jdbc.Driver] at URL [jdbc:mysql://localhost:3306/Microcosmos?zeroDateTimeBehavior=convertToNull]
oct 14, 2021 8:19:46 PM org.hibernate.engine.jdbc.connections.internal.DriverManagerConnectionProviderImpl buildCreator
INFO: HHH000046: Connection properties: {user=root, password=****}
oct 14, 2021 8:19:46 PM org.hibernate.engine.jdbc.connections.internal.DriverManagerConnectionProviderImpl buildCreator
INFO: HHH000006: Autocommit mode: false
oct 14, 2021 8:19:46 PM org.hibernate.engine.jdbc.connections.internal.DriverManagerConnectionProviderImpl configure
INFO: HHH000115: Hibernate connection pool size: 20 (min=1)
oct 14, 2021 8:19:46 PM org.hibernate.dialect.Dialect <init>
INFO: HHH000400: Using dialect: org.hibernate.dialect.MySQLDialect
oct 14, 2021 8:19:47 PM org.hibernate.hql.internal.ast.ASTQueryTranslatorFactory <init>
INFO: HHH000397: Using ASTQueryTranslatorFactory
oct 14, 2021 8:19:47 PM org.hibernate.tool.hbm2ddl.SchemaValidator validate
INFO: HHH000229: Running schema validator
oct 14, 2021 8:19:47 PM org.hibernate.tool.hbm2ddl.SchemaValidator validate
INFO: HHH000102: Fetching database metadata
oct 14, 2021 8:19:47 PM org.hibernate.tool.hbm2ddl.TableMetadata <init>
INFO: HHH000261: Table found: microcosmos.arealaboral
oct 14, 2021 8:19:47 PM org.hibernate.tool.hbm2ddl.TableMetadata <init>
INFO: HHH000037: Columns: [idarealaboral, descripcionarealaboral, nombrearealaboral, activoarealaboral]
oct 14, 2021 8:19:47 PM org.hibernate.tool.hbm2ddl.TableMetadata <init>
INFO: HHH000261: Table found: microcosmos.arealaboralhistorica
oct 14, 2021 8:19:47 PM org.hibernate.tool.hbm2ddl.TableMetadata <init>
INFO: HHH000037: Columns: [idempleados, fechaconclusion, fechacomienzo, idarealaboralhistorica]
oct 14, 2021 8:19:47 PM org.hibernate.tool.hbm2ddl.TableMetadata <init>
INFO: HHH000261: Table found: microcosmos.articulo
oct 14, 2021 8:19:47 PM org.hibernate.tool.hbm2ddl.TableMetadata <init>
INFO: HHH000037: Columns: [idsecciontienda, stockmaximo, activoarticulo, nombrearticulo, stockminimo, precioarticulo, idtalla, stock, descripcionarticulo, idarticulo]
oct 14, 2021 8:19:47 PM org.hibernate.tool.hbm2ddl.TableMetadata <init>
INFO: HHH000261: Table found: microcosmos.clientes
oct 14, 2021 8:19:47 PM org.hibernate.tool.hbm2ddl.TableMetadata <init>
INFO: HHH000037: Columns: [telefonocliente, direccioncliente, idtipodocumento, idsexo, documento, activocliente, idcliente, nombrecliente, apellidocliente, correocliente]
oct 14, 2021 8:19:47 PM org.hibernate.tool.hbm2ddl.TableMetadata <init>
INFO: HHH000261: Table found: microcosmos.compra
oct 14, 2021 8:19:47 PM org.hibernate.tool.hbm2ddl.TableMetadata <init>
INFO: HHH000037: Columns: [idcompra, fechapedido, idproveedor, idempleados, fecharecibido, totalcompra, idestado]
oct 14, 2021 8:19:47 PM org.hibernate.tool.hbm2ddl.TableMetadata <init>
INFO: HHH000261: Table found: microcosmos.detallecompra
oct 14, 2021 8:19:47 PM org.hibernate.tool.hbm2ddl.TableMetadata <init>
INFO: HHH000037: Columns: [idcompra, iddetallecompra, preciocompra, cantidad, idarticulo]
oct 14, 2021 8:19:47 PM org.hibernate.tool.hbm2ddl.TableMetadata <init>
INFO: HHH000261: Table found: microcosmos.detalleventa
oct 14, 2021 8:19:47 PM org.hibernate.tool.hbm2ddl.TableMetadata <init>
INFO: HHH000037: Columns: [idventa, iddetalleventa, cantidad, idarticulo]
oct 14, 2021 8:19:47 PM org.hibernate.tool.hbm2ddl.TableMetadata <init>
INFO: HHH000261: Table found: microcosmos.empleados
oct 14, 2021 8:19:47 PM org.hibernate.tool.hbm2ddl.TableMetadata <init>
INFO: HHH000037: Columns: [idempleados, idarealaboral, idtipodocumento, idsexo, telefonoempleado, documento, nombreempleado, correoempleado, apellidoempleado, fechadenacimiento, activoempleado]
oct 14, 2021 8:19:47 PM org.hibernate.tool.hbm2ddl.TableMetadata <init>
INFO: HHH000261: Table found: microcosmos.entidades
oct 14, 2021 8:19:47 PM org.hibernate.tool.hbm2ddl.TableMetadata <init>
INFO: HHH000037: Columns: [identidad, activoentidad, nombreentidad]
oct 14, 2021 8:19:47 PM org.hibernate.tool.hbm2ddl.TableMetadata <init>
INFO: HHH000261: Table found: microcosmos.estado
oct 14, 2021 8:19:47 PM org.hibernate.tool.hbm2ddl.TableMetadata <init>
INFO: HHH000037: Columns: [nombreestado, activoestado, identidad, descripcionestado, idestado]
oct 14, 2021 8:19:47 PM org.hibernate.tool.hbm2ddl.TableMetadata <init>
INFO: HHH000261: Table found: microcosmos.facturasdevueltas
oct 14, 2021 8:19:47 PM org.hibernate.tool.hbm2ddl.TableMetadata <init>
INFO: HHH000037: Columns: [idventa, descripcion, fechadevolucion, idempleados, idfacturadevuelta]
oct 14, 2021 8:19:47 PM org.hibernate.tool.hbm2ddl.TableMetadata <init>
INFO: HHH000261: Table found: microcosmos.parametros
oct 14, 2021 8:19:47 PM org.hibernate.tool.hbm2ddl.TableMetadata <init>
INFO: HHH000037: Columns: [facturainicial, fechaemision, facturafinal, activoparametros, fechacaducidad, cai, idparametros]
oct 14, 2021 8:19:47 PM org.hibernate.tool.hbm2ddl.TableMetadata <init>
INFO: HHH000261: Table found: microcosmos.pedidosdevueltos
oct 14, 2021 8:19:47 PM org.hibernate.tool.hbm2ddl.TableMetadata <init>
INFO: HHH000037: Columns: [idcompra, descripcion, idempleados, idpedidosdevueltos, fechaanulacion]
oct 14, 2021 8:19:47 PM org.hibernate.tool.hbm2ddl.TableMetadata <init>
INFO: HHH000261: Table found: microcosmos.preciohistorico
oct 14, 2021 8:19:47 PM org.hibernate.tool.hbm2ddl.TableMetadata <init>
INFO: HHH000037: Columns: [precio, idpreciohistorico, fechainicial, fechafinal, idarticulo, activopreciohistorico]
oct 14, 2021 8:19:47 PM org.hibernate.tool.hbm2ddl.TableMetadata <init>
INFO: HHH000261: Table found: microcosmos.proveedores
oct 14, 2021 8:19:47 PM org.hibernate.tool.hbm2ddl.TableMetadata <init>
INFO: HHH000037: Columns: [idproveedor, activoproveedor, idtipodocumento, nombreproveedor, correoproveedor, telefonoproveedor, documento, ubicacionproveedor]
oct 14, 2021 8:19:47 PM org.hibernate.tool.hbm2ddl.TableMetadata <init>
INFO: HHH000261: Table found: microcosmos.secciontienda
oct 14, 2021 8:19:47 PM org.hibernate.tool.hbm2ddl.TableMetadata <init>
INFO: HHH000037: Columns: [idsecciontienda, descripcionsecciontienda, nombresecciontienda, activosecciontienda]
oct 14, 2021 8:19:47 PM org.hibernate.tool.hbm2ddl.TableMetadata <init>
INFO: HHH000261: Table found: microcosmos.sexo
oct 14, 2021 8:19:47 PM org.hibernate.tool.hbm2ddl.TableMetadata <init>
INFO: HHH000037: Columns: [idsexo, nombresexo, descripcionsexo]
oct 14, 2021 8:19:47 PM org.hibernate.tool.hbm2ddl.TableMetadata <init>
INFO: HHH000261: Table found: microcosmos.talla
oct 14, 2021 8:19:47 PM org.hibernate.tool.hbm2ddl.TableMetadata <init>
INFO: HHH000037: Columns: [activotalla, nombretalla, descripciontalla, idtalla]
oct 14, 2021 8:19:47 PM org.hibernate.tool.hbm2ddl.TableMetadata <init>
INFO: HHH000261: Table found: microcosmos.tipodepago
oct 14, 2021 8:19:47 PM org.hibernate.tool.hbm2ddl.TableMetadata <init>
INFO: HHH000037: Columns: [descripciontipodepago, nombretipodepago, idtipodepago, activotipodepago]
oct 14, 2021 8:19:47 PM org.hibernate.tool.hbm2ddl.TableMetadata <init>
INFO: HHH000261: Table found: microcosmos.tipodocumento
oct 14, 2021 8:19:47 PM org.hibernate.tool.hbm2ddl.TableMetadata <init>
INFO: HHH000037: Columns: [nombretipodocumento, descripciontipodocumento, activotipodocumento, idtipodocumento]
oct 14, 2021 8:19:47 PM org.hibernate.tool.hbm2ddl.TableMetadata <init>
INFO: HHH000261: Table found: microcosmos.usuarios
oct 14, 2021 8:19:47 PM org.hibernate.tool.hbm2ddl.TableMetadata <init>
INFO: HHH000037: Columns: [nombreusuario, idempleados, numerodeintentos, activousuario, admin, contrasena, idusuario]
oct 14, 2021 8:19:47 PM org.hibernate.tool.hbm2ddl.TableMetadata <init>
INFO: HHH000261: Table found: microcosmos.venta
oct 14, 2021 8:19:47 PM org.hibernate.tool.hbm2ddl.TableMetadata <init>
INFO: HHH000037: Columns: [numtarjeta, idtipodepago, formato, montoefectivo, idcliente, idestado, idventa, total, idempleados, impuesto, subtotal, montotarjeta, fechaventa, idparametros]
oct 14, 2021 8:19:47 PM org.hibernate.jpa.internal.EntityManagerFactoryRegistry addEntityManagerFactory
WARN: HHH000436: Entity manager factory name (DB) is already registered.  If entity manager will be clustered or passivated, specify a unique value for property 'hibernate.ejb.entitymanager_factory_name'
oct 14, 2021 8:19:47 PM org.hibernate.ejb.HibernatePersistence logDeprecation
WARN: HHH015016: Encountered a deprecated javax.persistence.spi.PersistenceProvider [org.hibernate.ejb.HibernatePersistence]; use [org.hibernate.jpa.HibernatePersistenceProvider] instead.
oct 14, 2021 8:19:47 PM org.hibernate.ejb.HibernatePersistence logDeprecation
WARN: HHH015016: Encountered a deprecated javax.persistence.spi.PersistenceProvider [org.hibernate.ejb.HibernatePersistence]; use [org.hibernate.jpa.HibernatePersistenceProvider] instead.
oct 14, 2021 8:19:47 PM org.hibernate.ejb.HibernatePersistence logDeprecation
WARN: HHH015016: Encountered a deprecated javax.persistence.spi.PersistenceProvider [org.hibernate.ejb.HibernatePersistence]; use [org.hibernate.jpa.HibernatePersistenceProvider] instead.
oct 14, 2021 8:19:47 PM org.hibernate.jpa.internal.util.LogHelper logPersistenceUnitInformation
INFO: HHH000204: Processing PersistenceUnitInfo [
	name: DB
	...]
oct 14, 2021 8:19:47 PM org.hibernate.engine.jdbc.connections.internal.DriverManagerConnectionProviderImpl configure
WARN: HHH000402: Using Hibernate built-in connection pool (not for production use!)
oct 14, 2021 8:19:47 PM org.hibernate.engine.jdbc.connections.internal.DriverManagerConnectionProviderImpl buildCreator
INFO: HHH000401: using driver [com.mysql.jdbc.Driver] at URL [jdbc:mysql://localhost:3306/Microcosmos?zeroDateTimeBehavior=convertToNull]
oct 14, 2021 8:19:47 PM org.hibernate.engine.jdbc.connections.internal.DriverManagerConnectionProviderImpl buildCreator
INFO: HHH000046: Connection properties: {user=root, password=****}
oct 14, 2021 8:19:47 PM org.hibernate.engine.jdbc.connections.internal.DriverManagerConnectionProviderImpl buildCreator
INFO: HHH000006: Autocommit mode: false
oct 14, 2021 8:19:47 PM org.hibernate.engine.jdbc.connections.internal.DriverManagerConnectionProviderImpl configure
INFO: HHH000115: Hibernate connection pool size: 20 (min=1)
oct 14, 2021 8:19:47 PM org.hibernate.dialect.Dialect <init>
INFO: HHH000400: Using dialect: org.hibernate.dialect.MySQLDialect
oct 14, 2021 8:19:47 PM org.hibernate.hql.internal.ast.ASTQueryTranslatorFactory <init>
INFO: HHH000397: Using ASTQueryTranslatorFactory
oct 14, 2021 8:19:47 PM org.hibernate.tool.hbm2ddl.SchemaValidator validate
INFO: HHH000229: Running schema validator
oct 14, 2021 8:19:47 PM org.hibernate.tool.hbm2ddl.SchemaValidator validate
INFO: HHH000102: Fetching database metadata
oct 14, 2021 8:19:47 PM org.hibernate.tool.hbm2ddl.TableMetadata <init>
INFO: HHH000261: Table found: microcosmos.arealaboral
oct 14, 2021 8:19:47 PM org.hibernate.tool.hbm2ddl.TableMetadata <init>
INFO: HHH000037: Columns: [idarealaboral, descripcionarealaboral, nombrearealaboral, activoarealaboral]
oct 14, 2021 8:19:47 PM org.hibernate.tool.hbm2ddl.TableMetadata <init>
INFO: HHH000261: Table found: microcosmos.arealaboralhistorica
oct 14, 2021 8:19:47 PM org.hibernate.tool.hbm2ddl.TableMetadata <init>
INFO: HHH000037: Columns: [idempleados, fechaconclusion, fechacomienzo, idarealaboralhistorica]
oct 14, 2021 8:19:47 PM org.hibernate.tool.hbm2ddl.TableMetadata <init>
INFO: HHH000261: Table found: microcosmos.articulo
oct 14, 2021 8:19:47 PM org.hibernate.tool.hbm2ddl.TableMetadata <init>
INFO: HHH000037: Columns: [idsecciontienda, stockmaximo, activoarticulo, nombrearticulo, stockminimo, precioarticulo, idtalla, stock, descripcionarticulo, idarticulo]
oct 14, 2021 8:19:47 PM org.hibernate.tool.hbm2ddl.TableMetadata <init>
INFO: HHH000261: Table found: microcosmos.clientes
oct 14, 2021 8:19:47 PM org.hibernate.tool.hbm2ddl.TableMetadata <init>
INFO: HHH000037: Columns: [telefonocliente, direccioncliente, idtipodocumento, idsexo, documento, activocliente, idcliente, nombrecliente, apellidocliente, correocliente]
oct 14, 2021 8:19:47 PM org.hibernate.tool.hbm2ddl.TableMetadata <init>
INFO: HHH000261: Table found: microcosmos.compra
oct 14, 2021 8:19:47 PM org.hibernate.tool.hbm2ddl.TableMetadata <init>
INFO: HHH000037: Columns: [idcompra, fechapedido, idproveedor, idempleados, fecharecibido, totalcompra, idestado]
oct 14, 2021 8:19:47 PM org.hibernate.tool.hbm2ddl.TableMetadata <init>
INFO: HHH000261: Table found: microcosmos.detallecompra
oct 14, 2021 8:19:47 PM org.hibernate.tool.hbm2ddl.TableMetadata <init>
INFO: HHH000037: Columns: [idcompra, iddetallecompra, preciocompra, cantidad, idarticulo]
oct 14, 2021 8:19:47 PM org.hibernate.tool.hbm2ddl.TableMetadata <init>
INFO: HHH000261: Table found: microcosmos.detalleventa
oct 14, 2021 8:19:47 PM org.hibernate.tool.hbm2ddl.TableMetadata <init>
INFO: HHH000037: Columns: [idventa, iddetalleventa, cantidad, idarticulo]
oct 14, 2021 8:19:47 PM org.hibernate.tool.hbm2ddl.TableMetadata <init>
INFO: HHH000261: Table found: microcosmos.empleados
oct 14, 2021 8:19:47 PM org.hibernate.tool.hbm2ddl.TableMetadata <init>
INFO: HHH000037: Columns: [idempleados, idarealaboral, idtipodocumento, idsexo, telefonoempleado, documento, nombreempleado, correoempleado, apellidoempleado, fechadenacimiento, activoempleado]
oct 14, 2021 8:19:47 PM org.hibernate.tool.hbm2ddl.TableMetadata <init>
INFO: HHH000261: Table found: microcosmos.entidades
oct 14, 2021 8:19:47 PM org.hibernate.tool.hbm2ddl.TableMetadata <init>
INFO: HHH000037: Columns: [identidad, activoentidad, nombreentidad]
oct 14, 2021 8:19:47 PM org.hibernate.tool.hbm2ddl.TableMetadata <init>
INFO: HHH000261: Table found: microcosmos.estado
oct 14, 2021 8:19:47 PM org.hibernate.tool.hbm2ddl.TableMetadata <init>
INFO: HHH000037: Columns: [nombreestado, activoestado, identidad, descripcionestado, idestado]
oct 14, 2021 8:19:47 PM org.hibernate.tool.hbm2ddl.TableMetadata <init>
INFO: HHH000261: Table found: microcosmos.facturasdevueltas
oct 14, 2021 8:19:47 PM org.hibernate.tool.hbm2ddl.TableMetadata <init>
INFO: HHH000037: Columns: [idventa, descripcion, fechadevolucion, idempleados, idfacturadevuelta]
oct 14, 2021 8:19:47 PM org.hibernate.tool.hbm2ddl.TableMetadata <init>
INFO: HHH000261: Table found: microcosmos.parametros
oct 14, 2021 8:19:47 PM org.hibernate.tool.hbm2ddl.TableMetadata <init>
INFO: HHH000037: Columns: [facturainicial, fechaemision, facturafinal, activoparametros, fechacaducidad, cai, idparametros]
oct 14, 2021 8:19:47 PM org.hibernate.tool.hbm2ddl.TableMetadata <init>
INFO: HHH000261: Table found: microcosmos.pedidosdevueltos
oct 14, 2021 8:19:47 PM org.hibernate.tool.hbm2ddl.TableMetadata <init>
INFO: HHH000037: Columns: [idcompra, descripcion, idempleados, idpedidosdevueltos, fechaanulacion]
oct 14, 2021 8:19:47 PM org.hibernate.tool.hbm2ddl.TableMetadata <init>
INFO: HHH000261: Table found: microcosmos.preciohistorico
oct 14, 2021 8:19:47 PM org.hibernate.tool.hbm2ddl.TableMetadata <init>
INFO: HHH000037: Columns: [precio, idpreciohistorico, fechainicial, fechafinal, idarticulo, activopreciohistorico]
oct 14, 2021 8:19:47 PM org.hibernate.tool.hbm2ddl.TableMetadata <init>
INFO: HHH000261: Table found: microcosmos.proveedores
oct 14, 2021 8:19:47 PM org.hibernate.tool.hbm2ddl.TableMetadata <init>
INFO: HHH000037: Columns: [idproveedor, activoproveedor, idtipodocumento, nombreproveedor, correoproveedor, telefonoproveedor, documento, ubicacionproveedor]
oct 14, 2021 8:19:47 PM org.hibernate.tool.hbm2ddl.TableMetadata <init>
INFO: HHH000261: Table found: microcosmos.secciontienda
oct 14, 2021 8:19:47 PM org.hibernate.tool.hbm2ddl.TableMetadata <init>
INFO: HHH000037: Columns: [idsecciontienda, descripcionsecciontienda, nombresecciontienda, activosecciontienda]
oct 14, 2021 8:19:47 PM org.hibernate.tool.hbm2ddl.TableMetadata <init>
INFO: HHH000261: Table found: microcosmos.sexo
oct 14, 2021 8:19:47 PM org.hibernate.tool.hbm2ddl.TableMetadata <init>
INFO: HHH000037: Columns: [idsexo, nombresexo, descripcionsexo]
oct 14, 2021 8:19:47 PM org.hibernate.tool.hbm2ddl.TableMetadata <init>
INFO: HHH000261: Table found: microcosmos.talla
oct 14, 2021 8:19:47 PM org.hibernate.tool.hbm2ddl.TableMetadata <init>
INFO: HHH000037: Columns: [activotalla, nombretalla, descripciontalla, idtalla]
oct 14, 2021 8:19:47 PM org.hibernate.tool.hbm2ddl.TableMetadata <init>
INFO: HHH000261: Table found: microcosmos.tipodepago
oct 14, 2021 8:19:47 PM org.hibernate.tool.hbm2ddl.TableMetadata <init>
INFO: HHH000037: Columns: [descripciontipodepago, nombretipodepago, idtipodepago, activotipodepago]
oct 14, 2021 8:19:47 PM org.hibernate.tool.hbm2ddl.TableMetadata <init>
INFO: HHH000261: Table found: microcosmos.tipodocumento
oct 14, 2021 8:19:47 PM org.hibernate.tool.hbm2ddl.TableMetadata <init>
INFO: HHH000037: Columns: [nombretipodocumento, descripciontipodocumento, activotipodocumento, idtipodocumento]
oct 14, 2021 8:19:47 PM org.hibernate.tool.hbm2ddl.TableMetadata <init>
INFO: HHH000261: Table found: microcosmos.usuarios
oct 14, 2021 8:19:47 PM org.hibernate.tool.hbm2ddl.TableMetadata <init>
INFO: HHH000037: Columns: [nombreusuario, idempleados, numerodeintentos, activousuario, admin, contrasena, idusuario]
oct 14, 2021 8:19:47 PM org.hibernate.tool.hbm2ddl.TableMetadata <init>
INFO: HHH000261: Table found: microcosmos.venta
oct 14, 2021 8:19:47 PM org.hibernate.tool.hbm2ddl.TableMetadata <init>
INFO: HHH000037: Columns: [numtarjeta, idtipodepago, formato, montoefectivo, idcliente, idestado, idventa, total, idempleados, impuesto, subtotal, montotarjeta, fechaventa, idparametros]
oct 14, 2021 8:19:47 PM org.hibernate.jpa.internal.EntityManagerFactoryRegistry addEntityManagerFactory
WARN: HHH000436: Entity manager factory name (DB) is already registered.  If entity manager will be clustered or passivated, specify a unique value for property 'hibernate.ejb.entitymanager_factory_name'
oct 14, 2021 8:19:47 PM org.hibernate.ejb.HibernatePersistence logDeprecation
WARN: HHH015016: Encountered a deprecated javax.persistence.spi.PersistenceProvider [org.hibernate.ejb.HibernatePersistence]; use [org.hibernate.jpa.HibernatePersistenceProvider] instead.
oct 14, 2021 8:19:47 PM org.hibernate.ejb.HibernatePersistence logDeprecation
WARN: HHH015016: Encountered a deprecated javax.persistence.spi.PersistenceProvider [org.hibernate.ejb.HibernatePersistence]; use [org.hibernate.jpa.HibernatePersistenceProvider] instead.
oct 14, 2021 8:19:47 PM org.hibernate.ejb.HibernatePersistence logDeprecation
WARN: HHH015016: Encountered a deprecated javax.persistence.spi.PersistenceProvider [org.hibernate.ejb.HibernatePersistence]; use [org.hibernate.jpa.HibernatePersistenceProvider] instead.
oct 14, 2021 8:19:47 PM org.hibernate.jpa.internal.util.LogHelper logPersistenceUnitInformation
INFO: HHH000204: Processing PersistenceUnitInfo [
	name: DB
	...]
oct 14, 2021 8:19:47 PM org.hibernate.engine.jdbc.connections.internal.DriverManagerConnectionProviderImpl configure
WARN: HHH000402: Using Hibernate built-in connection pool (not for production use!)
oct 14, 2021 8:19:47 PM org.hibernate.engine.jdbc.connections.internal.DriverManagerConnectionProviderImpl buildCreator
INFO: HHH000401: using driver [com.mysql.jdbc.Driver] at URL [jdbc:mysql://localhost:3306/Microcosmos?zeroDateTimeBehavior=convertToNull]
oct 14, 2021 8:19:47 PM org.hibernate.engine.jdbc.connections.internal.DriverManagerConnectionProviderImpl buildCreator
INFO: HHH000046: Connection properties: {user=root, password=****}
oct 14, 2021 8:19:47 PM org.hibernate.engine.jdbc.connections.internal.DriverManagerConnectionProviderImpl buildCreator
INFO: HHH000006: Autocommit mode: false
oct 14, 2021 8:19:47 PM org.hibernate.engine.jdbc.connections.internal.DriverManagerConnectionProviderImpl configure
INFO: HHH000115: Hibernate connection pool size: 20 (min=1)
oct 14, 2021 8:19:47 PM org.hibernate.dialect.Dialect <init>
INFO: HHH000400: Using dialect: org.hibernate.dialect.MySQLDialect
oct 14, 2021 8:19:47 PM org.hibernate.hql.internal.ast.ASTQueryTranslatorFactory <init>
INFO: HHH000397: Using ASTQueryTranslatorFactory
oct 14, 2021 8:19:47 PM org.hibernate.tool.hbm2ddl.SchemaValidator validate
INFO: HHH000229: Running schema validator
oct 14, 2021 8:19:47 PM org.hibernate.tool.hbm2ddl.SchemaValidator validate
INFO: HHH000102: Fetching database metadata
oct 14, 2021 8:19:47 PM org.hibernate.tool.hbm2ddl.TableMetadata <init>
INFO: HHH000261: Table found: microcosmos.arealaboral
oct 14, 2021 8:19:47 PM org.hibernate.tool.hbm2ddl.TableMetadata <init>
INFO: HHH000037: Columns: [idarealaboral, descripcionarealaboral, nombrearealaboral, activoarealaboral]
oct 14, 2021 8:19:47 PM org.hibernate.tool.hbm2ddl.TableMetadata <init>
INFO: HHH000261: Table found: microcosmos.arealaboralhistorica
oct 14, 2021 8:19:47 PM org.hibernate.tool.hbm2ddl.TableMetadata <init>
INFO: HHH000037: Columns: [idempleados, fechaconclusion, fechacomienzo, idarealaboralhistorica]
oct 14, 2021 8:19:47 PM org.hibernate.tool.hbm2ddl.TableMetadata <init>
INFO: HHH000261: Table found: microcosmos.articulo
oct 14, 2021 8:19:47 PM org.hibernate.tool.hbm2ddl.TableMetadata <init>
INFO: HHH000037: Columns: [idsecciontienda, stockmaximo, activoarticulo, nombrearticulo, stockminimo, precioarticulo, idtalla, stock, descripcionarticulo, idarticulo]
oct 14, 2021 8:19:47 PM org.hibernate.tool.hbm2ddl.TableMetadata <init>
INFO: HHH000261: Table found: microcosmos.clientes
oct 14, 2021 8:19:47 PM org.hibernate.tool.hbm2ddl.TableMetadata <init>
INFO: HHH000037: Columns: [telefonocliente, direccioncliente, idtipodocumento, idsexo, documento, activocliente, idcliente, nombrecliente, apellidocliente, correocliente]
oct 14, 2021 8:19:47 PM org.hibernate.tool.hbm2ddl.TableMetadata <init>
INFO: HHH000261: Table found: microcosmos.compra
oct 14, 2021 8:19:47 PM org.hibernate.tool.hbm2ddl.TableMetadata <init>
INFO: HHH000037: Columns: [idcompra, fechapedido, idproveedor, idempleados, fecharecibido, totalcompra, idestado]
oct 14, 2021 8:19:47 PM org.hibernate.tool.hbm2ddl.TableMetadata <init>
INFO: HHH000261: Table found: microcosmos.detallecompra
oct 14, 2021 8:19:47 PM org.hibernate.tool.hbm2ddl.TableMetadata <init>
INFO: HHH000037: Columns: [idcompra, iddetallecompra, preciocompra, cantidad, idarticulo]
oct 14, 2021 8:19:47 PM org.hibernate.tool.hbm2ddl.TableMetadata <init>
INFO: HHH000261: Table found: microcosmos.detalleventa
oct 14, 2021 8:19:47 PM org.hibernate.tool.hbm2ddl.TableMetadata <init>
INFO: HHH000037: Columns: [idventa, iddetalleventa, cantidad, idarticulo]
oct 14, 2021 8:19:47 PM org.hibernate.tool.hbm2ddl.TableMetadata <init>
INFO: HHH000261: Table found: microcosmos.empleados
oct 14, 2021 8:19:47 PM org.hibernate.tool.hbm2ddl.TableMetadata <init>
INFO: HHH000037: Columns: [idempleados, idarealaboral, idtipodocumento, idsexo, telefonoempleado, documento, nombreempleado, correoempleado, apellidoempleado, fechadenacimiento, activoempleado]
oct 14, 2021 8:19:47 PM org.hibernate.tool.hbm2ddl.TableMetadata <init>
INFO: HHH000261: Table found: microcosmos.entidades
oct 14, 2021 8:19:47 PM org.hibernate.tool.hbm2ddl.TableMetadata <init>
INFO: HHH000037: Columns: [identidad, activoentidad, nombreentidad]
oct 14, 2021 8:19:47 PM org.hibernate.tool.hbm2ddl.TableMetadata <init>
INFO: HHH000261: Table found: microcosmos.estado
oct 14, 2021 8:19:47 PM org.hibernate.tool.hbm2ddl.TableMetadata <init>
INFO: HHH000037: Columns: [nombreestado, activoestado, identidad, descripcionestado, idestado]
oct 14, 2021 8:19:47 PM org.hibernate.tool.hbm2ddl.TableMetadata <init>
INFO: HHH000261: Table found: microcosmos.facturasdevueltas
oct 14, 2021 8:19:47 PM org.hibernate.tool.hbm2ddl.TableMetadata <init>
INFO: HHH000037: Columns: [idventa, descripcion, fechadevolucion, idempleados, idfacturadevuelta]
oct 14, 2021 8:19:47 PM org.hibernate.tool.hbm2ddl.TableMetadata <init>
INFO: HHH000261: Table found: microcosmos.parametros
oct 14, 2021 8:19:47 PM org.hibernate.tool.hbm2ddl.TableMetadata <init>
INFO: HHH000037: Columns: [facturainicial, fechaemision, facturafinal, activoparametros, fechacaducidad, cai, idparametros]
oct 14, 2021 8:19:47 PM org.hibernate.tool.hbm2ddl.TableMetadata <init>
INFO: HHH000261: Table found: microcosmos.pedidosdevueltos
oct 14, 2021 8:19:47 PM org.hibernate.tool.hbm2ddl.TableMetadata <init>
INFO: HHH000037: Columns: [idcompra, descripcion, idempleados, idpedidosdevueltos, fechaanulacion]
oct 14, 2021 8:19:47 PM org.hibernate.tool.hbm2ddl.TableMetadata <init>
INFO: HHH000261: Table found: microcosmos.preciohistorico
oct 14, 2021 8:19:47 PM org.hibernate.tool.hbm2ddl.TableMetadata <init>
INFO: HHH000037: Columns: [precio, idpreciohistorico, fechainicial, fechafinal, idarticulo, activopreciohistorico]
oct 14, 2021 8:19:47 PM org.hibernate.tool.hbm2ddl.TableMetadata <init>
INFO: HHH000261: Table found: microcosmos.proveedores
oct 14, 2021 8:19:47 PM org.hibernate.tool.hbm2ddl.TableMetadata <init>
INFO: HHH000037: Columns: [idproveedor, activoproveedor, idtipodocumento, nombreproveedor, correoproveedor, telefonoproveedor, documento, ubicacionproveedor]
oct 14, 2021 8:19:47 PM org.hibernate.tool.hbm2ddl.TableMetadata <init>
INFO: HHH000261: Table found: microcosmos.secciontienda
oct 14, 2021 8:19:47 PM org.hibernate.tool.hbm2ddl.TableMetadata <init>
INFO: HHH000037: Columns: [idsecciontienda, descripcionsecciontienda, nombresecciontienda, activosecciontienda]
oct 14, 2021 8:19:47 PM org.hibernate.tool.hbm2ddl.TableMetadata <init>
INFO: HHH000261: Table found: microcosmos.sexo
oct 14, 2021 8:19:47 PM org.hibernate.tool.hbm2ddl.TableMetadata <init>
INFO: HHH000037: Columns: [idsexo, nombresexo, descripcionsexo]
oct 14, 2021 8:19:47 PM org.hibernate.tool.hbm2ddl.TableMetadata <init>
INFO: HHH000261: Table found: microcosmos.talla
oct 14, 2021 8:19:47 PM org.hibernate.tool.hbm2ddl.TableMetadata <init>
INFO: HHH000037: Columns: [activotalla, nombretalla, descripciontalla, idtalla]
oct 14, 2021 8:19:47 PM org.hibernate.tool.hbm2ddl.TableMetadata <init>
INFO: HHH000261: Table found: microcosmos.tipodepago
oct 14, 2021 8:19:47 PM org.hibernate.tool.hbm2ddl.TableMetadata <init>
INFO: HHH000037: Columns: [descripciontipodepago, nombretipodepago, idtipodepago, activotipodepago]
oct 14, 2021 8:19:47 PM org.hibernate.tool.hbm2ddl.TableMetadata <init>
INFO: HHH000261: Table found: microcosmos.tipodocumento
oct 14, 2021 8:19:47 PM org.hibernate.tool.hbm2ddl.TableMetadata <init>
INFO: HHH000037: Columns: [nombretipodocumento, descripciontipodocumento, activotipodocumento, idtipodocumento]
oct 14, 2021 8:19:47 PM org.hibernate.tool.hbm2ddl.TableMetadata <init>
INFO: HHH000261: Table found: microcosmos.usuarios
oct 14, 2021 8:19:47 PM org.hibernate.tool.hbm2ddl.TableMetadata <init>
INFO: HHH000037: Columns: [nombreusuario, idempleados, numerodeintentos, activousuario, admin, contrasena, idusuario]
oct 14, 2021 8:19:47 PM org.hibernate.tool.hbm2ddl.TableMetadata <init>
INFO: HHH000261: Table found: microcosmos.venta
oct 14, 2021 8:19:47 PM org.hibernate.tool.hbm2ddl.TableMetadata <init>
INFO: HHH000037: Columns: [numtarjeta, idtipodepago, formato, montoefectivo, idcliente, idestado, idventa, total, idempleados, impuesto, subtotal, montotarjeta, fechaventa, idparametros]
oct 14, 2021 8:19:47 PM org.hibernate.jpa.internal.EntityManagerFactoryRegistry addEntityManagerFactory
WARN: HHH000436: Entity manager factory name (DB) is already registered.  If entity manager will be clustered or passivated, specify a unique value for property 'hibernate.ejb.entitymanager_factory_name'
oct 14, 2021 8:19:47 PM org.hibernate.ejb.HibernatePersistence logDeprecation
WARN: HHH015016: Encountered a deprecated javax.persistence.spi.PersistenceProvider [org.hibernate.ejb.HibernatePersistence]; use [org.hibernate.jpa.HibernatePersistenceProvider] instead.
oct 14, 2021 8:19:47 PM org.hibernate.ejb.HibernatePersistence logDeprecation
WARN: HHH015016: Encountered a deprecated javax.persistence.spi.PersistenceProvider [org.hibernate.ejb.HibernatePersistence]; use [org.hibernate.jpa.HibernatePersistenceProvider] instead.
oct 14, 2021 8:19:47 PM org.hibernate.ejb.HibernatePersistence logDeprecation
WARN: HHH015016: Encountered a deprecated javax.persistence.spi.PersistenceProvider [org.hibernate.ejb.HibernatePersistence]; use [org.hibernate.jpa.HibernatePersistenceProvider] instead.
oct 14, 2021 8:19:47 PM org.hibernate.jpa.internal.util.LogHelper logPersistenceUnitInformation
INFO: HHH000204: Processing PersistenceUnitInfo [
	name: DB
	...]
oct 14, 2021 8:19:47 PM org.hibernate.engine.jdbc.connections.internal.DriverManagerConnectionProviderImpl configure
WARN: HHH000402: Using Hibernate built-in connection pool (not for production use!)
oct 14, 2021 8:19:47 PM org.hibernate.engine.jdbc.connections.internal.DriverManagerConnectionProviderImpl buildCreator
INFO: HHH000401: using driver [com.mysql.jdbc.Driver] at URL [jdbc:mysql://localhost:3306/Microcosmos?zeroDateTimeBehavior=convertToNull]
oct 14, 2021 8:19:47 PM org.hibernate.engine.jdbc.connections.internal.DriverManagerConnectionProviderImpl buildCreator
INFO: HHH000046: Connection properties: {user=root, password=****}
oct 14, 2021 8:19:47 PM org.hibernate.engine.jdbc.connections.internal.DriverManagerConnectionProviderImpl buildCreator
INFO: HHH000006: Autocommit mode: false
oct 14, 2021 8:19:47 PM org.hibernate.engine.jdbc.connections.internal.DriverManagerConnectionProviderImpl configure
INFO: HHH000115: Hibernate connection pool size: 20 (min=1)
oct 14, 2021 8:19:47 PM org.hibernate.dialect.Dialect <init>
INFO: HHH000400: Using dialect: org.hibernate.dialect.MySQLDialect
oct 14, 2021 8:19:47 PM org.hibernate.hql.internal.ast.ASTQueryTranslatorFactory <init>
INFO: HHH000397: Using ASTQueryTranslatorFactory
oct 14, 2021 8:19:47 PM org.hibernate.tool.hbm2ddl.SchemaValidator validate
INFO: HHH000229: Running schema validator
oct 14, 2021 8:19:47 PM org.hibernate.tool.hbm2ddl.SchemaValidator validate
INFO: HHH000102: Fetching database metadata
oct 14, 2021 8:19:47 PM org.hibernate.tool.hbm2ddl.TableMetadata <init>
INFO: HHH000261: Table found: microcosmos.arealaboral
oct 14, 2021 8:19:47 PM org.hibernate.tool.hbm2ddl.TableMetadata <init>
INFO: HHH000037: Columns: [idarealaboral, descripcionarealaboral, nombrearealaboral, activoarealaboral]
oct 14, 2021 8:19:47 PM org.hibernate.tool.hbm2ddl.TableMetadata <init>
INFO: HHH000261: Table found: microcosmos.arealaboralhistorica
oct 14, 2021 8:19:47 PM org.hibernate.tool.hbm2ddl.TableMetadata <init>
INFO: HHH000037: Columns: [idempleados, fechaconclusion, fechacomienzo, idarealaboralhistorica]
oct 14, 2021 8:19:47 PM org.hibernate.tool.hbm2ddl.TableMetadata <init>
INFO: HHH000261: Table found: microcosmos.articulo
oct 14, 2021 8:19:47 PM org.hibernate.tool.hbm2ddl.TableMetadata <init>
INFO: HHH000037: Columns: [idsecciontienda, stockmaximo, activoarticulo, nombrearticulo, stockminimo, precioarticulo, idtalla, stock, descripcionarticulo, idarticulo]
oct 14, 2021 8:19:47 PM org.hibernate.tool.hbm2ddl.TableMetadata <init>
INFO: HHH000261: Table found: microcosmos.clientes
oct 14, 2021 8:19:47 PM org.hibernate.tool.hbm2ddl.TableMetadata <init>
INFO: HHH000037: Columns: [telefonocliente, direccioncliente, idtipodocumento, idsexo, documento, activocliente, idcliente, nombrecliente, apellidocliente, correocliente]
oct 14, 2021 8:19:47 PM org.hibernate.tool.hbm2ddl.TableMetadata <init>
INFO: HHH000261: Table found: microcosmos.compra
oct 14, 2021 8:19:47 PM org.hibernate.tool.hbm2ddl.TableMetadata <init>
INFO: HHH000037: Columns: [idcompra, fechapedido, idproveedor, idempleados, fecharecibido, totalcompra, idestado]
oct 14, 2021 8:19:47 PM org.hibernate.tool.hbm2ddl.TableMetadata <init>
INFO: HHH000261: Table found: microcosmos.detallecompra
oct 14, 2021 8:19:47 PM org.hibernate.tool.hbm2ddl.TableMetadata <init>
INFO: HHH000037: Columns: [idcompra, iddetallecompra, preciocompra, cantidad, idarticulo]
oct 14, 2021 8:19:47 PM org.hibernate.tool.hbm2ddl.TableMetadata <init>
INFO: HHH000261: Table found: microcosmos.detalleventa
oct 14, 2021 8:19:47 PM org.hibernate.tool.hbm2ddl.TableMetadata <init>
INFO: HHH000037: Columns: [idventa, iddetalleventa, cantidad, idarticulo]
oct 14, 2021 8:19:47 PM org.hibernate.tool.hbm2ddl.TableMetadata <init>
INFO: HHH000261: Table found: microcosmos.empleados
oct 14, 2021 8:19:47 PM org.hibernate.tool.hbm2ddl.TableMetadata <init>
INFO: HHH000037: Columns: [idempleados, idarealaboral, idtipodocumento, idsexo, telefonoempleado, documento, nombreempleado, correoempleado, apellidoempleado, fechadenacimiento, activoempleado]
oct 14, 2021 8:19:47 PM org.hibernate.tool.hbm2ddl.TableMetadata <init>
INFO: HHH000261: Table found: microcosmos.entidades
oct 14, 2021 8:19:47 PM org.hibernate.tool.hbm2ddl.TableMetadata <init>
INFO: HHH000037: Columns: [identidad, activoentidad, nombreentidad]
oct 14, 2021 8:19:47 PM org.hibernate.tool.hbm2ddl.TableMetadata <init>
INFO: HHH000261: Table found: microcosmos.estado
oct 14, 2021 8:19:47 PM org.hibernate.tool.hbm2ddl.TableMetadata <init>
INFO: HHH000037: Columns: [nombreestado, activoestado, identidad, descripcionestado, idestado]
oct 14, 2021 8:19:47 PM org.hibernate.tool.hbm2ddl.TableMetadata <init>
INFO: HHH000261: Table found: microcosmos.facturasdevueltas
oct 14, 2021 8:19:47 PM org.hibernate.tool.hbm2ddl.TableMetadata <init>
INFO: HHH000037: Columns: [idventa, descripcion, fechadevolucion, idempleados, idfacturadevuelta]
oct 14, 2021 8:19:47 PM org.hibernate.tool.hbm2ddl.TableMetadata <init>
INFO: HHH000261: Table found: microcosmos.parametros
oct 14, 2021 8:19:47 PM org.hibernate.tool.hbm2ddl.TableMetadata <init>
INFO: HHH000037: Columns: [facturainicial, fechaemision, facturafinal, activoparametros, fechacaducidad, cai, idparametros]
oct 14, 2021 8:19:47 PM org.hibernate.tool.hbm2ddl.TableMetadata <init>
INFO: HHH000261: Table found: microcosmos.pedidosdevueltos
oct 14, 2021 8:19:47 PM org.hibernate.tool.hbm2ddl.TableMetadata <init>
INFO: HHH000037: Columns: [idcompra, descripcion, idempleados, idpedidosdevueltos, fechaanulacion]
oct 14, 2021 8:19:47 PM org.hibernate.tool.hbm2ddl.TableMetadata <init>
INFO: HHH000261: Table found: microcosmos.preciohistorico
oct 14, 2021 8:19:47 PM org.hibernate.tool.hbm2ddl.TableMetadata <init>
INFO: HHH000037: Columns: [precio, idpreciohistorico, fechainicial, fechafinal, idarticulo, activopreciohistorico]
oct 14, 2021 8:19:47 PM org.hibernate.tool.hbm2ddl.TableMetadata <init>
INFO: HHH000261: Table found: microcosmos.proveedores
oct 14, 2021 8:19:47 PM org.hibernate.tool.hbm2ddl.TableMetadata <init>
INFO: HHH000037: Columns: [idproveedor, activoproveedor, idtipodocumento, nombreproveedor, correoproveedor, telefonoproveedor, documento, ubicacionproveedor]
oct 14, 2021 8:19:47 PM org.hibernate.tool.hbm2ddl.TableMetadata <init>
INFO: HHH000261: Table found: microcosmos.secciontienda
oct 14, 2021 8:19:47 PM org.hibernate.tool.hbm2ddl.TableMetadata <init>
INFO: HHH000037: Columns: [idsecciontienda, descripcionsecciontienda, nombresecciontienda, activosecciontienda]
oct 14, 2021 8:19:47 PM org.hibernate.tool.hbm2ddl.TableMetadata <init>
INFO: HHH000261: Table found: microcosmos.sexo
oct 14, 2021 8:19:47 PM org.hibernate.tool.hbm2ddl.TableMetadata <init>
INFO: HHH000037: Columns: [idsexo, nombresexo, descripcionsexo]
oct 14, 2021 8:19:47 PM org.hibernate.tool.hbm2ddl.TableMetadata <init>
INFO: HHH000261: Table found: microcosmos.talla
oct 14, 2021 8:19:47 PM org.hibernate.tool.hbm2ddl.TableMetadata <init>
INFO: HHH000037: Columns: [activotalla, nombretalla, descripciontalla, idtalla]
oct 14, 2021 8:19:47 PM org.hibernate.tool.hbm2ddl.TableMetadata <init>
INFO: HHH000261: Table found: microcosmos.tipodepago
oct 14, 2021 8:19:47 PM org.hibernate.tool.hbm2ddl.TableMetadata <init>
INFO: HHH000037: Columns: [descripciontipodepago, nombretipodepago, idtipodepago, activotipodepago]
oct 14, 2021 8:19:47 PM org.hibernate.tool.hbm2ddl.TableMetadata <init>
INFO: HHH000261: Table found: microcosmos.tipodocumento
oct 14, 2021 8:19:47 PM org.hibernate.tool.hbm2ddl.TableMetadata <init>
INFO: HHH000037: Columns: [nombretipodocumento, descripciontipodocumento, activotipodocumento, idtipodocumento]
oct 14, 2021 8:19:47 PM org.hibernate.tool.hbm2ddl.TableMetadata <init>
INFO: HHH000261: Table found: microcosmos.usuarios
oct 14, 2021 8:19:47 PM org.hibernate.tool.hbm2ddl.TableMetadata <init>
INFO: HHH000037: Columns: [nombreusuario, idempleados, numerodeintentos, activousuario, admin, contrasena, idusuario]
oct 14, 2021 8:19:47 PM org.hibernate.tool.hbm2ddl.TableMetadata <init>
INFO: HHH000261: Table found: microcosmos.venta
oct 14, 2021 8:19:47 PM org.hibernate.tool.hbm2ddl.TableMetadata <init>
INFO: HHH000037: Columns: [numtarjeta, idtipodepago, formato, montoefectivo, idcliente, idestado, idventa, total, idempleados, impuesto, subtotal, montotarjeta, fechaventa, idparametros]
oct 14, 2021 8:19:47 PM org.hibernate.jpa.internal.EntityManagerFactoryRegistry addEntityManagerFactory
WARN: HHH000436: Entity manager factory name (DB) is already registered.  If entity manager will be clustered or passivated, specify a unique value for property 'hibernate.ejb.entitymanager_factory_name'
oct 14, 2021 8:19:47 PM org.hibernate.ejb.HibernatePersistence logDeprecation
WARN: HHH015016: Encountered a deprecated javax.persistence.spi.PersistenceProvider [org.hibernate.ejb.HibernatePersistence]; use [org.hibernate.jpa.HibernatePersistenceProvider] instead.
oct 14, 2021 8:19:47 PM org.hibernate.ejb.HibernatePersistence logDeprecation
WARN: HHH015016: Encountered a deprecated javax.persistence.spi.PersistenceProvider [org.hibernate.ejb.HibernatePersistence]; use [org.hibernate.jpa.HibernatePersistenceProvider] instead.
oct 14, 2021 8:19:47 PM org.hibernate.ejb.HibernatePersistence logDeprecation
WARN: HHH015016: Encountered a deprecated javax.persistence.spi.PersistenceProvider [org.hibernate.ejb.HibernatePersistence]; use [org.hibernate.jpa.HibernatePersistenceProvider] instead.
oct 14, 2021 8:19:47 PM org.hibernate.jpa.internal.util.LogHelper logPersistenceUnitInformation
INFO: HHH000204: Processing PersistenceUnitInfo [
	name: DB
	...]
oct 14, 2021 8:19:47 PM org.hibernate.engine.jdbc.connections.internal.DriverManagerConnectionProviderImpl configure
WARN: HHH000402: Using Hibernate built-in connection pool (not for production use!)
oct 14, 2021 8:19:47 PM org.hibernate.engine.jdbc.connections.internal.DriverManagerConnectionProviderImpl buildCreator
INFO: HHH000401: using driver [com.mysql.jdbc.Driver] at URL [jdbc:mysql://localhost:3306/Microcosmos?zeroDateTimeBehavior=convertToNull]
oct 14, 2021 8:19:47 PM org.hibernate.engine.jdbc.connections.internal.DriverManagerConnectionProviderImpl buildCreator
INFO: HHH000046: Connection properties: {user=root, password=****}
oct 14, 2021 8:19:47 PM org.hibernate.engine.jdbc.connections.internal.DriverManagerConnectionProviderImpl buildCreator
INFO: HHH000006: Autocommit mode: false
oct 14, 2021 8:19:47 PM org.hibernate.engine.jdbc.connections.internal.DriverManagerConnectionProviderImpl configure
INFO: HHH000115: Hibernate connection pool size: 20 (min=1)
oct 14, 2021 8:19:47 PM org.hibernate.dialect.Dialect <init>
INFO: HHH000400: Using dialect: org.hibernate.dialect.MySQLDialect
oct 14, 2021 8:19:47 PM org.hibernate.hql.internal.ast.ASTQueryTranslatorFactory <init>
INFO: HHH000397: Using ASTQueryTranslatorFactory
oct 14, 2021 8:19:47 PM org.hibernate.tool.hbm2ddl.SchemaValidator validate
INFO: HHH000229: Running schema validator
oct 14, 2021 8:19:47 PM org.hibernate.tool.hbm2ddl.SchemaValidator validate
INFO: HHH000102: Fetching database metadata
oct 14, 2021 8:19:47 PM org.hibernate.tool.hbm2ddl.TableMetadata <init>
INFO: HHH000261: Table found: microcosmos.arealaboral
oct 14, 2021 8:19:47 PM org.hibernate.tool.hbm2ddl.TableMetadata <init>
INFO: HHH000037: Columns: [idarealaboral, descripcionarealaboral, nombrearealaboral, activoarealaboral]
oct 14, 2021 8:19:47 PM org.hibernate.tool.hbm2ddl.TableMetadata <init>
INFO: HHH000261: Table found: microcosmos.arealaboralhistorica
oct 14, 2021 8:19:47 PM org.hibernate.tool.hbm2ddl.TableMetadata <init>
INFO: HHH000037: Columns: [idempleados, fechaconclusion, fechacomienzo, idarealaboralhistorica]
oct 14, 2021 8:19:47 PM org.hibernate.tool.hbm2ddl.TableMetadata <init>
INFO: HHH000261: Table found: microcosmos.articulo
oct 14, 2021 8:19:47 PM org.hibernate.tool.hbm2ddl.TableMetadata <init>
INFO: HHH000037: Columns: [idsecciontienda, stockmaximo, activoarticulo, nombrearticulo, stockminimo, precioarticulo, idtalla, stock, descripcionarticulo, idarticulo]
oct 14, 2021 8:19:47 PM org.hibernate.tool.hbm2ddl.TableMetadata <init>
INFO: HHH000261: Table found: microcosmos.clientes
oct 14, 2021 8:19:47 PM org.hibernate.tool.hbm2ddl.TableMetadata <init>
INFO: HHH000037: Columns: [telefonocliente, direccioncliente, idtipodocumento, idsexo, documento, activocliente, idcliente, nombrecliente, apellidocliente, correocliente]
oct 14, 2021 8:19:47 PM org.hibernate.tool.hbm2ddl.TableMetadata <init>
INFO: HHH000261: Table found: microcosmos.compra
oct 14, 2021 8:19:47 PM org.hibernate.tool.hbm2ddl.TableMetadata <init>
INFO: HHH000037: Columns: [idcompra, fechapedido, idproveedor, idempleados, fecharecibido, totalcompra, idestado]
oct 14, 2021 8:19:47 PM org.hibernate.tool.hbm2ddl.TableMetadata <init>
INFO: HHH000261: Table found: microcosmos.detallecompra
oct 14, 2021 8:19:47 PM org.hibernate.tool.hbm2ddl.TableMetadata <init>
INFO: HHH000037: Columns: [idcompra, iddetallecompra, preciocompra, cantidad, idarticulo]
oct 14, 2021 8:19:47 PM org.hibernate.tool.hbm2ddl.TableMetadata <init>
INFO: HHH000261: Table found: microcosmos.detalleventa
oct 14, 2021 8:19:47 PM org.hibernate.tool.hbm2ddl.TableMetadata <init>
INFO: HHH000037: Columns: [idventa, iddetalleventa, cantidad, idarticulo]
oct 14, 2021 8:19:47 PM org.hibernate.tool.hbm2ddl.TableMetadata <init>
INFO: HHH000261: Table found: microcosmos.empleados
oct 14, 2021 8:19:47 PM org.hibernate.tool.hbm2ddl.TableMetadata <init>
INFO: HHH000037: Columns: [idempleados, idarealaboral, idtipodocumento, idsexo, telefonoempleado, documento, nombreempleado, correoempleado, apellidoempleado, fechadenacimiento, activoempleado]
oct 14, 2021 8:19:47 PM org.hibernate.tool.hbm2ddl.TableMetadata <init>
INFO: HHH000261: Table found: microcosmos.entidades
oct 14, 2021 8:19:47 PM org.hibernate.tool.hbm2ddl.TableMetadata <init>
INFO: HHH000037: Columns: [identidad, activoentidad, nombreentidad]
oct 14, 2021 8:19:47 PM org.hibernate.tool.hbm2ddl.TableMetadata <init>
INFO: HHH000261: Table found: microcosmos.estado
oct 14, 2021 8:19:47 PM org.hibernate.tool.hbm2ddl.TableMetadata <init>
INFO: HHH000037: Columns: [nombreestado, activoestado, identidad, descripcionestado, idestado]
oct 14, 2021 8:19:47 PM org.hibernate.tool.hbm2ddl.TableMetadata <init>
INFO: HHH000261: Table found: microcosmos.facturasdevueltas
oct 14, 2021 8:19:47 PM org.hibernate.tool.hbm2ddl.TableMetadata <init>
INFO: HHH000037: Columns: [idventa, descripcion, fechadevolucion, idempleados, idfacturadevuelta]
oct 14, 2021 8:19:47 PM org.hibernate.tool.hbm2ddl.TableMetadata <init>
INFO: HHH000261: Table found: microcosmos.parametros
oct 14, 2021 8:19:47 PM org.hibernate.tool.hbm2ddl.TableMetadata <init>
INFO: HHH000037: Columns: [facturainicial, fechaemision, facturafinal, activoparametros, fechacaducidad, cai, idparametros]
oct 14, 2021 8:19:47 PM org.hibernate.tool.hbm2ddl.TableMetadata <init>
INFO: HHH000261: Table found: microcosmos.pedidosdevueltos
oct 14, 2021 8:19:47 PM org.hibernate.tool.hbm2ddl.TableMetadata <init>
INFO: HHH000037: Columns: [idcompra, descripcion, idempleados, idpedidosdevueltos, fechaanulacion]
oct 14, 2021 8:19:47 PM org.hibernate.tool.hbm2ddl.TableMetadata <init>
INFO: HHH000261: Table found: microcosmos.preciohistorico
oct 14, 2021 8:19:47 PM org.hibernate.tool.hbm2ddl.TableMetadata <init>
INFO: HHH000037: Columns: [precio, idpreciohistorico, fechainicial, fechafinal, idarticulo, activopreciohistorico]
oct 14, 2021 8:19:47 PM org.hibernate.tool.hbm2ddl.TableMetadata <init>
INFO: HHH000261: Table found: microcosmos.proveedores
oct 14, 2021 8:19:47 PM org.hibernate.tool.hbm2ddl.TableMetadata <init>
INFO: HHH000037: Columns: [idproveedor, activoproveedor, idtipodocumento, nombreproveedor, correoproveedor, telefonoproveedor, documento, ubicacionproveedor]
oct 14, 2021 8:19:47 PM org.hibernate.tool.hbm2ddl.TableMetadata <init>
INFO: HHH000261: Table found: microcosmos.secciontienda
oct 14, 2021 8:19:47 PM org.hibernate.tool.hbm2ddl.TableMetadata <init>
INFO: HHH000037: Columns: [idsecciontienda, descripcionsecciontienda, nombresecciontienda, activosecciontienda]
oct 14, 2021 8:19:47 PM org.hibernate.tool.hbm2ddl.TableMetadata <init>
INFO: HHH000261: Table found: microcosmos.sexo
oct 14, 2021 8:19:47 PM org.hibernate.tool.hbm2ddl.TableMetadata <init>
INFO: HHH000037: Columns: [idsexo, nombresexo, descripcionsexo]
oct 14, 2021 8:19:47 PM org.hibernate.tool.hbm2ddl.TableMetadata <init>
INFO: HHH000261: Table found: microcosmos.talla
oct 14, 2021 8:19:47 PM org.hibernate.tool.hbm2ddl.TableMetadata <init>
INFO: HHH000037: Columns: [activotalla, nombretalla, descripciontalla, idtalla]
oct 14, 2021 8:19:47 PM org.hibernate.tool.hbm2ddl.TableMetadata <init>
INFO: HHH000261: Table found: microcosmos.tipodepago
oct 14, 2021 8:19:47 PM org.hibernate.tool.hbm2ddl.TableMetadata <init>
INFO: HHH000037: Columns: [descripciontipodepago, nombretipodepago, idtipodepago, activotipodepago]
oct 14, 2021 8:19:47 PM org.hibernate.tool.hbm2ddl.TableMetadata <init>
INFO: HHH000261: Table found: microcosmos.tipodocumento
oct 14, 2021 8:19:47 PM org.hibernate.tool.hbm2ddl.TableMetadata <init>
INFO: HHH000037: Columns: [nombretipodocumento, descripciontipodocumento, activotipodocumento, idtipodocumento]
oct 14, 2021 8:19:47 PM org.hibernate.tool.hbm2ddl.TableMetadata <init>
INFO: HHH000261: Table found: microcosmos.usuarios
oct 14, 2021 8:19:47 PM org.hibernate.tool.hbm2ddl.TableMetadata <init>
INFO: HHH000037: Columns: [nombreusuario, idempleados, numerodeintentos, activousuario, admin, contrasena, idusuario]
oct 14, 2021 8:19:47 PM org.hibernate.tool.hbm2ddl.TableMetadata <init>
INFO: HHH000261: Table found: microcosmos.venta
oct 14, 2021 8:19:47 PM org.hibernate.tool.hbm2ddl.TableMetadata <init>
INFO: HHH000037: Columns: [numtarjeta, idtipodepago, formato, montoefectivo, idcliente, idestado, idventa, total, idempleados, impuesto, subtotal, montotarjeta, fechaventa, idparametros]
oct 14, 2021 8:19:47 PM org.hibernate.jpa.internal.EntityManagerFactoryRegistry addEntityManagerFactory
WARN: HHH000436: Entity manager factory name (DB) is already registered.  If entity manager will be clustered or passivated, specify a unique value for property 'hibernate.ejb.entitymanager_factory_name'
oct 14, 2021 8:19:47 PM org.hibernate.ejb.HibernatePersistence logDeprecation
WARN: HHH015016: Encountered a deprecated javax.persistence.spi.PersistenceProvider [org.hibernate.ejb.HibernatePersistence]; use [org.hibernate.jpa.HibernatePersistenceProvider] instead.
oct 14, 2021 8:19:47 PM org.hibernate.ejb.HibernatePersistence logDeprecation
WARN: HHH015016: Encountered a deprecated javax.persistence.spi.PersistenceProvider [org.hibernate.ejb.HibernatePersistence]; use [org.hibernate.jpa.HibernatePersistenceProvider] instead.
oct 14, 2021 8:19:47 PM org.hibernate.ejb.HibernatePersistence logDeprecation
WARN: HHH015016: Encountered a deprecated javax.persistence.spi.PersistenceProvider [org.hibernate.ejb.HibernatePersistence]; use [org.hibernate.jpa.HibernatePersistenceProvider] instead.
oct 14, 2021 8:19:47 PM org.hibernate.jpa.internal.util.LogHelper logPersistenceUnitInformation
INFO: HHH000204: Processing PersistenceUnitInfo [
	name: DB
	...]
oct 14, 2021 8:19:47 PM org.hibernate.engine.jdbc.connections.internal.DriverManagerConnectionProviderImpl configure
WARN: HHH000402: Using Hibernate built-in connection pool (not for production use!)
oct 14, 2021 8:19:47 PM org.hibernate.engine.jdbc.connections.internal.DriverManagerConnectionProviderImpl buildCreator
INFO: HHH000401: using driver [com.mysql.jdbc.Driver] at URL [jdbc:mysql://localhost:3306/Microcosmos?zeroDateTimeBehavior=convertToNull]
oct 14, 2021 8:19:47 PM org.hibernate.engine.jdbc.connections.internal.DriverManagerConnectionProviderImpl buildCreator
INFO: HHH000046: Connection properties: {user=root, password=****}
oct 14, 2021 8:19:47 PM org.hibernate.engine.jdbc.connections.internal.DriverManagerConnectionProviderImpl buildCreator
INFO: HHH000006: Autocommit mode: false
oct 14, 2021 8:19:47 PM org.hibernate.engine.jdbc.connections.internal.DriverManagerConnectionProviderImpl configure
INFO: HHH000115: Hibernate connection pool size: 20 (min=1)
oct 14, 2021 8:19:47 PM org.hibernate.dialect.Dialect <init>
INFO: HHH000400: Using dialect: org.hibernate.dialect.MySQLDialect
oct 14, 2021 8:19:47 PM org.hibernate.hql.internal.ast.ASTQueryTranslatorFactory <init>
INFO: HHH000397: Using ASTQueryTranslatorFactory
oct 14, 2021 8:19:47 PM org.hibernate.tool.hbm2ddl.SchemaValidator validate
INFO: HHH000229: Running schema validator
oct 14, 2021 8:19:47 PM org.hibernate.tool.hbm2ddl.SchemaValidator validate
INFO: HHH000102: Fetching database metadata
oct 14, 2021 8:19:47 PM org.hibernate.tool.hbm2ddl.TableMetadata <init>
INFO: HHH000261: Table found: microcosmos.arealaboral
oct 14, 2021 8:19:47 PM org.hibernate.tool.hbm2ddl.TableMetadata <init>
INFO: HHH000037: Columns: [idarealaboral, descripcionarealaboral, nombrearealaboral, activoarealaboral]
oct 14, 2021 8:19:47 PM org.hibernate.tool.hbm2ddl.TableMetadata <init>
INFO: HHH000261: Table found: microcosmos.arealaboralhistorica
oct 14, 2021 8:19:47 PM org.hibernate.tool.hbm2ddl.TableMetadata <init>
INFO: HHH000037: Columns: [idempleados, fechaconclusion, fechacomienzo, idarealaboralhistorica]
oct 14, 2021 8:19:47 PM org.hibernate.tool.hbm2ddl.TableMetadata <init>
INFO: HHH000261: Table found: microcosmos.articulo
oct 14, 2021 8:19:47 PM org.hibernate.tool.hbm2ddl.TableMetadata <init>
INFO: HHH000037: Columns: [idsecciontienda, stockmaximo, activoarticulo, nombrearticulo, stockminimo, precioarticulo, idtalla, stock, descripcionarticulo, idarticulo]
oct 14, 2021 8:19:47 PM org.hibernate.tool.hbm2ddl.TableMetadata <init>
INFO: HHH000261: Table found: microcosmos.clientes
oct 14, 2021 8:19:47 PM org.hibernate.tool.hbm2ddl.TableMetadata <init>
INFO: HHH000037: Columns: [telefonocliente, direccioncliente, idtipodocumento, idsexo, documento, activocliente, idcliente, nombrecliente, apellidocliente, correocliente]
oct 14, 2021 8:19:47 PM org.hibernate.tool.hbm2ddl.TableMetadata <init>
INFO: HHH000261: Table found: microcosmos.compra
oct 14, 2021 8:19:47 PM org.hibernate.tool.hbm2ddl.TableMetadata <init>
INFO: HHH000037: Columns: [idcompra, fechapedido, idproveedor, idempleados, fecharecibido, totalcompra, idestado]
oct 14, 2021 8:19:47 PM org.hibernate.tool.hbm2ddl.TableMetadata <init>
INFO: HHH000261: Table found: microcosmos.detallecompra
oct 14, 2021 8:19:47 PM org.hibernate.tool.hbm2ddl.TableMetadata <init>
INFO: HHH000037: Columns: [idcompra, iddetallecompra, preciocompra, cantidad, idarticulo]
oct 14, 2021 8:19:47 PM org.hibernate.tool.hbm2ddl.TableMetadata <init>
INFO: HHH000261: Table found: microcosmos.detalleventa
oct 14, 2021 8:19:47 PM org.hibernate.tool.hbm2ddl.TableMetadata <init>
INFO: HHH000037: Columns: [idventa, iddetalleventa, cantidad, idarticulo]
oct 14, 2021 8:19:47 PM org.hibernate.tool.hbm2ddl.TableMetadata <init>
INFO: HHH000261: Table found: microcosmos.empleados
oct 14, 2021 8:19:47 PM org.hibernate.tool.hbm2ddl.TableMetadata <init>
INFO: HHH000037: Columns: [idempleados, idarealaboral, idtipodocumento, idsexo, telefonoempleado, documento, nombreempleado, correoempleado, apellidoempleado, fechadenacimiento, activoempleado]
oct 14, 2021 8:19:47 PM org.hibernate.tool.hbm2ddl.TableMetadata <init>
INFO: HHH000261: Table found: microcosmos.entidades
oct 14, 2021 8:19:47 PM org.hibernate.tool.hbm2ddl.TableMetadata <init>
INFO: HHH000037: Columns: [identidad, activoentidad, nombreentidad]
oct 14, 2021 8:19:47 PM org.hibernate.tool.hbm2ddl.TableMetadata <init>
INFO: HHH000261: Table found: microcosmos.estado
oct 14, 2021 8:19:47 PM org.hibernate.tool.hbm2ddl.TableMetadata <init>
INFO: HHH000037: Columns: [nombreestado, activoestado, identidad, descripcionestado, idestado]
oct 14, 2021 8:19:47 PM org.hibernate.tool.hbm2ddl.TableMetadata <init>
INFO: HHH000261: Table found: microcosmos.facturasdevueltas
oct 14, 2021 8:19:47 PM org.hibernate.tool.hbm2ddl.TableMetadata <init>
INFO: HHH000037: Columns: [idventa, descripcion, fechadevolucion, idempleados, idfacturadevuelta]
oct 14, 2021 8:19:47 PM org.hibernate.tool.hbm2ddl.TableMetadata <init>
INFO: HHH000261: Table found: microcosmos.parametros
oct 14, 2021 8:19:47 PM org.hibernate.tool.hbm2ddl.TableMetadata <init>
INFO: HHH000037: Columns: [facturainicial, fechaemision, facturafinal, activoparametros, fechacaducidad, cai, idparametros]
oct 14, 2021 8:19:47 PM org.hibernate.tool.hbm2ddl.TableMetadata <init>
INFO: HHH000261: Table found: microcosmos.pedidosdevueltos
oct 14, 2021 8:19:47 PM org.hibernate.tool.hbm2ddl.TableMetadata <init>
INFO: HHH000037: Columns: [idcompra, descripcion, idempleados, idpedidosdevueltos, fechaanulacion]
oct 14, 2021 8:19:47 PM org.hibernate.tool.hbm2ddl.TableMetadata <init>
INFO: HHH000261: Table found: microcosmos.preciohistorico
oct 14, 2021 8:19:47 PM org.hibernate.tool.hbm2ddl.TableMetadata <init>
INFO: HHH000037: Columns: [precio, idpreciohistorico, fechainicial, fechafinal, idarticulo, activopreciohistorico]
oct 14, 2021 8:19:47 PM org.hibernate.tool.hbm2ddl.TableMetadata <init>
INFO: HHH000261: Table found: microcosmos.proveedores
oct 14, 2021 8:19:47 PM org.hibernate.tool.hbm2ddl.TableMetadata <init>
INFO: HHH000037: Columns: [idproveedor, activoproveedor, idtipodocumento, nombreproveedor, correoproveedor, telefonoproveedor, documento, ubicacionproveedor]
oct 14, 2021 8:19:47 PM org.hibernate.tool.hbm2ddl.TableMetadata <init>
INFO: HHH000261: Table found: microcosmos.secciontienda
oct 14, 2021 8:19:47 PM org.hibernate.tool.hbm2ddl.TableMetadata <init>
INFO: HHH000037: Columns: [idsecciontienda, descripcionsecciontienda, nombresecciontienda, activosecciontienda]
oct 14, 2021 8:19:47 PM org.hibernate.tool.hbm2ddl.TableMetadata <init>
INFO: HHH000261: Table found: microcosmos.sexo
oct 14, 2021 8:19:47 PM org.hibernate.tool.hbm2ddl.TableMetadata <init>
INFO: HHH000037: Columns: [idsexo, nombresexo, descripcionsexo]
oct 14, 2021 8:19:47 PM org.hibernate.tool.hbm2ddl.TableMetadata <init>
INFO: HHH000261: Table found: microcosmos.talla
oct 14, 2021 8:19:47 PM org.hibernate.tool.hbm2ddl.TableMetadata <init>
INFO: HHH000037: Columns: [activotalla, nombretalla, descripciontalla, idtalla]
oct 14, 2021 8:19:47 PM org.hibernate.tool.hbm2ddl.TableMetadata <init>
INFO: HHH000261: Table found: microcosmos.tipodepago
oct 14, 2021 8:19:47 PM org.hibernate.tool.hbm2ddl.TableMetadata <init>
INFO: HHH000037: Columns: [descripciontipodepago, nombretipodepago, idtipodepago, activotipodepago]
oct 14, 2021 8:19:47 PM org.hibernate.tool.hbm2ddl.TableMetadata <init>
INFO: HHH000261: Table found: microcosmos.tipodocumento
oct 14, 2021 8:19:47 PM org.hibernate.tool.hbm2ddl.TableMetadata <init>
INFO: HHH000037: Columns: [nombretipodocumento, descripciontipodocumento, activotipodocumento, idtipodocumento]
oct 14, 2021 8:19:47 PM org.hibernate.tool.hbm2ddl.TableMetadata <init>
INFO: HHH000261: Table found: microcosmos.usuarios
oct 14, 2021 8:19:47 PM org.hibernate.tool.hbm2ddl.TableMetadata <init>
INFO: HHH000037: Columns: [nombreusuario, idempleados, numerodeintentos, activousuario, admin, contrasena, idusuario]
oct 14, 2021 8:19:47 PM org.hibernate.tool.hbm2ddl.TableMetadata <init>
INFO: HHH000261: Table found: microcosmos.venta
oct 14, 2021 8:19:47 PM org.hibernate.tool.hbm2ddl.TableMetadata <init>
INFO: HHH000037: Columns: [numtarjeta, idtipodepago, formato, montoefectivo, idcliente, idestado, idventa, total, idempleados, impuesto, subtotal, montotarjeta, fechaventa, idparametros]
oct 14, 2021 8:19:47 PM org.hibernate.jpa.internal.EntityManagerFactoryRegistry addEntityManagerFactory
WARN: HHH000436: Entity manager factory name (DB) is already registered.  If entity manager will be clustered or passivated, specify a unique value for property 'hibernate.ejb.entitymanager_factory_name'
oct 14, 2021 8:19:47 PM org.hibernate.ejb.HibernatePersistence logDeprecation
WARN: HHH015016: Encountered a deprecated javax.persistence.spi.PersistenceProvider [org.hibernate.ejb.HibernatePersistence]; use [org.hibernate.jpa.HibernatePersistenceProvider] instead.
oct 14, 2021 8:19:47 PM org.hibernate.ejb.HibernatePersistence logDeprecation
WARN: HHH015016: Encountered a deprecated javax.persistence.spi.PersistenceProvider [org.hibernate.ejb.HibernatePersistence]; use [org.hibernate.jpa.HibernatePersistenceProvider] instead.
oct 14, 2021 8:19:47 PM org.hibernate.ejb.HibernatePersistence logDeprecation
WARN: HHH015016: Encountered a deprecated javax.persistence.spi.PersistenceProvider [org.hibernate.ejb.HibernatePersistence]; use [org.hibernate.jpa.HibernatePersistenceProvider] instead.
oct 14, 2021 8:19:47 PM org.hibernate.jpa.internal.util.LogHelper logPersistenceUnitInformation
INFO: HHH000204: Processing PersistenceUnitInfo [
	name: DB
	...]
oct 14, 2021 8:19:47 PM org.hibernate.engine.jdbc.connections.internal.DriverManagerConnectionProviderImpl configure
WARN: HHH000402: Using Hibernate built-in connection pool (not for production use!)
oct 14, 2021 8:19:47 PM org.hibernate.engine.jdbc.connections.internal.DriverManagerConnectionProviderImpl buildCreator
INFO: HHH000401: using driver [com.mysql.jdbc.Driver] at URL [jdbc:mysql://localhost:3306/Microcosmos?zeroDateTimeBehavior=convertToNull]
oct 14, 2021 8:19:47 PM org.hibernate.engine.jdbc.connections.internal.DriverManagerConnectionProviderImpl buildCreator
INFO: HHH000046: Connection properties: {user=root, password=****}
oct 14, 2021 8:19:47 PM org.hibernate.engine.jdbc.connections.internal.DriverManagerConnectionProviderImpl buildCreator
INFO: HHH000006: Autocommit mode: false
oct 14, 2021 8:19:47 PM org.hibernate.engine.jdbc.connections.internal.DriverManagerConnectionProviderImpl configure
INFO: HHH000115: Hibernate connection pool size: 20 (min=1)
oct 14, 2021 8:19:47 PM org.hibernate.dialect.Dialect <init>
INFO: HHH000400: Using dialect: org.hibernate.dialect.MySQLDialect
oct 14, 2021 8:19:47 PM org.hibernate.hql.internal.ast.ASTQueryTranslatorFactory <init>
INFO: HHH000397: Using ASTQueryTranslatorFactory
oct 14, 2021 8:19:47 PM org.hibernate.tool.hbm2ddl.SchemaValidator validate
INFO: HHH000229: Running schema validator
oct 14, 2021 8:19:47 PM org.hibernate.tool.hbm2ddl.SchemaValidator validate
INFO: HHH000102: Fetching database metadata
oct 14, 2021 8:19:47 PM org.hibernate.tool.hbm2ddl.TableMetadata <init>
INFO: HHH000261: Table found: microcosmos.arealaboral
oct 14, 2021 8:19:47 PM org.hibernate.tool.hbm2ddl.TableMetadata <init>
INFO: HHH000037: Columns: [idarealaboral, descripcionarealaboral, nombrearealaboral, activoarealaboral]
oct 14, 2021 8:19:47 PM org.hibernate.tool.hbm2ddl.TableMetadata <init>
INFO: HHH000261: Table found: microcosmos.arealaboralhistorica
oct 14, 2021 8:19:47 PM org.hibernate.tool.hbm2ddl.TableMetadata <init>
INFO: HHH000037: Columns: [idempleados, fechaconclusion, fechacomienzo, idarealaboralhistorica]
oct 14, 2021 8:19:47 PM org.hibernate.tool.hbm2ddl.TableMetadata <init>
INFO: HHH000261: Table found: microcosmos.articulo
oct 14, 2021 8:19:47 PM org.hibernate.tool.hbm2ddl.TableMetadata <init>
INFO: HHH000037: Columns: [idsecciontienda, stockmaximo, activoarticulo, nombrearticulo, stockminimo, precioarticulo, idtalla, stock, descripcionarticulo, idarticulo]
oct 14, 2021 8:19:47 PM org.hibernate.tool.hbm2ddl.TableMetadata <init>
INFO: HHH000261: Table found: microcosmos.clientes
oct 14, 2021 8:19:47 PM org.hibernate.tool.hbm2ddl.TableMetadata <init>
INFO: HHH000037: Columns: [telefonocliente, direccioncliente, idtipodocumento, idsexo, documento, activocliente, idcliente, nombrecliente, apellidocliente, correocliente]
oct 14, 2021 8:19:47 PM org.hibernate.tool.hbm2ddl.TableMetadata <init>
INFO: HHH000261: Table found: microcosmos.compra
oct 14, 2021 8:19:47 PM org.hibernate.tool.hbm2ddl.TableMetadata <init>
INFO: HHH000037: Columns: [idcompra, fechapedido, idproveedor, idempleados, fecharecibido, totalcompra, idestado]
oct 14, 2021 8:19:47 PM org.hibernate.tool.hbm2ddl.TableMetadata <init>
INFO: HHH000261: Table found: microcosmos.detallecompra
oct 14, 2021 8:19:47 PM org.hibernate.tool.hbm2ddl.TableMetadata <init>
INFO: HHH000037: Columns: [idcompra, iddetallecompra, preciocompra, cantidad, idarticulo]
oct 14, 2021 8:19:47 PM org.hibernate.tool.hbm2ddl.TableMetadata <init>
INFO: HHH000261: Table found: microcosmos.detalleventa
oct 14, 2021 8:19:47 PM org.hibernate.tool.hbm2ddl.TableMetadata <init>
INFO: HHH000037: Columns: [idventa, iddetalleventa, cantidad, idarticulo]
oct 14, 2021 8:19:47 PM org.hibernate.tool.hbm2ddl.TableMetadata <init>
INFO: HHH000261: Table found: microcosmos.empleados
oct 14, 2021 8:19:47 PM org.hibernate.tool.hbm2ddl.TableMetadata <init>
INFO: HHH000037: Columns: [idempleados, idarealaboral, idtipodocumento, idsexo, telefonoempleado, documento, nombreempleado, correoempleado, apellidoempleado, fechadenacimiento, activoempleado]
oct 14, 2021 8:19:47 PM org.hibernate.tool.hbm2ddl.TableMetadata <init>
INFO: HHH000261: Table found: microcosmos.entidades
oct 14, 2021 8:19:47 PM org.hibernate.tool.hbm2ddl.TableMetadata <init>
INFO: HHH000037: Columns: [identidad, activoentidad, nombreentidad]
oct 14, 2021 8:19:47 PM org.hibernate.tool.hbm2ddl.TableMetadata <init>
INFO: HHH000261: Table found: microcosmos.estado
oct 14, 2021 8:19:47 PM org.hibernate.tool.hbm2ddl.TableMetadata <init>
INFO: HHH000037: Columns: [nombreestado, activoestado, identidad, descripcionestado, idestado]
oct 14, 2021 8:19:47 PM org.hibernate.tool.hbm2ddl.TableMetadata <init>
INFO: HHH000261: Table found: microcosmos.facturasdevueltas
oct 14, 2021 8:19:47 PM org.hibernate.tool.hbm2ddl.TableMetadata <init>
INFO: HHH000037: Columns: [idventa, descripcion, fechadevolucion, idempleados, idfacturadevuelta]
oct 14, 2021 8:19:47 PM org.hibernate.tool.hbm2ddl.TableMetadata <init>
INFO: HHH000261: Table found: microcosmos.parametros
oct 14, 2021 8:19:47 PM org.hibernate.tool.hbm2ddl.TableMetadata <init>
INFO: HHH000037: Columns: [facturainicial, fechaemision, facturafinal, activoparametros, fechacaducidad, cai, idparametros]
oct 14, 2021 8:19:47 PM org.hibernate.tool.hbm2ddl.TableMetadata <init>
INFO: HHH000261: Table found: microcosmos.pedidosdevueltos
oct 14, 2021 8:19:47 PM org.hibernate.tool.hbm2ddl.TableMetadata <init>
INFO: HHH000037: Columns: [idcompra, descripcion, idempleados, idpedidosdevueltos, fechaanulacion]
oct 14, 2021 8:19:47 PM org.hibernate.tool.hbm2ddl.TableMetadata <init>
INFO: HHH000261: Table found: microcosmos.preciohistorico
oct 14, 2021 8:19:47 PM org.hibernate.tool.hbm2ddl.TableMetadata <init>
INFO: HHH000037: Columns: [precio, idpreciohistorico, fechainicial, fechafinal, idarticulo, activopreciohistorico]
oct 14, 2021 8:19:47 PM org.hibernate.tool.hbm2ddl.TableMetadata <init>
INFO: HHH000261: Table found: microcosmos.proveedores
oct 14, 2021 8:19:47 PM org.hibernate.tool.hbm2ddl.TableMetadata <init>
INFO: HHH000037: Columns: [idproveedor, activoproveedor, idtipodocumento, nombreproveedor, correoproveedor, telefonoproveedor, documento, ubicacionproveedor]
oct 14, 2021 8:19:47 PM org.hibernate.tool.hbm2ddl.TableMetadata <init>
INFO: HHH000261: Table found: microcosmos.secciontienda
oct 14, 2021 8:19:47 PM org.hibernate.tool.hbm2ddl.TableMetadata <init>
INFO: HHH000037: Columns: [idsecciontienda, descripcionsecciontienda, nombresecciontienda, activosecciontienda]
oct 14, 2021 8:19:47 PM org.hibernate.tool.hbm2ddl.TableMetadata <init>
INFO: HHH000261: Table found: microcosmos.sexo
oct 14, 2021 8:19:47 PM org.hibernate.tool.hbm2ddl.TableMetadata <init>
INFO: HHH000037: Columns: [idsexo, nombresexo, descripcionsexo]
oct 14, 2021 8:19:47 PM org.hibernate.tool.hbm2ddl.TableMetadata <init>
INFO: HHH000261: Table found: microcosmos.talla
oct 14, 2021 8:19:47 PM org.hibernate.tool.hbm2ddl.TableMetadata <init>
INFO: HHH000037: Columns: [activotalla, nombretalla, descripciontalla, idtalla]
oct 14, 2021 8:19:47 PM org.hibernate.tool.hbm2ddl.TableMetadata <init>
INFO: HHH000261: Table found: microcosmos.tipodepago
oct 14, 2021 8:19:47 PM org.hibernate.tool.hbm2ddl.TableMetadata <init>
INFO: HHH000037: Columns: [descripciontipodepago, nombretipodepago, idtipodepago, activotipodepago]
oct 14, 2021 8:19:47 PM org.hibernate.tool.hbm2ddl.TableMetadata <init>
INFO: HHH000261: Table found: microcosmos.tipodocumento
oct 14, 2021 8:19:47 PM org.hibernate.tool.hbm2ddl.TableMetadata <init>
INFO: HHH000037: Columns: [nombretipodocumento, descripciontipodocumento, activotipodocumento, idtipodocumento]
oct 14, 2021 8:19:47 PM org.hibernate.tool.hbm2ddl.TableMetadata <init>
INFO: HHH000261: Table found: microcosmos.usuarios
oct 14, 2021 8:19:47 PM org.hibernate.tool.hbm2ddl.TableMetadata <init>
INFO: HHH000037: Columns: [nombreusuario, idempleados, numerodeintentos, activousuario, admin, contrasena, idusuario]
oct 14, 2021 8:19:47 PM org.hibernate.tool.hbm2ddl.TableMetadata <init>
INFO: HHH000261: Table found: microcosmos.venta
oct 14, 2021 8:19:47 PM org.hibernate.tool.hbm2ddl.TableMetadata <init>
INFO: HHH000037: Columns: [numtarjeta, idtipodepago, formato, montoefectivo, idcliente, idestado, idventa, total, idempleados, impuesto, subtotal, montotarjeta, fechaventa, idparametros]
oct 14, 2021 8:19:47 PM org.hibernate.jpa.internal.EntityManagerFactoryRegistry addEntityManagerFactory
WARN: HHH000436: Entity manager factory name (DB) is already registered.  If entity manager will be clustered or passivated, specify a unique value for property 'hibernate.ejb.entitymanager_factory_name'
oct 14, 2021 8:19:47 PM org.hibernate.ejb.HibernatePersistence logDeprecation
WARN: HHH015016: Encountered a deprecated javax.persistence.spi.PersistenceProvider [org.hibernate.ejb.HibernatePersistence]; use [org.hibernate.jpa.HibernatePersistenceProvider] instead.
oct 14, 2021 8:19:47 PM org.hibernate.ejb.HibernatePersistence logDeprecation
WARN: HHH015016: Encountered a deprecated javax.persistence.spi.PersistenceProvider [org.hibernate.ejb.HibernatePersistence]; use [org.hibernate.jpa.HibernatePersistenceProvider] instead.
oct 14, 2021 8:19:47 PM org.hibernate.ejb.HibernatePersistence logDeprecation
WARN: HHH015016: Encountered a deprecated javax.persistence.spi.PersistenceProvider [org.hibernate.ejb.HibernatePersistence]; use [org.hibernate.jpa.HibernatePersistenceProvider] instead.
oct 14, 2021 8:19:47 PM org.hibernate.jpa.internal.util.LogHelper logPersistenceUnitInformation
INFO: HHH000204: Processing PersistenceUnitInfo [
	name: DB
	...]
oct 14, 2021 8:19:47 PM org.hibernate.engine.jdbc.connections.internal.DriverManagerConnectionProviderImpl configure
WARN: HHH000402: Using Hibernate built-in connection pool (not for production use!)
oct 14, 2021 8:19:47 PM org.hibernate.engine.jdbc.connections.internal.DriverManagerConnectionProviderImpl buildCreator
INFO: HHH000401: using driver [com.mysql.jdbc.Driver] at URL [jdbc:mysql://localhost:3306/Microcosmos?zeroDateTimeBehavior=convertToNull]
oct 14, 2021 8:19:47 PM org.hibernate.engine.jdbc.connections.internal.DriverManagerConnectionProviderImpl buildCreator
INFO: HHH000046: Connection properties: {user=root, password=****}
oct 14, 2021 8:19:47 PM org.hibernate.engine.jdbc.connections.internal.DriverManagerConnectionProviderImpl buildCreator
INFO: HHH000006: Autocommit mode: false
oct 14, 2021 8:19:47 PM org.hibernate.engine.jdbc.connections.internal.DriverManagerConnectionProviderImpl configure
INFO: HHH000115: Hibernate connection pool size: 20 (min=1)
oct 14, 2021 8:19:47 PM org.hibernate.dialect.Dialect <init>
INFO: HHH000400: Using dialect: org.hibernate.dialect.MySQLDialect
oct 14, 2021 8:19:47 PM org.hibernate.hql.internal.ast.ASTQueryTranslatorFactory <init>
INFO: HHH000397: Using ASTQueryTranslatorFactory
oct 14, 2021 8:19:47 PM org.hibernate.tool.hbm2ddl.SchemaValidator validate
INFO: HHH000229: Running schema validator
oct 14, 2021 8:19:47 PM org.hibernate.tool.hbm2ddl.SchemaValidator validate
INFO: HHH000102: Fetching database metadata
oct 14, 2021 8:19:47 PM org.hibernate.tool.hbm2ddl.TableMetadata <init>
INFO: HHH000261: Table found: microcosmos.arealaboral
oct 14, 2021 8:19:47 PM org.hibernate.tool.hbm2ddl.TableMetadata <init>
INFO: HHH000037: Columns: [idarealaboral, descripcionarealaboral, nombrearealaboral, activoarealaboral]
oct 14, 2021 8:19:47 PM org.hibernate.tool.hbm2ddl.TableMetadata <init>
INFO: HHH000261: Table found: microcosmos.arealaboralhistorica
oct 14, 2021 8:19:47 PM org.hibernate.tool.hbm2ddl.TableMetadata <init>
INFO: HHH000037: Columns: [idempleados, fechaconclusion, fechacomienzo, idarealaboralhistorica]
oct 14, 2021 8:19:47 PM org.hibernate.tool.hbm2ddl.TableMetadata <init>
INFO: HHH000261: Table found: microcosmos.articulo
oct 14, 2021 8:19:47 PM org.hibernate.tool.hbm2ddl.TableMetadata <init>
INFO: HHH000037: Columns: [idsecciontienda, stockmaximo, activoarticulo, nombrearticulo, stockminimo, precioarticulo, idtalla, stock, descripcionarticulo, idarticulo]
oct 14, 2021 8:19:47 PM org.hibernate.tool.hbm2ddl.TableMetadata <init>
INFO: HHH000261: Table found: microcosmos.clientes
oct 14, 2021 8:19:47 PM org.hibernate.tool.hbm2ddl.TableMetadata <init>
INFO: HHH000037: Columns: [telefonocliente, direccioncliente, idtipodocumento, idsexo, documento, activocliente, idcliente, nombrecliente, apellidocliente, correocliente]
oct 14, 2021 8:19:47 PM org.hibernate.tool.hbm2ddl.TableMetadata <init>
INFO: HHH000261: Table found: microcosmos.compra
oct 14, 2021 8:19:47 PM org.hibernate.tool.hbm2ddl.TableMetadata <init>
INFO: HHH000037: Columns: [idcompra, fechapedido, idproveedor, idempleados, fecharecibido, totalcompra, idestado]
oct 14, 2021 8:19:47 PM org.hibernate.tool.hbm2ddl.TableMetadata <init>
INFO: HHH000261: Table found: microcosmos.detallecompra
oct 14, 2021 8:19:47 PM org.hibernate.tool.hbm2ddl.TableMetadata <init>
INFO: HHH000037: Columns: [idcompra, iddetallecompra, preciocompra, cantidad, idarticulo]
oct 14, 2021 8:19:47 PM org.hibernate.tool.hbm2ddl.TableMetadata <init>
INFO: HHH000261: Table found: microcosmos.detalleventa
oct 14, 2021 8:19:47 PM org.hibernate.tool.hbm2ddl.TableMetadata <init>
INFO: HHH000037: Columns: [idventa, iddetalleventa, cantidad, idarticulo]
oct 14, 2021 8:19:47 PM org.hibernate.tool.hbm2ddl.TableMetadata <init>
INFO: HHH000261: Table found: microcosmos.empleados
oct 14, 2021 8:19:47 PM org.hibernate.tool.hbm2ddl.TableMetadata <init>
INFO: HHH000037: Columns: [idempleados, idarealaboral, idtipodocumento, idsexo, telefonoempleado, documento, nombreempleado, correoempleado, apellidoempleado, fechadenacimiento, activoempleado]
oct 14, 2021 8:19:47 PM org.hibernate.tool.hbm2ddl.TableMetadata <init>
INFO: HHH000261: Table found: microcosmos.entidades
oct 14, 2021 8:19:47 PM org.hibernate.tool.hbm2ddl.TableMetadata <init>
INFO: HHH000037: Columns: [identidad, activoentidad, nombreentidad]
oct 14, 2021 8:19:47 PM org.hibernate.tool.hbm2ddl.TableMetadata <init>
INFO: HHH000261: Table found: microcosmos.estado
oct 14, 2021 8:19:47 PM org.hibernate.tool.hbm2ddl.TableMetadata <init>
INFO: HHH000037: Columns: [nombreestado, activoestado, identidad, descripcionestado, idestado]
oct 14, 2021 8:19:47 PM org.hibernate.tool.hbm2ddl.TableMetadata <init>
INFO: HHH000261: Table found: microcosmos.facturasdevueltas
oct 14, 2021 8:19:47 PM org.hibernate.tool.hbm2ddl.TableMetadata <init>
INFO: HHH000037: Columns: [idventa, descripcion, fechadevolucion, idempleados, idfacturadevuelta]
oct 14, 2021 8:19:47 PM org.hibernate.tool.hbm2ddl.TableMetadata <init>
INFO: HHH000261: Table found: microcosmos.parametros
oct 14, 2021 8:19:47 PM org.hibernate.tool.hbm2ddl.TableMetadata <init>
INFO: HHH000037: Columns: [facturainicial, fechaemision, facturafinal, activoparametros, fechacaducidad, cai, idparametros]
oct 14, 2021 8:19:47 PM org.hibernate.tool.hbm2ddl.TableMetadata <init>
INFO: HHH000261: Table found: microcosmos.pedidosdevueltos
oct 14, 2021 8:19:47 PM org.hibernate.tool.hbm2ddl.TableMetadata <init>
INFO: HHH000037: Columns: [idcompra, descripcion, idempleados, idpedidosdevueltos, fechaanulacion]
oct 14, 2021 8:19:47 PM org.hibernate.tool.hbm2ddl.TableMetadata <init>
INFO: HHH000261: Table found: microcosmos.preciohistorico
oct 14, 2021 8:19:47 PM org.hibernate.tool.hbm2ddl.TableMetadata <init>
INFO: HHH000037: Columns: [precio, idpreciohistorico, fechainicial, fechafinal, idarticulo, activopreciohistorico]
oct 14, 2021 8:19:47 PM org.hibernate.tool.hbm2ddl.TableMetadata <init>
INFO: HHH000261: Table found: microcosmos.proveedores
oct 14, 2021 8:19:47 PM org.hibernate.tool.hbm2ddl.TableMetadata <init>
INFO: HHH000037: Columns: [idproveedor, activoproveedor, idtipodocumento, nombreproveedor, correoproveedor, telefonoproveedor, documento, ubicacionproveedor]
oct 14, 2021 8:19:47 PM org.hibernate.tool.hbm2ddl.TableMetadata <init>
INFO: HHH000261: Table found: microcosmos.secciontienda
oct 14, 2021 8:19:47 PM org.hibernate.tool.hbm2ddl.TableMetadata <init>
INFO: HHH000037: Columns: [idsecciontienda, descripcionsecciontienda, nombresecciontienda, activosecciontienda]
oct 14, 2021 8:19:47 PM org.hibernate.tool.hbm2ddl.TableMetadata <init>
INFO: HHH000261: Table found: microcosmos.sexo
oct 14, 2021 8:19:47 PM org.hibernate.tool.hbm2ddl.TableMetadata <init>
INFO: HHH000037: Columns: [idsexo, nombresexo, descripcionsexo]
oct 14, 2021 8:19:47 PM org.hibernate.tool.hbm2ddl.TableMetadata <init>
INFO: HHH000261: Table found: microcosmos.talla
oct 14, 2021 8:19:47 PM org.hibernate.tool.hbm2ddl.TableMetadata <init>
INFO: HHH000037: Columns: [activotalla, nombretalla, descripciontalla, idtalla]
oct 14, 2021 8:19:47 PM org.hibernate.tool.hbm2ddl.TableMetadata <init>
INFO: HHH000261: Table found: microcosmos.tipodepago
oct 14, 2021 8:19:47 PM org.hibernate.tool.hbm2ddl.TableMetadata <init>
INFO: HHH000037: Columns: [descripciontipodepago, nombretipodepago, idtipodepago, activotipodepago]
oct 14, 2021 8:19:47 PM org.hibernate.tool.hbm2ddl.TableMetadata <init>
INFO: HHH000261: Table found: microcosmos.tipodocumento
oct 14, 2021 8:19:47 PM org.hibernate.tool.hbm2ddl.TableMetadata <init>
INFO: HHH000037: Columns: [nombretipodocumento, descripciontipodocumento, activotipodocumento, idtipodocumento]
oct 14, 2021 8:19:47 PM org.hibernate.tool.hbm2ddl.TableMetadata <init>
INFO: HHH000261: Table found: microcosmos.usuarios
oct 14, 2021 8:19:47 PM org.hibernate.tool.hbm2ddl.TableMetadata <init>
INFO: HHH000037: Columns: [nombreusuario, idempleados, numerodeintentos, activousuario, admin, contrasena, idusuario]
oct 14, 2021 8:19:47 PM org.hibernate.tool.hbm2ddl.TableMetadata <init>
INFO: HHH000261: Table found: microcosmos.venta
oct 14, 2021 8:19:47 PM org.hibernate.tool.hbm2ddl.TableMetadata <init>
INFO: HHH000037: Columns: [numtarjeta, idtipodepago, formato, montoefectivo, idcliente, idestado, idventa, total, idempleados, impuesto, subtotal, montotarjeta, fechaventa, idparametros]
oct 14, 2021 8:19:47 PM org.hibernate.jpa.internal.EntityManagerFactoryRegistry addEntityManagerFactory
WARN: HHH000436: Entity manager factory name (DB) is already registered.  If entity manager will be clustered or passivated, specify a unique value for property 'hibernate.ejb.entitymanager_factory_name'
oct 14, 2021 8:19:47 PM org.hibernate.ejb.HibernatePersistence logDeprecation
WARN: HHH015016: Encountered a deprecated javax.persistence.spi.PersistenceProvider [org.hibernate.ejb.HibernatePersistence]; use [org.hibernate.jpa.HibernatePersistenceProvider] instead.
oct 14, 2021 8:19:47 PM org.hibernate.ejb.HibernatePersistence logDeprecation
WARN: HHH015016: Encountered a deprecated javax.persistence.spi.PersistenceProvider [org.hibernate.ejb.HibernatePersistence]; use [org.hibernate.jpa.HibernatePersistenceProvider] instead.
oct 14, 2021 8:19:47 PM org.hibernate.ejb.HibernatePersistence logDeprecation
WARN: HHH015016: Encountered a deprecated javax.persistence.spi.PersistenceProvider [org.hibernate.ejb.HibernatePersistence]; use [org.hibernate.jpa.HibernatePersistenceProvider] instead.
oct 14, 2021 8:19:47 PM org.hibernate.jpa.internal.util.LogHelper logPersistenceUnitInformation
INFO: HHH000204: Processing PersistenceUnitInfo [
	name: DB
	...]
oct 14, 2021 8:19:48 PM org.hibernate.engine.jdbc.connections.internal.DriverManagerConnectionProviderImpl configure
WARN: HHH000402: Using Hibernate built-in connection pool (not for production use!)
oct 14, 2021 8:19:48 PM org.hibernate.engine.jdbc.connections.internal.DriverManagerConnectionProviderImpl buildCreator
INFO: HHH000401: using driver [com.mysql.jdbc.Driver] at URL [jdbc:mysql://localhost:3306/Microcosmos?zeroDateTimeBehavior=convertToNull]
oct 14, 2021 8:19:48 PM org.hibernate.engine.jdbc.connections.internal.DriverManagerConnectionProviderImpl buildCreator
INFO: HHH000046: Connection properties: {user=root, password=****}
oct 14, 2021 8:19:48 PM org.hibernate.engine.jdbc.connections.internal.DriverManagerConnectionProviderImpl buildCreator
INFO: HHH000006: Autocommit mode: false
oct 14, 2021 8:19:48 PM org.hibernate.engine.jdbc.connections.internal.DriverManagerConnectionProviderImpl configure
INFO: HHH000115: Hibernate connection pool size: 20 (min=1)
oct 14, 2021 8:19:48 PM org.hibernate.dialect.Dialect <init>
INFO: HHH000400: Using dialect: org.hibernate.dialect.MySQLDialect
oct 14, 2021 8:19:48 PM org.hibernate.hql.internal.ast.ASTQueryTranslatorFactory <init>
INFO: HHH000397: Using ASTQueryTranslatorFactory
oct 14, 2021 8:19:48 PM org.hibernate.tool.hbm2ddl.SchemaValidator validate
INFO: HHH000229: Running schema validator
oct 14, 2021 8:19:48 PM org.hibernate.tool.hbm2ddl.SchemaValidator validate
INFO: HHH000102: Fetching database metadata
oct 14, 2021 8:19:48 PM org.hibernate.tool.hbm2ddl.TableMetadata <init>
INFO: HHH000261: Table found: microcosmos.arealaboral
oct 14, 2021 8:19:48 PM org.hibernate.tool.hbm2ddl.TableMetadata <init>
INFO: HHH000037: Columns: [idarealaboral, descripcionarealaboral, nombrearealaboral, activoarealaboral]
oct 14, 2021 8:19:48 PM org.hibernate.tool.hbm2ddl.TableMetadata <init>
INFO: HHH000261: Table found: microcosmos.arealaboralhistorica
oct 14, 2021 8:19:48 PM org.hibernate.tool.hbm2ddl.TableMetadata <init>
INFO: HHH000037: Columns: [idempleados, fechaconclusion, fechacomienzo, idarealaboralhistorica]
oct 14, 2021 8:19:48 PM org.hibernate.tool.hbm2ddl.TableMetadata <init>
INFO: HHH000261: Table found: microcosmos.articulo
oct 14, 2021 8:19:48 PM org.hibernate.tool.hbm2ddl.TableMetadata <init>
INFO: HHH000037: Columns: [idsecciontienda, stockmaximo, activoarticulo, nombrearticulo, stockminimo, precioarticulo, idtalla, stock, descripcionarticulo, idarticulo]
oct 14, 2021 8:19:48 PM org.hibernate.tool.hbm2ddl.TableMetadata <init>
INFO: HHH000261: Table found: microcosmos.clientes
oct 14, 2021 8:19:48 PM org.hibernate.tool.hbm2ddl.TableMetadata <init>
INFO: HHH000037: Columns: [telefonocliente, direccioncliente, idtipodocumento, idsexo, documento, activocliente, idcliente, nombrecliente, apellidocliente, correocliente]
oct 14, 2021 8:19:48 PM org.hibernate.tool.hbm2ddl.TableMetadata <init>
INFO: HHH000261: Table found: microcosmos.compra
oct 14, 2021 8:19:48 PM org.hibernate.tool.hbm2ddl.TableMetadata <init>
INFO: HHH000037: Columns: [idcompra, fechapedido, idproveedor, idempleados, fecharecibido, totalcompra, idestado]
oct 14, 2021 8:19:48 PM org.hibernate.tool.hbm2ddl.TableMetadata <init>
INFO: HHH000261: Table found: microcosmos.detallecompra
oct 14, 2021 8:19:48 PM org.hibernate.tool.hbm2ddl.TableMetadata <init>
INFO: HHH000037: Columns: [idcompra, iddetallecompra, preciocompra, cantidad, idarticulo]
oct 14, 2021 8:19:48 PM org.hibernate.tool.hbm2ddl.TableMetadata <init>
INFO: HHH000261: Table found: microcosmos.detalleventa
oct 14, 2021 8:19:48 PM org.hibernate.tool.hbm2ddl.TableMetadata <init>
INFO: HHH000037: Columns: [idventa, iddetalleventa, cantidad, idarticulo]
oct 14, 2021 8:19:48 PM org.hibernate.tool.hbm2ddl.TableMetadata <init>
INFO: HHH000261: Table found: microcosmos.empleados
oct 14, 2021 8:19:48 PM org.hibernate.tool.hbm2ddl.TableMetadata <init>
INFO: HHH000037: Columns: [idempleados, idarealaboral, idtipodocumento, idsexo, telefonoempleado, documento, nombreempleado, correoempleado, apellidoempleado, fechadenacimiento, activoempleado]
oct 14, 2021 8:19:48 PM org.hibernate.tool.hbm2ddl.TableMetadata <init>
INFO: HHH000261: Table found: microcosmos.entidades
oct 14, 2021 8:19:48 PM org.hibernate.tool.hbm2ddl.TableMetadata <init>
INFO: HHH000037: Columns: [identidad, activoentidad, nombreentidad]
oct 14, 2021 8:19:48 PM org.hibernate.tool.hbm2ddl.TableMetadata <init>
INFO: HHH000261: Table found: microcosmos.estado
oct 14, 2021 8:19:48 PM org.hibernate.tool.hbm2ddl.TableMetadata <init>
INFO: HHH000037: Columns: [nombreestado, activoestado, identidad, descripcionestado, idestado]
oct 14, 2021 8:19:48 PM org.hibernate.tool.hbm2ddl.TableMetadata <init>
INFO: HHH000261: Table found: microcosmos.facturasdevueltas
oct 14, 2021 8:19:48 PM org.hibernate.tool.hbm2ddl.TableMetadata <init>
INFO: HHH000037: Columns: [idventa, descripcion, fechadevolucion, idempleados, idfacturadevuelta]
oct 14, 2021 8:19:48 PM org.hibernate.tool.hbm2ddl.TableMetadata <init>
INFO: HHH000261: Table found: microcosmos.parametros
oct 14, 2021 8:19:48 PM org.hibernate.tool.hbm2ddl.TableMetadata <init>
INFO: HHH000037: Columns: [facturainicial, fechaemision, facturafinal, activoparametros, fechacaducidad, cai, idparametros]
oct 14, 2021 8:19:48 PM org.hibernate.tool.hbm2ddl.TableMetadata <init>
INFO: HHH000261: Table found: microcosmos.pedidosdevueltos
oct 14, 2021 8:19:48 PM org.hibernate.tool.hbm2ddl.TableMetadata <init>
INFO: HHH000037: Columns: [idcompra, descripcion, idempleados, idpedidosdevueltos, fechaanulacion]
oct 14, 2021 8:19:48 PM org.hibernate.tool.hbm2ddl.TableMetadata <init>
INFO: HHH000261: Table found: microcosmos.preciohistorico
oct 14, 2021 8:19:48 PM org.hibernate.tool.hbm2ddl.TableMetadata <init>
INFO: HHH000037: Columns: [precio, idpreciohistorico, fechainicial, fechafinal, idarticulo, activopreciohistorico]
oct 14, 2021 8:19:48 PM org.hibernate.tool.hbm2ddl.TableMetadata <init>
INFO: HHH000261: Table found: microcosmos.proveedores
oct 14, 2021 8:19:48 PM org.hibernate.tool.hbm2ddl.TableMetadata <init>
INFO: HHH000037: Columns: [idproveedor, activoproveedor, idtipodocumento, nombreproveedor, correoproveedor, telefonoproveedor, documento, ubicacionproveedor]
oct 14, 2021 8:19:48 PM org.hibernate.tool.hbm2ddl.TableMetadata <init>
INFO: HHH000261: Table found: microcosmos.secciontienda
oct 14, 2021 8:19:48 PM org.hibernate.tool.hbm2ddl.TableMetadata <init>
INFO: HHH000037: Columns: [idsecciontienda, descripcionsecciontienda, nombresecciontienda, activosecciontienda]
oct 14, 2021 8:19:48 PM org.hibernate.tool.hbm2ddl.TableMetadata <init>
INFO: HHH000261: Table found: microcosmos.sexo
oct 14, 2021 8:19:48 PM org.hibernate.tool.hbm2ddl.TableMetadata <init>
INFO: HHH000037: Columns: [idsexo, nombresexo, descripcionsexo]
oct 14, 2021 8:19:48 PM org.hibernate.tool.hbm2ddl.TableMetadata <init>
INFO: HHH000261: Table found: microcosmos.talla
oct 14, 2021 8:19:48 PM org.hibernate.tool.hbm2ddl.TableMetadata <init>
INFO: HHH000037: Columns: [activotalla, nombretalla, descripciontalla, idtalla]
oct 14, 2021 8:19:48 PM org.hibernate.tool.hbm2ddl.TableMetadata <init>
INFO: HHH000261: Table found: microcosmos.tipodepago
oct 14, 2021 8:19:48 PM org.hibernate.tool.hbm2ddl.TableMetadata <init>
INFO: HHH000037: Columns: [descripciontipodepago, nombretipodepago, idtipodepago, activotipodepago]
oct 14, 2021 8:19:48 PM org.hibernate.tool.hbm2ddl.TableMetadata <init>
INFO: HHH000261: Table found: microcosmos.tipodocumento
oct 14, 2021 8:19:48 PM org.hibernate.tool.hbm2ddl.TableMetadata <init>
INFO: HHH000037: Columns: [nombretipodocumento, descripciontipodocumento, activotipodocumento, idtipodocumento]
oct 14, 2021 8:19:48 PM org.hibernate.tool.hbm2ddl.TableMetadata <init>
INFO: HHH000261: Table found: microcosmos.usuarios
oct 14, 2021 8:19:48 PM org.hibernate.tool.hbm2ddl.TableMetadata <init>
INFO: HHH000037: Columns: [nombreusuario, idempleados, numerodeintentos, activousuario, admin, contrasena, idusuario]
oct 14, 2021 8:19:48 PM org.hibernate.tool.hbm2ddl.TableMetadata <init>
INFO: HHH000261: Table found: microcosmos.venta
oct 14, 2021 8:19:48 PM org.hibernate.tool.hbm2ddl.TableMetadata <init>
INFO: HHH000037: Columns: [numtarjeta, idtipodepago, formato, montoefectivo, idcliente, idestado, idventa, total, idempleados, impuesto, subtotal, montotarjeta, fechaventa, idparametros]
oct 14, 2021 8:19:48 PM org.hibernate.jpa.internal.EntityManagerFactoryRegistry addEntityManagerFactory
WARN: HHH000436: Entity manager factory name (DB) is already registered.  If entity manager will be clustered or passivated, specify a unique value for property 'hibernate.ejb.entitymanager_factory_name'
oct 14, 2021 8:19:48 PM org.hibernate.ejb.HibernatePersistence logDeprecation
WARN: HHH015016: Encountered a deprecated javax.persistence.spi.PersistenceProvider [org.hibernate.ejb.HibernatePersistence]; use [org.hibernate.jpa.HibernatePersistenceProvider] instead.
oct 14, 2021 8:19:48 PM org.hibernate.ejb.HibernatePersistence logDeprecation
WARN: HHH015016: Encountered a deprecated javax.persistence.spi.PersistenceProvider [org.hibernate.ejb.HibernatePersistence]; use [org.hibernate.jpa.HibernatePersistenceProvider] instead.
oct 14, 2021 8:19:48 PM org.hibernate.ejb.HibernatePersistence logDeprecation
WARN: HHH015016: Encountered a deprecated javax.persistence.spi.PersistenceProvider [org.hibernate.ejb.HibernatePersistence]; use [org.hibernate.jpa.HibernatePersistenceProvider] instead.
oct 14, 2021 8:19:48 PM org.hibernate.jpa.internal.util.LogHelper logPersistenceUnitInformation
INFO: HHH000204: Processing PersistenceUnitInfo [
	name: DB
	...]
oct 14, 2021 8:19:48 PM org.hibernate.engine.jdbc.connections.internal.DriverManagerConnectionProviderImpl configure
WARN: HHH000402: Using Hibernate built-in connection pool (not for production use!)
oct 14, 2021 8:19:48 PM org.hibernate.engine.jdbc.connections.internal.DriverManagerConnectionProviderImpl buildCreator
INFO: HHH000401: using driver [com.mysql.jdbc.Driver] at URL [jdbc:mysql://localhost:3306/Microcosmos?zeroDateTimeBehavior=convertToNull]
oct 14, 2021 8:19:48 PM org.hibernate.engine.jdbc.connections.internal.DriverManagerConnectionProviderImpl buildCreator
INFO: HHH000046: Connection properties: {user=root, password=****}
oct 14, 2021 8:19:48 PM org.hibernate.engine.jdbc.connections.internal.DriverManagerConnectionProviderImpl buildCreator
INFO: HHH000006: Autocommit mode: false
oct 14, 2021 8:19:48 PM org.hibernate.engine.jdbc.connections.internal.DriverManagerConnectionProviderImpl configure
INFO: HHH000115: Hibernate connection pool size: 20 (min=1)
oct 14, 2021 8:19:48 PM org.hibernate.dialect.Dialect <init>
INFO: HHH000400: Using dialect: org.hibernate.dialect.MySQLDialect
oct 14, 2021 8:19:48 PM org.hibernate.hql.internal.ast.ASTQueryTranslatorFactory <init>
INFO: HHH000397: Using ASTQueryTranslatorFactory
oct 14, 2021 8:19:48 PM org.hibernate.tool.hbm2ddl.SchemaValidator validate
INFO: HHH000229: Running schema validator
oct 14, 2021 8:19:48 PM org.hibernate.tool.hbm2ddl.SchemaValidator validate
INFO: HHH000102: Fetching database metadata
oct 14, 2021 8:19:48 PM org.hibernate.tool.hbm2ddl.TableMetadata <init>
INFO: HHH000261: Table found: microcosmos.arealaboral
oct 14, 2021 8:19:48 PM org.hibernate.tool.hbm2ddl.TableMetadata <init>
INFO: HHH000037: Columns: [idarealaboral, descripcionarealaboral, nombrearealaboral, activoarealaboral]
oct 14, 2021 8:19:48 PM org.hibernate.tool.hbm2ddl.TableMetadata <init>
INFO: HHH000261: Table found: microcosmos.arealaboralhistorica
oct 14, 2021 8:19:48 PM org.hibernate.tool.hbm2ddl.TableMetadata <init>
INFO: HHH000037: Columns: [idempleados, fechaconclusion, fechacomienzo, idarealaboralhistorica]
oct 14, 2021 8:19:48 PM org.hibernate.tool.hbm2ddl.TableMetadata <init>
INFO: HHH000261: Table found: microcosmos.articulo
oct 14, 2021 8:19:48 PM org.hibernate.tool.hbm2ddl.TableMetadata <init>
INFO: HHH000037: Columns: [idsecciontienda, stockmaximo, activoarticulo, nombrearticulo, stockminimo, precioarticulo, idtalla, stock, descripcionarticulo, idarticulo]
oct 14, 2021 8:19:48 PM org.hibernate.tool.hbm2ddl.TableMetadata <init>
INFO: HHH000261: Table found: microcosmos.clientes
oct 14, 2021 8:19:48 PM org.hibernate.tool.hbm2ddl.TableMetadata <init>
INFO: HHH000037: Columns: [telefonocliente, direccioncliente, idtipodocumento, idsexo, documento, activocliente, idcliente, nombrecliente, apellidocliente, correocliente]
oct 14, 2021 8:19:48 PM org.hibernate.tool.hbm2ddl.TableMetadata <init>
INFO: HHH000261: Table found: microcosmos.compra
oct 14, 2021 8:19:48 PM org.hibernate.tool.hbm2ddl.TableMetadata <init>
INFO: HHH000037: Columns: [idcompra, fechapedido, idproveedor, idempleados, fecharecibido, totalcompra, idestado]
oct 14, 2021 8:19:48 PM org.hibernate.tool.hbm2ddl.TableMetadata <init>
INFO: HHH000261: Table found: microcosmos.detallecompra
oct 14, 2021 8:19:48 PM org.hibernate.tool.hbm2ddl.TableMetadata <init>
INFO: HHH000037: Columns: [idcompra, iddetallecompra, preciocompra, cantidad, idarticulo]
oct 14, 2021 8:19:48 PM org.hibernate.tool.hbm2ddl.TableMetadata <init>
INFO: HHH000261: Table found: microcosmos.detalleventa
oct 14, 2021 8:19:48 PM org.hibernate.tool.hbm2ddl.TableMetadata <init>
INFO: HHH000037: Columns: [idventa, iddetalleventa, cantidad, idarticulo]
oct 14, 2021 8:19:48 PM org.hibernate.tool.hbm2ddl.TableMetadata <init>
INFO: HHH000261: Table found: microcosmos.empleados
oct 14, 2021 8:19:48 PM org.hibernate.tool.hbm2ddl.TableMetadata <init>
INFO: HHH000037: Columns: [idempleados, idarealaboral, idtipodocumento, idsexo, telefonoempleado, documento, nombreempleado, correoempleado, apellidoempleado, fechadenacimiento, activoempleado]
oct 14, 2021 8:19:48 PM org.hibernate.tool.hbm2ddl.TableMetadata <init>
INFO: HHH000261: Table found: microcosmos.entidades
oct 14, 2021 8:19:48 PM org.hibernate.tool.hbm2ddl.TableMetadata <init>
INFO: HHH000037: Columns: [identidad, activoentidad, nombreentidad]
oct 14, 2021 8:19:48 PM org.hibernate.tool.hbm2ddl.TableMetadata <init>
INFO: HHH000261: Table found: microcosmos.estado
oct 14, 2021 8:19:48 PM org.hibernate.tool.hbm2ddl.TableMetadata <init>
INFO: HHH000037: Columns: [nombreestado, activoestado, identidad, descripcionestado, idestado]
oct 14, 2021 8:19:48 PM org.hibernate.tool.hbm2ddl.TableMetadata <init>
INFO: HHH000261: Table found: microcosmos.facturasdevueltas
oct 14, 2021 8:19:48 PM org.hibernate.tool.hbm2ddl.TableMetadata <init>
INFO: HHH000037: Columns: [idventa, descripcion, fechadevolucion, idempleados, idfacturadevuelta]
oct 14, 2021 8:19:48 PM org.hibernate.tool.hbm2ddl.TableMetadata <init>
INFO: HHH000261: Table found: microcosmos.parametros
oct 14, 2021 8:19:48 PM org.hibernate.tool.hbm2ddl.TableMetadata <init>
INFO: HHH000037: Columns: [facturainicial, fechaemision, facturafinal, activoparametros, fechacaducidad, cai, idparametros]
oct 14, 2021 8:19:48 PM org.hibernate.tool.hbm2ddl.TableMetadata <init>
INFO: HHH000261: Table found: microcosmos.pedidosdevueltos
oct 14, 2021 8:19:48 PM org.hibernate.tool.hbm2ddl.TableMetadata <init>
INFO: HHH000037: Columns: [idcompra, descripcion, idempleados, idpedidosdevueltos, fechaanulacion]
oct 14, 2021 8:19:48 PM org.hibernate.tool.hbm2ddl.TableMetadata <init>
INFO: HHH000261: Table found: microcosmos.preciohistorico
oct 14, 2021 8:19:48 PM org.hibernate.tool.hbm2ddl.TableMetadata <init>
INFO: HHH000037: Columns: [precio, idpreciohistorico, fechainicial, fechafinal, idarticulo, activopreciohistorico]
oct 14, 2021 8:19:48 PM org.hibernate.tool.hbm2ddl.TableMetadata <init>
INFO: HHH000261: Table found: microcosmos.proveedores
oct 14, 2021 8:19:48 PM org.hibernate.tool.hbm2ddl.TableMetadata <init>
INFO: HHH000037: Columns: [idproveedor, activoproveedor, idtipodocumento, nombreproveedor, correoproveedor, telefonoproveedor, documento, ubicacionproveedor]
oct 14, 2021 8:19:48 PM org.hibernate.tool.hbm2ddl.TableMetadata <init>
INFO: HHH000261: Table found: microcosmos.secciontienda
oct 14, 2021 8:19:48 PM org.hibernate.tool.hbm2ddl.TableMetadata <init>
INFO: HHH000037: Columns: [idsecciontienda, descripcionsecciontienda, nombresecciontienda, activosecciontienda]
oct 14, 2021 8:19:48 PM org.hibernate.tool.hbm2ddl.TableMetadata <init>
INFO: HHH000261: Table found: microcosmos.sexo
oct 14, 2021 8:19:48 PM org.hibernate.tool.hbm2ddl.TableMetadata <init>
INFO: HHH000037: Columns: [idsexo, nombresexo, descripcionsexo]
oct 14, 2021 8:19:48 PM org.hibernate.tool.hbm2ddl.TableMetadata <init>
INFO: HHH000261: Table found: microcosmos.talla
oct 14, 2021 8:19:48 PM org.hibernate.tool.hbm2ddl.TableMetadata <init>
INFO: HHH000037: Columns: [activotalla, nombretalla, descripciontalla, idtalla]
oct 14, 2021 8:19:48 PM org.hibernate.tool.hbm2ddl.TableMetadata <init>
INFO: HHH000261: Table found: microcosmos.tipodepago
oct 14, 2021 8:19:48 PM org.hibernate.tool.hbm2ddl.TableMetadata <init>
INFO: HHH000037: Columns: [descripciontipodepago, nombretipodepago, idtipodepago, activotipodepago]
oct 14, 2021 8:19:48 PM org.hibernate.tool.hbm2ddl.TableMetadata <init>
INFO: HHH000261: Table found: microcosmos.tipodocumento
oct 14, 2021 8:19:48 PM org.hibernate.tool.hbm2ddl.TableMetadata <init>
INFO: HHH000037: Columns: [nombretipodocumento, descripciontipodocumento, activotipodocumento, idtipodocumento]
oct 14, 2021 8:19:48 PM org.hibernate.tool.hbm2ddl.TableMetadata <init>
INFO: HHH000261: Table found: microcosmos.usuarios
oct 14, 2021 8:19:48 PM org.hibernate.tool.hbm2ddl.TableMetadata <init>
INFO: HHH000037: Columns: [nombreusuario, idempleados, numerodeintentos, activousuario, admin, contrasena, idusuario]
oct 14, 2021 8:19:48 PM org.hibernate.tool.hbm2ddl.TableMetadata <init>
INFO: HHH000261: Table found: microcosmos.venta
oct 14, 2021 8:19:48 PM org.hibernate.tool.hbm2ddl.TableMetadata <init>
INFO: HHH000037: Columns: [numtarjeta, idtipodepago, formato, montoefectivo, idcliente, idestado, idventa, total, idempleados, impuesto, subtotal, montotarjeta, fechaventa, idparametros]
oct 14, 2021 8:19:48 PM org.hibernate.jpa.internal.EntityManagerFactoryRegistry addEntityManagerFactory
WARN: HHH000436: Entity manager factory name (DB) is already registered.  If entity manager will be clustered or passivated, specify a unique value for property 'hibernate.ejb.entitymanager_factory_name'
oct 14, 2021 8:19:48 PM org.hibernate.ejb.HibernatePersistence logDeprecation
WARN: HHH015016: Encountered a deprecated javax.persistence.spi.PersistenceProvider [org.hibernate.ejb.HibernatePersistence]; use [org.hibernate.jpa.HibernatePersistenceProvider] instead.
oct 14, 2021 8:19:48 PM org.hibernate.ejb.HibernatePersistence logDeprecation
WARN: HHH015016: Encountered a deprecated javax.persistence.spi.PersistenceProvider [org.hibernate.ejb.HibernatePersistence]; use [org.hibernate.jpa.HibernatePersistenceProvider] instead.
oct 14, 2021 8:19:48 PM org.hibernate.ejb.HibernatePersistence logDeprecation
WARN: HHH015016: Encountered a deprecated javax.persistence.spi.PersistenceProvider [org.hibernate.ejb.HibernatePersistence]; use [org.hibernate.jpa.HibernatePersistenceProvider] instead.
oct 14, 2021 8:19:48 PM org.hibernate.jpa.internal.util.LogHelper logPersistenceUnitInformation
INFO: HHH000204: Processing PersistenceUnitInfo [
	name: DB
	...]
oct 14, 2021 8:19:48 PM org.hibernate.engine.jdbc.connections.internal.DriverManagerConnectionProviderImpl configure
WARN: HHH000402: Using Hibernate built-in connection pool (not for production use!)
oct 14, 2021 8:19:48 PM org.hibernate.engine.jdbc.connections.internal.DriverManagerConnectionProviderImpl buildCreator
INFO: HHH000401: using driver [com.mysql.jdbc.Driver] at URL [jdbc:mysql://localhost:3306/Microcosmos?zeroDateTimeBehavior=convertToNull]
oct 14, 2021 8:19:48 PM org.hibernate.engine.jdbc.connections.internal.DriverManagerConnectionProviderImpl buildCreator
INFO: HHH000046: Connection properties: {user=root, password=****}
oct 14, 2021 8:19:48 PM org.hibernate.engine.jdbc.connections.internal.DriverManagerConnectionProviderImpl buildCreator
INFO: HHH000006: Autocommit mode: false
oct 14, 2021 8:19:48 PM org.hibernate.engine.jdbc.connections.internal.DriverManagerConnectionProviderImpl configure
INFO: HHH000115: Hibernate connection pool size: 20 (min=1)
oct 14, 2021 8:19:48 PM org.hibernate.dialect.Dialect <init>
INFO: HHH000400: Using dialect: org.hibernate.dialect.MySQLDialect
oct 14, 2021 8:19:48 PM org.hibernate.hql.internal.ast.ASTQueryTranslatorFactory <init>
INFO: HHH000397: Using ASTQueryTranslatorFactory
oct 14, 2021 8:19:48 PM org.hibernate.tool.hbm2ddl.SchemaValidator validate
INFO: HHH000229: Running schema validator
oct 14, 2021 8:19:48 PM org.hibernate.tool.hbm2ddl.SchemaValidator validate
INFO: HHH000102: Fetching database metadata
oct 14, 2021 8:19:48 PM org.hibernate.tool.hbm2ddl.TableMetadata <init>
INFO: HHH000261: Table found: microcosmos.arealaboral
oct 14, 2021 8:19:48 PM org.hibernate.tool.hbm2ddl.TableMetadata <init>
INFO: HHH000037: Columns: [idarealaboral, descripcionarealaboral, nombrearealaboral, activoarealaboral]
oct 14, 2021 8:19:48 PM org.hibernate.tool.hbm2ddl.TableMetadata <init>
INFO: HHH000261: Table found: microcosmos.arealaboralhistorica
oct 14, 2021 8:19:48 PM org.hibernate.tool.hbm2ddl.TableMetadata <init>
INFO: HHH000037: Columns: [idempleados, fechaconclusion, fechacomienzo, idarealaboralhistorica]
oct 14, 2021 8:19:48 PM org.hibernate.tool.hbm2ddl.TableMetadata <init>
INFO: HHH000261: Table found: microcosmos.articulo
oct 14, 2021 8:19:48 PM org.hibernate.tool.hbm2ddl.TableMetadata <init>
INFO: HHH000037: Columns: [idsecciontienda, stockmaximo, activoarticulo, nombrearticulo, stockminimo, precioarticulo, idtalla, stock, descripcionarticulo, idarticulo]
oct 14, 2021 8:19:48 PM org.hibernate.tool.hbm2ddl.TableMetadata <init>
INFO: HHH000261: Table found: microcosmos.clientes
oct 14, 2021 8:19:48 PM org.hibernate.tool.hbm2ddl.TableMetadata <init>
INFO: HHH000037: Columns: [telefonocliente, direccioncliente, idtipodocumento, idsexo, documento, activocliente, idcliente, nombrecliente, apellidocliente, correocliente]
oct 14, 2021 8:19:48 PM org.hibernate.tool.hbm2ddl.TableMetadata <init>
INFO: HHH000261: Table found: microcosmos.compra
oct 14, 2021 8:19:48 PM org.hibernate.tool.hbm2ddl.TableMetadata <init>
INFO: HHH000037: Columns: [idcompra, fechapedido, idproveedor, idempleados, fecharecibido, totalcompra, idestado]
oct 14, 2021 8:19:48 PM org.hibernate.tool.hbm2ddl.TableMetadata <init>
INFO: HHH000261: Table found: microcosmos.detallecompra
oct 14, 2021 8:19:48 PM org.hibernate.tool.hbm2ddl.TableMetadata <init>
INFO: HHH000037: Columns: [idcompra, iddetallecompra, preciocompra, cantidad, idarticulo]
oct 14, 2021 8:19:48 PM org.hibernate.tool.hbm2ddl.TableMetadata <init>
INFO: HHH000261: Table found: microcosmos.detalleventa
oct 14, 2021 8:19:48 PM org.hibernate.tool.hbm2ddl.TableMetadata <init>
INFO: HHH000037: Columns: [idventa, iddetalleventa, cantidad, idarticulo]
oct 14, 2021 8:19:48 PM org.hibernate.tool.hbm2ddl.TableMetadata <init>
INFO: HHH000261: Table found: microcosmos.empleados
oct 14, 2021 8:19:48 PM org.hibernate.tool.hbm2ddl.TableMetadata <init>
INFO: HHH000037: Columns: [idempleados, idarealaboral, idtipodocumento, idsexo, telefonoempleado, documento, nombreempleado, correoempleado, apellidoempleado, fechadenacimiento, activoempleado]
oct 14, 2021 8:19:48 PM org.hibernate.tool.hbm2ddl.TableMetadata <init>
INFO: HHH000261: Table found: microcosmos.entidades
oct 14, 2021 8:19:48 PM org.hibernate.tool.hbm2ddl.TableMetadata <init>
INFO: HHH000037: Columns: [identidad, activoentidad, nombreentidad]
oct 14, 2021 8:19:48 PM org.hibernate.tool.hbm2ddl.TableMetadata <init>
INFO: HHH000261: Table found: microcosmos.estado
oct 14, 2021 8:19:48 PM org.hibernate.tool.hbm2ddl.TableMetadata <init>
INFO: HHH000037: Columns: [nombreestado, activoestado, identidad, descripcionestado, idestado]
oct 14, 2021 8:19:48 PM org.hibernate.tool.hbm2ddl.TableMetadata <init>
INFO: HHH000261: Table found: microcosmos.facturasdevueltas
oct 14, 2021 8:19:48 PM org.hibernate.tool.hbm2ddl.TableMetadata <init>
INFO: HHH000037: Columns: [idventa, descripcion, fechadevolucion, idempleados, idfacturadevuelta]
oct 14, 2021 8:19:48 PM org.hibernate.tool.hbm2ddl.TableMetadata <init>
INFO: HHH000261: Table found: microcosmos.parametros
oct 14, 2021 8:19:48 PM org.hibernate.tool.hbm2ddl.TableMetadata <init>
INFO: HHH000037: Columns: [facturainicial, fechaemision, facturafinal, activoparametros, fechacaducidad, cai, idparametros]
oct 14, 2021 8:19:48 PM org.hibernate.tool.hbm2ddl.TableMetadata <init>
INFO: HHH000261: Table found: microcosmos.pedidosdevueltos
oct 14, 2021 8:19:48 PM org.hibernate.tool.hbm2ddl.TableMetadata <init>
INFO: HHH000037: Columns: [idcompra, descripcion, idempleados, idpedidosdevueltos, fechaanulacion]
oct 14, 2021 8:19:48 PM org.hibernate.tool.hbm2ddl.TableMetadata <init>
INFO: HHH000261: Table found: microcosmos.preciohistorico
oct 14, 2021 8:19:48 PM org.hibernate.tool.hbm2ddl.TableMetadata <init>
INFO: HHH000037: Columns: [precio, idpreciohistorico, fechainicial, fechafinal, idarticulo, activopreciohistorico]
oct 14, 2021 8:19:48 PM org.hibernate.tool.hbm2ddl.TableMetadata <init>
INFO: HHH000261: Table found: microcosmos.proveedores
oct 14, 2021 8:19:48 PM org.hibernate.tool.hbm2ddl.TableMetadata <init>
INFO: HHH000037: Columns: [idproveedor, activoproveedor, idtipodocumento, nombreproveedor, correoproveedor, telefonoproveedor, documento, ubicacionproveedor]
oct 14, 2021 8:19:48 PM org.hibernate.tool.hbm2ddl.TableMetadata <init>
INFO: HHH000261: Table found: microcosmos.secciontienda
oct 14, 2021 8:19:48 PM org.hibernate.tool.hbm2ddl.TableMetadata <init>
INFO: HHH000037: Columns: [idsecciontienda, descripcionsecciontienda, nombresecciontienda, activosecciontienda]
oct 14, 2021 8:19:48 PM org.hibernate.tool.hbm2ddl.TableMetadata <init>
INFO: HHH000261: Table found: microcosmos.sexo
oct 14, 2021 8:19:48 PM org.hibernate.tool.hbm2ddl.TableMetadata <init>
INFO: HHH000037: Columns: [idsexo, nombresexo, descripcionsexo]
oct 14, 2021 8:19:48 PM org.hibernate.tool.hbm2ddl.TableMetadata <init>
INFO: HHH000261: Table found: microcosmos.talla
oct 14, 2021 8:19:48 PM org.hibernate.tool.hbm2ddl.TableMetadata <init>
INFO: HHH000037: Columns: [activotalla, nombretalla, descripciontalla, idtalla]
oct 14, 2021 8:19:48 PM org.hibernate.tool.hbm2ddl.TableMetadata <init>
INFO: HHH000261: Table found: microcosmos.tipodepago
oct 14, 2021 8:19:48 PM org.hibernate.tool.hbm2ddl.TableMetadata <init>
INFO: HHH000037: Columns: [descripciontipodepago, nombretipodepago, idtipodepago, activotipodepago]
oct 14, 2021 8:19:48 PM org.hibernate.tool.hbm2ddl.TableMetadata <init>
INFO: HHH000261: Table found: microcosmos.tipodocumento
oct 14, 2021 8:19:48 PM org.hibernate.tool.hbm2ddl.TableMetadata <init>
INFO: HHH000037: Columns: [nombretipodocumento, descripciontipodocumento, activotipodocumento, idtipodocumento]
oct 14, 2021 8:19:48 PM org.hibernate.tool.hbm2ddl.TableMetadata <init>
INFO: HHH000261: Table found: microcosmos.usuarios
oct 14, 2021 8:19:48 PM org.hibernate.tool.hbm2ddl.TableMetadata <init>
INFO: HHH000037: Columns: [nombreusuario, idempleados, numerodeintentos, activousuario, admin, contrasena, idusuario]
oct 14, 2021 8:19:48 PM org.hibernate.tool.hbm2ddl.TableMetadata <init>
INFO: HHH000261: Table found: microcosmos.venta
oct 14, 2021 8:19:48 PM org.hibernate.tool.hbm2ddl.TableMetadata <init>
INFO: HHH000037: Columns: [numtarjeta, idtipodepago, formato, montoefectivo, idcliente, idestado, idventa, total, idempleados, impuesto, subtotal, montotarjeta, fechaventa, idparametros]
oct 14, 2021 8:19:48 PM org.hibernate.jpa.internal.EntityManagerFactoryRegistry addEntityManagerFactory
WARN: HHH000436: Entity manager factory name (DB) is already registered.  If entity manager will be clustered or passivated, specify a unique value for property 'hibernate.ejb.entitymanager_factory_name'
oct 14, 2021 8:19:48 PM org.hibernate.ejb.HibernatePersistence logDeprecation
WARN: HHH015016: Encountered a deprecated javax.persistence.spi.PersistenceProvider [org.hibernate.ejb.HibernatePersistence]; use [org.hibernate.jpa.HibernatePersistenceProvider] instead.
oct 14, 2021 8:19:48 PM org.hibernate.ejb.HibernatePersistence logDeprecation
WARN: HHH015016: Encountered a deprecated javax.persistence.spi.PersistenceProvider [org.hibernate.ejb.HibernatePersistence]; use [org.hibernate.jpa.HibernatePersistenceProvider] instead.
oct 14, 2021 8:19:48 PM org.hibernate.ejb.HibernatePersistence logDeprecation
WARN: HHH015016: Encountered a deprecated javax.persistence.spi.PersistenceProvider [org.hibernate.ejb.HibernatePersistence]; use [org.hibernate.jpa.HibernatePersistenceProvider] instead.
oct 14, 2021 8:19:48 PM org.hibernate.jpa.internal.util.LogHelper logPersistenceUnitInformation
INFO: HHH000204: Processing PersistenceUnitInfo [
	name: DB
	...]
oct 14, 2021 8:19:48 PM org.hibernate.engine.jdbc.connections.internal.DriverManagerConnectionProviderImpl configure
WARN: HHH000402: Using Hibernate built-in connection pool (not for production use!)
oct 14, 2021 8:19:48 PM org.hibernate.engine.jdbc.connections.internal.DriverManagerConnectionProviderImpl buildCreator
INFO: HHH000401: using driver [com.mysql.jdbc.Driver] at URL [jdbc:mysql://localhost:3306/Microcosmos?zeroDateTimeBehavior=convertToNull]
oct 14, 2021 8:19:48 PM org.hibernate.engine.jdbc.connections.internal.DriverManagerConnectionProviderImpl buildCreator
INFO: HHH000046: Connection properties: {user=root, password=****}
oct 14, 2021 8:19:48 PM org.hibernate.engine.jdbc.connections.internal.DriverManagerConnectionProviderImpl buildCreator
INFO: HHH000006: Autocommit mode: false
oct 14, 2021 8:19:48 PM org.hibernate.engine.jdbc.connections.internal.DriverManagerConnectionProviderImpl configure
INFO: HHH000115: Hibernate connection pool size: 20 (min=1)
oct 14, 2021 8:19:48 PM org.hibernate.dialect.Dialect <init>
INFO: HHH000400: Using dialect: org.hibernate.dialect.MySQLDialect
oct 14, 2021 8:19:48 PM org.hibernate.hql.internal.ast.ASTQueryTranslatorFactory <init>
INFO: HHH000397: Using ASTQueryTranslatorFactory
oct 14, 2021 8:19:48 PM org.hibernate.tool.hbm2ddl.SchemaValidator validate
INFO: HHH000229: Running schema validator
oct 14, 2021 8:19:48 PM org.hibernate.tool.hbm2ddl.SchemaValidator validate
INFO: HHH000102: Fetching database metadata
oct 14, 2021 8:19:48 PM org.hibernate.tool.hbm2ddl.TableMetadata <init>
INFO: HHH000261: Table found: microcosmos.arealaboral
oct 14, 2021 8:19:48 PM org.hibernate.tool.hbm2ddl.TableMetadata <init>
INFO: HHH000037: Columns: [idarealaboral, descripcionarealaboral, nombrearealaboral, activoarealaboral]
oct 14, 2021 8:19:48 PM org.hibernate.tool.hbm2ddl.TableMetadata <init>
INFO: HHH000261: Table found: microcosmos.arealaboralhistorica
oct 14, 2021 8:19:48 PM org.hibernate.tool.hbm2ddl.TableMetadata <init>
INFO: HHH000037: Columns: [idempleados, fechaconclusion, fechacomienzo, idarealaboralhistorica]
oct 14, 2021 8:19:48 PM org.hibernate.tool.hbm2ddl.TableMetadata <init>
INFO: HHH000261: Table found: microcosmos.articulo
oct 14, 2021 8:19:48 PM org.hibernate.tool.hbm2ddl.TableMetadata <init>
INFO: HHH000037: Columns: [idsecciontienda, stockmaximo, activoarticulo, nombrearticulo, stockminimo, precioarticulo, idtalla, stock, descripcionarticulo, idarticulo]
oct 14, 2021 8:19:48 PM org.hibernate.tool.hbm2ddl.TableMetadata <init>
INFO: HHH000261: Table found: microcosmos.clientes
oct 14, 2021 8:19:48 PM org.hibernate.tool.hbm2ddl.TableMetadata <init>
INFO: HHH000037: Columns: [telefonocliente, direccioncliente, idtipodocumento, idsexo, documento, activocliente, idcliente, nombrecliente, apellidocliente, correocliente]
oct 14, 2021 8:19:48 PM org.hibernate.tool.hbm2ddl.TableMetadata <init>
INFO: HHH000261: Table found: microcosmos.compra
oct 14, 2021 8:19:48 PM org.hibernate.tool.hbm2ddl.TableMetadata <init>
INFO: HHH000037: Columns: [idcompra, fechapedido, idproveedor, idempleados, fecharecibido, totalcompra, idestado]
oct 14, 2021 8:19:48 PM org.hibernate.tool.hbm2ddl.TableMetadata <init>
INFO: HHH000261: Table found: microcosmos.detallecompra
oct 14, 2021 8:19:48 PM org.hibernate.tool.hbm2ddl.TableMetadata <init>
INFO: HHH000037: Columns: [idcompra, iddetallecompra, preciocompra, cantidad, idarticulo]
oct 14, 2021 8:19:48 PM org.hibernate.tool.hbm2ddl.TableMetadata <init>
INFO: HHH000261: Table found: microcosmos.detalleventa
oct 14, 2021 8:19:48 PM org.hibernate.tool.hbm2ddl.TableMetadata <init>
INFO: HHH000037: Columns: [idventa, iddetalleventa, cantidad, idarticulo]
oct 14, 2021 8:19:48 PM org.hibernate.tool.hbm2ddl.TableMetadata <init>
INFO: HHH000261: Table found: microcosmos.empleados
oct 14, 2021 8:19:48 PM org.hibernate.tool.hbm2ddl.TableMetadata <init>
INFO: HHH000037: Columns: [idempleados, idarealaboral, idtipodocumento, idsexo, telefonoempleado, documento, nombreempleado, correoempleado, apellidoempleado, fechadenacimiento, activoempleado]
oct 14, 2021 8:19:48 PM org.hibernate.tool.hbm2ddl.TableMetadata <init>
INFO: HHH000261: Table found: microcosmos.entidades
oct 14, 2021 8:19:48 PM org.hibernate.tool.hbm2ddl.TableMetadata <init>
INFO: HHH000037: Columns: [identidad, activoentidad, nombreentidad]
oct 14, 2021 8:19:48 PM org.hibernate.tool.hbm2ddl.TableMetadata <init>
INFO: HHH000261: Table found: microcosmos.estado
oct 14, 2021 8:19:48 PM org.hibernate.tool.hbm2ddl.TableMetadata <init>
INFO: HHH000037: Columns: [nombreestado, activoestado, identidad, descripcionestado, idestado]
oct 14, 2021 8:19:48 PM org.hibernate.tool.hbm2ddl.TableMetadata <init>
INFO: HHH000261: Table found: microcosmos.facturasdevueltas
oct 14, 2021 8:19:48 PM org.hibernate.tool.hbm2ddl.TableMetadata <init>
INFO: HHH000037: Columns: [idventa, descripcion, fechadevolucion, idempleados, idfacturadevuelta]
oct 14, 2021 8:19:48 PM org.hibernate.tool.hbm2ddl.TableMetadata <init>
INFO: HHH000261: Table found: microcosmos.parametros
oct 14, 2021 8:19:48 PM org.hibernate.tool.hbm2ddl.TableMetadata <init>
INFO: HHH000037: Columns: [facturainicial, fechaemision, facturafinal, activoparametros, fechacaducidad, cai, idparametros]
oct 14, 2021 8:19:48 PM org.hibernate.tool.hbm2ddl.TableMetadata <init>
INFO: HHH000261: Table found: microcosmos.pedidosdevueltos
oct 14, 2021 8:19:48 PM org.hibernate.tool.hbm2ddl.TableMetadata <init>
INFO: HHH000037: Columns: [idcompra, descripcion, idempleados, idpedidosdevueltos, fechaanulacion]
oct 14, 2021 8:19:48 PM org.hibernate.tool.hbm2ddl.TableMetadata <init>
INFO: HHH000261: Table found: microcosmos.preciohistorico
oct 14, 2021 8:19:48 PM org.hibernate.tool.hbm2ddl.TableMetadata <init>
INFO: HHH000037: Columns: [precio, idpreciohistorico, fechainicial, fechafinal, idarticulo, activopreciohistorico]
oct 14, 2021 8:19:48 PM org.hibernate.tool.hbm2ddl.TableMetadata <init>
INFO: HHH000261: Table found: microcosmos.proveedores
oct 14, 2021 8:19:48 PM org.hibernate.tool.hbm2ddl.TableMetadata <init>
INFO: HHH000037: Columns: [idproveedor, activoproveedor, idtipodocumento, nombreproveedor, correoproveedor, telefonoproveedor, documento, ubicacionproveedor]
oct 14, 2021 8:19:48 PM org.hibernate.tool.hbm2ddl.TableMetadata <init>
INFO: HHH000261: Table found: microcosmos.secciontienda
oct 14, 2021 8:19:48 PM org.hibernate.tool.hbm2ddl.TableMetadata <init>
INFO: HHH000037: Columns: [idsecciontienda, descripcionsecciontienda, nombresecciontienda, activosecciontienda]
oct 14, 2021 8:19:48 PM org.hibernate.tool.hbm2ddl.TableMetadata <init>
INFO: HHH000261: Table found: microcosmos.sexo
oct 14, 2021 8:19:48 PM org.hibernate.tool.hbm2ddl.TableMetadata <init>
INFO: HHH000037: Columns: [idsexo, nombresexo, descripcionsexo]
oct 14, 2021 8:19:48 PM org.hibernate.tool.hbm2ddl.TableMetadata <init>
INFO: HHH000261: Table found: microcosmos.talla
oct 14, 2021 8:19:48 PM org.hibernate.tool.hbm2ddl.TableMetadata <init>
INFO: HHH000037: Columns: [activotalla, nombretalla, descripciontalla, idtalla]
oct 14, 2021 8:19:48 PM org.hibernate.tool.hbm2ddl.TableMetadata <init>
INFO: HHH000261: Table found: microcosmos.tipodepago
oct 14, 2021 8:19:48 PM org.hibernate.tool.hbm2ddl.TableMetadata <init>
INFO: HHH000037: Columns: [descripciontipodepago, nombretipodepago, idtipodepago, activotipodepago]
oct 14, 2021 8:19:48 PM org.hibernate.tool.hbm2ddl.TableMetadata <init>
INFO: HHH000261: Table found: microcosmos.tipodocumento
oct 14, 2021 8:19:48 PM org.hibernate.tool.hbm2ddl.TableMetadata <init>
INFO: HHH000037: Columns: [nombretipodocumento, descripciontipodocumento, activotipodocumento, idtipodocumento]
oct 14, 2021 8:19:48 PM org.hibernate.tool.hbm2ddl.TableMetadata <init>
INFO: HHH000261: Table found: microcosmos.usuarios
oct 14, 2021 8:19:48 PM org.hibernate.tool.hbm2ddl.TableMetadata <init>
INFO: HHH000037: Columns: [nombreusuario, idempleados, numerodeintentos, activousuario, admin, contrasena, idusuario]
oct 14, 2021 8:19:48 PM org.hibernate.tool.hbm2ddl.TableMetadata <init>
INFO: HHH000261: Table found: microcosmos.venta
oct 14, 2021 8:19:48 PM org.hibernate.tool.hbm2ddl.TableMetadata <init>
INFO: HHH000037: Columns: [numtarjeta, idtipodepago, formato, montoefectivo, idcliente, idestado, idventa, total, idempleados, impuesto, subtotal, montotarjeta, fechaventa, idparametros]
oct 14, 2021 8:19:48 PM org.hibernate.jpa.internal.EntityManagerFactoryRegistry addEntityManagerFactory
WARN: HHH000436: Entity manager factory name (DB) is already registered.  If entity manager will be clustered or passivated, specify a unique value for property 'hibernate.ejb.entitymanager_factory_name'
oct 14, 2021 8:19:48 PM org.hibernate.ejb.HibernatePersistence logDeprecation
WARN: HHH015016: Encountered a deprecated javax.persistence.spi.PersistenceProvider [org.hibernate.ejb.HibernatePersistence]; use [org.hibernate.jpa.HibernatePersistenceProvider] instead.
oct 14, 2021 8:19:48 PM org.hibernate.ejb.HibernatePersistence logDeprecation
WARN: HHH015016: Encountered a deprecated javax.persistence.spi.PersistenceProvider [org.hibernate.ejb.HibernatePersistence]; use [org.hibernate.jpa.HibernatePersistenceProvider] instead.
oct 14, 2021 8:19:48 PM org.hibernate.ejb.HibernatePersistence logDeprecation
WARN: HHH015016: Encountered a deprecated javax.persistence.spi.PersistenceProvider [org.hibernate.ejb.HibernatePersistence]; use [org.hibernate.jpa.HibernatePersistenceProvider] instead.
oct 14, 2021 8:19:48 PM org.hibernate.jpa.internal.util.LogHelper logPersistenceUnitInformation
INFO: HHH000204: Processing PersistenceUnitInfo [
	name: DB
	...]
oct 14, 2021 8:19:48 PM org.hibernate.engine.jdbc.connections.internal.DriverManagerConnectionProviderImpl configure
WARN: HHH000402: Using Hibernate built-in connection pool (not for production use!)
oct 14, 2021 8:19:48 PM org.hibernate.engine.jdbc.connections.internal.DriverManagerConnectionProviderImpl buildCreator
INFO: HHH000401: using driver [com.mysql.jdbc.Driver] at URL [jdbc:mysql://localhost:3306/Microcosmos?zeroDateTimeBehavior=convertToNull]
oct 14, 2021 8:19:48 PM org.hibernate.engine.jdbc.connections.internal.DriverManagerConnectionProviderImpl buildCreator
INFO: HHH000046: Connection properties: {user=root, password=****}
oct 14, 2021 8:19:48 PM org.hibernate.engine.jdbc.connections.internal.DriverManagerConnectionProviderImpl buildCreator
INFO: HHH000006: Autocommit mode: false
oct 14, 2021 8:19:48 PM org.hibernate.engine.jdbc.connections.internal.DriverManagerConnectionProviderImpl configure
INFO: HHH000115: Hibernate connection pool size: 20 (min=1)
oct 14, 2021 8:19:48 PM org.hibernate.dialect.Dialect <init>
INFO: HHH000400: Using dialect: org.hibernate.dialect.MySQLDialect
oct 14, 2021 8:19:48 PM org.hibernate.hql.internal.ast.ASTQueryTranslatorFactory <init>
INFO: HHH000397: Using ASTQueryTranslatorFactory
oct 14, 2021 8:19:48 PM org.hibernate.tool.hbm2ddl.SchemaValidator validate
INFO: HHH000229: Running schema validator
oct 14, 2021 8:19:48 PM org.hibernate.tool.hbm2ddl.SchemaValidator validate
INFO: HHH000102: Fetching database metadata
oct 14, 2021 8:19:48 PM org.hibernate.tool.hbm2ddl.TableMetadata <init>
INFO: HHH000261: Table found: microcosmos.arealaboral
oct 14, 2021 8:19:48 PM org.hibernate.tool.hbm2ddl.TableMetadata <init>
INFO: HHH000037: Columns: [idarealaboral, descripcionarealaboral, nombrearealaboral, activoarealaboral]
oct 14, 2021 8:19:48 PM org.hibernate.tool.hbm2ddl.TableMetadata <init>
INFO: HHH000261: Table found: microcosmos.arealaboralhistorica
oct 14, 2021 8:19:48 PM org.hibernate.tool.hbm2ddl.TableMetadata <init>
INFO: HHH000037: Columns: [idempleados, fechaconclusion, fechacomienzo, idarealaboralhistorica]
oct 14, 2021 8:19:48 PM org.hibernate.tool.hbm2ddl.TableMetadata <init>
INFO: HHH000261: Table found: microcosmos.articulo
oct 14, 2021 8:19:48 PM org.hibernate.tool.hbm2ddl.TableMetadata <init>
INFO: HHH000037: Columns: [idsecciontienda, stockmaximo, activoarticulo, nombrearticulo, stockminimo, precioarticulo, idtalla, stock, descripcionarticulo, idarticulo]
oct 14, 2021 8:19:48 PM org.hibernate.tool.hbm2ddl.TableMetadata <init>
INFO: HHH000261: Table found: microcosmos.clientes
oct 14, 2021 8:19:48 PM org.hibernate.tool.hbm2ddl.TableMetadata <init>
INFO: HHH000037: Columns: [telefonocliente, direccioncliente, idtipodocumento, idsexo, documento, activocliente, idcliente, nombrecliente, apellidocliente, correocliente]
oct 14, 2021 8:19:48 PM org.hibernate.tool.hbm2ddl.TableMetadata <init>
INFO: HHH000261: Table found: microcosmos.compra
oct 14, 2021 8:19:48 PM org.hibernate.tool.hbm2ddl.TableMetadata <init>
INFO: HHH000037: Columns: [idcompra, fechapedido, idproveedor, idempleados, fecharecibido, totalcompra, idestado]
oct 14, 2021 8:19:48 PM org.hibernate.tool.hbm2ddl.TableMetadata <init>
INFO: HHH000261: Table found: microcosmos.detallecompra
oct 14, 2021 8:19:48 PM org.hibernate.tool.hbm2ddl.TableMetadata <init>
INFO: HHH000037: Columns: [idcompra, iddetallecompra, preciocompra, cantidad, idarticulo]
oct 14, 2021 8:19:48 PM org.hibernate.tool.hbm2ddl.TableMetadata <init>
INFO: HHH000261: Table found: microcosmos.detalleventa
oct 14, 2021 8:19:48 PM org.hibernate.tool.hbm2ddl.TableMetadata <init>
INFO: HHH000037: Columns: [idventa, iddetalleventa, cantidad, idarticulo]
oct 14, 2021 8:19:48 PM org.hibernate.tool.hbm2ddl.TableMetadata <init>
INFO: HHH000261: Table found: microcosmos.empleados
oct 14, 2021 8:19:48 PM org.hibernate.tool.hbm2ddl.TableMetadata <init>
INFO: HHH000037: Columns: [idempleados, idarealaboral, idtipodocumento, idsexo, telefonoempleado, documento, nombreempleado, correoempleado, apellidoempleado, fechadenacimiento, activoempleado]
oct 14, 2021 8:19:48 PM org.hibernate.tool.hbm2ddl.TableMetadata <init>
INFO: HHH000261: Table found: microcosmos.entidades
oct 14, 2021 8:19:48 PM org.hibernate.tool.hbm2ddl.TableMetadata <init>
INFO: HHH000037: Columns: [identidad, activoentidad, nombreentidad]
oct 14, 2021 8:19:48 PM org.hibernate.tool.hbm2ddl.TableMetadata <init>
INFO: HHH000261: Table found: microcosmos.estado
oct 14, 2021 8:19:48 PM org.hibernate.tool.hbm2ddl.TableMetadata <init>
INFO: HHH000037: Columns: [nombreestado, activoestado, identidad, descripcionestado, idestado]
oct 14, 2021 8:19:48 PM org.hibernate.tool.hbm2ddl.TableMetadata <init>
INFO: HHH000261: Table found: microcosmos.facturasdevueltas
oct 14, 2021 8:19:48 PM org.hibernate.tool.hbm2ddl.TableMetadata <init>
INFO: HHH000037: Columns: [idventa, descripcion, fechadevolucion, idempleados, idfacturadevuelta]
oct 14, 2021 8:19:48 PM org.hibernate.tool.hbm2ddl.TableMetadata <init>
INFO: HHH000261: Table found: microcosmos.parametros
oct 14, 2021 8:19:48 PM org.hibernate.tool.hbm2ddl.TableMetadata <init>
INFO: HHH000037: Columns: [facturainicial, fechaemision, facturafinal, activoparametros, fechacaducidad, cai, idparametros]
oct 14, 2021 8:19:48 PM org.hibernate.tool.hbm2ddl.TableMetadata <init>
INFO: HHH000261: Table found: microcosmos.pedidosdevueltos
oct 14, 2021 8:19:48 PM org.hibernate.tool.hbm2ddl.TableMetadata <init>
INFO: HHH000037: Columns: [idcompra, descripcion, idempleados, idpedidosdevueltos, fechaanulacion]
oct 14, 2021 8:19:48 PM org.hibernate.tool.hbm2ddl.TableMetadata <init>
INFO: HHH000261: Table found: microcosmos.preciohistorico
oct 14, 2021 8:19:48 PM org.hibernate.tool.hbm2ddl.TableMetadata <init>
INFO: HHH000037: Columns: [precio, idpreciohistorico, fechainicial, fechafinal, idarticulo, activopreciohistorico]
oct 14, 2021 8:19:48 PM org.hibernate.tool.hbm2ddl.TableMetadata <init>
INFO: HHH000261: Table found: microcosmos.proveedores
oct 14, 2021 8:19:48 PM org.hibernate.tool.hbm2ddl.TableMetadata <init>
INFO: HHH000037: Columns: [idproveedor, activoproveedor, idtipodocumento, nombreproveedor, correoproveedor, telefonoproveedor, documento, ubicacionproveedor]
oct 14, 2021 8:19:48 PM org.hibernate.tool.hbm2ddl.TableMetadata <init>
INFO: HHH000261: Table found: microcosmos.secciontienda
oct 14, 2021 8:19:48 PM org.hibernate.tool.hbm2ddl.TableMetadata <init>
INFO: HHH000037: Columns: [idsecciontienda, descripcionsecciontienda, nombresecciontienda, activosecciontienda]
oct 14, 2021 8:19:48 PM org.hibernate.tool.hbm2ddl.TableMetadata <init>
INFO: HHH000261: Table found: microcosmos.sexo
oct 14, 2021 8:19:48 PM org.hibernate.tool.hbm2ddl.TableMetadata <init>
INFO: HHH000037: Columns: [idsexo, nombresexo, descripcionsexo]
oct 14, 2021 8:19:48 PM org.hibernate.tool.hbm2ddl.TableMetadata <init>
INFO: HHH000261: Table found: microcosmos.talla
oct 14, 2021 8:19:48 PM org.hibernate.tool.hbm2ddl.TableMetadata <init>
INFO: HHH000037: Columns: [activotalla, nombretalla, descripciontalla, idtalla]
oct 14, 2021 8:19:48 PM org.hibernate.tool.hbm2ddl.TableMetadata <init>
INFO: HHH000261: Table found: microcosmos.tipodepago
oct 14, 2021 8:19:48 PM org.hibernate.tool.hbm2ddl.TableMetadata <init>
INFO: HHH000037: Columns: [descripciontipodepago, nombretipodepago, idtipodepago, activotipodepago]
oct 14, 2021 8:19:48 PM org.hibernate.tool.hbm2ddl.TableMetadata <init>
INFO: HHH000261: Table found: microcosmos.tipodocumento
oct 14, 2021 8:19:48 PM org.hibernate.tool.hbm2ddl.TableMetadata <init>
INFO: HHH000037: Columns: [nombretipodocumento, descripciontipodocumento, activotipodocumento, idtipodocumento]
oct 14, 2021 8:19:48 PM org.hibernate.tool.hbm2ddl.TableMetadata <init>
INFO: HHH000261: Table found: microcosmos.usuarios
oct 14, 2021 8:19:48 PM org.hibernate.tool.hbm2ddl.TableMetadata <init>
INFO: HHH000037: Columns: [nombreusuario, idempleados, numerodeintentos, activousuario, admin, contrasena, idusuario]
oct 14, 2021 8:19:48 PM org.hibernate.tool.hbm2ddl.TableMetadata <init>
INFO: HHH000261: Table found: microcosmos.venta
oct 14, 2021 8:19:48 PM org.hibernate.tool.hbm2ddl.TableMetadata <init>
INFO: HHH000037: Columns: [numtarjeta, idtipodepago, formato, montoefectivo, idcliente, idestado, idventa, total, idempleados, impuesto, subtotal, montotarjeta, fechaventa, idparametros]
oct 14, 2021 8:19:48 PM org.hibernate.jpa.internal.EntityManagerFactoryRegistry addEntityManagerFactory
WARN: HHH000436: Entity manager factory name (DB) is already registered.  If entity manager will be clustered or passivated, specify a unique value for property 'hibernate.ejb.entitymanager_factory_name'
oct 14, 2021 8:19:48 PM org.hibernate.ejb.HibernatePersistence logDeprecation
WARN: HHH015016: Encountered a deprecated javax.persistence.spi.PersistenceProvider [org.hibernate.ejb.HibernatePersistence]; use [org.hibernate.jpa.HibernatePersistenceProvider] instead.
oct 14, 2021 8:19:48 PM org.hibernate.ejb.HibernatePersistence logDeprecation
WARN: HHH015016: Encountered a deprecated javax.persistence.spi.PersistenceProvider [org.hibernate.ejb.HibernatePersistence]; use [org.hibernate.jpa.HibernatePersistenceProvider] instead.
oct 14, 2021 8:19:48 PM org.hibernate.ejb.HibernatePersistence logDeprecation
WARN: HHH015016: Encountered a deprecated javax.persistence.spi.PersistenceProvider [org.hibernate.ejb.HibernatePersistence]; use [org.hibernate.jpa.HibernatePersistenceProvider] instead.
oct 14, 2021 8:19:48 PM org.hibernate.jpa.internal.util.LogHelper logPersistenceUnitInformation
INFO: HHH000204: Processing PersistenceUnitInfo [
	name: DB
	...]
oct 14, 2021 8:19:48 PM org.hibernate.engine.jdbc.connections.internal.DriverManagerConnectionProviderImpl configure
WARN: HHH000402: Using Hibernate built-in connection pool (not for production use!)
oct 14, 2021 8:19:48 PM org.hibernate.engine.jdbc.connections.internal.DriverManagerConnectionProviderImpl buildCreator
INFO: HHH000401: using driver [com.mysql.jdbc.Driver] at URL [jdbc:mysql://localhost:3306/Microcosmos?zeroDateTimeBehavior=convertToNull]
oct 14, 2021 8:19:48 PM org.hibernate.engine.jdbc.connections.internal.DriverManagerConnectionProviderImpl buildCreator
INFO: HHH000046: Connection properties: {user=root, password=****}
oct 14, 2021 8:19:48 PM org.hibernate.engine.jdbc.connections.internal.DriverManagerConnectionProviderImpl buildCreator
INFO: HHH000006: Autocommit mode: false
oct 14, 2021 8:19:48 PM org.hibernate.engine.jdbc.connections.internal.DriverManagerConnectionProviderImpl configure
INFO: HHH000115: Hibernate connection pool size: 20 (min=1)
oct 14, 2021 8:19:48 PM org.hibernate.dialect.Dialect <init>
INFO: HHH000400: Using dialect: org.hibernate.dialect.MySQLDialect
oct 14, 2021 8:19:48 PM org.hibernate.hql.internal.ast.ASTQueryTranslatorFactory <init>
INFO: HHH000397: Using ASTQueryTranslatorFactory
oct 14, 2021 8:19:48 PM org.hibernate.tool.hbm2ddl.SchemaValidator validate
INFO: HHH000229: Running schema validator
oct 14, 2021 8:19:48 PM org.hibernate.tool.hbm2ddl.SchemaValidator validate
INFO: HHH000102: Fetching database metadata
oct 14, 2021 8:19:48 PM org.hibernate.tool.hbm2ddl.TableMetadata <init>
INFO: HHH000261: Table found: microcosmos.arealaboral
oct 14, 2021 8:19:48 PM org.hibernate.tool.hbm2ddl.TableMetadata <init>
INFO: HHH000037: Columns: [idarealaboral, descripcionarealaboral, nombrearealaboral, activoarealaboral]
oct 14, 2021 8:19:48 PM org.hibernate.tool.hbm2ddl.TableMetadata <init>
INFO: HHH000261: Table found: microcosmos.arealaboralhistorica
oct 14, 2021 8:19:48 PM org.hibernate.tool.hbm2ddl.TableMetadata <init>
INFO: HHH000037: Columns: [idempleados, fechaconclusion, fechacomienzo, idarealaboralhistorica]
oct 14, 2021 8:19:48 PM org.hibernate.tool.hbm2ddl.TableMetadata <init>
INFO: HHH000261: Table found: microcosmos.articulo
oct 14, 2021 8:19:48 PM org.hibernate.tool.hbm2ddl.TableMetadata <init>
INFO: HHH000037: Columns: [idsecciontienda, stockmaximo, activoarticulo, nombrearticulo, stockminimo, precioarticulo, idtalla, stock, descripcionarticulo, idarticulo]
oct 14, 2021 8:19:48 PM org.hibernate.tool.hbm2ddl.TableMetadata <init>
INFO: HHH000261: Table found: microcosmos.clientes
oct 14, 2021 8:19:48 PM org.hibernate.tool.hbm2ddl.TableMetadata <init>
INFO: HHH000037: Columns: [telefonocliente, direccioncliente, idtipodocumento, idsexo, documento, activocliente, idcliente, nombrecliente, apellidocliente, correocliente]
oct 14, 2021 8:19:48 PM org.hibernate.tool.hbm2ddl.TableMetadata <init>
INFO: HHH000261: Table found: microcosmos.compra
oct 14, 2021 8:19:48 PM org.hibernate.tool.hbm2ddl.TableMetadata <init>
INFO: HHH000037: Columns: [idcompra, fechapedido, idproveedor, idempleados, fecharecibido, totalcompra, idestado]
oct 14, 2021 8:19:48 PM org.hibernate.tool.hbm2ddl.TableMetadata <init>
INFO: HHH000261: Table found: microcosmos.detallecompra
oct 14, 2021 8:19:48 PM org.hibernate.tool.hbm2ddl.TableMetadata <init>
INFO: HHH000037: Columns: [idcompra, iddetallecompra, preciocompra, cantidad, idarticulo]
oct 14, 2021 8:19:48 PM org.hibernate.tool.hbm2ddl.TableMetadata <init>
INFO: HHH000261: Table found: microcosmos.detalleventa
oct 14, 2021 8:19:48 PM org.hibernate.tool.hbm2ddl.TableMetadata <init>
INFO: HHH000037: Columns: [idventa, iddetalleventa, cantidad, idarticulo]
oct 14, 2021 8:19:48 PM org.hibernate.tool.hbm2ddl.TableMetadata <init>
INFO: HHH000261: Table found: microcosmos.empleados
oct 14, 2021 8:19:48 PM org.hibernate.tool.hbm2ddl.TableMetadata <init>
INFO: HHH000037: Columns: [idempleados, idarealaboral, idtipodocumento, idsexo, telefonoempleado, documento, nombreempleado, correoempleado, apellidoempleado, fechadenacimiento, activoempleado]
oct 14, 2021 8:19:48 PM org.hibernate.tool.hbm2ddl.TableMetadata <init>
INFO: HHH000261: Table found: microcosmos.entidades
oct 14, 2021 8:19:48 PM org.hibernate.tool.hbm2ddl.TableMetadata <init>
INFO: HHH000037: Columns: [identidad, activoentidad, nombreentidad]
oct 14, 2021 8:19:48 PM org.hibernate.tool.hbm2ddl.TableMetadata <init>
INFO: HHH000261: Table found: microcosmos.estado
oct 14, 2021 8:19:48 PM org.hibernate.tool.hbm2ddl.TableMetadata <init>
INFO: HHH000037: Columns: [nombreestado, activoestado, identidad, descripcionestado, idestado]
oct 14, 2021 8:19:48 PM org.hibernate.tool.hbm2ddl.TableMetadata <init>
INFO: HHH000261: Table found: microcosmos.facturasdevueltas
oct 14, 2021 8:19:48 PM org.hibernate.tool.hbm2ddl.TableMetadata <init>
INFO: HHH000037: Columns: [idventa, descripcion, fechadevolucion, idempleados, idfacturadevuelta]
oct 14, 2021 8:19:48 PM org.hibernate.tool.hbm2ddl.TableMetadata <init>
INFO: HHH000261: Table found: microcosmos.parametros
oct 14, 2021 8:19:48 PM org.hibernate.tool.hbm2ddl.TableMetadata <init>
INFO: HHH000037: Columns: [facturainicial, fechaemision, facturafinal, activoparametros, fechacaducidad, cai, idparametros]
oct 14, 2021 8:19:48 PM org.hibernate.tool.hbm2ddl.TableMetadata <init>
INFO: HHH000261: Table found: microcosmos.pedidosdevueltos
oct 14, 2021 8:19:48 PM org.hibernate.tool.hbm2ddl.TableMetadata <init>
INFO: HHH000037: Columns: [idcompra, descripcion, idempleados, idpedidosdevueltos, fechaanulacion]
oct 14, 2021 8:19:48 PM org.hibernate.tool.hbm2ddl.TableMetadata <init>
INFO: HHH000261: Table found: microcosmos.preciohistorico
oct 14, 2021 8:19:48 PM org.hibernate.tool.hbm2ddl.TableMetadata <init>
INFO: HHH000037: Columns: [precio, idpreciohistorico, fechainicial, fechafinal, idarticulo, activopreciohistorico]
oct 14, 2021 8:19:48 PM org.hibernate.tool.hbm2ddl.TableMetadata <init>
INFO: HHH000261: Table found: microcosmos.proveedores
oct 14, 2021 8:19:48 PM org.hibernate.tool.hbm2ddl.TableMetadata <init>
INFO: HHH000037: Columns: [idproveedor, activoproveedor, idtipodocumento, nombreproveedor, correoproveedor, telefonoproveedor, documento, ubicacionproveedor]
oct 14, 2021 8:19:48 PM org.hibernate.tool.hbm2ddl.TableMetadata <init>
INFO: HHH000261: Table found: microcosmos.secciontienda
oct 14, 2021 8:19:48 PM org.hibernate.tool.hbm2ddl.TableMetadata <init>
INFO: HHH000037: Columns: [idsecciontienda, descripcionsecciontienda, nombresecciontienda, activosecciontienda]
oct 14, 2021 8:19:48 PM org.hibernate.tool.hbm2ddl.TableMetadata <init>
INFO: HHH000261: Table found: microcosmos.sexo
oct 14, 2021 8:19:48 PM org.hibernate.tool.hbm2ddl.TableMetadata <init>
INFO: HHH000037: Columns: [idsexo, nombresexo, descripcionsexo]
oct 14, 2021 8:19:48 PM org.hibernate.tool.hbm2ddl.TableMetadata <init>
INFO: HHH000261: Table found: microcosmos.talla
oct 14, 2021 8:19:48 PM org.hibernate.tool.hbm2ddl.TableMetadata <init>
INFO: HHH000037: Columns: [activotalla, nombretalla, descripciontalla, idtalla]
oct 14, 2021 8:19:48 PM org.hibernate.tool.hbm2ddl.TableMetadata <init>
INFO: HHH000261: Table found: microcosmos.tipodepago
oct 14, 2021 8:19:48 PM org.hibernate.tool.hbm2ddl.TableMetadata <init>
INFO: HHH000037: Columns: [descripciontipodepago, nombretipodepago, idtipodepago, activotipodepago]
oct 14, 2021 8:19:48 PM org.hibernate.tool.hbm2ddl.TableMetadata <init>
INFO: HHH000261: Table found: microcosmos.tipodocumento
oct 14, 2021 8:19:48 PM org.hibernate.tool.hbm2ddl.TableMetadata <init>
INFO: HHH000037: Columns: [nombretipodocumento, descripciontipodocumento, activotipodocumento, idtipodocumento]
oct 14, 2021 8:19:48 PM org.hibernate.tool.hbm2ddl.TableMetadata <init>
INFO: HHH000261: Table found: microcosmos.usuarios
oct 14, 2021 8:19:48 PM org.hibernate.tool.hbm2ddl.TableMetadata <init>
INFO: HHH000037: Columns: [nombreusuario, idempleados, numerodeintentos, activousuario, admin, contrasena, idusuario]
oct 14, 2021 8:19:48 PM org.hibernate.tool.hbm2ddl.TableMetadata <init>
INFO: HHH000261: Table found: microcosmos.venta
oct 14, 2021 8:19:48 PM org.hibernate.tool.hbm2ddl.TableMetadata <init>
INFO: HHH000037: Columns: [numtarjeta, idtipodepago, formato, montoefectivo, idcliente, idestado, idventa, total, idempleados, impuesto, subtotal, montotarjeta, fechaventa, idparametros]
oct 14, 2021 8:19:48 PM org.hibernate.jpa.internal.EntityManagerFactoryRegistry addEntityManagerFactory
WARN: HHH000436: Entity manager factory name (DB) is already registered.  If entity manager will be clustered or passivated, specify a unique value for property 'hibernate.ejb.entitymanager_factory_name'
oct 14, 2021 8:19:48 PM org.hibernate.ejb.HibernatePersistence logDeprecation
WARN: HHH015016: Encountered a deprecated javax.persistence.spi.PersistenceProvider [org.hibernate.ejb.HibernatePersistence]; use [org.hibernate.jpa.HibernatePersistenceProvider] instead.
oct 14, 2021 8:19:48 PM org.hibernate.ejb.HibernatePersistence logDeprecation
WARN: HHH015016: Encountered a deprecated javax.persistence.spi.PersistenceProvider [org.hibernate.ejb.HibernatePersistence]; use [org.hibernate.jpa.HibernatePersistenceProvider] instead.
oct 14, 2021 8:19:48 PM org.hibernate.ejb.HibernatePersistence logDeprecation
WARN: HHH015016: Encountered a deprecated javax.persistence.spi.PersistenceProvider [org.hibernate.ejb.HibernatePersistence]; use [org.hibernate.jpa.HibernatePersistenceProvider] instead.
oct 14, 2021 8:19:48 PM org.hibernate.jpa.internal.util.LogHelper logPersistenceUnitInformation
INFO: HHH000204: Processing PersistenceUnitInfo [
	name: DB
	...]
oct 14, 2021 8:19:48 PM org.hibernate.engine.jdbc.connections.internal.DriverManagerConnectionProviderImpl configure
WARN: HHH000402: Using Hibernate built-in connection pool (not for production use!)
oct 14, 2021 8:19:48 PM org.hibernate.engine.jdbc.connections.internal.DriverManagerConnectionProviderImpl buildCreator
INFO: HHH000401: using driver [com.mysql.jdbc.Driver] at URL [jdbc:mysql://localhost:3306/Microcosmos?zeroDateTimeBehavior=convertToNull]
oct 14, 2021 8:19:48 PM org.hibernate.engine.jdbc.connections.internal.DriverManagerConnectionProviderImpl buildCreator
INFO: HHH000046: Connection properties: {user=root, password=****}
oct 14, 2021 8:19:48 PM org.hibernate.engine.jdbc.connections.internal.DriverManagerConnectionProviderImpl buildCreator
INFO: HHH000006: Autocommit mode: false
oct 14, 2021 8:19:48 PM org.hibernate.engine.jdbc.connections.internal.DriverManagerConnectionProviderImpl configure
INFO: HHH000115: Hibernate connection pool size: 20 (min=1)
oct 14, 2021 8:19:48 PM org.hibernate.dialect.Dialect <init>
INFO: HHH000400: Using dialect: org.hibernate.dialect.MySQLDialect
oct 14, 2021 8:19:48 PM org.hibernate.hql.internal.ast.ASTQueryTranslatorFactory <init>
INFO: HHH000397: Using ASTQueryTranslatorFactory
oct 14, 2021 8:19:48 PM org.hibernate.tool.hbm2ddl.SchemaValidator validate
INFO: HHH000229: Running schema validator
oct 14, 2021 8:19:48 PM org.hibernate.tool.hbm2ddl.SchemaValidator validate
INFO: HHH000102: Fetching database metadata
oct 14, 2021 8:19:48 PM org.hibernate.tool.hbm2ddl.TableMetadata <init>
INFO: HHH000261: Table found: microcosmos.arealaboral
oct 14, 2021 8:19:48 PM org.hibernate.tool.hbm2ddl.TableMetadata <init>
INFO: HHH000037: Columns: [idarealaboral, descripcionarealaboral, nombrearealaboral, activoarealaboral]
oct 14, 2021 8:19:48 PM org.hibernate.tool.hbm2ddl.TableMetadata <init>
INFO: HHH000261: Table found: microcosmos.arealaboralhistorica
oct 14, 2021 8:19:48 PM org.hibernate.tool.hbm2ddl.TableMetadata <init>
INFO: HHH000037: Columns: [idempleados, fechaconclusion, fechacomienzo, idarealaboralhistorica]
oct 14, 2021 8:19:48 PM org.hibernate.tool.hbm2ddl.TableMetadata <init>
INFO: HHH000261: Table found: microcosmos.articulo
oct 14, 2021 8:19:48 PM org.hibernate.tool.hbm2ddl.TableMetadata <init>
INFO: HHH000037: Columns: [idsecciontienda, stockmaximo, activoarticulo, nombrearticulo, stockminimo, precioarticulo, idtalla, stock, descripcionarticulo, idarticulo]
oct 14, 2021 8:19:48 PM org.hibernate.tool.hbm2ddl.TableMetadata <init>
INFO: HHH000261: Table found: microcosmos.clientes
oct 14, 2021 8:19:48 PM org.hibernate.tool.hbm2ddl.TableMetadata <init>
INFO: HHH000037: Columns: [telefonocliente, direccioncliente, idtipodocumento, idsexo, documento, activocliente, idcliente, nombrecliente, apellidocliente, correocliente]
oct 14, 2021 8:19:48 PM org.hibernate.tool.hbm2ddl.TableMetadata <init>
INFO: HHH000261: Table found: microcosmos.compra
oct 14, 2021 8:19:48 PM org.hibernate.tool.hbm2ddl.TableMetadata <init>
INFO: HHH000037: Columns: [idcompra, fechapedido, idproveedor, idempleados, fecharecibido, totalcompra, idestado]
oct 14, 2021 8:19:48 PM org.hibernate.tool.hbm2ddl.TableMetadata <init>
INFO: HHH000261: Table found: microcosmos.detallecompra
oct 14, 2021 8:19:48 PM org.hibernate.tool.hbm2ddl.TableMetadata <init>
INFO: HHH000037: Columns: [idcompra, iddetallecompra, preciocompra, cantidad, idarticulo]
oct 14, 2021 8:19:48 PM org.hibernate.tool.hbm2ddl.TableMetadata <init>
INFO: HHH000261: Table found: microcosmos.detalleventa
oct 14, 2021 8:19:48 PM org.hibernate.tool.hbm2ddl.TableMetadata <init>
INFO: HHH000037: Columns: [idventa, iddetalleventa, cantidad, idarticulo]
oct 14, 2021 8:19:48 PM org.hibernate.tool.hbm2ddl.TableMetadata <init>
INFO: HHH000261: Table found: microcosmos.empleados
oct 14, 2021 8:19:48 PM org.hibernate.tool.hbm2ddl.TableMetadata <init>
INFO: HHH000037: Columns: [idempleados, idarealaboral, idtipodocumento, idsexo, telefonoempleado, documento, nombreempleado, correoempleado, apellidoempleado, fechadenacimiento, activoempleado]
oct 14, 2021 8:19:48 PM org.hibernate.tool.hbm2ddl.TableMetadata <init>
INFO: HHH000261: Table found: microcosmos.entidades
oct 14, 2021 8:19:48 PM org.hibernate.tool.hbm2ddl.TableMetadata <init>
INFO: HHH000037: Columns: [identidad, activoentidad, nombreentidad]
oct 14, 2021 8:19:48 PM org.hibernate.tool.hbm2ddl.TableMetadata <init>
INFO: HHH000261: Table found: microcosmos.estado
oct 14, 2021 8:19:48 PM org.hibernate.tool.hbm2ddl.TableMetadata <init>
INFO: HHH000037: Columns: [nombreestado, activoestado, identidad, descripcionestado, idestado]
oct 14, 2021 8:19:48 PM org.hibernate.tool.hbm2ddl.TableMetadata <init>
INFO: HHH000261: Table found: microcosmos.facturasdevueltas
oct 14, 2021 8:19:48 PM org.hibernate.tool.hbm2ddl.TableMetadata <init>
INFO: HHH000037: Columns: [idventa, descripcion, fechadevolucion, idempleados, idfacturadevuelta]
oct 14, 2021 8:19:48 PM org.hibernate.tool.hbm2ddl.TableMetadata <init>
INFO: HHH000261: Table found: microcosmos.parametros
oct 14, 2021 8:19:48 PM org.hibernate.tool.hbm2ddl.TableMetadata <init>
INFO: HHH000037: Columns: [facturainicial, fechaemision, facturafinal, activoparametros, fechacaducidad, cai, idparametros]
oct 14, 2021 8:19:48 PM org.hibernate.tool.hbm2ddl.TableMetadata <init>
INFO: HHH000261: Table found: microcosmos.pedidosdevueltos
oct 14, 2021 8:19:48 PM org.hibernate.tool.hbm2ddl.TableMetadata <init>
INFO: HHH000037: Columns: [idcompra, descripcion, idempleados, idpedidosdevueltos, fechaanulacion]
oct 14, 2021 8:19:48 PM org.hibernate.tool.hbm2ddl.TableMetadata <init>
INFO: HHH000261: Table found: microcosmos.preciohistorico
oct 14, 2021 8:19:48 PM org.hibernate.tool.hbm2ddl.TableMetadata <init>
INFO: HHH000037: Columns: [precio, idpreciohistorico, fechainicial, fechafinal, idarticulo, activopreciohistorico]
oct 14, 2021 8:19:48 PM org.hibernate.tool.hbm2ddl.TableMetadata <init>
INFO: HHH000261: Table found: microcosmos.proveedores
oct 14, 2021 8:19:48 PM org.hibernate.tool.hbm2ddl.TableMetadata <init>
INFO: HHH000037: Columns: [idproveedor, activoproveedor, idtipodocumento, nombreproveedor, correoproveedor, telefonoproveedor, documento, ubicacionproveedor]
oct 14, 2021 8:19:48 PM org.hibernate.tool.hbm2ddl.TableMetadata <init>
INFO: HHH000261: Table found: microcosmos.secciontienda
oct 14, 2021 8:19:48 PM org.hibernate.tool.hbm2ddl.TableMetadata <init>
INFO: HHH000037: Columns: [idsecciontienda, descripcionsecciontienda, nombresecciontienda, activosecciontienda]
oct 14, 2021 8:19:48 PM org.hibernate.tool.hbm2ddl.TableMetadata <init>
INFO: HHH000261: Table found: microcosmos.sexo
oct 14, 2021 8:19:48 PM org.hibernate.tool.hbm2ddl.TableMetadata <init>
INFO: HHH000037: Columns: [idsexo, nombresexo, descripcionsexo]
oct 14, 2021 8:19:48 PM org.hibernate.tool.hbm2ddl.TableMetadata <init>
INFO: HHH000261: Table found: microcosmos.talla
oct 14, 2021 8:19:48 PM org.hibernate.tool.hbm2ddl.TableMetadata <init>
INFO: HHH000037: Columns: [activotalla, nombretalla, descripciontalla, idtalla]
oct 14, 2021 8:19:48 PM org.hibernate.tool.hbm2ddl.TableMetadata <init>
INFO: HHH000261: Table found: microcosmos.tipodepago
oct 14, 2021 8:19:48 PM org.hibernate.tool.hbm2ddl.TableMetadata <init>
INFO: HHH000037: Columns: [descripciontipodepago, nombretipodepago, idtipodepago, activotipodepago]
oct 14, 2021 8:19:48 PM org.hibernate.tool.hbm2ddl.TableMetadata <init>
INFO: HHH000261: Table found: microcosmos.tipodocumento
oct 14, 2021 8:19:48 PM org.hibernate.tool.hbm2ddl.TableMetadata <init>
INFO: HHH000037: Columns: [nombretipodocumento, descripciontipodocumento, activotipodocumento, idtipodocumento]
oct 14, 2021 8:19:48 PM org.hibernate.tool.hbm2ddl.TableMetadata <init>
INFO: HHH000261: Table found: microcosmos.usuarios
oct 14, 2021 8:19:48 PM org.hibernate.tool.hbm2ddl.TableMetadata <init>
INFO: HHH000037: Columns: [nombreusuario, idempleados, numerodeintentos, activousuario, admin, contrasena, idusuario]
oct 14, 2021 8:19:48 PM org.hibernate.tool.hbm2ddl.TableMetadata <init>
INFO: HHH000261: Table found: microcosmos.venta
oct 14, 2021 8:19:48 PM org.hibernate.tool.hbm2ddl.TableMetadata <init>
INFO: HHH000037: Columns: [numtarjeta, idtipodepago, formato, montoefectivo, idcliente, idestado, idventa, total, idempleados, impuesto, subtotal, montotarjeta, fechaventa, idparametros]
oct 14, 2021 8:19:48 PM org.hibernate.jpa.internal.EntityManagerFactoryRegistry addEntityManagerFactory
WARN: HHH000436: Entity manager factory name (DB) is already registered.  If entity manager will be clustered or passivated, specify a unique value for property 'hibernate.ejb.entitymanager_factory_name'
oct 14, 2021 8:19:48 PM org.hibernate.ejb.HibernatePersistence logDeprecation
WARN: HHH015016: Encountered a deprecated javax.persistence.spi.PersistenceProvider [org.hibernate.ejb.HibernatePersistence]; use [org.hibernate.jpa.HibernatePersistenceProvider] instead.
oct 14, 2021 8:19:48 PM org.hibernate.ejb.HibernatePersistence logDeprecation
WARN: HHH015016: Encountered a deprecated javax.persistence.spi.PersistenceProvider [org.hibernate.ejb.HibernatePersistence]; use [org.hibernate.jpa.HibernatePersistenceProvider] instead.
oct 14, 2021 8:19:48 PM org.hibernate.ejb.HibernatePersistence logDeprecation
WARN: HHH015016: Encountered a deprecated javax.persistence.spi.PersistenceProvider [org.hibernate.ejb.HibernatePersistence]; use [org.hibernate.jpa.HibernatePersistenceProvider] instead.
oct 14, 2021 8:19:48 PM org.hibernate.jpa.internal.util.LogHelper logPersistenceUnitInformation
INFO: HHH000204: Processing PersistenceUnitInfo [
	name: DB
	...]
oct 14, 2021 8:19:48 PM org.hibernate.engine.jdbc.connections.internal.DriverManagerConnectionProviderImpl configure
WARN: HHH000402: Using Hibernate built-in connection pool (not for production use!)
oct 14, 2021 8:19:48 PM org.hibernate.engine.jdbc.connections.internal.DriverManagerConnectionProviderImpl buildCreator
INFO: HHH000401: using driver [com.mysql.jdbc.Driver] at URL [jdbc:mysql://localhost:3306/Microcosmos?zeroDateTimeBehavior=convertToNull]
oct 14, 2021 8:19:48 PM org.hibernate.engine.jdbc.connections.internal.DriverManagerConnectionProviderImpl buildCreator
INFO: HHH000046: Connection properties: {user=root, password=****}
oct 14, 2021 8:19:48 PM org.hibernate.engine.jdbc.connections.internal.DriverManagerConnectionProviderImpl buildCreator
INFO: HHH000006: Autocommit mode: false
oct 14, 2021 8:19:48 PM org.hibernate.engine.jdbc.connections.internal.DriverManagerConnectionProviderImpl configure
INFO: HHH000115: Hibernate connection pool size: 20 (min=1)
oct 14, 2021 8:19:48 PM org.hibernate.dialect.Dialect <init>
INFO: HHH000400: Using dialect: org.hibernate.dialect.MySQLDialect
oct 14, 2021 8:19:48 PM org.hibernate.hql.internal.ast.ASTQueryTranslatorFactory <init>
INFO: HHH000397: Using ASTQueryTranslatorFactory
oct 14, 2021 8:19:48 PM org.hibernate.tool.hbm2ddl.SchemaValidator validate
INFO: HHH000229: Running schema validator
oct 14, 2021 8:19:48 PM org.hibernate.tool.hbm2ddl.SchemaValidator validate
INFO: HHH000102: Fetching database metadata
oct 14, 2021 8:19:48 PM org.hibernate.tool.hbm2ddl.TableMetadata <init>
INFO: HHH000261: Table found: microcosmos.arealaboral
oct 14, 2021 8:19:48 PM org.hibernate.tool.hbm2ddl.TableMetadata <init>
INFO: HHH000037: Columns: [idarealaboral, descripcionarealaboral, nombrearealaboral, activoarealaboral]
oct 14, 2021 8:19:48 PM org.hibernate.tool.hbm2ddl.TableMetadata <init>
INFO: HHH000261: Table found: microcosmos.arealaboralhistorica
oct 14, 2021 8:19:48 PM org.hibernate.tool.hbm2ddl.TableMetadata <init>
INFO: HHH000037: Columns: [idempleados, fechaconclusion, fechacomienzo, idarealaboralhistorica]
oct 14, 2021 8:19:48 PM org.hibernate.tool.hbm2ddl.TableMetadata <init>
INFO: HHH000261: Table found: microcosmos.articulo
oct 14, 2021 8:19:48 PM org.hibernate.tool.hbm2ddl.TableMetadata <init>
INFO: HHH000037: Columns: [idsecciontienda, stockmaximo, activoarticulo, nombrearticulo, stockminimo, precioarticulo, idtalla, stock, descripcionarticulo, idarticulo]
oct 14, 2021 8:19:48 PM org.hibernate.tool.hbm2ddl.TableMetadata <init>
INFO: HHH000261: Table found: microcosmos.clientes
oct 14, 2021 8:19:48 PM org.hibernate.tool.hbm2ddl.TableMetadata <init>
INFO: HHH000037: Columns: [telefonocliente, direccioncliente, idtipodocumento, idsexo, documento, activocliente, idcliente, nombrecliente, apellidocliente, correocliente]
oct 14, 2021 8:19:48 PM org.hibernate.tool.hbm2ddl.TableMetadata <init>
INFO: HHH000261: Table found: microcosmos.compra
oct 14, 2021 8:19:48 PM org.hibernate.tool.hbm2ddl.TableMetadata <init>
INFO: HHH000037: Columns: [idcompra, fechapedido, idproveedor, idempleados, fecharecibido, totalcompra, idestado]
oct 14, 2021 8:19:48 PM org.hibernate.tool.hbm2ddl.TableMetadata <init>
INFO: HHH000261: Table found: microcosmos.detallecompra
oct 14, 2021 8:19:48 PM org.hibernate.tool.hbm2ddl.TableMetadata <init>
INFO: HHH000037: Columns: [idcompra, iddetallecompra, preciocompra, cantidad, idarticulo]
oct 14, 2021 8:19:48 PM org.hibernate.tool.hbm2ddl.TableMetadata <init>
INFO: HHH000261: Table found: microcosmos.detalleventa
oct 14, 2021 8:19:48 PM org.hibernate.tool.hbm2ddl.TableMetadata <init>
INFO: HHH000037: Columns: [idventa, iddetalleventa, cantidad, idarticulo]
oct 14, 2021 8:19:48 PM org.hibernate.tool.hbm2ddl.TableMetadata <init>
INFO: HHH000261: Table found: microcosmos.empleados
oct 14, 2021 8:19:48 PM org.hibernate.tool.hbm2ddl.TableMetadata <init>
INFO: HHH000037: Columns: [idempleados, idarealaboral, idtipodocumento, idsexo, telefonoempleado, documento, nombreempleado, correoempleado, apellidoempleado, fechadenacimiento, activoempleado]
oct 14, 2021 8:19:48 PM org.hibernate.tool.hbm2ddl.TableMetadata <init>
INFO: HHH000261: Table found: microcosmos.entidades
oct 14, 2021 8:19:48 PM org.hibernate.tool.hbm2ddl.TableMetadata <init>
INFO: HHH000037: Columns: [identidad, activoentidad, nombreentidad]
oct 14, 2021 8:19:48 PM org.hibernate.tool.hbm2ddl.TableMetadata <init>
INFO: HHH000261: Table found: microcosmos.estado
oct 14, 2021 8:19:48 PM org.hibernate.tool.hbm2ddl.TableMetadata <init>
INFO: HHH000037: Columns: [nombreestado, activoestado, identidad, descripcionestado, idestado]
oct 14, 2021 8:19:48 PM org.hibernate.tool.hbm2ddl.TableMetadata <init>
INFO: HHH000261: Table found: microcosmos.facturasdevueltas
oct 14, 2021 8:19:48 PM org.hibernate.tool.hbm2ddl.TableMetadata <init>
INFO: HHH000037: Columns: [idventa, descripcion, fechadevolucion, idempleados, idfacturadevuelta]
oct 14, 2021 8:19:48 PM org.hibernate.tool.hbm2ddl.TableMetadata <init>
INFO: HHH000261: Table found: microcosmos.parametros
oct 14, 2021 8:19:48 PM org.hibernate.tool.hbm2ddl.TableMetadata <init>
INFO: HHH000037: Columns: [facturainicial, fechaemision, facturafinal, activoparametros, fechacaducidad, cai, idparametros]
oct 14, 2021 8:19:48 PM org.hibernate.tool.hbm2ddl.TableMetadata <init>
INFO: HHH000261: Table found: microcosmos.pedidosdevueltos
oct 14, 2021 8:19:48 PM org.hibernate.tool.hbm2ddl.TableMetadata <init>
INFO: HHH000037: Columns: [idcompra, descripcion, idempleados, idpedidosdevueltos, fechaanulacion]
oct 14, 2021 8:19:48 PM org.hibernate.tool.hbm2ddl.TableMetadata <init>
INFO: HHH000261: Table found: microcosmos.preciohistorico
oct 14, 2021 8:19:48 PM org.hibernate.tool.hbm2ddl.TableMetadata <init>
INFO: HHH000037: Columns: [precio, idpreciohistorico, fechainicial, fechafinal, idarticulo, activopreciohistorico]
oct 14, 2021 8:19:48 PM org.hibernate.tool.hbm2ddl.TableMetadata <init>
INFO: HHH000261: Table found: microcosmos.proveedores
oct 14, 2021 8:19:48 PM org.hibernate.tool.hbm2ddl.TableMetadata <init>
INFO: HHH000037: Columns: [idproveedor, activoproveedor, idtipodocumento, nombreproveedor, correoproveedor, telefonoproveedor, documento, ubicacionproveedor]
oct 14, 2021 8:19:48 PM org.hibernate.tool.hbm2ddl.TableMetadata <init>
INFO: HHH000261: Table found: microcosmos.secciontienda
oct 14, 2021 8:19:48 PM org.hibernate.tool.hbm2ddl.TableMetadata <init>
INFO: HHH000037: Columns: [idsecciontienda, descripcionsecciontienda, nombresecciontienda, activosecciontienda]
oct 14, 2021 8:19:48 PM org.hibernate.tool.hbm2ddl.TableMetadata <init>
INFO: HHH000261: Table found: microcosmos.sexo
oct 14, 2021 8:19:48 PM org.hibernate.tool.hbm2ddl.TableMetadata <init>
INFO: HHH000037: Columns: [idsexo, nombresexo, descripcionsexo]
oct 14, 2021 8:19:48 PM org.hibernate.tool.hbm2ddl.TableMetadata <init>
INFO: HHH000261: Table found: microcosmos.talla
oct 14, 2021 8:19:48 PM org.hibernate.tool.hbm2ddl.TableMetadata <init>
INFO: HHH000037: Columns: [activotalla, nombretalla, descripciontalla, idtalla]
oct 14, 2021 8:19:48 PM org.hibernate.tool.hbm2ddl.TableMetadata <init>
INFO: HHH000261: Table found: microcosmos.tipodepago
oct 14, 2021 8:19:48 PM org.hibernate.tool.hbm2ddl.TableMetadata <init>
INFO: HHH000037: Columns: [descripciontipodepago, nombretipodepago, idtipodepago, activotipodepago]
oct 14, 2021 8:19:48 PM org.hibernate.tool.hbm2ddl.TableMetadata <init>
INFO: HHH000261: Table found: microcosmos.tipodocumento
oct 14, 2021 8:19:48 PM org.hibernate.tool.hbm2ddl.TableMetadata <init>
INFO: HHH000037: Columns: [nombretipodocumento, descripciontipodocumento, activotipodocumento, idtipodocumento]
oct 14, 2021 8:19:48 PM org.hibernate.tool.hbm2ddl.TableMetadata <init>
INFO: HHH000261: Table found: microcosmos.usuarios
oct 14, 2021 8:19:48 PM org.hibernate.tool.hbm2ddl.TableMetadata <init>
INFO: HHH000037: Columns: [nombreusuario, idempleados, numerodeintentos, activousuario, admin, contrasena, idusuario]
oct 14, 2021 8:19:48 PM org.hibernate.tool.hbm2ddl.TableMetadata <init>
INFO: HHH000261: Table found: microcosmos.venta
oct 14, 2021 8:19:48 PM org.hibernate.tool.hbm2ddl.TableMetadata <init>
INFO: HHH000037: Columns: [numtarjeta, idtipodepago, formato, montoefectivo, idcliente, idestado, idventa, total, idempleados, impuesto, subtotal, montotarjeta, fechaventa, idparametros]
oct 14, 2021 8:19:48 PM org.hibernate.jpa.internal.EntityManagerFactoryRegistry addEntityManagerFactory
WARN: HHH000436: Entity manager factory name (DB) is already registered.  If entity manager will be clustered or passivated, specify a unique value for property 'hibernate.ejb.entitymanager_factory_name'
oct 14, 2021 8:19:48 PM org.hibernate.ejb.HibernatePersistence logDeprecation
WARN: HHH015016: Encountered a deprecated javax.persistence.spi.PersistenceProvider [org.hibernate.ejb.HibernatePersistence]; use [org.hibernate.jpa.HibernatePersistenceProvider] instead.
oct 14, 2021 8:19:48 PM org.hibernate.ejb.HibernatePersistence logDeprecation
WARN: HHH015016: Encountered a deprecated javax.persistence.spi.PersistenceProvider [org.hibernate.ejb.HibernatePersistence]; use [org.hibernate.jpa.HibernatePersistenceProvider] instead.
oct 14, 2021 8:19:48 PM org.hibernate.ejb.HibernatePersistence logDeprecation
WARN: HHH015016: Encountered a deprecated javax.persistence.spi.PersistenceProvider [org.hibernate.ejb.HibernatePersistence]; use [org.hibernate.jpa.HibernatePersistenceProvider] instead.
oct 14, 2021 8:19:48 PM org.hibernate.jpa.internal.util.LogHelper logPersistenceUnitInformation
INFO: HHH000204: Processing PersistenceUnitInfo [
	name: DB
	...]
oct 14, 2021 8:19:49 PM org.hibernate.engine.jdbc.connections.internal.DriverManagerConnectionProviderImpl configure
WARN: HHH000402: Using Hibernate built-in connection pool (not for production use!)
oct 14, 2021 8:19:49 PM org.hibernate.engine.jdbc.connections.internal.DriverManagerConnectionProviderImpl buildCreator
INFO: HHH000401: using driver [com.mysql.jdbc.Driver] at URL [jdbc:mysql://localhost:3306/Microcosmos?zeroDateTimeBehavior=convertToNull]
oct 14, 2021 8:19:49 PM org.hibernate.engine.jdbc.connections.internal.DriverManagerConnectionProviderImpl buildCreator
INFO: HHH000046: Connection properties: {user=root, password=****}
oct 14, 2021 8:19:49 PM org.hibernate.engine.jdbc.connections.internal.DriverManagerConnectionProviderImpl buildCreator
INFO: HHH000006: Autocommit mode: false
oct 14, 2021 8:19:49 PM org.hibernate.engine.jdbc.connections.internal.DriverManagerConnectionProviderImpl configure
INFO: HHH000115: Hibernate connection pool size: 20 (min=1)
oct 14, 2021 8:19:49 PM org.hibernate.dialect.Dialect <init>
INFO: HHH000400: Using dialect: org.hibernate.dialect.MySQLDialect
oct 14, 2021 8:19:49 PM org.hibernate.hql.internal.ast.ASTQueryTranslatorFactory <init>
INFO: HHH000397: Using ASTQueryTranslatorFactory
oct 14, 2021 8:19:49 PM org.hibernate.tool.hbm2ddl.SchemaValidator validate
INFO: HHH000229: Running schema validator
oct 14, 2021 8:19:49 PM org.hibernate.tool.hbm2ddl.SchemaValidator validate
INFO: HHH000102: Fetching database metadata
oct 14, 2021 8:19:49 PM org.hibernate.tool.hbm2ddl.TableMetadata <init>
INFO: HHH000261: Table found: microcosmos.arealaboral
oct 14, 2021 8:19:49 PM org.hibernate.tool.hbm2ddl.TableMetadata <init>
INFO: HHH000037: Columns: [idarealaboral, descripcionarealaboral, nombrearealaboral, activoarealaboral]
oct 14, 2021 8:19:49 PM org.hibernate.tool.hbm2ddl.TableMetadata <init>
INFO: HHH000261: Table found: microcosmos.arealaboralhistorica
oct 14, 2021 8:19:49 PM org.hibernate.tool.hbm2ddl.TableMetadata <init>
INFO: HHH000037: Columns: [idempleados, fechaconclusion, fechacomienzo, idarealaboralhistorica]
oct 14, 2021 8:19:49 PM org.hibernate.tool.hbm2ddl.TableMetadata <init>
INFO: HHH000261: Table found: microcosmos.articulo
oct 14, 2021 8:19:49 PM org.hibernate.tool.hbm2ddl.TableMetadata <init>
INFO: HHH000037: Columns: [idsecciontienda, stockmaximo, activoarticulo, nombrearticulo, stockminimo, precioarticulo, idtalla, stock, descripcionarticulo, idarticulo]
oct 14, 2021 8:19:49 PM org.hibernate.tool.hbm2ddl.TableMetadata <init>
INFO: HHH000261: Table found: microcosmos.clientes
oct 14, 2021 8:19:49 PM org.hibernate.tool.hbm2ddl.TableMetadata <init>
INFO: HHH000037: Columns: [telefonocliente, direccioncliente, idtipodocumento, idsexo, documento, activocliente, idcliente, nombrecliente, apellidocliente, correocliente]
oct 14, 2021 8:19:49 PM org.hibernate.tool.hbm2ddl.TableMetadata <init>
INFO: HHH000261: Table found: microcosmos.compra
oct 14, 2021 8:19:49 PM org.hibernate.tool.hbm2ddl.TableMetadata <init>
INFO: HHH000037: Columns: [idcompra, fechapedido, idproveedor, idempleados, fecharecibido, totalcompra, idestado]
oct 14, 2021 8:19:49 PM org.hibernate.tool.hbm2ddl.TableMetadata <init>
INFO: HHH000261: Table found: microcosmos.detallecompra
oct 14, 2021 8:19:49 PM org.hibernate.tool.hbm2ddl.TableMetadata <init>
INFO: HHH000037: Columns: [idcompra, iddetallecompra, preciocompra, cantidad, idarticulo]
oct 14, 2021 8:19:49 PM org.hibernate.tool.hbm2ddl.TableMetadata <init>
INFO: HHH000261: Table found: microcosmos.detalleventa
oct 14, 2021 8:19:49 PM org.hibernate.tool.hbm2ddl.TableMetadata <init>
INFO: HHH000037: Columns: [idventa, iddetalleventa, cantidad, idarticulo]
oct 14, 2021 8:19:49 PM org.hibernate.tool.hbm2ddl.TableMetadata <init>
INFO: HHH000261: Table found: microcosmos.empleados
oct 14, 2021 8:19:49 PM org.hibernate.tool.hbm2ddl.TableMetadata <init>
INFO: HHH000037: Columns: [idempleados, idarealaboral, idtipodocumento, idsexo, telefonoempleado, documento, nombreempleado, correoempleado, apellidoempleado, fechadenacimiento, activoempleado]
oct 14, 2021 8:19:49 PM org.hibernate.tool.hbm2ddl.TableMetadata <init>
INFO: HHH000261: Table found: microcosmos.entidades
oct 14, 2021 8:19:49 PM org.hibernate.tool.hbm2ddl.TableMetadata <init>
INFO: HHH000037: Columns: [identidad, activoentidad, nombreentidad]
oct 14, 2021 8:19:49 PM org.hibernate.tool.hbm2ddl.TableMetadata <init>
INFO: HHH000261: Table found: microcosmos.estado
oct 14, 2021 8:19:49 PM org.hibernate.tool.hbm2ddl.TableMetadata <init>
INFO: HHH000037: Columns: [nombreestado, activoestado, identidad, descripcionestado, idestado]
oct 14, 2021 8:19:49 PM org.hibernate.tool.hbm2ddl.TableMetadata <init>
INFO: HHH000261: Table found: microcosmos.facturasdevueltas
oct 14, 2021 8:19:49 PM org.hibernate.tool.hbm2ddl.TableMetadata <init>
INFO: HHH000037: Columns: [idventa, descripcion, fechadevolucion, idempleados, idfacturadevuelta]
oct 14, 2021 8:19:49 PM org.hibernate.tool.hbm2ddl.TableMetadata <init>
INFO: HHH000261: Table found: microcosmos.parametros
oct 14, 2021 8:19:49 PM org.hibernate.tool.hbm2ddl.TableMetadata <init>
INFO: HHH000037: Columns: [facturainicial, fechaemision, facturafinal, activoparametros, fechacaducidad, cai, idparametros]
oct 14, 2021 8:19:49 PM org.hibernate.tool.hbm2ddl.TableMetadata <init>
INFO: HHH000261: Table found: microcosmos.pedidosdevueltos
oct 14, 2021 8:19:49 PM org.hibernate.tool.hbm2ddl.TableMetadata <init>
INFO: HHH000037: Columns: [idcompra, descripcion, idempleados, idpedidosdevueltos, fechaanulacion]
oct 14, 2021 8:19:49 PM org.hibernate.tool.hbm2ddl.TableMetadata <init>
INFO: HHH000261: Table found: microcosmos.preciohistorico
oct 14, 2021 8:19:49 PM org.hibernate.tool.hbm2ddl.TableMetadata <init>
INFO: HHH000037: Columns: [precio, idpreciohistorico, fechainicial, fechafinal, idarticulo, activopreciohistorico]
oct 14, 2021 8:19:49 PM org.hibernate.tool.hbm2ddl.TableMetadata <init>
INFO: HHH000261: Table found: microcosmos.proveedores
oct 14, 2021 8:19:49 PM org.hibernate.tool.hbm2ddl.TableMetadata <init>
INFO: HHH000037: Columns: [idproveedor, activoproveedor, idtipodocumento, nombreproveedor, correoproveedor, telefonoproveedor, documento, ubicacionproveedor]
oct 14, 2021 8:19:49 PM org.hibernate.tool.hbm2ddl.TableMetadata <init>
INFO: HHH000261: Table found: microcosmos.secciontienda
oct 14, 2021 8:19:49 PM org.hibernate.tool.hbm2ddl.TableMetadata <init>
INFO: HHH000037: Columns: [idsecciontienda, descripcionsecciontienda, nombresecciontienda, activosecciontienda]
oct 14, 2021 8:19:49 PM org.hibernate.tool.hbm2ddl.TableMetadata <init>
INFO: HHH000261: Table found: microcosmos.sexo
oct 14, 2021 8:19:49 PM org.hibernate.tool.hbm2ddl.TableMetadata <init>
INFO: HHH000037: Columns: [idsexo, nombresexo, descripcionsexo]
oct 14, 2021 8:19:49 PM org.hibernate.tool.hbm2ddl.TableMetadata <init>
INFO: HHH000261: Table found: microcosmos.talla
oct 14, 2021 8:19:49 PM org.hibernate.tool.hbm2ddl.TableMetadata <init>
INFO: HHH000037: Columns: [activotalla, nombretalla, descripciontalla, idtalla]
oct 14, 2021 8:19:49 PM org.hibernate.tool.hbm2ddl.TableMetadata <init>
INFO: HHH000261: Table found: microcosmos.tipodepago
oct 14, 2021 8:19:49 PM org.hibernate.tool.hbm2ddl.TableMetadata <init>
INFO: HHH000037: Columns: [descripciontipodepago, nombretipodepago, idtipodepago, activotipodepago]
oct 14, 2021 8:19:49 PM org.hibernate.tool.hbm2ddl.TableMetadata <init>
INFO: HHH000261: Table found: microcosmos.tipodocumento
oct 14, 2021 8:19:49 PM org.hibernate.tool.hbm2ddl.TableMetadata <init>
INFO: HHH000037: Columns: [nombretipodocumento, descripciontipodocumento, activotipodocumento, idtipodocumento]
oct 14, 2021 8:19:49 PM org.hibernate.tool.hbm2ddl.TableMetadata <init>
INFO: HHH000261: Table found: microcosmos.usuarios
oct 14, 2021 8:19:49 PM org.hibernate.tool.hbm2ddl.TableMetadata <init>
INFO: HHH000037: Columns: [nombreusuario, idempleados, numerodeintentos, activousuario, admin, contrasena, idusuario]
oct 14, 2021 8:19:49 PM org.hibernate.tool.hbm2ddl.TableMetadata <init>
INFO: HHH000261: Table found: microcosmos.venta
oct 14, 2021 8:19:49 PM org.hibernate.tool.hbm2ddl.TableMetadata <init>
INFO: HHH000037: Columns: [numtarjeta, idtipodepago, formato, montoefectivo, idcliente, idestado, idventa, total, idempleados, impuesto, subtotal, montotarjeta, fechaventa, idparametros]
oct 14, 2021 8:19:49 PM org.hibernate.jpa.internal.EntityManagerFactoryRegistry addEntityManagerFactory
WARN: HHH000436: Entity manager factory name (DB) is already registered.  If entity manager will be clustered or passivated, specify a unique value for property 'hibernate.ejb.entitymanager_factory_name'
oct 14, 2021 8:19:49 PM org.hibernate.ejb.HibernatePersistence logDeprecation
WARN: HHH015016: Encountered a deprecated javax.persistence.spi.PersistenceProvider [org.hibernate.ejb.HibernatePersistence]; use [org.hibernate.jpa.HibernatePersistenceProvider] instead.
oct 14, 2021 8:19:49 PM org.hibernate.ejb.HibernatePersistence logDeprecation
WARN: HHH015016: Encountered a deprecated javax.persistence.spi.PersistenceProvider [org.hibernate.ejb.HibernatePersistence]; use [org.hibernate.jpa.HibernatePersistenceProvider] instead.
oct 14, 2021 8:19:49 PM org.hibernate.ejb.HibernatePersistence logDeprecation
WARN: HHH015016: Encountered a deprecated javax.persistence.spi.PersistenceProvider [org.hibernate.ejb.HibernatePersistence]; use [org.hibernate.jpa.HibernatePersistenceProvider] instead.
oct 14, 2021 8:19:49 PM org.hibernate.jpa.internal.util.LogHelper logPersistenceUnitInformation
INFO: HHH000204: Processing PersistenceUnitInfo [
	name: DB
	...]
oct 14, 2021 8:19:49 PM org.hibernate.engine.jdbc.connections.internal.DriverManagerConnectionProviderImpl configure
WARN: HHH000402: Using Hibernate built-in connection pool (not for production use!)
oct 14, 2021 8:19:49 PM org.hibernate.engine.jdbc.connections.internal.DriverManagerConnectionProviderImpl buildCreator
INFO: HHH000401: using driver [com.mysql.jdbc.Driver] at URL [jdbc:mysql://localhost:3306/Microcosmos?zeroDateTimeBehavior=convertToNull]
oct 14, 2021 8:19:49 PM org.hibernate.engine.jdbc.connections.internal.DriverManagerConnectionProviderImpl buildCreator
INFO: HHH000046: Connection properties: {user=root, password=****}
oct 14, 2021 8:19:49 PM org.hibernate.engine.jdbc.connections.internal.DriverManagerConnectionProviderImpl buildCreator
INFO: HHH000006: Autocommit mode: false
oct 14, 2021 8:19:49 PM org.hibernate.engine.jdbc.connections.internal.DriverManagerConnectionProviderImpl configure
INFO: HHH000115: Hibernate connection pool size: 20 (min=1)
oct 14, 2021 8:19:49 PM org.hibernate.dialect.Dialect <init>
INFO: HHH000400: Using dialect: org.hibernate.dialect.MySQLDialect
oct 14, 2021 8:19:49 PM org.hibernate.hql.internal.ast.ASTQueryTranslatorFactory <init>
INFO: HHH000397: Using ASTQueryTranslatorFactory
oct 14, 2021 8:19:49 PM org.hibernate.tool.hbm2ddl.SchemaValidator validate
INFO: HHH000229: Running schema validator
oct 14, 2021 8:19:49 PM org.hibernate.tool.hbm2ddl.SchemaValidator validate
INFO: HHH000102: Fetching database metadata
oct 14, 2021 8:19:49 PM org.hibernate.tool.hbm2ddl.TableMetadata <init>
INFO: HHH000261: Table found: microcosmos.arealaboral
oct 14, 2021 8:19:49 PM org.hibernate.tool.hbm2ddl.TableMetadata <init>
INFO: HHH000037: Columns: [idarealaboral, descripcionarealaboral, nombrearealaboral, activoarealaboral]
oct 14, 2021 8:19:49 PM org.hibernate.tool.hbm2ddl.TableMetadata <init>
INFO: HHH000261: Table found: microcosmos.arealaboralhistorica
oct 14, 2021 8:19:49 PM org.hibernate.tool.hbm2ddl.TableMetadata <init>
INFO: HHH000037: Columns: [idempleados, fechaconclusion, fechacomienzo, idarealaboralhistorica]
oct 14, 2021 8:19:49 PM org.hibernate.tool.hbm2ddl.TableMetadata <init>
INFO: HHH000261: Table found: microcosmos.articulo
oct 14, 2021 8:19:49 PM org.hibernate.tool.hbm2ddl.TableMetadata <init>
INFO: HHH000037: Columns: [idsecciontienda, stockmaximo, activoarticulo, nombrearticulo, stockminimo, precioarticulo, idtalla, stock, descripcionarticulo, idarticulo]
oct 14, 2021 8:19:49 PM org.hibernate.tool.hbm2ddl.TableMetadata <init>
INFO: HHH000261: Table found: microcosmos.clientes
oct 14, 2021 8:19:49 PM org.hibernate.tool.hbm2ddl.TableMetadata <init>
INFO: HHH000037: Columns: [telefonocliente, direccioncliente, idtipodocumento, idsexo, documento, activocliente, idcliente, nombrecliente, apellidocliente, correocliente]
oct 14, 2021 8:19:49 PM org.hibernate.tool.hbm2ddl.TableMetadata <init>
INFO: HHH000261: Table found: microcosmos.compra
oct 14, 2021 8:19:49 PM org.hibernate.tool.hbm2ddl.TableMetadata <init>
INFO: HHH000037: Columns: [idcompra, fechapedido, idproveedor, idempleados, fecharecibido, totalcompra, idestado]
oct 14, 2021 8:19:49 PM org.hibernate.tool.hbm2ddl.TableMetadata <init>
INFO: HHH000261: Table found: microcosmos.detallecompra
oct 14, 2021 8:19:49 PM org.hibernate.tool.hbm2ddl.TableMetadata <init>
INFO: HHH000037: Columns: [idcompra, iddetallecompra, preciocompra, cantidad, idarticulo]
oct 14, 2021 8:19:49 PM org.hibernate.tool.hbm2ddl.TableMetadata <init>
INFO: HHH000261: Table found: microcosmos.detalleventa
oct 14, 2021 8:19:49 PM org.hibernate.tool.hbm2ddl.TableMetadata <init>
INFO: HHH000037: Columns: [idventa, iddetalleventa, cantidad, idarticulo]
oct 14, 2021 8:19:49 PM org.hibernate.tool.hbm2ddl.TableMetadata <init>
INFO: HHH000261: Table found: microcosmos.empleados
oct 14, 2021 8:19:49 PM org.hibernate.tool.hbm2ddl.TableMetadata <init>
INFO: HHH000037: Columns: [idempleados, idarealaboral, idtipodocumento, idsexo, telefonoempleado, documento, nombreempleado, correoempleado, apellidoempleado, fechadenacimiento, activoempleado]
oct 14, 2021 8:19:49 PM org.hibernate.tool.hbm2ddl.TableMetadata <init>
INFO: HHH000261: Table found: microcosmos.entidades
oct 14, 2021 8:19:49 PM org.hibernate.tool.hbm2ddl.TableMetadata <init>
INFO: HHH000037: Columns: [identidad, activoentidad, nombreentidad]
oct 14, 2021 8:19:49 PM org.hibernate.tool.hbm2ddl.TableMetadata <init>
INFO: HHH000261: Table found: microcosmos.estado
oct 14, 2021 8:19:49 PM org.hibernate.tool.hbm2ddl.TableMetadata <init>
INFO: HHH000037: Columns: [nombreestado, activoestado, identidad, descripcionestado, idestado]
oct 14, 2021 8:19:49 PM org.hibernate.tool.hbm2ddl.TableMetadata <init>
INFO: HHH000261: Table found: microcosmos.facturasdevueltas
oct 14, 2021 8:19:49 PM org.hibernate.tool.hbm2ddl.TableMetadata <init>
INFO: HHH000037: Columns: [idventa, descripcion, fechadevolucion, idempleados, idfacturadevuelta]
oct 14, 2021 8:19:49 PM org.hibernate.tool.hbm2ddl.TableMetadata <init>
INFO: HHH000261: Table found: microcosmos.parametros
oct 14, 2021 8:19:49 PM org.hibernate.tool.hbm2ddl.TableMetadata <init>
INFO: HHH000037: Columns: [facturainicial, fechaemision, facturafinal, activoparametros, fechacaducidad, cai, idparametros]
oct 14, 2021 8:19:49 PM org.hibernate.tool.hbm2ddl.TableMetadata <init>
INFO: HHH000261: Table found: microcosmos.pedidosdevueltos
oct 14, 2021 8:19:49 PM org.hibernate.tool.hbm2ddl.TableMetadata <init>
INFO: HHH000037: Columns: [idcompra, descripcion, idempleados, idpedidosdevueltos, fechaanulacion]
oct 14, 2021 8:19:49 PM org.hibernate.tool.hbm2ddl.TableMetadata <init>
INFO: HHH000261: Table found: microcosmos.preciohistorico
oct 14, 2021 8:19:49 PM org.hibernate.tool.hbm2ddl.TableMetadata <init>
INFO: HHH000037: Columns: [precio, idpreciohistorico, fechainicial, fechafinal, idarticulo, activopreciohistorico]
oct 14, 2021 8:19:49 PM org.hibernate.tool.hbm2ddl.TableMetadata <init>
INFO: HHH000261: Table found: microcosmos.proveedores
oct 14, 2021 8:19:49 PM org.hibernate.tool.hbm2ddl.TableMetadata <init>
INFO: HHH000037: Columns: [idproveedor, activoproveedor, idtipodocumento, nombreproveedor, correoproveedor, telefonoproveedor, documento, ubicacionproveedor]
oct 14, 2021 8:19:49 PM org.hibernate.tool.hbm2ddl.TableMetadata <init>
INFO: HHH000261: Table found: microcosmos.secciontienda
oct 14, 2021 8:19:49 PM org.hibernate.tool.hbm2ddl.TableMetadata <init>
INFO: HHH000037: Columns: [idsecciontienda, descripcionsecciontienda, nombresecciontienda, activosecciontienda]
oct 14, 2021 8:19:49 PM org.hibernate.tool.hbm2ddl.TableMetadata <init>
INFO: HHH000261: Table found: microcosmos.sexo
oct 14, 2021 8:19:49 PM org.hibernate.tool.hbm2ddl.TableMetadata <init>
INFO: HHH000037: Columns: [idsexo, nombresexo, descripcionsexo]
oct 14, 2021 8:19:49 PM org.hibernate.tool.hbm2ddl.TableMetadata <init>
INFO: HHH000261: Table found: microcosmos.talla
oct 14, 2021 8:19:49 PM org.hibernate.tool.hbm2ddl.TableMetadata <init>
INFO: HHH000037: Columns: [activotalla, nombretalla, descripciontalla, idtalla]
oct 14, 2021 8:19:49 PM org.hibernate.tool.hbm2ddl.TableMetadata <init>
INFO: HHH000261: Table found: microcosmos.tipodepago
oct 14, 2021 8:19:49 PM org.hibernate.tool.hbm2ddl.TableMetadata <init>
INFO: HHH000037: Columns: [descripciontipodepago, nombretipodepago, idtipodepago, activotipodepago]
oct 14, 2021 8:19:49 PM org.hibernate.tool.hbm2ddl.TableMetadata <init>
INFO: HHH000261: Table found: microcosmos.tipodocumento
oct 14, 2021 8:19:49 PM org.hibernate.tool.hbm2ddl.TableMetadata <init>
INFO: HHH000037: Columns: [nombretipodocumento, descripciontipodocumento, activotipodocumento, idtipodocumento]
oct 14, 2021 8:19:49 PM org.hibernate.tool.hbm2ddl.TableMetadata <init>
INFO: HHH000261: Table found: microcosmos.usuarios
oct 14, 2021 8:19:49 PM org.hibernate.tool.hbm2ddl.TableMetadata <init>
INFO: HHH000037: Columns: [nombreusuario, idempleados, numerodeintentos, activousuario, admin, contrasena, idusuario]
oct 14, 2021 8:19:49 PM org.hibernate.tool.hbm2ddl.TableMetadata <init>
INFO: HHH000261: Table found: microcosmos.venta
oct 14, 2021 8:19:49 PM org.hibernate.tool.hbm2ddl.TableMetadata <init>
INFO: HHH000037: Columns: [numtarjeta, idtipodepago, formato, montoefectivo, idcliente, idestado, idventa, total, idempleados, impuesto, subtotal, montotarjeta, fechaventa, idparametros]
oct 14, 2021 8:19:49 PM org.hibernate.jpa.internal.EntityManagerFactoryRegistry addEntityManagerFactory
WARN: HHH000436: Entity manager factory name (DB) is already registered.  If entity manager will be clustered or passivated, specify a unique value for property 'hibernate.ejb.entitymanager_factory_name'
oct 14, 2021 8:19:49 PM org.hibernate.ejb.HibernatePersistence logDeprecation
WARN: HHH015016: Encountered a deprecated javax.persistence.spi.PersistenceProvider [org.hibernate.ejb.HibernatePersistence]; use [org.hibernate.jpa.HibernatePersistenceProvider] instead.
oct 14, 2021 8:19:49 PM org.hibernate.ejb.HibernatePersistence logDeprecation
WARN: HHH015016: Encountered a deprecated javax.persistence.spi.PersistenceProvider [org.hibernate.ejb.HibernatePersistence]; use [org.hibernate.jpa.HibernatePersistenceProvider] instead.
oct 14, 2021 8:19:49 PM org.hibernate.ejb.HibernatePersistence logDeprecation
WARN: HHH015016: Encountered a deprecated javax.persistence.spi.PersistenceProvider [org.hibernate.ejb.HibernatePersistence]; use [org.hibernate.jpa.HibernatePersistenceProvider] instead.
oct 14, 2021 8:19:49 PM org.hibernate.jpa.internal.util.LogHelper logPersistenceUnitInformation
INFO: HHH000204: Processing PersistenceUnitInfo [
	name: DB
	...]
oct 14, 2021 8:19:49 PM org.hibernate.engine.jdbc.connections.internal.DriverManagerConnectionProviderImpl configure
WARN: HHH000402: Using Hibernate built-in connection pool (not for production use!)
oct 14, 2021 8:19:49 PM org.hibernate.engine.jdbc.connections.internal.DriverManagerConnectionProviderImpl buildCreator
INFO: HHH000401: using driver [com.mysql.jdbc.Driver] at URL [jdbc:mysql://localhost:3306/Microcosmos?zeroDateTimeBehavior=convertToNull]
oct 14, 2021 8:19:49 PM org.hibernate.engine.jdbc.connections.internal.DriverManagerConnectionProviderImpl buildCreator
INFO: HHH000046: Connection properties: {user=root, password=****}
oct 14, 2021 8:19:49 PM org.hibernate.engine.jdbc.connections.internal.DriverManagerConnectionProviderImpl buildCreator
INFO: HHH000006: Autocommit mode: false
oct 14, 2021 8:19:49 PM org.hibernate.engine.jdbc.connections.internal.DriverManagerConnectionProviderImpl configure
INFO: HHH000115: Hibernate connection pool size: 20 (min=1)
oct 14, 2021 8:19:49 PM org.hibernate.dialect.Dialect <init>
INFO: HHH000400: Using dialect: org.hibernate.dialect.MySQLDialect
oct 14, 2021 8:19:49 PM org.hibernate.hql.internal.ast.ASTQueryTranslatorFactory <init>
INFO: HHH000397: Using ASTQueryTranslatorFactory
oct 14, 2021 8:19:49 PM org.hibernate.tool.hbm2ddl.SchemaValidator validate
INFO: HHH000229: Running schema validator
oct 14, 2021 8:19:49 PM org.hibernate.tool.hbm2ddl.SchemaValidator validate
INFO: HHH000102: Fetching database metadata
oct 14, 2021 8:19:49 PM org.hibernate.tool.hbm2ddl.TableMetadata <init>
INFO: HHH000261: Table found: microcosmos.arealaboral
oct 14, 2021 8:19:49 PM org.hibernate.tool.hbm2ddl.TableMetadata <init>
INFO: HHH000037: Columns: [idarealaboral, descripcionarealaboral, nombrearealaboral, activoarealaboral]
oct 14, 2021 8:19:49 PM org.hibernate.tool.hbm2ddl.TableMetadata <init>
INFO: HHH000261: Table found: microcosmos.arealaboralhistorica
oct 14, 2021 8:19:49 PM org.hibernate.tool.hbm2ddl.TableMetadata <init>
INFO: HHH000037: Columns: [idempleados, fechaconclusion, fechacomienzo, idarealaboralhistorica]
oct 14, 2021 8:19:49 PM org.hibernate.tool.hbm2ddl.TableMetadata <init>
INFO: HHH000261: Table found: microcosmos.articulo
oct 14, 2021 8:19:49 PM org.hibernate.tool.hbm2ddl.TableMetadata <init>
INFO: HHH000037: Columns: [idsecciontienda, stockmaximo, activoarticulo, nombrearticulo, stockminimo, precioarticulo, idtalla, stock, descripcionarticulo, idarticulo]
oct 14, 2021 8:19:49 PM org.hibernate.tool.hbm2ddl.TableMetadata <init>
INFO: HHH000261: Table found: microcosmos.clientes
oct 14, 2021 8:19:49 PM org.hibernate.tool.hbm2ddl.TableMetadata <init>
INFO: HHH000037: Columns: [telefonocliente, direccioncliente, idtipodocumento, idsexo, documento, activocliente, idcliente, nombrecliente, apellidocliente, correocliente]
oct 14, 2021 8:19:49 PM org.hibernate.tool.hbm2ddl.TableMetadata <init>
INFO: HHH000261: Table found: microcosmos.compra
oct 14, 2021 8:19:49 PM org.hibernate.tool.hbm2ddl.TableMetadata <init>
INFO: HHH000037: Columns: [idcompra, fechapedido, idproveedor, idempleados, fecharecibido, totalcompra, idestado]
oct 14, 2021 8:19:49 PM org.hibernate.tool.hbm2ddl.TableMetadata <init>
INFO: HHH000261: Table found: microcosmos.detallecompra
oct 14, 2021 8:19:49 PM org.hibernate.tool.hbm2ddl.TableMetadata <init>
INFO: HHH000037: Columns: [idcompra, iddetallecompra, preciocompra, cantidad, idarticulo]
oct 14, 2021 8:19:49 PM org.hibernate.tool.hbm2ddl.TableMetadata <init>
INFO: HHH000261: Table found: microcosmos.detalleventa
oct 14, 2021 8:19:49 PM org.hibernate.tool.hbm2ddl.TableMetadata <init>
INFO: HHH000037: Columns: [idventa, iddetalleventa, cantidad, idarticulo]
oct 14, 2021 8:19:49 PM org.hibernate.tool.hbm2ddl.TableMetadata <init>
INFO: HHH000261: Table found: microcosmos.empleados
oct 14, 2021 8:19:49 PM org.hibernate.tool.hbm2ddl.TableMetadata <init>
INFO: HHH000037: Columns: [idempleados, idarealaboral, idtipodocumento, idsexo, telefonoempleado, documento, nombreempleado, correoempleado, apellidoempleado, fechadenacimiento, activoempleado]
oct 14, 2021 8:19:49 PM org.hibernate.tool.hbm2ddl.TableMetadata <init>
INFO: HHH000261: Table found: microcosmos.entidades
oct 14, 2021 8:19:49 PM org.hibernate.tool.hbm2ddl.TableMetadata <init>
INFO: HHH000037: Columns: [identidad, activoentidad, nombreentidad]
oct 14, 2021 8:19:49 PM org.hibernate.tool.hbm2ddl.TableMetadata <init>
INFO: HHH000261: Table found: microcosmos.estado
oct 14, 2021 8:19:49 PM org.hibernate.tool.hbm2ddl.TableMetadata <init>
INFO: HHH000037: Columns: [nombreestado, activoestado, identidad, descripcionestado, idestado]
oct 14, 2021 8:19:49 PM org.hibernate.tool.hbm2ddl.TableMetadata <init>
INFO: HHH000261: Table found: microcosmos.facturasdevueltas
oct 14, 2021 8:19:49 PM org.hibernate.tool.hbm2ddl.TableMetadata <init>
INFO: HHH000037: Columns: [idventa, descripcion, fechadevolucion, idempleados, idfacturadevuelta]
oct 14, 2021 8:19:49 PM org.hibernate.tool.hbm2ddl.TableMetadata <init>
INFO: HHH000261: Table found: microcosmos.parametros
oct 14, 2021 8:19:49 PM org.hibernate.tool.hbm2ddl.TableMetadata <init>
INFO: HHH000037: Columns: [facturainicial, fechaemision, facturafinal, activoparametros, fechacaducidad, cai, idparametros]
oct 14, 2021 8:19:49 PM org.hibernate.tool.hbm2ddl.TableMetadata <init>
INFO: HHH000261: Table found: microcosmos.pedidosdevueltos
oct 14, 2021 8:19:49 PM org.hibernate.tool.hbm2ddl.TableMetadata <init>
INFO: HHH000037: Columns: [idcompra, descripcion, idempleados, idpedidosdevueltos, fechaanulacion]
oct 14, 2021 8:19:49 PM org.hibernate.tool.hbm2ddl.TableMetadata <init>
INFO: HHH000261: Table found: microcosmos.preciohistorico
oct 14, 2021 8:19:49 PM org.hibernate.tool.hbm2ddl.TableMetadata <init>
INFO: HHH000037: Columns: [precio, idpreciohistorico, fechainicial, fechafinal, idarticulo, activopreciohistorico]
oct 14, 2021 8:19:49 PM org.hibernate.tool.hbm2ddl.TableMetadata <init>
INFO: HHH000261: Table found: microcosmos.proveedores
oct 14, 2021 8:19:49 PM org.hibernate.tool.hbm2ddl.TableMetadata <init>
INFO: HHH000037: Columns: [idproveedor, activoproveedor, idtipodocumento, nombreproveedor, correoproveedor, telefonoproveedor, documento, ubicacionproveedor]
oct 14, 2021 8:19:49 PM org.hibernate.tool.hbm2ddl.TableMetadata <init>
INFO: HHH000261: Table found: microcosmos.secciontienda
oct 14, 2021 8:19:49 PM org.hibernate.tool.hbm2ddl.TableMetadata <init>
INFO: HHH000037: Columns: [idsecciontienda, descripcionsecciontienda, nombresecciontienda, activosecciontienda]
oct 14, 2021 8:19:49 PM org.hibernate.tool.hbm2ddl.TableMetadata <init>
INFO: HHH000261: Table found: microcosmos.sexo
oct 14, 2021 8:19:49 PM org.hibernate.tool.hbm2ddl.TableMetadata <init>
INFO: HHH000037: Columns: [idsexo, nombresexo, descripcionsexo]
oct 14, 2021 8:19:49 PM org.hibernate.tool.hbm2ddl.TableMetadata <init>
INFO: HHH000261: Table found: microcosmos.talla
oct 14, 2021 8:19:49 PM org.hibernate.tool.hbm2ddl.TableMetadata <init>
INFO: HHH000037: Columns: [activotalla, nombretalla, descripciontalla, idtalla]
oct 14, 2021 8:19:49 PM org.hibernate.tool.hbm2ddl.TableMetadata <init>
INFO: HHH000261: Table found: microcosmos.tipodepago
oct 14, 2021 8:19:49 PM org.hibernate.tool.hbm2ddl.TableMetadata <init>
INFO: HHH000037: Columns: [descripciontipodepago, nombretipodepago, idtipodepago, activotipodepago]
oct 14, 2021 8:19:49 PM org.hibernate.tool.hbm2ddl.TableMetadata <init>
INFO: HHH000261: Table found: microcosmos.tipodocumento
oct 14, 2021 8:19:49 PM org.hibernate.tool.hbm2ddl.TableMetadata <init>
INFO: HHH000037: Columns: [nombretipodocumento, descripciontipodocumento, activotipodocumento, idtipodocumento]
oct 14, 2021 8:19:49 PM org.hibernate.tool.hbm2ddl.TableMetadata <init>
INFO: HHH000261: Table found: microcosmos.usuarios
oct 14, 2021 8:19:49 PM org.hibernate.tool.hbm2ddl.TableMetadata <init>
INFO: HHH000037: Columns: [nombreusuario, idempleados, numerodeintentos, activousuario, admin, contrasena, idusuario]
oct 14, 2021 8:19:49 PM org.hibernate.tool.hbm2ddl.TableMetadata <init>
INFO: HHH000261: Table found: microcosmos.venta
oct 14, 2021 8:19:49 PM org.hibernate.tool.hbm2ddl.TableMetadata <init>
INFO: HHH000037: Columns: [numtarjeta, idtipodepago, formato, montoefectivo, idcliente, idestado, idventa, total, idempleados, impuesto, subtotal, montotarjeta, fechaventa, idparametros]
oct 14, 2021 8:19:49 PM org.hibernate.jpa.internal.EntityManagerFactoryRegistry addEntityManagerFactory
WARN: HHH000436: Entity manager factory name (DB) is already registered.  If entity manager will be clustered or passivated, specify a unique value for property 'hibernate.ejb.entitymanager_factory_name'
oct 14, 2021 8:19:49 PM org.hibernate.ejb.HibernatePersistence logDeprecation
WARN: HHH015016: Encountered a deprecated javax.persistence.spi.PersistenceProvider [org.hibernate.ejb.HibernatePersistence]; use [org.hibernate.jpa.HibernatePersistenceProvider] instead.
oct 14, 2021 8:19:49 PM org.hibernate.ejb.HibernatePersistence logDeprecation
WARN: HHH015016: Encountered a deprecated javax.persistence.spi.PersistenceProvider [org.hibernate.ejb.HibernatePersistence]; use [org.hibernate.jpa.HibernatePersistenceProvider] instead.
oct 14, 2021 8:19:49 PM org.hibernate.ejb.HibernatePersistence logDeprecation
WARN: HHH015016: Encountered a deprecated javax.persistence.spi.PersistenceProvider [org.hibernate.ejb.HibernatePersistence]; use [org.hibernate.jpa.HibernatePersistenceProvider] instead.
oct 14, 2021 8:19:49 PM org.hibernate.jpa.internal.util.LogHelper logPersistenceUnitInformation
INFO: HHH000204: Processing PersistenceUnitInfo [
	name: DB
	...]
oct 14, 2021 8:19:49 PM org.hibernate.engine.jdbc.connections.internal.DriverManagerConnectionProviderImpl configure
WARN: HHH000402: Using Hibernate built-in connection pool (not for production use!)
oct 14, 2021 8:19:49 PM org.hibernate.engine.jdbc.connections.internal.DriverManagerConnectionProviderImpl buildCreator
INFO: HHH000401: using driver [com.mysql.jdbc.Driver] at URL [jdbc:mysql://localhost:3306/Microcosmos?zeroDateTimeBehavior=convertToNull]
oct 14, 2021 8:19:49 PM org.hibernate.engine.jdbc.connections.internal.DriverManagerConnectionProviderImpl buildCreator
INFO: HHH000046: Connection properties: {user=root, password=****}
oct 14, 2021 8:19:49 PM org.hibernate.engine.jdbc.connections.internal.DriverManagerConnectionProviderImpl buildCreator
INFO: HHH000006: Autocommit mode: false
oct 14, 2021 8:19:49 PM org.hibernate.engine.jdbc.connections.internal.DriverManagerConnectionProviderImpl configure
INFO: HHH000115: Hibernate connection pool size: 20 (min=1)
oct 14, 2021 8:19:49 PM org.hibernate.dialect.Dialect <init>
INFO: HHH000400: Using dialect: org.hibernate.dialect.MySQLDialect
oct 14, 2021 8:19:49 PM org.hibernate.hql.internal.ast.ASTQueryTranslatorFactory <init>
INFO: HHH000397: Using ASTQueryTranslatorFactory
oct 14, 2021 8:19:49 PM org.hibernate.tool.hbm2ddl.SchemaValidator validate
INFO: HHH000229: Running schema validator
oct 14, 2021 8:19:49 PM org.hibernate.tool.hbm2ddl.SchemaValidator validate
INFO: HHH000102: Fetching database metadata
oct 14, 2021 8:19:49 PM org.hibernate.tool.hbm2ddl.TableMetadata <init>
INFO: HHH000261: Table found: microcosmos.arealaboral
oct 14, 2021 8:19:49 PM org.hibernate.tool.hbm2ddl.TableMetadata <init>
INFO: HHH000037: Columns: [idarealaboral, descripcionarealaboral, nombrearealaboral, activoarealaboral]
oct 14, 2021 8:19:49 PM org.hibernate.tool.hbm2ddl.TableMetadata <init>
INFO: HHH000261: Table found: microcosmos.arealaboralhistorica
oct 14, 2021 8:19:49 PM org.hibernate.tool.hbm2ddl.TableMetadata <init>
INFO: HHH000037: Columns: [idempleados, fechaconclusion, fechacomienzo, idarealaboralhistorica]
oct 14, 2021 8:19:49 PM org.hibernate.tool.hbm2ddl.TableMetadata <init>
INFO: HHH000261: Table found: microcosmos.articulo
oct 14, 2021 8:19:49 PM org.hibernate.tool.hbm2ddl.TableMetadata <init>
INFO: HHH000037: Columns: [idsecciontienda, stockmaximo, activoarticulo, nombrearticulo, stockminimo, precioarticulo, idtalla, stock, descripcionarticulo, idarticulo]
oct 14, 2021 8:19:49 PM org.hibernate.tool.hbm2ddl.TableMetadata <init>
INFO: HHH000261: Table found: microcosmos.clientes
oct 14, 2021 8:19:49 PM org.hibernate.tool.hbm2ddl.TableMetadata <init>
INFO: HHH000037: Columns: [telefonocliente, direccioncliente, idtipodocumento, idsexo, documento, activocliente, idcliente, nombrecliente, apellidocliente, correocliente]
oct 14, 2021 8:19:49 PM org.hibernate.tool.hbm2ddl.TableMetadata <init>
INFO: HHH000261: Table found: microcosmos.compra
oct 14, 2021 8:19:49 PM org.hibernate.tool.hbm2ddl.TableMetadata <init>
INFO: HHH000037: Columns: [idcompra, fechapedido, idproveedor, idempleados, fecharecibido, totalcompra, idestado]
oct 14, 2021 8:19:49 PM org.hibernate.tool.hbm2ddl.TableMetadata <init>
INFO: HHH000261: Table found: microcosmos.detallecompra
oct 14, 2021 8:19:49 PM org.hibernate.tool.hbm2ddl.TableMetadata <init>
INFO: HHH000037: Columns: [idcompra, iddetallecompra, preciocompra, cantidad, idarticulo]
oct 14, 2021 8:19:49 PM org.hibernate.tool.hbm2ddl.TableMetadata <init>
INFO: HHH000261: Table found: microcosmos.detalleventa
oct 14, 2021 8:19:49 PM org.hibernate.tool.hbm2ddl.TableMetadata <init>
INFO: HHH000037: Columns: [idventa, iddetalleventa, cantidad, idarticulo]
oct 14, 2021 8:19:49 PM org.hibernate.tool.hbm2ddl.TableMetadata <init>
INFO: HHH000261: Table found: microcosmos.empleados
oct 14, 2021 8:19:49 PM org.hibernate.tool.hbm2ddl.TableMetadata <init>
INFO: HHH000037: Columns: [idempleados, idarealaboral, idtipodocumento, idsexo, telefonoempleado, documento, nombreempleado, correoempleado, apellidoempleado, fechadenacimiento, activoempleado]
oct 14, 2021 8:19:49 PM org.hibernate.tool.hbm2ddl.TableMetadata <init>
INFO: HHH000261: Table found: microcosmos.entidades
oct 14, 2021 8:19:49 PM org.hibernate.tool.hbm2ddl.TableMetadata <init>
INFO: HHH000037: Columns: [identidad, activoentidad, nombreentidad]
oct 14, 2021 8:19:49 PM org.hibernate.tool.hbm2ddl.TableMetadata <init>
INFO: HHH000261: Table found: microcosmos.estado
oct 14, 2021 8:19:49 PM org.hibernate.tool.hbm2ddl.TableMetadata <init>
INFO: HHH000037: Columns: [nombreestado, activoestado, identidad, descripcionestado, idestado]
oct 14, 2021 8:19:49 PM org.hibernate.tool.hbm2ddl.TableMetadata <init>
INFO: HHH000261: Table found: microcosmos.facturasdevueltas
oct 14, 2021 8:19:49 PM org.hibernate.tool.hbm2ddl.TableMetadata <init>
INFO: HHH000037: Columns: [idventa, descripcion, fechadevolucion, idempleados, idfacturadevuelta]
oct 14, 2021 8:19:49 PM org.hibernate.tool.hbm2ddl.TableMetadata <init>
INFO: HHH000261: Table found: microcosmos.parametros
oct 14, 2021 8:19:49 PM org.hibernate.tool.hbm2ddl.TableMetadata <init>
INFO: HHH000037: Columns: [facturainicial, fechaemision, facturafinal, activoparametros, fechacaducidad, cai, idparametros]
oct 14, 2021 8:19:49 PM org.hibernate.tool.hbm2ddl.TableMetadata <init>
INFO: HHH000261: Table found: microcosmos.pedidosdevueltos
oct 14, 2021 8:19:49 PM org.hibernate.tool.hbm2ddl.TableMetadata <init>
INFO: HHH000037: Columns: [idcompra, descripcion, idempleados, idpedidosdevueltos, fechaanulacion]
oct 14, 2021 8:19:49 PM org.hibernate.tool.hbm2ddl.TableMetadata <init>
INFO: HHH000261: Table found: microcosmos.preciohistorico
oct 14, 2021 8:19:49 PM org.hibernate.tool.hbm2ddl.TableMetadata <init>
INFO: HHH000037: Columns: [precio, idpreciohistorico, fechainicial, fechafinal, idarticulo, activopreciohistorico]
oct 14, 2021 8:19:49 PM org.hibernate.tool.hbm2ddl.TableMetadata <init>
INFO: HHH000261: Table found: microcosmos.proveedores
oct 14, 2021 8:19:49 PM org.hibernate.tool.hbm2ddl.TableMetadata <init>
INFO: HHH000037: Columns: [idproveedor, activoproveedor, idtipodocumento, nombreproveedor, correoproveedor, telefonoproveedor, documento, ubicacionproveedor]
oct 14, 2021 8:19:49 PM org.hibernate.tool.hbm2ddl.TableMetadata <init>
INFO: HHH000261: Table found: microcosmos.secciontienda
oct 14, 2021 8:19:49 PM org.hibernate.tool.hbm2ddl.TableMetadata <init>
INFO: HHH000037: Columns: [idsecciontienda, descripcionsecciontienda, nombresecciontienda, activosecciontienda]
oct 14, 2021 8:19:49 PM org.hibernate.tool.hbm2ddl.TableMetadata <init>
INFO: HHH000261: Table found: microcosmos.sexo
oct 14, 2021 8:19:49 PM org.hibernate.tool.hbm2ddl.TableMetadata <init>
INFO: HHH000037: Columns: [idsexo, nombresexo, descripcionsexo]
oct 14, 2021 8:19:49 PM org.hibernate.tool.hbm2ddl.TableMetadata <init>
INFO: HHH000261: Table found: microcosmos.talla
oct 14, 2021 8:19:49 PM org.hibernate.tool.hbm2ddl.TableMetadata <init>
INFO: HHH000037: Columns: [activotalla, nombretalla, descripciontalla, idtalla]
oct 14, 2021 8:19:49 PM org.hibernate.tool.hbm2ddl.TableMetadata <init>
INFO: HHH000261: Table found: microcosmos.tipodepago
oct 14, 2021 8:19:49 PM org.hibernate.tool.hbm2ddl.TableMetadata <init>
INFO: HHH000037: Columns: [descripciontipodepago, nombretipodepago, idtipodepago, activotipodepago]
oct 14, 2021 8:19:49 PM org.hibernate.tool.hbm2ddl.TableMetadata <init>
INFO: HHH000261: Table found: microcosmos.tipodocumento
oct 14, 2021 8:19:49 PM org.hibernate.tool.hbm2ddl.TableMetadata <init>
INFO: HHH000037: Columns: [nombretipodocumento, descripciontipodocumento, activotipodocumento, idtipodocumento]
oct 14, 2021 8:19:49 PM org.hibernate.tool.hbm2ddl.TableMetadata <init>
INFO: HHH000261: Table found: microcosmos.usuarios
oct 14, 2021 8:19:49 PM org.hibernate.tool.hbm2ddl.TableMetadata <init>
INFO: HHH000037: Columns: [nombreusuario, idempleados, numerodeintentos, activousuario, admin, contrasena, idusuario]
oct 14, 2021 8:19:49 PM org.hibernate.tool.hbm2ddl.TableMetadata <init>
INFO: HHH000261: Table found: microcosmos.venta
oct 14, 2021 8:19:49 PM org.hibernate.tool.hbm2ddl.TableMetadata <init>
INFO: HHH000037: Columns: [numtarjeta, idtipodepago, formato, montoefectivo, idcliente, idestado, idventa, total, idempleados, impuesto, subtotal, montotarjeta, fechaventa, idparametros]
oct 14, 2021 8:19:49 PM org.hibernate.jpa.internal.EntityManagerFactoryRegistry addEntityManagerFactory
WARN: HHH000436: Entity manager factory name (DB) is already registered.  If entity manager will be clustered or passivated, specify a unique value for property 'hibernate.ejb.entitymanager_factory_name'
oct 14, 2021 8:19:49 PM org.hibernate.ejb.HibernatePersistence logDeprecation
WARN: HHH015016: Encountered a deprecated javax.persistence.spi.PersistenceProvider [org.hibernate.ejb.HibernatePersistence]; use [org.hibernate.jpa.HibernatePersistenceProvider] instead.
oct 14, 2021 8:19:49 PM org.hibernate.ejb.HibernatePersistence logDeprecation
WARN: HHH015016: Encountered a deprecated javax.persistence.spi.PersistenceProvider [org.hibernate.ejb.HibernatePersistence]; use [org.hibernate.jpa.HibernatePersistenceProvider] instead.
oct 14, 2021 8:19:49 PM org.hibernate.ejb.HibernatePersistence logDeprecation
WARN: HHH015016: Encountered a deprecated javax.persistence.spi.PersistenceProvider [org.hibernate.ejb.HibernatePersistence]; use [org.hibernate.jpa.HibernatePersistenceProvider] instead.
oct 14, 2021 8:19:49 PM org.hibernate.jpa.internal.util.LogHelper logPersistenceUnitInformation
INFO: HHH000204: Processing PersistenceUnitInfo [
	name: DB
	...]
oct 14, 2021 8:19:49 PM org.hibernate.engine.jdbc.connections.internal.DriverManagerConnectionProviderImpl configure
WARN: HHH000402: Using Hibernate built-in connection pool (not for production use!)
oct 14, 2021 8:19:49 PM org.hibernate.engine.jdbc.connections.internal.DriverManagerConnectionProviderImpl buildCreator
INFO: HHH000401: using driver [com.mysql.jdbc.Driver] at URL [jdbc:mysql://localhost:3306/Microcosmos?zeroDateTimeBehavior=convertToNull]
oct 14, 2021 8:19:49 PM org.hibernate.engine.jdbc.connections.internal.DriverManagerConnectionProviderImpl buildCreator
INFO: HHH000046: Connection properties: {user=root, password=****}
oct 14, 2021 8:19:49 PM org.hibernate.engine.jdbc.connections.internal.DriverManagerConnectionProviderImpl buildCreator
INFO: HHH000006: Autocommit mode: false
oct 14, 2021 8:19:49 PM org.hibernate.engine.jdbc.connections.internal.DriverManagerConnectionProviderImpl configure
INFO: HHH000115: Hibernate connection pool size: 20 (min=1)
oct 14, 2021 8:19:49 PM org.hibernate.dialect.Dialect <init>
INFO: HHH000400: Using dialect: org.hibernate.dialect.MySQLDialect
oct 14, 2021 8:19:49 PM org.hibernate.hql.internal.ast.ASTQueryTranslatorFactory <init>
INFO: HHH000397: Using ASTQueryTranslatorFactory
oct 14, 2021 8:19:49 PM org.hibernate.tool.hbm2ddl.SchemaValidator validate
INFO: HHH000229: Running schema validator
oct 14, 2021 8:19:49 PM org.hibernate.tool.hbm2ddl.SchemaValidator validate
INFO: HHH000102: Fetching database metadata
oct 14, 2021 8:19:49 PM org.hibernate.tool.hbm2ddl.TableMetadata <init>
INFO: HHH000261: Table found: microcosmos.arealaboral
oct 14, 2021 8:19:49 PM org.hibernate.tool.hbm2ddl.TableMetadata <init>
INFO: HHH000037: Columns: [idarealaboral, descripcionarealaboral, nombrearealaboral, activoarealaboral]
oct 14, 2021 8:19:49 PM org.hibernate.tool.hbm2ddl.TableMetadata <init>
INFO: HHH000261: Table found: microcosmos.arealaboralhistorica
oct 14, 2021 8:19:49 PM org.hibernate.tool.hbm2ddl.TableMetadata <init>
INFO: HHH000037: Columns: [idempleados, fechaconclusion, fechacomienzo, idarealaboralhistorica]
oct 14, 2021 8:19:49 PM org.hibernate.tool.hbm2ddl.TableMetadata <init>
INFO: HHH000261: Table found: microcosmos.articulo
oct 14, 2021 8:19:49 PM org.hibernate.tool.hbm2ddl.TableMetadata <init>
INFO: HHH000037: Columns: [idsecciontienda, stockmaximo, activoarticulo, nombrearticulo, stockminimo, precioarticulo, idtalla, stock, descripcionarticulo, idarticulo]
oct 14, 2021 8:19:49 PM org.hibernate.tool.hbm2ddl.TableMetadata <init>
INFO: HHH000261: Table found: microcosmos.clientes
oct 14, 2021 8:19:49 PM org.hibernate.tool.hbm2ddl.TableMetadata <init>
INFO: HHH000037: Columns: [telefonocliente, direccioncliente, idtipodocumento, idsexo, documento, activocliente, idcliente, nombrecliente, apellidocliente, correocliente]
oct 14, 2021 8:19:49 PM org.hibernate.tool.hbm2ddl.TableMetadata <init>
INFO: HHH000261: Table found: microcosmos.compra
oct 14, 2021 8:19:49 PM org.hibernate.tool.hbm2ddl.TableMetadata <init>
INFO: HHH000037: Columns: [idcompra, fechapedido, idproveedor, idempleados, fecharecibido, totalcompra, idestado]
oct 14, 2021 8:19:49 PM org.hibernate.tool.hbm2ddl.TableMetadata <init>
INFO: HHH000261: Table found: microcosmos.detallecompra
oct 14, 2021 8:19:49 PM org.hibernate.tool.hbm2ddl.TableMetadata <init>
INFO: HHH000037: Columns: [idcompra, iddetallecompra, preciocompra, cantidad, idarticulo]
oct 14, 2021 8:19:49 PM org.hibernate.tool.hbm2ddl.TableMetadata <init>
INFO: HHH000261: Table found: microcosmos.detalleventa
oct 14, 2021 8:19:49 PM org.hibernate.tool.hbm2ddl.TableMetadata <init>
INFO: HHH000037: Columns: [idventa, iddetalleventa, cantidad, idarticulo]
oct 14, 2021 8:19:49 PM org.hibernate.tool.hbm2ddl.TableMetadata <init>
INFO: HHH000261: Table found: microcosmos.empleados
oct 14, 2021 8:19:49 PM org.hibernate.tool.hbm2ddl.TableMetadata <init>
INFO: HHH000037: Columns: [idempleados, idarealaboral, idtipodocumento, idsexo, telefonoempleado, documento, nombreempleado, correoempleado, apellidoempleado, fechadenacimiento, activoempleado]
oct 14, 2021 8:19:49 PM org.hibernate.tool.hbm2ddl.TableMetadata <init>
INFO: HHH000261: Table found: microcosmos.entidades
oct 14, 2021 8:19:49 PM org.hibernate.tool.hbm2ddl.TableMetadata <init>
INFO: HHH000037: Columns: [identidad, activoentidad, nombreentidad]
oct 14, 2021 8:19:49 PM org.hibernate.tool.hbm2ddl.TableMetadata <init>
INFO: HHH000261: Table found: microcosmos.estado
oct 14, 2021 8:19:49 PM org.hibernate.tool.hbm2ddl.TableMetadata <init>
INFO: HHH000037: Columns: [nombreestado, activoestado, identidad, descripcionestado, idestado]
oct 14, 2021 8:19:49 PM org.hibernate.tool.hbm2ddl.TableMetadata <init>
INFO: HHH000261: Table found: microcosmos.facturasdevueltas
oct 14, 2021 8:19:49 PM org.hibernate.tool.hbm2ddl.TableMetadata <init>
INFO: HHH000037: Columns: [idventa, descripcion, fechadevolucion, idempleados, idfacturadevuelta]
oct 14, 2021 8:19:49 PM org.hibernate.tool.hbm2ddl.TableMetadata <init>
INFO: HHH000261: Table found: microcosmos.parametros
oct 14, 2021 8:19:49 PM org.hibernate.tool.hbm2ddl.TableMetadata <init>
INFO: HHH000037: Columns: [facturainicial, fechaemision, facturafinal, activoparametros, fechacaducidad, cai, idparametros]
oct 14, 2021 8:19:49 PM org.hibernate.tool.hbm2ddl.TableMetadata <init>
INFO: HHH000261: Table found: microcosmos.pedidosdevueltos
oct 14, 2021 8:19:49 PM org.hibernate.tool.hbm2ddl.TableMetadata <init>
INFO: HHH000037: Columns: [idcompra, descripcion, idempleados, idpedidosdevueltos, fechaanulacion]
oct 14, 2021 8:19:49 PM org.hibernate.tool.hbm2ddl.TableMetadata <init>
INFO: HHH000261: Table found: microcosmos.preciohistorico
oct 14, 2021 8:19:49 PM org.hibernate.tool.hbm2ddl.TableMetadata <init>
INFO: HHH000037: Columns: [precio, idpreciohistorico, fechainicial, fechafinal, idarticulo, activopreciohistorico]
oct 14, 2021 8:19:49 PM org.hibernate.tool.hbm2ddl.TableMetadata <init>
INFO: HHH000261: Table found: microcosmos.proveedores
oct 14, 2021 8:19:49 PM org.hibernate.tool.hbm2ddl.TableMetadata <init>
INFO: HHH000037: Columns: [idproveedor, activoproveedor, idtipodocumento, nombreproveedor, correoproveedor, telefonoproveedor, documento, ubicacionproveedor]
oct 14, 2021 8:19:49 PM org.hibernate.tool.hbm2ddl.TableMetadata <init>
INFO: HHH000261: Table found: microcosmos.secciontienda
oct 14, 2021 8:19:49 PM org.hibernate.tool.hbm2ddl.TableMetadata <init>
INFO: HHH000037: Columns: [idsecciontienda, descripcionsecciontienda, nombresecciontienda, activosecciontienda]
oct 14, 2021 8:19:49 PM org.hibernate.tool.hbm2ddl.TableMetadata <init>
INFO: HHH000261: Table found: microcosmos.sexo
oct 14, 2021 8:19:49 PM org.hibernate.tool.hbm2ddl.TableMetadata <init>
INFO: HHH000037: Columns: [idsexo, nombresexo, descripcionsexo]
oct 14, 2021 8:19:49 PM org.hibernate.tool.hbm2ddl.TableMetadata <init>
INFO: HHH000261: Table found: microcosmos.talla
oct 14, 2021 8:19:49 PM org.hibernate.tool.hbm2ddl.TableMetadata <init>
INFO: HHH000037: Columns: [activotalla, nombretalla, descripciontalla, idtalla]
oct 14, 2021 8:19:49 PM org.hibernate.tool.hbm2ddl.TableMetadata <init>
INFO: HHH000261: Table found: microcosmos.tipodepago
oct 14, 2021 8:19:49 PM org.hibernate.tool.hbm2ddl.TableMetadata <init>
INFO: HHH000037: Columns: [descripciontipodepago, nombretipodepago, idtipodepago, activotipodepago]
oct 14, 2021 8:19:49 PM org.hibernate.tool.hbm2ddl.TableMetadata <init>
INFO: HHH000261: Table found: microcosmos.tipodocumento
oct 14, 2021 8:19:49 PM org.hibernate.tool.hbm2ddl.TableMetadata <init>
INFO: HHH000037: Columns: [nombretipodocumento, descripciontipodocumento, activotipodocumento, idtipodocumento]
oct 14, 2021 8:19:49 PM org.hibernate.tool.hbm2ddl.TableMetadata <init>
INFO: HHH000261: Table found: microcosmos.usuarios
oct 14, 2021 8:19:49 PM org.hibernate.tool.hbm2ddl.TableMetadata <init>
INFO: HHH000037: Columns: [nombreusuario, idempleados, numerodeintentos, activousuario, admin, contrasena, idusuario]
oct 14, 2021 8:19:49 PM org.hibernate.tool.hbm2ddl.TableMetadata <init>
INFO: HHH000261: Table found: microcosmos.venta
oct 14, 2021 8:19:49 PM org.hibernate.tool.hbm2ddl.TableMetadata <init>
INFO: HHH000037: Columns: [numtarjeta, idtipodepago, formato, montoefectivo, idcliente, idestado, idventa, total, idempleados, impuesto, subtotal, montotarjeta, fechaventa, idparametros]
oct 14, 2021 8:19:49 PM org.hibernate.jpa.internal.EntityManagerFactoryRegistry addEntityManagerFactory
WARN: HHH000436: Entity manager factory name (DB) is already registered.  If entity manager will be clustered or passivated, specify a unique value for property 'hibernate.ejb.entitymanager_factory_name'
oct 14, 2021 8:19:49 PM org.hibernate.ejb.HibernatePersistence logDeprecation
WARN: HHH015016: Encountered a deprecated javax.persistence.spi.PersistenceProvider [org.hibernate.ejb.HibernatePersistence]; use [org.hibernate.jpa.HibernatePersistenceProvider] instead.
oct 14, 2021 8:19:49 PM org.hibernate.ejb.HibernatePersistence logDeprecation
WARN: HHH015016: Encountered a deprecated javax.persistence.spi.PersistenceProvider [org.hibernate.ejb.HibernatePersistence]; use [org.hibernate.jpa.HibernatePersistenceProvider] instead.
oct 14, 2021 8:19:49 PM org.hibernate.ejb.HibernatePersistence logDeprecation
WARN: HHH015016: Encountered a deprecated javax.persistence.spi.PersistenceProvider [org.hibernate.ejb.HibernatePersistence]; use [org.hibernate.jpa.HibernatePersistenceProvider] instead.
oct 14, 2021 8:19:49 PM org.hibernate.jpa.internal.util.LogHelper logPersistenceUnitInformation
INFO: HHH000204: Processing PersistenceUnitInfo [
	name: DB
	...]
oct 14, 2021 8:19:49 PM org.hibernate.engine.jdbc.connections.internal.DriverManagerConnectionProviderImpl configure
WARN: HHH000402: Using Hibernate built-in connection pool (not for production use!)
oct 14, 2021 8:19:49 PM org.hibernate.engine.jdbc.connections.internal.DriverManagerConnectionProviderImpl buildCreator
INFO: HHH000401: using driver [com.mysql.jdbc.Driver] at URL [jdbc:mysql://localhost:3306/Microcosmos?zeroDateTimeBehavior=convertToNull]
oct 14, 2021 8:19:49 PM org.hibernate.engine.jdbc.connections.internal.DriverManagerConnectionProviderImpl buildCreator
INFO: HHH000046: Connection properties: {user=root, password=****}
oct 14, 2021 8:19:49 PM org.hibernate.engine.jdbc.connections.internal.DriverManagerConnectionProviderImpl buildCreator
INFO: HHH000006: Autocommit mode: false
oct 14, 2021 8:19:49 PM org.hibernate.engine.jdbc.connections.internal.DriverManagerConnectionProviderImpl configure
INFO: HHH000115: Hibernate connection pool size: 20 (min=1)
oct 14, 2021 8:19:49 PM org.hibernate.dialect.Dialect <init>
INFO: HHH000400: Using dialect: org.hibernate.dialect.MySQLDialect
oct 14, 2021 8:19:49 PM org.hibernate.hql.internal.ast.ASTQueryTranslatorFactory <init>
INFO: HHH000397: Using ASTQueryTranslatorFactory
oct 14, 2021 8:19:49 PM org.hibernate.tool.hbm2ddl.SchemaValidator validate
INFO: HHH000229: Running schema validator
oct 14, 2021 8:19:49 PM org.hibernate.tool.hbm2ddl.SchemaValidator validate
INFO: HHH000102: Fetching database metadata
oct 14, 2021 8:19:49 PM org.hibernate.tool.hbm2ddl.TableMetadata <init>
INFO: HHH000261: Table found: microcosmos.arealaboral
oct 14, 2021 8:19:49 PM org.hibernate.tool.hbm2ddl.TableMetadata <init>
INFO: HHH000037: Columns: [idarealaboral, descripcionarealaboral, nombrearealaboral, activoarealaboral]
oct 14, 2021 8:19:49 PM org.hibernate.tool.hbm2ddl.TableMetadata <init>
INFO: HHH000261: Table found: microcosmos.arealaboralhistorica
oct 14, 2021 8:19:49 PM org.hibernate.tool.hbm2ddl.TableMetadata <init>
INFO: HHH000037: Columns: [idempleados, fechaconclusion, fechacomienzo, idarealaboralhistorica]
oct 14, 2021 8:19:49 PM org.hibernate.tool.hbm2ddl.TableMetadata <init>
INFO: HHH000261: Table found: microcosmos.articulo
oct 14, 2021 8:19:49 PM org.hibernate.tool.hbm2ddl.TableMetadata <init>
INFO: HHH000037: Columns: [idsecciontienda, stockmaximo, activoarticulo, nombrearticulo, stockminimo, precioarticulo, idtalla, stock, descripcionarticulo, idarticulo]
oct 14, 2021 8:19:49 PM org.hibernate.tool.hbm2ddl.TableMetadata <init>
INFO: HHH000261: Table found: microcosmos.clientes
oct 14, 2021 8:19:49 PM org.hibernate.tool.hbm2ddl.TableMetadata <init>
INFO: HHH000037: Columns: [telefonocliente, direccioncliente, idtipodocumento, idsexo, documento, activocliente, idcliente, nombrecliente, apellidocliente, correocliente]
oct 14, 2021 8:19:49 PM org.hibernate.tool.hbm2ddl.TableMetadata <init>
INFO: HHH000261: Table found: microcosmos.compra
oct 14, 2021 8:19:49 PM org.hibernate.tool.hbm2ddl.TableMetadata <init>
INFO: HHH000037: Columns: [idcompra, fechapedido, idproveedor, idempleados, fecharecibido, totalcompra, idestado]
oct 14, 2021 8:19:49 PM org.hibernate.tool.hbm2ddl.TableMetadata <init>
INFO: HHH000261: Table found: microcosmos.detallecompra
oct 14, 2021 8:19:49 PM org.hibernate.tool.hbm2ddl.TableMetadata <init>
INFO: HHH000037: Columns: [idcompra, iddetallecompra, preciocompra, cantidad, idarticulo]
oct 14, 2021 8:19:49 PM org.hibernate.tool.hbm2ddl.TableMetadata <init>
INFO: HHH000261: Table found: microcosmos.detalleventa
oct 14, 2021 8:19:49 PM org.hibernate.tool.hbm2ddl.TableMetadata <init>
INFO: HHH000037: Columns: [idventa, iddetalleventa, cantidad, idarticulo]
oct 14, 2021 8:19:49 PM org.hibernate.tool.hbm2ddl.TableMetadata <init>
INFO: HHH000261: Table found: microcosmos.empleados
oct 14, 2021 8:19:49 PM org.hibernate.tool.hbm2ddl.TableMetadata <init>
INFO: HHH000037: Columns: [idempleados, idarealaboral, idtipodocumento, idsexo, telefonoempleado, documento, nombreempleado, correoempleado, apellidoempleado, fechadenacimiento, activoempleado]
oct 14, 2021 8:19:49 PM org.hibernate.tool.hbm2ddl.TableMetadata <init>
INFO: HHH000261: Table found: microcosmos.entidades
oct 14, 2021 8:19:49 PM org.hibernate.tool.hbm2ddl.TableMetadata <init>
INFO: HHH000037: Columns: [identidad, activoentidad, nombreentidad]
oct 14, 2021 8:19:49 PM org.hibernate.tool.hbm2ddl.TableMetadata <init>
INFO: HHH000261: Table found: microcosmos.estado
oct 14, 2021 8:19:49 PM org.hibernate.tool.hbm2ddl.TableMetadata <init>
INFO: HHH000037: Columns: [nombreestado, activoestado, identidad, descripcionestado, idestado]
oct 14, 2021 8:19:49 PM org.hibernate.tool.hbm2ddl.TableMetadata <init>
INFO: HHH000261: Table found: microcosmos.facturasdevueltas
oct 14, 2021 8:19:49 PM org.hibernate.tool.hbm2ddl.TableMetadata <init>
INFO: HHH000037: Columns: [idventa, descripcion, fechadevolucion, idempleados, idfacturadevuelta]
oct 14, 2021 8:19:49 PM org.hibernate.tool.hbm2ddl.TableMetadata <init>
INFO: HHH000261: Table found: microcosmos.parametros
oct 14, 2021 8:19:49 PM org.hibernate.tool.hbm2ddl.TableMetadata <init>
INFO: HHH000037: Columns: [facturainicial, fechaemision, facturafinal, activoparametros, fechacaducidad, cai, idparametros]
oct 14, 2021 8:19:49 PM org.hibernate.tool.hbm2ddl.TableMetadata <init>
INFO: HHH000261: Table found: microcosmos.pedidosdevueltos
oct 14, 2021 8:19:49 PM org.hibernate.tool.hbm2ddl.TableMetadata <init>
INFO: HHH000037: Columns: [idcompra, descripcion, idempleados, idpedidosdevueltos, fechaanulacion]
oct 14, 2021 8:19:49 PM org.hibernate.tool.hbm2ddl.TableMetadata <init>
INFO: HHH000261: Table found: microcosmos.preciohistorico
oct 14, 2021 8:19:49 PM org.hibernate.tool.hbm2ddl.TableMetadata <init>
INFO: HHH000037: Columns: [precio, idpreciohistorico, fechainicial, fechafinal, idarticulo, activopreciohistorico]
oct 14, 2021 8:19:49 PM org.hibernate.tool.hbm2ddl.TableMetadata <init>
INFO: HHH000261: Table found: microcosmos.proveedores
oct 14, 2021 8:19:49 PM org.hibernate.tool.hbm2ddl.TableMetadata <init>
INFO: HHH000037: Columns: [idproveedor, activoproveedor, idtipodocumento, nombreproveedor, correoproveedor, telefonoproveedor, documento, ubicacionproveedor]
oct 14, 2021 8:19:49 PM org.hibernate.tool.hbm2ddl.TableMetadata <init>
INFO: HHH000261: Table found: microcosmos.secciontienda
oct 14, 2021 8:19:49 PM org.hibernate.tool.hbm2ddl.TableMetadata <init>
INFO: HHH000037: Columns: [idsecciontienda, descripcionsecciontienda, nombresecciontienda, activosecciontienda]
oct 14, 2021 8:19:49 PM org.hibernate.tool.hbm2ddl.TableMetadata <init>
INFO: HHH000261: Table found: microcosmos.sexo
oct 14, 2021 8:19:49 PM org.hibernate.tool.hbm2ddl.TableMetadata <init>
INFO: HHH000037: Columns: [idsexo, nombresexo, descripcionsexo]
oct 14, 2021 8:19:49 PM org.hibernate.tool.hbm2ddl.TableMetadata <init>
INFO: HHH000261: Table found: microcosmos.talla
oct 14, 2021 8:19:49 PM org.hibernate.tool.hbm2ddl.TableMetadata <init>
INFO: HHH000037: Columns: [activotalla, nombretalla, descripciontalla, idtalla]
oct 14, 2021 8:19:49 PM org.hibernate.tool.hbm2ddl.TableMetadata <init>
INFO: HHH000261: Table found: microcosmos.tipodepago
oct 14, 2021 8:19:49 PM org.hibernate.tool.hbm2ddl.TableMetadata <init>
INFO: HHH000037: Columns: [descripciontipodepago, nombretipodepago, idtipodepago, activotipodepago]
oct 14, 2021 8:19:49 PM org.hibernate.tool.hbm2ddl.TableMetadata <init>
INFO: HHH000261: Table found: microcosmos.tipodocumento
oct 14, 2021 8:19:49 PM org.hibernate.tool.hbm2ddl.TableMetadata <init>
INFO: HHH000037: Columns: [nombretipodocumento, descripciontipodocumento, activotipodocumento, idtipodocumento]
oct 14, 2021 8:19:49 PM org.hibernate.tool.hbm2ddl.TableMetadata <init>
INFO: HHH000261: Table found: microcosmos.usuarios
oct 14, 2021 8:19:49 PM org.hibernate.tool.hbm2ddl.TableMetadata <init>
INFO: HHH000037: Columns: [nombreusuario, idempleados, numerodeintentos, activousuario, admin, contrasena, idusuario]
oct 14, 2021 8:19:49 PM org.hibernate.tool.hbm2ddl.TableMetadata <init>
INFO: HHH000261: Table found: microcosmos.venta
oct 14, 2021 8:19:49 PM org.hibernate.tool.hbm2ddl.TableMetadata <init>
INFO: HHH000037: Columns: [numtarjeta, idtipodepago, formato, montoefectivo, idcliente, idestado, idventa, total, idempleados, impuesto, subtotal, montotarjeta, fechaventa, idparametros]
oct 14, 2021 8:19:49 PM org.hibernate.jpa.internal.EntityManagerFactoryRegistry addEntityManagerFactory
WARN: HHH000436: Entity manager factory name (DB) is already registered.  If entity manager will be clustered or passivated, specify a unique value for property 'hibernate.ejb.entitymanager_factory_name'
oct 14, 2021 8:19:49 PM org.hibernate.ejb.HibernatePersistence logDeprecation
WARN: HHH015016: Encountered a deprecated javax.persistence.spi.PersistenceProvider [org.hibernate.ejb.HibernatePersistence]; use [org.hibernate.jpa.HibernatePersistenceProvider] instead.
oct 14, 2021 8:19:49 PM org.hibernate.ejb.HibernatePersistence logDeprecation
WARN: HHH015016: Encountered a deprecated javax.persistence.spi.PersistenceProvider [org.hibernate.ejb.HibernatePersistence]; use [org.hibernate.jpa.HibernatePersistenceProvider] instead.
oct 14, 2021 8:19:49 PM org.hibernate.ejb.HibernatePersistence logDeprecation
WARN: HHH015016: Encountered a deprecated javax.persistence.spi.PersistenceProvider [org.hibernate.ejb.HibernatePersistence]; use [org.hibernate.jpa.HibernatePersistenceProvider] instead.
oct 14, 2021 8:19:49 PM org.hibernate.jpa.internal.util.LogHelper logPersistenceUnitInformation
INFO: HHH000204: Processing PersistenceUnitInfo [
	name: DB
	...]
oct 14, 2021 8:19:49 PM org.hibernate.engine.jdbc.connections.internal.DriverManagerConnectionProviderImpl configure
WARN: HHH000402: Using Hibernate built-in connection pool (not for production use!)
oct 14, 2021 8:19:49 PM org.hibernate.engine.jdbc.connections.internal.DriverManagerConnectionProviderImpl buildCreator
INFO: HHH000401: using driver [com.mysql.jdbc.Driver] at URL [jdbc:mysql://localhost:3306/Microcosmos?zeroDateTimeBehavior=convertToNull]
oct 14, 2021 8:19:49 PM org.hibernate.engine.jdbc.connections.internal.DriverManagerConnectionProviderImpl buildCreator
INFO: HHH000046: Connection properties: {user=root, password=****}
oct 14, 2021 8:19:49 PM org.hibernate.engine.jdbc.connections.internal.DriverManagerConnectionProviderImpl buildCreator
INFO: HHH000006: Autocommit mode: false
oct 14, 2021 8:19:49 PM org.hibernate.engine.jdbc.connections.internal.DriverManagerConnectionProviderImpl configure
INFO: HHH000115: Hibernate connection pool size: 20 (min=1)
oct 14, 2021 8:19:49 PM org.hibernate.dialect.Dialect <init>
INFO: HHH000400: Using dialect: org.hibernate.dialect.MySQLDialect
oct 14, 2021 8:19:49 PM org.hibernate.hql.internal.ast.ASTQueryTranslatorFactory <init>
INFO: HHH000397: Using ASTQueryTranslatorFactory
oct 14, 2021 8:19:49 PM org.hibernate.tool.hbm2ddl.SchemaValidator validate
INFO: HHH000229: Running schema validator
oct 14, 2021 8:19:49 PM org.hibernate.tool.hbm2ddl.SchemaValidator validate
INFO: HHH000102: Fetching database metadata
oct 14, 2021 8:19:49 PM org.hibernate.tool.hbm2ddl.TableMetadata <init>
INFO: HHH000261: Table found: microcosmos.arealaboral
oct 14, 2021 8:19:49 PM org.hibernate.tool.hbm2ddl.TableMetadata <init>
INFO: HHH000037: Columns: [idarealaboral, descripcionarealaboral, nombrearealaboral, activoarealaboral]
oct 14, 2021 8:19:49 PM org.hibernate.tool.hbm2ddl.TableMetadata <init>
INFO: HHH000261: Table found: microcosmos.arealaboralhistorica
oct 14, 2021 8:19:49 PM org.hibernate.tool.hbm2ddl.TableMetadata <init>
INFO: HHH000037: Columns: [idempleados, fechaconclusion, fechacomienzo, idarealaboralhistorica]
oct 14, 2021 8:19:49 PM org.hibernate.tool.hbm2ddl.TableMetadata <init>
INFO: HHH000261: Table found: microcosmos.articulo
oct 14, 2021 8:19:49 PM org.hibernate.tool.hbm2ddl.TableMetadata <init>
INFO: HHH000037: Columns: [idsecciontienda, stockmaximo, activoarticulo, nombrearticulo, stockminimo, precioarticulo, idtalla, stock, descripcionarticulo, idarticulo]
oct 14, 2021 8:19:49 PM org.hibernate.tool.hbm2ddl.TableMetadata <init>
INFO: HHH000261: Table found: microcosmos.clientes
oct 14, 2021 8:19:49 PM org.hibernate.tool.hbm2ddl.TableMetadata <init>
INFO: HHH000037: Columns: [telefonocliente, direccioncliente, idtipodocumento, idsexo, documento, activocliente, idcliente, nombrecliente, apellidocliente, correocliente]
oct 14, 2021 8:19:49 PM org.hibernate.tool.hbm2ddl.TableMetadata <init>
INFO: HHH000261: Table found: microcosmos.compra
oct 14, 2021 8:19:49 PM org.hibernate.tool.hbm2ddl.TableMetadata <init>
INFO: HHH000037: Columns: [idcompra, fechapedido, idproveedor, idempleados, fecharecibido, totalcompra, idestado]
oct 14, 2021 8:19:49 PM org.hibernate.tool.hbm2ddl.TableMetadata <init>
INFO: HHH000261: Table found: microcosmos.detallecompra
oct 14, 2021 8:19:49 PM org.hibernate.tool.hbm2ddl.TableMetadata <init>
INFO: HHH000037: Columns: [idcompra, iddetallecompra, preciocompra, cantidad, idarticulo]
oct 14, 2021 8:19:49 PM org.hibernate.tool.hbm2ddl.TableMetadata <init>
INFO: HHH000261: Table found: microcosmos.detalleventa
oct 14, 2021 8:19:49 PM org.hibernate.tool.hbm2ddl.TableMetadata <init>
INFO: HHH000037: Columns: [idventa, iddetalleventa, cantidad, idarticulo]
oct 14, 2021 8:19:49 PM org.hibernate.tool.hbm2ddl.TableMetadata <init>
INFO: HHH000261: Table found: microcosmos.empleados
oct 14, 2021 8:19:49 PM org.hibernate.tool.hbm2ddl.TableMetadata <init>
INFO: HHH000037: Columns: [idempleados, idarealaboral, idtipodocumento, idsexo, telefonoempleado, documento, nombreempleado, correoempleado, apellidoempleado, fechadenacimiento, activoempleado]
oct 14, 2021 8:19:49 PM org.hibernate.tool.hbm2ddl.TableMetadata <init>
INFO: HHH000261: Table found: microcosmos.entidades
oct 14, 2021 8:19:49 PM org.hibernate.tool.hbm2ddl.TableMetadata <init>
INFO: HHH000037: Columns: [identidad, activoentidad, nombreentidad]
oct 14, 2021 8:19:49 PM org.hibernate.tool.hbm2ddl.TableMetadata <init>
INFO: HHH000261: Table found: microcosmos.estado
oct 14, 2021 8:19:49 PM org.hibernate.tool.hbm2ddl.TableMetadata <init>
INFO: HHH000037: Columns: [nombreestado, activoestado, identidad, descripcionestado, idestado]
oct 14, 2021 8:19:49 PM org.hibernate.tool.hbm2ddl.TableMetadata <init>
INFO: HHH000261: Table found: microcosmos.facturasdevueltas
oct 14, 2021 8:19:49 PM org.hibernate.tool.hbm2ddl.TableMetadata <init>
INFO: HHH000037: Columns: [idventa, descripcion, fechadevolucion, idempleados, idfacturadevuelta]
oct 14, 2021 8:19:49 PM org.hibernate.tool.hbm2ddl.TableMetadata <init>
INFO: HHH000261: Table found: microcosmos.parametros
oct 14, 2021 8:19:49 PM org.hibernate.tool.hbm2ddl.TableMetadata <init>
INFO: HHH000037: Columns: [facturainicial, fechaemision, facturafinal, activoparametros, fechacaducidad, cai, idparametros]
oct 14, 2021 8:19:49 PM org.hibernate.tool.hbm2ddl.TableMetadata <init>
INFO: HHH000261: Table found: microcosmos.pedidosdevueltos
oct 14, 2021 8:19:49 PM org.hibernate.tool.hbm2ddl.TableMetadata <init>
INFO: HHH000037: Columns: [idcompra, descripcion, idempleados, idpedidosdevueltos, fechaanulacion]
oct 14, 2021 8:19:49 PM org.hibernate.tool.hbm2ddl.TableMetadata <init>
INFO: HHH000261: Table found: microcosmos.preciohistorico
oct 14, 2021 8:19:49 PM org.hibernate.tool.hbm2ddl.TableMetadata <init>
INFO: HHH000037: Columns: [precio, idpreciohistorico, fechainicial, fechafinal, idarticulo, activopreciohistorico]
oct 14, 2021 8:19:49 PM org.hibernate.tool.hbm2ddl.TableMetadata <init>
INFO: HHH000261: Table found: microcosmos.proveedores
oct 14, 2021 8:19:49 PM org.hibernate.tool.hbm2ddl.TableMetadata <init>
INFO: HHH000037: Columns: [idproveedor, activoproveedor, idtipodocumento, nombreproveedor, correoproveedor, telefonoproveedor, documento, ubicacionproveedor]
oct 14, 2021 8:19:49 PM org.hibernate.tool.hbm2ddl.TableMetadata <init>
INFO: HHH000261: Table found: microcosmos.secciontienda
oct 14, 2021 8:19:49 PM org.hibernate.tool.hbm2ddl.TableMetadata <init>
INFO: HHH000037: Columns: [idsecciontienda, descripcionsecciontienda, nombresecciontienda, activosecciontienda]
oct 14, 2021 8:19:49 PM org.hibernate.tool.hbm2ddl.TableMetadata <init>
INFO: HHH000261: Table found: microcosmos.sexo
oct 14, 2021 8:19:49 PM org.hibernate.tool.hbm2ddl.TableMetadata <init>
INFO: HHH000037: Columns: [idsexo, nombresexo, descripcionsexo]
oct 14, 2021 8:19:49 PM org.hibernate.tool.hbm2ddl.TableMetadata <init>
INFO: HHH000261: Table found: microcosmos.talla
oct 14, 2021 8:19:49 PM org.hibernate.tool.hbm2ddl.TableMetadata <init>
INFO: HHH000037: Columns: [activotalla, nombretalla, descripciontalla, idtalla]
oct 14, 2021 8:19:49 PM org.hibernate.tool.hbm2ddl.TableMetadata <init>
INFO: HHH000261: Table found: microcosmos.tipodepago
oct 14, 2021 8:19:49 PM org.hibernate.tool.hbm2ddl.TableMetadata <init>
INFO: HHH000037: Columns: [descripciontipodepago, nombretipodepago, idtipodepago, activotipodepago]
oct 14, 2021 8:19:49 PM org.hibernate.tool.hbm2ddl.TableMetadata <init>
INFO: HHH000261: Table found: microcosmos.tipodocumento
oct 14, 2021 8:19:49 PM org.hibernate.tool.hbm2ddl.TableMetadata <init>
INFO: HHH000037: Columns: [nombretipodocumento, descripciontipodocumento, activotipodocumento, idtipodocumento]
oct 14, 2021 8:19:49 PM org.hibernate.tool.hbm2ddl.TableMetadata <init>
INFO: HHH000261: Table found: microcosmos.usuarios
oct 14, 2021 8:19:49 PM org.hibernate.tool.hbm2ddl.TableMetadata <init>
INFO: HHH000037: Columns: [nombreusuario, idempleados, numerodeintentos, activousuario, admin, contrasena, idusuario]
oct 14, 2021 8:19:49 PM org.hibernate.tool.hbm2ddl.TableMetadata <init>
INFO: HHH000261: Table found: microcosmos.venta
oct 14, 2021 8:19:49 PM org.hibernate.tool.hbm2ddl.TableMetadata <init>
INFO: HHH000037: Columns: [numtarjeta, idtipodepago, formato, montoefectivo, idcliente, idestado, idventa, total, idempleados, impuesto, subtotal, montotarjeta, fechaventa, idparametros]
oct 14, 2021 8:19:49 PM org.hibernate.jpa.internal.EntityManagerFactoryRegistry addEntityManagerFactory
WARN: HHH000436: Entity manager factory name (DB) is already registered.  If entity manager will be clustered or passivated, specify a unique value for property 'hibernate.ejb.entitymanager_factory_name'
]]></system-err>
  </testcase>
  <testcase name="testMostrarFecha" classname="com.screens.FmrEmpleadosTest" time="0">
    <system-out><![CDATA[MostrarFecha
]]></system-out>
  </testcase>
  <testcase name="testValidacionFecha" classname="com.screens.FmrEmpleadosTest" time="0">
    <system-out><![CDATA[ValidacionFecha
]]></system-out>
  </testcase>
  <testcase name="testIdEmpleado" classname="com.screens.FmrEmpleadosTest" time="1.024">
    <system-out><![CDATA[IdEmpleado
Hibernate: select max(empleados0_.idEmpleados)+1 as col_0_0_ from empleados empleados0_
Hibernate: select max(empleados0_.idEmpleados)+1 as col_0_0_ from empleados empleados0_
]]></system-out>
    <system-err><![CDATA[oct 14, 2021 8:19:49 PM org.hibernate.ejb.HibernatePersistence logDeprecation
WARN: HHH015016: Encountered a deprecated javax.persistence.spi.PersistenceProvider [org.hibernate.ejb.HibernatePersistence]; use [org.hibernate.jpa.HibernatePersistenceProvider] instead.
oct 14, 2021 8:19:49 PM org.hibernate.ejb.HibernatePersistence logDeprecation
WARN: HHH015016: Encountered a deprecated javax.persistence.spi.PersistenceProvider [org.hibernate.ejb.HibernatePersistence]; use [org.hibernate.jpa.HibernatePersistenceProvider] instead.
oct 14, 2021 8:19:49 PM org.hibernate.ejb.HibernatePersistence logDeprecation
WARN: HHH015016: Encountered a deprecated javax.persistence.spi.PersistenceProvider [org.hibernate.ejb.HibernatePersistence]; use [org.hibernate.jpa.HibernatePersistenceProvider] instead.
oct 14, 2021 8:19:49 PM org.hibernate.jpa.internal.util.LogHelper logPersistenceUnitInformation
INFO: HHH000204: Processing PersistenceUnitInfo [
	name: DB
	...]
oct 14, 2021 8:19:49 PM org.hibernate.engine.jdbc.connections.internal.DriverManagerConnectionProviderImpl configure
WARN: HHH000402: Using Hibernate built-in connection pool (not for production use!)
oct 14, 2021 8:19:49 PM org.hibernate.engine.jdbc.connections.internal.DriverManagerConnectionProviderImpl buildCreator
INFO: HHH000401: using driver [com.mysql.jdbc.Driver] at URL [jdbc:mysql://localhost:3306/Microcosmos?zeroDateTimeBehavior=convertToNull]
oct 14, 2021 8:19:49 PM org.hibernate.engine.jdbc.connections.internal.DriverManagerConnectionProviderImpl buildCreator
INFO: HHH000046: Connection properties: {user=root, password=****}
oct 14, 2021 8:19:49 PM org.hibernate.engine.jdbc.connections.internal.DriverManagerConnectionProviderImpl buildCreator
INFO: HHH000006: Autocommit mode: false
oct 14, 2021 8:19:49 PM org.hibernate.engine.jdbc.connections.internal.DriverManagerConnectionProviderImpl configure
INFO: HHH000115: Hibernate connection pool size: 20 (min=1)
oct 14, 2021 8:19:49 PM org.hibernate.dialect.Dialect <init>
INFO: HHH000400: Using dialect: org.hibernate.dialect.MySQLDialect
oct 14, 2021 8:19:49 PM org.hibernate.hql.internal.ast.ASTQueryTranslatorFactory <init>
INFO: HHH000397: Using ASTQueryTranslatorFactory
oct 14, 2021 8:19:49 PM org.hibernate.tool.hbm2ddl.SchemaValidator validate
INFO: HHH000229: Running schema validator
oct 14, 2021 8:19:49 PM org.hibernate.tool.hbm2ddl.SchemaValidator validate
INFO: HHH000102: Fetching database metadata
oct 14, 2021 8:19:49 PM org.hibernate.tool.hbm2ddl.TableMetadata <init>
INFO: HHH000261: Table found: microcosmos.arealaboral
oct 14, 2021 8:19:49 PM org.hibernate.tool.hbm2ddl.TableMetadata <init>
INFO: HHH000037: Columns: [idarealaboral, descripcionarealaboral, nombrearealaboral, activoarealaboral]
oct 14, 2021 8:19:49 PM org.hibernate.tool.hbm2ddl.TableMetadata <init>
INFO: HHH000261: Table found: microcosmos.arealaboralhistorica
oct 14, 2021 8:19:49 PM org.hibernate.tool.hbm2ddl.TableMetadata <init>
INFO: HHH000037: Columns: [idempleados, fechaconclusion, fechacomienzo, idarealaboralhistorica]
oct 14, 2021 8:19:49 PM org.hibernate.tool.hbm2ddl.TableMetadata <init>
INFO: HHH000261: Table found: microcosmos.articulo
oct 14, 2021 8:19:49 PM org.hibernate.tool.hbm2ddl.TableMetadata <init>
INFO: HHH000037: Columns: [idsecciontienda, stockmaximo, activoarticulo, nombrearticulo, stockminimo, precioarticulo, idtalla, stock, descripcionarticulo, idarticulo]
oct 14, 2021 8:19:49 PM org.hibernate.tool.hbm2ddl.TableMetadata <init>
INFO: HHH000261: Table found: microcosmos.clientes
oct 14, 2021 8:19:49 PM org.hibernate.tool.hbm2ddl.TableMetadata <init>
INFO: HHH000037: Columns: [telefonocliente, direccioncliente, idtipodocumento, idsexo, documento, activocliente, idcliente, nombrecliente, apellidocliente, correocliente]
oct 14, 2021 8:19:49 PM org.hibernate.tool.hbm2ddl.TableMetadata <init>
INFO: HHH000261: Table found: microcosmos.compra
oct 14, 2021 8:19:49 PM org.hibernate.tool.hbm2ddl.TableMetadata <init>
INFO: HHH000037: Columns: [idcompra, fechapedido, idproveedor, idempleados, fecharecibido, totalcompra, idestado]
oct 14, 2021 8:19:49 PM org.hibernate.tool.hbm2ddl.TableMetadata <init>
INFO: HHH000261: Table found: microcosmos.detallecompra
oct 14, 2021 8:19:49 PM org.hibernate.tool.hbm2ddl.TableMetadata <init>
INFO: HHH000037: Columns: [idcompra, iddetallecompra, preciocompra, cantidad, idarticulo]
oct 14, 2021 8:19:49 PM org.hibernate.tool.hbm2ddl.TableMetadata <init>
INFO: HHH000261: Table found: microcosmos.detalleventa
oct 14, 2021 8:19:49 PM org.hibernate.tool.hbm2ddl.TableMetadata <init>
INFO: HHH000037: Columns: [idventa, iddetalleventa, cantidad, idarticulo]
oct 14, 2021 8:19:49 PM org.hibernate.tool.hbm2ddl.TableMetadata <init>
INFO: HHH000261: Table found: microcosmos.empleados
oct 14, 2021 8:19:49 PM org.hibernate.tool.hbm2ddl.TableMetadata <init>
INFO: HHH000037: Columns: [idempleados, idarealaboral, idtipodocumento, idsexo, telefonoempleado, documento, nombreempleado, correoempleado, apellidoempleado, fechadenacimiento, activoempleado]
oct 14, 2021 8:19:49 PM org.hibernate.tool.hbm2ddl.TableMetadata <init>
INFO: HHH000261: Table found: microcosmos.entidades
oct 14, 2021 8:19:49 PM org.hibernate.tool.hbm2ddl.TableMetadata <init>
INFO: HHH000037: Columns: [identidad, activoentidad, nombreentidad]
oct 14, 2021 8:19:49 PM org.hibernate.tool.hbm2ddl.TableMetadata <init>
INFO: HHH000261: Table found: microcosmos.estado
oct 14, 2021 8:19:49 PM org.hibernate.tool.hbm2ddl.TableMetadata <init>
INFO: HHH000037: Columns: [nombreestado, activoestado, identidad, descripcionestado, idestado]
oct 14, 2021 8:19:49 PM org.hibernate.tool.hbm2ddl.TableMetadata <init>
INFO: HHH000261: Table found: microcosmos.facturasdevueltas
oct 14, 2021 8:19:49 PM org.hibernate.tool.hbm2ddl.TableMetadata <init>
INFO: HHH000037: Columns: [idventa, descripcion, fechadevolucion, idempleados, idfacturadevuelta]
oct 14, 2021 8:19:49 PM org.hibernate.tool.hbm2ddl.TableMetadata <init>
INFO: HHH000261: Table found: microcosmos.parametros
oct 14, 2021 8:19:49 PM org.hibernate.tool.hbm2ddl.TableMetadata <init>
INFO: HHH000037: Columns: [facturainicial, fechaemision, facturafinal, activoparametros, fechacaducidad, cai, idparametros]
oct 14, 2021 8:19:49 PM org.hibernate.tool.hbm2ddl.TableMetadata <init>
INFO: HHH000261: Table found: microcosmos.pedidosdevueltos
oct 14, 2021 8:19:49 PM org.hibernate.tool.hbm2ddl.TableMetadata <init>
INFO: HHH000037: Columns: [idcompra, descripcion, idempleados, idpedidosdevueltos, fechaanulacion]
oct 14, 2021 8:19:49 PM org.hibernate.tool.hbm2ddl.TableMetadata <init>
INFO: HHH000261: Table found: microcosmos.preciohistorico
oct 14, 2021 8:19:49 PM org.hibernate.tool.hbm2ddl.TableMetadata <init>
INFO: HHH000037: Columns: [precio, idpreciohistorico, fechainicial, fechafinal, idarticulo, activopreciohistorico]
oct 14, 2021 8:19:49 PM org.hibernate.tool.hbm2ddl.TableMetadata <init>
INFO: HHH000261: Table found: microcosmos.proveedores
oct 14, 2021 8:19:49 PM org.hibernate.tool.hbm2ddl.TableMetadata <init>
INFO: HHH000037: Columns: [idproveedor, activoproveedor, idtipodocumento, nombreproveedor, correoproveedor, telefonoproveedor, documento, ubicacionproveedor]
oct 14, 2021 8:19:49 PM org.hibernate.tool.hbm2ddl.TableMetadata <init>
INFO: HHH000261: Table found: microcosmos.secciontienda
oct 14, 2021 8:19:49 PM org.hibernate.tool.hbm2ddl.TableMetadata <init>
INFO: HHH000037: Columns: [idsecciontienda, descripcionsecciontienda, nombresecciontienda, activosecciontienda]
oct 14, 2021 8:19:49 PM org.hibernate.tool.hbm2ddl.TableMetadata <init>
INFO: HHH000261: Table found: microcosmos.sexo
oct 14, 2021 8:19:49 PM org.hibernate.tool.hbm2ddl.TableMetadata <init>
INFO: HHH000037: Columns: [idsexo, nombresexo, descripcionsexo]
oct 14, 2021 8:19:49 PM org.hibernate.tool.hbm2ddl.TableMetadata <init>
INFO: HHH000261: Table found: microcosmos.talla
oct 14, 2021 8:19:49 PM org.hibernate.tool.hbm2ddl.TableMetadata <init>
INFO: HHH000037: Columns: [activotalla, nombretalla, descripciontalla, idtalla]
oct 14, 2021 8:19:49 PM org.hibernate.tool.hbm2ddl.TableMetadata <init>
INFO: HHH000261: Table found: microcosmos.tipodepago
oct 14, 2021 8:19:49 PM org.hibernate.tool.hbm2ddl.TableMetadata <init>
INFO: HHH000037: Columns: [descripciontipodepago, nombretipodepago, idtipodepago, activotipodepago]
oct 14, 2021 8:19:49 PM org.hibernate.tool.hbm2ddl.TableMetadata <init>
INFO: HHH000261: Table found: microcosmos.tipodocumento
oct 14, 2021 8:19:49 PM org.hibernate.tool.hbm2ddl.TableMetadata <init>
INFO: HHH000037: Columns: [nombretipodocumento, descripciontipodocumento, activotipodocumento, idtipodocumento]
oct 14, 2021 8:19:49 PM org.hibernate.tool.hbm2ddl.TableMetadata <init>
INFO: HHH000261: Table found: microcosmos.usuarios
oct 14, 2021 8:19:49 PM org.hibernate.tool.hbm2ddl.TableMetadata <init>
INFO: HHH000037: Columns: [nombreusuario, idempleados, numerodeintentos, activousuario, admin, contrasena, idusuario]
oct 14, 2021 8:19:49 PM org.hibernate.tool.hbm2ddl.TableMetadata <init>
INFO: HHH000261: Table found: microcosmos.venta
oct 14, 2021 8:19:49 PM org.hibernate.tool.hbm2ddl.TableMetadata <init>
INFO: HHH000037: Columns: [numtarjeta, idtipodepago, formato, montoefectivo, idcliente, idestado, idventa, total, idempleados, impuesto, subtotal, montotarjeta, fechaventa, idparametros]
oct 14, 2021 8:19:49 PM org.hibernate.jpa.internal.EntityManagerFactoryRegistry addEntityManagerFactory
WARN: HHH000436: Entity manager factory name (DB) is already registered.  If entity manager will be clustered or passivated, specify a unique value for property 'hibernate.ejb.entitymanager_factory_name'
]]></system-err>
  </testcase>
  <testcase name="testGuardarFecha" classname="com.screens.FmrEmpleadosTest" time="0">
    <system-out><![CDATA[GuardarFecha
]]></system-out>
  </testcase>
  <testcase name="testListaTipoDocumento" classname="com.screens.FmrEmpleadosTest" time="7.989">
    <system-out><![CDATA[listaTipoDocumento
Hibernate: select tipodocume0_.idTipoDocumento as idTipoDo1_19_, tipodocume0_.activoTipoDocumento as activoTi2_19_, tipodocume0_.descripcionTipoDocumento as descripc3_19_, tipodocume0_.nombreTipoDocumento as nombreTi4_19_ from tipodocumento tipodocume0_
Hibernate: select sexo0_.idSexo as idSexo1_16_, sexo0_.descripcionSexo as descripc2_16_, sexo0_.nombreSexo as nombreSe3_16_ from sexo sexo0_
Hibernate: select arealabora0_.idAreaLaboral as idAreaLa1_0_, arealabora0_.activoAreaLaboral as activoAr2_0_, arealabora0_.descripcionAreaLaboral as descripc3_0_, arealabora0_.nombreAreaLaboral as nombreAr4_0_ from arealaboral arealabora0_
Hibernate: select empleados0_.idEmpleados as idEmplea1_7_, empleados0_.activoEmpleado as activoEm2_7_, empleados0_.apellidoEmpleado as apellido3_7_, empleados0_.correoEmpleado as correoEm4_7_, empleados0_.documento as document5_7_, empleados0_.fechaDeNacimiento as fechaDeN6_7_, empleados0_.idAreaLaboral as idAreaLa7_7_, empleados0_.idSexo as idSexo8_7_, empleados0_.idTipoDocumento as idTipoDo9_7_, empleados0_.nombreEmpleado as nombreE10_7_, empleados0_.telefonoEmpleado as telefon11_7_ from empleados empleados0_
Hibernate: select tipodocume0_.nombreTipoDocumento as col_0_0_ from tipodocumento tipodocume0_ where tipodocume0_.idTipoDocumento='2'
Hibernate: select arealabora0_.nombreAreaLaboral as col_0_0_ from arealaboral arealabora0_ where arealabora0_.idAreaLaboral='1'
Hibernate: select sexo0_.nombreSexo as col_0_0_ from sexo sexo0_ where sexo0_.idSexo='1'
Hibernate: select tipodocume0_.nombreTipoDocumento as col_0_0_ from tipodocumento tipodocume0_ where tipodocume0_.idTipoDocumento='2'
Hibernate: select arealabora0_.nombreAreaLaboral as col_0_0_ from arealaboral arealabora0_ where arealabora0_.idAreaLaboral='1'
Hibernate: select sexo0_.nombreSexo as col_0_0_ from sexo sexo0_ where sexo0_.idSexo='1'
Hibernate: select tipodocume0_.nombreTipoDocumento as col_0_0_ from tipodocumento tipodocume0_ where tipodocume0_.idTipoDocumento='2'
Hibernate: select arealabora0_.nombreAreaLaboral as col_0_0_ from arealaboral arealabora0_ where arealabora0_.idAreaLaboral='2'
Hibernate: select sexo0_.nombreSexo as col_0_0_ from sexo sexo0_ where sexo0_.idSexo='2'
Hibernate: select tipodocume0_.nombreTipoDocumento as col_0_0_ from tipodocumento tipodocume0_ where tipodocume0_.idTipoDocumento='2'
Hibernate: select arealabora0_.nombreAreaLaboral as col_0_0_ from arealaboral arealabora0_ where arealabora0_.idAreaLaboral='1'
Hibernate: select sexo0_.nombreSexo as col_0_0_ from sexo sexo0_ where sexo0_.idSexo='2'
Hibernate: select tipodocume0_.nombreTipoDocumento as col_0_0_ from tipodocumento tipodocume0_ where tipodocume0_.idTipoDocumento='2'
Hibernate: select arealabora0_.nombreAreaLaboral as col_0_0_ from arealaboral arealabora0_ where arealabora0_.idAreaLaboral='2'
Hibernate: select sexo0_.nombreSexo as col_0_0_ from sexo sexo0_ where sexo0_.idSexo='2'
Hibernate: select tipodocume0_.nombreTipoDocumento as col_0_0_ from tipodocumento tipodocume0_ where tipodocume0_.idTipoDocumento='1'
Hibernate: select arealabora0_.nombreAreaLaboral as col_0_0_ from arealaboral arealabora0_ where arealabora0_.idAreaLaboral='1'
Hibernate: select sexo0_.nombreSexo as col_0_0_ from sexo sexo0_ where sexo0_.idSexo='1'
Hibernate: select tipodocume0_.idTipoDocumento as idTipoDo1_19_, tipodocume0_.activoTipoDocumento as activoTi2_19_, tipodocume0_.descripcionTipoDocumento as descripc3_19_, tipodocume0_.nombreTipoDocumento as nombreTi4_19_ from tipodocumento tipodocume0_
]]></system-out>
    <system-err><![CDATA[oct 14, 2021 8:19:49 PM org.hibernate.ejb.HibernatePersistence logDeprecation
WARN: HHH015016: Encountered a deprecated javax.persistence.spi.PersistenceProvider [org.hibernate.ejb.HibernatePersistence]; use [org.hibernate.jpa.HibernatePersistenceProvider] instead.
oct 14, 2021 8:19:49 PM org.hibernate.ejb.HibernatePersistence logDeprecation
WARN: HHH015016: Encountered a deprecated javax.persistence.spi.PersistenceProvider [org.hibernate.ejb.HibernatePersistence]; use [org.hibernate.jpa.HibernatePersistenceProvider] instead.
oct 14, 2021 8:19:49 PM org.hibernate.ejb.HibernatePersistence logDeprecation
WARN: HHH015016: Encountered a deprecated javax.persistence.spi.PersistenceProvider [org.hibernate.ejb.HibernatePersistence]; use [org.hibernate.jpa.HibernatePersistenceProvider] instead.
oct 14, 2021 8:19:49 PM org.hibernate.jpa.internal.util.LogHelper logPersistenceUnitInformation
INFO: HHH000204: Processing PersistenceUnitInfo [
	name: DB
	...]
oct 14, 2021 8:19:50 PM org.hibernate.engine.jdbc.connections.internal.DriverManagerConnectionProviderImpl configure
WARN: HHH000402: Using Hibernate built-in connection pool (not for production use!)
oct 14, 2021 8:19:50 PM org.hibernate.engine.jdbc.connections.internal.DriverManagerConnectionProviderImpl buildCreator
INFO: HHH000401: using driver [com.mysql.jdbc.Driver] at URL [jdbc:mysql://localhost:3306/Microcosmos?zeroDateTimeBehavior=convertToNull]
oct 14, 2021 8:19:50 PM org.hibernate.engine.jdbc.connections.internal.DriverManagerConnectionProviderImpl buildCreator
INFO: HHH000046: Connection properties: {user=root, password=****}
oct 14, 2021 8:19:50 PM org.hibernate.engine.jdbc.connections.internal.DriverManagerConnectionProviderImpl buildCreator
INFO: HHH000006: Autocommit mode: false
oct 14, 2021 8:19:50 PM org.hibernate.engine.jdbc.connections.internal.DriverManagerConnectionProviderImpl configure
INFO: HHH000115: Hibernate connection pool size: 20 (min=1)
oct 14, 2021 8:19:50 PM org.hibernate.dialect.Dialect <init>
INFO: HHH000400: Using dialect: org.hibernate.dialect.MySQLDialect
oct 14, 2021 8:19:50 PM org.hibernate.hql.internal.ast.ASTQueryTranslatorFactory <init>
INFO: HHH000397: Using ASTQueryTranslatorFactory
oct 14, 2021 8:19:50 PM org.hibernate.tool.hbm2ddl.SchemaValidator validate
INFO: HHH000229: Running schema validator
oct 14, 2021 8:19:50 PM org.hibernate.tool.hbm2ddl.SchemaValidator validate
INFO: HHH000102: Fetching database metadata
oct 14, 2021 8:19:50 PM org.hibernate.tool.hbm2ddl.TableMetadata <init>
INFO: HHH000261: Table found: microcosmos.arealaboral
oct 14, 2021 8:19:50 PM org.hibernate.tool.hbm2ddl.TableMetadata <init>
INFO: HHH000037: Columns: [idarealaboral, descripcionarealaboral, nombrearealaboral, activoarealaboral]
oct 14, 2021 8:19:50 PM org.hibernate.tool.hbm2ddl.TableMetadata <init>
INFO: HHH000261: Table found: microcosmos.arealaboralhistorica
oct 14, 2021 8:19:50 PM org.hibernate.tool.hbm2ddl.TableMetadata <init>
INFO: HHH000037: Columns: [idempleados, fechaconclusion, fechacomienzo, idarealaboralhistorica]
oct 14, 2021 8:19:50 PM org.hibernate.tool.hbm2ddl.TableMetadata <init>
INFO: HHH000261: Table found: microcosmos.articulo
oct 14, 2021 8:19:50 PM org.hibernate.tool.hbm2ddl.TableMetadata <init>
INFO: HHH000037: Columns: [idsecciontienda, stockmaximo, activoarticulo, nombrearticulo, stockminimo, precioarticulo, idtalla, stock, descripcionarticulo, idarticulo]
oct 14, 2021 8:19:50 PM org.hibernate.tool.hbm2ddl.TableMetadata <init>
INFO: HHH000261: Table found: microcosmos.clientes
oct 14, 2021 8:19:50 PM org.hibernate.tool.hbm2ddl.TableMetadata <init>
INFO: HHH000037: Columns: [telefonocliente, direccioncliente, idtipodocumento, idsexo, documento, activocliente, idcliente, nombrecliente, apellidocliente, correocliente]
oct 14, 2021 8:19:50 PM org.hibernate.tool.hbm2ddl.TableMetadata <init>
INFO: HHH000261: Table found: microcosmos.compra
oct 14, 2021 8:19:50 PM org.hibernate.tool.hbm2ddl.TableMetadata <init>
INFO: HHH000037: Columns: [idcompra, fechapedido, idproveedor, idempleados, fecharecibido, totalcompra, idestado]
oct 14, 2021 8:19:50 PM org.hibernate.tool.hbm2ddl.TableMetadata <init>
INFO: HHH000261: Table found: microcosmos.detallecompra
oct 14, 2021 8:19:50 PM org.hibernate.tool.hbm2ddl.TableMetadata <init>
INFO: HHH000037: Columns: [idcompra, iddetallecompra, preciocompra, cantidad, idarticulo]
oct 14, 2021 8:19:50 PM org.hibernate.tool.hbm2ddl.TableMetadata <init>
INFO: HHH000261: Table found: microcosmos.detalleventa
oct 14, 2021 8:19:50 PM org.hibernate.tool.hbm2ddl.TableMetadata <init>
INFO: HHH000037: Columns: [idventa, iddetalleventa, cantidad, idarticulo]
oct 14, 2021 8:19:50 PM org.hibernate.tool.hbm2ddl.TableMetadata <init>
INFO: HHH000261: Table found: microcosmos.empleados
oct 14, 2021 8:19:50 PM org.hibernate.tool.hbm2ddl.TableMetadata <init>
INFO: HHH000037: Columns: [idempleados, idarealaboral, idtipodocumento, idsexo, telefonoempleado, documento, nombreempleado, correoempleado, apellidoempleado, fechadenacimiento, activoempleado]
oct 14, 2021 8:19:50 PM org.hibernate.tool.hbm2ddl.TableMetadata <init>
INFO: HHH000261: Table found: microcosmos.entidades
oct 14, 2021 8:19:50 PM org.hibernate.tool.hbm2ddl.TableMetadata <init>
INFO: HHH000037: Columns: [identidad, activoentidad, nombreentidad]
oct 14, 2021 8:19:50 PM org.hibernate.tool.hbm2ddl.TableMetadata <init>
INFO: HHH000261: Table found: microcosmos.estado
oct 14, 2021 8:19:50 PM org.hibernate.tool.hbm2ddl.TableMetadata <init>
INFO: HHH000037: Columns: [nombreestado, activoestado, identidad, descripcionestado, idestado]
oct 14, 2021 8:19:50 PM org.hibernate.tool.hbm2ddl.TableMetadata <init>
INFO: HHH000261: Table found: microcosmos.facturasdevueltas
oct 14, 2021 8:19:50 PM org.hibernate.tool.hbm2ddl.TableMetadata <init>
INFO: HHH000037: Columns: [idventa, descripcion, fechadevolucion, idempleados, idfacturadevuelta]
oct 14, 2021 8:19:50 PM org.hibernate.tool.hbm2ddl.TableMetadata <init>
INFO: HHH000261: Table found: microcosmos.parametros
oct 14, 2021 8:19:50 PM org.hibernate.tool.hbm2ddl.TableMetadata <init>
INFO: HHH000037: Columns: [facturainicial, fechaemision, facturafinal, activoparametros, fechacaducidad, cai, idparametros]
oct 14, 2021 8:19:50 PM org.hibernate.tool.hbm2ddl.TableMetadata <init>
INFO: HHH000261: Table found: microcosmos.pedidosdevueltos
oct 14, 2021 8:19:50 PM org.hibernate.tool.hbm2ddl.TableMetadata <init>
INFO: HHH000037: Columns: [idcompra, descripcion, idempleados, idpedidosdevueltos, fechaanulacion]
oct 14, 2021 8:19:50 PM org.hibernate.tool.hbm2ddl.TableMetadata <init>
INFO: HHH000261: Table found: microcosmos.preciohistorico
oct 14, 2021 8:19:50 PM org.hibernate.tool.hbm2ddl.TableMetadata <init>
INFO: HHH000037: Columns: [precio, idpreciohistorico, fechainicial, fechafinal, idarticulo, activopreciohistorico]
oct 14, 2021 8:19:50 PM org.hibernate.tool.hbm2ddl.TableMetadata <init>
INFO: HHH000261: Table found: microcosmos.proveedores
oct 14, 2021 8:19:50 PM org.hibernate.tool.hbm2ddl.TableMetadata <init>
INFO: HHH000037: Columns: [idproveedor, activoproveedor, idtipodocumento, nombreproveedor, correoproveedor, telefonoproveedor, documento, ubicacionproveedor]
oct 14, 2021 8:19:50 PM org.hibernate.tool.hbm2ddl.TableMetadata <init>
INFO: HHH000261: Table found: microcosmos.secciontienda
oct 14, 2021 8:19:50 PM org.hibernate.tool.hbm2ddl.TableMetadata <init>
INFO: HHH000037: Columns: [idsecciontienda, descripcionsecciontienda, nombresecciontienda, activosecciontienda]
oct 14, 2021 8:19:50 PM org.hibernate.tool.hbm2ddl.TableMetadata <init>
INFO: HHH000261: Table found: microcosmos.sexo
oct 14, 2021 8:19:50 PM org.hibernate.tool.hbm2ddl.TableMetadata <init>
INFO: HHH000037: Columns: [idsexo, nombresexo, descripcionsexo]
oct 14, 2021 8:19:50 PM org.hibernate.tool.hbm2ddl.TableMetadata <init>
INFO: HHH000261: Table found: microcosmos.talla
oct 14, 2021 8:19:50 PM org.hibernate.tool.hbm2ddl.TableMetadata <init>
INFO: HHH000037: Columns: [activotalla, nombretalla, descripciontalla, idtalla]
oct 14, 2021 8:19:50 PM org.hibernate.tool.hbm2ddl.TableMetadata <init>
INFO: HHH000261: Table found: microcosmos.tipodepago
oct 14, 2021 8:19:50 PM org.hibernate.tool.hbm2ddl.TableMetadata <init>
INFO: HHH000037: Columns: [descripciontipodepago, nombretipodepago, idtipodepago, activotipodepago]
oct 14, 2021 8:19:50 PM org.hibernate.tool.hbm2ddl.TableMetadata <init>
INFO: HHH000261: Table found: microcosmos.tipodocumento
oct 14, 2021 8:19:50 PM org.hibernate.tool.hbm2ddl.TableMetadata <init>
INFO: HHH000037: Columns: [nombretipodocumento, descripciontipodocumento, activotipodocumento, idtipodocumento]
oct 14, 2021 8:19:50 PM org.hibernate.tool.hbm2ddl.TableMetadata <init>
INFO: HHH000261: Table found: microcosmos.usuarios
oct 14, 2021 8:19:50 PM org.hibernate.tool.hbm2ddl.TableMetadata <init>
INFO: HHH000037: Columns: [nombreusuario, idempleados, numerodeintentos, activousuario, admin, contrasena, idusuario]
oct 14, 2021 8:19:50 PM org.hibernate.tool.hbm2ddl.TableMetadata <init>
INFO: HHH000261: Table found: microcosmos.venta
oct 14, 2021 8:19:50 PM org.hibernate.tool.hbm2ddl.TableMetadata <init>
INFO: HHH000037: Columns: [numtarjeta, idtipodepago, formato, montoefectivo, idcliente, idestado, idventa, total, idempleados, impuesto, subtotal, montotarjeta, fechaventa, idparametros]
oct 14, 2021 8:19:50 PM org.hibernate.jpa.internal.EntityManagerFactoryRegistry addEntityManagerFactory
WARN: HHH000436: Entity manager factory name (DB) is already registered.  If entity manager will be clustered or passivated, specify a unique value for property 'hibernate.ejb.entitymanager_factory_name'
oct 14, 2021 8:19:50 PM org.hibernate.ejb.HibernatePersistence logDeprecation
WARN: HHH015016: Encountered a deprecated javax.persistence.spi.PersistenceProvider [org.hibernate.ejb.HibernatePersistence]; use [org.hibernate.jpa.HibernatePersistenceProvider] instead.
oct 14, 2021 8:19:50 PM org.hibernate.ejb.HibernatePersistence logDeprecation
WARN: HHH015016: Encountered a deprecated javax.persistence.spi.PersistenceProvider [org.hibernate.ejb.HibernatePersistence]; use [org.hibernate.jpa.HibernatePersistenceProvider] instead.
oct 14, 2021 8:19:50 PM org.hibernate.ejb.HibernatePersistence logDeprecation
WARN: HHH015016: Encountered a deprecated javax.persistence.spi.PersistenceProvider [org.hibernate.ejb.HibernatePersistence]; use [org.hibernate.jpa.HibernatePersistenceProvider] instead.
oct 14, 2021 8:19:50 PM org.hibernate.jpa.internal.util.LogHelper logPersistenceUnitInformation
INFO: HHH000204: Processing PersistenceUnitInfo [
	name: DB
	...]
oct 14, 2021 8:19:50 PM org.hibernate.engine.jdbc.connections.internal.DriverManagerConnectionProviderImpl configure
WARN: HHH000402: Using Hibernate built-in connection pool (not for production use!)
oct 14, 2021 8:19:50 PM org.hibernate.engine.jdbc.connections.internal.DriverManagerConnectionProviderImpl buildCreator
INFO: HHH000401: using driver [com.mysql.jdbc.Driver] at URL [jdbc:mysql://localhost:3306/Microcosmos?zeroDateTimeBehavior=convertToNull]
oct 14, 2021 8:19:50 PM org.hibernate.engine.jdbc.connections.internal.DriverManagerConnectionProviderImpl buildCreator
INFO: HHH000046: Connection properties: {user=root, password=****}
oct 14, 2021 8:19:50 PM org.hibernate.engine.jdbc.connections.internal.DriverManagerConnectionProviderImpl buildCreator
INFO: HHH000006: Autocommit mode: false
oct 14, 2021 8:19:50 PM org.hibernate.engine.jdbc.connections.internal.DriverManagerConnectionProviderImpl configure
INFO: HHH000115: Hibernate connection pool size: 20 (min=1)
oct 14, 2021 8:19:50 PM org.hibernate.dialect.Dialect <init>
INFO: HHH000400: Using dialect: org.hibernate.dialect.MySQLDialect
oct 14, 2021 8:19:50 PM org.hibernate.hql.internal.ast.ASTQueryTranslatorFactory <init>
INFO: HHH000397: Using ASTQueryTranslatorFactory
oct 14, 2021 8:19:50 PM org.hibernate.tool.hbm2ddl.SchemaValidator validate
INFO: HHH000229: Running schema validator
oct 14, 2021 8:19:50 PM org.hibernate.tool.hbm2ddl.SchemaValidator validate
INFO: HHH000102: Fetching database metadata
oct 14, 2021 8:19:50 PM org.hibernate.tool.hbm2ddl.TableMetadata <init>
INFO: HHH000261: Table found: microcosmos.arealaboral
oct 14, 2021 8:19:50 PM org.hibernate.tool.hbm2ddl.TableMetadata <init>
INFO: HHH000037: Columns: [idarealaboral, descripcionarealaboral, nombrearealaboral, activoarealaboral]
oct 14, 2021 8:19:50 PM org.hibernate.tool.hbm2ddl.TableMetadata <init>
INFO: HHH000261: Table found: microcosmos.arealaboralhistorica
oct 14, 2021 8:19:50 PM org.hibernate.tool.hbm2ddl.TableMetadata <init>
INFO: HHH000037: Columns: [idempleados, fechaconclusion, fechacomienzo, idarealaboralhistorica]
oct 14, 2021 8:19:50 PM org.hibernate.tool.hbm2ddl.TableMetadata <init>
INFO: HHH000261: Table found: microcosmos.articulo
oct 14, 2021 8:19:50 PM org.hibernate.tool.hbm2ddl.TableMetadata <init>
INFO: HHH000037: Columns: [idsecciontienda, stockmaximo, activoarticulo, nombrearticulo, stockminimo, precioarticulo, idtalla, stock, descripcionarticulo, idarticulo]
oct 14, 2021 8:19:50 PM org.hibernate.tool.hbm2ddl.TableMetadata <init>
INFO: HHH000261: Table found: microcosmos.clientes
oct 14, 2021 8:19:50 PM org.hibernate.tool.hbm2ddl.TableMetadata <init>
INFO: HHH000037: Columns: [telefonocliente, direccioncliente, idtipodocumento, idsexo, documento, activocliente, idcliente, nombrecliente, apellidocliente, correocliente]
oct 14, 2021 8:19:50 PM org.hibernate.tool.hbm2ddl.TableMetadata <init>
INFO: HHH000261: Table found: microcosmos.compra
oct 14, 2021 8:19:50 PM org.hibernate.tool.hbm2ddl.TableMetadata <init>
INFO: HHH000037: Columns: [idcompra, fechapedido, idproveedor, idempleados, fecharecibido, totalcompra, idestado]
oct 14, 2021 8:19:50 PM org.hibernate.tool.hbm2ddl.TableMetadata <init>
INFO: HHH000261: Table found: microcosmos.detallecompra
oct 14, 2021 8:19:50 PM org.hibernate.tool.hbm2ddl.TableMetadata <init>
INFO: HHH000037: Columns: [idcompra, iddetallecompra, preciocompra, cantidad, idarticulo]
oct 14, 2021 8:19:50 PM org.hibernate.tool.hbm2ddl.TableMetadata <init>
INFO: HHH000261: Table found: microcosmos.detalleventa
oct 14, 2021 8:19:50 PM org.hibernate.tool.hbm2ddl.TableMetadata <init>
INFO: HHH000037: Columns: [idventa, iddetalleventa, cantidad, idarticulo]
oct 14, 2021 8:19:50 PM org.hibernate.tool.hbm2ddl.TableMetadata <init>
INFO: HHH000261: Table found: microcosmos.empleados
oct 14, 2021 8:19:50 PM org.hibernate.tool.hbm2ddl.TableMetadata <init>
INFO: HHH000037: Columns: [idempleados, idarealaboral, idtipodocumento, idsexo, telefonoempleado, documento, nombreempleado, correoempleado, apellidoempleado, fechadenacimiento, activoempleado]
oct 14, 2021 8:19:50 PM org.hibernate.tool.hbm2ddl.TableMetadata <init>
INFO: HHH000261: Table found: microcosmos.entidades
oct 14, 2021 8:19:50 PM org.hibernate.tool.hbm2ddl.TableMetadata <init>
INFO: HHH000037: Columns: [identidad, activoentidad, nombreentidad]
oct 14, 2021 8:19:50 PM org.hibernate.tool.hbm2ddl.TableMetadata <init>
INFO: HHH000261: Table found: microcosmos.estado
oct 14, 2021 8:19:50 PM org.hibernate.tool.hbm2ddl.TableMetadata <init>
INFO: HHH000037: Columns: [nombreestado, activoestado, identidad, descripcionestado, idestado]
oct 14, 2021 8:19:50 PM org.hibernate.tool.hbm2ddl.TableMetadata <init>
INFO: HHH000261: Table found: microcosmos.facturasdevueltas
oct 14, 2021 8:19:50 PM org.hibernate.tool.hbm2ddl.TableMetadata <init>
INFO: HHH000037: Columns: [idventa, descripcion, fechadevolucion, idempleados, idfacturadevuelta]
oct 14, 2021 8:19:50 PM org.hibernate.tool.hbm2ddl.TableMetadata <init>
INFO: HHH000261: Table found: microcosmos.parametros
oct 14, 2021 8:19:50 PM org.hibernate.tool.hbm2ddl.TableMetadata <init>
INFO: HHH000037: Columns: [facturainicial, fechaemision, facturafinal, activoparametros, fechacaducidad, cai, idparametros]
oct 14, 2021 8:19:50 PM org.hibernate.tool.hbm2ddl.TableMetadata <init>
INFO: HHH000261: Table found: microcosmos.pedidosdevueltos
oct 14, 2021 8:19:50 PM org.hibernate.tool.hbm2ddl.TableMetadata <init>
INFO: HHH000037: Columns: [idcompra, descripcion, idempleados, idpedidosdevueltos, fechaanulacion]
oct 14, 2021 8:19:50 PM org.hibernate.tool.hbm2ddl.TableMetadata <init>
INFO: HHH000261: Table found: microcosmos.preciohistorico
oct 14, 2021 8:19:50 PM org.hibernate.tool.hbm2ddl.TableMetadata <init>
INFO: HHH000037: Columns: [precio, idpreciohistorico, fechainicial, fechafinal, idarticulo, activopreciohistorico]
oct 14, 2021 8:19:50 PM org.hibernate.tool.hbm2ddl.TableMetadata <init>
INFO: HHH000261: Table found: microcosmos.proveedores
oct 14, 2021 8:19:50 PM org.hibernate.tool.hbm2ddl.TableMetadata <init>
INFO: HHH000037: Columns: [idproveedor, activoproveedor, idtipodocumento, nombreproveedor, correoproveedor, telefonoproveedor, documento, ubicacionproveedor]
oct 14, 2021 8:19:50 PM org.hibernate.tool.hbm2ddl.TableMetadata <init>
INFO: HHH000261: Table found: microcosmos.secciontienda
oct 14, 2021 8:19:50 PM org.hibernate.tool.hbm2ddl.TableMetadata <init>
INFO: HHH000037: Columns: [idsecciontienda, descripcionsecciontienda, nombresecciontienda, activosecciontienda]
oct 14, 2021 8:19:50 PM org.hibernate.tool.hbm2ddl.TableMetadata <init>
INFO: HHH000261: Table found: microcosmos.sexo
oct 14, 2021 8:19:50 PM org.hibernate.tool.hbm2ddl.TableMetadata <init>
INFO: HHH000037: Columns: [idsexo, nombresexo, descripcionsexo]
oct 14, 2021 8:19:50 PM org.hibernate.tool.hbm2ddl.TableMetadata <init>
INFO: HHH000261: Table found: microcosmos.talla
oct 14, 2021 8:19:50 PM org.hibernate.tool.hbm2ddl.TableMetadata <init>
INFO: HHH000037: Columns: [activotalla, nombretalla, descripciontalla, idtalla]
oct 14, 2021 8:19:50 PM org.hibernate.tool.hbm2ddl.TableMetadata <init>
INFO: HHH000261: Table found: microcosmos.tipodepago
oct 14, 2021 8:19:50 PM org.hibernate.tool.hbm2ddl.TableMetadata <init>
INFO: HHH000037: Columns: [descripciontipodepago, nombretipodepago, idtipodepago, activotipodepago]
oct 14, 2021 8:19:50 PM org.hibernate.tool.hbm2ddl.TableMetadata <init>
INFO: HHH000261: Table found: microcosmos.tipodocumento
oct 14, 2021 8:19:50 PM org.hibernate.tool.hbm2ddl.TableMetadata <init>
INFO: HHH000037: Columns: [nombretipodocumento, descripciontipodocumento, activotipodocumento, idtipodocumento]
oct 14, 2021 8:19:50 PM org.hibernate.tool.hbm2ddl.TableMetadata <init>
INFO: HHH000261: Table found: microcosmos.usuarios
oct 14, 2021 8:19:50 PM org.hibernate.tool.hbm2ddl.TableMetadata <init>
INFO: HHH000037: Columns: [nombreusuario, idempleados, numerodeintentos, activousuario, admin, contrasena, idusuario]
oct 14, 2021 8:19:50 PM org.hibernate.tool.hbm2ddl.TableMetadata <init>
INFO: HHH000261: Table found: microcosmos.venta
oct 14, 2021 8:19:50 PM org.hibernate.tool.hbm2ddl.TableMetadata <init>
INFO: HHH000037: Columns: [numtarjeta, idtipodepago, formato, montoefectivo, idcliente, idestado, idventa, total, idempleados, impuesto, subtotal, montotarjeta, fechaventa, idparametros]
oct 14, 2021 8:19:50 PM org.hibernate.jpa.internal.EntityManagerFactoryRegistry addEntityManagerFactory
WARN: HHH000436: Entity manager factory name (DB) is already registered.  If entity manager will be clustered or passivated, specify a unique value for property 'hibernate.ejb.entitymanager_factory_name'
oct 14, 2021 8:19:50 PM org.hibernate.ejb.HibernatePersistence logDeprecation
WARN: HHH015016: Encountered a deprecated javax.persistence.spi.PersistenceProvider [org.hibernate.ejb.HibernatePersistence]; use [org.hibernate.jpa.HibernatePersistenceProvider] instead.
oct 14, 2021 8:19:50 PM org.hibernate.ejb.HibernatePersistence logDeprecation
WARN: HHH015016: Encountered a deprecated javax.persistence.spi.PersistenceProvider [org.hibernate.ejb.HibernatePersistence]; use [org.hibernate.jpa.HibernatePersistenceProvider] instead.
oct 14, 2021 8:19:50 PM org.hibernate.ejb.HibernatePersistence logDeprecation
WARN: HHH015016: Encountered a deprecated javax.persistence.spi.PersistenceProvider [org.hibernate.ejb.HibernatePersistence]; use [org.hibernate.jpa.HibernatePersistenceProvider] instead.
oct 14, 2021 8:19:50 PM org.hibernate.jpa.internal.util.LogHelper logPersistenceUnitInformation
INFO: HHH000204: Processing PersistenceUnitInfo [
	name: DB
	...]
oct 14, 2021 8:19:50 PM org.hibernate.engine.jdbc.connections.internal.DriverManagerConnectionProviderImpl configure
WARN: HHH000402: Using Hibernate built-in connection pool (not for production use!)
oct 14, 2021 8:19:50 PM org.hibernate.engine.jdbc.connections.internal.DriverManagerConnectionProviderImpl buildCreator
INFO: HHH000401: using driver [com.mysql.jdbc.Driver] at URL [jdbc:mysql://localhost:3306/Microcosmos?zeroDateTimeBehavior=convertToNull]
oct 14, 2021 8:19:50 PM org.hibernate.engine.jdbc.connections.internal.DriverManagerConnectionProviderImpl buildCreator
INFO: HHH000046: Connection properties: {user=root, password=****}
oct 14, 2021 8:19:50 PM org.hibernate.engine.jdbc.connections.internal.DriverManagerConnectionProviderImpl buildCreator
INFO: HHH000006: Autocommit mode: false
oct 14, 2021 8:19:50 PM org.hibernate.engine.jdbc.connections.internal.DriverManagerConnectionProviderImpl configure
INFO: HHH000115: Hibernate connection pool size: 20 (min=1)
oct 14, 2021 8:19:50 PM org.hibernate.dialect.Dialect <init>
INFO: HHH000400: Using dialect: org.hibernate.dialect.MySQLDialect
oct 14, 2021 8:19:50 PM org.hibernate.hql.internal.ast.ASTQueryTranslatorFactory <init>
INFO: HHH000397: Using ASTQueryTranslatorFactory
oct 14, 2021 8:19:50 PM org.hibernate.tool.hbm2ddl.SchemaValidator validate
INFO: HHH000229: Running schema validator
oct 14, 2021 8:19:50 PM org.hibernate.tool.hbm2ddl.SchemaValidator validate
INFO: HHH000102: Fetching database metadata
oct 14, 2021 8:19:50 PM org.hibernate.tool.hbm2ddl.TableMetadata <init>
INFO: HHH000261: Table found: microcosmos.arealaboral
oct 14, 2021 8:19:50 PM org.hibernate.tool.hbm2ddl.TableMetadata <init>
INFO: HHH000037: Columns: [idarealaboral, descripcionarealaboral, nombrearealaboral, activoarealaboral]
oct 14, 2021 8:19:50 PM org.hibernate.tool.hbm2ddl.TableMetadata <init>
INFO: HHH000261: Table found: microcosmos.arealaboralhistorica
oct 14, 2021 8:19:50 PM org.hibernate.tool.hbm2ddl.TableMetadata <init>
INFO: HHH000037: Columns: [idempleados, fechaconclusion, fechacomienzo, idarealaboralhistorica]
oct 14, 2021 8:19:50 PM org.hibernate.tool.hbm2ddl.TableMetadata <init>
INFO: HHH000261: Table found: microcosmos.articulo
oct 14, 2021 8:19:50 PM org.hibernate.tool.hbm2ddl.TableMetadata <init>
INFO: HHH000037: Columns: [idsecciontienda, stockmaximo, activoarticulo, nombrearticulo, stockminimo, precioarticulo, idtalla, stock, descripcionarticulo, idarticulo]
oct 14, 2021 8:19:50 PM org.hibernate.tool.hbm2ddl.TableMetadata <init>
INFO: HHH000261: Table found: microcosmos.clientes
oct 14, 2021 8:19:50 PM org.hibernate.tool.hbm2ddl.TableMetadata <init>
INFO: HHH000037: Columns: [telefonocliente, direccioncliente, idtipodocumento, idsexo, documento, activocliente, idcliente, nombrecliente, apellidocliente, correocliente]
oct 14, 2021 8:19:50 PM org.hibernate.tool.hbm2ddl.TableMetadata <init>
INFO: HHH000261: Table found: microcosmos.compra
oct 14, 2021 8:19:50 PM org.hibernate.tool.hbm2ddl.TableMetadata <init>
INFO: HHH000037: Columns: [idcompra, fechapedido, idproveedor, idempleados, fecharecibido, totalcompra, idestado]
oct 14, 2021 8:19:50 PM org.hibernate.tool.hbm2ddl.TableMetadata <init>
INFO: HHH000261: Table found: microcosmos.detallecompra
oct 14, 2021 8:19:50 PM org.hibernate.tool.hbm2ddl.TableMetadata <init>
INFO: HHH000037: Columns: [idcompra, iddetallecompra, preciocompra, cantidad, idarticulo]
oct 14, 2021 8:19:50 PM org.hibernate.tool.hbm2ddl.TableMetadata <init>
INFO: HHH000261: Table found: microcosmos.detalleventa
oct 14, 2021 8:19:50 PM org.hibernate.tool.hbm2ddl.TableMetadata <init>
INFO: HHH000037: Columns: [idventa, iddetalleventa, cantidad, idarticulo]
oct 14, 2021 8:19:50 PM org.hibernate.tool.hbm2ddl.TableMetadata <init>
INFO: HHH000261: Table found: microcosmos.empleados
oct 14, 2021 8:19:50 PM org.hibernate.tool.hbm2ddl.TableMetadata <init>
INFO: HHH000037: Columns: [idempleados, idarealaboral, idtipodocumento, idsexo, telefonoempleado, documento, nombreempleado, correoempleado, apellidoempleado, fechadenacimiento, activoempleado]
oct 14, 2021 8:19:50 PM org.hibernate.tool.hbm2ddl.TableMetadata <init>
INFO: HHH000261: Table found: microcosmos.entidades
oct 14, 2021 8:19:50 PM org.hibernate.tool.hbm2ddl.TableMetadata <init>
INFO: HHH000037: Columns: [identidad, activoentidad, nombreentidad]
oct 14, 2021 8:19:50 PM org.hibernate.tool.hbm2ddl.TableMetadata <init>
INFO: HHH000261: Table found: microcosmos.estado
oct 14, 2021 8:19:50 PM org.hibernate.tool.hbm2ddl.TableMetadata <init>
INFO: HHH000037: Columns: [nombreestado, activoestado, identidad, descripcionestado, idestado]
oct 14, 2021 8:19:50 PM org.hibernate.tool.hbm2ddl.TableMetadata <init>
INFO: HHH000261: Table found: microcosmos.facturasdevueltas
oct 14, 2021 8:19:50 PM org.hibernate.tool.hbm2ddl.TableMetadata <init>
INFO: HHH000037: Columns: [idventa, descripcion, fechadevolucion, idempleados, idfacturadevuelta]
oct 14, 2021 8:19:50 PM org.hibernate.tool.hbm2ddl.TableMetadata <init>
INFO: HHH000261: Table found: microcosmos.parametros
oct 14, 2021 8:19:50 PM org.hibernate.tool.hbm2ddl.TableMetadata <init>
INFO: HHH000037: Columns: [facturainicial, fechaemision, facturafinal, activoparametros, fechacaducidad, cai, idparametros]
oct 14, 2021 8:19:50 PM org.hibernate.tool.hbm2ddl.TableMetadata <init>
INFO: HHH000261: Table found: microcosmos.pedidosdevueltos
oct 14, 2021 8:19:50 PM org.hibernate.tool.hbm2ddl.TableMetadata <init>
INFO: HHH000037: Columns: [idcompra, descripcion, idempleados, idpedidosdevueltos, fechaanulacion]
oct 14, 2021 8:19:50 PM org.hibernate.tool.hbm2ddl.TableMetadata <init>
INFO: HHH000261: Table found: microcosmos.preciohistorico
oct 14, 2021 8:19:50 PM org.hibernate.tool.hbm2ddl.TableMetadata <init>
INFO: HHH000037: Columns: [precio, idpreciohistorico, fechainicial, fechafinal, idarticulo, activopreciohistorico]
oct 14, 2021 8:19:50 PM org.hibernate.tool.hbm2ddl.TableMetadata <init>
INFO: HHH000261: Table found: microcosmos.proveedores
oct 14, 2021 8:19:50 PM org.hibernate.tool.hbm2ddl.TableMetadata <init>
INFO: HHH000037: Columns: [idproveedor, activoproveedor, idtipodocumento, nombreproveedor, correoproveedor, telefonoproveedor, documento, ubicacionproveedor]
oct 14, 2021 8:19:50 PM org.hibernate.tool.hbm2ddl.TableMetadata <init>
INFO: HHH000261: Table found: microcosmos.secciontienda
oct 14, 2021 8:19:50 PM org.hibernate.tool.hbm2ddl.TableMetadata <init>
INFO: HHH000037: Columns: [idsecciontienda, descripcionsecciontienda, nombresecciontienda, activosecciontienda]
oct 14, 2021 8:19:50 PM org.hibernate.tool.hbm2ddl.TableMetadata <init>
INFO: HHH000261: Table found: microcosmos.sexo
oct 14, 2021 8:19:50 PM org.hibernate.tool.hbm2ddl.TableMetadata <init>
INFO: HHH000037: Columns: [idsexo, nombresexo, descripcionsexo]
oct 14, 2021 8:19:50 PM org.hibernate.tool.hbm2ddl.TableMetadata <init>
INFO: HHH000261: Table found: microcosmos.talla
oct 14, 2021 8:19:50 PM org.hibernate.tool.hbm2ddl.TableMetadata <init>
INFO: HHH000037: Columns: [activotalla, nombretalla, descripciontalla, idtalla]
oct 14, 2021 8:19:50 PM org.hibernate.tool.hbm2ddl.TableMetadata <init>
INFO: HHH000261: Table found: microcosmos.tipodepago
oct 14, 2021 8:19:50 PM org.hibernate.tool.hbm2ddl.TableMetadata <init>
INFO: HHH000037: Columns: [descripciontipodepago, nombretipodepago, idtipodepago, activotipodepago]
oct 14, 2021 8:19:50 PM org.hibernate.tool.hbm2ddl.TableMetadata <init>
INFO: HHH000261: Table found: microcosmos.tipodocumento
oct 14, 2021 8:19:50 PM org.hibernate.tool.hbm2ddl.TableMetadata <init>
INFO: HHH000037: Columns: [nombretipodocumento, descripciontipodocumento, activotipodocumento, idtipodocumento]
oct 14, 2021 8:19:50 PM org.hibernate.tool.hbm2ddl.TableMetadata <init>
INFO: HHH000261: Table found: microcosmos.usuarios
oct 14, 2021 8:19:50 PM org.hibernate.tool.hbm2ddl.TableMetadata <init>
INFO: HHH000037: Columns: [nombreusuario, idempleados, numerodeintentos, activousuario, admin, contrasena, idusuario]
oct 14, 2021 8:19:50 PM org.hibernate.tool.hbm2ddl.TableMetadata <init>
INFO: HHH000261: Table found: microcosmos.venta
oct 14, 2021 8:19:50 PM org.hibernate.tool.hbm2ddl.TableMetadata <init>
INFO: HHH000037: Columns: [numtarjeta, idtipodepago, formato, montoefectivo, idcliente, idestado, idventa, total, idempleados, impuesto, subtotal, montotarjeta, fechaventa, idparametros]
oct 14, 2021 8:19:50 PM org.hibernate.jpa.internal.EntityManagerFactoryRegistry addEntityManagerFactory
WARN: HHH000436: Entity manager factory name (DB) is already registered.  If entity manager will be clustered or passivated, specify a unique value for property 'hibernate.ejb.entitymanager_factory_name'
oct 14, 2021 8:19:50 PM org.hibernate.ejb.HibernatePersistence logDeprecation
WARN: HHH015016: Encountered a deprecated javax.persistence.spi.PersistenceProvider [org.hibernate.ejb.HibernatePersistence]; use [org.hibernate.jpa.HibernatePersistenceProvider] instead.
oct 14, 2021 8:19:50 PM org.hibernate.ejb.HibernatePersistence logDeprecation
WARN: HHH015016: Encountered a deprecated javax.persistence.spi.PersistenceProvider [org.hibernate.ejb.HibernatePersistence]; use [org.hibernate.jpa.HibernatePersistenceProvider] instead.
oct 14, 2021 8:19:50 PM org.hibernate.ejb.HibernatePersistence logDeprecation
WARN: HHH015016: Encountered a deprecated javax.persistence.spi.PersistenceProvider [org.hibernate.ejb.HibernatePersistence]; use [org.hibernate.jpa.HibernatePersistenceProvider] instead.
oct 14, 2021 8:19:50 PM org.hibernate.jpa.internal.util.LogHelper logPersistenceUnitInformation
INFO: HHH000204: Processing PersistenceUnitInfo [
	name: DB
	...]
oct 14, 2021 8:19:50 PM org.hibernate.engine.jdbc.connections.internal.DriverManagerConnectionProviderImpl configure
WARN: HHH000402: Using Hibernate built-in connection pool (not for production use!)
oct 14, 2021 8:19:50 PM org.hibernate.engine.jdbc.connections.internal.DriverManagerConnectionProviderImpl buildCreator
INFO: HHH000401: using driver [com.mysql.jdbc.Driver] at URL [jdbc:mysql://localhost:3306/Microcosmos?zeroDateTimeBehavior=convertToNull]
oct 14, 2021 8:19:50 PM org.hibernate.engine.jdbc.connections.internal.DriverManagerConnectionProviderImpl buildCreator
INFO: HHH000046: Connection properties: {user=root, password=****}
oct 14, 2021 8:19:50 PM org.hibernate.engine.jdbc.connections.internal.DriverManagerConnectionProviderImpl buildCreator
INFO: HHH000006: Autocommit mode: false
oct 14, 2021 8:19:50 PM org.hibernate.engine.jdbc.connections.internal.DriverManagerConnectionProviderImpl configure
INFO: HHH000115: Hibernate connection pool size: 20 (min=1)
oct 14, 2021 8:19:50 PM org.hibernate.dialect.Dialect <init>
INFO: HHH000400: Using dialect: org.hibernate.dialect.MySQLDialect
oct 14, 2021 8:19:50 PM org.hibernate.hql.internal.ast.ASTQueryTranslatorFactory <init>
INFO: HHH000397: Using ASTQueryTranslatorFactory
oct 14, 2021 8:19:50 PM org.hibernate.tool.hbm2ddl.SchemaValidator validate
INFO: HHH000229: Running schema validator
oct 14, 2021 8:19:50 PM org.hibernate.tool.hbm2ddl.SchemaValidator validate
INFO: HHH000102: Fetching database metadata
oct 14, 2021 8:19:50 PM org.hibernate.tool.hbm2ddl.TableMetadata <init>
INFO: HHH000261: Table found: microcosmos.arealaboral
oct 14, 2021 8:19:50 PM org.hibernate.tool.hbm2ddl.TableMetadata <init>
INFO: HHH000037: Columns: [idarealaboral, descripcionarealaboral, nombrearealaboral, activoarealaboral]
oct 14, 2021 8:19:50 PM org.hibernate.tool.hbm2ddl.TableMetadata <init>
INFO: HHH000261: Table found: microcosmos.arealaboralhistorica
oct 14, 2021 8:19:50 PM org.hibernate.tool.hbm2ddl.TableMetadata <init>
INFO: HHH000037: Columns: [idempleados, fechaconclusion, fechacomienzo, idarealaboralhistorica]
oct 14, 2021 8:19:50 PM org.hibernate.tool.hbm2ddl.TableMetadata <init>
INFO: HHH000261: Table found: microcosmos.articulo
oct 14, 2021 8:19:50 PM org.hibernate.tool.hbm2ddl.TableMetadata <init>
INFO: HHH000037: Columns: [idsecciontienda, stockmaximo, activoarticulo, nombrearticulo, stockminimo, precioarticulo, idtalla, stock, descripcionarticulo, idarticulo]
oct 14, 2021 8:19:50 PM org.hibernate.tool.hbm2ddl.TableMetadata <init>
INFO: HHH000261: Table found: microcosmos.clientes
oct 14, 2021 8:19:50 PM org.hibernate.tool.hbm2ddl.TableMetadata <init>
INFO: HHH000037: Columns: [telefonocliente, direccioncliente, idtipodocumento, idsexo, documento, activocliente, idcliente, nombrecliente, apellidocliente, correocliente]
oct 14, 2021 8:19:50 PM org.hibernate.tool.hbm2ddl.TableMetadata <init>
INFO: HHH000261: Table found: microcosmos.compra
oct 14, 2021 8:19:50 PM org.hibernate.tool.hbm2ddl.TableMetadata <init>
INFO: HHH000037: Columns: [idcompra, fechapedido, idproveedor, idempleados, fecharecibido, totalcompra, idestado]
oct 14, 2021 8:19:50 PM org.hibernate.tool.hbm2ddl.TableMetadata <init>
INFO: HHH000261: Table found: microcosmos.detallecompra
oct 14, 2021 8:19:50 PM org.hibernate.tool.hbm2ddl.TableMetadata <init>
INFO: HHH000037: Columns: [idcompra, iddetallecompra, preciocompra, cantidad, idarticulo]
oct 14, 2021 8:19:50 PM org.hibernate.tool.hbm2ddl.TableMetadata <init>
INFO: HHH000261: Table found: microcosmos.detalleventa
oct 14, 2021 8:19:50 PM org.hibernate.tool.hbm2ddl.TableMetadata <init>
INFO: HHH000037: Columns: [idventa, iddetalleventa, cantidad, idarticulo]
oct 14, 2021 8:19:50 PM org.hibernate.tool.hbm2ddl.TableMetadata <init>
INFO: HHH000261: Table found: microcosmos.empleados
oct 14, 2021 8:19:50 PM org.hibernate.tool.hbm2ddl.TableMetadata <init>
INFO: HHH000037: Columns: [idempleados, idarealaboral, idtipodocumento, idsexo, telefonoempleado, documento, nombreempleado, correoempleado, apellidoempleado, fechadenacimiento, activoempleado]
oct 14, 2021 8:19:50 PM org.hibernate.tool.hbm2ddl.TableMetadata <init>
INFO: HHH000261: Table found: microcosmos.entidades
oct 14, 2021 8:19:50 PM org.hibernate.tool.hbm2ddl.TableMetadata <init>
INFO: HHH000037: Columns: [identidad, activoentidad, nombreentidad]
oct 14, 2021 8:19:50 PM org.hibernate.tool.hbm2ddl.TableMetadata <init>
INFO: HHH000261: Table found: microcosmos.estado
oct 14, 2021 8:19:50 PM org.hibernate.tool.hbm2ddl.TableMetadata <init>
INFO: HHH000037: Columns: [nombreestado, activoestado, identidad, descripcionestado, idestado]
oct 14, 2021 8:19:50 PM org.hibernate.tool.hbm2ddl.TableMetadata <init>
INFO: HHH000261: Table found: microcosmos.facturasdevueltas
oct 14, 2021 8:19:50 PM org.hibernate.tool.hbm2ddl.TableMetadata <init>
INFO: HHH000037: Columns: [idventa, descripcion, fechadevolucion, idempleados, idfacturadevuelta]
oct 14, 2021 8:19:50 PM org.hibernate.tool.hbm2ddl.TableMetadata <init>
INFO: HHH000261: Table found: microcosmos.parametros
oct 14, 2021 8:19:50 PM org.hibernate.tool.hbm2ddl.TableMetadata <init>
INFO: HHH000037: Columns: [facturainicial, fechaemision, facturafinal, activoparametros, fechacaducidad, cai, idparametros]
oct 14, 2021 8:19:50 PM org.hibernate.tool.hbm2ddl.TableMetadata <init>
INFO: HHH000261: Table found: microcosmos.pedidosdevueltos
oct 14, 2021 8:19:50 PM org.hibernate.tool.hbm2ddl.TableMetadata <init>
INFO: HHH000037: Columns: [idcompra, descripcion, idempleados, idpedidosdevueltos, fechaanulacion]
oct 14, 2021 8:19:50 PM org.hibernate.tool.hbm2ddl.TableMetadata <init>
INFO: HHH000261: Table found: microcosmos.preciohistorico
oct 14, 2021 8:19:50 PM org.hibernate.tool.hbm2ddl.TableMetadata <init>
INFO: HHH000037: Columns: [precio, idpreciohistorico, fechainicial, fechafinal, idarticulo, activopreciohistorico]
oct 14, 2021 8:19:50 PM org.hibernate.tool.hbm2ddl.TableMetadata <init>
INFO: HHH000261: Table found: microcosmos.proveedores
oct 14, 2021 8:19:50 PM org.hibernate.tool.hbm2ddl.TableMetadata <init>
INFO: HHH000037: Columns: [idproveedor, activoproveedor, idtipodocumento, nombreproveedor, correoproveedor, telefonoproveedor, documento, ubicacionproveedor]
oct 14, 2021 8:19:50 PM org.hibernate.tool.hbm2ddl.TableMetadata <init>
INFO: HHH000261: Table found: microcosmos.secciontienda
oct 14, 2021 8:19:50 PM org.hibernate.tool.hbm2ddl.TableMetadata <init>
INFO: HHH000037: Columns: [idsecciontienda, descripcionsecciontienda, nombresecciontienda, activosecciontienda]
oct 14, 2021 8:19:50 PM org.hibernate.tool.hbm2ddl.TableMetadata <init>
INFO: HHH000261: Table found: microcosmos.sexo
oct 14, 2021 8:19:50 PM org.hibernate.tool.hbm2ddl.TableMetadata <init>
INFO: HHH000037: Columns: [idsexo, nombresexo, descripcionsexo]
oct 14, 2021 8:19:50 PM org.hibernate.tool.hbm2ddl.TableMetadata <init>
INFO: HHH000261: Table found: microcosmos.talla
oct 14, 2021 8:19:50 PM org.hibernate.tool.hbm2ddl.TableMetadata <init>
INFO: HHH000037: Columns: [activotalla, nombretalla, descripciontalla, idtalla]
oct 14, 2021 8:19:50 PM org.hibernate.tool.hbm2ddl.TableMetadata <init>
INFO: HHH000261: Table found: microcosmos.tipodepago
oct 14, 2021 8:19:50 PM org.hibernate.tool.hbm2ddl.TableMetadata <init>
INFO: HHH000037: Columns: [descripciontipodepago, nombretipodepago, idtipodepago, activotipodepago]
oct 14, 2021 8:19:50 PM org.hibernate.tool.hbm2ddl.TableMetadata <init>
INFO: HHH000261: Table found: microcosmos.tipodocumento
oct 14, 2021 8:19:50 PM org.hibernate.tool.hbm2ddl.TableMetadata <init>
INFO: HHH000037: Columns: [nombretipodocumento, descripciontipodocumento, activotipodocumento, idtipodocumento]
oct 14, 2021 8:19:50 PM org.hibernate.tool.hbm2ddl.TableMetadata <init>
INFO: HHH000261: Table found: microcosmos.usuarios
oct 14, 2021 8:19:50 PM org.hibernate.tool.hbm2ddl.TableMetadata <init>
INFO: HHH000037: Columns: [nombreusuario, idempleados, numerodeintentos, activousuario, admin, contrasena, idusuario]
oct 14, 2021 8:19:50 PM org.hibernate.tool.hbm2ddl.TableMetadata <init>
INFO: HHH000261: Table found: microcosmos.venta
oct 14, 2021 8:19:50 PM org.hibernate.tool.hbm2ddl.TableMetadata <init>
INFO: HHH000037: Columns: [numtarjeta, idtipodepago, formato, montoefectivo, idcliente, idestado, idventa, total, idempleados, impuesto, subtotal, montotarjeta, fechaventa, idparametros]
oct 14, 2021 8:19:50 PM org.hibernate.jpa.internal.EntityManagerFactoryRegistry addEntityManagerFactory
WARN: HHH000436: Entity manager factory name (DB) is already registered.  If entity manager will be clustered or passivated, specify a unique value for property 'hibernate.ejb.entitymanager_factory_name'
oct 14, 2021 8:19:50 PM org.hibernate.ejb.HibernatePersistence logDeprecation
WARN: HHH015016: Encountered a deprecated javax.persistence.spi.PersistenceProvider [org.hibernate.ejb.HibernatePersistence]; use [org.hibernate.jpa.HibernatePersistenceProvider] instead.
oct 14, 2021 8:19:50 PM org.hibernate.ejb.HibernatePersistence logDeprecation
WARN: HHH015016: Encountered a deprecated javax.persistence.spi.PersistenceProvider [org.hibernate.ejb.HibernatePersistence]; use [org.hibernate.jpa.HibernatePersistenceProvider] instead.
oct 14, 2021 8:19:50 PM org.hibernate.ejb.HibernatePersistence logDeprecation
WARN: HHH015016: Encountered a deprecated javax.persistence.spi.PersistenceProvider [org.hibernate.ejb.HibernatePersistence]; use [org.hibernate.jpa.HibernatePersistenceProvider] instead.
oct 14, 2021 8:19:50 PM org.hibernate.jpa.internal.util.LogHelper logPersistenceUnitInformation
INFO: HHH000204: Processing PersistenceUnitInfo [
	name: DB
	...]
oct 14, 2021 8:19:50 PM org.hibernate.engine.jdbc.connections.internal.DriverManagerConnectionProviderImpl configure
WARN: HHH000402: Using Hibernate built-in connection pool (not for production use!)
oct 14, 2021 8:19:50 PM org.hibernate.engine.jdbc.connections.internal.DriverManagerConnectionProviderImpl buildCreator
INFO: HHH000401: using driver [com.mysql.jdbc.Driver] at URL [jdbc:mysql://localhost:3306/Microcosmos?zeroDateTimeBehavior=convertToNull]
oct 14, 2021 8:19:50 PM org.hibernate.engine.jdbc.connections.internal.DriverManagerConnectionProviderImpl buildCreator
INFO: HHH000046: Connection properties: {user=root, password=****}
oct 14, 2021 8:19:50 PM org.hibernate.engine.jdbc.connections.internal.DriverManagerConnectionProviderImpl buildCreator
INFO: HHH000006: Autocommit mode: false
oct 14, 2021 8:19:50 PM org.hibernate.engine.jdbc.connections.internal.DriverManagerConnectionProviderImpl configure
INFO: HHH000115: Hibernate connection pool size: 20 (min=1)
oct 14, 2021 8:19:50 PM org.hibernate.dialect.Dialect <init>
INFO: HHH000400: Using dialect: org.hibernate.dialect.MySQLDialect
oct 14, 2021 8:19:50 PM org.hibernate.hql.internal.ast.ASTQueryTranslatorFactory <init>
INFO: HHH000397: Using ASTQueryTranslatorFactory
oct 14, 2021 8:19:50 PM org.hibernate.tool.hbm2ddl.SchemaValidator validate
INFO: HHH000229: Running schema validator
oct 14, 2021 8:19:50 PM org.hibernate.tool.hbm2ddl.SchemaValidator validate
INFO: HHH000102: Fetching database metadata
oct 14, 2021 8:19:50 PM org.hibernate.tool.hbm2ddl.TableMetadata <init>
INFO: HHH000261: Table found: microcosmos.arealaboral
oct 14, 2021 8:19:50 PM org.hibernate.tool.hbm2ddl.TableMetadata <init>
INFO: HHH000037: Columns: [idarealaboral, descripcionarealaboral, nombrearealaboral, activoarealaboral]
oct 14, 2021 8:19:50 PM org.hibernate.tool.hbm2ddl.TableMetadata <init>
INFO: HHH000261: Table found: microcosmos.arealaboralhistorica
oct 14, 2021 8:19:50 PM org.hibernate.tool.hbm2ddl.TableMetadata <init>
INFO: HHH000037: Columns: [idempleados, fechaconclusion, fechacomienzo, idarealaboralhistorica]
oct 14, 2021 8:19:50 PM org.hibernate.tool.hbm2ddl.TableMetadata <init>
INFO: HHH000261: Table found: microcosmos.articulo
oct 14, 2021 8:19:50 PM org.hibernate.tool.hbm2ddl.TableMetadata <init>
INFO: HHH000037: Columns: [idsecciontienda, stockmaximo, activoarticulo, nombrearticulo, stockminimo, precioarticulo, idtalla, stock, descripcionarticulo, idarticulo]
oct 14, 2021 8:19:50 PM org.hibernate.tool.hbm2ddl.TableMetadata <init>
INFO: HHH000261: Table found: microcosmos.clientes
oct 14, 2021 8:19:50 PM org.hibernate.tool.hbm2ddl.TableMetadata <init>
INFO: HHH000037: Columns: [telefonocliente, direccioncliente, idtipodocumento, idsexo, documento, activocliente, idcliente, nombrecliente, apellidocliente, correocliente]
oct 14, 2021 8:19:50 PM org.hibernate.tool.hbm2ddl.TableMetadata <init>
INFO: HHH000261: Table found: microcosmos.compra
oct 14, 2021 8:19:50 PM org.hibernate.tool.hbm2ddl.TableMetadata <init>
INFO: HHH000037: Columns: [idcompra, fechapedido, idproveedor, idempleados, fecharecibido, totalcompra, idestado]
oct 14, 2021 8:19:50 PM org.hibernate.tool.hbm2ddl.TableMetadata <init>
INFO: HHH000261: Table found: microcosmos.detallecompra
oct 14, 2021 8:19:50 PM org.hibernate.tool.hbm2ddl.TableMetadata <init>
INFO: HHH000037: Columns: [idcompra, iddetallecompra, preciocompra, cantidad, idarticulo]
oct 14, 2021 8:19:50 PM org.hibernate.tool.hbm2ddl.TableMetadata <init>
INFO: HHH000261: Table found: microcosmos.detalleventa
oct 14, 2021 8:19:50 PM org.hibernate.tool.hbm2ddl.TableMetadata <init>
INFO: HHH000037: Columns: [idventa, iddetalleventa, cantidad, idarticulo]
oct 14, 2021 8:19:50 PM org.hibernate.tool.hbm2ddl.TableMetadata <init>
INFO: HHH000261: Table found: microcosmos.empleados
oct 14, 2021 8:19:50 PM org.hibernate.tool.hbm2ddl.TableMetadata <init>
INFO: HHH000037: Columns: [idempleados, idarealaboral, idtipodocumento, idsexo, telefonoempleado, documento, nombreempleado, correoempleado, apellidoempleado, fechadenacimiento, activoempleado]
oct 14, 2021 8:19:50 PM org.hibernate.tool.hbm2ddl.TableMetadata <init>
INFO: HHH000261: Table found: microcosmos.entidades
oct 14, 2021 8:19:50 PM org.hibernate.tool.hbm2ddl.TableMetadata <init>
INFO: HHH000037: Columns: [identidad, activoentidad, nombreentidad]
oct 14, 2021 8:19:50 PM org.hibernate.tool.hbm2ddl.TableMetadata <init>
INFO: HHH000261: Table found: microcosmos.estado
oct 14, 2021 8:19:50 PM org.hibernate.tool.hbm2ddl.TableMetadata <init>
INFO: HHH000037: Columns: [nombreestado, activoestado, identidad, descripcionestado, idestado]
oct 14, 2021 8:19:50 PM org.hibernate.tool.hbm2ddl.TableMetadata <init>
INFO: HHH000261: Table found: microcosmos.facturasdevueltas
oct 14, 2021 8:19:50 PM org.hibernate.tool.hbm2ddl.TableMetadata <init>
INFO: HHH000037: Columns: [idventa, descripcion, fechadevolucion, idempleados, idfacturadevuelta]
oct 14, 2021 8:19:50 PM org.hibernate.tool.hbm2ddl.TableMetadata <init>
INFO: HHH000261: Table found: microcosmos.parametros
oct 14, 2021 8:19:50 PM org.hibernate.tool.hbm2ddl.TableMetadata <init>
INFO: HHH000037: Columns: [facturainicial, fechaemision, facturafinal, activoparametros, fechacaducidad, cai, idparametros]
oct 14, 2021 8:19:50 PM org.hibernate.tool.hbm2ddl.TableMetadata <init>
INFO: HHH000261: Table found: microcosmos.pedidosdevueltos
oct 14, 2021 8:19:50 PM org.hibernate.tool.hbm2ddl.TableMetadata <init>
INFO: HHH000037: Columns: [idcompra, descripcion, idempleados, idpedidosdevueltos, fechaanulacion]
oct 14, 2021 8:19:50 PM org.hibernate.tool.hbm2ddl.TableMetadata <init>
INFO: HHH000261: Table found: microcosmos.preciohistorico
oct 14, 2021 8:19:50 PM org.hibernate.tool.hbm2ddl.TableMetadata <init>
INFO: HHH000037: Columns: [precio, idpreciohistorico, fechainicial, fechafinal, idarticulo, activopreciohistorico]
oct 14, 2021 8:19:50 PM org.hibernate.tool.hbm2ddl.TableMetadata <init>
INFO: HHH000261: Table found: microcosmos.proveedores
oct 14, 2021 8:19:50 PM org.hibernate.tool.hbm2ddl.TableMetadata <init>
INFO: HHH000037: Columns: [idproveedor, activoproveedor, idtipodocumento, nombreproveedor, correoproveedor, telefonoproveedor, documento, ubicacionproveedor]
oct 14, 2021 8:19:50 PM org.hibernate.tool.hbm2ddl.TableMetadata <init>
INFO: HHH000261: Table found: microcosmos.secciontienda
oct 14, 2021 8:19:50 PM org.hibernate.tool.hbm2ddl.TableMetadata <init>
INFO: HHH000037: Columns: [idsecciontienda, descripcionsecciontienda, nombresecciontienda, activosecciontienda]
oct 14, 2021 8:19:50 PM org.hibernate.tool.hbm2ddl.TableMetadata <init>
INFO: HHH000261: Table found: microcosmos.sexo
oct 14, 2021 8:19:50 PM org.hibernate.tool.hbm2ddl.TableMetadata <init>
INFO: HHH000037: Columns: [idsexo, nombresexo, descripcionsexo]
oct 14, 2021 8:19:50 PM org.hibernate.tool.hbm2ddl.TableMetadata <init>
INFO: HHH000261: Table found: microcosmos.talla
oct 14, 2021 8:19:50 PM org.hibernate.tool.hbm2ddl.TableMetadata <init>
INFO: HHH000037: Columns: [activotalla, nombretalla, descripciontalla, idtalla]
oct 14, 2021 8:19:50 PM org.hibernate.tool.hbm2ddl.TableMetadata <init>
INFO: HHH000261: Table found: microcosmos.tipodepago
oct 14, 2021 8:19:50 PM org.hibernate.tool.hbm2ddl.TableMetadata <init>
INFO: HHH000037: Columns: [descripciontipodepago, nombretipodepago, idtipodepago, activotipodepago]
oct 14, 2021 8:19:50 PM org.hibernate.tool.hbm2ddl.TableMetadata <init>
INFO: HHH000261: Table found: microcosmos.tipodocumento
oct 14, 2021 8:19:50 PM org.hibernate.tool.hbm2ddl.TableMetadata <init>
INFO: HHH000037: Columns: [nombretipodocumento, descripciontipodocumento, activotipodocumento, idtipodocumento]
oct 14, 2021 8:19:50 PM org.hibernate.tool.hbm2ddl.TableMetadata <init>
INFO: HHH000261: Table found: microcosmos.usuarios
oct 14, 2021 8:19:50 PM org.hibernate.tool.hbm2ddl.TableMetadata <init>
INFO: HHH000037: Columns: [nombreusuario, idempleados, numerodeintentos, activousuario, admin, contrasena, idusuario]
oct 14, 2021 8:19:50 PM org.hibernate.tool.hbm2ddl.TableMetadata <init>
INFO: HHH000261: Table found: microcosmos.venta
oct 14, 2021 8:19:50 PM org.hibernate.tool.hbm2ddl.TableMetadata <init>
INFO: HHH000037: Columns: [numtarjeta, idtipodepago, formato, montoefectivo, idcliente, idestado, idventa, total, idempleados, impuesto, subtotal, montotarjeta, fechaventa, idparametros]
oct 14, 2021 8:19:50 PM org.hibernate.jpa.internal.EntityManagerFactoryRegistry addEntityManagerFactory
WARN: HHH000436: Entity manager factory name (DB) is already registered.  If entity manager will be clustered or passivated, specify a unique value for property 'hibernate.ejb.entitymanager_factory_name'
oct 14, 2021 8:19:50 PM org.hibernate.ejb.HibernatePersistence logDeprecation
WARN: HHH015016: Encountered a deprecated javax.persistence.spi.PersistenceProvider [org.hibernate.ejb.HibernatePersistence]; use [org.hibernate.jpa.HibernatePersistenceProvider] instead.
oct 14, 2021 8:19:50 PM org.hibernate.ejb.HibernatePersistence logDeprecation
WARN: HHH015016: Encountered a deprecated javax.persistence.spi.PersistenceProvider [org.hibernate.ejb.HibernatePersistence]; use [org.hibernate.jpa.HibernatePersistenceProvider] instead.
oct 14, 2021 8:19:50 PM org.hibernate.ejb.HibernatePersistence logDeprecation
WARN: HHH015016: Encountered a deprecated javax.persistence.spi.PersistenceProvider [org.hibernate.ejb.HibernatePersistence]; use [org.hibernate.jpa.HibernatePersistenceProvider] instead.
oct 14, 2021 8:19:50 PM org.hibernate.jpa.internal.util.LogHelper logPersistenceUnitInformation
INFO: HHH000204: Processing PersistenceUnitInfo [
	name: DB
	...]
oct 14, 2021 8:19:50 PM org.hibernate.engine.jdbc.connections.internal.DriverManagerConnectionProviderImpl configure
WARN: HHH000402: Using Hibernate built-in connection pool (not for production use!)
oct 14, 2021 8:19:50 PM org.hibernate.engine.jdbc.connections.internal.DriverManagerConnectionProviderImpl buildCreator
INFO: HHH000401: using driver [com.mysql.jdbc.Driver] at URL [jdbc:mysql://localhost:3306/Microcosmos?zeroDateTimeBehavior=convertToNull]
oct 14, 2021 8:19:50 PM org.hibernate.engine.jdbc.connections.internal.DriverManagerConnectionProviderImpl buildCreator
INFO: HHH000046: Connection properties: {user=root, password=****}
oct 14, 2021 8:19:50 PM org.hibernate.engine.jdbc.connections.internal.DriverManagerConnectionProviderImpl buildCreator
INFO: HHH000006: Autocommit mode: false
oct 14, 2021 8:19:50 PM org.hibernate.engine.jdbc.connections.internal.DriverManagerConnectionProviderImpl configure
INFO: HHH000115: Hibernate connection pool size: 20 (min=1)
oct 14, 2021 8:19:50 PM org.hibernate.dialect.Dialect <init>
INFO: HHH000400: Using dialect: org.hibernate.dialect.MySQLDialect
oct 14, 2021 8:19:50 PM org.hibernate.hql.internal.ast.ASTQueryTranslatorFactory <init>
INFO: HHH000397: Using ASTQueryTranslatorFactory
oct 14, 2021 8:19:50 PM org.hibernate.tool.hbm2ddl.SchemaValidator validate
INFO: HHH000229: Running schema validator
oct 14, 2021 8:19:50 PM org.hibernate.tool.hbm2ddl.SchemaValidator validate
INFO: HHH000102: Fetching database metadata
oct 14, 2021 8:19:50 PM org.hibernate.tool.hbm2ddl.TableMetadata <init>
INFO: HHH000261: Table found: microcosmos.arealaboral
oct 14, 2021 8:19:50 PM org.hibernate.tool.hbm2ddl.TableMetadata <init>
INFO: HHH000037: Columns: [idarealaboral, descripcionarealaboral, nombrearealaboral, activoarealaboral]
oct 14, 2021 8:19:50 PM org.hibernate.tool.hbm2ddl.TableMetadata <init>
INFO: HHH000261: Table found: microcosmos.arealaboralhistorica
oct 14, 2021 8:19:50 PM org.hibernate.tool.hbm2ddl.TableMetadata <init>
INFO: HHH000037: Columns: [idempleados, fechaconclusion, fechacomienzo, idarealaboralhistorica]
oct 14, 2021 8:19:50 PM org.hibernate.tool.hbm2ddl.TableMetadata <init>
INFO: HHH000261: Table found: microcosmos.articulo
oct 14, 2021 8:19:50 PM org.hibernate.tool.hbm2ddl.TableMetadata <init>
INFO: HHH000037: Columns: [idsecciontienda, stockmaximo, activoarticulo, nombrearticulo, stockminimo, precioarticulo, idtalla, stock, descripcionarticulo, idarticulo]
oct 14, 2021 8:19:50 PM org.hibernate.tool.hbm2ddl.TableMetadata <init>
INFO: HHH000261: Table found: microcosmos.clientes
oct 14, 2021 8:19:50 PM org.hibernate.tool.hbm2ddl.TableMetadata <init>
INFO: HHH000037: Columns: [telefonocliente, direccioncliente, idtipodocumento, idsexo, documento, activocliente, idcliente, nombrecliente, apellidocliente, correocliente]
oct 14, 2021 8:19:50 PM org.hibernate.tool.hbm2ddl.TableMetadata <init>
INFO: HHH000261: Table found: microcosmos.compra
oct 14, 2021 8:19:50 PM org.hibernate.tool.hbm2ddl.TableMetadata <init>
INFO: HHH000037: Columns: [idcompra, fechapedido, idproveedor, idempleados, fecharecibido, totalcompra, idestado]
oct 14, 2021 8:19:50 PM org.hibernate.tool.hbm2ddl.TableMetadata <init>
INFO: HHH000261: Table found: microcosmos.detallecompra
oct 14, 2021 8:19:50 PM org.hibernate.tool.hbm2ddl.TableMetadata <init>
INFO: HHH000037: Columns: [idcompra, iddetallecompra, preciocompra, cantidad, idarticulo]
oct 14, 2021 8:19:50 PM org.hibernate.tool.hbm2ddl.TableMetadata <init>
INFO: HHH000261: Table found: microcosmos.detalleventa
oct 14, 2021 8:19:50 PM org.hibernate.tool.hbm2ddl.TableMetadata <init>
INFO: HHH000037: Columns: [idventa, iddetalleventa, cantidad, idarticulo]
oct 14, 2021 8:19:50 PM org.hibernate.tool.hbm2ddl.TableMetadata <init>
INFO: HHH000261: Table found: microcosmos.empleados
oct 14, 2021 8:19:50 PM org.hibernate.tool.hbm2ddl.TableMetadata <init>
INFO: HHH000037: Columns: [idempleados, idarealaboral, idtipodocumento, idsexo, telefonoempleado, documento, nombreempleado, correoempleado, apellidoempleado, fechadenacimiento, activoempleado]
oct 14, 2021 8:19:50 PM org.hibernate.tool.hbm2ddl.TableMetadata <init>
INFO: HHH000261: Table found: microcosmos.entidades
oct 14, 2021 8:19:50 PM org.hibernate.tool.hbm2ddl.TableMetadata <init>
INFO: HHH000037: Columns: [identidad, activoentidad, nombreentidad]
oct 14, 2021 8:19:50 PM org.hibernate.tool.hbm2ddl.TableMetadata <init>
INFO: HHH000261: Table found: microcosmos.estado
oct 14, 2021 8:19:50 PM org.hibernate.tool.hbm2ddl.TableMetadata <init>
INFO: HHH000037: Columns: [nombreestado, activoestado, identidad, descripcionestado, idestado]
oct 14, 2021 8:19:50 PM org.hibernate.tool.hbm2ddl.TableMetadata <init>
INFO: HHH000261: Table found: microcosmos.facturasdevueltas
oct 14, 2021 8:19:50 PM org.hibernate.tool.hbm2ddl.TableMetadata <init>
INFO: HHH000037: Columns: [idventa, descripcion, fechadevolucion, idempleados, idfacturadevuelta]
oct 14, 2021 8:19:50 PM org.hibernate.tool.hbm2ddl.TableMetadata <init>
INFO: HHH000261: Table found: microcosmos.parametros
oct 14, 2021 8:19:50 PM org.hibernate.tool.hbm2ddl.TableMetadata <init>
INFO: HHH000037: Columns: [facturainicial, fechaemision, facturafinal, activoparametros, fechacaducidad, cai, idparametros]
oct 14, 2021 8:19:50 PM org.hibernate.tool.hbm2ddl.TableMetadata <init>
INFO: HHH000261: Table found: microcosmos.pedidosdevueltos
oct 14, 2021 8:19:50 PM org.hibernate.tool.hbm2ddl.TableMetadata <init>
INFO: HHH000037: Columns: [idcompra, descripcion, idempleados, idpedidosdevueltos, fechaanulacion]
oct 14, 2021 8:19:50 PM org.hibernate.tool.hbm2ddl.TableMetadata <init>
INFO: HHH000261: Table found: microcosmos.preciohistorico
oct 14, 2021 8:19:50 PM org.hibernate.tool.hbm2ddl.TableMetadata <init>
INFO: HHH000037: Columns: [precio, idpreciohistorico, fechainicial, fechafinal, idarticulo, activopreciohistorico]
oct 14, 2021 8:19:50 PM org.hibernate.tool.hbm2ddl.TableMetadata <init>
INFO: HHH000261: Table found: microcosmos.proveedores
oct 14, 2021 8:19:50 PM org.hibernate.tool.hbm2ddl.TableMetadata <init>
INFO: HHH000037: Columns: [idproveedor, activoproveedor, idtipodocumento, nombreproveedor, correoproveedor, telefonoproveedor, documento, ubicacionproveedor]
oct 14, 2021 8:19:50 PM org.hibernate.tool.hbm2ddl.TableMetadata <init>
INFO: HHH000261: Table found: microcosmos.secciontienda
oct 14, 2021 8:19:50 PM org.hibernate.tool.hbm2ddl.TableMetadata <init>
INFO: HHH000037: Columns: [idsecciontienda, descripcionsecciontienda, nombresecciontienda, activosecciontienda]
oct 14, 2021 8:19:50 PM org.hibernate.tool.hbm2ddl.TableMetadata <init>
INFO: HHH000261: Table found: microcosmos.sexo
oct 14, 2021 8:19:50 PM org.hibernate.tool.hbm2ddl.TableMetadata <init>
INFO: HHH000037: Columns: [idsexo, nombresexo, descripcionsexo]
oct 14, 2021 8:19:50 PM org.hibernate.tool.hbm2ddl.TableMetadata <init>
INFO: HHH000261: Table found: microcosmos.talla
oct 14, 2021 8:19:50 PM org.hibernate.tool.hbm2ddl.TableMetadata <init>
INFO: HHH000037: Columns: [activotalla, nombretalla, descripciontalla, idtalla]
oct 14, 2021 8:19:50 PM org.hibernate.tool.hbm2ddl.TableMetadata <init>
INFO: HHH000261: Table found: microcosmos.tipodepago
oct 14, 2021 8:19:50 PM org.hibernate.tool.hbm2ddl.TableMetadata <init>
INFO: HHH000037: Columns: [descripciontipodepago, nombretipodepago, idtipodepago, activotipodepago]
oct 14, 2021 8:19:50 PM org.hibernate.tool.hbm2ddl.TableMetadata <init>
INFO: HHH000261: Table found: microcosmos.tipodocumento
oct 14, 2021 8:19:50 PM org.hibernate.tool.hbm2ddl.TableMetadata <init>
INFO: HHH000037: Columns: [nombretipodocumento, descripciontipodocumento, activotipodocumento, idtipodocumento]
oct 14, 2021 8:19:50 PM org.hibernate.tool.hbm2ddl.TableMetadata <init>
INFO: HHH000261: Table found: microcosmos.usuarios
oct 14, 2021 8:19:50 PM org.hibernate.tool.hbm2ddl.TableMetadata <init>
INFO: HHH000037: Columns: [nombreusuario, idempleados, numerodeintentos, activousuario, admin, contrasena, idusuario]
oct 14, 2021 8:19:50 PM org.hibernate.tool.hbm2ddl.TableMetadata <init>
INFO: HHH000261: Table found: microcosmos.venta
oct 14, 2021 8:19:50 PM org.hibernate.tool.hbm2ddl.TableMetadata <init>
INFO: HHH000037: Columns: [numtarjeta, idtipodepago, formato, montoefectivo, idcliente, idestado, idventa, total, idempleados, impuesto, subtotal, montotarjeta, fechaventa, idparametros]
oct 14, 2021 8:19:50 PM org.hibernate.jpa.internal.EntityManagerFactoryRegistry addEntityManagerFactory
WARN: HHH000436: Entity manager factory name (DB) is already registered.  If entity manager will be clustered or passivated, specify a unique value for property 'hibernate.ejb.entitymanager_factory_name'
oct 14, 2021 8:19:50 PM org.hibernate.ejb.HibernatePersistence logDeprecation
WARN: HHH015016: Encountered a deprecated javax.persistence.spi.PersistenceProvider [org.hibernate.ejb.HibernatePersistence]; use [org.hibernate.jpa.HibernatePersistenceProvider] instead.
oct 14, 2021 8:19:50 PM org.hibernate.ejb.HibernatePersistence logDeprecation
WARN: HHH015016: Encountered a deprecated javax.persistence.spi.PersistenceProvider [org.hibernate.ejb.HibernatePersistence]; use [org.hibernate.jpa.HibernatePersistenceProvider] instead.
oct 14, 2021 8:19:50 PM org.hibernate.ejb.HibernatePersistence logDeprecation
WARN: HHH015016: Encountered a deprecated javax.persistence.spi.PersistenceProvider [org.hibernate.ejb.HibernatePersistence]; use [org.hibernate.jpa.HibernatePersistenceProvider] instead.
oct 14, 2021 8:19:50 PM org.hibernate.jpa.internal.util.LogHelper logPersistenceUnitInformation
INFO: HHH000204: Processing PersistenceUnitInfo [
	name: DB
	...]
oct 14, 2021 8:19:50 PM org.hibernate.engine.jdbc.connections.internal.DriverManagerConnectionProviderImpl configure
WARN: HHH000402: Using Hibernate built-in connection pool (not for production use!)
oct 14, 2021 8:19:50 PM org.hibernate.engine.jdbc.connections.internal.DriverManagerConnectionProviderImpl buildCreator
INFO: HHH000401: using driver [com.mysql.jdbc.Driver] at URL [jdbc:mysql://localhost:3306/Microcosmos?zeroDateTimeBehavior=convertToNull]
oct 14, 2021 8:19:50 PM org.hibernate.engine.jdbc.connections.internal.DriverManagerConnectionProviderImpl buildCreator
INFO: HHH000046: Connection properties: {user=root, password=****}
oct 14, 2021 8:19:50 PM org.hibernate.engine.jdbc.connections.internal.DriverManagerConnectionProviderImpl buildCreator
INFO: HHH000006: Autocommit mode: false
oct 14, 2021 8:19:50 PM org.hibernate.engine.jdbc.connections.internal.DriverManagerConnectionProviderImpl configure
INFO: HHH000115: Hibernate connection pool size: 20 (min=1)
oct 14, 2021 8:19:50 PM org.hibernate.dialect.Dialect <init>
INFO: HHH000400: Using dialect: org.hibernate.dialect.MySQLDialect
oct 14, 2021 8:19:50 PM org.hibernate.hql.internal.ast.ASTQueryTranslatorFactory <init>
INFO: HHH000397: Using ASTQueryTranslatorFactory
oct 14, 2021 8:19:50 PM org.hibernate.tool.hbm2ddl.SchemaValidator validate
INFO: HHH000229: Running schema validator
oct 14, 2021 8:19:50 PM org.hibernate.tool.hbm2ddl.SchemaValidator validate
INFO: HHH000102: Fetching database metadata
oct 14, 2021 8:19:50 PM org.hibernate.tool.hbm2ddl.TableMetadata <init>
INFO: HHH000261: Table found: microcosmos.arealaboral
oct 14, 2021 8:19:50 PM org.hibernate.tool.hbm2ddl.TableMetadata <init>
INFO: HHH000037: Columns: [idarealaboral, descripcionarealaboral, nombrearealaboral, activoarealaboral]
oct 14, 2021 8:19:50 PM org.hibernate.tool.hbm2ddl.TableMetadata <init>
INFO: HHH000261: Table found: microcosmos.arealaboralhistorica
oct 14, 2021 8:19:50 PM org.hibernate.tool.hbm2ddl.TableMetadata <init>
INFO: HHH000037: Columns: [idempleados, fechaconclusion, fechacomienzo, idarealaboralhistorica]
oct 14, 2021 8:19:50 PM org.hibernate.tool.hbm2ddl.TableMetadata <init>
INFO: HHH000261: Table found: microcosmos.articulo
oct 14, 2021 8:19:50 PM org.hibernate.tool.hbm2ddl.TableMetadata <init>
INFO: HHH000037: Columns: [idsecciontienda, stockmaximo, activoarticulo, nombrearticulo, stockminimo, precioarticulo, idtalla, stock, descripcionarticulo, idarticulo]
oct 14, 2021 8:19:50 PM org.hibernate.tool.hbm2ddl.TableMetadata <init>
INFO: HHH000261: Table found: microcosmos.clientes
oct 14, 2021 8:19:50 PM org.hibernate.tool.hbm2ddl.TableMetadata <init>
INFO: HHH000037: Columns: [telefonocliente, direccioncliente, idtipodocumento, idsexo, documento, activocliente, idcliente, nombrecliente, apellidocliente, correocliente]
oct 14, 2021 8:19:50 PM org.hibernate.tool.hbm2ddl.TableMetadata <init>
INFO: HHH000261: Table found: microcosmos.compra
oct 14, 2021 8:19:50 PM org.hibernate.tool.hbm2ddl.TableMetadata <init>
INFO: HHH000037: Columns: [idcompra, fechapedido, idproveedor, idempleados, fecharecibido, totalcompra, idestado]
oct 14, 2021 8:19:50 PM org.hibernate.tool.hbm2ddl.TableMetadata <init>
INFO: HHH000261: Table found: microcosmos.detallecompra
oct 14, 2021 8:19:50 PM org.hibernate.tool.hbm2ddl.TableMetadata <init>
INFO: HHH000037: Columns: [idcompra, iddetallecompra, preciocompra, cantidad, idarticulo]
oct 14, 2021 8:19:50 PM org.hibernate.tool.hbm2ddl.TableMetadata <init>
INFO: HHH000261: Table found: microcosmos.detalleventa
oct 14, 2021 8:19:50 PM org.hibernate.tool.hbm2ddl.TableMetadata <init>
INFO: HHH000037: Columns: [idventa, iddetalleventa, cantidad, idarticulo]
oct 14, 2021 8:19:50 PM org.hibernate.tool.hbm2ddl.TableMetadata <init>
INFO: HHH000261: Table found: microcosmos.empleados
oct 14, 2021 8:19:50 PM org.hibernate.tool.hbm2ddl.TableMetadata <init>
INFO: HHH000037: Columns: [idempleados, idarealaboral, idtipodocumento, idsexo, telefonoempleado, documento, nombreempleado, correoempleado, apellidoempleado, fechadenacimiento, activoempleado]
oct 14, 2021 8:19:50 PM org.hibernate.tool.hbm2ddl.TableMetadata <init>
INFO: HHH000261: Table found: microcosmos.entidades
oct 14, 2021 8:19:50 PM org.hibernate.tool.hbm2ddl.TableMetadata <init>
INFO: HHH000037: Columns: [identidad, activoentidad, nombreentidad]
oct 14, 2021 8:19:50 PM org.hibernate.tool.hbm2ddl.TableMetadata <init>
INFO: HHH000261: Table found: microcosmos.estado
oct 14, 2021 8:19:50 PM org.hibernate.tool.hbm2ddl.TableMetadata <init>
INFO: HHH000037: Columns: [nombreestado, activoestado, identidad, descripcionestado, idestado]
oct 14, 2021 8:19:50 PM org.hibernate.tool.hbm2ddl.TableMetadata <init>
INFO: HHH000261: Table found: microcosmos.facturasdevueltas
oct 14, 2021 8:19:50 PM org.hibernate.tool.hbm2ddl.TableMetadata <init>
INFO: HHH000037: Columns: [idventa, descripcion, fechadevolucion, idempleados, idfacturadevuelta]
oct 14, 2021 8:19:50 PM org.hibernate.tool.hbm2ddl.TableMetadata <init>
INFO: HHH000261: Table found: microcosmos.parametros
oct 14, 2021 8:19:50 PM org.hibernate.tool.hbm2ddl.TableMetadata <init>
INFO: HHH000037: Columns: [facturainicial, fechaemision, facturafinal, activoparametros, fechacaducidad, cai, idparametros]
oct 14, 2021 8:19:50 PM org.hibernate.tool.hbm2ddl.TableMetadata <init>
INFO: HHH000261: Table found: microcosmos.pedidosdevueltos
oct 14, 2021 8:19:50 PM org.hibernate.tool.hbm2ddl.TableMetadata <init>
INFO: HHH000037: Columns: [idcompra, descripcion, idempleados, idpedidosdevueltos, fechaanulacion]
oct 14, 2021 8:19:50 PM org.hibernate.tool.hbm2ddl.TableMetadata <init>
INFO: HHH000261: Table found: microcosmos.preciohistorico
oct 14, 2021 8:19:50 PM org.hibernate.tool.hbm2ddl.TableMetadata <init>
INFO: HHH000037: Columns: [precio, idpreciohistorico, fechainicial, fechafinal, idarticulo, activopreciohistorico]
oct 14, 2021 8:19:50 PM org.hibernate.tool.hbm2ddl.TableMetadata <init>
INFO: HHH000261: Table found: microcosmos.proveedores
oct 14, 2021 8:19:50 PM org.hibernate.tool.hbm2ddl.TableMetadata <init>
INFO: HHH000037: Columns: [idproveedor, activoproveedor, idtipodocumento, nombreproveedor, correoproveedor, telefonoproveedor, documento, ubicacionproveedor]
oct 14, 2021 8:19:50 PM org.hibernate.tool.hbm2ddl.TableMetadata <init>
INFO: HHH000261: Table found: microcosmos.secciontienda
oct 14, 2021 8:19:50 PM org.hibernate.tool.hbm2ddl.TableMetadata <init>
INFO: HHH000037: Columns: [idsecciontienda, descripcionsecciontienda, nombresecciontienda, activosecciontienda]
oct 14, 2021 8:19:50 PM org.hibernate.tool.hbm2ddl.TableMetadata <init>
INFO: HHH000261: Table found: microcosmos.sexo
oct 14, 2021 8:19:50 PM org.hibernate.tool.hbm2ddl.TableMetadata <init>
INFO: HHH000037: Columns: [idsexo, nombresexo, descripcionsexo]
oct 14, 2021 8:19:50 PM org.hibernate.tool.hbm2ddl.TableMetadata <init>
INFO: HHH000261: Table found: microcosmos.talla
oct 14, 2021 8:19:50 PM org.hibernate.tool.hbm2ddl.TableMetadata <init>
INFO: HHH000037: Columns: [activotalla, nombretalla, descripciontalla, idtalla]
oct 14, 2021 8:19:50 PM org.hibernate.tool.hbm2ddl.TableMetadata <init>
INFO: HHH000261: Table found: microcosmos.tipodepago
oct 14, 2021 8:19:50 PM org.hibernate.tool.hbm2ddl.TableMetadata <init>
INFO: HHH000037: Columns: [descripciontipodepago, nombretipodepago, idtipodepago, activotipodepago]
oct 14, 2021 8:19:50 PM org.hibernate.tool.hbm2ddl.TableMetadata <init>
INFO: HHH000261: Table found: microcosmos.tipodocumento
oct 14, 2021 8:19:50 PM org.hibernate.tool.hbm2ddl.TableMetadata <init>
INFO: HHH000037: Columns: [nombretipodocumento, descripciontipodocumento, activotipodocumento, idtipodocumento]
oct 14, 2021 8:19:50 PM org.hibernate.tool.hbm2ddl.TableMetadata <init>
INFO: HHH000261: Table found: microcosmos.usuarios
oct 14, 2021 8:19:50 PM org.hibernate.tool.hbm2ddl.TableMetadata <init>
INFO: HHH000037: Columns: [nombreusuario, idempleados, numerodeintentos, activousuario, admin, contrasena, idusuario]
oct 14, 2021 8:19:50 PM org.hibernate.tool.hbm2ddl.TableMetadata <init>
INFO: HHH000261: Table found: microcosmos.venta
oct 14, 2021 8:19:50 PM org.hibernate.tool.hbm2ddl.TableMetadata <init>
INFO: HHH000037: Columns: [numtarjeta, idtipodepago, formato, montoefectivo, idcliente, idestado, idventa, total, idempleados, impuesto, subtotal, montotarjeta, fechaventa, idparametros]
oct 14, 2021 8:19:50 PM org.hibernate.jpa.internal.EntityManagerFactoryRegistry addEntityManagerFactory
WARN: HHH000436: Entity manager factory name (DB) is already registered.  If entity manager will be clustered or passivated, specify a unique value for property 'hibernate.ejb.entitymanager_factory_name'
oct 14, 2021 8:19:50 PM org.hibernate.ejb.HibernatePersistence logDeprecation
WARN: HHH015016: Encountered a deprecated javax.persistence.spi.PersistenceProvider [org.hibernate.ejb.HibernatePersistence]; use [org.hibernate.jpa.HibernatePersistenceProvider] instead.
oct 14, 2021 8:19:50 PM org.hibernate.ejb.HibernatePersistence logDeprecation
WARN: HHH015016: Encountered a deprecated javax.persistence.spi.PersistenceProvider [org.hibernate.ejb.HibernatePersistence]; use [org.hibernate.jpa.HibernatePersistenceProvider] instead.
oct 14, 2021 8:19:50 PM org.hibernate.ejb.HibernatePersistence logDeprecation
WARN: HHH015016: Encountered a deprecated javax.persistence.spi.PersistenceProvider [org.hibernate.ejb.HibernatePersistence]; use [org.hibernate.jpa.HibernatePersistenceProvider] instead.
oct 14, 2021 8:19:50 PM org.hibernate.jpa.internal.util.LogHelper logPersistenceUnitInformation
INFO: HHH000204: Processing PersistenceUnitInfo [
	name: DB
	...]
oct 14, 2021 8:19:50 PM org.hibernate.engine.jdbc.connections.internal.DriverManagerConnectionProviderImpl configure
WARN: HHH000402: Using Hibernate built-in connection pool (not for production use!)
oct 14, 2021 8:19:50 PM org.hibernate.engine.jdbc.connections.internal.DriverManagerConnectionProviderImpl buildCreator
INFO: HHH000401: using driver [com.mysql.jdbc.Driver] at URL [jdbc:mysql://localhost:3306/Microcosmos?zeroDateTimeBehavior=convertToNull]
oct 14, 2021 8:19:50 PM org.hibernate.engine.jdbc.connections.internal.DriverManagerConnectionProviderImpl buildCreator
INFO: HHH000046: Connection properties: {user=root, password=****}
oct 14, 2021 8:19:50 PM org.hibernate.engine.jdbc.connections.internal.DriverManagerConnectionProviderImpl buildCreator
INFO: HHH000006: Autocommit mode: false
oct 14, 2021 8:19:50 PM org.hibernate.engine.jdbc.connections.internal.DriverManagerConnectionProviderImpl configure
INFO: HHH000115: Hibernate connection pool size: 20 (min=1)
oct 14, 2021 8:19:50 PM org.hibernate.dialect.Dialect <init>
INFO: HHH000400: Using dialect: org.hibernate.dialect.MySQLDialect
oct 14, 2021 8:19:50 PM org.hibernate.hql.internal.ast.ASTQueryTranslatorFactory <init>
INFO: HHH000397: Using ASTQueryTranslatorFactory
oct 14, 2021 8:19:50 PM org.hibernate.tool.hbm2ddl.SchemaValidator validate
INFO: HHH000229: Running schema validator
oct 14, 2021 8:19:50 PM org.hibernate.tool.hbm2ddl.SchemaValidator validate
INFO: HHH000102: Fetching database metadata
oct 14, 2021 8:19:50 PM org.hibernate.tool.hbm2ddl.TableMetadata <init>
INFO: HHH000261: Table found: microcosmos.arealaboral
oct 14, 2021 8:19:50 PM org.hibernate.tool.hbm2ddl.TableMetadata <init>
INFO: HHH000037: Columns: [idarealaboral, descripcionarealaboral, nombrearealaboral, activoarealaboral]
oct 14, 2021 8:19:50 PM org.hibernate.tool.hbm2ddl.TableMetadata <init>
INFO: HHH000261: Table found: microcosmos.arealaboralhistorica
oct 14, 2021 8:19:50 PM org.hibernate.tool.hbm2ddl.TableMetadata <init>
INFO: HHH000037: Columns: [idempleados, fechaconclusion, fechacomienzo, idarealaboralhistorica]
oct 14, 2021 8:19:50 PM org.hibernate.tool.hbm2ddl.TableMetadata <init>
INFO: HHH000261: Table found: microcosmos.articulo
oct 14, 2021 8:19:50 PM org.hibernate.tool.hbm2ddl.TableMetadata <init>
INFO: HHH000037: Columns: [idsecciontienda, stockmaximo, activoarticulo, nombrearticulo, stockminimo, precioarticulo, idtalla, stock, descripcionarticulo, idarticulo]
oct 14, 2021 8:19:50 PM org.hibernate.tool.hbm2ddl.TableMetadata <init>
INFO: HHH000261: Table found: microcosmos.clientes
oct 14, 2021 8:19:50 PM org.hibernate.tool.hbm2ddl.TableMetadata <init>
INFO: HHH000037: Columns: [telefonocliente, direccioncliente, idtipodocumento, idsexo, documento, activocliente, idcliente, nombrecliente, apellidocliente, correocliente]
oct 14, 2021 8:19:50 PM org.hibernate.tool.hbm2ddl.TableMetadata <init>
INFO: HHH000261: Table found: microcosmos.compra
oct 14, 2021 8:19:50 PM org.hibernate.tool.hbm2ddl.TableMetadata <init>
INFO: HHH000037: Columns: [idcompra, fechapedido, idproveedor, idempleados, fecharecibido, totalcompra, idestado]
oct 14, 2021 8:19:50 PM org.hibernate.tool.hbm2ddl.TableMetadata <init>
INFO: HHH000261: Table found: microcosmos.detallecompra
oct 14, 2021 8:19:50 PM org.hibernate.tool.hbm2ddl.TableMetadata <init>
INFO: HHH000037: Columns: [idcompra, iddetallecompra, preciocompra, cantidad, idarticulo]
oct 14, 2021 8:19:50 PM org.hibernate.tool.hbm2ddl.TableMetadata <init>
INFO: HHH000261: Table found: microcosmos.detalleventa
oct 14, 2021 8:19:50 PM org.hibernate.tool.hbm2ddl.TableMetadata <init>
INFO: HHH000037: Columns: [idventa, iddetalleventa, cantidad, idarticulo]
oct 14, 2021 8:19:50 PM org.hibernate.tool.hbm2ddl.TableMetadata <init>
INFO: HHH000261: Table found: microcosmos.empleados
oct 14, 2021 8:19:50 PM org.hibernate.tool.hbm2ddl.TableMetadata <init>
INFO: HHH000037: Columns: [idempleados, idarealaboral, idtipodocumento, idsexo, telefonoempleado, documento, nombreempleado, correoempleado, apellidoempleado, fechadenacimiento, activoempleado]
oct 14, 2021 8:19:50 PM org.hibernate.tool.hbm2ddl.TableMetadata <init>
INFO: HHH000261: Table found: microcosmos.entidades
oct 14, 2021 8:19:50 PM org.hibernate.tool.hbm2ddl.TableMetadata <init>
INFO: HHH000037: Columns: [identidad, activoentidad, nombreentidad]
oct 14, 2021 8:19:50 PM org.hibernate.tool.hbm2ddl.TableMetadata <init>
INFO: HHH000261: Table found: microcosmos.estado
oct 14, 2021 8:19:50 PM org.hibernate.tool.hbm2ddl.TableMetadata <init>
INFO: HHH000037: Columns: [nombreestado, activoestado, identidad, descripcionestado, idestado]
oct 14, 2021 8:19:50 PM org.hibernate.tool.hbm2ddl.TableMetadata <init>
INFO: HHH000261: Table found: microcosmos.facturasdevueltas
oct 14, 2021 8:19:50 PM org.hibernate.tool.hbm2ddl.TableMetadata <init>
INFO: HHH000037: Columns: [idventa, descripcion, fechadevolucion, idempleados, idfacturadevuelta]
oct 14, 2021 8:19:50 PM org.hibernate.tool.hbm2ddl.TableMetadata <init>
INFO: HHH000261: Table found: microcosmos.parametros
oct 14, 2021 8:19:50 PM org.hibernate.tool.hbm2ddl.TableMetadata <init>
INFO: HHH000037: Columns: [facturainicial, fechaemision, facturafinal, activoparametros, fechacaducidad, cai, idparametros]
oct 14, 2021 8:19:50 PM org.hibernate.tool.hbm2ddl.TableMetadata <init>
INFO: HHH000261: Table found: microcosmos.pedidosdevueltos
oct 14, 2021 8:19:50 PM org.hibernate.tool.hbm2ddl.TableMetadata <init>
INFO: HHH000037: Columns: [idcompra, descripcion, idempleados, idpedidosdevueltos, fechaanulacion]
oct 14, 2021 8:19:51 PM org.hibernate.tool.hbm2ddl.TableMetadata <init>
INFO: HHH000261: Table found: microcosmos.preciohistorico
oct 14, 2021 8:19:51 PM org.hibernate.tool.hbm2ddl.TableMetadata <init>
INFO: HHH000037: Columns: [precio, idpreciohistorico, fechainicial, fechafinal, idarticulo, activopreciohistorico]
oct 14, 2021 8:19:51 PM org.hibernate.tool.hbm2ddl.TableMetadata <init>
INFO: HHH000261: Table found: microcosmos.proveedores
oct 14, 2021 8:19:51 PM org.hibernate.tool.hbm2ddl.TableMetadata <init>
INFO: HHH000037: Columns: [idproveedor, activoproveedor, idtipodocumento, nombreproveedor, correoproveedor, telefonoproveedor, documento, ubicacionproveedor]
oct 14, 2021 8:19:51 PM org.hibernate.tool.hbm2ddl.TableMetadata <init>
INFO: HHH000261: Table found: microcosmos.secciontienda
oct 14, 2021 8:19:51 PM org.hibernate.tool.hbm2ddl.TableMetadata <init>
INFO: HHH000037: Columns: [idsecciontienda, descripcionsecciontienda, nombresecciontienda, activosecciontienda]
oct 14, 2021 8:19:51 PM org.hibernate.tool.hbm2ddl.TableMetadata <init>
INFO: HHH000261: Table found: microcosmos.sexo
oct 14, 2021 8:19:51 PM org.hibernate.tool.hbm2ddl.TableMetadata <init>
INFO: HHH000037: Columns: [idsexo, nombresexo, descripcionsexo]
oct 14, 2021 8:19:51 PM org.hibernate.tool.hbm2ddl.TableMetadata <init>
INFO: HHH000261: Table found: microcosmos.talla
oct 14, 2021 8:19:51 PM org.hibernate.tool.hbm2ddl.TableMetadata <init>
INFO: HHH000037: Columns: [activotalla, nombretalla, descripciontalla, idtalla]
oct 14, 2021 8:19:51 PM org.hibernate.tool.hbm2ddl.TableMetadata <init>
INFO: HHH000261: Table found: microcosmos.tipodepago
oct 14, 2021 8:19:51 PM org.hibernate.tool.hbm2ddl.TableMetadata <init>
INFO: HHH000037: Columns: [descripciontipodepago, nombretipodepago, idtipodepago, activotipodepago]
oct 14, 2021 8:19:51 PM org.hibernate.tool.hbm2ddl.TableMetadata <init>
INFO: HHH000261: Table found: microcosmos.tipodocumento
oct 14, 2021 8:19:51 PM org.hibernate.tool.hbm2ddl.TableMetadata <init>
INFO: HHH000037: Columns: [nombretipodocumento, descripciontipodocumento, activotipodocumento, idtipodocumento]
oct 14, 2021 8:19:51 PM org.hibernate.tool.hbm2ddl.TableMetadata <init>
INFO: HHH000261: Table found: microcosmos.usuarios
oct 14, 2021 8:19:51 PM org.hibernate.tool.hbm2ddl.TableMetadata <init>
INFO: HHH000037: Columns: [nombreusuario, idempleados, numerodeintentos, activousuario, admin, contrasena, idusuario]
oct 14, 2021 8:19:51 PM org.hibernate.tool.hbm2ddl.TableMetadata <init>
INFO: HHH000261: Table found: microcosmos.venta
oct 14, 2021 8:19:51 PM org.hibernate.tool.hbm2ddl.TableMetadata <init>
INFO: HHH000037: Columns: [numtarjeta, idtipodepago, formato, montoefectivo, idcliente, idestado, idventa, total, idempleados, impuesto, subtotal, montotarjeta, fechaventa, idparametros]
oct 14, 2021 8:19:51 PM org.hibernate.jpa.internal.EntityManagerFactoryRegistry addEntityManagerFactory
WARN: HHH000436: Entity manager factory name (DB) is already registered.  If entity manager will be clustered or passivated, specify a unique value for property 'hibernate.ejb.entitymanager_factory_name'
oct 14, 2021 8:19:51 PM org.hibernate.ejb.HibernatePersistence logDeprecation
WARN: HHH015016: Encountered a deprecated javax.persistence.spi.PersistenceProvider [org.hibernate.ejb.HibernatePersistence]; use [org.hibernate.jpa.HibernatePersistenceProvider] instead.
oct 14, 2021 8:19:51 PM org.hibernate.ejb.HibernatePersistence logDeprecation
WARN: HHH015016: Encountered a deprecated javax.persistence.spi.PersistenceProvider [org.hibernate.ejb.HibernatePersistence]; use [org.hibernate.jpa.HibernatePersistenceProvider] instead.
oct 14, 2021 8:19:51 PM org.hibernate.ejb.HibernatePersistence logDeprecation
WARN: HHH015016: Encountered a deprecated javax.persistence.spi.PersistenceProvider [org.hibernate.ejb.HibernatePersistence]; use [org.hibernate.jpa.HibernatePersistenceProvider] instead.
oct 14, 2021 8:19:51 PM org.hibernate.jpa.internal.util.LogHelper logPersistenceUnitInformation
INFO: HHH000204: Processing PersistenceUnitInfo [
	name: DB
	...]
oct 14, 2021 8:19:51 PM org.hibernate.engine.jdbc.connections.internal.DriverManagerConnectionProviderImpl configure
WARN: HHH000402: Using Hibernate built-in connection pool (not for production use!)
oct 14, 2021 8:19:51 PM org.hibernate.engine.jdbc.connections.internal.DriverManagerConnectionProviderImpl buildCreator
INFO: HHH000401: using driver [com.mysql.jdbc.Driver] at URL [jdbc:mysql://localhost:3306/Microcosmos?zeroDateTimeBehavior=convertToNull]
oct 14, 2021 8:19:51 PM org.hibernate.engine.jdbc.connections.internal.DriverManagerConnectionProviderImpl buildCreator
INFO: HHH000046: Connection properties: {user=root, password=****}
oct 14, 2021 8:19:51 PM org.hibernate.engine.jdbc.connections.internal.DriverManagerConnectionProviderImpl buildCreator
INFO: HHH000006: Autocommit mode: false
oct 14, 2021 8:19:51 PM org.hibernate.engine.jdbc.connections.internal.DriverManagerConnectionProviderImpl configure
INFO: HHH000115: Hibernate connection pool size: 20 (min=1)
oct 14, 2021 8:19:51 PM org.hibernate.dialect.Dialect <init>
INFO: HHH000400: Using dialect: org.hibernate.dialect.MySQLDialect
oct 14, 2021 8:19:51 PM org.hibernate.hql.internal.ast.ASTQueryTranslatorFactory <init>
INFO: HHH000397: Using ASTQueryTranslatorFactory
oct 14, 2021 8:19:51 PM org.hibernate.tool.hbm2ddl.SchemaValidator validate
INFO: HHH000229: Running schema validator
oct 14, 2021 8:19:51 PM org.hibernate.tool.hbm2ddl.SchemaValidator validate
INFO: HHH000102: Fetching database metadata
oct 14, 2021 8:19:51 PM org.hibernate.tool.hbm2ddl.TableMetadata <init>
INFO: HHH000261: Table found: microcosmos.arealaboral
oct 14, 2021 8:19:51 PM org.hibernate.tool.hbm2ddl.TableMetadata <init>
INFO: HHH000037: Columns: [idarealaboral, descripcionarealaboral, nombrearealaboral, activoarealaboral]
oct 14, 2021 8:19:51 PM org.hibernate.tool.hbm2ddl.TableMetadata <init>
INFO: HHH000261: Table found: microcosmos.arealaboralhistorica
oct 14, 2021 8:19:51 PM org.hibernate.tool.hbm2ddl.TableMetadata <init>
INFO: HHH000037: Columns: [idempleados, fechaconclusion, fechacomienzo, idarealaboralhistorica]
oct 14, 2021 8:19:51 PM org.hibernate.tool.hbm2ddl.TableMetadata <init>
INFO: HHH000261: Table found: microcosmos.articulo
oct 14, 2021 8:19:51 PM org.hibernate.tool.hbm2ddl.TableMetadata <init>
INFO: HHH000037: Columns: [idsecciontienda, stockmaximo, activoarticulo, nombrearticulo, stockminimo, precioarticulo, idtalla, stock, descripcionarticulo, idarticulo]
oct 14, 2021 8:19:51 PM org.hibernate.tool.hbm2ddl.TableMetadata <init>
INFO: HHH000261: Table found: microcosmos.clientes
oct 14, 2021 8:19:51 PM org.hibernate.tool.hbm2ddl.TableMetadata <init>
INFO: HHH000037: Columns: [telefonocliente, direccioncliente, idtipodocumento, idsexo, documento, activocliente, idcliente, nombrecliente, apellidocliente, correocliente]
oct 14, 2021 8:19:51 PM org.hibernate.tool.hbm2ddl.TableMetadata <init>
INFO: HHH000261: Table found: microcosmos.compra
oct 14, 2021 8:19:51 PM org.hibernate.tool.hbm2ddl.TableMetadata <init>
INFO: HHH000037: Columns: [idcompra, fechapedido, idproveedor, idempleados, fecharecibido, totalcompra, idestado]
oct 14, 2021 8:19:51 PM org.hibernate.tool.hbm2ddl.TableMetadata <init>
INFO: HHH000261: Table found: microcosmos.detallecompra
oct 14, 2021 8:19:51 PM org.hibernate.tool.hbm2ddl.TableMetadata <init>
INFO: HHH000037: Columns: [idcompra, iddetallecompra, preciocompra, cantidad, idarticulo]
oct 14, 2021 8:19:51 PM org.hibernate.tool.hbm2ddl.TableMetadata <init>
INFO: HHH000261: Table found: microcosmos.detalleventa
oct 14, 2021 8:19:51 PM org.hibernate.tool.hbm2ddl.TableMetadata <init>
INFO: HHH000037: Columns: [idventa, iddetalleventa, cantidad, idarticulo]
oct 14, 2021 8:19:51 PM org.hibernate.tool.hbm2ddl.TableMetadata <init>
INFO: HHH000261: Table found: microcosmos.empleados
oct 14, 2021 8:19:51 PM org.hibernate.tool.hbm2ddl.TableMetadata <init>
INFO: HHH000037: Columns: [idempleados, idarealaboral, idtipodocumento, idsexo, telefonoempleado, documento, nombreempleado, correoempleado, apellidoempleado, fechadenacimiento, activoempleado]
oct 14, 2021 8:19:51 PM org.hibernate.tool.hbm2ddl.TableMetadata <init>
INFO: HHH000261: Table found: microcosmos.entidades
oct 14, 2021 8:19:51 PM org.hibernate.tool.hbm2ddl.TableMetadata <init>
INFO: HHH000037: Columns: [identidad, activoentidad, nombreentidad]
oct 14, 2021 8:19:51 PM org.hibernate.tool.hbm2ddl.TableMetadata <init>
INFO: HHH000261: Table found: microcosmos.estado
oct 14, 2021 8:19:51 PM org.hibernate.tool.hbm2ddl.TableMetadata <init>
INFO: HHH000037: Columns: [nombreestado, activoestado, identidad, descripcionestado, idestado]
oct 14, 2021 8:19:51 PM org.hibernate.tool.hbm2ddl.TableMetadata <init>
INFO: HHH000261: Table found: microcosmos.facturasdevueltas
oct 14, 2021 8:19:51 PM org.hibernate.tool.hbm2ddl.TableMetadata <init>
INFO: HHH000037: Columns: [idventa, descripcion, fechadevolucion, idempleados, idfacturadevuelta]
oct 14, 2021 8:19:51 PM org.hibernate.tool.hbm2ddl.TableMetadata <init>
INFO: HHH000261: Table found: microcosmos.parametros
oct 14, 2021 8:19:51 PM org.hibernate.tool.hbm2ddl.TableMetadata <init>
INFO: HHH000037: Columns: [facturainicial, fechaemision, facturafinal, activoparametros, fechacaducidad, cai, idparametros]
oct 14, 2021 8:19:51 PM org.hibernate.tool.hbm2ddl.TableMetadata <init>
INFO: HHH000261: Table found: microcosmos.pedidosdevueltos
oct 14, 2021 8:19:51 PM org.hibernate.tool.hbm2ddl.TableMetadata <init>
INFO: HHH000037: Columns: [idcompra, descripcion, idempleados, idpedidosdevueltos, fechaanulacion]
oct 14, 2021 8:19:51 PM org.hibernate.tool.hbm2ddl.TableMetadata <init>
INFO: HHH000261: Table found: microcosmos.preciohistorico
oct 14, 2021 8:19:51 PM org.hibernate.tool.hbm2ddl.TableMetadata <init>
INFO: HHH000037: Columns: [precio, idpreciohistorico, fechainicial, fechafinal, idarticulo, activopreciohistorico]
oct 14, 2021 8:19:51 PM org.hibernate.tool.hbm2ddl.TableMetadata <init>
INFO: HHH000261: Table found: microcosmos.proveedores
oct 14, 2021 8:19:51 PM org.hibernate.tool.hbm2ddl.TableMetadata <init>
INFO: HHH000037: Columns: [idproveedor, activoproveedor, idtipodocumento, nombreproveedor, correoproveedor, telefonoproveedor, documento, ubicacionproveedor]
oct 14, 2021 8:19:51 PM org.hibernate.tool.hbm2ddl.TableMetadata <init>
INFO: HHH000261: Table found: microcosmos.secciontienda
oct 14, 2021 8:19:51 PM org.hibernate.tool.hbm2ddl.TableMetadata <init>
INFO: HHH000037: Columns: [idsecciontienda, descripcionsecciontienda, nombresecciontienda, activosecciontienda]
oct 14, 2021 8:19:51 PM org.hibernate.tool.hbm2ddl.TableMetadata <init>
INFO: HHH000261: Table found: microcosmos.sexo
oct 14, 2021 8:19:51 PM org.hibernate.tool.hbm2ddl.TableMetadata <init>
INFO: HHH000037: Columns: [idsexo, nombresexo, descripcionsexo]
oct 14, 2021 8:19:51 PM org.hibernate.tool.hbm2ddl.TableMetadata <init>
INFO: HHH000261: Table found: microcosmos.talla
oct 14, 2021 8:19:51 PM org.hibernate.tool.hbm2ddl.TableMetadata <init>
INFO: HHH000037: Columns: [activotalla, nombretalla, descripciontalla, idtalla]
oct 14, 2021 8:19:51 PM org.hibernate.tool.hbm2ddl.TableMetadata <init>
INFO: HHH000261: Table found: microcosmos.tipodepago
oct 14, 2021 8:19:51 PM org.hibernate.tool.hbm2ddl.TableMetadata <init>
INFO: HHH000037: Columns: [descripciontipodepago, nombretipodepago, idtipodepago, activotipodepago]
oct 14, 2021 8:19:51 PM org.hibernate.tool.hbm2ddl.TableMetadata <init>
INFO: HHH000261: Table found: microcosmos.tipodocumento
oct 14, 2021 8:19:51 PM org.hibernate.tool.hbm2ddl.TableMetadata <init>
INFO: HHH000037: Columns: [nombretipodocumento, descripciontipodocumento, activotipodocumento, idtipodocumento]
oct 14, 2021 8:19:51 PM org.hibernate.tool.hbm2ddl.TableMetadata <init>
INFO: HHH000261: Table found: microcosmos.usuarios
oct 14, 2021 8:19:51 PM org.hibernate.tool.hbm2ddl.TableMetadata <init>
INFO: HHH000037: Columns: [nombreusuario, idempleados, numerodeintentos, activousuario, admin, contrasena, idusuario]
oct 14, 2021 8:19:51 PM org.hibernate.tool.hbm2ddl.TableMetadata <init>
INFO: HHH000261: Table found: microcosmos.venta
oct 14, 2021 8:19:51 PM org.hibernate.tool.hbm2ddl.TableMetadata <init>
INFO: HHH000037: Columns: [numtarjeta, idtipodepago, formato, montoefectivo, idcliente, idestado, idventa, total, idempleados, impuesto, subtotal, montotarjeta, fechaventa, idparametros]
oct 14, 2021 8:19:51 PM org.hibernate.jpa.internal.EntityManagerFactoryRegistry addEntityManagerFactory
WARN: HHH000436: Entity manager factory name (DB) is already registered.  If entity manager will be clustered or passivated, specify a unique value for property 'hibernate.ejb.entitymanager_factory_name'
oct 14, 2021 8:19:51 PM org.hibernate.ejb.HibernatePersistence logDeprecation
WARN: HHH015016: Encountered a deprecated javax.persistence.spi.PersistenceProvider [org.hibernate.ejb.HibernatePersistence]; use [org.hibernate.jpa.HibernatePersistenceProvider] instead.
oct 14, 2021 8:19:51 PM org.hibernate.ejb.HibernatePersistence logDeprecation
WARN: HHH015016: Encountered a deprecated javax.persistence.spi.PersistenceProvider [org.hibernate.ejb.HibernatePersistence]; use [org.hibernate.jpa.HibernatePersistenceProvider] instead.
oct 14, 2021 8:19:51 PM org.hibernate.ejb.HibernatePersistence logDeprecation
WARN: HHH015016: Encountered a deprecated javax.persistence.spi.PersistenceProvider [org.hibernate.ejb.HibernatePersistence]; use [org.hibernate.jpa.HibernatePersistenceProvider] instead.
oct 14, 2021 8:19:51 PM org.hibernate.jpa.internal.util.LogHelper logPersistenceUnitInformation
INFO: HHH000204: Processing PersistenceUnitInfo [
	name: DB
	...]
oct 14, 2021 8:19:51 PM org.hibernate.engine.jdbc.connections.internal.DriverManagerConnectionProviderImpl configure
WARN: HHH000402: Using Hibernate built-in connection pool (not for production use!)
oct 14, 2021 8:19:51 PM org.hibernate.engine.jdbc.connections.internal.DriverManagerConnectionProviderImpl buildCreator
INFO: HHH000401: using driver [com.mysql.jdbc.Driver] at URL [jdbc:mysql://localhost:3306/Microcosmos?zeroDateTimeBehavior=convertToNull]
oct 14, 2021 8:19:51 PM org.hibernate.engine.jdbc.connections.internal.DriverManagerConnectionProviderImpl buildCreator
INFO: HHH000046: Connection properties: {user=root, password=****}
oct 14, 2021 8:19:51 PM org.hibernate.engine.jdbc.connections.internal.DriverManagerConnectionProviderImpl buildCreator
INFO: HHH000006: Autocommit mode: false
oct 14, 2021 8:19:51 PM org.hibernate.engine.jdbc.connections.internal.DriverManagerConnectionProviderImpl configure
INFO: HHH000115: Hibernate connection pool size: 20 (min=1)
oct 14, 2021 8:19:51 PM org.hibernate.dialect.Dialect <init>
INFO: HHH000400: Using dialect: org.hibernate.dialect.MySQLDialect
oct 14, 2021 8:19:51 PM org.hibernate.hql.internal.ast.ASTQueryTranslatorFactory <init>
INFO: HHH000397: Using ASTQueryTranslatorFactory
oct 14, 2021 8:19:51 PM org.hibernate.tool.hbm2ddl.SchemaValidator validate
INFO: HHH000229: Running schema validator
oct 14, 2021 8:19:51 PM org.hibernate.tool.hbm2ddl.SchemaValidator validate
INFO: HHH000102: Fetching database metadata
oct 14, 2021 8:19:51 PM org.hibernate.tool.hbm2ddl.TableMetadata <init>
INFO: HHH000261: Table found: microcosmos.arealaboral
oct 14, 2021 8:19:51 PM org.hibernate.tool.hbm2ddl.TableMetadata <init>
INFO: HHH000037: Columns: [idarealaboral, descripcionarealaboral, nombrearealaboral, activoarealaboral]
oct 14, 2021 8:19:51 PM org.hibernate.tool.hbm2ddl.TableMetadata <init>
INFO: HHH000261: Table found: microcosmos.arealaboralhistorica
oct 14, 2021 8:19:51 PM org.hibernate.tool.hbm2ddl.TableMetadata <init>
INFO: HHH000037: Columns: [idempleados, fechaconclusion, fechacomienzo, idarealaboralhistorica]
oct 14, 2021 8:19:51 PM org.hibernate.tool.hbm2ddl.TableMetadata <init>
INFO: HHH000261: Table found: microcosmos.articulo
oct 14, 2021 8:19:51 PM org.hibernate.tool.hbm2ddl.TableMetadata <init>
INFO: HHH000037: Columns: [idsecciontienda, stockmaximo, activoarticulo, nombrearticulo, stockminimo, precioarticulo, idtalla, stock, descripcionarticulo, idarticulo]
oct 14, 2021 8:19:51 PM org.hibernate.tool.hbm2ddl.TableMetadata <init>
INFO: HHH000261: Table found: microcosmos.clientes
oct 14, 2021 8:19:51 PM org.hibernate.tool.hbm2ddl.TableMetadata <init>
INFO: HHH000037: Columns: [telefonocliente, direccioncliente, idtipodocumento, idsexo, documento, activocliente, idcliente, nombrecliente, apellidocliente, correocliente]
oct 14, 2021 8:19:51 PM org.hibernate.tool.hbm2ddl.TableMetadata <init>
INFO: HHH000261: Table found: microcosmos.compra
oct 14, 2021 8:19:51 PM org.hibernate.tool.hbm2ddl.TableMetadata <init>
INFO: HHH000037: Columns: [idcompra, fechapedido, idproveedor, idempleados, fecharecibido, totalcompra, idestado]
oct 14, 2021 8:19:51 PM org.hibernate.tool.hbm2ddl.TableMetadata <init>
INFO: HHH000261: Table found: microcosmos.detallecompra
oct 14, 2021 8:19:51 PM org.hibernate.tool.hbm2ddl.TableMetadata <init>
INFO: HHH000037: Columns: [idcompra, iddetallecompra, preciocompra, cantidad, idarticulo]
oct 14, 2021 8:19:51 PM org.hibernate.tool.hbm2ddl.TableMetadata <init>
INFO: HHH000261: Table found: microcosmos.detalleventa
oct 14, 2021 8:19:51 PM org.hibernate.tool.hbm2ddl.TableMetadata <init>
INFO: HHH000037: Columns: [idventa, iddetalleventa, cantidad, idarticulo]
oct 14, 2021 8:19:51 PM org.hibernate.tool.hbm2ddl.TableMetadata <init>
INFO: HHH000261: Table found: microcosmos.empleados
oct 14, 2021 8:19:51 PM org.hibernate.tool.hbm2ddl.TableMetadata <init>
INFO: HHH000037: Columns: [idempleados, idarealaboral, idtipodocumento, idsexo, telefonoempleado, documento, nombreempleado, correoempleado, apellidoempleado, fechadenacimiento, activoempleado]
oct 14, 2021 8:19:51 PM org.hibernate.tool.hbm2ddl.TableMetadata <init>
INFO: HHH000261: Table found: microcosmos.entidades
oct 14, 2021 8:19:51 PM org.hibernate.tool.hbm2ddl.TableMetadata <init>
INFO: HHH000037: Columns: [identidad, activoentidad, nombreentidad]
oct 14, 2021 8:19:51 PM org.hibernate.tool.hbm2ddl.TableMetadata <init>
INFO: HHH000261: Table found: microcosmos.estado
oct 14, 2021 8:19:51 PM org.hibernate.tool.hbm2ddl.TableMetadata <init>
INFO: HHH000037: Columns: [nombreestado, activoestado, identidad, descripcionestado, idestado]
oct 14, 2021 8:19:51 PM org.hibernate.tool.hbm2ddl.TableMetadata <init>
INFO: HHH000261: Table found: microcosmos.facturasdevueltas
oct 14, 2021 8:19:51 PM org.hibernate.tool.hbm2ddl.TableMetadata <init>
INFO: HHH000037: Columns: [idventa, descripcion, fechadevolucion, idempleados, idfacturadevuelta]
oct 14, 2021 8:19:51 PM org.hibernate.tool.hbm2ddl.TableMetadata <init>
INFO: HHH000261: Table found: microcosmos.parametros
oct 14, 2021 8:19:51 PM org.hibernate.tool.hbm2ddl.TableMetadata <init>
INFO: HHH000037: Columns: [facturainicial, fechaemision, facturafinal, activoparametros, fechacaducidad, cai, idparametros]
oct 14, 2021 8:19:51 PM org.hibernate.tool.hbm2ddl.TableMetadata <init>
INFO: HHH000261: Table found: microcosmos.pedidosdevueltos
oct 14, 2021 8:19:51 PM org.hibernate.tool.hbm2ddl.TableMetadata <init>
INFO: HHH000037: Columns: [idcompra, descripcion, idempleados, idpedidosdevueltos, fechaanulacion]
oct 14, 2021 8:19:51 PM org.hibernate.tool.hbm2ddl.TableMetadata <init>
INFO: HHH000261: Table found: microcosmos.preciohistorico
oct 14, 2021 8:19:51 PM org.hibernate.tool.hbm2ddl.TableMetadata <init>
INFO: HHH000037: Columns: [precio, idpreciohistorico, fechainicial, fechafinal, idarticulo, activopreciohistorico]
oct 14, 2021 8:19:51 PM org.hibernate.tool.hbm2ddl.TableMetadata <init>
INFO: HHH000261: Table found: microcosmos.proveedores
oct 14, 2021 8:19:51 PM org.hibernate.tool.hbm2ddl.TableMetadata <init>
INFO: HHH000037: Columns: [idproveedor, activoproveedor, idtipodocumento, nombreproveedor, correoproveedor, telefonoproveedor, documento, ubicacionproveedor]
oct 14, 2021 8:19:51 PM org.hibernate.tool.hbm2ddl.TableMetadata <init>
INFO: HHH000261: Table found: microcosmos.secciontienda
oct 14, 2021 8:19:51 PM org.hibernate.tool.hbm2ddl.TableMetadata <init>
INFO: HHH000037: Columns: [idsecciontienda, descripcionsecciontienda, nombresecciontienda, activosecciontienda]
oct 14, 2021 8:19:51 PM org.hibernate.tool.hbm2ddl.TableMetadata <init>
INFO: HHH000261: Table found: microcosmos.sexo
oct 14, 2021 8:19:51 PM org.hibernate.tool.hbm2ddl.TableMetadata <init>
INFO: HHH000037: Columns: [idsexo, nombresexo, descripcionsexo]
oct 14, 2021 8:19:51 PM org.hibernate.tool.hbm2ddl.TableMetadata <init>
INFO: HHH000261: Table found: microcosmos.talla
oct 14, 2021 8:19:51 PM org.hibernate.tool.hbm2ddl.TableMetadata <init>
INFO: HHH000037: Columns: [activotalla, nombretalla, descripciontalla, idtalla]
oct 14, 2021 8:19:51 PM org.hibernate.tool.hbm2ddl.TableMetadata <init>
INFO: HHH000261: Table found: microcosmos.tipodepago
oct 14, 2021 8:19:51 PM org.hibernate.tool.hbm2ddl.TableMetadata <init>
INFO: HHH000037: Columns: [descripciontipodepago, nombretipodepago, idtipodepago, activotipodepago]
oct 14, 2021 8:19:51 PM org.hibernate.tool.hbm2ddl.TableMetadata <init>
INFO: HHH000261: Table found: microcosmos.tipodocumento
oct 14, 2021 8:19:51 PM org.hibernate.tool.hbm2ddl.TableMetadata <init>
INFO: HHH000037: Columns: [nombretipodocumento, descripciontipodocumento, activotipodocumento, idtipodocumento]
oct 14, 2021 8:19:51 PM org.hibernate.tool.hbm2ddl.TableMetadata <init>
INFO: HHH000261: Table found: microcosmos.usuarios
oct 14, 2021 8:19:51 PM org.hibernate.tool.hbm2ddl.TableMetadata <init>
INFO: HHH000037: Columns: [nombreusuario, idempleados, numerodeintentos, activousuario, admin, contrasena, idusuario]
oct 14, 2021 8:19:51 PM org.hibernate.tool.hbm2ddl.TableMetadata <init>
INFO: HHH000261: Table found: microcosmos.venta
oct 14, 2021 8:19:51 PM org.hibernate.tool.hbm2ddl.TableMetadata <init>
INFO: HHH000037: Columns: [numtarjeta, idtipodepago, formato, montoefectivo, idcliente, idestado, idventa, total, idempleados, impuesto, subtotal, montotarjeta, fechaventa, idparametros]
oct 14, 2021 8:19:51 PM org.hibernate.jpa.internal.EntityManagerFactoryRegistry addEntityManagerFactory
WARN: HHH000436: Entity manager factory name (DB) is already registered.  If entity manager will be clustered or passivated, specify a unique value for property 'hibernate.ejb.entitymanager_factory_name'
oct 14, 2021 8:19:51 PM org.hibernate.ejb.HibernatePersistence logDeprecation
WARN: HHH015016: Encountered a deprecated javax.persistence.spi.PersistenceProvider [org.hibernate.ejb.HibernatePersistence]; use [org.hibernate.jpa.HibernatePersistenceProvider] instead.
oct 14, 2021 8:19:51 PM org.hibernate.ejb.HibernatePersistence logDeprecation
WARN: HHH015016: Encountered a deprecated javax.persistence.spi.PersistenceProvider [org.hibernate.ejb.HibernatePersistence]; use [org.hibernate.jpa.HibernatePersistenceProvider] instead.
oct 14, 2021 8:19:51 PM org.hibernate.ejb.HibernatePersistence logDeprecation
WARN: HHH015016: Encountered a deprecated javax.persistence.spi.PersistenceProvider [org.hibernate.ejb.HibernatePersistence]; use [org.hibernate.jpa.HibernatePersistenceProvider] instead.
oct 14, 2021 8:19:51 PM org.hibernate.jpa.internal.util.LogHelper logPersistenceUnitInformation
INFO: HHH000204: Processing PersistenceUnitInfo [
	name: DB
	...]
oct 14, 2021 8:19:51 PM org.hibernate.engine.jdbc.connections.internal.DriverManagerConnectionProviderImpl configure
WARN: HHH000402: Using Hibernate built-in connection pool (not for production use!)
oct 14, 2021 8:19:51 PM org.hibernate.engine.jdbc.connections.internal.DriverManagerConnectionProviderImpl buildCreator
INFO: HHH000401: using driver [com.mysql.jdbc.Driver] at URL [jdbc:mysql://localhost:3306/Microcosmos?zeroDateTimeBehavior=convertToNull]
oct 14, 2021 8:19:51 PM org.hibernate.engine.jdbc.connections.internal.DriverManagerConnectionProviderImpl buildCreator
INFO: HHH000046: Connection properties: {user=root, password=****}
oct 14, 2021 8:19:51 PM org.hibernate.engine.jdbc.connections.internal.DriverManagerConnectionProviderImpl buildCreator
INFO: HHH000006: Autocommit mode: false
oct 14, 2021 8:19:51 PM org.hibernate.engine.jdbc.connections.internal.DriverManagerConnectionProviderImpl configure
INFO: HHH000115: Hibernate connection pool size: 20 (min=1)
oct 14, 2021 8:19:51 PM org.hibernate.dialect.Dialect <init>
INFO: HHH000400: Using dialect: org.hibernate.dialect.MySQLDialect
oct 14, 2021 8:19:51 PM org.hibernate.hql.internal.ast.ASTQueryTranslatorFactory <init>
INFO: HHH000397: Using ASTQueryTranslatorFactory
oct 14, 2021 8:19:51 PM org.hibernate.tool.hbm2ddl.SchemaValidator validate
INFO: HHH000229: Running schema validator
oct 14, 2021 8:19:51 PM org.hibernate.tool.hbm2ddl.SchemaValidator validate
INFO: HHH000102: Fetching database metadata
oct 14, 2021 8:19:51 PM org.hibernate.tool.hbm2ddl.TableMetadata <init>
INFO: HHH000261: Table found: microcosmos.arealaboral
oct 14, 2021 8:19:51 PM org.hibernate.tool.hbm2ddl.TableMetadata <init>
INFO: HHH000037: Columns: [idarealaboral, descripcionarealaboral, nombrearealaboral, activoarealaboral]
oct 14, 2021 8:19:51 PM org.hibernate.tool.hbm2ddl.TableMetadata <init>
INFO: HHH000261: Table found: microcosmos.arealaboralhistorica
oct 14, 2021 8:19:51 PM org.hibernate.tool.hbm2ddl.TableMetadata <init>
INFO: HHH000037: Columns: [idempleados, fechaconclusion, fechacomienzo, idarealaboralhistorica]
oct 14, 2021 8:19:51 PM org.hibernate.tool.hbm2ddl.TableMetadata <init>
INFO: HHH000261: Table found: microcosmos.articulo
oct 14, 2021 8:19:51 PM org.hibernate.tool.hbm2ddl.TableMetadata <init>
INFO: HHH000037: Columns: [idsecciontienda, stockmaximo, activoarticulo, nombrearticulo, stockminimo, precioarticulo, idtalla, stock, descripcionarticulo, idarticulo]
oct 14, 2021 8:19:51 PM org.hibernate.tool.hbm2ddl.TableMetadata <init>
INFO: HHH000261: Table found: microcosmos.clientes
oct 14, 2021 8:19:51 PM org.hibernate.tool.hbm2ddl.TableMetadata <init>
INFO: HHH000037: Columns: [telefonocliente, direccioncliente, idtipodocumento, idsexo, documento, activocliente, idcliente, nombrecliente, apellidocliente, correocliente]
oct 14, 2021 8:19:51 PM org.hibernate.tool.hbm2ddl.TableMetadata <init>
INFO: HHH000261: Table found: microcosmos.compra
oct 14, 2021 8:19:51 PM org.hibernate.tool.hbm2ddl.TableMetadata <init>
INFO: HHH000037: Columns: [idcompra, fechapedido, idproveedor, idempleados, fecharecibido, totalcompra, idestado]
oct 14, 2021 8:19:51 PM org.hibernate.tool.hbm2ddl.TableMetadata <init>
INFO: HHH000261: Table found: microcosmos.detallecompra
oct 14, 2021 8:19:51 PM org.hibernate.tool.hbm2ddl.TableMetadata <init>
INFO: HHH000037: Columns: [idcompra, iddetallecompra, preciocompra, cantidad, idarticulo]
oct 14, 2021 8:19:51 PM org.hibernate.tool.hbm2ddl.TableMetadata <init>
INFO: HHH000261: Table found: microcosmos.detalleventa
oct 14, 2021 8:19:51 PM org.hibernate.tool.hbm2ddl.TableMetadata <init>
INFO: HHH000037: Columns: [idventa, iddetalleventa, cantidad, idarticulo]
oct 14, 2021 8:19:51 PM org.hibernate.tool.hbm2ddl.TableMetadata <init>
INFO: HHH000261: Table found: microcosmos.empleados
oct 14, 2021 8:19:51 PM org.hibernate.tool.hbm2ddl.TableMetadata <init>
INFO: HHH000037: Columns: [idempleados, idarealaboral, idtipodocumento, idsexo, telefonoempleado, documento, nombreempleado, correoempleado, apellidoempleado, fechadenacimiento, activoempleado]
oct 14, 2021 8:19:51 PM org.hibernate.tool.hbm2ddl.TableMetadata <init>
INFO: HHH000261: Table found: microcosmos.entidades
oct 14, 2021 8:19:51 PM org.hibernate.tool.hbm2ddl.TableMetadata <init>
INFO: HHH000037: Columns: [identidad, activoentidad, nombreentidad]
oct 14, 2021 8:19:51 PM org.hibernate.tool.hbm2ddl.TableMetadata <init>
INFO: HHH000261: Table found: microcosmos.estado
oct 14, 2021 8:19:51 PM org.hibernate.tool.hbm2ddl.TableMetadata <init>
INFO: HHH000037: Columns: [nombreestado, activoestado, identidad, descripcionestado, idestado]
oct 14, 2021 8:19:51 PM org.hibernate.tool.hbm2ddl.TableMetadata <init>
INFO: HHH000261: Table found: microcosmos.facturasdevueltas
oct 14, 2021 8:19:51 PM org.hibernate.tool.hbm2ddl.TableMetadata <init>
INFO: HHH000037: Columns: [idventa, descripcion, fechadevolucion, idempleados, idfacturadevuelta]
oct 14, 2021 8:19:51 PM org.hibernate.tool.hbm2ddl.TableMetadata <init>
INFO: HHH000261: Table found: microcosmos.parametros
oct 14, 2021 8:19:51 PM org.hibernate.tool.hbm2ddl.TableMetadata <init>
INFO: HHH000037: Columns: [facturainicial, fechaemision, facturafinal, activoparametros, fechacaducidad, cai, idparametros]
oct 14, 2021 8:19:51 PM org.hibernate.tool.hbm2ddl.TableMetadata <init>
INFO: HHH000261: Table found: microcosmos.pedidosdevueltos
oct 14, 2021 8:19:51 PM org.hibernate.tool.hbm2ddl.TableMetadata <init>
INFO: HHH000037: Columns: [idcompra, descripcion, idempleados, idpedidosdevueltos, fechaanulacion]
oct 14, 2021 8:19:51 PM org.hibernate.tool.hbm2ddl.TableMetadata <init>
INFO: HHH000261: Table found: microcosmos.preciohistorico
oct 14, 2021 8:19:51 PM org.hibernate.tool.hbm2ddl.TableMetadata <init>
INFO: HHH000037: Columns: [precio, idpreciohistorico, fechainicial, fechafinal, idarticulo, activopreciohistorico]
oct 14, 2021 8:19:51 PM org.hibernate.tool.hbm2ddl.TableMetadata <init>
INFO: HHH000261: Table found: microcosmos.proveedores
oct 14, 2021 8:19:51 PM org.hibernate.tool.hbm2ddl.TableMetadata <init>
INFO: HHH000037: Columns: [idproveedor, activoproveedor, idtipodocumento, nombreproveedor, correoproveedor, telefonoproveedor, documento, ubicacionproveedor]
oct 14, 2021 8:19:51 PM org.hibernate.tool.hbm2ddl.TableMetadata <init>
INFO: HHH000261: Table found: microcosmos.secciontienda
oct 14, 2021 8:19:51 PM org.hibernate.tool.hbm2ddl.TableMetadata <init>
INFO: HHH000037: Columns: [idsecciontienda, descripcionsecciontienda, nombresecciontienda, activosecciontienda]
oct 14, 2021 8:19:51 PM org.hibernate.tool.hbm2ddl.TableMetadata <init>
INFO: HHH000261: Table found: microcosmos.sexo
oct 14, 2021 8:19:51 PM org.hibernate.tool.hbm2ddl.TableMetadata <init>
INFO: HHH000037: Columns: [idsexo, nombresexo, descripcionsexo]
oct 14, 2021 8:19:51 PM org.hibernate.tool.hbm2ddl.TableMetadata <init>
INFO: HHH000261: Table found: microcosmos.talla
oct 14, 2021 8:19:51 PM org.hibernate.tool.hbm2ddl.TableMetadata <init>
INFO: HHH000037: Columns: [activotalla, nombretalla, descripciontalla, idtalla]
oct 14, 2021 8:19:51 PM org.hibernate.tool.hbm2ddl.TableMetadata <init>
INFO: HHH000261: Table found: microcosmos.tipodepago
oct 14, 2021 8:19:51 PM org.hibernate.tool.hbm2ddl.TableMetadata <init>
INFO: HHH000037: Columns: [descripciontipodepago, nombretipodepago, idtipodepago, activotipodepago]
oct 14, 2021 8:19:51 PM org.hibernate.tool.hbm2ddl.TableMetadata <init>
INFO: HHH000261: Table found: microcosmos.tipodocumento
oct 14, 2021 8:19:51 PM org.hibernate.tool.hbm2ddl.TableMetadata <init>
INFO: HHH000037: Columns: [nombretipodocumento, descripciontipodocumento, activotipodocumento, idtipodocumento]
oct 14, 2021 8:19:51 PM org.hibernate.tool.hbm2ddl.TableMetadata <init>
INFO: HHH000261: Table found: microcosmos.usuarios
oct 14, 2021 8:19:51 PM org.hibernate.tool.hbm2ddl.TableMetadata <init>
INFO: HHH000037: Columns: [nombreusuario, idempleados, numerodeintentos, activousuario, admin, contrasena, idusuario]
oct 14, 2021 8:19:51 PM org.hibernate.tool.hbm2ddl.TableMetadata <init>
INFO: HHH000261: Table found: microcosmos.venta
oct 14, 2021 8:19:51 PM org.hibernate.tool.hbm2ddl.TableMetadata <init>
INFO: HHH000037: Columns: [numtarjeta, idtipodepago, formato, montoefectivo, idcliente, idestado, idventa, total, idempleados, impuesto, subtotal, montotarjeta, fechaventa, idparametros]
oct 14, 2021 8:19:51 PM org.hibernate.jpa.internal.EntityManagerFactoryRegistry addEntityManagerFactory
WARN: HHH000436: Entity manager factory name (DB) is already registered.  If entity manager will be clustered or passivated, specify a unique value for property 'hibernate.ejb.entitymanager_factory_name'
oct 14, 2021 8:19:51 PM org.hibernate.ejb.HibernatePersistence logDeprecation
WARN: HHH015016: Encountered a deprecated javax.persistence.spi.PersistenceProvider [org.hibernate.ejb.HibernatePersistence]; use [org.hibernate.jpa.HibernatePersistenceProvider] instead.
oct 14, 2021 8:19:51 PM org.hibernate.ejb.HibernatePersistence logDeprecation
WARN: HHH015016: Encountered a deprecated javax.persistence.spi.PersistenceProvider [org.hibernate.ejb.HibernatePersistence]; use [org.hibernate.jpa.HibernatePersistenceProvider] instead.
oct 14, 2021 8:19:51 PM org.hibernate.ejb.HibernatePersistence logDeprecation
WARN: HHH015016: Encountered a deprecated javax.persistence.spi.PersistenceProvider [org.hibernate.ejb.HibernatePersistence]; use [org.hibernate.jpa.HibernatePersistenceProvider] instead.
oct 14, 2021 8:19:51 PM org.hibernate.jpa.internal.util.LogHelper logPersistenceUnitInformation
INFO: HHH000204: Processing PersistenceUnitInfo [
	name: DB
	...]
oct 14, 2021 8:19:51 PM org.hibernate.engine.jdbc.connections.internal.DriverManagerConnectionProviderImpl configure
WARN: HHH000402: Using Hibernate built-in connection pool (not for production use!)
oct 14, 2021 8:19:51 PM org.hibernate.engine.jdbc.connections.internal.DriverManagerConnectionProviderImpl buildCreator
INFO: HHH000401: using driver [com.mysql.jdbc.Driver] at URL [jdbc:mysql://localhost:3306/Microcosmos?zeroDateTimeBehavior=convertToNull]
oct 14, 2021 8:19:51 PM org.hibernate.engine.jdbc.connections.internal.DriverManagerConnectionProviderImpl buildCreator
INFO: HHH000046: Connection properties: {user=root, password=****}
oct 14, 2021 8:19:51 PM org.hibernate.engine.jdbc.connections.internal.DriverManagerConnectionProviderImpl buildCreator
INFO: HHH000006: Autocommit mode: false
oct 14, 2021 8:19:51 PM org.hibernate.engine.jdbc.connections.internal.DriverManagerConnectionProviderImpl configure
INFO: HHH000115: Hibernate connection pool size: 20 (min=1)
oct 14, 2021 8:19:51 PM org.hibernate.dialect.Dialect <init>
INFO: HHH000400: Using dialect: org.hibernate.dialect.MySQLDialect
oct 14, 2021 8:19:51 PM org.hibernate.hql.internal.ast.ASTQueryTranslatorFactory <init>
INFO: HHH000397: Using ASTQueryTranslatorFactory
oct 14, 2021 8:19:51 PM org.hibernate.tool.hbm2ddl.SchemaValidator validate
INFO: HHH000229: Running schema validator
oct 14, 2021 8:19:51 PM org.hibernate.tool.hbm2ddl.SchemaValidator validate
INFO: HHH000102: Fetching database metadata
oct 14, 2021 8:19:51 PM org.hibernate.tool.hbm2ddl.TableMetadata <init>
INFO: HHH000261: Table found: microcosmos.arealaboral
oct 14, 2021 8:19:51 PM org.hibernate.tool.hbm2ddl.TableMetadata <init>
INFO: HHH000037: Columns: [idarealaboral, descripcionarealaboral, nombrearealaboral, activoarealaboral]
oct 14, 2021 8:19:51 PM org.hibernate.tool.hbm2ddl.TableMetadata <init>
INFO: HHH000261: Table found: microcosmos.arealaboralhistorica
oct 14, 2021 8:19:51 PM org.hibernate.tool.hbm2ddl.TableMetadata <init>
INFO: HHH000037: Columns: [idempleados, fechaconclusion, fechacomienzo, idarealaboralhistorica]
oct 14, 2021 8:19:51 PM org.hibernate.tool.hbm2ddl.TableMetadata <init>
INFO: HHH000261: Table found: microcosmos.articulo
oct 14, 2021 8:19:51 PM org.hibernate.tool.hbm2ddl.TableMetadata <init>
INFO: HHH000037: Columns: [idsecciontienda, stockmaximo, activoarticulo, nombrearticulo, stockminimo, precioarticulo, idtalla, stock, descripcionarticulo, idarticulo]
oct 14, 2021 8:19:51 PM org.hibernate.tool.hbm2ddl.TableMetadata <init>
INFO: HHH000261: Table found: microcosmos.clientes
oct 14, 2021 8:19:51 PM org.hibernate.tool.hbm2ddl.TableMetadata <init>
INFO: HHH000037: Columns: [telefonocliente, direccioncliente, idtipodocumento, idsexo, documento, activocliente, idcliente, nombrecliente, apellidocliente, correocliente]
oct 14, 2021 8:19:51 PM org.hibernate.tool.hbm2ddl.TableMetadata <init>
INFO: HHH000261: Table found: microcosmos.compra
oct 14, 2021 8:19:51 PM org.hibernate.tool.hbm2ddl.TableMetadata <init>
INFO: HHH000037: Columns: [idcompra, fechapedido, idproveedor, idempleados, fecharecibido, totalcompra, idestado]
oct 14, 2021 8:19:51 PM org.hibernate.tool.hbm2ddl.TableMetadata <init>
INFO: HHH000261: Table found: microcosmos.detallecompra
oct 14, 2021 8:19:51 PM org.hibernate.tool.hbm2ddl.TableMetadata <init>
INFO: HHH000037: Columns: [idcompra, iddetallecompra, preciocompra, cantidad, idarticulo]
oct 14, 2021 8:19:51 PM org.hibernate.tool.hbm2ddl.TableMetadata <init>
INFO: HHH000261: Table found: microcosmos.detalleventa
oct 14, 2021 8:19:51 PM org.hibernate.tool.hbm2ddl.TableMetadata <init>
INFO: HHH000037: Columns: [idventa, iddetalleventa, cantidad, idarticulo]
oct 14, 2021 8:19:51 PM org.hibernate.tool.hbm2ddl.TableMetadata <init>
INFO: HHH000261: Table found: microcosmos.empleados
oct 14, 2021 8:19:51 PM org.hibernate.tool.hbm2ddl.TableMetadata <init>
INFO: HHH000037: Columns: [idempleados, idarealaboral, idtipodocumento, idsexo, telefonoempleado, documento, nombreempleado, correoempleado, apellidoempleado, fechadenacimiento, activoempleado]
oct 14, 2021 8:19:51 PM org.hibernate.tool.hbm2ddl.TableMetadata <init>
INFO: HHH000261: Table found: microcosmos.entidades
oct 14, 2021 8:19:51 PM org.hibernate.tool.hbm2ddl.TableMetadata <init>
INFO: HHH000037: Columns: [identidad, activoentidad, nombreentidad]
oct 14, 2021 8:19:51 PM org.hibernate.tool.hbm2ddl.TableMetadata <init>
INFO: HHH000261: Table found: microcosmos.estado
oct 14, 2021 8:19:51 PM org.hibernate.tool.hbm2ddl.TableMetadata <init>
INFO: HHH000037: Columns: [nombreestado, activoestado, identidad, descripcionestado, idestado]
oct 14, 2021 8:19:51 PM org.hibernate.tool.hbm2ddl.TableMetadata <init>
INFO: HHH000261: Table found: microcosmos.facturasdevueltas
oct 14, 2021 8:19:51 PM org.hibernate.tool.hbm2ddl.TableMetadata <init>
INFO: HHH000037: Columns: [idventa, descripcion, fechadevolucion, idempleados, idfacturadevuelta]
oct 14, 2021 8:19:51 PM org.hibernate.tool.hbm2ddl.TableMetadata <init>
INFO: HHH000261: Table found: microcosmos.parametros
oct 14, 2021 8:19:51 PM org.hibernate.tool.hbm2ddl.TableMetadata <init>
INFO: HHH000037: Columns: [facturainicial, fechaemision, facturafinal, activoparametros, fechacaducidad, cai, idparametros]
oct 14, 2021 8:19:51 PM org.hibernate.tool.hbm2ddl.TableMetadata <init>
INFO: HHH000261: Table found: microcosmos.pedidosdevueltos
oct 14, 2021 8:19:51 PM org.hibernate.tool.hbm2ddl.TableMetadata <init>
INFO: HHH000037: Columns: [idcompra, descripcion, idempleados, idpedidosdevueltos, fechaanulacion]
oct 14, 2021 8:19:51 PM org.hibernate.tool.hbm2ddl.TableMetadata <init>
INFO: HHH000261: Table found: microcosmos.preciohistorico
oct 14, 2021 8:19:51 PM org.hibernate.tool.hbm2ddl.TableMetadata <init>
INFO: HHH000037: Columns: [precio, idpreciohistorico, fechainicial, fechafinal, idarticulo, activopreciohistorico]
oct 14, 2021 8:19:51 PM org.hibernate.tool.hbm2ddl.TableMetadata <init>
INFO: HHH000261: Table found: microcosmos.proveedores
oct 14, 2021 8:19:51 PM org.hibernate.tool.hbm2ddl.TableMetadata <init>
INFO: HHH000037: Columns: [idproveedor, activoproveedor, idtipodocumento, nombreproveedor, correoproveedor, telefonoproveedor, documento, ubicacionproveedor]
oct 14, 2021 8:19:51 PM org.hibernate.tool.hbm2ddl.TableMetadata <init>
INFO: HHH000261: Table found: microcosmos.secciontienda
oct 14, 2021 8:19:51 PM org.hibernate.tool.hbm2ddl.TableMetadata <init>
INFO: HHH000037: Columns: [idsecciontienda, descripcionsecciontienda, nombresecciontienda, activosecciontienda]
oct 14, 2021 8:19:51 PM org.hibernate.tool.hbm2ddl.TableMetadata <init>
INFO: HHH000261: Table found: microcosmos.sexo
oct 14, 2021 8:19:51 PM org.hibernate.tool.hbm2ddl.TableMetadata <init>
INFO: HHH000037: Columns: [idsexo, nombresexo, descripcionsexo]
oct 14, 2021 8:19:51 PM org.hibernate.tool.hbm2ddl.TableMetadata <init>
INFO: HHH000261: Table found: microcosmos.talla
oct 14, 2021 8:19:51 PM org.hibernate.tool.hbm2ddl.TableMetadata <init>
INFO: HHH000037: Columns: [activotalla, nombretalla, descripciontalla, idtalla]
oct 14, 2021 8:19:51 PM org.hibernate.tool.hbm2ddl.TableMetadata <init>
INFO: HHH000261: Table found: microcosmos.tipodepago
oct 14, 2021 8:19:51 PM org.hibernate.tool.hbm2ddl.TableMetadata <init>
INFO: HHH000037: Columns: [descripciontipodepago, nombretipodepago, idtipodepago, activotipodepago]
oct 14, 2021 8:19:51 PM org.hibernate.tool.hbm2ddl.TableMetadata <init>
INFO: HHH000261: Table found: microcosmos.tipodocumento
oct 14, 2021 8:19:51 PM org.hibernate.tool.hbm2ddl.TableMetadata <init>
INFO: HHH000037: Columns: [nombretipodocumento, descripciontipodocumento, activotipodocumento, idtipodocumento]
oct 14, 2021 8:19:51 PM org.hibernate.tool.hbm2ddl.TableMetadata <init>
INFO: HHH000261: Table found: microcosmos.usuarios
oct 14, 2021 8:19:51 PM org.hibernate.tool.hbm2ddl.TableMetadata <init>
INFO: HHH000037: Columns: [nombreusuario, idempleados, numerodeintentos, activousuario, admin, contrasena, idusuario]
oct 14, 2021 8:19:51 PM org.hibernate.tool.hbm2ddl.TableMetadata <init>
INFO: HHH000261: Table found: microcosmos.venta
oct 14, 2021 8:19:51 PM org.hibernate.tool.hbm2ddl.TableMetadata <init>
INFO: HHH000037: Columns: [numtarjeta, idtipodepago, formato, montoefectivo, idcliente, idestado, idventa, total, idempleados, impuesto, subtotal, montotarjeta, fechaventa, idparametros]
oct 14, 2021 8:19:51 PM org.hibernate.jpa.internal.EntityManagerFactoryRegistry addEntityManagerFactory
WARN: HHH000436: Entity manager factory name (DB) is already registered.  If entity manager will be clustered or passivated, specify a unique value for property 'hibernate.ejb.entitymanager_factory_name'
oct 14, 2021 8:19:51 PM org.hibernate.ejb.HibernatePersistence logDeprecation
WARN: HHH015016: Encountered a deprecated javax.persistence.spi.PersistenceProvider [org.hibernate.ejb.HibernatePersistence]; use [org.hibernate.jpa.HibernatePersistenceProvider] instead.
oct 14, 2021 8:19:51 PM org.hibernate.ejb.HibernatePersistence logDeprecation
WARN: HHH015016: Encountered a deprecated javax.persistence.spi.PersistenceProvider [org.hibernate.ejb.HibernatePersistence]; use [org.hibernate.jpa.HibernatePersistenceProvider] instead.
oct 14, 2021 8:19:51 PM org.hibernate.ejb.HibernatePersistence logDeprecation
WARN: HHH015016: Encountered a deprecated javax.persistence.spi.PersistenceProvider [org.hibernate.ejb.HibernatePersistence]; use [org.hibernate.jpa.HibernatePersistenceProvider] instead.
oct 14, 2021 8:19:51 PM org.hibernate.jpa.internal.util.LogHelper logPersistenceUnitInformation
INFO: HHH000204: Processing PersistenceUnitInfo [
	name: DB
	...]
oct 14, 2021 8:19:51 PM org.hibernate.engine.jdbc.connections.internal.DriverManagerConnectionProviderImpl configure
WARN: HHH000402: Using Hibernate built-in connection pool (not for production use!)
oct 14, 2021 8:19:51 PM org.hibernate.engine.jdbc.connections.internal.DriverManagerConnectionProviderImpl buildCreator
INFO: HHH000401: using driver [com.mysql.jdbc.Driver] at URL [jdbc:mysql://localhost:3306/Microcosmos?zeroDateTimeBehavior=convertToNull]
oct 14, 2021 8:19:51 PM org.hibernate.engine.jdbc.connections.internal.DriverManagerConnectionProviderImpl buildCreator
INFO: HHH000046: Connection properties: {user=root, password=****}
oct 14, 2021 8:19:51 PM org.hibernate.engine.jdbc.connections.internal.DriverManagerConnectionProviderImpl buildCreator
INFO: HHH000006: Autocommit mode: false
oct 14, 2021 8:19:51 PM org.hibernate.engine.jdbc.connections.internal.DriverManagerConnectionProviderImpl configure
INFO: HHH000115: Hibernate connection pool size: 20 (min=1)
oct 14, 2021 8:19:51 PM org.hibernate.dialect.Dialect <init>
INFO: HHH000400: Using dialect: org.hibernate.dialect.MySQLDialect
oct 14, 2021 8:19:51 PM org.hibernate.hql.internal.ast.ASTQueryTranslatorFactory <init>
INFO: HHH000397: Using ASTQueryTranslatorFactory
oct 14, 2021 8:19:51 PM org.hibernate.tool.hbm2ddl.SchemaValidator validate
INFO: HHH000229: Running schema validator
oct 14, 2021 8:19:51 PM org.hibernate.tool.hbm2ddl.SchemaValidator validate
INFO: HHH000102: Fetching database metadata
oct 14, 2021 8:19:51 PM org.hibernate.tool.hbm2ddl.TableMetadata <init>
INFO: HHH000261: Table found: microcosmos.arealaboral
oct 14, 2021 8:19:51 PM org.hibernate.tool.hbm2ddl.TableMetadata <init>
INFO: HHH000037: Columns: [idarealaboral, descripcionarealaboral, nombrearealaboral, activoarealaboral]
oct 14, 2021 8:19:51 PM org.hibernate.tool.hbm2ddl.TableMetadata <init>
INFO: HHH000261: Table found: microcosmos.arealaboralhistorica
oct 14, 2021 8:19:51 PM org.hibernate.tool.hbm2ddl.TableMetadata <init>
INFO: HHH000037: Columns: [idempleados, fechaconclusion, fechacomienzo, idarealaboralhistorica]
oct 14, 2021 8:19:51 PM org.hibernate.tool.hbm2ddl.TableMetadata <init>
INFO: HHH000261: Table found: microcosmos.articulo
oct 14, 2021 8:19:51 PM org.hibernate.tool.hbm2ddl.TableMetadata <init>
INFO: HHH000037: Columns: [idsecciontienda, stockmaximo, activoarticulo, nombrearticulo, stockminimo, precioarticulo, idtalla, stock, descripcionarticulo, idarticulo]
oct 14, 2021 8:19:51 PM org.hibernate.tool.hbm2ddl.TableMetadata <init>
INFO: HHH000261: Table found: microcosmos.clientes
oct 14, 2021 8:19:51 PM org.hibernate.tool.hbm2ddl.TableMetadata <init>
INFO: HHH000037: Columns: [telefonocliente, direccioncliente, idtipodocumento, idsexo, documento, activocliente, idcliente, nombrecliente, apellidocliente, correocliente]
oct 14, 2021 8:19:51 PM org.hibernate.tool.hbm2ddl.TableMetadata <init>
INFO: HHH000261: Table found: microcosmos.compra
oct 14, 2021 8:19:51 PM org.hibernate.tool.hbm2ddl.TableMetadata <init>
INFO: HHH000037: Columns: [idcompra, fechapedido, idproveedor, idempleados, fecharecibido, totalcompra, idestado]
oct 14, 2021 8:19:51 PM org.hibernate.tool.hbm2ddl.TableMetadata <init>
INFO: HHH000261: Table found: microcosmos.detallecompra
oct 14, 2021 8:19:51 PM org.hibernate.tool.hbm2ddl.TableMetadata <init>
INFO: HHH000037: Columns: [idcompra, iddetallecompra, preciocompra, cantidad, idarticulo]
oct 14, 2021 8:19:51 PM org.hibernate.tool.hbm2ddl.TableMetadata <init>
INFO: HHH000261: Table found: microcosmos.detalleventa
oct 14, 2021 8:19:51 PM org.hibernate.tool.hbm2ddl.TableMetadata <init>
INFO: HHH000037: Columns: [idventa, iddetalleventa, cantidad, idarticulo]
oct 14, 2021 8:19:51 PM org.hibernate.tool.hbm2ddl.TableMetadata <init>
INFO: HHH000261: Table found: microcosmos.empleados
oct 14, 2021 8:19:51 PM org.hibernate.tool.hbm2ddl.TableMetadata <init>
INFO: HHH000037: Columns: [idempleados, idarealaboral, idtipodocumento, idsexo, telefonoempleado, documento, nombreempleado, correoempleado, apellidoempleado, fechadenacimiento, activoempleado]
oct 14, 2021 8:19:51 PM org.hibernate.tool.hbm2ddl.TableMetadata <init>
INFO: HHH000261: Table found: microcosmos.entidades
oct 14, 2021 8:19:51 PM org.hibernate.tool.hbm2ddl.TableMetadata <init>
INFO: HHH000037: Columns: [identidad, activoentidad, nombreentidad]
oct 14, 2021 8:19:51 PM org.hibernate.tool.hbm2ddl.TableMetadata <init>
INFO: HHH000261: Table found: microcosmos.estado
oct 14, 2021 8:19:51 PM org.hibernate.tool.hbm2ddl.TableMetadata <init>
INFO: HHH000037: Columns: [nombreestado, activoestado, identidad, descripcionestado, idestado]
oct 14, 2021 8:19:51 PM org.hibernate.tool.hbm2ddl.TableMetadata <init>
INFO: HHH000261: Table found: microcosmos.facturasdevueltas
oct 14, 2021 8:19:51 PM org.hibernate.tool.hbm2ddl.TableMetadata <init>
INFO: HHH000037: Columns: [idventa, descripcion, fechadevolucion, idempleados, idfacturadevuelta]
oct 14, 2021 8:19:51 PM org.hibernate.tool.hbm2ddl.TableMetadata <init>
INFO: HHH000261: Table found: microcosmos.parametros
oct 14, 2021 8:19:51 PM org.hibernate.tool.hbm2ddl.TableMetadata <init>
INFO: HHH000037: Columns: [facturainicial, fechaemision, facturafinal, activoparametros, fechacaducidad, cai, idparametros]
oct 14, 2021 8:19:51 PM org.hibernate.tool.hbm2ddl.TableMetadata <init>
INFO: HHH000261: Table found: microcosmos.pedidosdevueltos
oct 14, 2021 8:19:51 PM org.hibernate.tool.hbm2ddl.TableMetadata <init>
INFO: HHH000037: Columns: [idcompra, descripcion, idempleados, idpedidosdevueltos, fechaanulacion]
oct 14, 2021 8:19:51 PM org.hibernate.tool.hbm2ddl.TableMetadata <init>
INFO: HHH000261: Table found: microcosmos.preciohistorico
oct 14, 2021 8:19:51 PM org.hibernate.tool.hbm2ddl.TableMetadata <init>
INFO: HHH000037: Columns: [precio, idpreciohistorico, fechainicial, fechafinal, idarticulo, activopreciohistorico]
oct 14, 2021 8:19:51 PM org.hibernate.tool.hbm2ddl.TableMetadata <init>
INFO: HHH000261: Table found: microcosmos.proveedores
oct 14, 2021 8:19:51 PM org.hibernate.tool.hbm2ddl.TableMetadata <init>
INFO: HHH000037: Columns: [idproveedor, activoproveedor, idtipodocumento, nombreproveedor, correoproveedor, telefonoproveedor, documento, ubicacionproveedor]
oct 14, 2021 8:19:51 PM org.hibernate.tool.hbm2ddl.TableMetadata <init>
INFO: HHH000261: Table found: microcosmos.secciontienda
oct 14, 2021 8:19:51 PM org.hibernate.tool.hbm2ddl.TableMetadata <init>
INFO: HHH000037: Columns: [idsecciontienda, descripcionsecciontienda, nombresecciontienda, activosecciontienda]
oct 14, 2021 8:19:51 PM org.hibernate.tool.hbm2ddl.TableMetadata <init>
INFO: HHH000261: Table found: microcosmos.sexo
oct 14, 2021 8:19:51 PM org.hibernate.tool.hbm2ddl.TableMetadata <init>
INFO: HHH000037: Columns: [idsexo, nombresexo, descripcionsexo]
oct 14, 2021 8:19:51 PM org.hibernate.tool.hbm2ddl.TableMetadata <init>
INFO: HHH000261: Table found: microcosmos.talla
oct 14, 2021 8:19:51 PM org.hibernate.tool.hbm2ddl.TableMetadata <init>
INFO: HHH000037: Columns: [activotalla, nombretalla, descripciontalla, idtalla]
oct 14, 2021 8:19:51 PM org.hibernate.tool.hbm2ddl.TableMetadata <init>
INFO: HHH000261: Table found: microcosmos.tipodepago
oct 14, 2021 8:19:51 PM org.hibernate.tool.hbm2ddl.TableMetadata <init>
INFO: HHH000037: Columns: [descripciontipodepago, nombretipodepago, idtipodepago, activotipodepago]
oct 14, 2021 8:19:51 PM org.hibernate.tool.hbm2ddl.TableMetadata <init>
INFO: HHH000261: Table found: microcosmos.tipodocumento
oct 14, 2021 8:19:51 PM org.hibernate.tool.hbm2ddl.TableMetadata <init>
INFO: HHH000037: Columns: [nombretipodocumento, descripciontipodocumento, activotipodocumento, idtipodocumento]
oct 14, 2021 8:19:51 PM org.hibernate.tool.hbm2ddl.TableMetadata <init>
INFO: HHH000261: Table found: microcosmos.usuarios
oct 14, 2021 8:19:51 PM org.hibernate.tool.hbm2ddl.TableMetadata <init>
INFO: HHH000037: Columns: [nombreusuario, idempleados, numerodeintentos, activousuario, admin, contrasena, idusuario]
oct 14, 2021 8:19:51 PM org.hibernate.tool.hbm2ddl.TableMetadata <init>
INFO: HHH000261: Table found: microcosmos.venta
oct 14, 2021 8:19:51 PM org.hibernate.tool.hbm2ddl.TableMetadata <init>
INFO: HHH000037: Columns: [numtarjeta, idtipodepago, formato, montoefectivo, idcliente, idestado, idventa, total, idempleados, impuesto, subtotal, montotarjeta, fechaventa, idparametros]
oct 14, 2021 8:19:51 PM org.hibernate.jpa.internal.EntityManagerFactoryRegistry addEntityManagerFactory
WARN: HHH000436: Entity manager factory name (DB) is already registered.  If entity manager will be clustered or passivated, specify a unique value for property 'hibernate.ejb.entitymanager_factory_name'
oct 14, 2021 8:19:51 PM org.hibernate.ejb.HibernatePersistence logDeprecation
WARN: HHH015016: Encountered a deprecated javax.persistence.spi.PersistenceProvider [org.hibernate.ejb.HibernatePersistence]; use [org.hibernate.jpa.HibernatePersistenceProvider] instead.
oct 14, 2021 8:19:51 PM org.hibernate.ejb.HibernatePersistence logDeprecation
WARN: HHH015016: Encountered a deprecated javax.persistence.spi.PersistenceProvider [org.hibernate.ejb.HibernatePersistence]; use [org.hibernate.jpa.HibernatePersistenceProvider] instead.
oct 14, 2021 8:19:51 PM org.hibernate.ejb.HibernatePersistence logDeprecation
WARN: HHH015016: Encountered a deprecated javax.persistence.spi.PersistenceProvider [org.hibernate.ejb.HibernatePersistence]; use [org.hibernate.jpa.HibernatePersistenceProvider] instead.
oct 14, 2021 8:19:51 PM org.hibernate.jpa.internal.util.LogHelper logPersistenceUnitInformation
INFO: HHH000204: Processing PersistenceUnitInfo [
	name: DB
	...]
oct 14, 2021 8:19:51 PM org.hibernate.engine.jdbc.connections.internal.DriverManagerConnectionProviderImpl configure
WARN: HHH000402: Using Hibernate built-in connection pool (not for production use!)
oct 14, 2021 8:19:51 PM org.hibernate.engine.jdbc.connections.internal.DriverManagerConnectionProviderImpl buildCreator
INFO: HHH000401: using driver [com.mysql.jdbc.Driver] at URL [jdbc:mysql://localhost:3306/Microcosmos?zeroDateTimeBehavior=convertToNull]
oct 14, 2021 8:19:51 PM org.hibernate.engine.jdbc.connections.internal.DriverManagerConnectionProviderImpl buildCreator
INFO: HHH000046: Connection properties: {user=root, password=****}
oct 14, 2021 8:19:51 PM org.hibernate.engine.jdbc.connections.internal.DriverManagerConnectionProviderImpl buildCreator
INFO: HHH000006: Autocommit mode: false
oct 14, 2021 8:19:51 PM org.hibernate.engine.jdbc.connections.internal.DriverManagerConnectionProviderImpl configure
INFO: HHH000115: Hibernate connection pool size: 20 (min=1)
oct 14, 2021 8:19:51 PM org.hibernate.dialect.Dialect <init>
INFO: HHH000400: Using dialect: org.hibernate.dialect.MySQLDialect
oct 14, 2021 8:19:51 PM org.hibernate.hql.internal.ast.ASTQueryTranslatorFactory <init>
INFO: HHH000397: Using ASTQueryTranslatorFactory
oct 14, 2021 8:19:51 PM org.hibernate.tool.hbm2ddl.SchemaValidator validate
INFO: HHH000229: Running schema validator
oct 14, 2021 8:19:51 PM org.hibernate.tool.hbm2ddl.SchemaValidator validate
INFO: HHH000102: Fetching database metadata
oct 14, 2021 8:19:51 PM org.hibernate.tool.hbm2ddl.TableMetadata <init>
INFO: HHH000261: Table found: microcosmos.arealaboral
oct 14, 2021 8:19:51 PM org.hibernate.tool.hbm2ddl.TableMetadata <init>
INFO: HHH000037: Columns: [idarealaboral, descripcionarealaboral, nombrearealaboral, activoarealaboral]
oct 14, 2021 8:19:51 PM org.hibernate.tool.hbm2ddl.TableMetadata <init>
INFO: HHH000261: Table found: microcosmos.arealaboralhistorica
oct 14, 2021 8:19:51 PM org.hibernate.tool.hbm2ddl.TableMetadata <init>
INFO: HHH000037: Columns: [idempleados, fechaconclusion, fechacomienzo, idarealaboralhistorica]
oct 14, 2021 8:19:51 PM org.hibernate.tool.hbm2ddl.TableMetadata <init>
INFO: HHH000261: Table found: microcosmos.articulo
oct 14, 2021 8:19:51 PM org.hibernate.tool.hbm2ddl.TableMetadata <init>
INFO: HHH000037: Columns: [idsecciontienda, stockmaximo, activoarticulo, nombrearticulo, stockminimo, precioarticulo, idtalla, stock, descripcionarticulo, idarticulo]
oct 14, 2021 8:19:51 PM org.hibernate.tool.hbm2ddl.TableMetadata <init>
INFO: HHH000261: Table found: microcosmos.clientes
oct 14, 2021 8:19:51 PM org.hibernate.tool.hbm2ddl.TableMetadata <init>
INFO: HHH000037: Columns: [telefonocliente, direccioncliente, idtipodocumento, idsexo, documento, activocliente, idcliente, nombrecliente, apellidocliente, correocliente]
oct 14, 2021 8:19:51 PM org.hibernate.tool.hbm2ddl.TableMetadata <init>
INFO: HHH000261: Table found: microcosmos.compra
oct 14, 2021 8:19:51 PM org.hibernate.tool.hbm2ddl.TableMetadata <init>
INFO: HHH000037: Columns: [idcompra, fechapedido, idproveedor, idempleados, fecharecibido, totalcompra, idestado]
oct 14, 2021 8:19:51 PM org.hibernate.tool.hbm2ddl.TableMetadata <init>
INFO: HHH000261: Table found: microcosmos.detallecompra
oct 14, 2021 8:19:51 PM org.hibernate.tool.hbm2ddl.TableMetadata <init>
INFO: HHH000037: Columns: [idcompra, iddetallecompra, preciocompra, cantidad, idarticulo]
oct 14, 2021 8:19:51 PM org.hibernate.tool.hbm2ddl.TableMetadata <init>
INFO: HHH000261: Table found: microcosmos.detalleventa
oct 14, 2021 8:19:51 PM org.hibernate.tool.hbm2ddl.TableMetadata <init>
INFO: HHH000037: Columns: [idventa, iddetalleventa, cantidad, idarticulo]
oct 14, 2021 8:19:51 PM org.hibernate.tool.hbm2ddl.TableMetadata <init>
INFO: HHH000261: Table found: microcosmos.empleados
oct 14, 2021 8:19:51 PM org.hibernate.tool.hbm2ddl.TableMetadata <init>
INFO: HHH000037: Columns: [idempleados, idarealaboral, idtipodocumento, idsexo, telefonoempleado, documento, nombreempleado, correoempleado, apellidoempleado, fechadenacimiento, activoempleado]
oct 14, 2021 8:19:51 PM org.hibernate.tool.hbm2ddl.TableMetadata <init>
INFO: HHH000261: Table found: microcosmos.entidades
oct 14, 2021 8:19:51 PM org.hibernate.tool.hbm2ddl.TableMetadata <init>
INFO: HHH000037: Columns: [identidad, activoentidad, nombreentidad]
oct 14, 2021 8:19:51 PM org.hibernate.tool.hbm2ddl.TableMetadata <init>
INFO: HHH000261: Table found: microcosmos.estado
oct 14, 2021 8:19:51 PM org.hibernate.tool.hbm2ddl.TableMetadata <init>
INFO: HHH000037: Columns: [nombreestado, activoestado, identidad, descripcionestado, idestado]
oct 14, 2021 8:19:51 PM org.hibernate.tool.hbm2ddl.TableMetadata <init>
INFO: HHH000261: Table found: microcosmos.facturasdevueltas
oct 14, 2021 8:19:51 PM org.hibernate.tool.hbm2ddl.TableMetadata <init>
INFO: HHH000037: Columns: [idventa, descripcion, fechadevolucion, idempleados, idfacturadevuelta]
oct 14, 2021 8:19:51 PM org.hibernate.tool.hbm2ddl.TableMetadata <init>
INFO: HHH000261: Table found: microcosmos.parametros
oct 14, 2021 8:19:51 PM org.hibernate.tool.hbm2ddl.TableMetadata <init>
INFO: HHH000037: Columns: [facturainicial, fechaemision, facturafinal, activoparametros, fechacaducidad, cai, idparametros]
oct 14, 2021 8:19:51 PM org.hibernate.tool.hbm2ddl.TableMetadata <init>
INFO: HHH000261: Table found: microcosmos.pedidosdevueltos
oct 14, 2021 8:19:51 PM org.hibernate.tool.hbm2ddl.TableMetadata <init>
INFO: HHH000037: Columns: [idcompra, descripcion, idempleados, idpedidosdevueltos, fechaanulacion]
oct 14, 2021 8:19:51 PM org.hibernate.tool.hbm2ddl.TableMetadata <init>
INFO: HHH000261: Table found: microcosmos.preciohistorico
oct 14, 2021 8:19:51 PM org.hibernate.tool.hbm2ddl.TableMetadata <init>
INFO: HHH000037: Columns: [precio, idpreciohistorico, fechainicial, fechafinal, idarticulo, activopreciohistorico]
oct 14, 2021 8:19:51 PM org.hibernate.tool.hbm2ddl.TableMetadata <init>
INFO: HHH000261: Table found: microcosmos.proveedores
oct 14, 2021 8:19:51 PM org.hibernate.tool.hbm2ddl.TableMetadata <init>
INFO: HHH000037: Columns: [idproveedor, activoproveedor, idtipodocumento, nombreproveedor, correoproveedor, telefonoproveedor, documento, ubicacionproveedor]
oct 14, 2021 8:19:51 PM org.hibernate.tool.hbm2ddl.TableMetadata <init>
INFO: HHH000261: Table found: microcosmos.secciontienda
oct 14, 2021 8:19:51 PM org.hibernate.tool.hbm2ddl.TableMetadata <init>
INFO: HHH000037: Columns: [idsecciontienda, descripcionsecciontienda, nombresecciontienda, activosecciontienda]
oct 14, 2021 8:19:51 PM org.hibernate.tool.hbm2ddl.TableMetadata <init>
INFO: HHH000261: Table found: microcosmos.sexo
oct 14, 2021 8:19:51 PM org.hibernate.tool.hbm2ddl.TableMetadata <init>
INFO: HHH000037: Columns: [idsexo, nombresexo, descripcionsexo]
oct 14, 2021 8:19:51 PM org.hibernate.tool.hbm2ddl.TableMetadata <init>
INFO: HHH000261: Table found: microcosmos.talla
oct 14, 2021 8:19:51 PM org.hibernate.tool.hbm2ddl.TableMetadata <init>
INFO: HHH000037: Columns: [activotalla, nombretalla, descripciontalla, idtalla]
oct 14, 2021 8:19:51 PM org.hibernate.tool.hbm2ddl.TableMetadata <init>
INFO: HHH000261: Table found: microcosmos.tipodepago
oct 14, 2021 8:19:51 PM org.hibernate.tool.hbm2ddl.TableMetadata <init>
INFO: HHH000037: Columns: [descripciontipodepago, nombretipodepago, idtipodepago, activotipodepago]
oct 14, 2021 8:19:51 PM org.hibernate.tool.hbm2ddl.TableMetadata <init>
INFO: HHH000261: Table found: microcosmos.tipodocumento
oct 14, 2021 8:19:51 PM org.hibernate.tool.hbm2ddl.TableMetadata <init>
INFO: HHH000037: Columns: [nombretipodocumento, descripciontipodocumento, activotipodocumento, idtipodocumento]
oct 14, 2021 8:19:51 PM org.hibernate.tool.hbm2ddl.TableMetadata <init>
INFO: HHH000261: Table found: microcosmos.usuarios
oct 14, 2021 8:19:51 PM org.hibernate.tool.hbm2ddl.TableMetadata <init>
INFO: HHH000037: Columns: [nombreusuario, idempleados, numerodeintentos, activousuario, admin, contrasena, idusuario]
oct 14, 2021 8:19:51 PM org.hibernate.tool.hbm2ddl.TableMetadata <init>
INFO: HHH000261: Table found: microcosmos.venta
oct 14, 2021 8:19:51 PM org.hibernate.tool.hbm2ddl.TableMetadata <init>
INFO: HHH000037: Columns: [numtarjeta, idtipodepago, formato, montoefectivo, idcliente, idestado, idventa, total, idempleados, impuesto, subtotal, montotarjeta, fechaventa, idparametros]
oct 14, 2021 8:19:51 PM org.hibernate.jpa.internal.EntityManagerFactoryRegistry addEntityManagerFactory
WARN: HHH000436: Entity manager factory name (DB) is already registered.  If entity manager will be clustered or passivated, specify a unique value for property 'hibernate.ejb.entitymanager_factory_name'
oct 14, 2021 8:19:51 PM org.hibernate.ejb.HibernatePersistence logDeprecation
WARN: HHH015016: Encountered a deprecated javax.persistence.spi.PersistenceProvider [org.hibernate.ejb.HibernatePersistence]; use [org.hibernate.jpa.HibernatePersistenceProvider] instead.
oct 14, 2021 8:19:51 PM org.hibernate.ejb.HibernatePersistence logDeprecation
WARN: HHH015016: Encountered a deprecated javax.persistence.spi.PersistenceProvider [org.hibernate.ejb.HibernatePersistence]; use [org.hibernate.jpa.HibernatePersistenceProvider] instead.
oct 14, 2021 8:19:51 PM org.hibernate.ejb.HibernatePersistence logDeprecation
WARN: HHH015016: Encountered a deprecated javax.persistence.spi.PersistenceProvider [org.hibernate.ejb.HibernatePersistence]; use [org.hibernate.jpa.HibernatePersistenceProvider] instead.
oct 14, 2021 8:19:51 PM org.hibernate.jpa.internal.util.LogHelper logPersistenceUnitInformation
INFO: HHH000204: Processing PersistenceUnitInfo [
	name: DB
	...]
oct 14, 2021 8:19:51 PM org.hibernate.engine.jdbc.connections.internal.DriverManagerConnectionProviderImpl configure
WARN: HHH000402: Using Hibernate built-in connection pool (not for production use!)
oct 14, 2021 8:19:51 PM org.hibernate.engine.jdbc.connections.internal.DriverManagerConnectionProviderImpl buildCreator
INFO: HHH000401: using driver [com.mysql.jdbc.Driver] at URL [jdbc:mysql://localhost:3306/Microcosmos?zeroDateTimeBehavior=convertToNull]
oct 14, 2021 8:19:51 PM org.hibernate.engine.jdbc.connections.internal.DriverManagerConnectionProviderImpl buildCreator
INFO: HHH000046: Connection properties: {user=root, password=****}
oct 14, 2021 8:19:51 PM org.hibernate.engine.jdbc.connections.internal.DriverManagerConnectionProviderImpl buildCreator
INFO: HHH000006: Autocommit mode: false
oct 14, 2021 8:19:51 PM org.hibernate.engine.jdbc.connections.internal.DriverManagerConnectionProviderImpl configure
INFO: HHH000115: Hibernate connection pool size: 20 (min=1)
oct 14, 2021 8:19:51 PM org.hibernate.dialect.Dialect <init>
INFO: HHH000400: Using dialect: org.hibernate.dialect.MySQLDialect
oct 14, 2021 8:19:51 PM org.hibernate.hql.internal.ast.ASTQueryTranslatorFactory <init>
INFO: HHH000397: Using ASTQueryTranslatorFactory
oct 14, 2021 8:19:51 PM org.hibernate.tool.hbm2ddl.SchemaValidator validate
INFO: HHH000229: Running schema validator
oct 14, 2021 8:19:51 PM org.hibernate.tool.hbm2ddl.SchemaValidator validate
INFO: HHH000102: Fetching database metadata
oct 14, 2021 8:19:51 PM org.hibernate.tool.hbm2ddl.TableMetadata <init>
INFO: HHH000261: Table found: microcosmos.arealaboral
oct 14, 2021 8:19:51 PM org.hibernate.tool.hbm2ddl.TableMetadata <init>
INFO: HHH000037: Columns: [idarealaboral, descripcionarealaboral, nombrearealaboral, activoarealaboral]
oct 14, 2021 8:19:51 PM org.hibernate.tool.hbm2ddl.TableMetadata <init>
INFO: HHH000261: Table found: microcosmos.arealaboralhistorica
oct 14, 2021 8:19:51 PM org.hibernate.tool.hbm2ddl.TableMetadata <init>
INFO: HHH000037: Columns: [idempleados, fechaconclusion, fechacomienzo, idarealaboralhistorica]
oct 14, 2021 8:19:51 PM org.hibernate.tool.hbm2ddl.TableMetadata <init>
INFO: HHH000261: Table found: microcosmos.articulo
oct 14, 2021 8:19:51 PM org.hibernate.tool.hbm2ddl.TableMetadata <init>
INFO: HHH000037: Columns: [idsecciontienda, stockmaximo, activoarticulo, nombrearticulo, stockminimo, precioarticulo, idtalla, stock, descripcionarticulo, idarticulo]
oct 14, 2021 8:19:51 PM org.hibernate.tool.hbm2ddl.TableMetadata <init>
INFO: HHH000261: Table found: microcosmos.clientes
oct 14, 2021 8:19:51 PM org.hibernate.tool.hbm2ddl.TableMetadata <init>
INFO: HHH000037: Columns: [telefonocliente, direccioncliente, idtipodocumento, idsexo, documento, activocliente, idcliente, nombrecliente, apellidocliente, correocliente]
oct 14, 2021 8:19:51 PM org.hibernate.tool.hbm2ddl.TableMetadata <init>
INFO: HHH000261: Table found: microcosmos.compra
oct 14, 2021 8:19:51 PM org.hibernate.tool.hbm2ddl.TableMetadata <init>
INFO: HHH000037: Columns: [idcompra, fechapedido, idproveedor, idempleados, fecharecibido, totalcompra, idestado]
oct 14, 2021 8:19:51 PM org.hibernate.tool.hbm2ddl.TableMetadata <init>
INFO: HHH000261: Table found: microcosmos.detallecompra
oct 14, 2021 8:19:51 PM org.hibernate.tool.hbm2ddl.TableMetadata <init>
INFO: HHH000037: Columns: [idcompra, iddetallecompra, preciocompra, cantidad, idarticulo]
oct 14, 2021 8:19:51 PM org.hibernate.tool.hbm2ddl.TableMetadata <init>
INFO: HHH000261: Table found: microcosmos.detalleventa
oct 14, 2021 8:19:51 PM org.hibernate.tool.hbm2ddl.TableMetadata <init>
INFO: HHH000037: Columns: [idventa, iddetalleventa, cantidad, idarticulo]
oct 14, 2021 8:19:51 PM org.hibernate.tool.hbm2ddl.TableMetadata <init>
INFO: HHH000261: Table found: microcosmos.empleados
oct 14, 2021 8:19:51 PM org.hibernate.tool.hbm2ddl.TableMetadata <init>
INFO: HHH000037: Columns: [idempleados, idarealaboral, idtipodocumento, idsexo, telefonoempleado, documento, nombreempleado, correoempleado, apellidoempleado, fechadenacimiento, activoempleado]
oct 14, 2021 8:19:51 PM org.hibernate.tool.hbm2ddl.TableMetadata <init>
INFO: HHH000261: Table found: microcosmos.entidades
oct 14, 2021 8:19:51 PM org.hibernate.tool.hbm2ddl.TableMetadata <init>
INFO: HHH000037: Columns: [identidad, activoentidad, nombreentidad]
oct 14, 2021 8:19:51 PM org.hibernate.tool.hbm2ddl.TableMetadata <init>
INFO: HHH000261: Table found: microcosmos.estado
oct 14, 2021 8:19:51 PM org.hibernate.tool.hbm2ddl.TableMetadata <init>
INFO: HHH000037: Columns: [nombreestado, activoestado, identidad, descripcionestado, idestado]
oct 14, 2021 8:19:51 PM org.hibernate.tool.hbm2ddl.TableMetadata <init>
INFO: HHH000261: Table found: microcosmos.facturasdevueltas
oct 14, 2021 8:19:51 PM org.hibernate.tool.hbm2ddl.TableMetadata <init>
INFO: HHH000037: Columns: [idventa, descripcion, fechadevolucion, idempleados, idfacturadevuelta]
oct 14, 2021 8:19:51 PM org.hibernate.tool.hbm2ddl.TableMetadata <init>
INFO: HHH000261: Table found: microcosmos.parametros
oct 14, 2021 8:19:51 PM org.hibernate.tool.hbm2ddl.TableMetadata <init>
INFO: HHH000037: Columns: [facturainicial, fechaemision, facturafinal, activoparametros, fechacaducidad, cai, idparametros]
oct 14, 2021 8:19:51 PM org.hibernate.tool.hbm2ddl.TableMetadata <init>
INFO: HHH000261: Table found: microcosmos.pedidosdevueltos
oct 14, 2021 8:19:51 PM org.hibernate.tool.hbm2ddl.TableMetadata <init>
INFO: HHH000037: Columns: [idcompra, descripcion, idempleados, idpedidosdevueltos, fechaanulacion]
oct 14, 2021 8:19:51 PM org.hibernate.tool.hbm2ddl.TableMetadata <init>
INFO: HHH000261: Table found: microcosmos.preciohistorico
oct 14, 2021 8:19:51 PM org.hibernate.tool.hbm2ddl.TableMetadata <init>
INFO: HHH000037: Columns: [precio, idpreciohistorico, fechainicial, fechafinal, idarticulo, activopreciohistorico]
oct 14, 2021 8:19:51 PM org.hibernate.tool.hbm2ddl.TableMetadata <init>
INFO: HHH000261: Table found: microcosmos.proveedores
oct 14, 2021 8:19:51 PM org.hibernate.tool.hbm2ddl.TableMetadata <init>
INFO: HHH000037: Columns: [idproveedor, activoproveedor, idtipodocumento, nombreproveedor, correoproveedor, telefonoproveedor, documento, ubicacionproveedor]
oct 14, 2021 8:19:51 PM org.hibernate.tool.hbm2ddl.TableMetadata <init>
INFO: HHH000261: Table found: microcosmos.secciontienda
oct 14, 2021 8:19:51 PM org.hibernate.tool.hbm2ddl.TableMetadata <init>
INFO: HHH000037: Columns: [idsecciontienda, descripcionsecciontienda, nombresecciontienda, activosecciontienda]
oct 14, 2021 8:19:51 PM org.hibernate.tool.hbm2ddl.TableMetadata <init>
INFO: HHH000261: Table found: microcosmos.sexo
oct 14, 2021 8:19:51 PM org.hibernate.tool.hbm2ddl.TableMetadata <init>
INFO: HHH000037: Columns: [idsexo, nombresexo, descripcionsexo]
oct 14, 2021 8:19:51 PM org.hibernate.tool.hbm2ddl.TableMetadata <init>
INFO: HHH000261: Table found: microcosmos.talla
oct 14, 2021 8:19:51 PM org.hibernate.tool.hbm2ddl.TableMetadata <init>
INFO: HHH000037: Columns: [activotalla, nombretalla, descripciontalla, idtalla]
oct 14, 2021 8:19:51 PM org.hibernate.tool.hbm2ddl.TableMetadata <init>
INFO: HHH000261: Table found: microcosmos.tipodepago
oct 14, 2021 8:19:51 PM org.hibernate.tool.hbm2ddl.TableMetadata <init>
INFO: HHH000037: Columns: [descripciontipodepago, nombretipodepago, idtipodepago, activotipodepago]
oct 14, 2021 8:19:51 PM org.hibernate.tool.hbm2ddl.TableMetadata <init>
INFO: HHH000261: Table found: microcosmos.tipodocumento
oct 14, 2021 8:19:51 PM org.hibernate.tool.hbm2ddl.TableMetadata <init>
INFO: HHH000037: Columns: [nombretipodocumento, descripciontipodocumento, activotipodocumento, idtipodocumento]
oct 14, 2021 8:19:51 PM org.hibernate.tool.hbm2ddl.TableMetadata <init>
INFO: HHH000261: Table found: microcosmos.usuarios
oct 14, 2021 8:19:51 PM org.hibernate.tool.hbm2ddl.TableMetadata <init>
INFO: HHH000037: Columns: [nombreusuario, idempleados, numerodeintentos, activousuario, admin, contrasena, idusuario]
oct 14, 2021 8:19:51 PM org.hibernate.tool.hbm2ddl.TableMetadata <init>
INFO: HHH000261: Table found: microcosmos.venta
oct 14, 2021 8:19:51 PM org.hibernate.tool.hbm2ddl.TableMetadata <init>
INFO: HHH000037: Columns: [numtarjeta, idtipodepago, formato, montoefectivo, idcliente, idestado, idventa, total, idempleados, impuesto, subtotal, montotarjeta, fechaventa, idparametros]
oct 14, 2021 8:19:51 PM org.hibernate.jpa.internal.EntityManagerFactoryRegistry addEntityManagerFactory
WARN: HHH000436: Entity manager factory name (DB) is already registered.  If entity manager will be clustered or passivated, specify a unique value for property 'hibernate.ejb.entitymanager_factory_name'
oct 14, 2021 8:19:51 PM org.hibernate.ejb.HibernatePersistence logDeprecation
WARN: HHH015016: Encountered a deprecated javax.persistence.spi.PersistenceProvider [org.hibernate.ejb.HibernatePersistence]; use [org.hibernate.jpa.HibernatePersistenceProvider] instead.
oct 14, 2021 8:19:51 PM org.hibernate.ejb.HibernatePersistence logDeprecation
WARN: HHH015016: Encountered a deprecated javax.persistence.spi.PersistenceProvider [org.hibernate.ejb.HibernatePersistence]; use [org.hibernate.jpa.HibernatePersistenceProvider] instead.
oct 14, 2021 8:19:51 PM org.hibernate.ejb.HibernatePersistence logDeprecation
WARN: HHH015016: Encountered a deprecated javax.persistence.spi.PersistenceProvider [org.hibernate.ejb.HibernatePersistence]; use [org.hibernate.jpa.HibernatePersistenceProvider] instead.
oct 14, 2021 8:19:51 PM org.hibernate.jpa.internal.util.LogHelper logPersistenceUnitInformation
INFO: HHH000204: Processing PersistenceUnitInfo [
	name: DB
	...]
oct 14, 2021 8:19:51 PM org.hibernate.engine.jdbc.connections.internal.DriverManagerConnectionProviderImpl configure
WARN: HHH000402: Using Hibernate built-in connection pool (not for production use!)
oct 14, 2021 8:19:51 PM org.hibernate.engine.jdbc.connections.internal.DriverManagerConnectionProviderImpl buildCreator
INFO: HHH000401: using driver [com.mysql.jdbc.Driver] at URL [jdbc:mysql://localhost:3306/Microcosmos?zeroDateTimeBehavior=convertToNull]
oct 14, 2021 8:19:51 PM org.hibernate.engine.jdbc.connections.internal.DriverManagerConnectionProviderImpl buildCreator
INFO: HHH000046: Connection properties: {user=root, password=****}
oct 14, 2021 8:19:51 PM org.hibernate.engine.jdbc.connections.internal.DriverManagerConnectionProviderImpl buildCreator
INFO: HHH000006: Autocommit mode: false
oct 14, 2021 8:19:51 PM org.hibernate.engine.jdbc.connections.internal.DriverManagerConnectionProviderImpl configure
INFO: HHH000115: Hibernate connection pool size: 20 (min=1)
oct 14, 2021 8:19:51 PM org.hibernate.dialect.Dialect <init>
INFO: HHH000400: Using dialect: org.hibernate.dialect.MySQLDialect
oct 14, 2021 8:19:51 PM org.hibernate.hql.internal.ast.ASTQueryTranslatorFactory <init>
INFO: HHH000397: Using ASTQueryTranslatorFactory
oct 14, 2021 8:19:51 PM org.hibernate.tool.hbm2ddl.SchemaValidator validate
INFO: HHH000229: Running schema validator
oct 14, 2021 8:19:51 PM org.hibernate.tool.hbm2ddl.SchemaValidator validate
INFO: HHH000102: Fetching database metadata
oct 14, 2021 8:19:51 PM org.hibernate.tool.hbm2ddl.TableMetadata <init>
INFO: HHH000261: Table found: microcosmos.arealaboral
oct 14, 2021 8:19:51 PM org.hibernate.tool.hbm2ddl.TableMetadata <init>
INFO: HHH000037: Columns: [idarealaboral, descripcionarealaboral, nombrearealaboral, activoarealaboral]
oct 14, 2021 8:19:51 PM org.hibernate.tool.hbm2ddl.TableMetadata <init>
INFO: HHH000261: Table found: microcosmos.arealaboralhistorica
oct 14, 2021 8:19:51 PM org.hibernate.tool.hbm2ddl.TableMetadata <init>
INFO: HHH000037: Columns: [idempleados, fechaconclusion, fechacomienzo, idarealaboralhistorica]
oct 14, 2021 8:19:51 PM org.hibernate.tool.hbm2ddl.TableMetadata <init>
INFO: HHH000261: Table found: microcosmos.articulo
oct 14, 2021 8:19:51 PM org.hibernate.tool.hbm2ddl.TableMetadata <init>
INFO: HHH000037: Columns: [idsecciontienda, stockmaximo, activoarticulo, nombrearticulo, stockminimo, precioarticulo, idtalla, stock, descripcionarticulo, idarticulo]
oct 14, 2021 8:19:51 PM org.hibernate.tool.hbm2ddl.TableMetadata <init>
INFO: HHH000261: Table found: microcosmos.clientes
oct 14, 2021 8:19:51 PM org.hibernate.tool.hbm2ddl.TableMetadata <init>
INFO: HHH000037: Columns: [telefonocliente, direccioncliente, idtipodocumento, idsexo, documento, activocliente, idcliente, nombrecliente, apellidocliente, correocliente]
oct 14, 2021 8:19:51 PM org.hibernate.tool.hbm2ddl.TableMetadata <init>
INFO: HHH000261: Table found: microcosmos.compra
oct 14, 2021 8:19:51 PM org.hibernate.tool.hbm2ddl.TableMetadata <init>
INFO: HHH000037: Columns: [idcompra, fechapedido, idproveedor, idempleados, fecharecibido, totalcompra, idestado]
oct 14, 2021 8:19:51 PM org.hibernate.tool.hbm2ddl.TableMetadata <init>
INFO: HHH000261: Table found: microcosmos.detallecompra
oct 14, 2021 8:19:51 PM org.hibernate.tool.hbm2ddl.TableMetadata <init>
INFO: HHH000037: Columns: [idcompra, iddetallecompra, preciocompra, cantidad, idarticulo]
oct 14, 2021 8:19:51 PM org.hibernate.tool.hbm2ddl.TableMetadata <init>
INFO: HHH000261: Table found: microcosmos.detalleventa
oct 14, 2021 8:19:51 PM org.hibernate.tool.hbm2ddl.TableMetadata <init>
INFO: HHH000037: Columns: [idventa, iddetalleventa, cantidad, idarticulo]
oct 14, 2021 8:19:51 PM org.hibernate.tool.hbm2ddl.TableMetadata <init>
INFO: HHH000261: Table found: microcosmos.empleados
oct 14, 2021 8:19:51 PM org.hibernate.tool.hbm2ddl.TableMetadata <init>
INFO: HHH000037: Columns: [idempleados, idarealaboral, idtipodocumento, idsexo, telefonoempleado, documento, nombreempleado, correoempleado, apellidoempleado, fechadenacimiento, activoempleado]
oct 14, 2021 8:19:51 PM org.hibernate.tool.hbm2ddl.TableMetadata <init>
INFO: HHH000261: Table found: microcosmos.entidades
oct 14, 2021 8:19:51 PM org.hibernate.tool.hbm2ddl.TableMetadata <init>
INFO: HHH000037: Columns: [identidad, activoentidad, nombreentidad]
oct 14, 2021 8:19:51 PM org.hibernate.tool.hbm2ddl.TableMetadata <init>
INFO: HHH000261: Table found: microcosmos.estado
oct 14, 2021 8:19:51 PM org.hibernate.tool.hbm2ddl.TableMetadata <init>
INFO: HHH000037: Columns: [nombreestado, activoestado, identidad, descripcionestado, idestado]
oct 14, 2021 8:19:51 PM org.hibernate.tool.hbm2ddl.TableMetadata <init>
INFO: HHH000261: Table found: microcosmos.facturasdevueltas
oct 14, 2021 8:19:51 PM org.hibernate.tool.hbm2ddl.TableMetadata <init>
INFO: HHH000037: Columns: [idventa, descripcion, fechadevolucion, idempleados, idfacturadevuelta]
oct 14, 2021 8:19:51 PM org.hibernate.tool.hbm2ddl.TableMetadata <init>
INFO: HHH000261: Table found: microcosmos.parametros
oct 14, 2021 8:19:51 PM org.hibernate.tool.hbm2ddl.TableMetadata <init>
INFO: HHH000037: Columns: [facturainicial, fechaemision, facturafinal, activoparametros, fechacaducidad, cai, idparametros]
oct 14, 2021 8:19:51 PM org.hibernate.tool.hbm2ddl.TableMetadata <init>
INFO: HHH000261: Table found: microcosmos.pedidosdevueltos
oct 14, 2021 8:19:51 PM org.hibernate.tool.hbm2ddl.TableMetadata <init>
INFO: HHH000037: Columns: [idcompra, descripcion, idempleados, idpedidosdevueltos, fechaanulacion]
oct 14, 2021 8:19:51 PM org.hibernate.tool.hbm2ddl.TableMetadata <init>
INFO: HHH000261: Table found: microcosmos.preciohistorico
oct 14, 2021 8:19:51 PM org.hibernate.tool.hbm2ddl.TableMetadata <init>
INFO: HHH000037: Columns: [precio, idpreciohistorico, fechainicial, fechafinal, idarticulo, activopreciohistorico]
oct 14, 2021 8:19:52 PM org.hibernate.tool.hbm2ddl.TableMetadata <init>
INFO: HHH000261: Table found: microcosmos.proveedores
oct 14, 2021 8:19:52 PM org.hibernate.tool.hbm2ddl.TableMetadata <init>
INFO: HHH000037: Columns: [idproveedor, activoproveedor, idtipodocumento, nombreproveedor, correoproveedor, telefonoproveedor, documento, ubicacionproveedor]
oct 14, 2021 8:19:52 PM org.hibernate.tool.hbm2ddl.TableMetadata <init>
INFO: HHH000261: Table found: microcosmos.secciontienda
oct 14, 2021 8:19:52 PM org.hibernate.tool.hbm2ddl.TableMetadata <init>
INFO: HHH000037: Columns: [idsecciontienda, descripcionsecciontienda, nombresecciontienda, activosecciontienda]
oct 14, 2021 8:19:52 PM org.hibernate.tool.hbm2ddl.TableMetadata <init>
INFO: HHH000261: Table found: microcosmos.sexo
oct 14, 2021 8:19:52 PM org.hibernate.tool.hbm2ddl.TableMetadata <init>
INFO: HHH000037: Columns: [idsexo, nombresexo, descripcionsexo]
oct 14, 2021 8:19:52 PM org.hibernate.tool.hbm2ddl.TableMetadata <init>
INFO: HHH000261: Table found: microcosmos.talla
oct 14, 2021 8:19:52 PM org.hibernate.tool.hbm2ddl.TableMetadata <init>
INFO: HHH000037: Columns: [activotalla, nombretalla, descripciontalla, idtalla]
oct 14, 2021 8:19:52 PM org.hibernate.tool.hbm2ddl.TableMetadata <init>
INFO: HHH000261: Table found: microcosmos.tipodepago
oct 14, 2021 8:19:52 PM org.hibernate.tool.hbm2ddl.TableMetadata <init>
INFO: HHH000037: Columns: [descripciontipodepago, nombretipodepago, idtipodepago, activotipodepago]
oct 14, 2021 8:19:52 PM org.hibernate.tool.hbm2ddl.TableMetadata <init>
INFO: HHH000261: Table found: microcosmos.tipodocumento
oct 14, 2021 8:19:52 PM org.hibernate.tool.hbm2ddl.TableMetadata <init>
INFO: HHH000037: Columns: [nombretipodocumento, descripciontipodocumento, activotipodocumento, idtipodocumento]
oct 14, 2021 8:19:52 PM org.hibernate.tool.hbm2ddl.TableMetadata <init>
INFO: HHH000261: Table found: microcosmos.usuarios
oct 14, 2021 8:19:52 PM org.hibernate.tool.hbm2ddl.TableMetadata <init>
INFO: HHH000037: Columns: [nombreusuario, idempleados, numerodeintentos, activousuario, admin, contrasena, idusuario]
oct 14, 2021 8:19:52 PM org.hibernate.tool.hbm2ddl.TableMetadata <init>
INFO: HHH000261: Table found: microcosmos.venta
oct 14, 2021 8:19:52 PM org.hibernate.tool.hbm2ddl.TableMetadata <init>
INFO: HHH000037: Columns: [numtarjeta, idtipodepago, formato, montoefectivo, idcliente, idestado, idventa, total, idempleados, impuesto, subtotal, montotarjeta, fechaventa, idparametros]
oct 14, 2021 8:19:52 PM org.hibernate.jpa.internal.EntityManagerFactoryRegistry addEntityManagerFactory
WARN: HHH000436: Entity manager factory name (DB) is already registered.  If entity manager will be clustered or passivated, specify a unique value for property 'hibernate.ejb.entitymanager_factory_name'
oct 14, 2021 8:19:52 PM org.hibernate.ejb.HibernatePersistence logDeprecation
WARN: HHH015016: Encountered a deprecated javax.persistence.spi.PersistenceProvider [org.hibernate.ejb.HibernatePersistence]; use [org.hibernate.jpa.HibernatePersistenceProvider] instead.
oct 14, 2021 8:19:52 PM org.hibernate.ejb.HibernatePersistence logDeprecation
WARN: HHH015016: Encountered a deprecated javax.persistence.spi.PersistenceProvider [org.hibernate.ejb.HibernatePersistence]; use [org.hibernate.jpa.HibernatePersistenceProvider] instead.
oct 14, 2021 8:19:52 PM org.hibernate.ejb.HibernatePersistence logDeprecation
WARN: HHH015016: Encountered a deprecated javax.persistence.spi.PersistenceProvider [org.hibernate.ejb.HibernatePersistence]; use [org.hibernate.jpa.HibernatePersistenceProvider] instead.
oct 14, 2021 8:19:52 PM org.hibernate.jpa.internal.util.LogHelper logPersistenceUnitInformation
INFO: HHH000204: Processing PersistenceUnitInfo [
	name: DB
	...]
oct 14, 2021 8:19:52 PM org.hibernate.engine.jdbc.connections.internal.DriverManagerConnectionProviderImpl configure
WARN: HHH000402: Using Hibernate built-in connection pool (not for production use!)
oct 14, 2021 8:19:52 PM org.hibernate.engine.jdbc.connections.internal.DriverManagerConnectionProviderImpl buildCreator
INFO: HHH000401: using driver [com.mysql.jdbc.Driver] at URL [jdbc:mysql://localhost:3306/Microcosmos?zeroDateTimeBehavior=convertToNull]
oct 14, 2021 8:19:52 PM org.hibernate.engine.jdbc.connections.internal.DriverManagerConnectionProviderImpl buildCreator
INFO: HHH000046: Connection properties: {user=root, password=****}
oct 14, 2021 8:19:52 PM org.hibernate.engine.jdbc.connections.internal.DriverManagerConnectionProviderImpl buildCreator
INFO: HHH000006: Autocommit mode: false
oct 14, 2021 8:19:52 PM org.hibernate.engine.jdbc.connections.internal.DriverManagerConnectionProviderImpl configure
INFO: HHH000115: Hibernate connection pool size: 20 (min=1)
oct 14, 2021 8:19:52 PM org.hibernate.dialect.Dialect <init>
INFO: HHH000400: Using dialect: org.hibernate.dialect.MySQLDialect
oct 14, 2021 8:19:52 PM org.hibernate.hql.internal.ast.ASTQueryTranslatorFactory <init>
INFO: HHH000397: Using ASTQueryTranslatorFactory
oct 14, 2021 8:19:52 PM org.hibernate.tool.hbm2ddl.SchemaValidator validate
INFO: HHH000229: Running schema validator
oct 14, 2021 8:19:52 PM org.hibernate.tool.hbm2ddl.SchemaValidator validate
INFO: HHH000102: Fetching database metadata
oct 14, 2021 8:19:52 PM org.hibernate.tool.hbm2ddl.TableMetadata <init>
INFO: HHH000261: Table found: microcosmos.arealaboral
oct 14, 2021 8:19:52 PM org.hibernate.tool.hbm2ddl.TableMetadata <init>
INFO: HHH000037: Columns: [idarealaboral, descripcionarealaboral, nombrearealaboral, activoarealaboral]
oct 14, 2021 8:19:52 PM org.hibernate.tool.hbm2ddl.TableMetadata <init>
INFO: HHH000261: Table found: microcosmos.arealaboralhistorica
oct 14, 2021 8:19:52 PM org.hibernate.tool.hbm2ddl.TableMetadata <init>
INFO: HHH000037: Columns: [idempleados, fechaconclusion, fechacomienzo, idarealaboralhistorica]
oct 14, 2021 8:19:52 PM org.hibernate.tool.hbm2ddl.TableMetadata <init>
INFO: HHH000261: Table found: microcosmos.articulo
oct 14, 2021 8:19:52 PM org.hibernate.tool.hbm2ddl.TableMetadata <init>
INFO: HHH000037: Columns: [idsecciontienda, stockmaximo, activoarticulo, nombrearticulo, stockminimo, precioarticulo, idtalla, stock, descripcionarticulo, idarticulo]
oct 14, 2021 8:19:52 PM org.hibernate.tool.hbm2ddl.TableMetadata <init>
INFO: HHH000261: Table found: microcosmos.clientes
oct 14, 2021 8:19:52 PM org.hibernate.tool.hbm2ddl.TableMetadata <init>
INFO: HHH000037: Columns: [telefonocliente, direccioncliente, idtipodocumento, idsexo, documento, activocliente, idcliente, nombrecliente, apellidocliente, correocliente]
oct 14, 2021 8:19:52 PM org.hibernate.tool.hbm2ddl.TableMetadata <init>
INFO: HHH000261: Table found: microcosmos.compra
oct 14, 2021 8:19:52 PM org.hibernate.tool.hbm2ddl.TableMetadata <init>
INFO: HHH000037: Columns: [idcompra, fechapedido, idproveedor, idempleados, fecharecibido, totalcompra, idestado]
oct 14, 2021 8:19:52 PM org.hibernate.tool.hbm2ddl.TableMetadata <init>
INFO: HHH000261: Table found: microcosmos.detallecompra
oct 14, 2021 8:19:52 PM org.hibernate.tool.hbm2ddl.TableMetadata <init>
INFO: HHH000037: Columns: [idcompra, iddetallecompra, preciocompra, cantidad, idarticulo]
oct 14, 2021 8:19:52 PM org.hibernate.tool.hbm2ddl.TableMetadata <init>
INFO: HHH000261: Table found: microcosmos.detalleventa
oct 14, 2021 8:19:52 PM org.hibernate.tool.hbm2ddl.TableMetadata <init>
INFO: HHH000037: Columns: [idventa, iddetalleventa, cantidad, idarticulo]
oct 14, 2021 8:19:52 PM org.hibernate.tool.hbm2ddl.TableMetadata <init>
INFO: HHH000261: Table found: microcosmos.empleados
oct 14, 2021 8:19:52 PM org.hibernate.tool.hbm2ddl.TableMetadata <init>
INFO: HHH000037: Columns: [idempleados, idarealaboral, idtipodocumento, idsexo, telefonoempleado, documento, nombreempleado, correoempleado, apellidoempleado, fechadenacimiento, activoempleado]
oct 14, 2021 8:19:52 PM org.hibernate.tool.hbm2ddl.TableMetadata <init>
INFO: HHH000261: Table found: microcosmos.entidades
oct 14, 2021 8:19:52 PM org.hibernate.tool.hbm2ddl.TableMetadata <init>
INFO: HHH000037: Columns: [identidad, activoentidad, nombreentidad]
oct 14, 2021 8:19:52 PM org.hibernate.tool.hbm2ddl.TableMetadata <init>
INFO: HHH000261: Table found: microcosmos.estado
oct 14, 2021 8:19:52 PM org.hibernate.tool.hbm2ddl.TableMetadata <init>
INFO: HHH000037: Columns: [nombreestado, activoestado, identidad, descripcionestado, idestado]
oct 14, 2021 8:19:52 PM org.hibernate.tool.hbm2ddl.TableMetadata <init>
INFO: HHH000261: Table found: microcosmos.facturasdevueltas
oct 14, 2021 8:19:52 PM org.hibernate.tool.hbm2ddl.TableMetadata <init>
INFO: HHH000037: Columns: [idventa, descripcion, fechadevolucion, idempleados, idfacturadevuelta]
oct 14, 2021 8:19:52 PM org.hibernate.tool.hbm2ddl.TableMetadata <init>
INFO: HHH000261: Table found: microcosmos.parametros
oct 14, 2021 8:19:52 PM org.hibernate.tool.hbm2ddl.TableMetadata <init>
INFO: HHH000037: Columns: [facturainicial, fechaemision, facturafinal, activoparametros, fechacaducidad, cai, idparametros]
oct 14, 2021 8:19:52 PM org.hibernate.tool.hbm2ddl.TableMetadata <init>
INFO: HHH000261: Table found: microcosmos.pedidosdevueltos
oct 14, 2021 8:19:52 PM org.hibernate.tool.hbm2ddl.TableMetadata <init>
INFO: HHH000037: Columns: [idcompra, descripcion, idempleados, idpedidosdevueltos, fechaanulacion]
oct 14, 2021 8:19:52 PM org.hibernate.tool.hbm2ddl.TableMetadata <init>
INFO: HHH000261: Table found: microcosmos.preciohistorico
oct 14, 2021 8:19:52 PM org.hibernate.tool.hbm2ddl.TableMetadata <init>
INFO: HHH000037: Columns: [precio, idpreciohistorico, fechainicial, fechafinal, idarticulo, activopreciohistorico]
oct 14, 2021 8:19:52 PM org.hibernate.tool.hbm2ddl.TableMetadata <init>
INFO: HHH000261: Table found: microcosmos.proveedores
oct 14, 2021 8:19:52 PM org.hibernate.tool.hbm2ddl.TableMetadata <init>
INFO: HHH000037: Columns: [idproveedor, activoproveedor, idtipodocumento, nombreproveedor, correoproveedor, telefonoproveedor, documento, ubicacionproveedor]
oct 14, 2021 8:19:52 PM org.hibernate.tool.hbm2ddl.TableMetadata <init>
INFO: HHH000261: Table found: microcosmos.secciontienda
oct 14, 2021 8:19:52 PM org.hibernate.tool.hbm2ddl.TableMetadata <init>
INFO: HHH000037: Columns: [idsecciontienda, descripcionsecciontienda, nombresecciontienda, activosecciontienda]
oct 14, 2021 8:19:52 PM org.hibernate.tool.hbm2ddl.TableMetadata <init>
INFO: HHH000261: Table found: microcosmos.sexo
oct 14, 2021 8:19:52 PM org.hibernate.tool.hbm2ddl.TableMetadata <init>
INFO: HHH000037: Columns: [idsexo, nombresexo, descripcionsexo]
oct 14, 2021 8:19:52 PM org.hibernate.tool.hbm2ddl.TableMetadata <init>
INFO: HHH000261: Table found: microcosmos.talla
oct 14, 2021 8:19:52 PM org.hibernate.tool.hbm2ddl.TableMetadata <init>
INFO: HHH000037: Columns: [activotalla, nombretalla, descripciontalla, idtalla]
oct 14, 2021 8:19:52 PM org.hibernate.tool.hbm2ddl.TableMetadata <init>
INFO: HHH000261: Table found: microcosmos.tipodepago
oct 14, 2021 8:19:52 PM org.hibernate.tool.hbm2ddl.TableMetadata <init>
INFO: HHH000037: Columns: [descripciontipodepago, nombretipodepago, idtipodepago, activotipodepago]
oct 14, 2021 8:19:52 PM org.hibernate.tool.hbm2ddl.TableMetadata <init>
INFO: HHH000261: Table found: microcosmos.tipodocumento
oct 14, 2021 8:19:52 PM org.hibernate.tool.hbm2ddl.TableMetadata <init>
INFO: HHH000037: Columns: [nombretipodocumento, descripciontipodocumento, activotipodocumento, idtipodocumento]
oct 14, 2021 8:19:52 PM org.hibernate.tool.hbm2ddl.TableMetadata <init>
INFO: HHH000261: Table found: microcosmos.usuarios
oct 14, 2021 8:19:52 PM org.hibernate.tool.hbm2ddl.TableMetadata <init>
INFO: HHH000037: Columns: [nombreusuario, idempleados, numerodeintentos, activousuario, admin, contrasena, idusuario]
oct 14, 2021 8:19:52 PM org.hibernate.tool.hbm2ddl.TableMetadata <init>
INFO: HHH000261: Table found: microcosmos.venta
oct 14, 2021 8:19:52 PM org.hibernate.tool.hbm2ddl.TableMetadata <init>
INFO: HHH000037: Columns: [numtarjeta, idtipodepago, formato, montoefectivo, idcliente, idestado, idventa, total, idempleados, impuesto, subtotal, montotarjeta, fechaventa, idparametros]
oct 14, 2021 8:19:52 PM org.hibernate.jpa.internal.EntityManagerFactoryRegistry addEntityManagerFactory
WARN: HHH000436: Entity manager factory name (DB) is already registered.  If entity manager will be clustered or passivated, specify a unique value for property 'hibernate.ejb.entitymanager_factory_name'
oct 14, 2021 8:19:52 PM org.hibernate.ejb.HibernatePersistence logDeprecation
WARN: HHH015016: Encountered a deprecated javax.persistence.spi.PersistenceProvider [org.hibernate.ejb.HibernatePersistence]; use [org.hibernate.jpa.HibernatePersistenceProvider] instead.
oct 14, 2021 8:19:52 PM org.hibernate.ejb.HibernatePersistence logDeprecation
WARN: HHH015016: Encountered a deprecated javax.persistence.spi.PersistenceProvider [org.hibernate.ejb.HibernatePersistence]; use [org.hibernate.jpa.HibernatePersistenceProvider] instead.
oct 14, 2021 8:19:52 PM org.hibernate.ejb.HibernatePersistence logDeprecation
WARN: HHH015016: Encountered a deprecated javax.persistence.spi.PersistenceProvider [org.hibernate.ejb.HibernatePersistence]; use [org.hibernate.jpa.HibernatePersistenceProvider] instead.
oct 14, 2021 8:19:52 PM org.hibernate.jpa.internal.util.LogHelper logPersistenceUnitInformation
INFO: HHH000204: Processing PersistenceUnitInfo [
	name: DB
	...]
oct 14, 2021 8:19:52 PM org.hibernate.engine.jdbc.connections.internal.DriverManagerConnectionProviderImpl configure
WARN: HHH000402: Using Hibernate built-in connection pool (not for production use!)
oct 14, 2021 8:19:52 PM org.hibernate.engine.jdbc.connections.internal.DriverManagerConnectionProviderImpl buildCreator
INFO: HHH000401: using driver [com.mysql.jdbc.Driver] at URL [jdbc:mysql://localhost:3306/Microcosmos?zeroDateTimeBehavior=convertToNull]
oct 14, 2021 8:19:52 PM org.hibernate.engine.jdbc.connections.internal.DriverManagerConnectionProviderImpl buildCreator
INFO: HHH000046: Connection properties: {user=root, password=****}
oct 14, 2021 8:19:52 PM org.hibernate.engine.jdbc.connections.internal.DriverManagerConnectionProviderImpl buildCreator
INFO: HHH000006: Autocommit mode: false
oct 14, 2021 8:19:52 PM org.hibernate.engine.jdbc.connections.internal.DriverManagerConnectionProviderImpl configure
INFO: HHH000115: Hibernate connection pool size: 20 (min=1)
oct 14, 2021 8:19:52 PM org.hibernate.dialect.Dialect <init>
INFO: HHH000400: Using dialect: org.hibernate.dialect.MySQLDialect
oct 14, 2021 8:19:52 PM org.hibernate.hql.internal.ast.ASTQueryTranslatorFactory <init>
INFO: HHH000397: Using ASTQueryTranslatorFactory
oct 14, 2021 8:19:52 PM org.hibernate.tool.hbm2ddl.SchemaValidator validate
INFO: HHH000229: Running schema validator
oct 14, 2021 8:19:52 PM org.hibernate.tool.hbm2ddl.SchemaValidator validate
INFO: HHH000102: Fetching database metadata
oct 14, 2021 8:19:52 PM org.hibernate.tool.hbm2ddl.TableMetadata <init>
INFO: HHH000261: Table found: microcosmos.arealaboral
oct 14, 2021 8:19:52 PM org.hibernate.tool.hbm2ddl.TableMetadata <init>
INFO: HHH000037: Columns: [idarealaboral, descripcionarealaboral, nombrearealaboral, activoarealaboral]
oct 14, 2021 8:19:52 PM org.hibernate.tool.hbm2ddl.TableMetadata <init>
INFO: HHH000261: Table found: microcosmos.arealaboralhistorica
oct 14, 2021 8:19:52 PM org.hibernate.tool.hbm2ddl.TableMetadata <init>
INFO: HHH000037: Columns: [idempleados, fechaconclusion, fechacomienzo, idarealaboralhistorica]
oct 14, 2021 8:19:52 PM org.hibernate.tool.hbm2ddl.TableMetadata <init>
INFO: HHH000261: Table found: microcosmos.articulo
oct 14, 2021 8:19:52 PM org.hibernate.tool.hbm2ddl.TableMetadata <init>
INFO: HHH000037: Columns: [idsecciontienda, stockmaximo, activoarticulo, nombrearticulo, stockminimo, precioarticulo, idtalla, stock, descripcionarticulo, idarticulo]
oct 14, 2021 8:19:52 PM org.hibernate.tool.hbm2ddl.TableMetadata <init>
INFO: HHH000261: Table found: microcosmos.clientes
oct 14, 2021 8:19:52 PM org.hibernate.tool.hbm2ddl.TableMetadata <init>
INFO: HHH000037: Columns: [telefonocliente, direccioncliente, idtipodocumento, idsexo, documento, activocliente, idcliente, nombrecliente, apellidocliente, correocliente]
oct 14, 2021 8:19:52 PM org.hibernate.tool.hbm2ddl.TableMetadata <init>
INFO: HHH000261: Table found: microcosmos.compra
oct 14, 2021 8:19:52 PM org.hibernate.tool.hbm2ddl.TableMetadata <init>
INFO: HHH000037: Columns: [idcompra, fechapedido, idproveedor, idempleados, fecharecibido, totalcompra, idestado]
oct 14, 2021 8:19:52 PM org.hibernate.tool.hbm2ddl.TableMetadata <init>
INFO: HHH000261: Table found: microcosmos.detallecompra
oct 14, 2021 8:19:52 PM org.hibernate.tool.hbm2ddl.TableMetadata <init>
INFO: HHH000037: Columns: [idcompra, iddetallecompra, preciocompra, cantidad, idarticulo]
oct 14, 2021 8:19:52 PM org.hibernate.tool.hbm2ddl.TableMetadata <init>
INFO: HHH000261: Table found: microcosmos.detalleventa
oct 14, 2021 8:19:52 PM org.hibernate.tool.hbm2ddl.TableMetadata <init>
INFO: HHH000037: Columns: [idventa, iddetalleventa, cantidad, idarticulo]
oct 14, 2021 8:19:52 PM org.hibernate.tool.hbm2ddl.TableMetadata <init>
INFO: HHH000261: Table found: microcosmos.empleados
oct 14, 2021 8:19:52 PM org.hibernate.tool.hbm2ddl.TableMetadata <init>
INFO: HHH000037: Columns: [idempleados, idarealaboral, idtipodocumento, idsexo, telefonoempleado, documento, nombreempleado, correoempleado, apellidoempleado, fechadenacimiento, activoempleado]
oct 14, 2021 8:19:52 PM org.hibernate.tool.hbm2ddl.TableMetadata <init>
INFO: HHH000261: Table found: microcosmos.entidades
oct 14, 2021 8:19:52 PM org.hibernate.tool.hbm2ddl.TableMetadata <init>
INFO: HHH000037: Columns: [identidad, activoentidad, nombreentidad]
oct 14, 2021 8:19:52 PM org.hibernate.tool.hbm2ddl.TableMetadata <init>
INFO: HHH000261: Table found: microcosmos.estado
oct 14, 2021 8:19:52 PM org.hibernate.tool.hbm2ddl.TableMetadata <init>
INFO: HHH000037: Columns: [nombreestado, activoestado, identidad, descripcionestado, idestado]
oct 14, 2021 8:19:52 PM org.hibernate.tool.hbm2ddl.TableMetadata <init>
INFO: HHH000261: Table found: microcosmos.facturasdevueltas
oct 14, 2021 8:19:52 PM org.hibernate.tool.hbm2ddl.TableMetadata <init>
INFO: HHH000037: Columns: [idventa, descripcion, fechadevolucion, idempleados, idfacturadevuelta]
oct 14, 2021 8:19:52 PM org.hibernate.tool.hbm2ddl.TableMetadata <init>
INFO: HHH000261: Table found: microcosmos.parametros
oct 14, 2021 8:19:52 PM org.hibernate.tool.hbm2ddl.TableMetadata <init>
INFO: HHH000037: Columns: [facturainicial, fechaemision, facturafinal, activoparametros, fechacaducidad, cai, idparametros]
oct 14, 2021 8:19:52 PM org.hibernate.tool.hbm2ddl.TableMetadata <init>
INFO: HHH000261: Table found: microcosmos.pedidosdevueltos
oct 14, 2021 8:19:52 PM org.hibernate.tool.hbm2ddl.TableMetadata <init>
INFO: HHH000037: Columns: [idcompra, descripcion, idempleados, idpedidosdevueltos, fechaanulacion]
oct 14, 2021 8:19:52 PM org.hibernate.tool.hbm2ddl.TableMetadata <init>
INFO: HHH000261: Table found: microcosmos.preciohistorico
oct 14, 2021 8:19:52 PM org.hibernate.tool.hbm2ddl.TableMetadata <init>
INFO: HHH000037: Columns: [precio, idpreciohistorico, fechainicial, fechafinal, idarticulo, activopreciohistorico]
oct 14, 2021 8:19:52 PM org.hibernate.tool.hbm2ddl.TableMetadata <init>
INFO: HHH000261: Table found: microcosmos.proveedores
oct 14, 2021 8:19:52 PM org.hibernate.tool.hbm2ddl.TableMetadata <init>
INFO: HHH000037: Columns: [idproveedor, activoproveedor, idtipodocumento, nombreproveedor, correoproveedor, telefonoproveedor, documento, ubicacionproveedor]
oct 14, 2021 8:19:52 PM org.hibernate.tool.hbm2ddl.TableMetadata <init>
INFO: HHH000261: Table found: microcosmos.secciontienda
oct 14, 2021 8:19:52 PM org.hibernate.tool.hbm2ddl.TableMetadata <init>
INFO: HHH000037: Columns: [idsecciontienda, descripcionsecciontienda, nombresecciontienda, activosecciontienda]
oct 14, 2021 8:19:52 PM org.hibernate.tool.hbm2ddl.TableMetadata <init>
INFO: HHH000261: Table found: microcosmos.sexo
oct 14, 2021 8:19:52 PM org.hibernate.tool.hbm2ddl.TableMetadata <init>
INFO: HHH000037: Columns: [idsexo, nombresexo, descripcionsexo]
oct 14, 2021 8:19:52 PM org.hibernate.tool.hbm2ddl.TableMetadata <init>
INFO: HHH000261: Table found: microcosmos.talla
oct 14, 2021 8:19:52 PM org.hibernate.tool.hbm2ddl.TableMetadata <init>
INFO: HHH000037: Columns: [activotalla, nombretalla, descripciontalla, idtalla]
oct 14, 2021 8:19:52 PM org.hibernate.tool.hbm2ddl.TableMetadata <init>
INFO: HHH000261: Table found: microcosmos.tipodepago
oct 14, 2021 8:19:52 PM org.hibernate.tool.hbm2ddl.TableMetadata <init>
INFO: HHH000037: Columns: [descripciontipodepago, nombretipodepago, idtipodepago, activotipodepago]
oct 14, 2021 8:19:52 PM org.hibernate.tool.hbm2ddl.TableMetadata <init>
INFO: HHH000261: Table found: microcosmos.tipodocumento
oct 14, 2021 8:19:52 PM org.hibernate.tool.hbm2ddl.TableMetadata <init>
INFO: HHH000037: Columns: [nombretipodocumento, descripciontipodocumento, activotipodocumento, idtipodocumento]
oct 14, 2021 8:19:52 PM org.hibernate.tool.hbm2ddl.TableMetadata <init>
INFO: HHH000261: Table found: microcosmos.usuarios
oct 14, 2021 8:19:52 PM org.hibernate.tool.hbm2ddl.TableMetadata <init>
INFO: HHH000037: Columns: [nombreusuario, idempleados, numerodeintentos, activousuario, admin, contrasena, idusuario]
oct 14, 2021 8:19:52 PM org.hibernate.tool.hbm2ddl.TableMetadata <init>
INFO: HHH000261: Table found: microcosmos.venta
oct 14, 2021 8:19:52 PM org.hibernate.tool.hbm2ddl.TableMetadata <init>
INFO: HHH000037: Columns: [numtarjeta, idtipodepago, formato, montoefectivo, idcliente, idestado, idventa, total, idempleados, impuesto, subtotal, montotarjeta, fechaventa, idparametros]
oct 14, 2021 8:19:52 PM org.hibernate.jpa.internal.EntityManagerFactoryRegistry addEntityManagerFactory
WARN: HHH000436: Entity manager factory name (DB) is already registered.  If entity manager will be clustered or passivated, specify a unique value for property 'hibernate.ejb.entitymanager_factory_name'
oct 14, 2021 8:19:52 PM org.hibernate.ejb.HibernatePersistence logDeprecation
WARN: HHH015016: Encountered a deprecated javax.persistence.spi.PersistenceProvider [org.hibernate.ejb.HibernatePersistence]; use [org.hibernate.jpa.HibernatePersistenceProvider] instead.
oct 14, 2021 8:19:52 PM org.hibernate.ejb.HibernatePersistence logDeprecation
WARN: HHH015016: Encountered a deprecated javax.persistence.spi.PersistenceProvider [org.hibernate.ejb.HibernatePersistence]; use [org.hibernate.jpa.HibernatePersistenceProvider] instead.
oct 14, 2021 8:19:52 PM org.hibernate.ejb.HibernatePersistence logDeprecation
WARN: HHH015016: Encountered a deprecated javax.persistence.spi.PersistenceProvider [org.hibernate.ejb.HibernatePersistence]; use [org.hibernate.jpa.HibernatePersistenceProvider] instead.
oct 14, 2021 8:19:52 PM org.hibernate.jpa.internal.util.LogHelper logPersistenceUnitInformation
INFO: HHH000204: Processing PersistenceUnitInfo [
	name: DB
	...]
oct 14, 2021 8:19:52 PM org.hibernate.engine.jdbc.connections.internal.DriverManagerConnectionProviderImpl configure
WARN: HHH000402: Using Hibernate built-in connection pool (not for production use!)
oct 14, 2021 8:19:52 PM org.hibernate.engine.jdbc.connections.internal.DriverManagerConnectionProviderImpl buildCreator
INFO: HHH000401: using driver [com.mysql.jdbc.Driver] at URL [jdbc:mysql://localhost:3306/Microcosmos?zeroDateTimeBehavior=convertToNull]
oct 14, 2021 8:19:52 PM org.hibernate.engine.jdbc.connections.internal.DriverManagerConnectionProviderImpl buildCreator
INFO: HHH000046: Connection properties: {user=root, password=****}
oct 14, 2021 8:19:52 PM org.hibernate.engine.jdbc.connections.internal.DriverManagerConnectionProviderImpl buildCreator
INFO: HHH000006: Autocommit mode: false
oct 14, 2021 8:19:52 PM org.hibernate.engine.jdbc.connections.internal.DriverManagerConnectionProviderImpl configure
INFO: HHH000115: Hibernate connection pool size: 20 (min=1)
oct 14, 2021 8:19:52 PM org.hibernate.dialect.Dialect <init>
INFO: HHH000400: Using dialect: org.hibernate.dialect.MySQLDialect
oct 14, 2021 8:19:52 PM org.hibernate.hql.internal.ast.ASTQueryTranslatorFactory <init>
INFO: HHH000397: Using ASTQueryTranslatorFactory
oct 14, 2021 8:19:52 PM org.hibernate.tool.hbm2ddl.SchemaValidator validate
INFO: HHH000229: Running schema validator
oct 14, 2021 8:19:52 PM org.hibernate.tool.hbm2ddl.SchemaValidator validate
INFO: HHH000102: Fetching database metadata
oct 14, 2021 8:19:52 PM org.hibernate.tool.hbm2ddl.TableMetadata <init>
INFO: HHH000261: Table found: microcosmos.arealaboral
oct 14, 2021 8:19:52 PM org.hibernate.tool.hbm2ddl.TableMetadata <init>
INFO: HHH000037: Columns: [idarealaboral, descripcionarealaboral, nombrearealaboral, activoarealaboral]
oct 14, 2021 8:19:52 PM org.hibernate.tool.hbm2ddl.TableMetadata <init>
INFO: HHH000261: Table found: microcosmos.arealaboralhistorica
oct 14, 2021 8:19:52 PM org.hibernate.tool.hbm2ddl.TableMetadata <init>
INFO: HHH000037: Columns: [idempleados, fechaconclusion, fechacomienzo, idarealaboralhistorica]
oct 14, 2021 8:19:52 PM org.hibernate.tool.hbm2ddl.TableMetadata <init>
INFO: HHH000261: Table found: microcosmos.articulo
oct 14, 2021 8:19:52 PM org.hibernate.tool.hbm2ddl.TableMetadata <init>
INFO: HHH000037: Columns: [idsecciontienda, stockmaximo, activoarticulo, nombrearticulo, stockminimo, precioarticulo, idtalla, stock, descripcionarticulo, idarticulo]
oct 14, 2021 8:19:52 PM org.hibernate.tool.hbm2ddl.TableMetadata <init>
INFO: HHH000261: Table found: microcosmos.clientes
oct 14, 2021 8:19:52 PM org.hibernate.tool.hbm2ddl.TableMetadata <init>
INFO: HHH000037: Columns: [telefonocliente, direccioncliente, idtipodocumento, idsexo, documento, activocliente, idcliente, nombrecliente, apellidocliente, correocliente]
oct 14, 2021 8:19:52 PM org.hibernate.tool.hbm2ddl.TableMetadata <init>
INFO: HHH000261: Table found: microcosmos.compra
oct 14, 2021 8:19:52 PM org.hibernate.tool.hbm2ddl.TableMetadata <init>
INFO: HHH000037: Columns: [idcompra, fechapedido, idproveedor, idempleados, fecharecibido, totalcompra, idestado]
oct 14, 2021 8:19:52 PM org.hibernate.tool.hbm2ddl.TableMetadata <init>
INFO: HHH000261: Table found: microcosmos.detallecompra
oct 14, 2021 8:19:52 PM org.hibernate.tool.hbm2ddl.TableMetadata <init>
INFO: HHH000037: Columns: [idcompra, iddetallecompra, preciocompra, cantidad, idarticulo]
oct 14, 2021 8:19:52 PM org.hibernate.tool.hbm2ddl.TableMetadata <init>
INFO: HHH000261: Table found: microcosmos.detalleventa
oct 14, 2021 8:19:52 PM org.hibernate.tool.hbm2ddl.TableMetadata <init>
INFO: HHH000037: Columns: [idventa, iddetalleventa, cantidad, idarticulo]
oct 14, 2021 8:19:52 PM org.hibernate.tool.hbm2ddl.TableMetadata <init>
INFO: HHH000261: Table found: microcosmos.empleados
oct 14, 2021 8:19:52 PM org.hibernate.tool.hbm2ddl.TableMetadata <init>
INFO: HHH000037: Columns: [idempleados, idarealaboral, idtipodocumento, idsexo, telefonoempleado, documento, nombreempleado, correoempleado, apellidoempleado, fechadenacimiento, activoempleado]
oct 14, 2021 8:19:52 PM org.hibernate.tool.hbm2ddl.TableMetadata <init>
INFO: HHH000261: Table found: microcosmos.entidades
oct 14, 2021 8:19:52 PM org.hibernate.tool.hbm2ddl.TableMetadata <init>
INFO: HHH000037: Columns: [identidad, activoentidad, nombreentidad]
oct 14, 2021 8:19:52 PM org.hibernate.tool.hbm2ddl.TableMetadata <init>
INFO: HHH000261: Table found: microcosmos.estado
oct 14, 2021 8:19:52 PM org.hibernate.tool.hbm2ddl.TableMetadata <init>
INFO: HHH000037: Columns: [nombreestado, activoestado, identidad, descripcionestado, idestado]
oct 14, 2021 8:19:52 PM org.hibernate.tool.hbm2ddl.TableMetadata <init>
INFO: HHH000261: Table found: microcosmos.facturasdevueltas
oct 14, 2021 8:19:52 PM org.hibernate.tool.hbm2ddl.TableMetadata <init>
INFO: HHH000037: Columns: [idventa, descripcion, fechadevolucion, idempleados, idfacturadevuelta]
oct 14, 2021 8:19:52 PM org.hibernate.tool.hbm2ddl.TableMetadata <init>
INFO: HHH000261: Table found: microcosmos.parametros
oct 14, 2021 8:19:52 PM org.hibernate.tool.hbm2ddl.TableMetadata <init>
INFO: HHH000037: Columns: [facturainicial, fechaemision, facturafinal, activoparametros, fechacaducidad, cai, idparametros]
oct 14, 2021 8:19:52 PM org.hibernate.tool.hbm2ddl.TableMetadata <init>
INFO: HHH000261: Table found: microcosmos.pedidosdevueltos
oct 14, 2021 8:19:52 PM org.hibernate.tool.hbm2ddl.TableMetadata <init>
INFO: HHH000037: Columns: [idcompra, descripcion, idempleados, idpedidosdevueltos, fechaanulacion]
oct 14, 2021 8:19:52 PM org.hibernate.tool.hbm2ddl.TableMetadata <init>
INFO: HHH000261: Table found: microcosmos.preciohistorico
oct 14, 2021 8:19:52 PM org.hibernate.tool.hbm2ddl.TableMetadata <init>
INFO: HHH000037: Columns: [precio, idpreciohistorico, fechainicial, fechafinal, idarticulo, activopreciohistorico]
oct 14, 2021 8:19:52 PM org.hibernate.tool.hbm2ddl.TableMetadata <init>
INFO: HHH000261: Table found: microcosmos.proveedores
oct 14, 2021 8:19:52 PM org.hibernate.tool.hbm2ddl.TableMetadata <init>
INFO: HHH000037: Columns: [idproveedor, activoproveedor, idtipodocumento, nombreproveedor, correoproveedor, telefonoproveedor, documento, ubicacionproveedor]
oct 14, 2021 8:19:52 PM org.hibernate.tool.hbm2ddl.TableMetadata <init>
INFO: HHH000261: Table found: microcosmos.secciontienda
oct 14, 2021 8:19:52 PM org.hibernate.tool.hbm2ddl.TableMetadata <init>
INFO: HHH000037: Columns: [idsecciontienda, descripcionsecciontienda, nombresecciontienda, activosecciontienda]
oct 14, 2021 8:19:52 PM org.hibernate.tool.hbm2ddl.TableMetadata <init>
INFO: HHH000261: Table found: microcosmos.sexo
oct 14, 2021 8:19:52 PM org.hibernate.tool.hbm2ddl.TableMetadata <init>
INFO: HHH000037: Columns: [idsexo, nombresexo, descripcionsexo]
oct 14, 2021 8:19:52 PM org.hibernate.tool.hbm2ddl.TableMetadata <init>
INFO: HHH000261: Table found: microcosmos.talla
oct 14, 2021 8:19:52 PM org.hibernate.tool.hbm2ddl.TableMetadata <init>
INFO: HHH000037: Columns: [activotalla, nombretalla, descripciontalla, idtalla]
oct 14, 2021 8:19:52 PM org.hibernate.tool.hbm2ddl.TableMetadata <init>
INFO: HHH000261: Table found: microcosmos.tipodepago
oct 14, 2021 8:19:52 PM org.hibernate.tool.hbm2ddl.TableMetadata <init>
INFO: HHH000037: Columns: [descripciontipodepago, nombretipodepago, idtipodepago, activotipodepago]
oct 14, 2021 8:19:52 PM org.hibernate.tool.hbm2ddl.TableMetadata <init>
INFO: HHH000261: Table found: microcosmos.tipodocumento
oct 14, 2021 8:19:52 PM org.hibernate.tool.hbm2ddl.TableMetadata <init>
INFO: HHH000037: Columns: [nombretipodocumento, descripciontipodocumento, activotipodocumento, idtipodocumento]
oct 14, 2021 8:19:52 PM org.hibernate.tool.hbm2ddl.TableMetadata <init>
INFO: HHH000261: Table found: microcosmos.usuarios
oct 14, 2021 8:19:52 PM org.hibernate.tool.hbm2ddl.TableMetadata <init>
INFO: HHH000037: Columns: [nombreusuario, idempleados, numerodeintentos, activousuario, admin, contrasena, idusuario]
oct 14, 2021 8:19:52 PM org.hibernate.tool.hbm2ddl.TableMetadata <init>
INFO: HHH000261: Table found: microcosmos.venta
oct 14, 2021 8:19:52 PM org.hibernate.tool.hbm2ddl.TableMetadata <init>
INFO: HHH000037: Columns: [numtarjeta, idtipodepago, formato, montoefectivo, idcliente, idestado, idventa, total, idempleados, impuesto, subtotal, montotarjeta, fechaventa, idparametros]
oct 14, 2021 8:19:52 PM org.hibernate.jpa.internal.EntityManagerFactoryRegistry addEntityManagerFactory
WARN: HHH000436: Entity manager factory name (DB) is already registered.  If entity manager will be clustered or passivated, specify a unique value for property 'hibernate.ejb.entitymanager_factory_name'
oct 14, 2021 8:19:52 PM org.hibernate.ejb.HibernatePersistence logDeprecation
WARN: HHH015016: Encountered a deprecated javax.persistence.spi.PersistenceProvider [org.hibernate.ejb.HibernatePersistence]; use [org.hibernate.jpa.HibernatePersistenceProvider] instead.
oct 14, 2021 8:19:52 PM org.hibernate.ejb.HibernatePersistence logDeprecation
WARN: HHH015016: Encountered a deprecated javax.persistence.spi.PersistenceProvider [org.hibernate.ejb.HibernatePersistence]; use [org.hibernate.jpa.HibernatePersistenceProvider] instead.
oct 14, 2021 8:19:52 PM org.hibernate.ejb.HibernatePersistence logDeprecation
WARN: HHH015016: Encountered a deprecated javax.persistence.spi.PersistenceProvider [org.hibernate.ejb.HibernatePersistence]; use [org.hibernate.jpa.HibernatePersistenceProvider] instead.
oct 14, 2021 8:19:52 PM org.hibernate.jpa.internal.util.LogHelper logPersistenceUnitInformation
INFO: HHH000204: Processing PersistenceUnitInfo [
	name: DB
	...]
oct 14, 2021 8:19:52 PM org.hibernate.engine.jdbc.connections.internal.DriverManagerConnectionProviderImpl configure
WARN: HHH000402: Using Hibernate built-in connection pool (not for production use!)
oct 14, 2021 8:19:52 PM org.hibernate.engine.jdbc.connections.internal.DriverManagerConnectionProviderImpl buildCreator
INFO: HHH000401: using driver [com.mysql.jdbc.Driver] at URL [jdbc:mysql://localhost:3306/Microcosmos?zeroDateTimeBehavior=convertToNull]
oct 14, 2021 8:19:52 PM org.hibernate.engine.jdbc.connections.internal.DriverManagerConnectionProviderImpl buildCreator
INFO: HHH000046: Connection properties: {user=root, password=****}
oct 14, 2021 8:19:52 PM org.hibernate.engine.jdbc.connections.internal.DriverManagerConnectionProviderImpl buildCreator
INFO: HHH000006: Autocommit mode: false
oct 14, 2021 8:19:52 PM org.hibernate.engine.jdbc.connections.internal.DriverManagerConnectionProviderImpl configure
INFO: HHH000115: Hibernate connection pool size: 20 (min=1)
oct 14, 2021 8:19:52 PM org.hibernate.dialect.Dialect <init>
INFO: HHH000400: Using dialect: org.hibernate.dialect.MySQLDialect
oct 14, 2021 8:19:52 PM org.hibernate.hql.internal.ast.ASTQueryTranslatorFactory <init>
INFO: HHH000397: Using ASTQueryTranslatorFactory
oct 14, 2021 8:19:52 PM org.hibernate.tool.hbm2ddl.SchemaValidator validate
INFO: HHH000229: Running schema validator
oct 14, 2021 8:19:52 PM org.hibernate.tool.hbm2ddl.SchemaValidator validate
INFO: HHH000102: Fetching database metadata
oct 14, 2021 8:19:52 PM org.hibernate.tool.hbm2ddl.TableMetadata <init>
INFO: HHH000261: Table found: microcosmos.arealaboral
oct 14, 2021 8:19:52 PM org.hibernate.tool.hbm2ddl.TableMetadata <init>
INFO: HHH000037: Columns: [idarealaboral, descripcionarealaboral, nombrearealaboral, activoarealaboral]
oct 14, 2021 8:19:52 PM org.hibernate.tool.hbm2ddl.TableMetadata <init>
INFO: HHH000261: Table found: microcosmos.arealaboralhistorica
oct 14, 2021 8:19:52 PM org.hibernate.tool.hbm2ddl.TableMetadata <init>
INFO: HHH000037: Columns: [idempleados, fechaconclusion, fechacomienzo, idarealaboralhistorica]
oct 14, 2021 8:19:52 PM org.hibernate.tool.hbm2ddl.TableMetadata <init>
INFO: HHH000261: Table found: microcosmos.articulo
oct 14, 2021 8:19:52 PM org.hibernate.tool.hbm2ddl.TableMetadata <init>
INFO: HHH000037: Columns: [idsecciontienda, stockmaximo, activoarticulo, nombrearticulo, stockminimo, precioarticulo, idtalla, stock, descripcionarticulo, idarticulo]
oct 14, 2021 8:19:52 PM org.hibernate.tool.hbm2ddl.TableMetadata <init>
INFO: HHH000261: Table found: microcosmos.clientes
oct 14, 2021 8:19:52 PM org.hibernate.tool.hbm2ddl.TableMetadata <init>
INFO: HHH000037: Columns: [telefonocliente, direccioncliente, idtipodocumento, idsexo, documento, activocliente, idcliente, nombrecliente, apellidocliente, correocliente]
oct 14, 2021 8:19:52 PM org.hibernate.tool.hbm2ddl.TableMetadata <init>
INFO: HHH000261: Table found: microcosmos.compra
oct 14, 2021 8:19:52 PM org.hibernate.tool.hbm2ddl.TableMetadata <init>
INFO: HHH000037: Columns: [idcompra, fechapedido, idproveedor, idempleados, fecharecibido, totalcompra, idestado]
oct 14, 2021 8:19:52 PM org.hibernate.tool.hbm2ddl.TableMetadata <init>
INFO: HHH000261: Table found: microcosmos.detallecompra
oct 14, 2021 8:19:52 PM org.hibernate.tool.hbm2ddl.TableMetadata <init>
INFO: HHH000037: Columns: [idcompra, iddetallecompra, preciocompra, cantidad, idarticulo]
oct 14, 2021 8:19:52 PM org.hibernate.tool.hbm2ddl.TableMetadata <init>
INFO: HHH000261: Table found: microcosmos.detalleventa
oct 14, 2021 8:19:52 PM org.hibernate.tool.hbm2ddl.TableMetadata <init>
INFO: HHH000037: Columns: [idventa, iddetalleventa, cantidad, idarticulo]
oct 14, 2021 8:19:52 PM org.hibernate.tool.hbm2ddl.TableMetadata <init>
INFO: HHH000261: Table found: microcosmos.empleados
oct 14, 2021 8:19:52 PM org.hibernate.tool.hbm2ddl.TableMetadata <init>
INFO: HHH000037: Columns: [idempleados, idarealaboral, idtipodocumento, idsexo, telefonoempleado, documento, nombreempleado, correoempleado, apellidoempleado, fechadenacimiento, activoempleado]
oct 14, 2021 8:19:52 PM org.hibernate.tool.hbm2ddl.TableMetadata <init>
INFO: HHH000261: Table found: microcosmos.entidades
oct 14, 2021 8:19:52 PM org.hibernate.tool.hbm2ddl.TableMetadata <init>
INFO: HHH000037: Columns: [identidad, activoentidad, nombreentidad]
oct 14, 2021 8:19:52 PM org.hibernate.tool.hbm2ddl.TableMetadata <init>
INFO: HHH000261: Table found: microcosmos.estado
oct 14, 2021 8:19:52 PM org.hibernate.tool.hbm2ddl.TableMetadata <init>
INFO: HHH000037: Columns: [nombreestado, activoestado, identidad, descripcionestado, idestado]
oct 14, 2021 8:19:52 PM org.hibernate.tool.hbm2ddl.TableMetadata <init>
INFO: HHH000261: Table found: microcosmos.facturasdevueltas
oct 14, 2021 8:19:52 PM org.hibernate.tool.hbm2ddl.TableMetadata <init>
INFO: HHH000037: Columns: [idventa, descripcion, fechadevolucion, idempleados, idfacturadevuelta]
oct 14, 2021 8:19:52 PM org.hibernate.tool.hbm2ddl.TableMetadata <init>
INFO: HHH000261: Table found: microcosmos.parametros
oct 14, 2021 8:19:52 PM org.hibernate.tool.hbm2ddl.TableMetadata <init>
INFO: HHH000037: Columns: [facturainicial, fechaemision, facturafinal, activoparametros, fechacaducidad, cai, idparametros]
oct 14, 2021 8:19:52 PM org.hibernate.tool.hbm2ddl.TableMetadata <init>
INFO: HHH000261: Table found: microcosmos.pedidosdevueltos
oct 14, 2021 8:19:52 PM org.hibernate.tool.hbm2ddl.TableMetadata <init>
INFO: HHH000037: Columns: [idcompra, descripcion, idempleados, idpedidosdevueltos, fechaanulacion]
oct 14, 2021 8:19:52 PM org.hibernate.tool.hbm2ddl.TableMetadata <init>
INFO: HHH000261: Table found: microcosmos.preciohistorico
oct 14, 2021 8:19:52 PM org.hibernate.tool.hbm2ddl.TableMetadata <init>
INFO: HHH000037: Columns: [precio, idpreciohistorico, fechainicial, fechafinal, idarticulo, activopreciohistorico]
oct 14, 2021 8:19:52 PM org.hibernate.tool.hbm2ddl.TableMetadata <init>
INFO: HHH000261: Table found: microcosmos.proveedores
oct 14, 2021 8:19:52 PM org.hibernate.tool.hbm2ddl.TableMetadata <init>
INFO: HHH000037: Columns: [idproveedor, activoproveedor, idtipodocumento, nombreproveedor, correoproveedor, telefonoproveedor, documento, ubicacionproveedor]
oct 14, 2021 8:19:52 PM org.hibernate.tool.hbm2ddl.TableMetadata <init>
INFO: HHH000261: Table found: microcosmos.secciontienda
oct 14, 2021 8:19:52 PM org.hibernate.tool.hbm2ddl.TableMetadata <init>
INFO: HHH000037: Columns: [idsecciontienda, descripcionsecciontienda, nombresecciontienda, activosecciontienda]
oct 14, 2021 8:19:52 PM org.hibernate.tool.hbm2ddl.TableMetadata <init>
INFO: HHH000261: Table found: microcosmos.sexo
oct 14, 2021 8:19:52 PM org.hibernate.tool.hbm2ddl.TableMetadata <init>
INFO: HHH000037: Columns: [idsexo, nombresexo, descripcionsexo]
oct 14, 2021 8:19:52 PM org.hibernate.tool.hbm2ddl.TableMetadata <init>
INFO: HHH000261: Table found: microcosmos.talla
oct 14, 2021 8:19:52 PM org.hibernate.tool.hbm2ddl.TableMetadata <init>
INFO: HHH000037: Columns: [activotalla, nombretalla, descripciontalla, idtalla]
oct 14, 2021 8:19:52 PM org.hibernate.tool.hbm2ddl.TableMetadata <init>
INFO: HHH000261: Table found: microcosmos.tipodepago
oct 14, 2021 8:19:52 PM org.hibernate.tool.hbm2ddl.TableMetadata <init>
INFO: HHH000037: Columns: [descripciontipodepago, nombretipodepago, idtipodepago, activotipodepago]
oct 14, 2021 8:19:52 PM org.hibernate.tool.hbm2ddl.TableMetadata <init>
INFO: HHH000261: Table found: microcosmos.tipodocumento
oct 14, 2021 8:19:52 PM org.hibernate.tool.hbm2ddl.TableMetadata <init>
INFO: HHH000037: Columns: [nombretipodocumento, descripciontipodocumento, activotipodocumento, idtipodocumento]
oct 14, 2021 8:19:52 PM org.hibernate.tool.hbm2ddl.TableMetadata <init>
INFO: HHH000261: Table found: microcosmos.usuarios
oct 14, 2021 8:19:52 PM org.hibernate.tool.hbm2ddl.TableMetadata <init>
INFO: HHH000037: Columns: [nombreusuario, idempleados, numerodeintentos, activousuario, admin, contrasena, idusuario]
oct 14, 2021 8:19:52 PM org.hibernate.tool.hbm2ddl.TableMetadata <init>
INFO: HHH000261: Table found: microcosmos.venta
oct 14, 2021 8:19:52 PM org.hibernate.tool.hbm2ddl.TableMetadata <init>
INFO: HHH000037: Columns: [numtarjeta, idtipodepago, formato, montoefectivo, idcliente, idestado, idventa, total, idempleados, impuesto, subtotal, montotarjeta, fechaventa, idparametros]
oct 14, 2021 8:19:52 PM org.hibernate.jpa.internal.EntityManagerFactoryRegistry addEntityManagerFactory
WARN: HHH000436: Entity manager factory name (DB) is already registered.  If entity manager will be clustered or passivated, specify a unique value for property 'hibernate.ejb.entitymanager_factory_name'
oct 14, 2021 8:19:52 PM org.hibernate.ejb.HibernatePersistence logDeprecation
WARN: HHH015016: Encountered a deprecated javax.persistence.spi.PersistenceProvider [org.hibernate.ejb.HibernatePersistence]; use [org.hibernate.jpa.HibernatePersistenceProvider] instead.
oct 14, 2021 8:19:52 PM org.hibernate.ejb.HibernatePersistence logDeprecation
WARN: HHH015016: Encountered a deprecated javax.persistence.spi.PersistenceProvider [org.hibernate.ejb.HibernatePersistence]; use [org.hibernate.jpa.HibernatePersistenceProvider] instead.
oct 14, 2021 8:19:52 PM org.hibernate.ejb.HibernatePersistence logDeprecation
WARN: HHH015016: Encountered a deprecated javax.persistence.spi.PersistenceProvider [org.hibernate.ejb.HibernatePersistence]; use [org.hibernate.jpa.HibernatePersistenceProvider] instead.
oct 14, 2021 8:19:52 PM org.hibernate.jpa.internal.util.LogHelper logPersistenceUnitInformation
INFO: HHH000204: Processing PersistenceUnitInfo [
	name: DB
	...]
oct 14, 2021 8:19:52 PM org.hibernate.engine.jdbc.connections.internal.DriverManagerConnectionProviderImpl configure
WARN: HHH000402: Using Hibernate built-in connection pool (not for production use!)
oct 14, 2021 8:19:52 PM org.hibernate.engine.jdbc.connections.internal.DriverManagerConnectionProviderImpl buildCreator
INFO: HHH000401: using driver [com.mysql.jdbc.Driver] at URL [jdbc:mysql://localhost:3306/Microcosmos?zeroDateTimeBehavior=convertToNull]
oct 14, 2021 8:19:52 PM org.hibernate.engine.jdbc.connections.internal.DriverManagerConnectionProviderImpl buildCreator
INFO: HHH000046: Connection properties: {user=root, password=****}
oct 14, 2021 8:19:52 PM org.hibernate.engine.jdbc.connections.internal.DriverManagerConnectionProviderImpl buildCreator
INFO: HHH000006: Autocommit mode: false
oct 14, 2021 8:19:52 PM org.hibernate.engine.jdbc.connections.internal.DriverManagerConnectionProviderImpl configure
INFO: HHH000115: Hibernate connection pool size: 20 (min=1)
oct 14, 2021 8:19:52 PM org.hibernate.dialect.Dialect <init>
INFO: HHH000400: Using dialect: org.hibernate.dialect.MySQLDialect
oct 14, 2021 8:19:52 PM org.hibernate.hql.internal.ast.ASTQueryTranslatorFactory <init>
INFO: HHH000397: Using ASTQueryTranslatorFactory
oct 14, 2021 8:19:52 PM org.hibernate.tool.hbm2ddl.SchemaValidator validate
INFO: HHH000229: Running schema validator
oct 14, 2021 8:19:52 PM org.hibernate.tool.hbm2ddl.SchemaValidator validate
INFO: HHH000102: Fetching database metadata
oct 14, 2021 8:19:52 PM org.hibernate.tool.hbm2ddl.TableMetadata <init>
INFO: HHH000261: Table found: microcosmos.arealaboral
oct 14, 2021 8:19:52 PM org.hibernate.tool.hbm2ddl.TableMetadata <init>
INFO: HHH000037: Columns: [idarealaboral, descripcionarealaboral, nombrearealaboral, activoarealaboral]
oct 14, 2021 8:19:52 PM org.hibernate.tool.hbm2ddl.TableMetadata <init>
INFO: HHH000261: Table found: microcosmos.arealaboralhistorica
oct 14, 2021 8:19:52 PM org.hibernate.tool.hbm2ddl.TableMetadata <init>
INFO: HHH000037: Columns: [idempleados, fechaconclusion, fechacomienzo, idarealaboralhistorica]
oct 14, 2021 8:19:52 PM org.hibernate.tool.hbm2ddl.TableMetadata <init>
INFO: HHH000261: Table found: microcosmos.articulo
oct 14, 2021 8:19:52 PM org.hibernate.tool.hbm2ddl.TableMetadata <init>
INFO: HHH000037: Columns: [idsecciontienda, stockmaximo, activoarticulo, nombrearticulo, stockminimo, precioarticulo, idtalla, stock, descripcionarticulo, idarticulo]
oct 14, 2021 8:19:52 PM org.hibernate.tool.hbm2ddl.TableMetadata <init>
INFO: HHH000261: Table found: microcosmos.clientes
oct 14, 2021 8:19:52 PM org.hibernate.tool.hbm2ddl.TableMetadata <init>
INFO: HHH000037: Columns: [telefonocliente, direccioncliente, idtipodocumento, idsexo, documento, activocliente, idcliente, nombrecliente, apellidocliente, correocliente]
oct 14, 2021 8:19:52 PM org.hibernate.tool.hbm2ddl.TableMetadata <init>
INFO: HHH000261: Table found: microcosmos.compra
oct 14, 2021 8:19:52 PM org.hibernate.tool.hbm2ddl.TableMetadata <init>
INFO: HHH000037: Columns: [idcompra, fechapedido, idproveedor, idempleados, fecharecibido, totalcompra, idestado]
oct 14, 2021 8:19:52 PM org.hibernate.tool.hbm2ddl.TableMetadata <init>
INFO: HHH000261: Table found: microcosmos.detallecompra
oct 14, 2021 8:19:52 PM org.hibernate.tool.hbm2ddl.TableMetadata <init>
INFO: HHH000037: Columns: [idcompra, iddetallecompra, preciocompra, cantidad, idarticulo]
oct 14, 2021 8:19:52 PM org.hibernate.tool.hbm2ddl.TableMetadata <init>
INFO: HHH000261: Table found: microcosmos.detalleventa
oct 14, 2021 8:19:52 PM org.hibernate.tool.hbm2ddl.TableMetadata <init>
INFO: HHH000037: Columns: [idventa, iddetalleventa, cantidad, idarticulo]
oct 14, 2021 8:19:52 PM org.hibernate.tool.hbm2ddl.TableMetadata <init>
INFO: HHH000261: Table found: microcosmos.empleados
oct 14, 2021 8:19:52 PM org.hibernate.tool.hbm2ddl.TableMetadata <init>
INFO: HHH000037: Columns: [idempleados, idarealaboral, idtipodocumento, idsexo, telefonoempleado, documento, nombreempleado, correoempleado, apellidoempleado, fechadenacimiento, activoempleado]
oct 14, 2021 8:19:52 PM org.hibernate.tool.hbm2ddl.TableMetadata <init>
INFO: HHH000261: Table found: microcosmos.entidades
oct 14, 2021 8:19:52 PM org.hibernate.tool.hbm2ddl.TableMetadata <init>
INFO: HHH000037: Columns: [identidad, activoentidad, nombreentidad]
oct 14, 2021 8:19:52 PM org.hibernate.tool.hbm2ddl.TableMetadata <init>
INFO: HHH000261: Table found: microcosmos.estado
oct 14, 2021 8:19:52 PM org.hibernate.tool.hbm2ddl.TableMetadata <init>
INFO: HHH000037: Columns: [nombreestado, activoestado, identidad, descripcionestado, idestado]
oct 14, 2021 8:19:52 PM org.hibernate.tool.hbm2ddl.TableMetadata <init>
INFO: HHH000261: Table found: microcosmos.facturasdevueltas
oct 14, 2021 8:19:52 PM org.hibernate.tool.hbm2ddl.TableMetadata <init>
INFO: HHH000037: Columns: [idventa, descripcion, fechadevolucion, idempleados, idfacturadevuelta]
oct 14, 2021 8:19:52 PM org.hibernate.tool.hbm2ddl.TableMetadata <init>
INFO: HHH000261: Table found: microcosmos.parametros
oct 14, 2021 8:19:52 PM org.hibernate.tool.hbm2ddl.TableMetadata <init>
INFO: HHH000037: Columns: [facturainicial, fechaemision, facturafinal, activoparametros, fechacaducidad, cai, idparametros]
oct 14, 2021 8:19:52 PM org.hibernate.tool.hbm2ddl.TableMetadata <init>
INFO: HHH000261: Table found: microcosmos.pedidosdevueltos
oct 14, 2021 8:19:52 PM org.hibernate.tool.hbm2ddl.TableMetadata <init>
INFO: HHH000037: Columns: [idcompra, descripcion, idempleados, idpedidosdevueltos, fechaanulacion]
oct 14, 2021 8:19:52 PM org.hibernate.tool.hbm2ddl.TableMetadata <init>
INFO: HHH000261: Table found: microcosmos.preciohistorico
oct 14, 2021 8:19:52 PM org.hibernate.tool.hbm2ddl.TableMetadata <init>
INFO: HHH000037: Columns: [precio, idpreciohistorico, fechainicial, fechafinal, idarticulo, activopreciohistorico]
oct 14, 2021 8:19:52 PM org.hibernate.tool.hbm2ddl.TableMetadata <init>
INFO: HHH000261: Table found: microcosmos.proveedores
oct 14, 2021 8:19:52 PM org.hibernate.tool.hbm2ddl.TableMetadata <init>
INFO: HHH000037: Columns: [idproveedor, activoproveedor, idtipodocumento, nombreproveedor, correoproveedor, telefonoproveedor, documento, ubicacionproveedor]
oct 14, 2021 8:19:52 PM org.hibernate.tool.hbm2ddl.TableMetadata <init>
INFO: HHH000261: Table found: microcosmos.secciontienda
oct 14, 2021 8:19:52 PM org.hibernate.tool.hbm2ddl.TableMetadata <init>
INFO: HHH000037: Columns: [idsecciontienda, descripcionsecciontienda, nombresecciontienda, activosecciontienda]
oct 14, 2021 8:19:52 PM org.hibernate.tool.hbm2ddl.TableMetadata <init>
INFO: HHH000261: Table found: microcosmos.sexo
oct 14, 2021 8:19:52 PM org.hibernate.tool.hbm2ddl.TableMetadata <init>
INFO: HHH000037: Columns: [idsexo, nombresexo, descripcionsexo]
oct 14, 2021 8:19:52 PM org.hibernate.tool.hbm2ddl.TableMetadata <init>
INFO: HHH000261: Table found: microcosmos.talla
oct 14, 2021 8:19:52 PM org.hibernate.tool.hbm2ddl.TableMetadata <init>
INFO: HHH000037: Columns: [activotalla, nombretalla, descripciontalla, idtalla]
oct 14, 2021 8:19:52 PM org.hibernate.tool.hbm2ddl.TableMetadata <init>
INFO: HHH000261: Table found: microcosmos.tipodepago
oct 14, 2021 8:19:52 PM org.hibernate.tool.hbm2ddl.TableMetadata <init>
INFO: HHH000037: Columns: [descripciontipodepago, nombretipodepago, idtipodepago, activotipodepago]
oct 14, 2021 8:19:52 PM org.hibernate.tool.hbm2ddl.TableMetadata <init>
INFO: HHH000261: Table found: microcosmos.tipodocumento
oct 14, 2021 8:19:52 PM org.hibernate.tool.hbm2ddl.TableMetadata <init>
INFO: HHH000037: Columns: [nombretipodocumento, descripciontipodocumento, activotipodocumento, idtipodocumento]
oct 14, 2021 8:19:52 PM org.hibernate.tool.hbm2ddl.TableMetadata <init>
INFO: HHH000261: Table found: microcosmos.usuarios
oct 14, 2021 8:19:52 PM org.hibernate.tool.hbm2ddl.TableMetadata <init>
INFO: HHH000037: Columns: [nombreusuario, idempleados, numerodeintentos, activousuario, admin, contrasena, idusuario]
oct 14, 2021 8:19:52 PM org.hibernate.tool.hbm2ddl.TableMetadata <init>
INFO: HHH000261: Table found: microcosmos.venta
oct 14, 2021 8:19:52 PM org.hibernate.tool.hbm2ddl.TableMetadata <init>
INFO: HHH000037: Columns: [numtarjeta, idtipodepago, formato, montoefectivo, idcliente, idestado, idventa, total, idempleados, impuesto, subtotal, montotarjeta, fechaventa, idparametros]
oct 14, 2021 8:19:52 PM org.hibernate.jpa.internal.EntityManagerFactoryRegistry addEntityManagerFactory
WARN: HHH000436: Entity manager factory name (DB) is already registered.  If entity manager will be clustered or passivated, specify a unique value for property 'hibernate.ejb.entitymanager_factory_name'
oct 14, 2021 8:19:52 PM org.hibernate.ejb.HibernatePersistence logDeprecation
WARN: HHH015016: Encountered a deprecated javax.persistence.spi.PersistenceProvider [org.hibernate.ejb.HibernatePersistence]; use [org.hibernate.jpa.HibernatePersistenceProvider] instead.
oct 14, 2021 8:19:52 PM org.hibernate.ejb.HibernatePersistence logDeprecation
WARN: HHH015016: Encountered a deprecated javax.persistence.spi.PersistenceProvider [org.hibernate.ejb.HibernatePersistence]; use [org.hibernate.jpa.HibernatePersistenceProvider] instead.
oct 14, 2021 8:19:52 PM org.hibernate.ejb.HibernatePersistence logDeprecation
WARN: HHH015016: Encountered a deprecated javax.persistence.spi.PersistenceProvider [org.hibernate.ejb.HibernatePersistence]; use [org.hibernate.jpa.HibernatePersistenceProvider] instead.
oct 14, 2021 8:19:52 PM org.hibernate.jpa.internal.util.LogHelper logPersistenceUnitInformation
INFO: HHH000204: Processing PersistenceUnitInfo [
	name: DB
	...]
oct 14, 2021 8:19:52 PM org.hibernate.engine.jdbc.connections.internal.DriverManagerConnectionProviderImpl configure
WARN: HHH000402: Using Hibernate built-in connection pool (not for production use!)
oct 14, 2021 8:19:52 PM org.hibernate.engine.jdbc.connections.internal.DriverManagerConnectionProviderImpl buildCreator
INFO: HHH000401: using driver [com.mysql.jdbc.Driver] at URL [jdbc:mysql://localhost:3306/Microcosmos?zeroDateTimeBehavior=convertToNull]
oct 14, 2021 8:19:52 PM org.hibernate.engine.jdbc.connections.internal.DriverManagerConnectionProviderImpl buildCreator
INFO: HHH000046: Connection properties: {user=root, password=****}
oct 14, 2021 8:19:52 PM org.hibernate.engine.jdbc.connections.internal.DriverManagerConnectionProviderImpl buildCreator
INFO: HHH000006: Autocommit mode: false
oct 14, 2021 8:19:52 PM org.hibernate.engine.jdbc.connections.internal.DriverManagerConnectionProviderImpl configure
INFO: HHH000115: Hibernate connection pool size: 20 (min=1)
oct 14, 2021 8:19:52 PM org.hibernate.dialect.Dialect <init>
INFO: HHH000400: Using dialect: org.hibernate.dialect.MySQLDialect
oct 14, 2021 8:19:52 PM org.hibernate.hql.internal.ast.ASTQueryTranslatorFactory <init>
INFO: HHH000397: Using ASTQueryTranslatorFactory
oct 14, 2021 8:19:52 PM org.hibernate.tool.hbm2ddl.SchemaValidator validate
INFO: HHH000229: Running schema validator
oct 14, 2021 8:19:52 PM org.hibernate.tool.hbm2ddl.SchemaValidator validate
INFO: HHH000102: Fetching database metadata
oct 14, 2021 8:19:52 PM org.hibernate.tool.hbm2ddl.TableMetadata <init>
INFO: HHH000261: Table found: microcosmos.arealaboral
oct 14, 2021 8:19:52 PM org.hibernate.tool.hbm2ddl.TableMetadata <init>
INFO: HHH000037: Columns: [idarealaboral, descripcionarealaboral, nombrearealaboral, activoarealaboral]
oct 14, 2021 8:19:52 PM org.hibernate.tool.hbm2ddl.TableMetadata <init>
INFO: HHH000261: Table found: microcosmos.arealaboralhistorica
oct 14, 2021 8:19:52 PM org.hibernate.tool.hbm2ddl.TableMetadata <init>
INFO: HHH000037: Columns: [idempleados, fechaconclusion, fechacomienzo, idarealaboralhistorica]
oct 14, 2021 8:19:52 PM org.hibernate.tool.hbm2ddl.TableMetadata <init>
INFO: HHH000261: Table found: microcosmos.articulo
oct 14, 2021 8:19:52 PM org.hibernate.tool.hbm2ddl.TableMetadata <init>
INFO: HHH000037: Columns: [idsecciontienda, stockmaximo, activoarticulo, nombrearticulo, stockminimo, precioarticulo, idtalla, stock, descripcionarticulo, idarticulo]
oct 14, 2021 8:19:52 PM org.hibernate.tool.hbm2ddl.TableMetadata <init>
INFO: HHH000261: Table found: microcosmos.clientes
oct 14, 2021 8:19:52 PM org.hibernate.tool.hbm2ddl.TableMetadata <init>
INFO: HHH000037: Columns: [telefonocliente, direccioncliente, idtipodocumento, idsexo, documento, activocliente, idcliente, nombrecliente, apellidocliente, correocliente]
oct 14, 2021 8:19:52 PM org.hibernate.tool.hbm2ddl.TableMetadata <init>
INFO: HHH000261: Table found: microcosmos.compra
oct 14, 2021 8:19:52 PM org.hibernate.tool.hbm2ddl.TableMetadata <init>
INFO: HHH000037: Columns: [idcompra, fechapedido, idproveedor, idempleados, fecharecibido, totalcompra, idestado]
oct 14, 2021 8:19:52 PM org.hibernate.tool.hbm2ddl.TableMetadata <init>
INFO: HHH000261: Table found: microcosmos.detallecompra
oct 14, 2021 8:19:52 PM org.hibernate.tool.hbm2ddl.TableMetadata <init>
INFO: HHH000037: Columns: [idcompra, iddetallecompra, preciocompra, cantidad, idarticulo]
oct 14, 2021 8:19:52 PM org.hibernate.tool.hbm2ddl.TableMetadata <init>
INFO: HHH000261: Table found: microcosmos.detalleventa
oct 14, 2021 8:19:52 PM org.hibernate.tool.hbm2ddl.TableMetadata <init>
INFO: HHH000037: Columns: [idventa, iddetalleventa, cantidad, idarticulo]
oct 14, 2021 8:19:52 PM org.hibernate.tool.hbm2ddl.TableMetadata <init>
INFO: HHH000261: Table found: microcosmos.empleados
oct 14, 2021 8:19:52 PM org.hibernate.tool.hbm2ddl.TableMetadata <init>
INFO: HHH000037: Columns: [idempleados, idarealaboral, idtipodocumento, idsexo, telefonoempleado, documento, nombreempleado, correoempleado, apellidoempleado, fechadenacimiento, activoempleado]
oct 14, 2021 8:19:52 PM org.hibernate.tool.hbm2ddl.TableMetadata <init>
INFO: HHH000261: Table found: microcosmos.entidades
oct 14, 2021 8:19:52 PM org.hibernate.tool.hbm2ddl.TableMetadata <init>
INFO: HHH000037: Columns: [identidad, activoentidad, nombreentidad]
oct 14, 2021 8:19:52 PM org.hibernate.tool.hbm2ddl.TableMetadata <init>
INFO: HHH000261: Table found: microcosmos.estado
oct 14, 2021 8:19:52 PM org.hibernate.tool.hbm2ddl.TableMetadata <init>
INFO: HHH000037: Columns: [nombreestado, activoestado, identidad, descripcionestado, idestado]
oct 14, 2021 8:19:52 PM org.hibernate.tool.hbm2ddl.TableMetadata <init>
INFO: HHH000261: Table found: microcosmos.facturasdevueltas
oct 14, 2021 8:19:52 PM org.hibernate.tool.hbm2ddl.TableMetadata <init>
INFO: HHH000037: Columns: [idventa, descripcion, fechadevolucion, idempleados, idfacturadevuelta]
oct 14, 2021 8:19:52 PM org.hibernate.tool.hbm2ddl.TableMetadata <init>
INFO: HHH000261: Table found: microcosmos.parametros
oct 14, 2021 8:19:52 PM org.hibernate.tool.hbm2ddl.TableMetadata <init>
INFO: HHH000037: Columns: [facturainicial, fechaemision, facturafinal, activoparametros, fechacaducidad, cai, idparametros]
oct 14, 2021 8:19:52 PM org.hibernate.tool.hbm2ddl.TableMetadata <init>
INFO: HHH000261: Table found: microcosmos.pedidosdevueltos
oct 14, 2021 8:19:52 PM org.hibernate.tool.hbm2ddl.TableMetadata <init>
INFO: HHH000037: Columns: [idcompra, descripcion, idempleados, idpedidosdevueltos, fechaanulacion]
oct 14, 2021 8:19:52 PM org.hibernate.tool.hbm2ddl.TableMetadata <init>
INFO: HHH000261: Table found: microcosmos.preciohistorico
oct 14, 2021 8:19:52 PM org.hibernate.tool.hbm2ddl.TableMetadata <init>
INFO: HHH000037: Columns: [precio, idpreciohistorico, fechainicial, fechafinal, idarticulo, activopreciohistorico]
oct 14, 2021 8:19:52 PM org.hibernate.tool.hbm2ddl.TableMetadata <init>
INFO: HHH000261: Table found: microcosmos.proveedores
oct 14, 2021 8:19:52 PM org.hibernate.tool.hbm2ddl.TableMetadata <init>
INFO: HHH000037: Columns: [idproveedor, activoproveedor, idtipodocumento, nombreproveedor, correoproveedor, telefonoproveedor, documento, ubicacionproveedor]
oct 14, 2021 8:19:52 PM org.hibernate.tool.hbm2ddl.TableMetadata <init>
INFO: HHH000261: Table found: microcosmos.secciontienda
oct 14, 2021 8:19:52 PM org.hibernate.tool.hbm2ddl.TableMetadata <init>
INFO: HHH000037: Columns: [idsecciontienda, descripcionsecciontienda, nombresecciontienda, activosecciontienda]
oct 14, 2021 8:19:52 PM org.hibernate.tool.hbm2ddl.TableMetadata <init>
INFO: HHH000261: Table found: microcosmos.sexo
oct 14, 2021 8:19:52 PM org.hibernate.tool.hbm2ddl.TableMetadata <init>
INFO: HHH000037: Columns: [idsexo, nombresexo, descripcionsexo]
oct 14, 2021 8:19:52 PM org.hibernate.tool.hbm2ddl.TableMetadata <init>
INFO: HHH000261: Table found: microcosmos.talla
oct 14, 2021 8:19:52 PM org.hibernate.tool.hbm2ddl.TableMetadata <init>
INFO: HHH000037: Columns: [activotalla, nombretalla, descripciontalla, idtalla]
oct 14, 2021 8:19:52 PM org.hibernate.tool.hbm2ddl.TableMetadata <init>
INFO: HHH000261: Table found: microcosmos.tipodepago
oct 14, 2021 8:19:52 PM org.hibernate.tool.hbm2ddl.TableMetadata <init>
INFO: HHH000037: Columns: [descripciontipodepago, nombretipodepago, idtipodepago, activotipodepago]
oct 14, 2021 8:19:52 PM org.hibernate.tool.hbm2ddl.TableMetadata <init>
INFO: HHH000261: Table found: microcosmos.tipodocumento
oct 14, 2021 8:19:52 PM org.hibernate.tool.hbm2ddl.TableMetadata <init>
INFO: HHH000037: Columns: [nombretipodocumento, descripciontipodocumento, activotipodocumento, idtipodocumento]
oct 14, 2021 8:19:52 PM org.hibernate.tool.hbm2ddl.TableMetadata <init>
INFO: HHH000261: Table found: microcosmos.usuarios
oct 14, 2021 8:19:52 PM org.hibernate.tool.hbm2ddl.TableMetadata <init>
INFO: HHH000037: Columns: [nombreusuario, idempleados, numerodeintentos, activousuario, admin, contrasena, idusuario]
oct 14, 2021 8:19:52 PM org.hibernate.tool.hbm2ddl.TableMetadata <init>
INFO: HHH000261: Table found: microcosmos.venta
oct 14, 2021 8:19:52 PM org.hibernate.tool.hbm2ddl.TableMetadata <init>
INFO: HHH000037: Columns: [numtarjeta, idtipodepago, formato, montoefectivo, idcliente, idestado, idventa, total, idempleados, impuesto, subtotal, montotarjeta, fechaventa, idparametros]
oct 14, 2021 8:19:52 PM org.hibernate.jpa.internal.EntityManagerFactoryRegistry addEntityManagerFactory
WARN: HHH000436: Entity manager factory name (DB) is already registered.  If entity manager will be clustered or passivated, specify a unique value for property 'hibernate.ejb.entitymanager_factory_name'
oct 14, 2021 8:19:52 PM org.hibernate.ejb.HibernatePersistence logDeprecation
WARN: HHH015016: Encountered a deprecated javax.persistence.spi.PersistenceProvider [org.hibernate.ejb.HibernatePersistence]; use [org.hibernate.jpa.HibernatePersistenceProvider] instead.
oct 14, 2021 8:19:52 PM org.hibernate.ejb.HibernatePersistence logDeprecation
WARN: HHH015016: Encountered a deprecated javax.persistence.spi.PersistenceProvider [org.hibernate.ejb.HibernatePersistence]; use [org.hibernate.jpa.HibernatePersistenceProvider] instead.
oct 14, 2021 8:19:52 PM org.hibernate.ejb.HibernatePersistence logDeprecation
WARN: HHH015016: Encountered a deprecated javax.persistence.spi.PersistenceProvider [org.hibernate.ejb.HibernatePersistence]; use [org.hibernate.jpa.HibernatePersistenceProvider] instead.
oct 14, 2021 8:19:52 PM org.hibernate.jpa.internal.util.LogHelper logPersistenceUnitInformation
INFO: HHH000204: Processing PersistenceUnitInfo [
	name: DB
	...]
oct 14, 2021 8:19:52 PM org.hibernate.engine.jdbc.connections.internal.DriverManagerConnectionProviderImpl configure
WARN: HHH000402: Using Hibernate built-in connection pool (not for production use!)
oct 14, 2021 8:19:52 PM org.hibernate.engine.jdbc.connections.internal.DriverManagerConnectionProviderImpl buildCreator
INFO: HHH000401: using driver [com.mysql.jdbc.Driver] at URL [jdbc:mysql://localhost:3306/Microcosmos?zeroDateTimeBehavior=convertToNull]
oct 14, 2021 8:19:52 PM org.hibernate.engine.jdbc.connections.internal.DriverManagerConnectionProviderImpl buildCreator
INFO: HHH000046: Connection properties: {user=root, password=****}
oct 14, 2021 8:19:52 PM org.hibernate.engine.jdbc.connections.internal.DriverManagerConnectionProviderImpl buildCreator
INFO: HHH000006: Autocommit mode: false
oct 14, 2021 8:19:52 PM org.hibernate.engine.jdbc.connections.internal.DriverManagerConnectionProviderImpl configure
INFO: HHH000115: Hibernate connection pool size: 20 (min=1)
oct 14, 2021 8:19:52 PM org.hibernate.dialect.Dialect <init>
INFO: HHH000400: Using dialect: org.hibernate.dialect.MySQLDialect
oct 14, 2021 8:19:52 PM org.hibernate.hql.internal.ast.ASTQueryTranslatorFactory <init>
INFO: HHH000397: Using ASTQueryTranslatorFactory
oct 14, 2021 8:19:52 PM org.hibernate.tool.hbm2ddl.SchemaValidator validate
INFO: HHH000229: Running schema validator
oct 14, 2021 8:19:52 PM org.hibernate.tool.hbm2ddl.SchemaValidator validate
INFO: HHH000102: Fetching database metadata
oct 14, 2021 8:19:52 PM org.hibernate.tool.hbm2ddl.TableMetadata <init>
INFO: HHH000261: Table found: microcosmos.arealaboral
oct 14, 2021 8:19:52 PM org.hibernate.tool.hbm2ddl.TableMetadata <init>
INFO: HHH000037: Columns: [idarealaboral, descripcionarealaboral, nombrearealaboral, activoarealaboral]
oct 14, 2021 8:19:52 PM org.hibernate.tool.hbm2ddl.TableMetadata <init>
INFO: HHH000261: Table found: microcosmos.arealaboralhistorica
oct 14, 2021 8:19:52 PM org.hibernate.tool.hbm2ddl.TableMetadata <init>
INFO: HHH000037: Columns: [idempleados, fechaconclusion, fechacomienzo, idarealaboralhistorica]
oct 14, 2021 8:19:52 PM org.hibernate.tool.hbm2ddl.TableMetadata <init>
INFO: HHH000261: Table found: microcosmos.articulo
oct 14, 2021 8:19:52 PM org.hibernate.tool.hbm2ddl.TableMetadata <init>
INFO: HHH000037: Columns: [idsecciontienda, stockmaximo, activoarticulo, nombrearticulo, stockminimo, precioarticulo, idtalla, stock, descripcionarticulo, idarticulo]
oct 14, 2021 8:19:52 PM org.hibernate.tool.hbm2ddl.TableMetadata <init>
INFO: HHH000261: Table found: microcosmos.clientes
oct 14, 2021 8:19:52 PM org.hibernate.tool.hbm2ddl.TableMetadata <init>
INFO: HHH000037: Columns: [telefonocliente, direccioncliente, idtipodocumento, idsexo, documento, activocliente, idcliente, nombrecliente, apellidocliente, correocliente]
oct 14, 2021 8:19:52 PM org.hibernate.tool.hbm2ddl.TableMetadata <init>
INFO: HHH000261: Table found: microcosmos.compra
oct 14, 2021 8:19:52 PM org.hibernate.tool.hbm2ddl.TableMetadata <init>
INFO: HHH000037: Columns: [idcompra, fechapedido, idproveedor, idempleados, fecharecibido, totalcompra, idestado]
oct 14, 2021 8:19:52 PM org.hibernate.tool.hbm2ddl.TableMetadata <init>
INFO: HHH000261: Table found: microcosmos.detallecompra
oct 14, 2021 8:19:52 PM org.hibernate.tool.hbm2ddl.TableMetadata <init>
INFO: HHH000037: Columns: [idcompra, iddetallecompra, preciocompra, cantidad, idarticulo]
oct 14, 2021 8:19:52 PM org.hibernate.tool.hbm2ddl.TableMetadata <init>
INFO: HHH000261: Table found: microcosmos.detalleventa
oct 14, 2021 8:19:52 PM org.hibernate.tool.hbm2ddl.TableMetadata <init>
INFO: HHH000037: Columns: [idventa, iddetalleventa, cantidad, idarticulo]
oct 14, 2021 8:19:52 PM org.hibernate.tool.hbm2ddl.TableMetadata <init>
INFO: HHH000261: Table found: microcosmos.empleados
oct 14, 2021 8:19:52 PM org.hibernate.tool.hbm2ddl.TableMetadata <init>
INFO: HHH000037: Columns: [idempleados, idarealaboral, idtipodocumento, idsexo, telefonoempleado, documento, nombreempleado, correoempleado, apellidoempleado, fechadenacimiento, activoempleado]
oct 14, 2021 8:19:52 PM org.hibernate.tool.hbm2ddl.TableMetadata <init>
INFO: HHH000261: Table found: microcosmos.entidades
oct 14, 2021 8:19:52 PM org.hibernate.tool.hbm2ddl.TableMetadata <init>
INFO: HHH000037: Columns: [identidad, activoentidad, nombreentidad]
oct 14, 2021 8:19:52 PM org.hibernate.tool.hbm2ddl.TableMetadata <init>
INFO: HHH000261: Table found: microcosmos.estado
oct 14, 2021 8:19:52 PM org.hibernate.tool.hbm2ddl.TableMetadata <init>
INFO: HHH000037: Columns: [nombreestado, activoestado, identidad, descripcionestado, idestado]
oct 14, 2021 8:19:52 PM org.hibernate.tool.hbm2ddl.TableMetadata <init>
INFO: HHH000261: Table found: microcosmos.facturasdevueltas
oct 14, 2021 8:19:52 PM org.hibernate.tool.hbm2ddl.TableMetadata <init>
INFO: HHH000037: Columns: [idventa, descripcion, fechadevolucion, idempleados, idfacturadevuelta]
oct 14, 2021 8:19:52 PM org.hibernate.tool.hbm2ddl.TableMetadata <init>
INFO: HHH000261: Table found: microcosmos.parametros
oct 14, 2021 8:19:52 PM org.hibernate.tool.hbm2ddl.TableMetadata <init>
INFO: HHH000037: Columns: [facturainicial, fechaemision, facturafinal, activoparametros, fechacaducidad, cai, idparametros]
oct 14, 2021 8:19:52 PM org.hibernate.tool.hbm2ddl.TableMetadata <init>
INFO: HHH000261: Table found: microcosmos.pedidosdevueltos
oct 14, 2021 8:19:52 PM org.hibernate.tool.hbm2ddl.TableMetadata <init>
INFO: HHH000037: Columns: [idcompra, descripcion, idempleados, idpedidosdevueltos, fechaanulacion]
oct 14, 2021 8:19:52 PM org.hibernate.tool.hbm2ddl.TableMetadata <init>
INFO: HHH000261: Table found: microcosmos.preciohistorico
oct 14, 2021 8:19:52 PM org.hibernate.tool.hbm2ddl.TableMetadata <init>
INFO: HHH000037: Columns: [precio, idpreciohistorico, fechainicial, fechafinal, idarticulo, activopreciohistorico]
oct 14, 2021 8:19:52 PM org.hibernate.tool.hbm2ddl.TableMetadata <init>
INFO: HHH000261: Table found: microcosmos.proveedores
oct 14, 2021 8:19:52 PM org.hibernate.tool.hbm2ddl.TableMetadata <init>
INFO: HHH000037: Columns: [idproveedor, activoproveedor, idtipodocumento, nombreproveedor, correoproveedor, telefonoproveedor, documento, ubicacionproveedor]
oct 14, 2021 8:19:52 PM org.hibernate.tool.hbm2ddl.TableMetadata <init>
INFO: HHH000261: Table found: microcosmos.secciontienda
oct 14, 2021 8:19:52 PM org.hibernate.tool.hbm2ddl.TableMetadata <init>
INFO: HHH000037: Columns: [idsecciontienda, descripcionsecciontienda, nombresecciontienda, activosecciontienda]
oct 14, 2021 8:19:52 PM org.hibernate.tool.hbm2ddl.TableMetadata <init>
INFO: HHH000261: Table found: microcosmos.sexo
oct 14, 2021 8:19:52 PM org.hibernate.tool.hbm2ddl.TableMetadata <init>
INFO: HHH000037: Columns: [idsexo, nombresexo, descripcionsexo]
oct 14, 2021 8:19:52 PM org.hibernate.tool.hbm2ddl.TableMetadata <init>
INFO: HHH000261: Table found: microcosmos.talla
oct 14, 2021 8:19:52 PM org.hibernate.tool.hbm2ddl.TableMetadata <init>
INFO: HHH000037: Columns: [activotalla, nombretalla, descripciontalla, idtalla]
oct 14, 2021 8:19:52 PM org.hibernate.tool.hbm2ddl.TableMetadata <init>
INFO: HHH000261: Table found: microcosmos.tipodepago
oct 14, 2021 8:19:52 PM org.hibernate.tool.hbm2ddl.TableMetadata <init>
INFO: HHH000037: Columns: [descripciontipodepago, nombretipodepago, idtipodepago, activotipodepago]
oct 14, 2021 8:19:52 PM org.hibernate.tool.hbm2ddl.TableMetadata <init>
INFO: HHH000261: Table found: microcosmos.tipodocumento
oct 14, 2021 8:19:52 PM org.hibernate.tool.hbm2ddl.TableMetadata <init>
INFO: HHH000037: Columns: [nombretipodocumento, descripciontipodocumento, activotipodocumento, idtipodocumento]
oct 14, 2021 8:19:52 PM org.hibernate.tool.hbm2ddl.TableMetadata <init>
INFO: HHH000261: Table found: microcosmos.usuarios
oct 14, 2021 8:19:52 PM org.hibernate.tool.hbm2ddl.TableMetadata <init>
INFO: HHH000037: Columns: [nombreusuario, idempleados, numerodeintentos, activousuario, admin, contrasena, idusuario]
oct 14, 2021 8:19:52 PM org.hibernate.tool.hbm2ddl.TableMetadata <init>
INFO: HHH000261: Table found: microcosmos.venta
oct 14, 2021 8:19:52 PM org.hibernate.tool.hbm2ddl.TableMetadata <init>
INFO: HHH000037: Columns: [numtarjeta, idtipodepago, formato, montoefectivo, idcliente, idestado, idventa, total, idempleados, impuesto, subtotal, montotarjeta, fechaventa, idparametros]
oct 14, 2021 8:19:52 PM org.hibernate.jpa.internal.EntityManagerFactoryRegistry addEntityManagerFactory
WARN: HHH000436: Entity manager factory name (DB) is already registered.  If entity manager will be clustered or passivated, specify a unique value for property 'hibernate.ejb.entitymanager_factory_name'
]]></system-err>
  </testcase>
</testsuite>